============================================================
Thread 0
  BBLID       Time(ns)    Instruction  Memory Access          Hash(hi)          Hash(lo)
      0           1618              3              0  0000000000000000  0000000000000000
      1     4.4787e+08      126923793        8515947  0000000000000001  0000000000000001
      2        5329.99           1180            210  48684ec8bfd97ded  6030b799debff625
      3    1.98242e+07       16784887        4069502  e2b6fe18141c73c2  4a173c8b8e1eab3b
============================================================
Thread 1
  BBLID       Time(ns)    Instruction  Memory Access          Hash(hi)          Hash(lo)
      0        16664.3          11218              0  0000000000000000  0000000000000000
      3    1.98267e+07       16783475              0  e2b6fe18141c73c2  4a173c8b8e1eab3b
============================================================
Thread 2
  BBLID       Time(ns)    Instruction  Memory Access          Hash(hi)          Hash(lo)
      0           3336           5193              0  0000000000000000  0000000000000000
      3    1.98464e+07       16783467              0  e2b6fe18141c73c2  4a173c8b8e1eab3b
============================================================
Thread 3
  BBLID       Time(ns)    Instruction  Memory Access          Hash(hi)          Hash(lo)
      0           3527           5182              0  0000000000000000  0000000000000000
      3    1.98863e+07       16783466              0  e2b6fe18141c73c2  4a173c8b8e1eab3b
============================================================
Thread 4
  BBLID       Time(ns)    Instruction  Memory Access          Hash(hi)          Hash(lo)
      0           4310           5864              0  0000000000000000  0000000000000000
      3    1.97129e+07       16783464              0  e2b6fe18141c73c2  4a173c8b8e1eab3b
============================================================
Thread 5
  BBLID       Time(ns)    Instruction  Memory Access          Hash(hi)          Hash(lo)
      0        3979.33           5190              0  0000000000000000  0000000000000000
      3    1.98608e+07       16783468              0  e2b6fe18141c73c2  4a173c8b8e1eab3b
============================================================
Thread 6
  BBLID       Time(ns)    Instruction  Memory Access          Hash(hi)          Hash(lo)
      0        3598.33           5212              0  0000000000000000  0000000000000000
      3    1.98507e+07       16783467              0  e2b6fe18141c73c2  4a173c8b8e1eab3b
============================================================
Thread 7
  BBLID       Time(ns)    Instruction  Memory Access          Hash(hi)          Hash(lo)
      0           3358           5196              0  0000000000000000  0000000000000000
      3    1.95809e+07       16783460              0  e2b6fe18141c73c2  4a173c8b8e1eab3b
