============================================================
ReuseSegment - Thread 0
head = 1, count = 1 | 1 2 
head = 2, count = 68 | 1 2 
head = 1, count = 170 | 3 1 
head = 3, count = 51 | 3 1 
============================================================
ReuseSegment - Thread 1
head = 0, count = 32 | 0 3 
head = 3, count = 1 | 0 3 
============================================================
ReuseSegment - Thread 2
head = 0, count = 16 | 0 3 
head = 3, count = 1 | 0 3 
============================================================
ReuseSegment - Thread 3
head = 0, count = 16 | 0 3 
head = 3, count = 1 | 0 3 
============================================================
ReuseSegment - Thread 4
head = 0, count = 17 | 0 3 
head = 3, count = 1 | 0 3 
============================================================
ReuseSegment - Thread 5
head = 0, count = 16 | 0 3 
head = 3, count = 1 | 0 3 
============================================================
ReuseSegment - Thread 6
head = 0, count = 14 | 0 3 
head = 3, count = 1 | 0 3 
============================================================
ReuseSegment - Thread 7
head = 0, count = 14 | 0 3 
head = 3, count = 1 | 0 3 
============================================================
BBLSwitchCount - Thread 0
from = 0 | 1:1 
from = 1 | 0:1 2:1 3:1 
from = 2 | 1:1 
from = 3 | 1:1 
============================================================
BBLSwitchCount - Thread 1
from = 0 | 3:1 
from = 3 | 0:1 
============================================================
BBLSwitchCount - Thread 2
from = 0 | 3:1 
from = 3 | 0:1 
============================================================
BBLSwitchCount - Thread 3
from = 0 | 3:1 
from = 3 | 0:1 
============================================================
BBLSwitchCount - Thread 4
from = 0 | 3:1 
from = 3 | 0:1 
============================================================
BBLSwitchCount - Thread 5
from = 0 | 3:1 
from = 3 | 0:1 
============================================================
BBLSwitchCount - Thread 6
from = 0 | 3:1 
from = 3 | 0:1 
============================================================
BBLSwitchCount - Thread 7
from = 0 | 3:1 
from = 3 | 0:1 
