============================================================
ReuseSegment - Thread 0
head = 0, count = 89 | 0 122 
head = 122, count = 1 | 0 122 
head = 122, count = 1 | 122 145 
head = 145, count = 1 | 1 145 
head = 122, count = 28 | 122 1 
head = 0, count = 32 | 0 1 
head = 1, count = 2 | 1 157 
head = 157, count = 1 | 1 157 
head = 1, count = 1 | 1 58 
head = 1, count = 1 | 1 62 
head = 62, count = 1 | 62 72 
head = 1, count = 5 | 1 72 
head = 157, count = 1 | 157 72 
head = 58, count = 1 | 58 72 
head = 0, count = 1 | 0 72 
head = 72, count = 2 | 72 45 
head = 1, count = 14 | 1 45 
head = 122, count = 3 | 122 45 
head = 72, count = 1 | 72 55 
head = 45, count = 1 | 45 55 
head = 45, count = 1 | 1 45 55 
head = 72, count = 1 | 1 72 
head = 122, count = 1 | 122 328 
head = 45, count = 1 | 45 317 
head = 45, count = 2 | 1 45 
head = 45, count = 4 | 45 319 
head = 72, count = 1 | 72 319 
head = 328, count = 1 | 328 319 
head = 319, count = 2 | 319 302 
head = 319, count = 1 | 319 338 
head = 302, count = 1 | 302 338 
head = 1, count = 1 | 1 338 
head = 122, count = 1 | 122 338 
head = 0, count = 1 | 0 338 
head = 72, count = 1 | 72 338 
head = 45, count = 1 | 45 338 
head = 317, count = 1 | 317 319 338 
head = 302, count = 1 | 1 302 
head = 319, count = 4 | 1 319 
head = 338, count = 1 | 1 338 
head = 338, count = 2 | 301 338 
head = 45, count = 1 | 301 45 
head = 45, count = 8 | 45 18 
head = 0, count = 2 | 0 18 
head = 18, count = 6 | 18 39 
head = 1, count = 21 | 1 20 
head = 39, count = 4 | 39 20 
head = 18, count = 21 | 18 20 
head = 122, count = 1 | 122 20 
head = 45, count = 3 | 45 20 
head = 0, count = 1 | 0 20 
head = 20, count = 54 | 1 20 
head = 18, count = 1 | 1 18 
head = 301, count = 1 | 1 301 20 
head = 20, count = 10 | 1 20 19 
head = 1, count = 14 | 1 6 
head = 19, count = 6 | 19 28 
head = 6, count = 14 | 6 28 
head = 6, count = 5 | 1 6 
head = 1, count = 5 | 1 133 
head = 1, count = 4 | 1 124 
head = 124, count = 5 | 124 135 
head = 20, count = 25 | 20 135 
head = 18, count = 1 | 18 135 
head = 0, count = 1 | 0 135 
head = 1, count = 16 | 1 135 
head = 28, count = 3 | 28 135 
head = 129, count = 2 | 130 129 
head = 130, count = 5 | 130 126 
head = 28, count = 4 | 130 126 28 129 
head = 338, count = 1 | 338 134 28 133 
head = 1, count = 1 | 1 307 
head = 135, count = 20 | 135 307 
head = 135, count = 1 | 1 135 307 
head = 20, count = 1 | 20 307 
head = 0, count = 2 | 0 307 
head = 20, count = 1 | 20 6 307 
head = 6, count = 1 | 6 307 
head = 0, count = 1 | 0 1 72 319 135 307 
head = 45, count = 1 | 45 308 
head = 301, count = 1 | 301 20 315 308 
head = 338, count = 1 | 1 301 338 308 
head = 307, count = 4 | 1 307 
head = 308, count = 1 | 308 297 
head = 1, count = 1 | 1 297 
head = 72, count = 1 | 72 297 
head = 20, count = 6 | 1 20 6 28 
head = 133, count = 3 | 1 134 18 133 
head = 18, count = 8 | 18 37 
head = 307, count = 1 | 307 348 
head = 126, count = 3 | 126 27 348 
head = 1, count = 10 | 1 348 
head = 348, count = 10 | 37 348 
head = 307, count = 16 | 307 37 
head = 135, count = 5 | 135 37 
head = 20, count = 1 | 20 37 
head = 18, count = 1 | 18 39 37 
head = 348, count = 6 | 37 348 347 
head = 122, count = 1 | 122 37 
head = 37, count = 19 | 1 37 
head = 1, count = 6 | 1 32 
head = 32, count = 4 | 32 26 
head = 26, count = 6 | 26 35 
head = 1, count = 4 | 1 26 35 
head = 1, count = 4 | 1 24 
head = 308, count = 1 | 18 308 37 348 346 16 24 
head = 24, count = 6 | 24 36 
head = 35, count = 4 | 35 4 24 36 23 
head = 24, count = 4 | 39 24 
head = 23, count = 3 | 20 23 10 
head = 307, count = 5 | 20 307 
head = 37, count = 6 | 20 37 
head = 35, count = 3 | 20 35 
head = 135, count = 5 | 1 135 
head = 126, count = 2 | 1 126 
head = 135, count = 1 | 135 129 
head = 126, count = 2 | 126 125 
head = 125, count = 11 | 125 128 
head = 128, count = 15 | 128 123 
head = 6, count = 1 | 6 125 128 123 
head = 135, count = 4 | 1 135 132 
head = 135, count = 4 | 135 132 
head = 123, count = 4 | 123 132 
head = 1, count = 3 | 1 132 
head = 1, count = 3 | 1 135 132 
head = 134, count = 2 | 134 28 133 
head = 1, count = 1 | 1 299 
head = 20, count = 1 | 20 6 299 
head = 297, count = 1 | 20 297 299 
head = 132, count = 2 | 132 299 
head = 297, count = 1 | 39 20 297 316 303 
head = 308, count = 1 | 1 308 297 303 
head = 299, count = 4 | 1 299 
head = 132, count = 5 | 1 132 
head = 303, count = 1 | 1 303 296 
head = 297, count = 1 | 20 297 306 296 
head = 1, count = 1 | 1 296 
head = 36, count = 1 | 20 36 335 296 
head = 39, count = 10 | 39 25 
head = 132, count = 2 | 348 132 
head = 348, count = 8 | 348 25 
head = 348, count = 6 | 348 347 25 
head = 25, count = 20 | 1 25 
head = 1, count = 6 | 1 38 
head = 38, count = 2 | 38 7 
head = 7, count = 6 | 7 12 
head = 1, count = 2 | 1 7 12 
head = 1, count = 2 | 1 33 
head = 296, count = 1 | 39 348 346 296 25 29 33 
head = 33, count = 6 | 33 9 
head = 12, count = 2 | 12 2 33 9 14 
head = 14, count = 6 | 20 14 21 
head = 33, count = 2 | 20 33 
head = 132, count = 2 | 20 132 
head = 135, count = 7 | 20 135 
head = 12, count = 2 | 20 12 
head = 299, count = 1 | 20 299 
head = 130, count = 1 | 1 130 
head = 123, count = 8 | 125 128 123 
head = 123, count = 11 | 125 123 
head = 6, count = 1 | 6 128 123 
head = 1, count = 1 | 1 336 
head = 20, count = 1 | 20 6 336 
head = 296, count = 1 | 20 296 336 
head = 132, count = 2 | 132 336 
head = 1, count = 1 | 1 300 
head = 296, count = 1 | 20 296 333 300 
head = 336, count = 4 | 1 336 
head = 300, count = 1 | 1 300 329 
head = 1, count = 1 | 1 329 
head = 72, count = 1 | 72 329 
head = 300, count = 1 | 18 37 348 346 16 24 300 
head = 336, count = 1 | 20 336 
head = 126, count = 1 | 126 22 
head = 22, count = 4 | 22 17 
head = 17, count = 5 | 17 8 
head = 28, count = 2 | 28 22 17 8 
head = 134, count = 2 | 134 28 8 
head = 1, count = 3 | 1 313 
head = 20, count = 1 | 20 6 313 
head = 329, count = 1 | 20 329 313 
head = 36, count = 1 | 20 36 298 309 
head = 338, count = 1 | 338 309 
head = 329, count = 1 | 20 329 314 309 
head = 313, count = 4 | 1 313 
head = 309, count = 1 | 309 331 
head = 1, count = 1 | 1 331 
head = 329, count = 1 | 39 20 329 330 331 
head = 6, count = 1 | 18 6 
head = 8, count = 1 | 348 8 
head = 309, count = 1 | 18 37 348 346 16 24 309 
head = 313, count = 1 | 20 313 
head = 28, count = 5 | 1 28 
head = 135, count = 2 | 135 125 
head = 8, count = 1 | 125 128 123 8 
head = 126, count = 1 | 126 128 
head = 0, count = 2 | 0 132 
head = 8, count = 2 | 134 28 133 8 
head = 1, count = 2 | 1 318 
head = 20, count = 1 | 20 6 318 
head = 331, count = 1 | 20 331 318 
head = 132, count = 1 | 132 318 
head = 301, count = 1 | 301 332 
head = 331, count = 1 | 20 331 310 332 
head = 309, count = 1 | 1 309 331 332 
head = 318, count = 4 | 1 318 
head = 332, count = 1 | 332 324 
head = 1, count = 1 | 1 324 
head = 126, count = 1 | 1 126 27 
head = 1, count = 7 | 1 295 
head = 318, count = 1 | 318 295 
head = 133, count = 1 | 1 134 133 295 
head = 37, count = 15 | 37 295 
head = 20, count = 17 | 20 295 
head = 0, count = 1 | 0 295 
head = 132, count = 2 | 132 295 
head = 135, count = 2 | 135 295 
head = 295, count = 3 | 295 293 
head = 293, count = 2 | 293 292 
head = 295, count = 2 | 1 295 292 
head = 293, count = 2 | 18 293 
head = 295, count = 1 | 348 295 
head = 1, count = 1 | 1 348 295 
head = 332, count = 1 | 37 24 332 
head = 324, count = 1 | 18 348 346 16 36 324 
head = 37, count = 3 | 37 348 
head = 23, count = 3 | 348 23 10 
head = 35, count = 1 | 348 35 
head = 292, count = 1 | 39 348 346 25 29 33 292 
head = 295, count = 30 | 20 295 
head = 128, count = 1 | 128 22 
head = 134, count = 1 | 134 28 8 324 
head = 1, count = 3 | 1 337 
head = 20, count = 1 | 20 6 337 
head = 324, count = 1 | 20 324 337 
head = 1, count = 1 | 1 50 
head = 9, count = 1 | 1 20 9 322 50 
head = 55, count = 1 | 55 302 50 
head = 337, count = 2 | 337 50 
head = 338, count = 2 | 338 68 
head = 50, count = 5 | 1 50 
head = 36, count = 1 | 1 20 36 320 
head = 8, count = 3 | 1 8 
head = 337, count = 3 | 1 337 
head = 332, count = 1 | 1 332 324 
head = 296, count = 1 | 1 296 
head = 36, count = 1 | 1 20 36 311 326 
head = 36, count = 1 | 1 20 36 
head = 295, count = 3 | 1 295 
head = 301, count = 1 | 1 301 18 39 20 323 305 
head = 303, count = 1 | 1 18 20 303 334 
head = 68, count = 1 | 1 68 
head = 8, count = 1 | 1 8 68 
head = 1, count = 2 | 1 48 
head = 72, count = 1 | 72 55 328 46 48 
head = 48, count = 1 | 1 48 
head = 48, count = 1 | 48 77 
head = 1, count = 4 | 1 77 
head = 331, count = 1 | 18 39 20 331 312 
head = 9, count = 1 | 18 20 9 321 
head = 25, count = 4 | 348 25 
head = 1, count = 1 | 1 25 
head = 1, count = 4 | 1 38 7 
head = 38, count = 4 | 38 12 
head = 12, count = 4 | 12 2 33 
head = 77, count = 1 | 39 348 346 25 33 77 
head = 33, count = 4 | 33 9 14 
head = 12, count = 4 | 12 33 14 
head = 14, count = 4 | 20 14 
head = 25, count = 4 | 20 25 
head = 1, count = 4 | 1 19 
head = 19, count = 4 | 19 6 
head = 28, count = 3 | 28 22 8 
head = 19, count = 3 | 19 28 17 8 
head = 1, count = 1 | 1 28 8 
head = 1, count = 3 | 1 59 
head = 20, count = 1 | 1 20 6 59 
head = 77, count = 1 | 20 77 59 
head = 9, count = 1 | 20 9 49 
head = 48, count = 1 | 18 20 48 60 49 
head = 1, count = 1 | 1 49 
head = 59, count = 1 | 59 49 
head = 49, count = 1 | 1 49 
head = 59, count = 4 | 1 59 
head = 49, count = 1 | 49 56 
head = 77, count = 1 | 20 77 79 56 
head = 1, count = 2 | 1 56 
head = 8, count = 1 | 8 295 
head = 49, count = 1 | 295 49 
head = 1, count = 1 | 1 293 
head = 295, count = 1 | 18 295 
head = 1, count = 2 | 1 37 
head = 1, count = 2 | 1 32 26 
head = 32, count = 2 | 32 35 
head = 35, count = 2 | 35 4 24 
head = 295, count = 1 | 18 37 348 346 24 295 292 
head = 24, count = 2 | 24 36 23 
head = 35, count = 2 | 35 24 23 
head = 23, count = 2 | 39 23 
head = 37, count = 2 | 39 37 
head = 37, count = 2 | 37 25 
head = 292, count = 1 | 39 348 346 25 33 292 
head = 20, count = 3 | 20 6 
head = 8, count = 1 | 22 8 
head = 6, count = 1 | 6 17 
head = 8, count = 1 | 28 8 
head = 1, count = 3 | 1 67 
head = 20, count = 1 | 1 20 6 67 
head = 56, count = 1 | 20 56 67 
head = 77, count = 1 | 20 346 29 9 77 69 63 
head = 56, count = 1 | 20 56 71 63 
head = 67, count = 1 | 67 63 
head = 63, count = 1 | 1 63 
head = 67, count = 4 | 1 67 
head = 63, count = 2 | 63 75 
head = 1, count = 2 | 1 75 
head = 55, count = 1 | 55 328 75 
head = 8, count = 1 | 18 8 
head = 1, count = 1 | 1 18 
head = 75, count = 1 | 18 37 348 346 16 24 75 
head = 36, count = 1 | 39 348 346 36 25 33 
head = 133, count = 1 | 133 124 
head = 1, count = 1 | 1 126 129 
head = 19, count = 1 | 130 126 19 28 
head = 123, count = 1 | 128 123 
head = 8, count = 2 | 128 123 8 
head = 17, count = 1 | 128 123 17 
head = 1, count = 2 | 1 54 
head = 20, count = 1 | 1 20 6 54 
head = 75, count = 1 | 20 75 54 
head = 132, count = 1 | 132 54 
head = 49, count = 1 | 20 346 16 36 49 57 80 
head = 54, count = 1 | 54 80 
head = 80, count = 1 | 1 80 
head = 54, count = 4 | 1 54 
head = 1, count = 2 | 1 70 
head = 75, count = 1 | 20 75 53 70 
head = 75, count = 1 | 20 346 29 9 75 65 70 
head = 70, count = 1 | 1 70 
head = 126, count = 1 | 1 126 18 27 
head = 132, count = 1 | 1 134 18 132 
head = 132, count = 1 | 132 25 
head = 70, count = 1 | 39 348 346 25 29 33 70 
head = 1, count = 1 | 1 20 78 66 
head = 20, count = 1 | 1 20 6 78 
head = 70, count = 1 | 20 70 78 
head = 1, count = 2 | 1 78 
head = 1, count = 1 | 1 58 155 160 
head = 9, count = 1 | 1 20 9 160 
head = 157, count = 1 | 157 45 160 
head = 78, count = 2 | 78 160 
head = 160, count = 3 | 1 160 
head = 1, count = 8 | 1 287 
head = 56, count = 1 | 56 287 
head = 8, count = 2 | 8 287 
head = 20, count = 1 | 20 6 287 
head = 78, count = 2 | 78 287 
head = 70, count = 1 | 70 287 
head = 20, count = 7 | 20 287 
head = 37, count = 1 | 1 18 39 37 25 287 
head = 36, count = 1 | 20 346 36 29 9 64 287 
head = 80, count = 1 | 18 20 80 47 287 
head = 9, count = 1 | 20 9 61 287 
head = 9, count = 1 | 20 9 52 287 
head = 0, count = 2 | 0 287 
head = 287, count = 5 | 287 286 
head = 286, count = 1 | 286 111 
head = 287, count = 4 | 287 111 
head = 287, count = 1 | 287 211 
head = 211, count = 1 | 211 208 
head = 111, count = 1 | 111 208 
head = 208, count = 1 | 111 208 
head = 1, count = 1 | 1 111 
head = 111, count = 1 | 111 206 
head = 208, count = 1 | 111 208 206 
head = 206, count = 1 | 206 214 
head = 111, count = 1 | 111 214 
head = 206, count = 1 | 206 204 
head = 214, count = 1 | 214 204 
head = 8, count = 1 | 8 203 207 
head = 68, count = 1 | 68 56 207 
head = 214, count = 1 | 214 204 209 
head = 204, count = 1 | 204 207 215 
head = 111, count = 2 | 286 111 
head = 215, count = 1 | 286 111 215 
head = 209, count = 1 | 286 209 215 
head = 286, count = 3 | 114 286 
head = 287, count = 20 | 114 287 
head = 1, count = 1 | 1 114 
head = 0, count = 1 | 0 114 
head = 207, count = 1 | 114 207 
head = 114, count = 3 | 114 286 
head = 286, count = 2 | 286 291 
head = 122, count = 1 | 122 171 
head = 291, count = 1 | 1 291 
head = 286, count = 2 | 286 271 
head = 291, count = 1 | 291 271 
head = 111, count = 1 | 111 266 
head = 266, count = 1 | 1 266 
head = 111, count = 2 | 1 111 
head = 114, count = 3 | 1 114 
head = 204, count = 1 | 1 204 
head = 271, count = 1 | 271 267 
head = 1, count = 1 | 1 267 247 
head = 1, count = 1 | 1 247 
head = 267, count = 1 | 267 254 
head = 247, count = 2 | 247 254 
head = 1, count = 1 | 1 254 
head = 254, count = 2 | 254 249 
head = 247, count = 1 | 247 249 
head = 160, count = 1 | 160 249 
head = 160, count = 1 | 1 160 111 249 
head = 271, count = 1 | 271 260 
head = 249, count = 1 | 249 245 
head = 245, count = 1 | 1 245 
head = 249, count = 4 | 1 249 
head = 260, count = 1 | 260 272 
head = 1, count = 1 | 1 272 269 
head = 1, count = 1 | 1 269 
head = 254, count = 1 | 254 269 
head = 272, count = 1 | 272 264 
head = 269, count = 1 | 269 264 
head = 254, count = 1 | 254 264 
head = 269, count = 1 | 269 264 250 
head = 250, count = 1 | 1 250 
head = 264, count = 1 | 264 253 
head = 1, count = 1 | 1 253 257 
head = 1, count = 1 | 1 257 
head = 253, count = 1 | 253 273 
head = 257, count = 1 | 257 273 
head = 257, count = 1 | 257 273 246 
head = 1, count = 3 | 1 246 
head = 269, count = 1 | 269 257 246 
head = 246, count = 3 | 1 246 
head = 246, count = 1 | 246 285 
head = 114, count = 17 | 114 285 
head = 1, count = 4 | 1 285 
head = 1, count = 1 | 1 72 319 111 285 
head = 1, count = 1 | 1 279 
head = 285, count = 2 | 285 284 
head = 284, count = 2 | 284 283 
head = 273, count = 1 | 273 285 280 279 283 
head = 279, count = 2 | 279 282 
head = 283, count = 2 | 283 282 
head = 282, count = 1 | 1 282 252 
head = 283, count = 1 | 283 282 252 
head = 285, count = 21 | 285 252 
head = 0, count = 1 | 0 252 
head = 252, count = 1 | 1 252 248 
head = 252, count = 2 | 1 252 
head = 252, count = 2 | 252 182 
head = 182, count = 1 | 285 182 
head = 252, count = 1 | 279 252 
head = 252, count = 1 | 283 252 
head = 283, count = 1 | 283 282 182 
head = 182, count = 2 | 182 200 
head = 1, count = 8 | 1 200 
head = 252, count = 16 | 252 200 
head = 295, count = 5 | 295 200 
head = 20, count = 4 | 20 200 
head = 0, count = 8 | 0 200 
head = 114, count = 2 | 114 200 
head = 282, count = 2 | 282 182 200 
head = 18, count = 1 | 18 39 291 254 252 182 200 
head = 122, count = 1 | 122 200 
head = 0, count = 3 | 0 1 72 319 135 111 200 
head = 273, count = 1 | 273 285 283 200 
head = 122, count = 1 | 0 122 200 
head = 20, count = 1 | 20 295 200 
head = 287, count = 1 | 287 286 291 254 252 182 200 
head = 200, count = 24 | 200 183 
head = 0, count = 1 | 0 122 1 45 18 20 135 114 307 37 295 287 285 200 183 
head = 122, count = 1 | 122 183 
head = 183, count = 25 | 1 183 
head = 200, count = 22 | 1 200 
head = 122, count = 1 | 122 1 200 
head = 1, count = 1 | 1 199 189 
head = 123, count = 5 | 1 123 
head = 1, count = 2 | 1 197 
head = 197, count = 1 | 1 197 
head = 1, count = 1 | 1 179 
head = 197, count = 1 | 197 179 
head = 179, count = 1 | 1 179 
head = 285, count = 1 | 1 285 
head = 0, count = 1 | 0 1 200 
head = 0, count = 1 | 0 122 1 20 287 286 200 
head = 0, count = 1 | 0 1 287 
head = 1, count = 1 | 1 287 286 
head = 0, count = 1 | 0 1 135 200 
head = 122, count = 1 | 122 1 20 114 295 
head = 0, count = 1 | 0 1 72 319 135 307 132 299 336 313 318 337 50 59 67 54 78 160 111 249 246 200 
head = 1, count = 2 | 1 379 
head = 379, count = 2 | 379 381 
head = 1, count = 40 | 1 381 
head = 200, count = 1 | 200 381 
head = 1, count = 2 | 1 380 
head = 381, count = 24 | 381 378 
head = 1, count = 1 | 1 381 378 
head = 1, count = 1 | 1 379 380 185 
head = 378, count = 9 | 1 378 
head = 381, count = 5 | 1 381 
head = 200, count = 1 | 1 200 381 
head = 1, count = 2 | 1 191 
head = 189, count = 1 | 189 380 191 
head = 191, count = 2 | 1 191 
head = 179, count = 1 | 1 179 385 
head = 1, count = 2 | 1 390 
head = 390, count = 2 | 390 388 
head = 385, count = 2 | 385 388 
head = 388, count = 4 | 388 386 
head = 386, count = 4 | 1 386 
head = 1, count = 1 | 1 385 180 
head = 1, count = 34 | 1 180 
head = 378, count = 1 | 1 378 191 180 
head = 378, count = 10 | 378 180 
head = 0, count = 1 | 0 200 180 
head = 1, count = 1 | 1 186 
head = 122, count = 1 | 122 186 
head = 186, count = 1 | 186 195 
head = 180, count = 1 | 180 187 188 186 198 
head = 180, count = 22 | 180 198 
head = 1, count = 3 | 1 198 
head = 1, count = 1 | 1 380 198 
head = 1, count = 1 | 1 180 196 
head = 1, count = 3 | 1 196 
head = 198, count = 23 | 198 196 
head = 45, count = 1 | 45 302 6 24 33 293 214 247 269 257 283 388 196 
head = 0, count = 2 | 0 196 
head = 122, count = 1 | 122 200 196 
head = 122, count = 1 | 122 196 
head = 200, count = 1 | 1 200 196 
head = 1, count = 2 | 1 265 
head = 200, count = 1 | 1 200 196 265 
head = 257, count = 1 | 257 265 
head = 198, count = 1 | 198 265 
head = 186, count = 1 | 1 186 
head = 1, count = 4 | 1 393 
head = 191, count = 1 | 191 385 388 188 195 393 
head = 265, count = 2 | 265 393 
head = 196, count = 13 | 196 393 
head = 1, count = 1 | 1 196 393 
head = 200, count = 2 | 200 393 
head = 200, count = 1 | 200 196 393 
head = 180, count = 7 | 180 393 
head = 307, count = 1 | 135 307 132 299 336 313 318 337 50 59 67 54 78 160 249 246 265 393 
head = 264, count = 1 | 264 273 251 393 
head = 271, count = 1 | 271 244 242 278 393 
head = 122, count = 2 | 122 200 393 
head = 122, count = 7 | 122 393 
head = 282, count = 1 | 285 280 279 282 252 200 277 393 
head = 393, count = 9 | 393 395 
head = 395, count = 9 | 395 392 
head = 393, count = 2 | 393 392 
head = 392, count = 9 | 392 394 
head = 393, count = 20 | 393 394 
head = 180, count = 1 | 180 198 196 393 394 
head = 122, count = 2 | 122 394 
head = 295, count = 1 | 295 394 
head = 180, count = 2 | 180 393 395 392 394 
head = 1, count = 1 | 1 393 392 
head = 394, count = 8 | 1 394 
head = 394, count = 17 | 394 375 
head = 1, count = 20 | 1 375 
head = 265, count = 1 | 265 375 
head = 132, count = 1 | 132 375 
head = 171, count = 1 | 171 271 260 375 
head = 393, count = 1 | 393 375 
head = 198, count = 1 | 198 375 
head = 375, count = 1 | 375 175 
head = 394, count = 1 | 394 175 
head = 175, count = 2 | 175 178 
head = 394, count = 5 | 394 178 
head = 375, count = 7 | 375 178 
head = 196, count = 9 | 196 178 
head = 381, count = 3 | 381 178 
head = 1, count = 2 | 1 178 
head = 378, count = 5 | 378 178 
head = 180, count = 2 | 180 178 
head = 375, count = 1 | 375 177 
head = 123, count = 1 | 123 177 
head = 178, count = 1 | 178 173 
head = 178, count = 1 | 178 177 173 
head = 375, count = 33 | 375 372 
head = 375, count = 1 | 375 178 372 
head = 178, count = 5 | 178 372 
head = 173, count = 1 | 375 173 372 
head = 173, count = 1 | 173 236 
head = 236, count = 2 | 236 240 
head = 372, count = 16 | 372 240 
head = 178, count = 22 | 178 240 
head = 177, count = 2 | 177 239 231 237 
head = 237, count = 27 | 239 231 237 
head = 240, count = 2 | 240 232 230 
head = 240, count = 2 | 240 230 
head = 1, count = 33 | 1 372 
head = 372, count = 2 | 1 372 233 
head = 372, count = 67 | 1 372 
head = 372, count = 2 | 1 372 240 234 
head = 240, count = 6 | 1 240 
head = 240, count = 2 | 1 372 240 234 
head = 1, count = 3 | 1 225 
head = 230, count = 2 | 230 225 
head = 225, count = 6 | 225 218 
head = 230, count = 2 | 230 218 
head = 240, count = 44 | 240 218 
head = 1, count = 21 | 1 218 
head = 178, count = 3 | 178 218 
head = 237, count = 1 | 239 237 224 222 
head = 222, count = 6 | 224 222 
head = 237, count = 1 | 237 224 222 
head = 218, count = 2 | 218 223 226 221 
head = 218, count = 3 | 218 219 
head = 223, count = 3 | 223 219 
head = 1, count = 2 | 1 371 
head = 371, count = 1 | 372 371 
head = 1, count = 1 | 1 372 218 
head = 218, count = 5 | 372 218 
head = 219, count = 1 | 1 372 219 
head = 219, count = 1 | 236 219 
head = 218, count = 22 | 240 218 
head = 222, count = 1 | 239 231 237 224 222 
head = 237, count = 1 | 239 231 237 224 222 
head = 371, count = 1 | 1 371 
head = 1, count = 3 | 1 363 
head = 363, count = 2 | 1 363 
head = 1, count = 28 | 1 370 
head = 363, count = 1 | 1 363 366 368 
head = 1, count = 1 | 1 85 
head = 85, count = 1 | 103 85 
head = 103, count = 233 | 103 86 
head = 86, count = 311 | 103 86 
head = 1, count = 27 | 1 86 
head = 381, count = 6 | 381 86 
head = 218, count = 26 | 218 86 
head = 180, count = 9 | 180 86 
head = 196, count = 5 | 196 86 
head = 219, count = 1 | 219 86 
head = 219, count = 1 | 1 219 86 
head = 1, count = 1 | 1 218 86 
head = 394, count = 1 | 394 86 
head = 392, count = 1 | 392 86 
head = 103, count = 1 | 103 82 
head = 368, count = 1 | 368 82 
head = 82, count = 1 | 1 82 
head = 1, count = 1024 | 1 44 
head = 370, count = 1 | 370 42 
head = 103, count = 1 | 103 345 344 
head = 103, count = 28 | 103 344 
head = 344, count = 2 | 344 343 
head = 343, count = 2 | 343 340 
head = 103, count = 20 | 103 340 
head = 103, count = 29 | 103 344 340 
head = 82, count = 1 | 82 339 344 343 340 
head = 340, count = 2 | 342 340 
head = 342, count = 2 | 342 341 
head = 44, count = 1024 | 1 44 41 
head = 42, count = 3 | 1 42 
head = 180, count = 3 | 1 180 
head = 180, count = 1 | 1 180 239 
head = 1, count = 2 | 1 105 
head = 1, count = 4 | 1 118 
head = 370, count = 21 | 370 118 
head = 198, count = 1 | 198 118 
head = 105, count = 2 | 105 116 
head = 1, count = 2 | 1 44 94 41 119 118 116 
head = 370, count = 2 | 370 94 121 120 
head = 116, count = 1 | 116 115 
head = 116, count = 2 | 116 83 
head = 115, count = 2 | 1 115 83 
head = 118, count = 22 | 1 118 
head = 118, count = 2 | 42 118 
head = 341, count = 1022 | 339 341 
head = 83, count = 1021 | 83 84 
head = 1, count = 46 | 1 44 94 41 83 84 
head = 83, count = 1 | 1 83 
head = 120, count = 1 | 94 120 117 
head = 116, count = 1 | 116 115 117 
head = 1, count = 1 | 1 83 84 117 
head = 1, count = 975 | 1 44 94 41 83 
head = 344, count = 1 | 342 345 344 340 341 118 
head = 344, count = 27 | 344 340 341 
head = 340, count = 29 | 344 340 341 
head = 340, count = 20 | 340 341 
head = 340, count = 1 | 342 344 340 341 
head = 341, count = 1 | 339 344 343 340 341 
head = 1, count = 1 | 1 44 94 41 83 90 91 
head = 393, count = 1 | 1 393 
head = 392, count = 1 | 1 392 394 
head = 381, count = 1 | 1 381 178 240 218 
head = 1, count = 3 | 1 95 
head = 83, count = 1 | 83 84 90 109 95 
head = 265, count = 1 | 265 95 
head = 83, count = 1 | 83 109 91 89 100 95 
head = 95, count = 1 | 95 93 
head = 117, count = 1 | 94 117 93 
head = 370, count = 3 | 370 93 
head = 120, count = 1 | 94 120 93 
head = 91, count = 1 | 1 91 100 93 
head = 93, count = 2 | 93 88 
head = 95, count = 2 | 95 88 
head = 1, count = 1 | 1 88 
head = 1, count = 15 | 1 376 
head = 341, count = 1 | 1 341 376 
head = 340, count = 17 | 340 376 
head = 88, count = 3 | 88 376 
head = 93, count = 4 | 93 376 
head = 340, count = 1 | 340 359 
head = 359, count = 1 | 359 351 
head = 340, count = 7 | 340 351 
head = 340, count = 16 | 340 341 351 
head = 376, count = 10 | 376 351 
head = 340, count = 1 | 342 340 341 351 
head = 1, count = 1 | 1 351 
head = 37, count = 1 | 20 37 25 351 
head = 218, count = 4 | 218 351 
head = 344, count = 9 | 344 340 341 351 
head = 118, count = 1 | 118 351 
head = 351, count = 1 | 351 357 355 354 
head = 351, count = 25 | 351 354 
head = 351, count = 2 | 376 351 
head = 376, count = 3 | 376 351 354 
head = 351, count = 1 | 376 351 354 
head = 372, count = 1 | 1 372 376 
head = 376, count = 1 | 1 376 356 361 
head = 376, count = 31 | 1 376 
head = 376, count = 1 | 1 376 351 354 
head = 354, count = 4 | 1 354 
head = 354, count = 1 | 1 376 354 
head = 376, count = 1 | 1 376 361 
head = 354, count = 1 | 225 354 
head = 354, count = 19 | 218 354 
head = 351, count = 7 | 218 351 
head = 218, count = 1 | 218 223 221 
head = 1, count = 1 | 1 375 175 236 225 376 359 164 
head = 376, count = 1 | 1 376 164 
head = 222, count = 1 | 224 222 94 105 356 164 
head = 375, count = 1 | 375 164 
head = 1, count = 1 | 1 164 
head = 195, count = 1 | 195 393 392 233 361 144 
head = 375, count = 1 | 375 174 239 216 220 82 94 356 151 144 
head = 164, count = 2 | 1 164 
head = 144, count = 1 | 385 144 
head = 1, count = 8 | 1 140 
head = 340, count = 1 | 340 140 
head = 218, count = 15 | 218 140 
head = 180, count = 1 | 180 140 
head = 140, count = 2 | 140 159 
head = 380, count = 1 | 1 380 186 233 159 
head = 1, count = 1 | 1 159 
head = 164, count = 1 | 164 159 
head = 159, count = 3 | 159 163 
head = 140, count = 1 | 140 163 
head = 1, count = 1 | 1 163 
head = 95, count = 1 | 95 163 
head = 1, count = 1 | 1 287 286 139 
head = 163, count = 1 | 163 170 172 
head = 163, count = 1 | 163 172 
head = 214, count = 1 | 214 247 269 172 
head = 95, count = 1 | 95 172 
head = 159, count = 1 | 159 172 
head = 172, count = 4 | 172 149 
head = 1, count = 2 | 1 149 
head = 78, count = 1 | 78 149 
head = 6, count = 6 | 6 149 
head = 0, count = 1 | 0 1 72 319 135 111 200 180 163 149 
head = 1, count = 1 | 1 380 149 
head = 149, count = 2 | 149 146 
head = 123, count = 1 | 123 150 149 146 
head = 218, count = 2 | 218 146 
head = 146, count = 2 | 146 142 
head = 1, count = 1 | 1 142 
head = 149, count = 2 | 149 142 
head = 142, count = 4 | 142 143 
head = 1, count = 1 | 1 307 299 67 54 143 
============================================================
BBLSwitchCount - Thread 0
from = 0 | 122:1 1:1 
from = 122 | 0:1 
from = 1 | 0:1 145:1 157:1 58:1 62:1 72:1 76:1 45:1 55:1 328:1 317:1 319:1 327:1 302:1 338:1 301:1 18:10 39:10 20:10 34:10 19:10 15:10 6:10 28:10 3:5 133:5 124:5 135:5 129:5 130:5 126:5 127:5 131:5 134:5 27:5 13:10 323:1 315:1 307:1 305:1 308:1 297:1 37:6 5:6 32:6 26:6 35:6 4:6 16:6 24:6 36:6 23:6 10:6 11:6 125:15 128:15 123:15 132:4 316:1 306:1 299:1 335:1 303:1 296:1 25:6 31:6 38:6 7:6 12:6 2:6 29:6 33:6 9:6 14:6 21:6 30:6 321:1 333:1 336:1 334:1 300:1 329:1 22:5 17:5 8:5 330:1 314:1 313:1 298:1 309:1 331:1 312:1 310:1 318:1 320:1 332:1 324:1 295:2 294:2 293:2 292:2 325:1 322:1 311:1 337:1 326:1 304:1 46:1 50:1 68:1 73:1 48:1 77:1 69:1 79:1 59:1 60:1 49:1 56:1 74:1 64:1 71:1 67:1 57:1 63:1 75:1 65:1 53:1 54:1 61:1 80:1 70:1 52:1 66:1 78:1 47:1 51:1 155:1 160:1 158:1 287:1 288:1 286:2 291:1 290:1 289:1 169:1 171:1 271:1 266:1 274:1 267:1 268:1 247:1 254:1 249:1 256:1 260:1 245:1 261:1 272:1 276:1 269:1 264:1 250:1 255:1 253:1 262:1 257:1 273:1 246:1 243:1 285:1 280:1 279:1 284:1 281:1 283:1 282:1 252:1 248:1 258:1 275:1 182:1 201:1 200:1 183:1 194:1 184:1 199:1 189:1 190:1 192:1 197:1 179:1 379:1 381:1 383:1 380:33 378:1 382:1 185:1 193:1 181:1 191:1 385:2 390:2 387:2 388:2 386:2 389:2 384:2 180:1 187:1 188:1 186:1 195:1 198:1 196:1 277:1 265:1 270:1 251:1 263:1 244:1 242:1 278:1 259:1 156:1 393:1 395:1 392:1 396:1 391:1 394:1 165:1 168:1 166:1 375:1 374:1 372:2 225:3 218:3 216:3 227:3 220:3 224:96 217:96 222:9 226:9 221:3 223:3 219:3 228:3 371:2 373:1 87:1 363:1 366:1 367:1 369:1 365:1 370:1 368:1 364:1 85:1 103:312 86:311 82:1 110:1 81:1024 44:1024 43:1024 42:1024 40:1024 41:1024 94:1024 108:2 105:2 118:2 119:2 121:2 116:2 120:2 115:2 83:1024 84:1022 107:1022 117:1 90:1 109:1 91:1 89:1 104:1 101:1 98:1 97:1 106:1 99:1 96:1 92:1 100:1 95:2 93:1 88:1 102:1 376:1 377:1 151:1 164:1 147:1 144:1 140:1 161:1 136:1 159:1 138:1 163:1 170:1 167:1 139:1 172:1 162:1 150:10 149:10 141:10 148:1 153:1 146:1 137:1 142:1 152:1 143:1 154:1 
from = 145 | 1:1 
from = 157 | 1:1 
from = 58 | 1:1 
from = 62 | 1:1 
from = 72 | 1:1 
from = 76 | 1:1 
from = 45 | 1:1 
from = 55 | 1:1 
from = 328 | 1:1 
from = 317 | 1:1 
from = 319 | 1:1 
from = 327 | 1:1 
from = 302 | 1:1 
from = 338 | 1:1 
from = 301 | 1:1 
from = 18 | 1:10 
from = 39 | 1:10 
from = 20 | 1:10 
from = 34 | 1:10 
from = 19 | 1:10 
from = 15 | 1:10 
from = 6 | 1:10 
from = 28 | 1:10 
from = 3 | 1:5 
from = 133 | 1:5 
from = 124 | 1:5 
from = 135 | 1:5 
from = 129 | 1:5 
from = 130 | 1:5 
from = 126 | 1:5 
from = 127 | 1:5 
from = 131 | 1:5 
from = 134 | 1:5 
from = 27 | 1:5 
from = 13 | 1:10 
from = 323 | 1:1 
from = 315 | 1:1 
from = 307 | 1:1 
from = 305 | 1:1 
from = 308 | 1:1 
from = 297 | 1:1 
from = 37 | 1:6 348:6 347:6 350:6 346:6 349:6 
from = 348 | 37:6 25:6 
from = 347 | 37:6 25:6 
from = 350 | 37:6 25:6 
from = 346 | 37:6 25:6 
from = 349 | 37:6 25:6 
from = 5 | 1:6 
from = 32 | 1:6 
from = 26 | 1:6 
from = 35 | 1:6 
from = 4 | 1:6 
from = 16 | 1:6 
from = 24 | 1:6 
from = 36 | 1:6 
from = 23 | 1:6 
from = 10 | 1:6 
from = 11 | 1:6 
from = 125 | 1:15 
from = 128 | 1:15 
from = 123 | 1:15 
from = 132 | 1:4 
from = 316 | 1:1 
from = 306 | 1:1 
from = 299 | 1:1 
from = 335 | 1:1 
from = 303 | 1:1 
from = 296 | 1:1 
from = 25 | 1:6 348:6 347:6 350:6 346:6 349:6 
from = 31 | 1:6 
from = 38 | 1:6 
from = 7 | 1:6 
from = 12 | 1:6 
from = 2 | 1:6 
from = 29 | 1:6 
from = 33 | 1:6 
from = 9 | 1:6 
from = 14 | 1:6 
from = 21 | 1:6 
from = 30 | 1:6 
from = 321 | 1:1 
from = 333 | 1:1 
from = 336 | 1:1 
from = 334 | 1:1 
from = 300 | 1:1 
from = 329 | 1:1 
from = 22 | 1:5 
from = 17 | 1:5 
from = 8 | 1:5 
from = 330 | 1:1 
from = 314 | 1:1 
from = 313 | 1:1 
from = 298 | 1:1 
from = 309 | 1:1 
from = 331 | 1:1 
from = 312 | 1:1 
from = 310 | 1:1 
from = 318 | 1:1 
from = 320 | 1:1 
from = 332 | 1:1 
from = 324 | 1:1 
from = 295 | 1:2 
from = 294 | 1:2 
from = 293 | 1:2 
from = 292 | 1:2 
from = 325 | 1:1 
from = 322 | 1:1 
from = 311 | 1:1 
from = 337 | 1:1 
from = 326 | 1:1 
from = 304 | 1:1 
from = 46 | 1:1 
from = 50 | 1:1 
from = 68 | 1:1 
from = 73 | 1:1 
from = 48 | 1:1 
from = 77 | 1:1 
from = 69 | 1:1 
from = 79 | 1:1 
from = 59 | 1:1 
from = 60 | 1:1 
from = 49 | 1:1 
from = 56 | 1:1 
from = 74 | 1:1 
from = 64 | 1:1 
from = 71 | 1:1 
from = 67 | 1:1 
from = 57 | 1:1 
from = 63 | 1:1 
from = 75 | 1:1 
from = 65 | 1:1 
from = 53 | 1:1 
from = 54 | 1:1 
from = 61 | 1:1 
from = 80 | 1:1 
from = 70 | 1:1 
from = 52 | 1:1 
from = 66 | 1:1 
from = 78 | 1:1 
from = 47 | 1:1 
from = 51 | 1:1 
from = 155 | 1:1 
from = 160 | 1:1 
from = 158 | 1:1 
from = 287 | 1:1 
from = 288 | 1:1 
from = 286 | 1:2 112:2 111:1 113:2 114:1 
from = 112 | 286:2 
from = 111 | 286:1 210:1 211:1 208:1 212:1 206:1 205:1 214:1 204:1 203:1 207:1 209:1 215:1 202:1 213:1 
from = 210 | 111:1 
from = 211 | 111:1 
from = 208 | 111:1 
from = 212 | 111:1 
from = 206 | 111:1 
from = 205 | 111:1 
from = 214 | 111:1 
from = 204 | 111:1 
from = 203 | 111:1 
from = 207 | 111:1 
from = 209 | 111:1 
from = 215 | 111:1 
from = 202 | 111:1 
from = 213 | 111:1 
from = 113 | 286:2 
from = 114 | 286:1 
from = 291 | 1:1 
from = 290 | 1:1 
from = 289 | 1:1 
from = 169 | 1:1 
from = 171 | 1:1 
from = 271 | 1:1 
from = 266 | 1:1 
from = 274 | 1:1 
from = 267 | 1:1 
from = 268 | 1:1 
from = 247 | 1:1 
from = 254 | 1:1 
from = 249 | 1:1 
from = 256 | 1:1 
from = 260 | 1:1 
from = 245 | 1:1 
from = 261 | 1:1 
from = 272 | 1:1 
from = 276 | 1:1 
from = 269 | 1:1 
from = 264 | 1:1 
from = 250 | 1:1 
from = 255 | 1:1 
from = 253 | 1:1 
from = 262 | 1:1 
from = 257 | 1:1 
from = 273 | 1:1 
from = 246 | 1:1 
from = 243 | 1:1 
from = 285 | 1:1 182:1 
from = 280 | 1:1 182:1 
from = 279 | 1:1 182:1 
from = 284 | 1:1 182:1 
from = 281 | 1:1 182:1 
from = 283 | 1:1 182:1 
from = 282 | 1:1 182:1 
from = 252 | 1:1 
from = 248 | 1:1 
from = 258 | 1:1 
from = 275 | 1:1 
from = 182 | 1:1 285:1 280:1 279:1 284:1 281:1 283:1 282:1 
from = 201 | 1:1 
from = 200 | 1:1 
from = 183 | 1:1 
from = 194 | 1:1 
from = 184 | 1:1 
from = 199 | 1:1 
from = 189 | 1:1 
from = 190 | 1:1 
from = 192 | 1:1 
from = 197 | 1:1 
from = 179 | 1:1 
from = 379 | 1:1 
from = 381 | 1:1 
from = 383 | 1:1 
from = 380 | 1:33 
from = 378 | 1:1 
from = 382 | 1:1 
from = 185 | 1:1 
from = 193 | 1:1 
from = 181 | 1:1 
from = 191 | 1:1 
from = 385 | 1:2 
from = 390 | 1:2 
from = 387 | 1:2 
from = 388 | 1:2 
from = 386 | 1:2 
from = 389 | 1:2 
from = 384 | 1:2 
from = 180 | 1:1 
from = 187 | 1:1 
from = 188 | 1:1 
from = 186 | 1:1 
from = 195 | 1:1 
from = 198 | 1:1 
from = 196 | 1:1 
from = 277 | 1:1 
from = 265 | 1:1 
from = 270 | 1:1 
from = 251 | 1:1 
from = 263 | 1:1 
from = 244 | 1:1 
from = 242 | 1:1 
from = 278 | 1:1 
from = 259 | 1:1 
from = 156 | 1:1 
from = 393 | 1:1 
from = 395 | 1:1 
from = 392 | 1:1 
from = 396 | 1:1 
from = 391 | 1:1 
from = 394 | 1:1 
from = 165 | 1:1 
from = 168 | 1:1 
from = 166 | 1:1 
from = 375 | 1:1 175:1 178:1 174:1 177:32 173:1 176:1 
from = 175 | 375:1 
from = 178 | 375:1 
from = 174 | 375:1 
from = 177 | 375:32 
from = 173 | 375:1 
from = 176 | 375:1 
from = 374 | 1:1 
from = 372 | 1:2 236:2 240:2 235:2 233:64 239:60 231:32 241:30 237:30 232:32 229:64 234:2 230:2 238:2 
from = 236 | 372:2 
from = 240 | 372:2 
from = 235 | 372:2 
from = 233 | 372:64 
from = 239 | 372:60 
from = 231 | 372:32 
from = 241 | 372:30 
from = 237 | 372:30 
from = 232 | 372:32 
from = 229 | 372:64 
from = 234 | 372:2 
from = 230 | 372:2 
from = 238 | 372:2 
from = 225 | 1:3 
from = 218 | 1:3 
from = 216 | 1:3 
from = 227 | 1:3 
from = 220 | 1:3 
from = 224 | 1:96 
from = 217 | 1:96 
from = 222 | 1:9 
from = 226 | 1:9 
from = 221 | 1:3 
from = 223 | 1:3 
from = 219 | 1:3 
from = 228 | 1:3 
from = 371 | 1:2 
from = 373 | 1:1 
from = 87 | 1:1 
from = 363 | 1:1 
from = 366 | 1:1 
from = 367 | 1:1 
from = 369 | 1:1 
from = 365 | 1:1 
from = 370 | 1:1 
from = 368 | 1:1 
from = 364 | 1:1 
from = 85 | 1:1 
from = 103 | 1:312 
from = 86 | 1:311 
from = 82 | 1:1 
from = 110 | 1:1 
from = 81 | 1:1024 
from = 44 | 1:1024 
from = 43 | 1:1024 
from = 42 | 1:1024 339:1024 345:2 344:226 343:2 340:396 342:2 341:1024 
from = 339 | 42:1024 
from = 345 | 42:2 
from = 344 | 42:226 
from = 343 | 42:2 
from = 340 | 42:396 
from = 342 | 42:2 
from = 341 | 42:1024 
from = 40 | 1:1024 
from = 41 | 1:1024 
from = 94 | 1:1024 
from = 108 | 1:2 
from = 105 | 1:2 
from = 118 | 1:2 
from = 119 | 1:2 
from = 121 | 1:2 
from = 116 | 1:2 
from = 120 | 1:2 
from = 115 | 1:2 
from = 83 | 1:1024 
from = 84 | 1:1022 
from = 107 | 1:1022 
from = 117 | 1:1 
from = 90 | 1:1 
from = 109 | 1:1 
from = 91 | 1:1 
from = 89 | 1:1 
from = 104 | 1:1 
from = 101 | 1:1 
from = 98 | 1:1 
from = 97 | 1:1 
from = 106 | 1:1 
from = 99 | 1:1 
from = 96 | 1:1 
from = 92 | 1:1 
from = 100 | 1:1 
from = 95 | 1:2 
from = 93 | 1:1 
from = 88 | 1:1 
from = 102 | 1:1 
from = 376 | 1:1 359:1 351:1 362:1 357:1 360:1 356:32 358:31 355:32 361:1 354:1 353:1 352:1 
from = 359 | 376:1 
from = 351 | 376:1 
from = 362 | 376:1 
from = 357 | 376:1 
from = 360 | 376:1 
from = 356 | 376:32 
from = 358 | 376:31 
from = 355 | 376:32 
from = 361 | 376:1 
from = 354 | 376:1 
from = 353 | 376:1 
from = 352 | 376:1 
from = 377 | 1:1 
from = 151 | 1:1 
from = 164 | 1:1 
from = 147 | 1:1 
from = 144 | 1:1 
from = 140 | 1:1 
from = 161 | 1:1 
from = 136 | 1:1 
from = 159 | 1:1 
from = 138 | 1:1 
from = 163 | 1:1 
from = 170 | 1:1 
from = 167 | 1:1 
from = 139 | 1:1 
from = 172 | 1:1 
from = 162 | 1:1 
from = 150 | 1:10 
from = 149 | 1:10 
from = 141 | 1:10 
from = 148 | 1:1 
from = 153 | 1:1 
from = 146 | 1:1 
from = 137 | 1:1 
from = 142 | 1:1 
from = 152 | 1:1 
from = 143 | 1:1 
from = 154 | 1:1 
