============================================================
Thread 0
  BBLID       Time(ns)    Instruction  Memory Access          Hash(hi)          Hash(lo)
      0           4849              3              0  0000000000000000  0000000000000000
      1     1.2917e+08      126880396        8409359  0000000000000001  0000000000000001
      2          13122           1283            209  48684ec8bfd97ded  6030b799debff625
      3    1.19266e+08       16784100        1186507  e2b6fe18141c73c2  4a173c8b8e1eab3b
============================================================
Thread 1
  BBLID       Time(ns)    Instruction  Memory Access          Hash(hi)          Hash(lo)
      0         130272          39827            584  0000000000000000  0000000000000000
      3    1.19256e+08       16783446        1185596  e2b6fe18141c73c2  4a173c8b8e1eab3b
============================================================
Thread 2
  BBLID       Time(ns)    Instruction  Memory Access          Hash(hi)          Hash(lo)
      0         405594         175519            543  0000000000000000  0000000000000000
      3    1.18955e+08       16783446        1188156  e2b6fe18141c73c2  4a173c8b8e1eab3b
============================================================
Thread 3
  BBLID       Time(ns)    Instruction  Memory Access          Hash(hi)          Hash(lo)
      0         177724          67695           1300  0000000000000000  0000000000000000
      3    1.19185e+08       16784268        1183879  e2b6fe18141c73c2  4a173c8b8e1eab3b
============================================================
Thread 4
  BBLID       Time(ns)    Instruction  Memory Access          Hash(hi)          Hash(lo)
      0         378759         159635            663  0000000000000000  0000000000000000
      3    1.18984e+08       16783446        1189411  e2b6fe18141c73c2  4a173c8b8e1eab3b
============================================================
Thread 5
  BBLID       Time(ns)    Instruction  Memory Access          Hash(hi)          Hash(lo)
      0         190432          73469           1676  0000000000000000  0000000000000000
      3    1.19164e+08       16783446        1180704  e2b6fe18141c73c2  4a173c8b8e1eab3b
============================================================
Thread 6
  BBLID       Time(ns)    Instruction  Memory Access          Hash(hi)          Hash(lo)
      0          81145          22379            615  0000000000000000  0000000000000000
      3    1.19275e+08       16783446        1183326  e2b6fe18141c73c2  4a173c8b8e1eab3b
============================================================
Thread 7
  BBLID       Time(ns)    Instruction  Memory Access          Hash(hi)          Hash(lo)
      0         977235         440602            561  0000000000000000  0000000000000000
      3    1.18381e+08       16784227              0  e2b6fe18141c73c2  4a173c8b8e1eab3b
============================================================
Thread 8
  BBLID       Time(ns)    Instruction  Memory Access          Hash(hi)          Hash(lo)
      0              0              0             98  0000000000000000  0000000000000000
============================================================
Thread 9
  BBLID       Time(ns)    Instruction  Memory Access          Hash(hi)          Hash(lo)
      0              0              0             98  0000000000000000  0000000000000000
============================================================
Thread 10
  BBLID       Time(ns)    Instruction  Memory Access          Hash(hi)          Hash(lo)
      0              0              0             98  0000000000000000  0000000000000000
============================================================
Thread 11
  BBLID       Time(ns)    Instruction  Memory Access          Hash(hi)          Hash(lo)
      0              0              0             98  0000000000000000  0000000000000000
============================================================
Thread 12
  BBLID       Time(ns)    Instruction  Memory Access          Hash(hi)          Hash(lo)
      0              0              0             98  0000000000000000  0000000000000000
============================================================
Thread 13
  BBLID       Time(ns)    Instruction  Memory Access          Hash(hi)          Hash(lo)
      0              0              0             98  0000000000000000  0000000000000000
============================================================
Thread 14
  BBLID       Time(ns)    Instruction  Memory Access          Hash(hi)          Hash(lo)
      0              0              0             98  0000000000000000  0000000000000000
============================================================
Thread 15
  BBLID       Time(ns)    Instruction  Memory Access          Hash(hi)          Hash(lo)
      0              0              0             98  0000000000000000  0000000000000000
============================================================
Thread 16
  BBLID       Time(ns)    Instruction  Memory Access          Hash(hi)          Hash(lo)
      0              0              0             98  0000000000000000  0000000000000000
============================================================
Thread 17
  BBLID       Time(ns)    Instruction  Memory Access          Hash(hi)          Hash(lo)
      0              0              0             98  0000000000000000  0000000000000000
============================================================
Thread 18
  BBLID       Time(ns)    Instruction  Memory Access          Hash(hi)          Hash(lo)
      0              0              0             98  0000000000000000  0000000000000000
============================================================
Thread 19
  BBLID       Time(ns)    Instruction  Memory Access          Hash(hi)          Hash(lo)
      0              0              0             98  0000000000000000  0000000000000000
============================================================
Thread 20
  BBLID       Time(ns)    Instruction  Memory Access          Hash(hi)          Hash(lo)
      0              0              0             98  0000000000000000  0000000000000000
============================================================
Thread 21
  BBLID       Time(ns)    Instruction  Memory Access          Hash(hi)          Hash(lo)
      0              0              0             98  0000000000000000  0000000000000000
============================================================
Thread 22
  BBLID       Time(ns)    Instruction  Memory Access          Hash(hi)          Hash(lo)
      0              0              0             98  0000000000000000  0000000000000000
============================================================
Thread 23
  BBLID       Time(ns)    Instruction  Memory Access          Hash(hi)          Hash(lo)
      0              0              0             98  0000000000000000  0000000000000000
============================================================
Thread 24
  BBLID       Time(ns)    Instruction  Memory Access          Hash(hi)          Hash(lo)
      0              0              0             98  0000000000000000  0000000000000000
============================================================
Thread 25
  BBLID       Time(ns)    Instruction  Memory Access          Hash(hi)          Hash(lo)
      0              0              0             98  0000000000000000  0000000000000000
============================================================
Thread 26
  BBLID       Time(ns)    Instruction  Memory Access          Hash(hi)          Hash(lo)
      0              0              0             98  0000000000000000  0000000000000000
============================================================
Thread 27
  BBLID       Time(ns)    Instruction  Memory Access          Hash(hi)          Hash(lo)
      0              0              0             98  0000000000000000  0000000000000000
============================================================
Thread 28
  BBLID       Time(ns)    Instruction  Memory Access          Hash(hi)          Hash(lo)
      0              0              0             98  0000000000000000  0000000000000000
============================================================
Thread 29
  BBLID       Time(ns)    Instruction  Memory Access          Hash(hi)          Hash(lo)
      0              0              0             98  0000000000000000  0000000000000000
============================================================
Thread 30
  BBLID       Time(ns)    Instruction  Memory Access          Hash(hi)          Hash(lo)
      0              0              0             98  0000000000000000  0000000000000000
============================================================
Thread 31
  BBLID       Time(ns)    Instruction  Memory Access          Hash(hi)          Hash(lo)
      0              0              0        1193127  0000000000000000  0000000000000000
