============================================================
ReuseSegment - Thread 0
head = 2, count = 66 | 1 2 
head = 1, count = 63 | 3 1 
head = 3, count = 1 | 3 1 
============================================================
ReuseSegment - Thread 1
head = 0, count = 17 | 3 0 
head = 3, count = 1 | 3 0 
============================================================
ReuseSegment - Thread 2
head = 0, count = 37 | 3 0 
head = 3, count = 1 | 3 0 
============================================================
ReuseSegment - Thread 3
head = 0, count = 19 | 3 0 
head = 3, count = 1 | 3 0 
============================================================
ReuseSegment - Thread 4
head = 0, count = 23 | 3 0 
head = 3, count = 1 | 3 0 
============================================================
ReuseSegment - Thread 5
head = 0, count = 17 | 3 0 
head = 3, count = 1 | 3 0 
============================================================
ReuseSegment - Thread 6
head = 0, count = 16 | 3 0 
head = 3, count = 1 | 3 0 
============================================================
ReuseSegment - Thread 7
head = 0, count = 17 | 3 0 
head = 3, count = 22 | 3 0 
============================================================
ReuseSegment - Thread 8
============================================================
ReuseSegment - Thread 9
============================================================
ReuseSegment - Thread 10
============================================================
ReuseSegment - Thread 11
============================================================
ReuseSegment - Thread 12
============================================================
ReuseSegment - Thread 13
============================================================
ReuseSegment - Thread 14
============================================================
ReuseSegment - Thread 15
============================================================
ReuseSegment - Thread 16
============================================================
ReuseSegment - Thread 17
============================================================
ReuseSegment - Thread 18
============================================================
ReuseSegment - Thread 19
============================================================
ReuseSegment - Thread 20
============================================================
ReuseSegment - Thread 21
============================================================
ReuseSegment - Thread 22
============================================================
ReuseSegment - Thread 23
============================================================
ReuseSegment - Thread 24
============================================================
ReuseSegment - Thread 25
============================================================
ReuseSegment - Thread 26
============================================================
ReuseSegment - Thread 27
============================================================
ReuseSegment - Thread 28
============================================================
ReuseSegment - Thread 29
============================================================
ReuseSegment - Thread 30
============================================================
ReuseSegment - Thread 31
============================================================
BBLSwitchCount - Thread 0
from = 0 | 1:1 
from = 1 | 0:1 2:1 3:1 
from = 2 | 1:1 
from = 3 | 1:1 
============================================================
BBLSwitchCount - Thread 1
from = 0 | 3:1 
from = 3 | 0:1 
============================================================
BBLSwitchCount - Thread 2
from = 0 | 3:1 
from = 3 | 0:1 
============================================================
BBLSwitchCount - Thread 3
from = 0 | 3:1 
from = 3 | 0:1 
============================================================
BBLSwitchCount - Thread 4
from = 0 | 3:1 
from = 3 | 0:1 
============================================================
BBLSwitchCount - Thread 5
from = 0 | 3:1 
from = 3 | 0:1 
============================================================
BBLSwitchCount - Thread 6
from = 0 | 3:1 
from = 3 | 0:1 
============================================================
BBLSwitchCount - Thread 7
from = 0 | 3:1 
from = 3 | 0:1 
============================================================
BBLSwitchCount - Thread 8
============================================================
BBLSwitchCount - Thread 9
============================================================
BBLSwitchCount - Thread 10
============================================================
BBLSwitchCount - Thread 11
============================================================
BBLSwitchCount - Thread 12
============================================================
BBLSwitchCount - Thread 13
============================================================
BBLSwitchCount - Thread 14
============================================================
BBLSwitchCount - Thread 15
============================================================
BBLSwitchCount - Thread 16
============================================================
BBLSwitchCount - Thread 17
============================================================
BBLSwitchCount - Thread 18
============================================================
BBLSwitchCount - Thread 19
============================================================
BBLSwitchCount - Thread 20
============================================================
BBLSwitchCount - Thread 21
============================================================
BBLSwitchCount - Thread 22
============================================================
BBLSwitchCount - Thread 23
============================================================
BBLSwitchCount - Thread 24
============================================================
BBLSwitchCount - Thread 25
============================================================
BBLSwitchCount - Thread 26
============================================================
BBLSwitchCount - Thread 27
============================================================
BBLSwitchCount - Thread 28
============================================================
BBLSwitchCount - Thread 29
============================================================
BBLSwitchCount - Thread 30
============================================================
BBLSwitchCount - Thread 31
