============================================================
ReuseSegment - Thread 0
head = 0, count = 89 | 0 323 
head = 323, count = 1 | 0 323 
head = 323, count = 4 | 323 1 
head = 0, count = 33 | 0 1 
head = 1, count = 2 | 1 47 
head = 47, count = 1 | 1 47 
head = 1, count = 1 | 1 235 
head = 235, count = 1 | 234 235 
head = 234, count = 1 | 234 237 
head = 1, count = 4 | 1 237 
head = 47, count = 1 | 47 237 
head = 237, count = 2 | 237 243 
head = 1, count = 18 | 1 243 
head = 0, count = 1 | 0 243 
head = 237, count = 1 | 237 239 
head = 243, count = 1 | 243 239 
head = 243, count = 1 | 1 243 239 
head = 237, count = 1 | 1 237 
head = 243, count = 2 | 1 243 
head = 243, count = 1 | 243 92 
head = 1, count = 1 | 1 78 
head = 243, count = 4 | 243 76 
head = 237, count = 1 | 237 76 
head = 92, count = 1 | 92 76 
head = 76, count = 2 | 76 88 
head = 76, count = 1 | 76 79 
head = 88, count = 1 | 88 79 
head = 88, count = 1 | 1 88 
head = 243, count = 1 | 243 125 
head = 125, count = 1 | 141 125 
head = 243, count = 4 | 141 243 
head = 76, count = 1 | 141 76 
head = 79, count = 1 | 141 79 
head = 141, count = 1 | 141 128 
head = 141, count = 1 | 141 103 
head = 128, count = 2 | 128 103 
head = 1, count = 1 | 1 103 
head = 1, count = 1 | 1 47 103 
head = 76, count = 1 | 76 103 
head = 243, count = 1 | 243 103 
head = 103, count = 2 | 1 103 
head = 141, count = 5 | 1 141 
head = 103, count = 1 | 103 108 
head = 1, count = 2 | 1 108 
head = 76, count = 1 | 76 108 
head = 1, count = 2 | 1 317 
head = 243, count = 2 | 243 317 
head = 0, count = 2 | 0 317 
head = 317, count = 6 | 317 302 
head = 302, count = 4 | 302 307 
head = 317, count = 21 | 317 307 
head = 323, count = 1 | 323 307 
head = 243, count = 1 | 243 307 
head = 1, count = 29 | 1 307 
head = 0, count = 1 | 0 307 
head = 307, count = 60 | 1 307 
head = 302, count = 4 | 1 302 
head = 108, count = 1 | 1 108 307 
head = 1, count = 6 | 1 286 
head = 307, count = 11 | 1 307 286 
head = 286, count = 6 | 286 295 
head = 1, count = 14 | 1 295 
head = 295, count = 17 | 295 285 
head = 285, count = 8 | 1 285 
head = 1, count = 5 | 1 152 
head = 152, count = 4 | 152 146 
head = 146, count = 5 | 146 144 
head = 1, count = 19 | 1 144 
head = 307, count = 24 | 307 144 
head = 317, count = 1 | 317 144 
head = 323, count = 1 | 323 144 
head = 285, count = 4 | 285 144 
head = 144, count = 1 | 144 143 
head = 143, count = 1 | 155 143 
head = 155, count = 5 | 155 149 
head = 1, count = 4 | 1 143 149 
head = 286, count = 4 | 286 285 155 149 
head = 103, count = 1 | 152 103 285 147 
head = 1, count = 1 | 1 131 
head = 144, count = 20 | 144 131 
head = 144, count = 1 | 1 144 147 131 
head = 307, count = 1 | 307 131 
head = 0, count = 2 | 0 131 
head = 307, count = 1 | 1 307 295 131 
head = 108, count = 1 | 108 307 131 
head = 0, count = 1 | 0 1 141 237 76 144 131 
head = 243, count = 2 | 243 109 
head = 131, count = 1 | 131 109 
head = 109, count = 1 | 1 109 
head = 131, count = 4 | 1 131 
head = 109, count = 1 | 109 100 
head = 108, count = 1 | 108 307 112 100 
head = 1, count = 2 | 1 100 
head = 295, count = 1 | 295 100 
head = 108, count = 1 | 108 302 307 137 100 
head = 149, count = 4 | 1 149 
head = 149, count = 3 | 1 317 149 316 
head = 131, count = 1 | 317 131 
head = 317, count = 12 | 317 313 
head = 313, count = 7 | 313 350 
head = 1, count = 11 | 1 350 
head = 350, count = 9 | 313 350 
head = 131, count = 17 | 131 313 
head = 144, count = 6 | 144 313 
head = 307, count = 1 | 307 313 
head = 317, count = 1 | 317 302 313 
head = 350, count = 7 | 313 350 349 
head = 323, count = 1 | 323 313 
head = 313, count = 16 | 1 313 
head = 1, count = 7 | 1 305 
head = 1, count = 4 | 1 305 314 
head = 305, count = 4 | 305 283 
head = 314, count = 7 | 314 283 
head = 283, count = 4 | 283 281 287 
head = 109, count = 1 | 317 109 313 350 351 300 287 
head = 287, count = 7 | 287 301 
head = 287, count = 4 | 287 301 293 
head = 283, count = 4 | 283 287 293 
head = 293, count = 4 | 302 293 
head = 313, count = 5 | 302 313 
head = 131, count = 3 | 307 131 
head = 313, count = 9 | 307 313 
head = 307, count = 5 | 307 295 
head = 293, count = 3 | 307 303 293 
head = 144, count = 5 | 1 144 
head = 155, count = 2 | 1 155 
head = 149, count = 1 | 149 150 
head = 150, count = 13 | 150 148 
head = 148, count = 15 | 145 148 
head = 149, count = 1 | 149 145 150 
head = 295, count = 1 | 295 145 148 
head = 144, count = 4 | 1 144 154 
head = 144, count = 4 | 144 154 
head = 145, count = 4 | 145 154 
head = 1, count = 3 | 1 154 
head = 1, count = 3 | 1 144 154 
head = 147, count = 2 | 152 285 147 
head = 1, count = 1 | 1 139 
head = 307, count = 1 | 1 307 295 139 
head = 100, count = 1 | 307 100 139 
head = 154, count = 2 | 154 139 
head = 76, count = 1 | 76 104 
head = 100, count = 1 | 307 100 142 104 
head = 139, count = 1 | 139 104 
head = 104, count = 1 | 1 104 
head = 139, count = 4 | 1 139 
head = 154, count = 5 | 1 154 
head = 104, count = 1 | 104 140 
head = 1, count = 2 | 1 140 
head = 145, count = 1 | 145 140 
head = 243, count = 1 | 243 140 
head = 154, count = 2 | 1 317 147 154 
head = 302, count = 10 | 302 280 
head = 280, count = 3 | 350 280 
head = 350, count = 11 | 350 280 
head = 154, count = 1 | 154 280 
head = 350, count = 7 | 350 349 280 
head = 280, count = 25 | 1 280 
head = 1, count = 7 | 1 284 
head = 1, count = 2 | 1 284 290 
head = 284, count = 2 | 284 309 
head = 290, count = 7 | 290 309 
head = 309, count = 2 | 309 315 312 
head = 140, count = 1 | 302 350 351 140 280 296 312 
head = 312, count = 7 | 312 304 
head = 312, count = 2 | 312 304 292 
head = 309, count = 2 | 309 312 292 
head = 292, count = 2 | 307 292 
head = 144, count = 8 | 307 144 
head = 280, count = 2 | 307 280 
head = 292, count = 7 | 307 292 282 
head = 144, count = 2 | 144 150 
head = 149, count = 2 | 149 148 
head = 145, count = 10 | 145 150 148 
head = 148, count = 1 | 150 148 
head = 1, count = 1 | 1 117 
head = 307, count = 1 | 1 307 295 117 
head = 140, count = 1 | 307 140 117 
head = 154, count = 2 | 154 117 
head = 304, count = 1 | 307 304 126 119 
head = 117, count = 1 | 117 119 
head = 119, count = 1 | 1 119 
head = 117, count = 4 | 1 117 
head = 1, count = 2 | 1 113 
head = 140, count = 1 | 307 140 138 113 
head = 140, count = 1 | 307 140 113 
head = 104, count = 1 | 317 307 104 130 113 
head = 113, count = 2 | 1 113 
head = 154, count = 2 | 313 154 
head = 119, count = 1 | 317 313 350 351 300 287 119 
head = 1, count = 1 | 1 288 
head = 288, count = 5 | 288 306 
head = 306, count = 6 | 306 298 
head = 285, count = 2 | 285 288 298 
head = 286, count = 2 | 286 285 306 298 
head = 147, count = 2 | 285 147 298 
head = 1, count = 1 | 1 307 111 134 
head = 307, count = 1 | 1 307 295 134 
head = 113, count = 1 | 307 113 134 
head = 1, count = 2 | 1 134 
head = 103, count = 1 | 103 101 
head = 243, count = 1 | 243 101 
head = 134, count = 1 | 134 101 
head = 101, count = 1 | 1 101 
head = 134, count = 4 | 1 134 
head = 101, count = 2 | 101 106 
head = 113, count = 1 | 307 113 106 
head = 1, count = 2 | 1 106 
head = 301, count = 1 | 307 301 120 106 
head = 298, count = 4 | 1 298 
head = 298, count = 1 | 317 298 
head = 1, count = 1 | 1 313 
head = 106, count = 1 | 317 313 350 351 300 287 106 
head = 145, count = 8 | 145 150 
head = 145, count = 1 | 145 148 
head = 298, count = 1 | 145 148 298 
head = 0, count = 2 | 0 154 
head = 298, count = 2 | 152 285 147 298 
head = 1, count = 2 | 1 132 
head = 307, count = 1 | 1 307 295 132 
head = 106, count = 1 | 307 106 132 
head = 154, count = 1 | 154 132 
head = 106, count = 1 | 307 106 122 124 
head = 100, count = 1 | 100 124 
head = 132, count = 1 | 132 124 
head = 124, count = 1 | 1 124 
head = 132, count = 4 | 1 132 
head = 124, count = 2 | 124 116 
head = 106, count = 1 | 307 106 116 
head = 1, count = 2 | 1 116 
head = 1, count = 13 | 1 322 
head = 149, count = 1 | 1 149 316 322 
head = 154, count = 1 | 1 147 154 322 
head = 313, count = 16 | 313 322 
head = 307, count = 17 | 307 322 
head = 0, count = 1 | 0 322 
head = 144, count = 3 | 144 322 
head = 103, count = 1 | 103 317 307 114 322 
head = 322, count = 4 | 322 321 
head = 321, count = 2 | 321 318 
head = 322, count = 3 | 1 322 318 
head = 321, count = 2 | 317 321 
head = 322, count = 2 | 317 322 
head = 116, count = 1 | 317 313 350 351 300 287 116 
head = 293, count = 4 | 350 303 293 
head = 313, count = 1 | 313 280 
head = 318, count = 2 | 302 350 351 280 296 312 318 
head = 322, count = 43 | 307 322 
head = 149, count = 1 | 149 288 
head = 147, count = 1 | 285 147 298 116 
head = 1, count = 3 | 1 102 
head = 307, count = 1 | 1 307 295 102 
head = 116, count = 1 | 307 116 102 
head = 1, count = 1 | 1 80 
head = 304, count = 1 | 307 304 133 80 
head = 141, count = 1 | 141 128 80 
head = 102, count = 2 | 102 80 
head = 105, count = 1 | 105 87 
head = 103, count = 1 | 103 87 
head = 80, count = 5 | 1 80 
head = 301, count = 1 | 1 307 301 127 
head = 307, count = 1 | 1 307 295 
head = 102, count = 3 | 1 102 
head = 116, count = 1 | 1 307 116 136 
head = 301, count = 1 | 1 307 301 129 
head = 301, count = 1 | 1 307 301 107 
head = 322, count = 5 | 1 322 
head = 100, count = 1 | 1 302 307 100 110 
head = 103, count = 1 | 1 103 87 
head = 237, count = 1 | 237 98 
head = 1, count = 1 | 1 98 
head = 243, count = 1 | 243 98 
head = 78, count = 1 | 1 78 76 79 98 
head = 98, count = 1 | 98 82 
head = 79, count = 1 | 105 79 81 82 
head = 1, count = 1 | 1 82 
head = 116, count = 1 | 307 116 82 
head = 237, count = 1 | 237 82 
head = 106, count = 1 | 317 302 307 106 123 
head = 113, count = 1 | 302 307 350 113 115 
head = 284, count = 5 | 284 290 
head = 1, count = 4 | 1 290 309 
head = 1, count = 5 | 1 312 
head = 82, count = 1 | 302 350 351 280 296 312 82 
head = 309, count = 5 | 309 315 312 304 292 
head = 312, count = 5 | 307 312 
head = 309, count = 4 | 307 309 
head = 286, count = 5 | 286 285 
head = 285, count = 4 | 285 288 306 298 
head = 298, count = 3 | 285 298 
head = 1, count = 3 | 1 89 
head = 307, count = 1 | 307 295 89 
head = 82, count = 1 | 307 82 89 
head = 98, count = 1 | 307 99 98 69 
head = 82, count = 1 | 307 82 84 69 
head = 98, count = 1 | 1 98 82 69 
head = 89, count = 4 | 1 89 
head = 69, count = 1 | 69 64 
head = 1, count = 1 | 1 64 
head = 100, count = 1 | 307 100 64 
head = 89, count = 1 | 322 89 
head = 295, count = 2 | 295 322 
head = 98, count = 1 | 317 307 322 98 
head = 307, count = 3 | 1 307 295 285 
head = 322, count = 1 | 350 322 
head = 1, count = 2 | 1 350 322 
head = 305, count = 3 | 305 314 
head = 1, count = 2 | 1 314 283 
head = 1, count = 3 | 1 287 
head = 69, count = 1 | 317 313 350 351 300 287 69 
head = 283, count = 3 | 283 281 287 301 293 
head = 287, count = 3 | 302 287 
head = 283, count = 2 | 350 283 
head = 298, count = 1 | 288 298 
head = 1, count = 3 | 1 85 
head = 307, count = 1 | 307 295 85 
head = 64, count = 1 | 307 64 85 
head = 1, count = 1 | 1 73 
head = 304, count = 1 | 307 304 75 73 
head = 69, count = 1 | 1 69 64 73 
head = 85, count = 4 | 1 85 
head = 73, count = 1 | 1 73 95 
head = 64, count = 1 | 307 64 83 95 
head = 1, count = 1 | 1 95 
head = 64, count = 1 | 307 64 95 
head = 73, count = 1 | 73 95 
head = 295, count = 1 | 317 295 
head = 298, count = 1 | 350 298 
head = 73, count = 1 | 317 313 350 351 287 73 
head = 95, count = 1 | 302 350 351 300 301 280 296 312 95 
head = 85, count = 1 | 307 85 
head = 295, count = 3 | 1 295 
head = 1, count = 1 | 1 146 
head = 285, count = 1 | 285 155 143 149 
head = 298, count = 2 | 145 150 148 298 
head = 1, count = 2 | 1 94 
head = 307, count = 1 | 307 295 94 
head = 95, count = 1 | 307 95 94 
head = 154, count = 1 | 154 94 
head = 301, count = 1 | 307 301 68 
head = 301, count = 1 | 307 301 77 68 
head = 95, count = 1 | 307 95 86 68 
head = 94, count = 4 | 1 94 
head = 68, count = 1 | 1 68 65 
head = 1, count = 1 | 1 65 
head = 82, count = 1 | 307 82 65 
head = 82, count = 1 | 82 65 
head = 304, count = 1 | 307 304 93 97 65 
head = 152, count = 1 | 1 152 317 147 
head = 154, count = 1 | 350 154 
head = 149, count = 1 | 149 316 350 
head = 65, count = 1 | 302 350 351 280 312 65 
head = 154, count = 1 | 307 154 
head = 94, count = 1 | 307 94 
head = 148, count = 1 | 148 288 
head = 1, count = 3 | 1 66 
head = 307, count = 1 | 307 295 66 
head = 65, count = 1 | 307 65 66 
head = 1, count = 1 | 1 92 231 229 
head = 304, count = 1 | 1 307 304 96 229 
head = 239, count = 1 | 239 88 229 
head = 66, count = 2 | 66 229 
head = 87, count = 1 | 87 242 
head = 87, count = 1 | 87 64 242 
head = 229, count = 2 | 1 229 
head = 1, count = 1 | 1 242 
head = 239, count = 1 | 239 92 236 
head = 1, count = 1 | 1 236 
head = 68, count = 1 | 1 307 68 67 
head = 229, count = 1 | 322 229 
head = 304, count = 1 | 307 304 322 
head = 65, count = 1 | 307 351 296 304 322 65 71 
head = 66, count = 2 | 322 66 
head = 307, count = 1 | 307 295 285 322 
head = 298, count = 1 | 298 322 
head = 65, count = 1 | 307 322 65 90 
head = 95, count = 1 | 322 95 
head = 236, count = 1 | 322 236 
head = 322, count = 1 | 322 320 
head = 320, count = 1 | 318 320 
head = 68, count = 1 | 1 317 307 68 
head = 322, count = 1 | 317 322 320 
head = 318, count = 1 | 317 313 350 351 287 318 
head = 301, count = 1 | 302 350 351 301 280 296 312 
head = 1, count = 1 | 1 235 41 16 
head = 304, count = 1 | 1 307 304 240 16 
head = 47, count = 1 | 47 243 16 
head = 229, count = 1 | 229 16 
head = 229, count = 1 | 1 229 16 
head = 16, count = 2 | 1 16 
head = 1, count = 6 | 1 263 
head = 16, count = 1 | 16 263 
head = 307, count = 14 | 307 263 
head = 298, count = 1 | 298 263 
head = 322, count = 1 | 322 263 
head = 295, count = 1 | 295 263 
head = 313, count = 1 | 1 317 302 313 280 263 
head = 236, count = 1 | 307 351 300 301 236 228 230 263 
head = 307, count = 1 | 1 307 295 263 
head = 0, count = 2 | 0 263 
head = 263, count = 6 | 265 263 
head = 265, count = 2 | 265 246 
head = 246, count = 1 | 246 227 
head = 263, count = 3 | 227 263 
head = 263, count = 1 | 254 263 
head = 254, count = 1 | 254 250 
head = 227, count = 1 | 227 250 
head = 250, count = 1 | 227 250 
head = 307, count = 1 | 307 295 285 227 
head = 1, count = 1 | 1 227 
head = 285, count = 1 | 285 227 
head = 227, count = 1 | 227 248 
head = 250, count = 1 | 227 250 248 
head = 248, count = 1 | 248 258 
head = 227, count = 1 | 227 258 
head = 248, count = 1 | 248 257 
head = 258, count = 1 | 258 257 
head = 298, count = 1 | 298 256 255 
head = 258, count = 1 | 258 257 259 
head = 257, count = 1 | 257 255 251 
head = 227, count = 1 | 265 246 227 
head = 251, count = 1 | 265 227 251 
head = 259, count = 1 | 265 259 251 
head = 246, count = 1 | 246 225 
head = 265, count = 2 | 265 225 
head = 263, count = 20 | 263 225 
head = 307, count = 1 | 307 225 
head = 313, count = 1 | 307 313 280 225 
head = 242, count = 1 | 242 236 225 
head = 225, count = 1 | 265 246 225 
head = 225, count = 2 | 265 225 
head = 265, count = 2 | 265 264 
head = 242, count = 1 | 265 242 263 28 
head = 264, count = 2 | 1 264 
head = 265, count = 2 | 265 183 
head = 227, count = 1 | 227 183 
head = 183, count = 1 | 168 183 
head = 168, count = 1 | 1 168 
head = 227, count = 3 | 1 227 
head = 225, count = 2 | 1 225 
head = 257, count = 1 | 1 257 
head = 1, count = 1 | 1 177 
head = 183, count = 1 | 183 177 
head = 177, count = 1 | 177 184 
head = 184, count = 2 | 184 188 
head = 1, count = 1 | 1 188 
head = 188, count = 2 | 188 202 
head = 184, count = 1 | 184 202 
head = 16, count = 1 | 16 202 
head = 16, count = 1 | 1 227 16 202 
head = 183, count = 1 | 183 203 
head = 202, count = 1 | 202 187 
head = 187, count = 1 | 1 187 
head = 202, count = 4 | 1 202 
head = 203, count = 1 | 203 198 
head = 1, count = 1 | 1 198 
head = 1, count = 1 | 1 198 196 
head = 1, count = 1 | 1 196 
head = 188, count = 1 | 188 196 
head = 198, count = 1 | 198 169 
head = 196, count = 2 | 196 169 
head = 169, count = 1 | 169 181 
head = 181, count = 1 | 1 181 
head = 169, count = 1 | 1 169 
head = 1, count = 1 | 1 176 
head = 177, count = 1 | 177 176 
head = 176, count = 1 | 176 190 
head = 1, count = 1 | 1 190 
head = 190, count = 2 | 190 207 
head = 207, count = 1 | 207 174 
head = 1, count = 3 | 1 174 
head = 196, count = 1 | 196 190 174 
head = 174, count = 4 | 1 174 
head = 1, count = 6 | 1 7 
head = 225, count = 17 | 225 7 
head = 322, count = 1 | 322 7 
head = 0, count = 1 | 0 7 
head = 1, count = 1 | 1 7 6 5 
head = 7, count = 3 | 7 2 
head = 2, count = 3 | 2 3 
head = 5, count = 3 | 5 3 
head = 3, count = 3 | 3 4 
head = 4, count = 1 | 1 4 197 
head = 3, count = 1 | 1 3 4 197 
head = 7, count = 20 | 7 197 
head = 225, count = 1 | 225 197 
head = 0, count = 1 | 0 197 
head = 197, count = 5 | 1 197 
head = 169, count = 1 | 169 5 
head = 1, count = 1 | 1 7 6 5 179 
head = 3, count = 1 | 1 3 4 179 
head = 179, count = 1 | 1 179 204 
head = 179, count = 1 | 1 179 
head = 197, count = 1 | 197 342 
head = 197, count = 1 | 7 197 
head = 1, count = 1 | 1 5 
head = 3, count = 1 | 3 4 342 
head = 342, count = 2 | 342 332 
head = 7, count = 2 | 7 332 
head = 197, count = 16 | 197 332 
head = 322, count = 4 | 322 332 
head = 307, count = 8 | 307 332 
head = 1, count = 1 | 1 141 237 76 227 332 
head = 225, count = 1 | 225 332 
head = 1, count = 4 | 1 332 
head = 4, count = 1 | 4 342 332 
head = 0, count = 7 | 0 332 
head = 317, count = 1 | 317 302 264 188 197 179 342 332 
head = 323, count = 1 | 323 332 
head = 0, count = 3 | 0 1 141 237 76 227 144 332 
head = 207, count = 1 | 207 7 3 332 
head = 323, count = 1 | 0 323 332 
head = 307, count = 1 | 307 322 332 
head = 263, count = 1 | 265 263 264 188 197 179 342 332 
head = 332, count = 24 | 332 334 
head = 0, count = 1 | 0 323 1 243 317 307 144 131 313 322 263 225 7 332 334 
head = 323, count = 1 | 323 334 
head = 334, count = 25 | 1 334 
head = 332, count = 20 | 1 332 
head = 323, count = 1 | 323 1 332 
head = 1, count = 1 | 1 331 
head = 145, count = 3 | 1 145 
head = 1, count = 1 | 1 325 331 329 
head = 331, count = 1 | 331 329 
head = 329, count = 2 | 329 330 
head = 7, count = 1 | 1 7 
head = 0, count = 1 | 0 1 332 
head = 0, count = 1 | 0 323 1 307 265 263 332 
head = 0, count = 1 | 0 1 263 
head = 95, count = 1 | 1 307 95 
head = 0, count = 1 | 0 1 144 332 
head = 323, count = 1 | 323 1 307 322 225 
head = 0, count = 1 | 0 1 141 237 76 227 144 131 154 139 117 134 132 102 80 89 85 94 66 229 16 202 174 332 
head = 0, count = 1 | 0 1 141 237 76 144 
head = 1, count = 2 | 1 161 
head = 161, count = 2 | 161 160 
head = 1, count = 40 | 1 160 
head = 225, count = 1 | 225 160 
head = 1, count = 2 | 1 157 
head = 160, count = 24 | 160 158 
head = 1, count = 1 | 1 160 158 
head = 330, count = 1 | 1 330 161 157 345 
head = 158, count = 8 | 1 158 
head = 160, count = 5 | 1 160 
head = 332, count = 1 | 1 332 160 
head = 1, count = 3 | 1 327 
head = 330, count = 1 | 1 330 327 
head = 327, count = 2 | 1 327 
head = 327, count = 1 | 327 58 
head = 1, count = 2 | 1 55 
head = 55, count = 2 | 55 57 
head = 58, count = 2 | 58 57 
head = 57, count = 4 | 54 57 
head = 54, count = 4 | 1 54 
head = 1, count = 34 | 1 337 
head = 158, count = 1 | 1 158 327 337 
head = 158, count = 10 | 158 337 
head = 0, count = 1 | 0 332 337 
head = 47, count = 1 | 47 235 326 
head = 28, count = 1 | 28 183 203 326 
head = 326, count = 1 | 326 333 
head = 337, count = 23 | 337 339 
head = 1, count = 3 | 1 339 
head = 1, count = 1 | 1 157 339 
head = 1, count = 3 | 1 336 
head = 339, count = 23 | 339 336 
head = 243, count = 1 | 243 88 128 295 287 312 321 258 184 196 190 3 57 336 
head = 0, count = 2 | 0 336 
head = 323, count = 1 | 323 332 336 
head = 323, count = 1 | 323 336 
head = 1, count = 1 | 1 7 6 5 332 193 173 
head = 332, count = 1 | 1 332 173 
head = 190, count = 1 | 190 173 
head = 1, count = 1 | 1 173 
head = 339, count = 1 | 339 173 
head = 225, count = 1 | 225 28 50 
head = 50, count = 1 | 50 49 
head = 49, count = 233 | 49 37 
head = 37, count = 266 | 49 37 
head = 323, count = 31 | 323 37 
head = 0, count = 2 | 0 37 
head = 49, count = 1 | 49 27 
head = 1, count = 4 | 1 165 
head = 4, count = 1 | 1 4 179 165 
head = 327, count = 1 | 327 58 344 335 333 165 
head = 332, count = 1 | 1 332 336 165 
head = 1, count = 1 | 1 337 335 165 
head = 336, count = 12 | 336 165 
head = 1, count = 2 | 1 336 165 
head = 332, count = 3 | 332 165 
head = 337, count = 6 | 337 165 
head = 131, count = 1 | 144 131 154 139 117 134 132 102 80 89 85 94 66 229 16 202 174 173 165 
head = 198, count = 1 | 198 169 207 195 178 185 165 
head = 176, count = 1 | 176 201 165 
head = 323, count = 2 | 323 332 165 
head = 323, count = 7 | 323 165 
head = 173, count = 2 | 173 165 
head = 165, count = 10 | 165 162 
head = 162, count = 10 | 162 164 
head = 165, count = 2 | 165 164 
head = 164, count = 10 | 164 167 
head = 165, count = 20 | 165 167 
head = 337, count = 1 | 337 339 336 165 167 
head = 323, count = 2 | 323 167 
head = 322, count = 1 | 322 167 
head = 337, count = 2 | 337 165 162 164 167 
head = 167, count = 17 | 1 167 
head = 1, count = 1 | 1 62 
head = 62, count = 1 | 62 60 
head = 49, count = 1 | 49 21 9 418 417 
head = 49, count = 28 | 49 417 
head = 417, count = 1 | 417 416 
head = 416, count = 1 | 416 415 
head = 49, count = 21 | 49 415 
head = 49, count = 28 | 49 417 415 
head = 27, count = 1 | 27 62 413 417 416 415 
head = 415, count = 1 | 415 412 
head = 412, count = 1 | 412 414 
head = 60, count = 1 | 1 60 59 
head = 1, count = 2 | 1 212 
head = 167, count = 2 | 167 212 
head = 173, count = 1 | 173 212 
head = 154, count = 1 | 154 212 
head = 28, count = 1 | 28 212 
head = 212, count = 2 | 1 212 
head = 165, count = 1 | 1 165 
head = 336, count = 1 | 1 336 
head = 339, count = 1 | 1 339 
head = 167, count = 1 | 167 214 
head = 214, count = 1 | 214 222 
head = 1, count = 11 | 1 222 
head = 167, count = 6 | 167 222 
head = 336, count = 12 | 336 222 
head = 337, count = 3 | 337 222 
head = 307, count = 1 | 307 350 54 250 222 
head = 160, count = 3 | 160 222 
head = 158, count = 5 | 158 222 
head = 212, count = 1 | 212 223 
head = 145, count = 2 | 145 223 
head = 222, count = 2 | 222 221 
head = 212, count = 1 | 1 212 218 208 
head = 223, count = 1 | 223 208 
head = 164, count = 1 | 1 164 
head = 337, count = 4 | 1 337 
head = 208, count = 1 | 208 211 
head = 212, count = 1 | 212 211 
head = 1, count = 33 | 1 211 
head = 1, count = 1 | 1 222 211 
head = 222, count = 5 | 222 211 
head = 222, count = 1 | 1 222 211 
head = 221, count = 2 | 221 211 
head = 222, count = 2 | 222 408 
head = 211, count = 1 | 211 408 
head = 408, count = 2 | 211 408 
head = 211, count = 1 | 211 389 
head = 389, count = 47 | 211 389 
head = 211, count = 58 | 211 384 
head = 211, count = 1 | 211 389 384 
head = 408, count = 1 | 408 384 
head = 222, count = 28 | 222 384 
head = 337, count = 2 | 337 384 
head = 336, count = 1 | 336 384 
head = 158, count = 1 | 158 384 
head = 1, count = 7 | 1 384 
head = 167, count = 1 | 167 384 
head = 384, count = 25 | 384 360 
head = 384, count = 50 | 211 384 391 
head = 223, count = 2 | 223 381 379 
head = 360, count = 14 | 211 360 
head = 384, count = 31 | 211 384 
head = 211, count = 16 | 211 278 
head = 384, count = 5 | 384 278 
head = 1, count = 6 | 1 278 
head = 0, count = 1 | 0 1 278 
head = 278, count = 6 | 278 276 
head = 384, count = 20 | 384 276 
head = 337, count = 2 | 337 276 
head = 384, count = 1 | 384 410 267 278 279 
head = 211, count = 1 | 211 267 274 
head = 211, count = 60 | 211 385 
head = 279, count = 3 | 211 279 406 
head = 385, count = 59 | 211 385 
head = 274, count = 3 | 211 274 
head = 276, count = 1 | 211 276 279 
head = 276, count = 3 | 211 276 
head = 278, count = 11 | 211 278 
head = 276, count = 1 | 211 276 406 385 
head = 0, count = 1 | 0 1 211 
head = 211, count = 118 | 211 364 
head = 211, count = 1 | 211 386 
head = 379, count = 27 | 381 379 
head = 278, count = 2 | 278 269 
head = 276, count = 82 | 276 269 
head = 386, count = 6 | 386 269 
head = 276, count = 2 | 276 273 
head = 278, count = 6 | 278 273 
head = 211, count = 2 | 211 273 
head = 269, count = 4 | 269 273 
head = 278, count = 1 | 211 278 273 
head = 211, count = 2 | 211 410 267 278 279 277 
head = 364, count = 2 | 211 267 274 364 375 
head = 385, count = 58 | 385 386 
head = 273, count = 2 | 211 279 273 
head = 273, count = 10 | 211 273 
head = 269, count = 23 | 211 269 
head = 276, count = 1 | 276 406 385 386 273 
head = 208, count = 1 | 208 362 381 379 380 
head = 211, count = 38 | 211 410 406 
head = 364, count = 48 | 211 364 375 
head = 364, count = 25 | 211 364 
head = 269, count = 7 | 385 386 269 
head = 269, count = 8 | 406 386 269 
head = 379, count = 23 | 381 379 380 
head = 276, count = 3 | 276 406 385 386 
head = 269, count = 23 | 406 385 386 269 
head = 276, count = 2 | 278 276 
head = 0, count = 1 | 0 1 141 237 76 227 144 332 337 211 278 273 
head = 386, count = 1 | 278 386 
head = 1, count = 1 | 1 211 278 
head = 364, count = 1 | 211 278 364 
head = 406, count = 1 | 406 385 386 
head = 211, count = 6 | 211 399 
head = 211, count = 6 | 211 399 407 
head = 399, count = 47 | 399 407 
head = 211, count = 49 | 211 407 
head = 384, count = 1371 | 384 407 
head = 364, count = 8 | 211 364 375 365 407 
head = 278, count = 4 | 278 407 
head = 276, count = 8 | 276 407 
head = 407, count = 59 | 211 407 
head = 407, count = 46 | 407 409 395 
head = 407, count = 243 | 407 395 
head = 276, count = 9 | 276 395 
head = 339, count = 1 | 339 395 
head = 1, count = 3 | 1 395 
head = 211, count = 3 | 211 395 
head = 269, count = 3 | 269 395 
head = 364, count = 1 | 364 395 
head = 384, count = 46 | 384 395 
head = 211, count = 1 | 211 408 362 410 397 395 
head = 222, count = 1 | 222 395 
head = 395, count = 298 | 395 400 
head = 160, count = 1 | 160 400 
head = 384, count = 2 | 384 400 
head = 395, count = 46 | 395 376 
head = 211, count = 1 | 211 389 376 
head = 400, count = 115 | 400 376 
head = 1, count = 1 | 1 211 376 
head = 376, count = 46 | 376 390 
head = 376, count = 67 | 376 378 
head = 332, count = 1 | 332 378 
head = 211, count = 1 | 211 362 378 
head = 386, count = 24 | 386 402 390 378 359 377 
head = 400, count = 46 | 400 383 390 378 396 
head = 378, count = 46 | 378 396 
head = 376, count = 48 | 376 396 
head = 400, count = 188 | 400 396 
head = 407, count = 46 | 211 389 407 376 
head = 211, count = 46 | 211 389 384 376 390 
head = 396, count = 322 | 384 396 
head = 378, count = 18 | 384 378 
head = 407, count = 1092 | 384 407 
head = 395, count = 46 | 384 395 
head = 384, count = 7 | 211 384 410 406 
head = 395, count = 4 | 211 395 
head = 379, count = 8 | 362 381 379 380 
head = 211, count = 13 | 211 370 
head = 364, count = 13 | 364 370 
head = 370, count = 18 | 370 403 
head = 211, count = 37 | 211 403 
head = 211, count = 3 | 211 370 403 
head = 173, count = 1 | 173 403 
head = 211, count = 1 | 211 395 403 
head = 386, count = 17 | 406 385 386 
head = 211, count = 11 | 211 410 406 370 403 
head = 403, count = 61 | 211 403 
head = 386, count = 9 | 406 386 
head = 377, count = 1 | 406 385 386 377 
head = 370, count = 3 | 211 370 
head = 376, count = 8 | 362 410 397 395 376 383 390 378 396 
head = 407, count = 50 | 407 400 
head = 390, count = 46 | 389 376 390 
head = 378, count = 45 | 362 378 
head = 364, count = 4 | 364 370 403 
head = 386, count = 5 | 385 386 
head = 370, count = 1 | 370 363 
head = 386, count = 2 | 406 386 363 
head = 211, count = 1 | 211 378 370 403 
head = 211, count = 1 | 211 360 
head = 364, count = 1 | 211 364 375 365 
head = 360, count = 17 | 211 360 399 
head = 384, count = 38 | 384 399 407 
head = 211, count = 17 | 211 365 407 
head = 376, count = 37 | 362 397 395 376 383 390 378 396 
head = 386, count = 7 | 386 402 390 378 377 
head = 403, count = 2 | 211 399 403 
head = 211, count = 2 | 211 399 407 370 403 
head = 403, count = 2 | 407 403 
head = 377, count = 11 | 402 390 378 359 377 
head = 363, count = 1 | 402 390 378 377 363 
head = 211, count = 5 | 211 365 
head = 211, count = 1 | 211 381 
head = 384, count = 22 | 384 399 
head = 384, count = 22 | 384 391 407 
head = 384, count = 22 | 211 384 391 407 
head = 370, count = 1 | 378 370 363 
head = 384, count = 1 | 384 410 406 399 407 
head = 363, count = 1 | 402 390 378 359 377 363 
head = 269, count = 2 | 269 402 390 378 359 377 
head = 407, count = 1 | 407 409 400 
head = 376, count = 1 | 362 397 376 383 390 378 396 
head = 400, count = 1 | 400 383 396 
head = 396, count = 6 | 396 401 
head = 401, count = 4 | 211 401 
head = 167, count = 5 | 167 211 
head = 396, count = 1 | 211 396 
head = 165, count = 1 | 165 211 
head = 164, count = 1 | 164 167 211 
head = 378, count = 3 | 211 378 
head = 276, count = 1 | 211 384 276 407 
head = 332, count = 1 | 332 211 
head = 211, count = 2 | 211 369 
head = 401, count = 2 | 401 404 
head = 369, count = 2 | 369 404 
head = 211, count = 3 | 211 404 
head = 404, count = 2 | 404 398 
head = 370, count = 3 | 378 370 398 
head = 211, count = 2 | 211 398 
head = 364, count = 15 | 364 378 398 
head = 363, count = 2 | 378 363 398 
head = 211, count = 3 | 211 378 398 
head = 0, count = 1 | 0 1 141 237 76 227 144 332 337 211 278 273 398 
head = 395, count = 1 | 395 378 398 
head = 211, count = 1 | 211 378 403 398 
head = 398, count = 27 | 398 382 
head = 404, count = 2 | 404 382 
head = 211, count = 5 | 211 382 
head = 404, count = 1 | 211 404 
head = 211, count = 1 | 211 384 407 
head = 382, count = 1 | 211 382 
head = 384, count = 1 | 211 384 407 
head = 398, count = 1 | 211 398 
head = 211, count = 1 | 211 384 407 400 396 401 404 
head = 211, count = 1 | 211 384 407 400 376 396 401 369 404 
head = 211, count = 1 | 211 384 400 376 396 401 369 404 
head = 211, count = 2 | 211 209 
head = 1, count = 2 | 1 209 
head = 382, count = 4 | 382 209 
head = 378, count = 1 | 362 378 209 
head = 1, count = 1 | 1 34 
head = 376, count = 1 | 1 211 376 34 
head = 379, count = 1 | 362 381 379 380 34 
head = 212, count = 1 | 212 34 
head = 211, count = 1 | 211 34 
head = 326, count = 1 | 326 165 208 30 
head = 34, count = 2 | 1 34 
head = 212, count = 1 | 58 212 214 208 362 380 29 
head = 1, count = 2 | 1 46 
head = 209, count = 2 | 209 46 
head = 376, count = 1 | 211 376 383 396 46 
head = 382, count = 4 | 382 46 
head = 404, count = 1 | 404 411 46 
head = 404, count = 1 | 404 46 
head = 337, count = 1 | 337 46 
head = 211, count = 12 | 211 46 
head = 46, count = 2 | 46 24 
head = 157, count = 1 | 1 157 326 360 24 
head = 211, count = 1 | 211 24 
head = 34, count = 1 | 34 24 
head = 24, count = 3 | 24 39 
head = 46, count = 1 | 46 39 
head = 382, count = 3 | 382 39 
head = 209, count = 2 | 209 39 
head = 1, count = 1 | 1 46 19 
head = 39, count = 2 | 39 40 
head = 258, count = 1 | 258 184 196 40 
head = 398, count = 1 | 398 40 
head = 24, count = 1 | 24 40 
head = 40, count = 4 | 40 17 
head = 1, count = 2 | 1 17 
head = 65, count = 1 | 307 65 17 
head = 295, count = 7 | 295 17 
head = 382, count = 1 | 382 209 39 17 
head = 1, count = 1 | 1 157 17 
head = 17, count = 2 | 17 11 
head = 145, count = 1 | 145 35 17 11 
head = 407, count = 2 | 407 11 
head = 11, count = 2 | 11 38 
head = 1, count = 1 | 1 265 263 38 
head = 17, count = 2 | 17 38 
head = 38, count = 4 | 38 15 
head = 1, count = 1 | 1 15 
============================================================
BBLSwitchCount - Thread 0
from = 0 | 323:1 1:1 
from = 323 | 0:1 
from = 1 | 0:1 33:1 47:1 235:1 234:1 237:1 238:1 243:1 239:1 92:1 78:1 76:1 70:1 88:1 79:1 105:1 125:1 141:1 118:1 128:1 103:1 108:1 317:11 302:11 307:11 297:11 286:11 289:11 295:11 285:11 291:5 152:5 146:5 144:5 143:5 155:5 149:5 153:5 151:5 147:5 316:5 310:11 137:1 112:1 131:1 114:1 109:1 100:1 313:7 294:7 305:7 314:7 283:7 281:7 300:7 287:7 301:7 293:7 303:7 311:7 150:15 148:15 145:15 154:4 110:1 142:1 139:1 120:1 104:1 140:1 280:7 299:7 284:7 290:7 309:7 315:7 296:7 312:7 304:7 292:7 282:7 308:7 126:1 138:1 117:1 130:1 119:1 113:1 288:6 306:6 298:6 115:1 111:1 134:1 127:1 101:1 106:1 123:1 122:1 132:1 107:1 124:1 116:1 322:3 319:3 321:2 318:3 121:1 133:1 136:1 102:1 129:1 135:1 81:1 80:1 87:1 91:1 98:1 82:1 75:1 84:1 89:1 99:1 69:1 64:1 72:1 96:1 83:1 85:1 77:1 73:1 95:1 93:1 86:1 94:1 97:1 68:1 65:1 71:1 90:1 66:1 67:1 74:1 231:1 229:1 242:1 233:1 236:1 320:1 232:1 240:1 228:1 230:1 241:1 41:1 16:1 13:1 263:1 262:1 265:2 264:1 266:1 261:1 22:1 28:1 183:1 168:1 205:1 177:1 200:1 184:1 188:1 202:1 182:1 203:1 187:1 199:1 198:1 206:1 196:1 169:1 181:1 186:1 176:1 171:1 190:1 207:1 174:1 192:1 7:2 6:2 5:2 2:2 8:2 3:2 4:2 197:1 170:1 179:1 189:1 204:1 175:1 180:1 342:1 328:1 332:1 334:1 341:1 346:1 325:1 331:1 324:1 338:1 329:1 330:1 161:1 160:1 159:1 157:33 158:1 156:1 345:1 343:1 340:1 327:1 58:2 55:2 53:2 57:2 54:2 56:2 52:2 337:1 344:1 335:1 326:1 333:1 339:1 336:1 193:1 173:1 172:1 195:1 194:1 178:1 185:1 201:1 191:1 50:1 49:312 37:311 27:1 165:1 162:1 164:1 166:1 163:1 167:1 21:1 18:1 9:1 44:1 62:1 61:1 60:1 63:1 59:1 26:1 43:1 212:1 214:1 222:1 217:1 219:1 216:1 218:1 223:2 215:1 213:1 221:1 220:1 208:1 211:1 209:1 210:1 29:1 34:1 32:1 30:1 46:1 12:1 25:1 24:1 45:1 39:1 36:1 42:1 19:1 40:1 31:1 35:11 17:11 23:11 10:1 14:1 11:1 20:1 38:1 48:1 15:1 51:1 
from = 33 | 1:1 
from = 47 | 1:1 
from = 235 | 1:1 
from = 234 | 1:1 
from = 237 | 1:1 
from = 238 | 1:1 
from = 243 | 1:1 
from = 239 | 1:1 
from = 92 | 1:1 
from = 78 | 1:1 
from = 76 | 1:1 
from = 70 | 1:1 
from = 88 | 1:1 
from = 79 | 1:1 
from = 105 | 1:1 
from = 125 | 1:1 
from = 141 | 1:1 
from = 118 | 1:1 
from = 128 | 1:1 
from = 103 | 1:1 
from = 108 | 1:1 
from = 317 | 1:11 
from = 302 | 1:11 
from = 307 | 1:11 
from = 297 | 1:11 
from = 286 | 1:11 
from = 289 | 1:11 
from = 295 | 1:11 
from = 285 | 1:11 
from = 291 | 1:5 
from = 152 | 1:5 
from = 146 | 1:5 
from = 144 | 1:5 
from = 143 | 1:5 
from = 155 | 1:5 
from = 149 | 1:5 
from = 153 | 1:5 
from = 151 | 1:5 
from = 147 | 1:5 
from = 316 | 1:5 
from = 310 | 1:11 
from = 137 | 1:1 
from = 112 | 1:1 
from = 131 | 1:1 
from = 114 | 1:1 
from = 109 | 1:1 
from = 100 | 1:1 
from = 313 | 1:7 350:7 349:7 347:7 351:7 348:7 
from = 350 | 313:7 280:7 
from = 349 | 313:7 280:7 
from = 347 | 313:7 280:7 
from = 351 | 313:7 280:7 
from = 348 | 313:7 280:7 
from = 294 | 1:7 
from = 305 | 1:7 
from = 314 | 1:7 
from = 283 | 1:7 
from = 281 | 1:7 
from = 300 | 1:7 
from = 287 | 1:7 
from = 301 | 1:7 
from = 293 | 1:7 
from = 303 | 1:7 
from = 311 | 1:7 
from = 150 | 1:15 
from = 148 | 1:15 
from = 145 | 1:15 
from = 154 | 1:4 
from = 110 | 1:1 
from = 142 | 1:1 
from = 139 | 1:1 
from = 120 | 1:1 
from = 104 | 1:1 
from = 140 | 1:1 
from = 280 | 1:7 350:7 349:7 347:7 351:7 348:7 
from = 299 | 1:7 
from = 284 | 1:7 
from = 290 | 1:7 
from = 309 | 1:7 
from = 315 | 1:7 
from = 296 | 1:7 
from = 312 | 1:7 
from = 304 | 1:7 
from = 292 | 1:7 
from = 282 | 1:7 
from = 308 | 1:7 
from = 126 | 1:1 
from = 138 | 1:1 
from = 117 | 1:1 
from = 130 | 1:1 
from = 119 | 1:1 
from = 113 | 1:1 
from = 288 | 1:6 
from = 306 | 1:6 
from = 298 | 1:6 
from = 115 | 1:1 
from = 111 | 1:1 
from = 134 | 1:1 
from = 127 | 1:1 
from = 101 | 1:1 
from = 106 | 1:1 
from = 123 | 1:1 
from = 122 | 1:1 
from = 132 | 1:1 
from = 107 | 1:1 
from = 124 | 1:1 
from = 116 | 1:1 
from = 322 | 1:3 
from = 319 | 1:3 
from = 321 | 1:2 
from = 318 | 1:3 
from = 121 | 1:1 
from = 133 | 1:1 
from = 136 | 1:1 
from = 102 | 1:1 
from = 129 | 1:1 
from = 135 | 1:1 
from = 81 | 1:1 
from = 80 | 1:1 
from = 87 | 1:1 
from = 91 | 1:1 
from = 98 | 1:1 
from = 82 | 1:1 
from = 75 | 1:1 
from = 84 | 1:1 
from = 89 | 1:1 
from = 99 | 1:1 
from = 69 | 1:1 
from = 64 | 1:1 
from = 72 | 1:1 
from = 96 | 1:1 
from = 83 | 1:1 
from = 85 | 1:1 
from = 77 | 1:1 
from = 73 | 1:1 
from = 95 | 1:1 
from = 93 | 1:1 
from = 86 | 1:1 
from = 94 | 1:1 
from = 97 | 1:1 
from = 68 | 1:1 
from = 65 | 1:1 
from = 71 | 1:1 
from = 90 | 1:1 
from = 66 | 1:1 
from = 67 | 1:1 
from = 74 | 1:1 
from = 231 | 1:1 
from = 229 | 1:1 
from = 242 | 1:1 
from = 233 | 1:1 
from = 236 | 1:1 
from = 320 | 1:1 
from = 232 | 1:1 
from = 240 | 1:1 
from = 228 | 1:1 
from = 230 | 1:1 
from = 241 | 1:1 
from = 41 | 1:1 
from = 16 | 1:1 
from = 13 | 1:1 
from = 263 | 1:1 
from = 262 | 1:1 
from = 265 | 1:2 245:2 246:2 244:2 
from = 245 | 265:2 
from = 246 | 265:2 226:2 227:1 224:2 225:1 
from = 226 | 246:2 
from = 227 | 246:1 260:1 254:1 250:1 253:1 248:1 252:1 258:1 257:1 256:1 255:1 259:1 251:1 249:1 247:1 
from = 260 | 227:1 
from = 254 | 227:1 
from = 250 | 227:1 
from = 253 | 227:1 
from = 248 | 227:1 
from = 252 | 227:1 
from = 258 | 227:1 
from = 257 | 227:1 
from = 256 | 227:1 
from = 255 | 227:1 
from = 259 | 227:1 
from = 251 | 227:1 
from = 249 | 227:1 
from = 247 | 227:1 
from = 224 | 246:2 
from = 244 | 265:2 
from = 225 | 246:1 
from = 264 | 1:1 
from = 266 | 1:1 
from = 261 | 1:1 
from = 22 | 1:1 
from = 28 | 1:1 
from = 183 | 1:1 
from = 168 | 1:1 
from = 205 | 1:1 
from = 177 | 1:1 
from = 200 | 1:1 
from = 184 | 1:1 
from = 188 | 1:1 
from = 202 | 1:1 
from = 182 | 1:1 
from = 203 | 1:1 
from = 187 | 1:1 
from = 199 | 1:1 
from = 198 | 1:1 
from = 206 | 1:1 
from = 196 | 1:1 
from = 169 | 1:1 
from = 181 | 1:1 
from = 186 | 1:1 
from = 176 | 1:1 
from = 171 | 1:1 
from = 190 | 1:1 
from = 207 | 1:1 
from = 174 | 1:1 
from = 192 | 1:1 
from = 7 | 1:2 342:1 
from = 6 | 1:2 342:1 
from = 5 | 1:2 342:1 
from = 2 | 1:2 342:1 
from = 8 | 1:2 342:1 
from = 3 | 1:2 342:1 
from = 4 | 1:2 342:1 
from = 197 | 1:1 
from = 170 | 1:1 
from = 179 | 1:1 
from = 189 | 1:1 
from = 204 | 1:1 
from = 175 | 1:1 
from = 180 | 1:1 
from = 342 | 1:1 7:1 6:1 5:1 2:1 8:1 3:1 4:1 
from = 328 | 1:1 
from = 332 | 1:1 
from = 334 | 1:1 
from = 341 | 1:1 
from = 346 | 1:1 
from = 325 | 1:1 
from = 331 | 1:1 
from = 324 | 1:1 
from = 338 | 1:1 
from = 329 | 1:1 
from = 330 | 1:1 
from = 161 | 1:1 
from = 160 | 1:1 
from = 159 | 1:1 
from = 157 | 1:33 
from = 158 | 1:1 
from = 156 | 1:1 
from = 345 | 1:1 
from = 343 | 1:1 
from = 340 | 1:1 
from = 327 | 1:1 
from = 58 | 1:2 
from = 55 | 1:2 
from = 53 | 1:2 
from = 57 | 1:2 
from = 54 | 1:2 
from = 56 | 1:2 
from = 52 | 1:2 
from = 337 | 1:1 
from = 344 | 1:1 
from = 335 | 1:1 
from = 326 | 1:1 
from = 333 | 1:1 
from = 339 | 1:1 
from = 336 | 1:1 
from = 193 | 1:1 
from = 173 | 1:1 
from = 172 | 1:1 
from = 195 | 1:1 
from = 194 | 1:1 
from = 178 | 1:1 
from = 185 | 1:1 
from = 201 | 1:1 
from = 191 | 1:1 
from = 50 | 1:1 
from = 49 | 1:312 
from = 37 | 1:311 
from = 27 | 1:1 
from = 165 | 1:1 
from = 162 | 1:1 
from = 164 | 1:1 
from = 166 | 1:1 
from = 163 | 1:1 
from = 167 | 1:1 
from = 21 | 1:1 
from = 18 | 1:1 
from = 9 | 1:1 
from = 44 | 1:1 
from = 62 | 1:1 
from = 61 | 1:1 
from = 60 | 1:1 413:1 418:1 417:113 416:1 415:198 412:1 414:1 
from = 413 | 60:1 
from = 418 | 60:1 
from = 417 | 60:113 
from = 416 | 60:1 
from = 415 | 60:198 
from = 412 | 60:1 
from = 414 | 60:1 
from = 63 | 1:1 
from = 59 | 1:1 
from = 26 | 1:1 
from = 43 | 1:1 
from = 212 | 1:1 
from = 214 | 1:1 
from = 222 | 1:1 
from = 217 | 1:1 
from = 219 | 1:1 
from = 216 | 1:1 
from = 218 | 1:1 
from = 223 | 1:2 
from = 215 | 1:1 
from = 213 | 1:1 
from = 221 | 1:1 
from = 220 | 1:1 
from = 208 | 1:1 
from = 211 | 1:1 408:1 353:1 389:47 384:47 391:47 362:62 360:31 381:314 379:61 410:61 393:3 354:3 275:3 267:3 272:3 270:3 278:3 276:3 268:3 279:3 274:3 271:3 406:61 385:59 352:59 394:59 374:59 364:59 375:59 386:59 367:314 380:283 269:296 277:2 273:2 365:31 356:62 399:47 407:47 397:47 409:47 402:282 371:236 395:46 400:47 376:47 383:47 390:46 378:46 359:46 377:46 396:47 370:13 403:13 363:2 401:1 361:1 372:1 357:1 387:1 392:1 358:1 366:1 405:1 369:1 404:1 388:236 368:236 398:46 411:1 373:1 382:1 355:1 
from = 408 | 211:1 
from = 353 | 211:1 
from = 389 | 211:47 
from = 384 | 211:47 
from = 391 | 211:47 
from = 362 | 211:62 
from = 360 | 211:31 
from = 381 | 211:314 
from = 379 | 211:61 
from = 410 | 211:61 
from = 393 | 211:3 
from = 354 | 211:3 
from = 275 | 211:3 
from = 267 | 211:3 
from = 272 | 211:3 
from = 270 | 211:3 
from = 278 | 211:3 
from = 276 | 211:3 
from = 268 | 211:3 
from = 279 | 211:3 
from = 274 | 211:3 
from = 271 | 211:3 
from = 406 | 211:61 
from = 385 | 211:59 
from = 352 | 211:59 
from = 394 | 211:59 
from = 374 | 211:59 
from = 364 | 211:59 
from = 375 | 211:59 
from = 386 | 211:59 
from = 367 | 211:314 
from = 380 | 211:283 
from = 269 | 211:296 
from = 277 | 211:2 
from = 273 | 211:2 
from = 365 | 211:31 
from = 356 | 211:62 
from = 399 | 211:47 
from = 407 | 211:47 
from = 397 | 211:47 
from = 409 | 211:47 
from = 402 | 211:282 
from = 371 | 211:236 
from = 395 | 211:46 
from = 400 | 211:47 
from = 376 | 211:47 
from = 383 | 211:47 
from = 390 | 211:46 
from = 378 | 211:46 
from = 359 | 211:46 
from = 377 | 211:46 
from = 396 | 211:47 
from = 370 | 211:13 
from = 403 | 211:13 
from = 363 | 211:2 
from = 401 | 211:1 
from = 361 | 211:1 
from = 372 | 211:1 
from = 357 | 211:1 
from = 387 | 211:1 
from = 392 | 211:1 
from = 358 | 211:1 
from = 366 | 211:1 
from = 405 | 211:1 
from = 369 | 211:1 
from = 404 | 211:1 
from = 388 | 211:236 
from = 368 | 211:236 
from = 398 | 211:46 
from = 411 | 211:1 
from = 373 | 211:1 
from = 382 | 211:1 
from = 355 | 211:1 
from = 209 | 1:1 
from = 210 | 1:1 
from = 29 | 1:1 
from = 34 | 1:1 
from = 32 | 1:1 
from = 30 | 1:1 
from = 46 | 1:1 
from = 12 | 1:1 
from = 25 | 1:1 
from = 24 | 1:1 
from = 45 | 1:1 
from = 39 | 1:1 
from = 36 | 1:1 
from = 42 | 1:1 
from = 19 | 1:1 
from = 40 | 1:1 
from = 31 | 1:1 
from = 35 | 1:11 
from = 17 | 1:11 
from = 23 | 1:11 
from = 10 | 1:1 
from = 14 | 1:1 
from = 11 | 1:1 
from = 20 | 1:1 
from = 38 | 1:1 
from = 48 | 1:1 
from = 15 | 1:1 
from = 51 | 1:1 
