============================================================
Thread 0
  BBLID       Time(ns)    Instruction  Memory Access          Hash(hi)          Hash(lo)
      0        1619.67              4              0  0000000000000000  0000000000000000
      1    2.80734e+06       26837754        1944492  0000000000000001  0000000000000001
      2       0.333333              4              0  1866de6262030b62  03886e78081eb251
      3     4.8849e+08       32453815        3205349  1866de6262030b62  09ecce19f53e1556
      4    1.34613e+07      132545832        6411472  1866de6262030b62  5fd01cd91143e222
      5        75495.6          78572           1472  1866de6262030b62  76d152a085c7cf07
      6        1.33333              6              1  1866de6262030b62  e83e4df8b17d24ae
      7       0.666666              3              1  1866de6262030b62  e94213bae3341c66
      8       0.333333              3              0  1866de6262030b62  ea784faa8ccb6ee3
      9       0.999999              9              1  48684ec8bfd97ded  34112a0ea8b5f30b
     10        5191.33           1157            211  48684ec8bfd97ded  ccb6b37c252d44a1
     11        6813.66           6849             90  e2b6fe18141c73c2  2e2d57f1c5ea3765
     12     1.0488e+06        8388559         440239  e2b6fe18141c73c2  3f2d0d95ae638372
     13       0.666666              6              1  e2b6fe18141c73c2  4f95f60c907e73e8
     14       0.999999              3              2  e2b6fe18141c73c2  51afbe1632166904
     15    1.39845e+06       14155439         580468  e2b6fe18141c73c2  a4d3544d5ed43005
     16        4475.33            823            133  e2b6fe18141c73c2  cd6a62d0bfbf6ae3
     17        872.666              7              4  e2b6fe18141c73c2  f061d403e9857552
     18         699355        6816079           1212  e2b6fe18141c73c2  f55247acbf9b46fd
============================================================
Thread 1
  BBLID       Time(ns)    Instruction  Memory Access          Hash(hi)          Hash(lo)
      0    2.03932e+07       31468604              0  0000000000000000  0000000000000000
     11           2007           6195              0  e2b6fe18141c73c2  2e2d57f1c5ea3765
     12    1.04913e+06        8388521              0  e2b6fe18141c73c2  3f2d0d95ae638372
     13       0.333333              4              0  e2b6fe18141c73c2  4f95f60c907e73e8
     14        1.66667              7              0  e2b6fe18141c73c2  51afbe1632166904
     15    1.39836e+06       14155407              0  e2b6fe18141c73c2  a4d3544d5ed43005
     16        3.33333             32              0  e2b6fe18141c73c2  cd6a62d0bfbf6ae3
     17        1.33333              6              0  e2b6fe18141c73c2  f061d403e9857552
     18         699219        6816140              0  e2b6fe18141c73c2  f55247acbf9b46fd
============================================================
Thread 2
  BBLID       Time(ns)    Instruction  Memory Access          Hash(hi)          Hash(lo)
      0    2.04061e+07       31462613              0  0000000000000000  0000000000000000
     11        2035.33           6192              0  e2b6fe18141c73c2  2e2d57f1c5ea3765
     12    1.04925e+06        8388515              0  e2b6fe18141c73c2  3f2d0d95ae638372
     13       0.333333              4              0  e2b6fe18141c73c2  4f95f60c907e73e8
     14        1.66667              7              0  e2b6fe18141c73c2  51afbe1632166904
     15    1.39829e+06       14155417              0  e2b6fe18141c73c2  a4d3544d5ed43005
     16        3.33333             32              0  e2b6fe18141c73c2  cd6a62d0bfbf6ae3
     17        1.33333              8              0  e2b6fe18141c73c2  f061d403e9857552
     18         699210        6816100              0  e2b6fe18141c73c2  f55247acbf9b46fd
============================================================
Thread 3
  BBLID       Time(ns)    Instruction  Memory Access          Hash(hi)          Hash(lo)
      0    2.03718e+07       31462572              0  0000000000000000  0000000000000000
     11        2129.33           6194              0  e2b6fe18141c73c2  2e2d57f1c5ea3765
     12    1.04905e+06        8388481              0  e2b6fe18141c73c2  3f2d0d95ae638372
     13       0.333333              4              0  e2b6fe18141c73c2  4f95f60c907e73e8
     14        1.66667              7              0  e2b6fe18141c73c2  51afbe1632166904
     15    1.39837e+06       14155365              0  e2b6fe18141c73c2  a4d3544d5ed43005
     16        3.33333             32              0  e2b6fe18141c73c2  cd6a62d0bfbf6ae3
     17        1.33333              7              0  e2b6fe18141c73c2  f061d403e9857552
     18         699320        6816208              0  e2b6fe18141c73c2  f55247acbf9b46fd
============================================================
Thread 4
  BBLID       Time(ns)    Instruction  Memory Access          Hash(hi)          Hash(lo)
      0       2.03e+07       31463232              0  0000000000000000  0000000000000000
     11           2119           6194              0  e2b6fe18141c73c2  2e2d57f1c5ea3765
     12    1.04924e+06        8388530              0  e2b6fe18141c73c2  3f2d0d95ae638372
     13       0.333333              4              0  e2b6fe18141c73c2  4f95f60c907e73e8
     14        1.66667              7              0  e2b6fe18141c73c2  51afbe1632166904
     15    1.39826e+06       14155375              0  e2b6fe18141c73c2  a4d3544d5ed43005
     16        3.33333             32              0  e2b6fe18141c73c2  cd6a62d0bfbf6ae3
     17        1.33333              7              0  e2b6fe18141c73c2  f061d403e9857552
     18         699410        6816177              0  e2b6fe18141c73c2  f55247acbf9b46fd
============================================================
Thread 5
  BBLID       Time(ns)    Instruction  Memory Access          Hash(hi)          Hash(lo)
      0    2.02261e+07       31462582              0  0000000000000000  0000000000000000
     11           2071           6192              0  e2b6fe18141c73c2  2e2d57f1c5ea3765
     12    1.04939e+06        8388521              0  e2b6fe18141c73c2  3f2d0d95ae638372
     13       0.333333              4              0  e2b6fe18141c73c2  4f95f60c907e73e8
     14        1.66667              7              0  e2b6fe18141c73c2  51afbe1632166904
     15    1.39824e+06       14155365              0  e2b6fe18141c73c2  a4d3544d5ed43005
     16        3.33333             32              0  e2b6fe18141c73c2  cd6a62d0bfbf6ae3
     17        1.33333              8              0  e2b6fe18141c73c2  f061d403e9857552
     18         699320        6816172              0  e2b6fe18141c73c2  f55247acbf9b46fd
============================================================
Thread 6
  BBLID       Time(ns)    Instruction  Memory Access          Hash(hi)          Hash(lo)
      0    2.03373e+07       31462621              0  0000000000000000  0000000000000000
     11           2134           6194              0  e2b6fe18141c73c2  2e2d57f1c5ea3765
     12    1.04901e+06        8388532              0  e2b6fe18141c73c2  3f2d0d95ae638372
     13       0.333333              4              0  e2b6fe18141c73c2  4f95f60c907e73e8
     14        1.66667              7              0  e2b6fe18141c73c2  51afbe1632166904
     15    1.39824e+06       14155405              0  e2b6fe18141c73c2  a4d3544d5ed43005
     16        3.33333             32              0  e2b6fe18141c73c2  cd6a62d0bfbf6ae3
     17        1.33333              7              0  e2b6fe18141c73c2  f061d403e9857552
     18         699291        6816103              0  e2b6fe18141c73c2  f55247acbf9b46fd
============================================================
Thread 7
  BBLID       Time(ns)    Instruction  Memory Access          Hash(hi)          Hash(lo)
      0    2.02377e+07       31462597              0  0000000000000000  0000000000000000
     11        2076.66           6194              0  e2b6fe18141c73c2  2e2d57f1c5ea3765
     12    1.04912e+06        8388521              0  e2b6fe18141c73c2  3f2d0d95ae638372
     13       0.666666              6              0  e2b6fe18141c73c2  4f95f60c907e73e8
     14        1.66667              7              0  e2b6fe18141c73c2  51afbe1632166904
     15    1.39837e+06       14155377              0  e2b6fe18141c73c2  a4d3544d5ed43005
     16        3.33333             33              0  e2b6fe18141c73c2  cd6a62d0bfbf6ae3
     17        1.33333              7              0  e2b6fe18141c73c2  f061d403e9857552
     18         699273        6816123              0  e2b6fe18141c73c2  f55247acbf9b46fd
