============================================================
ReuseSegment - Thread 0
head = 0, count = 115 | 0 27 
head = 27, count = 1 | 0 27 
head = 27, count = 1 | 27 1 
head = 0, count = 5 | 0 1 
head = 1, count = 27 | 1 5 
head = 0, count = 2 | 0 5 
head = 5, count = 14 | 5 7 
head = 5, count = 10 | 5 8 
head = 7, count = 7 | 7 8 
head = 5, count = 7 | 5 6 
head = 0, count = 4 | 0 6 
head = 8, count = 33 | 8 6 
head = 27, count = 1 | 27 6 
head = 6, count = 68 | 6 22 
head = 0, count = 3 | 0 22 
head = 8, count = 3 | 8 22 
head = 8, count = 4 | 8 6 22 
head = 22, count = 27 | 8 22 
head = 6, count = 12 | 8 6 
head = 27, count = 1 | 27 8 
head = 0, count = 7 | 0 8 
head = 0, count = 1 | 0 1 5 7 8 6 22 
head = 22, count = 28 | 6 22 
head = 6, count = 32 | 6 18 
head = 22, count = 3 | 6 18 22 
head = 8, count = 17 | 8 18 
head = 22, count = 8 | 18 22 
head = 27, count = 2 | 27 18 
head = 18, count = 48 | 6 18 
head = 8, count = 7 | 8 6 18 
head = 22, count = 2 | 8 6 22 
head = 8, count = 2 | 8 11 
head = 22, count = 1 | 6 22 11 
head = 18, count = 15 | 18 11 
head = 6, count = 27 | 6 11 
head = 5, count = 1 | 5 7 8 6 11 
head = 22, count = 4 | 22 11 
head = 8, count = 1 | 8 6 11 
head = 7, count = 13 | 7 11 
head = 11, count = 2 | 8 11 
head = 11, count = 49 | 6 11 
head = 8, count = 1 | 8 18 11 
head = 11, count = 2 | 18 11 
head = 11, count = 3 | 6 18 11 
head = 6, count = 27 | 7 6 
head = 8, count = 8 | 7 8 
head = 1, count = 2 | 1 7 
head = 8, count = 5 | 7 8 6 
head = 6, count = 1 | 7 8 6 
head = 11, count = 3 | 7 11 
head = 0, count = 2 | 0 7 
head = 11, count = 1 | 7 8 6 18 11 
head = 22, count = 2 | 7 22 
head = 7, count = 29 | 7 6 
head = 7, count = 1 | 7 18 
head = 7, count = 6 | 7 6 18 
head = 7, count = 1 | 7 6 11 
head = 7, count = 1 | 7 6 22 
head = 7, count = 1 | 7 22 
head = 6, count = 1 | 5 7 6 
head = 7, count = 7 | 5 7 
head = 22, count = 1 | 5 22 
head = 7, count = 1 | 5 7 6 
head = 5, count = 3 | 5 11 
head = 7, count = 1 | 7 6 18 11 
head = 11, count = 2 | 5 11 
head = 5, count = 1 | 5 18 11 
head = 6, count = 1 | 5 6 
head = 6, count = 1 | 1 5 6 
head = 5, count = 3 | 1 5 
head = 1, count = 2 | 1 25 
head = 6, count = 20 | 6 25 
head = 7, count = 2 | 7 25 
head = 18, count = 1 | 5 7 6 18 25 
head = 5, count = 1 | 5 6 18 25 
head = 5, count = 4 | 5 25 
head = 0, count = 3 | 0 25 
head = 25, count = 2 | 25 9 
head = 9, count = 2 | 9 17 
head = 25, count = 23 | 25 17 
head = 17, count = 1 | 17 16 
head = 25, count = 3 | 25 16 
head = 6, count = 3 | 6 16 
head = 17, count = 2 | 25 9 17 
head = 16, count = 1 | 25 17 16 
head = 16, count = 1 | 25 16 
head = 7, count = 1 | 7 17 
head = 0, count = 1 | 0 17 
head = 16, count = 1 | 17 16 
head = 17, count = 2 | 25 17 
head = 25, count = 2 | 1 25 
head = 25, count = 2 | 25 23 
head = 16, count = 6 | 16 23 
head = 17, count = 2 | 17 23 
head = 1, count = 3 | 1 23 
head = 1, count = 1 | 1 16 23 
head = 23, count = 4 | 23 4 
head = 17, count = 18 | 17 4 
head = 7, count = 3 | 7 4 
head = 0, count = 2 | 0 4 
head = 4, count = 23 | 23 4 
head = 0, count = 1 | 0 23 
head = 23, count = 27 | 23 26 
head = 26, count = 1 | 4 26 
head = 4, count = 5 | 4 26 
head = 11, count = 6 | 11 26 
head = 6, count = 32 | 6 26 
head = 18, count = 1 | 6 18 26 
head = 17, count = 1 | 17 26 
head = 0, count = 64 | 0 26 
head = 6, count = 1 | 6 25 23 26 
head = 27, count = 14 | 27 26 
head = 0, count = 7 | 0 1 5 7 8 6 22 16 23 26 
head = 23, count = 2 | 23 4 26 
head = 27, count = 1 | 0 27 26 
head = 6, count = 2 | 6 11 26 
head = 25, count = 1 | 25 23 26 
head = 0, count = 1 | 0 27 1 5 8 6 18 22 11 25 17 4 26 
head = 22, count = 3 | 22 26 
head = 0, count = 2 | 0 27 6 25 26 
head = 0, count = 3 | 0 25 26 
head = 1, count = 1 | 1 26 
head = 5, count = 1 | 5 26 
head = 7, count = 3 | 7 26 
head = 7, count = 2 | 7 6 26 
head = 0, count = 1 | 0 22 26 
head = 27, count = 1 | 27 6 11 17 26 
head = 0, count = 1 | 0 1 5 7 8 22 26 
head = 26, count = 82 | 26 19 
head = 5, count = 1 | 5 8 6 18 22 11 25 17 4 26 19 
head = 1, count = 36 | 1 5 7 8 6 18 22 11 25 17 23 4 26 19 
head = 0, count = 22 | 0 27 1 5 7 8 6 18 22 11 25 17 23 4 26 19 
head = 0, count = 4 | 0 27 1 5 8 6 18 22 11 25 17 4 26 19 
head = 27, count = 2 | 27 1 5 8 6 18 22 11 25 17 4 26 19 
head = 0, count = 1 | 0 27 8 6 18 22 25 26 
head = 0, count = 1 | 0 27 8 6 22 11 25 17 26 19 
head = 0, count = 1 | 0 27 1 5 7 8 6 18 22 11 25 17 16 23 4 26 19 
head = 0, count = 5 | 0 27 5 8 6 18 11 25 17 23 26 19 
head = 0, count = 1 | 0 6 26 19 
head = 1, count = 1 | 1 5 7 8 6 18 11 17 23 4 26 19 
head = 0, count = 1 | 0 27 1 5 8 6 18 11 23 4 26 19 
head = 11, count = 3 | 11 26 19 
head = 0, count = 1 | 0 27 5 6 11 25 17 26 19 
head = 22, count = 9 | 1 5 7 8 22 23 26 19 
head = 0, count = 1 | 0 27 1 5 7 8 6 22 16 23 26 19 
head = 0, count = 1 | 0 1 5 7 8 22 23 26 19 
head = 0, count = 2 | 0 1 5 7 8 6 22 16 23 26 19 
head = 25, count = 1 | 25 26 
head = 19, count = 19 | 26 19 
head = 0, count = 1 | 0 27 1 7 26 
head = 0, count = 2 | 0 27 4 
head = 0, count = 2 | 0 27 1 8 22 26 
head = 6, count = 1 | 7 6 18 11 17 4 26 
head = 0, count = 1 | 0 27 1 7 8 6 18 22 4 26 
head = 0, count = 1 | 0 27 1 7 8 6 18 22 23 4 26 
head = 6, count = 1 | 7 8 6 18 23 26 
head = 0, count = 7 | 0 27 1 7 8 6 18 23 26 
head = 0, count = 17 | 0 27 26 
head = 0, count = 1 | 0 27 8 18 4 26 
head = 0, count = 2 | 0 8 26 
head = 0, count = 2 | 0 27 8 
head = 22, count = 3 | 1 5 7 8 22 23 
head = 8, count = 2 | 1 5 7 8 22 23 
head = 0, count = 3 | 0 27 17 26 
head = 27, count = 1 | 27 23 
head = 0, count = 2 | 0 27 8 6 23 26 
head = 0, count = 2 | 0 27 8 26 
head = 0, count = 18 | 0 27 5 8 6 18 11 25 17 23 26 
head = 0, count = 1 | 0 27 6 25 17 26 
head = 18, count = 3 | 18 26 
head = 0, count = 1 | 0 27 5 18 17 26 
head = 0, count = 2 | 0 5 18 26 
head = 0, count = 2 | 0 27 8 6 11 25 17 23 26 
head = 8, count = 3 | 8 23 26 
head = 0, count = 1 | 0 27 8 6 18 23 26 
head = 6, count = 50 | 6 11 26 19 
head = 26, count = 2 | 12 26 
head = 7, count = 1 | 7 8 6 11 16 23 4 
head = 11, count = 1 | 6 11 16 23 4 
head = 7, count = 1 | 5 7 8 6 18 11 16 23 4 26 19 
head = 7, count = 2 | 5 7 8 6 18 11 4 26 19 
head = 18, count = 1 | 6 18 16 
head = 6, count = 1 | 6 18 16 
head = 6, count = 1 | 6 18 25 16 23 26 19 
head = 6, count = 1 | 6 18 25 16 23 26 
head = 6, count = 1 | 5 7 6 18 25 23 26 
head = 18, count = 2 | 5 7 6 18 
head = 18, count = 1 | 7 6 18 
head = 0, count = 1 | 0 27 5 6 11 25 
head = 0, count = 2 | 0 27 25 26 
head = 0, count = 1 | 0 27 6 11 23 26 
head = 12, count = 1 | 12 26 
head = 27, count = 1 | 27 6 11 26 19 
head = 0, count = 1 | 0 27 5 6 18 11 25 23 26 19 
head = 6, count = 1 | 6 25 23 
head = 6, count = 9 | 6 26 19 
head = 6, count = 1 | 6 25 26 19 
head = 5, count = 2 | 5 7 8 6 22 16 23 26 19 
head = 1, count = 2 | 1 5 7 8 6 22 16 23 26 19 
head = 1, count = 4 | 1 5 7 8 6 22 16 23 26 
head = 5, count = 17 | 5 7 8 6 22 16 23 26 
head = 27, count = 1 | 27 6 26 19 
head = 27, count = 1 | 27 25 
head = 5, count = 1 | 5 8 22 17 26 
head = 0, count = 2 | 0 27 18 26 
head = 0, count = 1 | 0 27 11 26 
head = 26, count = 4 | 23 26 
head = 1, count = 1 | 3 1 
head = 26, count = 1 | 12 3 26 
head = 26, count = 81 | 3 26 
head = 12, count = 1 | 12 3 26 
head = 6, count = 1 | 6 18 26 
head = 1, count = 3 | 1 6 18 26 
head = 0, count = 1 | 0 1 6 18 4 26 
head = 23, count = 3 | 3 23 
head = 0, count = 1 | 0 27 5 18 26 
head = 27, count = 1 | 27 18 26 
head = 26, count = 1 | 3 23 26 
head = 18, count = 1 | 5 7 6 18 11 16 23 4 26 
head = 0, count = 1 | 0 27 1 7 
head = 6, count = 3 | 6 18 4 26 
head = 0, count = 2 | 0 27 6 26 
head = 0, count = 1 | 0 27 7 26 
head = 17, count = 1 | 1 25 17 23 
head = 3, count = 3 | 3 1 
head = 1, count = 2 | 21 1 
head = 3, count = 14 | 3 21 
head = 5, count = 1 | 5 7 8 6 16 23 26 
head = 1, count = 1 | 1 5 7 8 6 16 23 26 
head = 26, count = 34 | 21 26 
head = 8, count = 1 | 5 7 8 23 26 19 
head = 23, count = 1 | 21 23 
head = 21, count = 35 | 21 28 
head = 3, count = 8 | 3 28 
head = 26, count = 50 | 28 26 
head = 0, count = 2 | 0 27 26 19 
head = 19, count = 4 | 28 19 
head = 6, count = 1 | 6 25 16 23 26 19 
head = 6, count = 1 | 6 19 
head = 26, count = 1 | 3 21 26 
head = 3, count = 2 | 3 21 28 
head = 26, count = 11 | 21 28 26 
head = 26, count = 9 | 28 23 26 
head = 26, count = 5 | 21 28 23 26 
head = 19, count = 1 | 3 21 28 23 26 19 
head = 26, count = 1 | 3 21 1 26 
head = 26, count = 1 | 3 21 28 26 
head = 19, count = 1 | 3 21 28 26 19 
head = 28, count = 6 | 21 28 
head = 26, count = 44 | 3 28 26 
head = 21, count = 1 | 21 13 
head = 13, count = 1 | 13 14 
head = 13, count = 1 | 21 13 
head = 1, count = 1 | 1 5 7 8 6 16 23 
head = 19, count = 33 | 3 28 26 19 
head = 0, count = 1 | 0 27 1 6 18 11 4 26 19 
head = 21, count = 78 | 21 24 
head = 24, count = 3 | 21 24 
head = 0, count = 1 | 0 11 
head = 5, count = 3 | 5 8 18 11 17 26 
head = 0, count = 1 | 0 27 5 8 6 18 11 23 26 
head = 19, count = 1 | 28 26 19 
head = 0, count = 1 | 0 27 5 6 18 23 26 
head = 5, count = 1 | 5 18 23 26 
head = 15, count = 28 | 24 15 
head = 24, count = 3 | 24 15 
head = 24, count = 2749 | 24 2 
head = 15, count = 53 | 15 2 
head = 0, count = 1 | 0 4 26 
head = 0, count = 1 | 0 27 6 
head = 27, count = 1 | 27 11 26 
head = 5, count = 1 | 5 7 8 6 16 23 
head = 6, count = 1 | 6 16 23 26 
head = 2, count = 14 | 15 2 
head = 2, count = 16 | 21 15 2 
head = 2, count = 22 | 21 2 
head = 15, count = 27 | 21 15 
head = 2, count = 12 | 28 15 2 
head = 2, count = 2938 | 28 2 
head = 2, count = 21 | 21 28 15 2 
head = 2, count = 45 | 21 28 2 
head = 21, count = 206 | 10 21 
head = 28, count = 2104 | 10 28 
head = 10, count = 116 | 10 21 
head = 28, count = 1 | 10 21 28 
head = 21, count = 21 | 20 21 
head = 18, count = 1 | 6 18 19 
head = 10, count = 59 | 10 20 
head = 10, count = 54 | 10 20 21 
head = 21, count = 22 | 10 20 21 
head = 20, count = 10 | 20 21 
head = 21, count = 19 | 29 21 
head = 20, count = 14 | 29 20 
head = 20, count = 5 | 29 20 21 
head = 29, count = 1 | 29 21 
head = 21, count = 6 | 21 1 
head = 1, count = 1 | 12 1 
head = 12, count = 2 | 12 1 
head = 29, count = 1 | 29 21 1 
head = 29, count = 1 | 29 1 
============================================================
BBLSwitchCount - Thread 0
from = 0 | 27:1 1:1 
from = 27 | 0:1 
from = 1 | 0:1 5:1 25:1 23:1 12:1 3:1 21:1 
from = 5 | 1:1 7:1 6:1 11:1 
from = 7 | 5:1 8:1 6:4 11:1 
from = 8 | 7:1 6:6 11:1 
from = 6 | 5:1 7:4 8:6 22:5 18:14 
from = 22 | 6:5 
from = 18 | 6:14 
from = 11 | 5:1 7:1 8:1 
from = 25 | 1:1 9:2 
from = 9 | 25:2 17:2 
from = 17 | 9:2 16:1 
from = 16 | 17:1 
from = 23 | 1:1 4:1 26:1 
from = 4 | 23:1 26:1 
from = 26 | 23:1 4:1 19:1 12:1 
from = 19 | 26:1 
from = 12 | 1:1 26:1 
from = 3 | 1:1 
from = 21 | 1:1 28:2 13:1 24:1 15:1 10:8 20:1 29:1 
from = 28 | 21:2 
from = 13 | 21:1 14:1 
from = 14 | 13:1 
from = 24 | 21:1 15:1 
from = 15 | 21:1 24:1 2:1 
from = 2 | 15:1 
from = 10 | 21:8 
from = 20 | 21:1 
from = 29 | 21:1 
