============================================================
ReuseSegment - Thread 0
head = 8, count = 1 | 8 20 
head = 20, count = 67 | 8 20 
head = 8, count = 2 | 8 7 
head = 8, count = 1 | 8 4 
head = 6, count = 1 | 6 11 
head = 6, count = 33 | 6 17 
head = 11, count = 1 | 11 17 
head = 18, count = 1 | 6 18 
============================================================
ReuseSegment - Thread 1
head = 0, count = 1 | 11 0 
head = 0, count = 18 | 17 0 
head = 11, count = 1 | 11 17 
head = 18, count = 1 | 18 0 
============================================================
ReuseSegment - Thread 2
head = 0, count = 1 | 11 0 
head = 11, count = 1 | 11 17 
head = 0, count = 17 | 17 0 
head = 18, count = 1 | 18 0 
============================================================
ReuseSegment - Thread 3
head = 0, count = 1 | 11 0 
head = 0, count = 17 | 17 0 
head = 11, count = 1 | 11 17 
head = 18, count = 22 | 18 0 
============================================================
ReuseSegment - Thread 4
head = 0, count = 1 | 11 0 
head = 0, count = 34 | 17 0 
head = 11, count = 1 | 11 17 
head = 14, count = 1 | 14 13 
head = 18, count = 1 | 18 0 
============================================================
ReuseSegment - Thread 5
============================================================
ReuseSegment - Thread 6
============================================================
ReuseSegment - Thread 7
============================================================
ReuseSegment - Thread 8
============================================================
ReuseSegment - Thread 9
============================================================
ReuseSegment - Thread 10
============================================================
ReuseSegment - Thread 11
============================================================
ReuseSegment - Thread 12
============================================================
ReuseSegment - Thread 13
============================================================
ReuseSegment - Thread 14
============================================================
ReuseSegment - Thread 15
============================================================
ReuseSegment - Thread 16
============================================================
ReuseSegment - Thread 17
============================================================
ReuseSegment - Thread 18
============================================================
ReuseSegment - Thread 19
============================================================
ReuseSegment - Thread 20
============================================================
ReuseSegment - Thread 21
============================================================
ReuseSegment - Thread 22
============================================================
ReuseSegment - Thread 23
============================================================
ReuseSegment - Thread 24
============================================================
ReuseSegment - Thread 25
============================================================
ReuseSegment - Thread 26
============================================================
ReuseSegment - Thread 27
============================================================
ReuseSegment - Thread 28
============================================================
ReuseSegment - Thread 29
============================================================
ReuseSegment - Thread 30
============================================================
ReuseSegment - Thread 31
============================================================
BBLSwitchCount - Thread 0
from = 0 | 1:1 
from = 1 | 0:1 8:1 4:1 10:1 5:1 9:1 7:2097152 2:1 3:1 6:1 
from = 8 | 1:1 20:1 19:1 
from = 20 | 8:1 
from = 19 | 8:1 
from = 4 | 1:1 
from = 10 | 1:1 
from = 5 | 1:1 
from = 9 | 1:1 
from = 7 | 1:2097152 
from = 2 | 1:1 
from = 3 | 1:1 
from = 6 | 1:1 11:1 17:1 14:1 12:3355443 15:3355443 13:1677721 18:1 16:1 
from = 11 | 6:1 
from = 17 | 6:1 
from = 14 | 6:1 
from = 12 | 6:3355443 
from = 15 | 6:3355443 
from = 13 | 6:1677721 
from = 18 | 6:1 
from = 16 | 6:1 
============================================================
BBLSwitchCount - Thread 1
from = 0 | 11:1 17:1 14:1 12:3355443 13:1677722 15:3355443 18:1 16:1 
from = 11 | 0:1 
from = 17 | 0:1 
from = 14 | 0:1 
from = 12 | 0:3355443 
from = 13 | 0:1677722 
from = 15 | 0:3355443 
from = 18 | 0:1 
from = 16 | 0:1 
============================================================
BBLSwitchCount - Thread 2
from = 0 | 11:1 17:1 14:1 12:3355443 15:3355443 13:1677721 18:1 16:1 
from = 11 | 0:1 
from = 17 | 0:1 
from = 14 | 0:1 
from = 12 | 0:3355443 
from = 15 | 0:3355443 
from = 13 | 0:1677721 
from = 18 | 0:1 
from = 16 | 0:1 
============================================================
BBLSwitchCount - Thread 3
from = 0 | 11:1 17:1 14:1 12:3355443 13:1677722 15:3355443 18:1 16:1 
from = 11 | 0:1 
from = 17 | 0:1 
from = 14 | 0:1 
from = 12 | 0:3355443 
from = 13 | 0:1677722 
from = 15 | 0:3355443 
from = 18 | 0:1 
from = 16 | 0:1 
============================================================
BBLSwitchCount - Thread 4
from = 0 | 11:1 17:1 14:1 12:3355443 15:3355443 13:1677721 18:1 16:1 
from = 11 | 0:1 
from = 17 | 0:1 
from = 14 | 0:1 
from = 12 | 0:3355443 
from = 15 | 0:3355443 
from = 13 | 0:1677721 
from = 18 | 0:1 
from = 16 | 0:1 
============================================================
BBLSwitchCount - Thread 5
============================================================
BBLSwitchCount - Thread 6
============================================================
BBLSwitchCount - Thread 7
============================================================
BBLSwitchCount - Thread 8
============================================================
BBLSwitchCount - Thread 9
============================================================
BBLSwitchCount - Thread 10
============================================================
BBLSwitchCount - Thread 11
============================================================
BBLSwitchCount - Thread 12
============================================================
BBLSwitchCount - Thread 13
============================================================
BBLSwitchCount - Thread 14
============================================================
BBLSwitchCount - Thread 15
============================================================
BBLSwitchCount - Thread 16
============================================================
BBLSwitchCount - Thread 17
============================================================
BBLSwitchCount - Thread 18
============================================================
BBLSwitchCount - Thread 19
============================================================
BBLSwitchCount - Thread 20
============================================================
BBLSwitchCount - Thread 21
============================================================
BBLSwitchCount - Thread 22
============================================================
BBLSwitchCount - Thread 23
============================================================
BBLSwitchCount - Thread 24
============================================================
BBLSwitchCount - Thread 25
============================================================
BBLSwitchCount - Thread 26
============================================================
BBLSwitchCount - Thread 27
============================================================
BBLSwitchCount - Thread 28
============================================================
BBLSwitchCount - Thread 29
============================================================
BBLSwitchCount - Thread 30
============================================================
BBLSwitchCount - Thread 31
