============================================================
Thread 0
  BBLID       Time(ns)    Instruction  Memory Access          Hash(hi)          Hash(lo)
      0           4857              3              0  0000000000000000  0000000000000000
      1    1.28477e+07       12582966         103660  0000000000000001  0000000000000001
      2              4              4              0  49656ccb91e9c76f  051501928592f442
      3             65              4              2  49656ccb91e9c76f  311fd959fec7d164
      4             60              6              1  49656ccb91e9c76f  4d9c9b669c60446f
      5             63             12              1  49656ccb91e9c76f  9ea8d3edf201e835
      6    5.43559e+07       52907870         358730  49656ccb91e9c76f  a618db2bd6719a10
      7     4.6588e+07       46137344        8296328  49656ccb91e9c76f  c98f8b4099f12040
      8         218608          78573           1684  49656ccb91e9c76f  d953f095b4280aab
      9             55              4              1  49656ccb91e9c76f  ec1f84cc1ba92db4
     10              5              5              0  49656ccb91e9c76f  f4cd70c4032bc8d0
     11            198              9              1  8c1ff77ad7934087  0e351af631054ed7
     12    5.15155e+07       16777215         216680  8c1ff77ad7934087  137699f4a195dee1
     13    1.35901e+08       11744047         857217  8c1ff77ad7934087  500e2cb149f56d9c
     14            170              7              3  8c1ff77ad7934087  74206c4ee1402c92
     15    1.34218e+07       13421772          92338  8c1ff77ad7934087  765bcca88de4b323
     16              4              4              0  8c1ff77ad7934087  b677eb4d3f1e8796
     17          17664           6024             70  8c1ff77ad7934087  e72c38140cdfcaa1
     18            746             27              0  8c1ff77ad7934087  ed1482202b102153
     19              4              4              0  fec56f3c0eca995d  133f389d2226db7a
     20          13147           1263            211  fec56f3c0eca995d  ec7eca1a3efd58bb
============================================================
Thread 1
  BBLID       Time(ns)    Instruction  Memory Access          Hash(hi)          Hash(lo)
      0    5.24714e+07       52137517         357054  0000000000000000  0000000000000000
     11            228              9              3  8c1ff77ad7934087  0e351af631054ed7
     12    5.15151e+07       16777215         216803  8c1ff77ad7934087  137699f4a195dee1
     13    1.35694e+08       11744054         854252  8c1ff77ad7934087  500e2cb149f56d9c
     14             96              7              0  8c1ff77ad7934087  74206c4ee1402c92
     15    1.34218e+07       13421772          93044  8c1ff77ad7934087  765bcca88de4b323
     16              4              4              0  8c1ff77ad7934087  b677eb4d3f1e8796
     17          15036           6192             82  8c1ff77ad7934087  e72c38140cdfcaa1
     18            732             27              0  8c1ff77ad7934087  ed1482202b102153
============================================================
Thread 2
  BBLID       Time(ns)    Instruction  Memory Access          Hash(hi)          Hash(lo)
      0    5.24849e+07       52149013         353326  0000000000000000  0000000000000000
     11            228              9              2  8c1ff77ad7934087  0e351af631054ed7
     12    5.15178e+07       16777215         216688  8c1ff77ad7934087  137699f4a195dee1
     13    1.35652e+08       11744047         855913  8c1ff77ad7934087  500e2cb149f56d9c
     14            106              7              0  8c1ff77ad7934087  74206c4ee1402c92
     15    1.34218e+07       13421772          92666  8c1ff77ad7934087  765bcca88de4b323
     16              4              4              0  8c1ff77ad7934087  b677eb4d3f1e8796
     17          15624           6192            108  8c1ff77ad7934087  e72c38140cdfcaa1
     18            734             27              2  8c1ff77ad7934087  ed1482202b102153
============================================================
Thread 3
  BBLID       Time(ns)    Instruction  Memory Access          Hash(hi)          Hash(lo)
      0     5.3121e+07       52445599            555  0000000000000000  0000000000000000
     11            108              9              0  8c1ff77ad7934087  0e351af631054ed7
     12    5.11417e+07       16777215              0  8c1ff77ad7934087  137699f4a195dee1
     13    1.35388e+08       11744054              0  8c1ff77ad7934087  500e2cb149f56d9c
     14            100              7              0  8c1ff77ad7934087  74206c4ee1402c92
     15    1.34218e+07       13421772              0  8c1ff77ad7934087  765bcca88de4b323
     16              4              4              0  8c1ff77ad7934087  b677eb4d3f1e8796
     17          15192           6192              0  8c1ff77ad7934087  e72c38140cdfcaa1
     18           8279            814              0  8c1ff77ad7934087  ed1482202b102153
============================================================
Thread 4
  BBLID       Time(ns)    Instruction  Memory Access          Hash(hi)          Hash(lo)
      0    5.29498e+07       52368677          25696  0000000000000000  0000000000000000
     11            232              9              2  8c1ff77ad7934087  0e351af631054ed7
     12    5.07613e+07       16777215         446001  8c1ff77ad7934087  137699f4a195dee1
     13    1.35942e+08       11744047        1048255  8c1ff77ad7934087  500e2cb149f56d9c
     14            122              7              3  8c1ff77ad7934087  74206c4ee1402c92
     15    1.34218e+07       13421772            140  8c1ff77ad7934087  765bcca88de4b323
     16              4              4              0  8c1ff77ad7934087  b677eb4d3f1e8796
     17          21075           7014            155  8c1ff77ad7934087  e72c38140cdfcaa1
     18            673             27             11  8c1ff77ad7934087  ed1482202b102153
============================================================
Thread 5
  BBLID       Time(ns)    Instruction  Memory Access          Hash(hi)          Hash(lo)
      0              0              0             97  0000000000000000  0000000000000000
============================================================
Thread 6
  BBLID       Time(ns)    Instruction  Memory Access          Hash(hi)          Hash(lo)
      0              0              0             97  0000000000000000  0000000000000000
============================================================
Thread 7
  BBLID       Time(ns)    Instruction  Memory Access          Hash(hi)          Hash(lo)
      0              0              0             97  0000000000000000  0000000000000000
============================================================
Thread 8
  BBLID       Time(ns)    Instruction  Memory Access          Hash(hi)          Hash(lo)
      0              0              0             97  0000000000000000  0000000000000000
============================================================
Thread 9
  BBLID       Time(ns)    Instruction  Memory Access          Hash(hi)          Hash(lo)
      0              0              0             97  0000000000000000  0000000000000000
============================================================
Thread 10
  BBLID       Time(ns)    Instruction  Memory Access          Hash(hi)          Hash(lo)
      0              0              0             97  0000000000000000  0000000000000000
============================================================
Thread 11
  BBLID       Time(ns)    Instruction  Memory Access          Hash(hi)          Hash(lo)
      0              0              0             97  0000000000000000  0000000000000000
============================================================
Thread 12
  BBLID       Time(ns)    Instruction  Memory Access          Hash(hi)          Hash(lo)
      0              0              0             97  0000000000000000  0000000000000000
============================================================
Thread 13
  BBLID       Time(ns)    Instruction  Memory Access          Hash(hi)          Hash(lo)
      0              0              0             97  0000000000000000  0000000000000000
============================================================
Thread 14
  BBLID       Time(ns)    Instruction  Memory Access          Hash(hi)          Hash(lo)
      0              0              0             97  0000000000000000  0000000000000000
============================================================
Thread 15
  BBLID       Time(ns)    Instruction  Memory Access          Hash(hi)          Hash(lo)
      0              0              0             97  0000000000000000  0000000000000000
============================================================
Thread 16
  BBLID       Time(ns)    Instruction  Memory Access          Hash(hi)          Hash(lo)
      0              0              0             97  0000000000000000  0000000000000000
============================================================
Thread 17
  BBLID       Time(ns)    Instruction  Memory Access          Hash(hi)          Hash(lo)
      0              0              0             97  0000000000000000  0000000000000000
============================================================
Thread 18
  BBLID       Time(ns)    Instruction  Memory Access          Hash(hi)          Hash(lo)
      0              0              0             97  0000000000000000  0000000000000000
============================================================
Thread 19
  BBLID       Time(ns)    Instruction  Memory Access          Hash(hi)          Hash(lo)
      0              0              0             97  0000000000000000  0000000000000000
============================================================
Thread 20
  BBLID       Time(ns)    Instruction  Memory Access          Hash(hi)          Hash(lo)
      0              0              0             97  0000000000000000  0000000000000000
============================================================
Thread 21
  BBLID       Time(ns)    Instruction  Memory Access          Hash(hi)          Hash(lo)
      0              0              0             97  0000000000000000  0000000000000000
============================================================
Thread 22
  BBLID       Time(ns)    Instruction  Memory Access          Hash(hi)          Hash(lo)
      0              0              0             97  0000000000000000  0000000000000000
============================================================
Thread 23
  BBLID       Time(ns)    Instruction  Memory Access          Hash(hi)          Hash(lo)
      0              0              0             97  0000000000000000  0000000000000000
============================================================
Thread 24
  BBLID       Time(ns)    Instruction  Memory Access          Hash(hi)          Hash(lo)
      0              0              0             97  0000000000000000  0000000000000000
============================================================
Thread 25
  BBLID       Time(ns)    Instruction  Memory Access          Hash(hi)          Hash(lo)
      0              0              0             97  0000000000000000  0000000000000000
============================================================
Thread 26
  BBLID       Time(ns)    Instruction  Memory Access          Hash(hi)          Hash(lo)
      0              0              0             97  0000000000000000  0000000000000000
============================================================
Thread 27
  BBLID       Time(ns)    Instruction  Memory Access          Hash(hi)          Hash(lo)
      0              0              0             97  0000000000000000  0000000000000000
============================================================
Thread 28
  BBLID       Time(ns)    Instruction  Memory Access          Hash(hi)          Hash(lo)
      0              0              0             97  0000000000000000  0000000000000000
============================================================
Thread 29
  BBLID       Time(ns)    Instruction  Memory Access          Hash(hi)          Hash(lo)
      0              0              0             97  0000000000000000  0000000000000000
============================================================
Thread 30
  BBLID       Time(ns)    Instruction  Memory Access          Hash(hi)          Hash(lo)
      0              0              0             97  0000000000000000  0000000000000000
============================================================
Thread 31
  BBLID       Time(ns)    Instruction  Memory Access          Hash(hi)          Hash(lo)
      0              0              0        1526659  0000000000000000  0000000000000000
