============================================================
ReuseSegment - Thread 0
head = 0, count = 88 | 0 256 
head = 256, count = 4 | 256 1 
head = 0, count = 31 | 0 1 
head = 1, count = 2 | 1 148 
head = 148, count = 1 | 1 148 
head = 1, count = 1 | 1 278 
head = 1, count = 1 | 1 276 
head = 276, count = 1 | 276 301 
head = 1, count = 5 | 1 301 
head = 148, count = 1 | 148 301 
head = 278, count = 1 | 278 301 
head = 301, count = 2 | 301 300 
head = 1, count = 14 | 1 300 
head = 0, count = 1 | 0 300 
head = 300, count = 1 | 300 291 
head = 300, count = 1 | 1 300 291 
head = 301, count = 1 | 1 301 
head = 300, count = 1 | 300 108 
head = 300, count = 2 | 1 300 
head = 300, count = 4 | 300 92 
head = 301, count = 1 | 301 92 
head = 291, count = 1 | 291 92 
head = 100, count = 1 | 100 92 
head = 92, count = 2 | 92 113 
head = 92, count = 1 | 92 98 
head = 113, count = 1 | 113 98 
head = 1, count = 1 | 1 98 
head = 1, count = 1 | 1 148 98 
head = 301, count = 1 | 301 98 
head = 300, count = 1 | 300 98 
head = 108, count = 1 | 108 92 98 
head = 113, count = 1 | 1 113 
head = 92, count = 4 | 1 92 
head = 98, count = 1 | 1 98 
head = 98, count = 2 | 98 85 
head = 300, count = 1 | 300 85 
head = 1, count = 1 | 1 85 
head = 300, count = 8 | 211 300 
head = 0, count = 2 | 0 211 
head = 211, count = 6 | 211 207 
head = 1, count = 21 | 1 231 
head = 207, count = 4 | 207 231 
head = 211, count = 21 | 211 231 
head = 256, count = 1 | 256 231 
head = 300, count = 3 | 300 231 
head = 0, count = 1 | 0 231 
head = 231, count = 54 | 1 231 
head = 211, count = 1 | 1 211 
head = 85, count = 1 | 1 85 231 
head = 231, count = 10 | 1 231 230 
head = 1, count = 12 | 1 219 
head = 230, count = 6 | 230 222 
head = 219, count = 14 | 219 222 
head = 219, count = 5 | 1 219 
head = 1, count = 5 | 1 267 
head = 1, count = 4 | 1 262 
head = 262, count = 5 | 262 265 
head = 231, count = 25 | 231 265 
head = 211, count = 1 | 211 265 
head = 0, count = 1 | 0 265 
head = 1, count = 16 | 1 265 
head = 265, count = 1 | 266 265 
head = 266, count = 2 | 266 257 
head = 257, count = 5 | 257 268 
head = 222, count = 4 | 266 257 268 222 
head = 98, count = 1 | 98 222 267 264 
head = 1, count = 1 | 1 88 
head = 265, count = 19 | 265 88 
head = 265, count = 1 | 1 265 88 
head = 231, count = 1 | 231 88 
head = 256, count = 1 | 256 88 
head = 0, count = 2 | 0 88 
head = 231, count = 1 | 231 219 88 
head = 219, count = 1 | 219 88 
head = 0, count = 1 | 0 1 301 92 265 88 
head = 300, count = 1 | 300 89 
head = 85, count = 1 | 85 231 99 89 
head = 98, count = 1 | 1 98 85 89 
head = 88, count = 4 | 1 88 
head = 89, count = 1 | 89 114 
head = 1, count = 1 | 1 114 
head = 301, count = 1 | 301 114 
head = 231, count = 6 | 1 231 219 222 
head = 267, count = 3 | 1 211 267 264 
head = 211, count = 8 | 211 198 
head = 88, count = 1 | 88 377 
head = 268, count = 3 | 268 205 377 
head = 1, count = 10 | 1 377 
head = 377, count = 10 | 198 377 
head = 88, count = 16 | 88 198 
head = 265, count = 5 | 265 198 
head = 231, count = 1 | 231 198 
head = 211, count = 1 | 211 207 198 
head = 377, count = 6 | 198 377 378 
head = 256, count = 1 | 256 198 
head = 198, count = 19 | 1 198 
head = 1, count = 6 | 1 197 
head = 197, count = 4 | 197 229 
head = 229, count = 6 | 229 213 
head = 1, count = 4 | 1 229 213 
head = 1, count = 4 | 1 221 
head = 89, count = 1 | 211 89 198 377 375 200 221 
head = 221, count = 6 | 221 226 
head = 213, count = 4 | 213 206 221 226 194 
head = 221, count = 4 | 207 221 
head = 194, count = 3 | 231 194 208 
head = 88, count = 5 | 231 88 
head = 198, count = 6 | 231 198 
head = 213, count = 3 | 231 213 
head = 265, count = 6 | 1 265 
head = 268, count = 3 | 1 268 
head = 222, count = 3 | 222 265 
head = 265, count = 4 | 265 260 
head = 260, count = 11 | 260 261 
head = 261, count = 15 | 261 269 
head = 1, count = 1 | 1 260 261 269 
head = 265, count = 4 | 1 265 263 
head = 265, count = 4 | 265 263 
head = 269, count = 4 | 269 263 
head = 1, count = 3 | 1 263 
head = 1, count = 3 | 1 265 263 
head = 264, count = 2 | 222 267 264 
head = 1, count = 1 | 1 82 
head = 231, count = 1 | 231 219 82 
head = 114, count = 1 | 231 114 82 
head = 263, count = 2 | 263 82 
head = 114, count = 1 | 207 231 114 109 103 
head = 89, count = 1 | 1 89 114 103 
head = 82, count = 4 | 1 82 
head = 263, count = 5 | 1 263 
head = 103, count = 1 | 1 103 115 
head = 114, count = 1 | 231 114 110 115 
head = 1, count = 1 | 1 115 
head = 226, count = 1 | 231 226 112 115 
head = 207, count = 10 | 207 199 
head = 263, count = 2 | 377 263 
head = 377, count = 8 | 377 199 
head = 377, count = 6 | 377 378 199 
head = 199, count = 20 | 1 199 
head = 1, count = 6 | 1 225 
head = 225, count = 2 | 225 223 
head = 223, count = 6 | 223 201 
head = 1, count = 2 | 1 223 201 
head = 1, count = 2 | 1 203 
head = 115, count = 1 | 207 377 375 115 199 209 203 
head = 203, count = 6 | 203 220 
head = 201, count = 2 | 201 217 203 220 210 
head = 210, count = 6 | 231 210 224 
head = 203, count = 2 | 231 203 
head = 263, count = 2 | 231 263 
head = 265, count = 7 | 231 265 
head = 201, count = 2 | 231 201 
head = 82, count = 1 | 231 82 
head = 269, count = 9 | 260 261 269 
head = 269, count = 7 | 260 269 
head = 268, count = 1 | 268 261 
head = 219, count = 1 | 219 260 261 269 
head = 1, count = 1 | 1 120 
head = 231, count = 1 | 231 219 120 
head = 115, count = 1 | 231 115 120 
head = 263, count = 2 | 263 120 
head = 1, count = 1 | 1 111 
head = 115, count = 1 | 231 115 94 111 
head = 120, count = 4 | 1 120 
head = 111, count = 1 | 1 111 81 
head = 1, count = 1 | 1 81 
head = 301, count = 1 | 301 81 
head = 111, count = 1 | 211 198 377 375 200 221 111 
head = 120, count = 1 | 231 120 
head = 261, count = 1 | 261 215 
head = 215, count = 3 | 215 214 
head = 219, count = 1 | 219 214 
head = 214, count = 5 | 214 218 
head = 222, count = 2 | 222 215 214 218 
head = 264, count = 2 | 222 264 218 
head = 1, count = 3 | 1 119 
head = 231, count = 1 | 231 219 119 
head = 81, count = 1 | 231 81 119 
head = 226, count = 1 | 231 226 97 105 
head = 98, count = 1 | 98 105 
head = 81, count = 1 | 231 81 90 105 
head = 119, count = 4 | 1 119 
head = 105, count = 1 | 105 117 
head = 1, count = 1 | 1 117 
head = 81, count = 1 | 207 231 81 121 117 
head = 219, count = 1 | 211 219 
head = 218, count = 1 | 377 218 
head = 105, count = 1 | 211 198 377 375 200 221 105 
head = 119, count = 1 | 231 119 
head = 222, count = 4 | 1 222 
head = 218, count = 1 | 261 269 218 
head = 268, count = 2 | 268 260 
head = 214, count = 1 | 261 269 214 
head = 0, count = 2 | 0 263 
head = 218, count = 2 | 222 267 264 218 
head = 1, count = 2 | 1 83 
head = 231, count = 1 | 231 219 83 
head = 117, count = 1 | 231 117 83 
head = 263, count = 1 | 263 83 
head = 85, count = 1 | 85 95 
head = 117, count = 1 | 231 117 102 95 
head = 105, count = 1 | 1 105 117 95 
head = 83, count = 4 | 1 83 
head = 95, count = 1 | 95 118 
head = 1, count = 1 | 1 118 
head = 268, count = 1 | 1 268 205 
head = 1, count = 7 | 1 75 
head = 83, count = 1 | 83 75 
head = 267, count = 1 | 1 267 264 75 
head = 198, count = 15 | 198 75 
head = 231, count = 17 | 231 75 
head = 300, count = 1 | 300 113 219 221 203 75 
head = 263, count = 2 | 263 75 
head = 265, count = 2 | 265 75 
head = 75, count = 3 | 75 78 
head = 78, count = 2 | 78 77 
head = 75, count = 2 | 1 75 77 
head = 78, count = 2 | 211 78 
head = 75, count = 1 | 377 75 
head = 1, count = 1 | 1 377 75 
head = 95, count = 1 | 198 221 95 
head = 118, count = 1 | 211 377 375 200 226 118 
head = 198, count = 3 | 198 377 
head = 194, count = 3 | 377 194 208 
head = 213, count = 1 | 377 213 
head = 77, count = 1 | 207 377 375 199 209 203 77 
head = 75, count = 30 | 231 75 
head = 264, count = 1 | 222 264 218 118 
head = 1, count = 3 | 1 106 
head = 231, count = 1 | 231 219 106 
head = 118, count = 1 | 231 118 106 
head = 1, count = 1 | 1 289 
head = 220, count = 1 | 1 231 220 96 289 
head = 113, count = 1 | 113 289 
head = 106, count = 2 | 106 289 
head = 98, count = 2 | 98 279 
head = 289, count = 5 | 1 289 
head = 226, count = 1 | 1 231 226 86 
head = 218, count = 3 | 1 218 
head = 106, count = 3 | 1 106 
head = 95, count = 1 | 1 95 118 
head = 115, count = 1 | 1 115 
head = 226, count = 1 | 1 231 226 79 104 
head = 226, count = 1 | 1 231 226 
head = 75, count = 3 | 1 75 
head = 85, count = 1 | 1 211 85 207 231 80 84 
head = 103, count = 1 | 1 211 231 103 91 
head = 218, count = 1 | 1 218 279 
head = 1, count = 2 | 1 299 
head = 301, count = 1 | 301 291 100 305 299 
head = 299, count = 1 | 1 299 
head = 117, count = 1 | 1 207 231 117 101 
head = 299, count = 1 | 299 271 
head = 1, count = 4 | 1 271 
head = 1, count = 2 | 1 211 
head = 220, count = 1 | 211 231 220 116 
head = 199, count = 4 | 377 199 
head = 1, count = 1 | 1 199 
head = 1, count = 4 | 1 225 223 
head = 225, count = 4 | 225 201 
head = 201, count = 4 | 201 217 203 
head = 271, count = 1 | 207 377 375 199 203 271 
head = 203, count = 4 | 203 220 210 
head = 201, count = 4 | 201 203 210 
head = 210, count = 4 | 231 210 
head = 199, count = 4 | 231 199 
head = 271, count = 1 | 1 231 271 
head = 1, count = 4 | 1 230 
head = 230, count = 4 | 230 219 
head = 218, count = 1 | 215 218 
head = 222, count = 3 | 222 215 218 
head = 230, count = 3 | 230 222 214 218 
head = 1, count = 1 | 1 222 218 
head = 1, count = 4 | 1 286 
head = 231, count = 1 | 1 231 219 286 
head = 220, count = 1 | 231 220 270 
head = 299, count = 1 | 211 231 299 284 270 
head = 1, count = 1 | 1 270 
head = 286, count = 1 | 286 270 
head = 270, count = 1 | 1 270 
head = 286, count = 4 | 1 286 
head = 270, count = 1 | 270 285 
head = 271, count = 1 | 231 271 280 285 
head = 1, count = 2 | 1 285 
head = 218, count = 1 | 218 75 
head = 270, count = 1 | 75 270 
head = 1, count = 1 | 1 78 
head = 75, count = 1 | 211 75 
head = 1, count = 2 | 1 198 
head = 1, count = 2 | 1 197 229 
head = 197, count = 2 | 197 213 
head = 213, count = 2 | 213 206 221 
head = 75, count = 1 | 211 198 377 375 221 75 77 
head = 221, count = 2 | 221 226 194 
head = 213, count = 2 | 213 221 194 
head = 194, count = 2 | 207 194 
head = 198, count = 2 | 207 198 
head = 198, count = 2 | 198 199 
head = 77, count = 1 | 207 377 375 199 203 77 
head = 231, count = 3 | 231 219 
head = 219, count = 1 | 219 215 
head = 218, count = 1 | 222 218 
head = 1, count = 3 | 1 273 
head = 231, count = 1 | 1 231 219 273 
head = 285, count = 1 | 231 285 273 
head = 271, count = 1 | 231 375 209 220 271 293 288 
head = 285, count = 1 | 231 285 302 288 
head = 273, count = 1 | 273 288 
head = 288, count = 1 | 1 288 
head = 273, count = 4 | 1 273 
head = 288, count = 2 | 288 290 
head = 1, count = 2 | 1 290 
head = 291, count = 1 | 291 100 290 
head = 218, count = 1 | 211 218 
head = 290, count = 1 | 211 198 377 375 200 221 290 
head = 226, count = 1 | 207 377 375 226 199 203 
head = 267, count = 1 | 267 262 
head = 1, count = 1 | 1 266 268 
head = 230, count = 1 | 257 268 230 222 
head = 218, count = 2 | 260 261 269 218 
head = 1, count = 2 | 1 296 
head = 231, count = 1 | 1 231 219 296 
head = 290, count = 1 | 231 290 296 
head = 263, count = 1 | 263 296 
head = 270, count = 1 | 231 375 200 226 270 294 281 
head = 296, count = 1 | 296 281 
head = 281, count = 1 | 1 281 
head = 296, count = 4 | 1 296 
head = 1, count = 2 | 1 274 
head = 290, count = 1 | 231 290 283 274 
head = 290, count = 1 | 231 375 209 220 290 282 274 
head = 274, count = 1 | 1 274 
head = 268, count = 1 | 1 211 268 205 
head = 263, count = 1 | 1 211 264 263 
head = 263, count = 1 | 263 199 
head = 274, count = 1 | 207 377 375 199 209 203 274 
head = 1, count = 1 | 1 231 298 297 
head = 231, count = 1 | 1 231 219 297 
head = 274, count = 1 | 231 274 297 
head = 1, count = 2 | 1 297 
head = 1, count = 1 | 1 278 162 155 
head = 220, count = 1 | 1 231 220 155 
head = 148, count = 1 | 148 300 155 
head = 297, count = 2 | 297 155 
head = 155, count = 3 | 1 155 
head = 1, count = 8 | 1 127 
head = 285, count = 1 | 285 127 
head = 218, count = 2 | 218 127 
head = 231, count = 1 | 231 219 127 
head = 297, count = 2 | 297 127 
head = 274, count = 1 | 274 127 
head = 231, count = 7 | 231 127 
head = 198, count = 1 | 1 211 207 198 199 127 
head = 226, count = 1 | 231 375 226 209 220 275 127 
head = 281, count = 1 | 211 231 281 304 127 
head = 220, count = 1 | 231 220 272 127 
head = 220, count = 1 | 231 220 292 127 
head = 0, count = 2 | 0 127 
head = 127, count = 5 | 127 123 
head = 123, count = 1 | 123 362 
head = 127, count = 4 | 127 362 
head = 127, count = 1 | 127 190 
head = 190, count = 1 | 190 187 
head = 362, count = 1 | 362 187 
head = 187, count = 1 | 362 187 
head = 1, count = 1 | 1 362 
head = 362, count = 1 | 362 182 
head = 187, count = 1 | 362 187 182 
head = 182, count = 1 | 193 182 
head = 362, count = 1 | 362 193 
head = 182, count = 1 | 182 192 
head = 193, count = 1 | 193 192 
head = 279, count = 1 | 279 285 183 184 
head = 193, count = 1 | 193 192 191 
head = 192, count = 1 | 192 184 180 
head = 362, count = 2 | 123 362 
head = 180, count = 1 | 123 362 180 
head = 191, count = 1 | 123 191 180 
head = 123, count = 3 | 361 123 
head = 127, count = 20 | 361 127 
head = 1, count = 1 | 1 361 
head = 0, count = 1 | 0 361 
head = 184, count = 1 | 361 184 
head = 361, count = 3 | 361 123 
head = 123, count = 2 | 123 125 
head = 125, count = 1 | 1 125 
head = 123, count = 2 | 123 73 
head = 125, count = 1 | 125 73 
head = 362, count = 1 | 362 57 
head = 57, count = 1 | 1 57 
head = 362, count = 2 | 1 362 
head = 361, count = 2 | 1 361 
head = 192, count = 1 | 1 192 
head = 73, count = 1 | 73 40 
head = 1, count = 1 | 1 40 51 
head = 1, count = 1 | 1 51 
head = 40, count = 1 | 40 66 
head = 51, count = 2 | 51 66 
head = 1, count = 1 | 1 66 
head = 66, count = 2 | 66 41 
head = 51, count = 1 | 51 41 
head = 155, count = 1 | 155 41 
head = 155, count = 1 | 1 155 362 41 
head = 73, count = 1 | 73 46 
head = 41, count = 1 | 41 63 
head = 63, count = 1 | 1 63 
head = 41, count = 4 | 1 41 
head = 46, count = 1 | 46 64 
head = 1, count = 1 | 1 64 60 
head = 1, count = 1 | 1 60 
head = 66, count = 1 | 66 60 
head = 64, count = 1 | 64 50 
head = 60, count = 1 | 60 50 
head = 66, count = 1 | 66 50 
head = 60, count = 1 | 60 50 54 
head = 54, count = 1 | 1 54 
head = 50, count = 1 | 50 53 
head = 1, count = 1 | 1 53 71 
head = 1, count = 1 | 1 71 
head = 53, count = 1 | 53 56 
head = 71, count = 1 | 71 56 
head = 71, count = 1 | 71 56 59 
head = 1, count = 3 | 1 59 
head = 60, count = 1 | 60 71 59 
head = 59, count = 3 | 1 59 
head = 59, count = 1 | 59 29 
head = 361, count = 17 | 361 29 
head = 1, count = 4 | 1 29 
head = 0, count = 1 | 0 29 
head = 1, count = 1 | 1 28 
head = 29, count = 2 | 29 31 
head = 31, count = 2 | 31 30 
head = 56, count = 1 | 56 29 26 28 30 
head = 28, count = 2 | 28 25 
head = 30, count = 2 | 30 25 
head = 25, count = 1 | 1 25 48 
head = 30, count = 1 | 30 25 48 
head = 29, count = 21 | 29 48 
head = 0, count = 1 | 0 48 
head = 48, count = 1 | 1 48 42 
head = 48, count = 2 | 1 48 
head = 48, count = 2 | 48 8 
head = 8, count = 1 | 29 8 
head = 48, count = 1 | 28 48 
head = 48, count = 1 | 30 48 
head = 30, count = 1 | 30 25 8 
head = 8, count = 2 | 8 13 
head = 1, count = 8 | 1 13 
head = 48, count = 16 | 48 13 
head = 75, count = 5 | 75 13 
head = 231, count = 4 | 231 13 
head = 198, count = 1 | 231 198 199 13 
head = 361, count = 2 | 361 13 
head = 25, count = 2 | 25 8 13 
head = 0, count = 7 | 0 13 
head = 211, count = 1 | 211 207 125 66 48 8 13 
head = 256, count = 1 | 256 13 
head = 0, count = 3 | 0 1 301 92 265 362 13 
head = 56, count = 1 | 56 29 30 13 
head = 256, count = 1 | 0 256 13 
head = 231, count = 1 | 231 75 13 
head = 127, count = 1 | 127 123 125 66 48 8 13 
head = 13, count = 24 | 13 18 
head = 0, count = 1 | 0 256 1 211 300 231 265 361 88 198 75 127 29 13 18 
head = 256, count = 1 | 256 18 
head = 18, count = 25 | 1 18 
head = 13, count = 22 | 1 13 
head = 256, count = 1 | 256 1 13 
head = 1, count = 1 | 1 9 14 
head = 269, count = 5 | 1 269 
head = 1, count = 2 | 1 19 
head = 19, count = 1 | 1 19 
head = 1, count = 1 | 1 5 
head = 19, count = 1 | 19 5 
head = 5, count = 1 | 1 5 
head = 29, count = 1 | 1 29 
head = 0, count = 1 | 0 1 13 
head = 0, count = 1 | 0 256 1 231 127 123 13 
head = 0, count = 1 | 0 1 127 
head = 297, count = 1 | 1 297 
head = 0, count = 1 | 0 1 265 13 
head = 256, count = 1 | 256 1 231 361 75 
head = 0, count = 1 | 0 1 301 92 265 88 263 82 120 119 83 106 289 286 273 296 297 155 362 41 59 13 
head = 1, count = 2 | 1 36 
head = 36, count = 2 | 36 35 
head = 1, count = 40 | 1 35 
head = 13, count = 1 | 13 35 
head = 1, count = 2 | 1 34 
head = 35, count = 24 | 35 32 
head = 1, count = 1 | 1 35 32 
head = 1, count = 1 | 1 36 34 11 
head = 32, count = 9 | 1 32 
head = 35, count = 5 | 1 35 
head = 13, count = 1 | 1 13 35 
head = 1, count = 2 | 1 24 
head = 14, count = 1 | 14 34 24 
head = 24, count = 2 | 1 24 
head = 5, count = 1 | 1 5 405 
head = 1, count = 3 | 1 401 
head = 401, count = 3 | 401 404 
head = 405, count = 2 | 405 404 
head = 404, count = 7 | 404 402 
head = 402, count = 8 | 1 402 
head = 1, count = 1 | 1 405 15 
head = 1, count = 34 | 1 15 
head = 32, count = 1 | 1 32 24 15 
head = 32, count = 10 | 32 15 
head = 0, count = 1 | 0 13 15 
head = 177, count = 1 | 177 73 46 22 
head = 22, count = 2 | 22 12 
head = 15, count = 1 | 15 4 10 22 21 
head = 15, count = 22 | 15 21 
head = 361, count = 1 | 361 21 
head = 1, count = 1 | 1 34 21 
head = 1, count = 2 | 1 21 
head = 1, count = 1 | 1 15 17 
head = 1, count = 3 | 1 17 
head = 21, count = 23 | 21 17 
head = 88, count = 1 | 88 263 82 120 119 83 106 289 286 273 296 297 155 41 59 17 
head = 0, count = 2 | 0 17 
head = 256, count = 1 | 256 13 17 
head = 256, count = 1 | 256 17 
head = 13, count = 1 | 1 13 17 
head = 1, count = 2 | 1 61 
head = 13, count = 1 | 1 13 17 61 
head = 71, count = 1 | 71 61 
head = 21, count = 1 | 21 61 
head = 361, count = 1 | 361 125 177 73 46 146 
head = 144, count = 234 | 144 147 
head = 147, count = 267 | 144 147 
head = 256, count = 32 | 256 147 
head = 0, count = 1 | 0 147 
head = 0, count = 1 | 0 168 
head = 1, count = 5 | 1 245 
head = 24, count = 1 | 24 405 404 10 12 245 
head = 61, count = 2 | 61 245 
head = 17, count = 13 | 17 245 
head = 1, count = 1 | 1 17 245 
head = 13, count = 2 | 13 245 
head = 13, count = 1 | 13 17 245 
head = 15, count = 7 | 15 245 
head = 50, count = 1 | 50 56 43 245 
head = 73, count = 1 | 73 58 45 67 245 
head = 256, count = 2 | 256 13 245 
head = 256, count = 7 | 256 245 
head = 25, count = 1 | 29 26 28 25 48 13 52 245 
head = 17, count = 1 | 17 61 245 
head = 245, count = 9 | 245 246 
head = 246, count = 9 | 246 244 
head = 245, count = 2 | 245 244 
head = 244, count = 9 | 244 247 
head = 245, count = 20 | 245 247 
head = 15, count = 1 | 15 21 17 245 247 
head = 256, count = 2 | 256 247 
head = 75, count = 1 | 219 221 203 75 78 193 51 60 71 30 404 247 
head = 15, count = 2 | 15 245 246 244 247 
head = 247, count = 3 | 1 247 
head = 1, count = 1 | 1 239 
head = 247, count = 1 | 247 240 
head = 144, count = 1 | 144 312 308 
head = 144, count = 28 | 144 308 
head = 308, count = 1 | 308 309 
head = 309, count = 1 | 309 310 
head = 144, count = 20 | 144 310 
head = 144, count = 28 | 144 308 310 
head = 144, count = 1 | 144 308 309 310 
head = 310, count = 1 | 310 307 
head = 168, count = 1 | 168 239 311 307 
head = 307, count = 1 | 307 306 
head = 239, count = 1 | 1 239 242 
head = 240, count = 1 | 1 240 
head = 1, count = 3 | 1 345 
head = 244, count = 1 | 1 244 
head = 1, count = 1 | 1 405 
head = 345, count = 1 | 405 404 345 
head = 405, count = 1 | 405 402 
head = 345, count = 1 | 1 404 345 
head = 1, count = 1 | 1 360 
head = 247, count = 8 | 247 360 
head = 245, count = 2 | 245 360 
head = 17, count = 5 | 17 360 
head = 15, count = 1 | 15 360 
head = 360, count = 6 | 360 343 
head = 1, count = 21 | 1 343 
head = 61, count = 1 | 61 343 
head = 263, count = 1 | 263 343 
head = 12, count = 1 | 12 343 
head = 1, count = 1 | 1 360 351 343 
head = 247, count = 8 | 247 343 
head = 21, count = 1 | 21 343 
head = 343, count = 1 | 343 232 
head = 247, count = 1 | 247 232 
head = 232, count = 2 | 232 237 
head = 247, count = 5 | 247 237 
head = 343, count = 6 | 343 237 
head = 360, count = 6 | 360 237 
head = 35, count = 3 | 35 237 
head = 1, count = 2 | 1 237 
head = 17, count = 4 | 17 237 
head = 32, count = 5 | 32 237 
head = 15, count = 2 | 15 237 
head = 343, count = 1 | 343 234 
head = 269, count = 2 | 269 234 
head = 237, count = 1 | 237 233 
head = 237, count = 1 | 237 234 233 
head = 234, count = 1 | 343 234 
head = 343, count = 25 | 1 343 
head = 360, count = 1 | 1 360 
head = 15, count = 4 | 1 15 
head = 1, count = 2 | 1 358 
head = 343, count = 1 | 343 358 
head = 358, count = 1 | 1 358 
head = 358, count = 1 | 358 344 
head = 1, count = 2 | 1 359 
head = 233, count = 1 | 233 359 
head = 343, count = 6 | 343 359 
head = 233, count = 1 | 343 233 359 
head = 343, count = 1 | 343 237 359 
head = 247, count = 2 | 247 359 
head = 237, count = 10 | 237 359 
head = 247, count = 1 | 404 247 359 
head = 359, count = 19 | 1 359 
head = 1, count = 1 | 1 358 352 
head = 1, count = 2 | 1 349 
head = 352, count = 1 | 352 334 
head = 344, count = 1 | 344 350 
head = 334, count = 1 | 334 342 350 
head = 349, count = 2 | 1 349 
head = 237, count = 1 | 1 237 
head = 359, count = 1 | 359 390 
head = 0, count = 1 | 0 1 301 92 265 362 13 15 
head = 390, count = 1 | 1 390 
head = 1, count = 14 | 1 391 
head = 237, count = 14 | 237 391 
head = 17, count = 5 | 17 391 
head = 359, count = 1 | 359 391 
head = 15, count = 5 | 15 391 
head = 231, count = 1 | 231 377 187 402 391 
head = 391, count = 1 | 1 391 
head = 1, count = 1 | 1 386 
head = 343, count = 1 | 343 393 387 
head = 391, count = 1 | 1 391 384 
head = 387, count = 15 | 393 387 
head = 234, count = 2 | 234 393 387 
head = 384, count = 1 | 1 384 392 395 
head = 391, count = 25 | 391 395 
head = 386, count = 1 | 1 386 389 395 
head = 245, count = 1 | 245 246 244 395 
head = 1, count = 1 | 1 343 395 
head = 1, count = 2 | 1 395 
head = 350, count = 1 | 1 350 381 383 
head = 395, count = 26 | 395 394 
head = 17, count = 1 | 1 17 394 
head = 1, count = 1 | 1 395 394 
head = 391, count = 1 | 391 394 
head = 395, count = 1 | 395 383 388 
head = 394, count = 26 | 394 388 
head = 35, count = 1 | 35 237 388 
head = 1, count = 1 | 1 381 388 
head = 388, count = 23 | 388 380 
head = 358, count = 1 | 358 386 380 
head = 380, count = 1 | 380 385 
head = 394, count = 1 | 394 385 
head = 1, count = 2 | 1 385 
head = 388, count = 2 | 1 388 
head = 385, count = 3 | 1 385 
head = 1, count = 2 | 1 391 394 388 
head = 1, count = 1 | 1 391 395 394 388 
head = 383, count = 1 | 1 383 330 
head = 350, count = 1 | 1 342 350 
head = 330, count = 1 | 330 335 
head = 1, count = 1 | 1 335 
head = 388, count = 1 | 1 388 330 
head = 1, count = 1 | 1 391 389 
head = 394, count = 1 | 1 394 
head = 380, count = 2 | 1 380 
head = 1, count = 1 | 1 136 
head = 136, count = 1 | 136 134 
head = 1, count = 7 | 1 134 
head = 391, count = 1 | 1 391 134 
head = 395, count = 1 | 395 134 
head = 385, count = 2 | 385 134 
head = 388, count = 1 | 1 388 134 
head = 388, count = 1 | 388 134 
head = 391, count = 7 | 391 134 
head = 380, count = 8 | 380 134 
head = 237, count = 3 | 237 134 
head = 1, count = 1 | 1 131 
head = 134, count = 1 | 134 129 128 133 
head = 134, count = 1 | 134 133 
head = 335, count = 1 | 1 335 136 347 
head = 335, count = 1 | 335 131 332 
head = 347, count = 1 | 347 332 
head = 1, count = 1 | 1 136 347 357 
head = 359, count = 1 | 359 357 
head = 332, count = 2 | 332 346 
head = 357, count = 2 | 1 357 
head = 1, count = 1 | 1 134 128 
head = 134, count = 7 | 1 134 
head = 133, count = 2 | 1 133 
head = 1, count = 2 | 1 324 
head = 324, count = 2 | 1 324 
head = 134, count = 20 | 134 327 
head = 1, count = 28 | 1 327 
head = 380, count = 11 | 380 327 
head = 237, count = 1 | 237 327 
head = 391, count = 3 | 391 327 
head = 388, count = 1 | 388 327 
head = 21, count = 1 | 21 385 327 
head = 387, count = 3 | 387 313 323 
head = 327, count = 1 | 327 325 323 
head = 357, count = 1 | 357 323 
head = 323, count = 9 | 313 323 
head = 327, count = 2 | 327 314 322 
head = 323, count = 1 | 322 323 
head = 327, count = 52 | 327 322 
head = 1, count = 4 | 1 328 
head = 322, count = 24 | 322 328 
head = 327, count = 9 | 327 328 
head = 391, count = 1 | 391 134 328 
head = 395, count = 1 | 1 395 394 328 
head = 332, count = 2 | 1 332 314 318 
head = 328, count = 27 | 328 318 
head = 359, count = 1 | 359 349 357 318 
head = 327, count = 2 | 1 327 328 318 
head = 1, count = 4 | 1 327 322 
head = 327, count = 2 | 1 327 322 
head = 327, count = 2 | 1 327 
head = 1, count = 2 | 1 327 322 328 318 
head = 318, count = 2 | 1 318 341 
head = 346, count = 2 | 346 314 341 
head = 341, count = 1 | 332 341 331 
head = 341, count = 1 | 332 341 
head = 1, count = 1 | 1 357 
head = 131, count = 1 | 131 357 326 
head = 318, count = 9 | 1 318 
head = 1, count = 2 | 1 314 
head = 328, count = 4 | 1 328 
head = 328, count = 3 | 1 328 318 
head = 318, count = 15 | 327 318 
head = 328, count = 2 | 327 328 
head = 322, count = 10 | 327 322 
head = 327, count = 1 | 327 325 322 
head = 341, count = 1 | 341 353 
head = 341, count = 1 | 341 331 353 
head = 322, count = 4 | 1 322 
head = 1, count = 1 | 1 373 
head = 373, count = 1 | 373 367 
head = 1, count = 8 | 1 367 
head = 327, count = 4 | 327 367 
head = 322, count = 16 | 322 367 
head = 367, count = 2 | 367 368 
head = 368, count = 2 | 368 366 
head = 367, count = 3 | 367 366 
head = 1, count = 2 | 1 366 
head = 366, count = 1 | 366 369 
head = 367, count = 1 | 367 369 
head = 1, count = 2 | 1 369 
head = 366, count = 1 | 1 366 
head = 369, count = 1 | 1 369 
head = 1, count = 3 | 1 367 366 
head = 353, count = 1 | 1 353 333 
head = 345, count = 1 | 345 329 
head = 366, count = 1 | 1 366 333 329 
head = 1, count = 32 | 1 329 
head = 1, count = 1 | 1 367 374 329 
head = 367, count = 2 | 367 329 
head = 329, count = 1 | 329 255 
head = 1, count = 1 | 1 255 
head = 255, count = 2 | 255 254 
head = 367, count = 1 | 1 367 374 254 
head = 369, count = 2 | 369 254 
head = 366, count = 4 | 366 254 
head = 329, count = 6 | 329 254 
head = 367, count = 16 | 367 254 
head = 327, count = 1 | 327 254 
head = 237, count = 1 | 237 254 
head = 322, count = 2 | 322 254 
head = 254, count = 2 | 254 253 
head = 329, count = 3 | 329 336 
head = 357, count = 1 | 357 372 336 
head = 61, count = 1 | 61 336 
head = 336, count = 4 | 336 339 
head = 323, count = 1 | 323 339 
head = 339, count = 1 | 339 355 337 
head = 339, count = 2 | 339 337 
head = 380, count = 1 | 380 130 337 
head = 343, count = 1 | 343 337 
head = 1, count = 1 | 1 171 
head = 329, count = 1 | 1 329 171 
head = 323, count = 1 | 313 323 249 171 
head = 337, count = 2 | 337 171 
head = 171, count = 1 | 171 151 
head = 12, count = 1 | 12 168 245 244 145 343 232 236 334 386 324 331 373 255 151 
head = 151, count = 1 | 1 151 
head = 171, count = 1 | 1 171 
head = 343, count = 1 | 405 343 236 393 314 250 141 
head = 279, count = 1 | 279 127 123 404 
head = 353, count = 1 | 1 353 372 329 
head = 1, count = 1 | 1 405 153 
head = 333, count = 1 | 1 333 329 348 153 
head = 1, count = 2 | 1 153 
head = 337, count = 2 | 337 153 
head = 254, count = 15 | 254 153 
head = 360, count = 4 | 360 153 
head = 247, count = 1 | 247 153 
head = 153, count = 1 | 153 161 160 
head = 153, count = 1 | 153 160 
head = 34, count = 1 | 1 34 22 236 234 320 160 
head = 329, count = 1 | 329 160 
head = 171, count = 1 | 171 160 
head = 160, count = 3 | 160 174 
head = 153, count = 1 | 153 174 
head = 1, count = 2 | 1 174 
head = 336, count = 1 | 336 174 
head = 369, count = 1 | 369 174 
head = 1, count = 1 | 1 153 175 
head = 174, count = 2 | 174 178 
head = 193, count = 1 | 193 51 60 178 
head = 339, count = 1 | 339 178 
head = 160, count = 1 | 160 178 
head = 178, count = 4 | 178 165 
head = 1, count = 2 | 1 165 
head = 219, count = 5 | 219 165 
head = 323, count = 1 | 313 323 249 165 
head = 0, count = 1 | 0 1 301 92 265 362 13 15 385 369 174 165 
head = 1, count = 1 | 1 34 165 
head = 219, count = 1 | 1 219 165 
head = 165, count = 2 | 165 138 
head = 269, count = 1 | 269 139 165 138 
head = 254, count = 2 | 254 138 
head = 138, count = 2 | 138 163 
head = 1, count = 1 | 1 127 123 165 163 
head = 165, count = 2 | 165 163 
head = 163, count = 4 | 163 150 
head = 1, count = 1 | 1 150 
============================================================
BBLSwitchCount - Thread 0
from = 0 | 256:1 1:1 
from = 256 | 0:1 
from = 1 | 0:1 143:1 148:1 278:1 276:1 301:1 295:1 300:1 291:1 100:1 108:1 92:1 107:1 113:1 98:1 85:1 211:10 207:10 231:10 196:10 230:10 204:10 219:10 222:10 202:5 267:5 262:5 265:5 266:5 257:5 268:5 259:5 258:5 264:5 205:5 227:10 80:1 99:1 88:1 84:1 89:1 114:1 198:6 228:6 197:6 229:6 213:6 206:6 200:6 221:6 226:6 194:6 208:6 216:6 260:15 261:15 269:15 263:4 109:1 110:1 82:1 112:1 103:1 115:1 199:6 212:6 225:6 223:6 201:6 217:6 209:6 203:6 220:6 210:6 224:6 195:6 116:1 94:1 120:1 91:1 111:1 81:1 215:5 214:5 218:5 121:1 90:1 119:1 97:1 105:1 117:1 101:1 102:1 83:1 86:1 95:1 118:1 75:2 76:2 78:2 77:2 87:1 96:1 79:1 106:1 104:1 93:1 305:1 289:1 279:1 303:1 299:1 271:1 293:1 280:1 286:1 284:1 270:1 285:1 287:1 275:1 302:1 273:1 294:1 288:1 290:1 282:1 283:1 296:1 272:1 281:1 274:1 292:1 298:1 297:1 304:1 277:1 162:1 155:1 159:1 127:1 122:1 123:2 125:1 124:1 126:1 170:1 177:1 73:1 57:1 70:1 40:1 72:1 51:1 66:1 41:1 68:1 46:1 63:1 62:1 64:1 55:1 60:1 50:1 54:1 44:1 53:1 38:1 71:1 56:1 59:1 47:1 29:1 26:1 28:1 31:1 27:1 30:1 25:1 48:1 42:1 74:1 65:1 8:1 20:1 13:1 18:1 7:1 3:1 9:1 14:1 16:1 2:1 19:1 5:1 36:1 35:1 37:1 34:33 32:1 33:1 11:1 23:1 6:1 24:1 405:3 401:3 406:3 404:3 402:3 400:3 403:3 15:1 4:1 10:1 22:1 12:1 21:1 17:1 52:1 61:1 49:1 43:1 69:1 58:1 45:1 67:1 39:1 146:1 144:312 147:311 168:1 245:1 246:1 244:1 243:1 248:1 247:1 172:1 156:1 169:1 152:1 239:1 241:1 240:1 238:1 242:1 145:1 176:1 345:1 360:1 351:1 343:1 358:1 344:1 359:1 354:1 352:1 349:1 334:1 342:2 350:1 390:1 381:1 391:1 397:1 386:1 393:18 387:18 399:18 384:18 396:18 392:1 398:1 389:1 395:1 383:1 394:1 382:1 388:1 380:1 385:1 330:1 338:2 335:1 136:1 134:1 135:1 130:18 131:18 129:18 128:1 133:1 132:1 347:1 332:2 357:2 346:2 324:2 327:2 315:2 325:2 314:2 313:64 319:64 320:14 326:14 323:12 317:2 322:2 328:2 318:2 316:2 321:2 341:2 331:2 356:1 353:1 373:1 370:1 367:1 365:1 372:32 371:32 374:1 368:1 366:1 369:1 333:1 329:1 336:1 348:1 339:1 355:1 337:1 340:1 141:1 171:1 158:1 151:1 153:1 161:1 157:1 160:1 166:1 174:1 173:1 167:1 175:1 178:1 179:1 139:10 165:10 149:10 164:1 140:1 138:1 142:1 163:1 137:1 150:1 154:1 
from = 143 | 1:1 
from = 148 | 1:1 
from = 278 | 1:1 
from = 276 | 1:1 
from = 301 | 1:1 
from = 295 | 1:1 
from = 300 | 1:1 
from = 291 | 1:1 
from = 100 | 1:1 
from = 108 | 1:1 
from = 92 | 1:1 
from = 107 | 1:1 
from = 113 | 1:1 
from = 98 | 1:1 
from = 85 | 1:1 
from = 211 | 1:10 
from = 207 | 1:10 
from = 231 | 1:10 
from = 196 | 1:10 
from = 230 | 1:10 
from = 204 | 1:10 
from = 219 | 1:10 
from = 222 | 1:10 
from = 202 | 1:5 
from = 267 | 1:5 
from = 262 | 1:5 
from = 265 | 1:5 
from = 266 | 1:5 
from = 257 | 1:5 
from = 268 | 1:5 
from = 259 | 1:5 
from = 258 | 1:5 
from = 264 | 1:5 
from = 205 | 1:5 
from = 227 | 1:10 
from = 80 | 1:1 
from = 99 | 1:1 
from = 88 | 1:1 
from = 84 | 1:1 
from = 89 | 1:1 
from = 114 | 1:1 
from = 198 | 1:6 377:6 378:6 379:6 375:6 376:6 
from = 377 | 198:6 199:6 
from = 378 | 198:6 199:6 
from = 379 | 198:6 199:6 
from = 375 | 198:6 199:6 
from = 376 | 198:6 199:6 
from = 228 | 1:6 
from = 197 | 1:6 
from = 229 | 1:6 
from = 213 | 1:6 
from = 206 | 1:6 
from = 200 | 1:6 
from = 221 | 1:6 
from = 226 | 1:6 
from = 194 | 1:6 
from = 208 | 1:6 
from = 216 | 1:6 
from = 260 | 1:15 
from = 261 | 1:15 
from = 269 | 1:15 
from = 263 | 1:4 
from = 109 | 1:1 
from = 110 | 1:1 
from = 82 | 1:1 
from = 112 | 1:1 
from = 103 | 1:1 
from = 115 | 1:1 
from = 199 | 1:6 377:6 378:6 379:6 375:6 376:6 
from = 212 | 1:6 
from = 225 | 1:6 
from = 223 | 1:6 
from = 201 | 1:6 
from = 217 | 1:6 
from = 209 | 1:6 
from = 203 | 1:6 
from = 220 | 1:6 
from = 210 | 1:6 
from = 224 | 1:6 
from = 195 | 1:6 
from = 116 | 1:1 
from = 94 | 1:1 
from = 120 | 1:1 
from = 91 | 1:1 
from = 111 | 1:1 
from = 81 | 1:1 
from = 215 | 1:5 
from = 214 | 1:5 
from = 218 | 1:5 
from = 121 | 1:1 
from = 90 | 1:1 
from = 119 | 1:1 
from = 97 | 1:1 
from = 105 | 1:1 
from = 117 | 1:1 
from = 101 | 1:1 
from = 102 | 1:1 
from = 83 | 1:1 
from = 86 | 1:1 
from = 95 | 1:1 
from = 118 | 1:1 
from = 75 | 1:2 
from = 76 | 1:2 
from = 78 | 1:2 
from = 77 | 1:2 
from = 87 | 1:1 
from = 96 | 1:1 
from = 79 | 1:1 
from = 106 | 1:1 
from = 104 | 1:1 
from = 93 | 1:1 
from = 305 | 1:1 
from = 289 | 1:1 
from = 279 | 1:1 
from = 303 | 1:1 
from = 299 | 1:1 
from = 271 | 1:1 
from = 293 | 1:1 
from = 280 | 1:1 
from = 286 | 1:1 
from = 284 | 1:1 
from = 270 | 1:1 
from = 285 | 1:1 
from = 287 | 1:1 
from = 275 | 1:1 
from = 302 | 1:1 
from = 273 | 1:1 
from = 294 | 1:1 
from = 288 | 1:1 
from = 290 | 1:1 
from = 282 | 1:1 
from = 283 | 1:1 
from = 296 | 1:1 
from = 272 | 1:1 
from = 281 | 1:1 
from = 274 | 1:1 
from = 292 | 1:1 
from = 298 | 1:1 
from = 297 | 1:1 
from = 304 | 1:1 
from = 277 | 1:1 
from = 162 | 1:1 
from = 155 | 1:1 
from = 159 | 1:1 
from = 127 | 1:1 
from = 122 | 1:1 
from = 123 | 1:2 363:2 362:1 364:2 361:1 
from = 363 | 123:2 
from = 362 | 123:1 189:1 190:1 187:1 186:1 182:1 185:1 193:1 192:1 183:1 184:1 191:1 180:1 181:1 188:1 
from = 189 | 362:1 
from = 190 | 362:1 
from = 187 | 362:1 
from = 186 | 362:1 
from = 182 | 362:1 
from = 185 | 362:1 
from = 193 | 362:1 
from = 192 | 362:1 
from = 183 | 362:1 
from = 184 | 362:1 
from = 191 | 362:1 
from = 180 | 362:1 
from = 181 | 362:1 
from = 188 | 362:1 
from = 364 | 123:2 
from = 361 | 123:1 
from = 125 | 1:1 
from = 124 | 1:1 
from = 126 | 1:1 
from = 170 | 1:1 
from = 177 | 1:1 
from = 73 | 1:1 
from = 57 | 1:1 
from = 70 | 1:1 
from = 40 | 1:1 
from = 72 | 1:1 
from = 51 | 1:1 
from = 66 | 1:1 
from = 41 | 1:1 
from = 68 | 1:1 
from = 46 | 1:1 
from = 63 | 1:1 
from = 62 | 1:1 
from = 64 | 1:1 
from = 55 | 1:1 
from = 60 | 1:1 
from = 50 | 1:1 
from = 54 | 1:1 
from = 44 | 1:1 
from = 53 | 1:1 
from = 38 | 1:1 
from = 71 | 1:1 
from = 56 | 1:1 
from = 59 | 1:1 
from = 47 | 1:1 
from = 29 | 1:1 8:1 
from = 26 | 1:1 8:1 
from = 28 | 1:1 8:1 
from = 31 | 1:1 8:1 
from = 27 | 1:1 8:1 
from = 30 | 1:1 8:1 
from = 25 | 1:1 8:1 
from = 48 | 1:1 
from = 42 | 1:1 
from = 74 | 1:1 
from = 65 | 1:1 
from = 8 | 1:1 29:1 26:1 28:1 31:1 27:1 30:1 25:1 
from = 20 | 1:1 
from = 13 | 1:1 
from = 18 | 1:1 
from = 7 | 1:1 
from = 3 | 1:1 
from = 9 | 1:1 
from = 14 | 1:1 
from = 16 | 1:1 
from = 2 | 1:1 
from = 19 | 1:1 
from = 5 | 1:1 
from = 36 | 1:1 
from = 35 | 1:1 
from = 37 | 1:1 
from = 34 | 1:33 
from = 32 | 1:1 
from = 33 | 1:1 
from = 11 | 1:1 
from = 23 | 1:1 
from = 6 | 1:1 
from = 24 | 1:1 
from = 405 | 1:3 
from = 401 | 1:3 
from = 406 | 1:3 
from = 404 | 1:3 
from = 402 | 1:3 
from = 400 | 1:3 
from = 403 | 1:3 
from = 15 | 1:1 
from = 4 | 1:1 
from = 10 | 1:1 
from = 22 | 1:1 
from = 12 | 1:1 
from = 21 | 1:1 
from = 17 | 1:1 
from = 52 | 1:1 
from = 61 | 1:1 
from = 49 | 1:1 
from = 43 | 1:1 
from = 69 | 1:1 
from = 58 | 1:1 
from = 45 | 1:1 
from = 67 | 1:1 
from = 39 | 1:1 
from = 146 | 1:1 
from = 144 | 1:312 
from = 147 | 1:311 
from = 168 | 1:1 
from = 245 | 1:1 
from = 246 | 1:1 
from = 244 | 1:1 
from = 243 | 1:1 
from = 248 | 1:1 
from = 247 | 1:1 
from = 172 | 1:1 
from = 156 | 1:1 
from = 169 | 1:1 
from = 152 | 1:1 
from = 239 | 1:1 
from = 241 | 1:1 
from = 240 | 1:1 311:1 312:1 308:113 309:1 310:198 307:1 306:1 
from = 311 | 240:1 
from = 312 | 240:1 
from = 308 | 240:113 
from = 309 | 240:1 
from = 310 | 240:198 
from = 307 | 240:1 
from = 306 | 240:1 
from = 238 | 1:1 
from = 242 | 1:1 
from = 145 | 1:1 
from = 176 | 1:1 
from = 345 | 1:1 
from = 360 | 1:1 
from = 351 | 1:1 
from = 343 | 1:1 232:1 237:1 236:1 234:32 233:1 235:1 
from = 232 | 343:1 
from = 237 | 343:1 
from = 236 | 343:1 
from = 234 | 343:32 
from = 233 | 343:1 
from = 235 | 343:1 
from = 358 | 1:1 
from = 344 | 1:1 
from = 359 | 1:1 
from = 354 | 1:1 
from = 352 | 1:1 
from = 349 | 1:1 
from = 334 | 1:1 
from = 342 | 1:2 
from = 350 | 1:1 
from = 390 | 1:1 
from = 381 | 1:1 
from = 391 | 1:1 
from = 397 | 1:1 
from = 386 | 1:1 
from = 393 | 1:18 
from = 387 | 1:18 
from = 399 | 1:18 
from = 384 | 1:18 
from = 396 | 1:18 
from = 392 | 1:1 
from = 398 | 1:1 
from = 389 | 1:1 
from = 395 | 1:1 
from = 383 | 1:1 
from = 394 | 1:1 
from = 382 | 1:1 
from = 388 | 1:1 
from = 380 | 1:1 
from = 385 | 1:1 
from = 330 | 1:1 
from = 338 | 1:2 
from = 335 | 1:1 
from = 136 | 1:1 
from = 134 | 1:1 
from = 135 | 1:1 
from = 130 | 1:18 
from = 131 | 1:18 
from = 129 | 1:18 
from = 128 | 1:1 
from = 133 | 1:1 
from = 132 | 1:1 
from = 347 | 1:1 
from = 332 | 1:2 
from = 357 | 1:2 
from = 346 | 1:2 
from = 324 | 1:2 
from = 327 | 1:2 
from = 315 | 1:2 
from = 325 | 1:2 
from = 314 | 1:2 
from = 313 | 1:64 
from = 319 | 1:64 
from = 320 | 1:14 
from = 326 | 1:14 
from = 323 | 1:12 
from = 317 | 1:2 
from = 322 | 1:2 
from = 328 | 1:2 
from = 318 | 1:2 
from = 316 | 1:2 
from = 321 | 1:2 
from = 341 | 1:2 
from = 331 | 1:2 
from = 356 | 1:1 
from = 353 | 1:1 
from = 373 | 1:1 
from = 370 | 1:1 
from = 367 | 1:1 
from = 365 | 1:1 
from = 372 | 1:32 
from = 371 | 1:32 
from = 374 | 1:1 
from = 368 | 1:1 
from = 366 | 1:1 
from = 369 | 1:1 
from = 333 | 1:1 
from = 329 | 1:1 255:1 254:1 250:1 249:32 251:32 253:1 252:1 
from = 255 | 329:1 
from = 254 | 329:1 
from = 250 | 329:1 
from = 249 | 329:32 
from = 251 | 329:32 
from = 253 | 329:1 
from = 252 | 329:1 
from = 336 | 1:1 
from = 348 | 1:1 
from = 339 | 1:1 
from = 355 | 1:1 
from = 337 | 1:1 
from = 340 | 1:1 
from = 141 | 1:1 
from = 171 | 1:1 
from = 158 | 1:1 
from = 151 | 1:1 
from = 153 | 1:1 
from = 161 | 1:1 
from = 157 | 1:1 
from = 160 | 1:1 
from = 166 | 1:1 
from = 174 | 1:1 
from = 173 | 1:1 
from = 167 | 1:1 
from = 175 | 1:1 
from = 178 | 1:1 
from = 179 | 1:1 
from = 139 | 1:10 
from = 165 | 1:10 
from = 149 | 1:10 
from = 164 | 1:1 
from = 140 | 1:1 
from = 138 | 1:1 
from = 142 | 1:1 
from = 163 | 1:1 
from = 137 | 1:1 
from = 150 | 1:1 
from = 154 | 1:1 
