============================================================
Thread 0
  BBLID       Time(ns)    Instruction  Memory Access          Hash(hi)          Hash(lo)
      0           4862              3              0  0000000000000000  0000000000000000
      1    3.76694e+08      374542035         545066  0000000000000001  0000000000000001
      2             55              4              1  4306d2e86dc2ee69  03b9e3e806755997
      3             85             24              4  4306d2e86dc2ee69  05f7b01753eee39a
      4           3854           1262             30  4306d2e86dc2ee69  0bf4ae0804df8f20
      5             80              4              2  4306d2e86dc2ee69  0d924f0c8a944194
      6    2.32304e+10    13450731868        2600010  4306d2e86dc2ee69  144bbc142dd5b43e
      7           1758            988              1  4306d2e86dc2ee69  1bc231ccda0fc810
      8          13540           1297            215  4306d2e86dc2ee69  1c8b71e7a91ffddd
      9         219433          79203           1727  4306d2e86dc2ee69  25370d1d38e8a7b6
     10             65              4              1  4306d2e86dc2ee69  2ea2fcef5036f573
     11            113              8              4  4306d2e86dc2ee69  35d6529641cd61be
     12    4.96942e+06        1966832          56893  4306d2e86dc2ee69  382822a519796f85
     13          11847           1213            332  4306d2e86dc2ee69  3ad2554517bda8f8
     14             91             21              2  4306d2e86dc2ee69  3c17a9327ae7f061
     15             65              4              2  4306d2e86dc2ee69  4106697feff3ff58
     16           1660            840              1  4306d2e86dc2ee69  41f75e64e6fa8155
     17          21736           3588              0  4306d2e86dc2ee69  43f8148641b9152e
     18             65              4              2  4306d2e86dc2ee69  478152fccedbadb5
     19           9831           9471           3561  4306d2e86dc2ee69  502e6d44d3d50b43
     20     5.2984e+08      140924288       21627351  4306d2e86dc2ee69  544a175020a9a33b
     21             68              7              2  4306d2e86dc2ee69  58b93faaae5c8b63
     22              4              4              0  4306d2e86dc2ee69  6777d285d2c2a7db
     23          10195           2122            182  4306d2e86dc2ee69  6ad94731385b98f1
     24              8              5              0  4306d2e86dc2ee69  6f632cd8b0c66a7b
     25              4              4              0  4306d2e86dc2ee69  7043fdfa4114b465
     26    3.31955e+08      182372608        3599238  4306d2e86dc2ee69  72b6e94d530ab0a9
     27    2.54004e+08       53882816        1367384  4306d2e86dc2ee69  73917d1a32008d43
     28              5              5              1  4306d2e86dc2ee69  76047cec03c84014
     29              4              4              1  4306d2e86dc2ee69  7699574007a84529
     30             58              4              2  4306d2e86dc2ee69  7c16cca6d6c0b927
     31             73             12              2  4306d2e86dc2ee69  830903accaff194f
     32              4              4              0  4306d2e86dc2ee69  8f7ed44c6c032bac
     33             67              6              2  4306d2e86dc2ee69  93b49ec621666a99
     34              4              4              0  4306d2e86dc2ee69  94fe7c0e80b18cda
     35              8              5              0  4306d2e86dc2ee69  952f8b1f13435222
     36              5              5              0  4306d2e86dc2ee69  99390a09c63a1414
     37    3.71425e+06        1852411          57717  4306d2e86dc2ee69  9ad417d411b6f168
     38              4              4              0  4306d2e86dc2ee69  9d36532a45c63493
     39    7.12363e+06        3771959          20096  4306d2e86dc2ee69  a38ad7ef94144a3e
     40          18246           3386            238  4306d2e86dc2ee69  a6f507e21c6e5a9c
     41            371            118              2  4306d2e86dc2ee69  a7761785c6b2b267
     42             55              4              1  4306d2e86dc2ee69  ab3333fcd253f6d6
     43              4              4              0  4306d2e86dc2ee69  afe305a3063eb829
     44             67              6              1  4306d2e86dc2ee69  ba5363830f07db83
     45             65              4              2  4306d2e86dc2ee69  bddf517bfe475949
     46              6              6              0  4306d2e86dc2ee69  bf9b05cb93d28189
     47           4025            478            120  4306d2e86dc2ee69  c20e2b4ec1fd3c05
     48              6              6              0  4306d2e86dc2ee69  c4a0db83e0a32dba
     49             65              4              1  4306d2e86dc2ee69  c4dcf80a5b9d1efb
     50             65              4              2  4306d2e86dc2ee69  d478e86c9e83c8bd
     51    2.44667e+10    14301395363        1108758  4306d2e86dc2ee69  e083a8de005d8b0b
     52              4              4              0  4306d2e86dc2ee69  e2a746c1b136ac15
     53              4              4              0  4306d2e86dc2ee69  e40ab93a908adb5f
     54             71             10              1  4306d2e86dc2ee69  ea5d4002db320c68
     55          11191           1201              0  4306d2e86dc2ee69  ed8cd29c724a65fc
     56    5.19574e+06        2198205          57298  4306d2e86dc2ee69  fb2c0dd2b4f075cf
     57             43             42              6  4306d2e86dc2ee69  fbe7ff048e8edb18
     58              4              4              0  4306d2e86dc2ee69  fc39c2bd179e28c0
     59          90061          72310            962  b37b183445c96596  011d2a5e7b19a5ee
     60         180309          86772           1021  b37b183445c96596  0abcee64fc570d70
     61         702604         196479           2185  b37b183445c96596  0b8b4f34aabd7eb0
     62            816             27              0  b37b183445c96596  24b1019ffde88caa
     63    1.18193e+07        2368506          47009  b37b183445c96596  2e930d38ea32691b
     64             55              4              0  b37b183445c96596  3001b6fb84d61850
     65         144620         144620            562  b37b183445c96596  4c887614dd02f590
     66            255              9              0  b37b183445c96596  5a64f7ba7a51f79f
     67          58908          57848            491  b37b183445c96596  675726f7a60715aa
     68          21728           6849            249  b37b183445c96596  a5a6044a4c07d484
     69            148             10              0  b37b183445c96596  c52183c2bc48e9e5
============================================================
Thread 1
  BBLID       Time(ns)    Instruction  Memory Access          Hash(hi)          Hash(lo)
      0     1.7811e+06        1452978          12415  0000000000000000  0000000000000000
     59          90157          72310            856  b37b183445c96596  011d2a5e7b19a5ee
     60         181896          86772            866  b37b183445c96596  0abcee64fc570d70
     61         701353         198081           1847  b37b183445c96596  0b8b4f34aabd7eb0
     62            798             27              0  b37b183445c96596  24b1019ffde88caa
     63     1.4122e+07        2841426          48154  b37b183445c96596  2e930d38ea32691b
     64             60              4              0  b37b183445c96596  3001b6fb84d61850
     65         144620         144620            532  b37b183445c96596  4c887614dd02f590
     66            281              9              7  b37b183445c96596  5a64f7ba7a51f79f
     67          58700          57848            457  b37b183445c96596  675726f7a60715aa
     68          16192           6195            126  b37b183445c96596  a5a6044a4c07d484
     69            156             10              2  b37b183445c96596  c52183c2bc48e9e5
============================================================
Thread 2
  BBLID       Time(ns)    Instruction  Memory Access          Hash(hi)          Hash(lo)
      0    4.10208e+06        2473546          13072  0000000000000000  0000000000000000
     59          89900          72310            992  b37b183445c96596  011d2a5e7b19a5ee
     60         179616          86772            983  b37b183445c96596  0abcee64fc570d70
     61         700575         196479           2189  b37b183445c96596  0b8b4f34aabd7eb0
     62           7898            809             35  b37b183445c96596  24b1019ffde88caa
     63    1.17731e+07        2368506          46505  b37b183445c96596  2e930d38ea32691b
     64             49              4              0  b37b183445c96596  3001b6fb84d61850
     65         144620         144620            609  b37b183445c96596  4c887614dd02f590
     66            294              9              2  b37b183445c96596  5a64f7ba7a51f79f
     67          58403          57848            489  b37b183445c96596  675726f7a60715aa
     68          15466           6195            148  b37b183445c96596  a5a6044a4c07d484
     69            135             10              0  b37b183445c96596  c52183c2bc48e9e5
============================================================
Thread 3
  BBLID       Time(ns)    Instruction  Memory Access          Hash(hi)          Hash(lo)
      0     1.6917e+06        1416210          12338  0000000000000000  0000000000000000
     59          90602          72310            871  b37b183445c96596  011d2a5e7b19a5ee
     60         182364          86772            828  b37b183445c96596  0abcee64fc570d70
     61         703785         198081           1824  b37b183445c96596  0b8b4f34aabd7eb0
     62            805             27             11  b37b183445c96596  24b1019ffde88caa
     63    1.41796e+07        2841426          48188  b37b183445c96596  2e930d38ea32691b
     64             55              4              1  b37b183445c96596  3001b6fb84d61850
     65         144620         144620            485  b37b183445c96596  4c887614dd02f590
     66            285              9              0  b37b183445c96596  5a64f7ba7a51f79f
     67          58286          57848            420  b37b183445c96596  675726f7a60715aa
     68          23061           7017            193  b37b183445c96596  a5a6044a4c07d484
     69            158             10              3  b37b183445c96596  c52183c2bc48e9e5
============================================================
Thread 4
  BBLID       Time(ns)    Instruction  Memory Access          Hash(hi)          Hash(lo)
      0    4.06294e+06        2452423          12872  0000000000000000  0000000000000000
     59          89942          72310            941  b37b183445c96596  011d2a5e7b19a5ee
     60         180890          86772           1004  b37b183445c96596  0abcee64fc570d70
     61         703884         196479           2181  b37b183445c96596  0b8b4f34aabd7eb0
     62            810             27              0  b37b183445c96596  24b1019ffde88caa
     63    1.18161e+07        2368506          47107  b37b183445c96596  2e930d38ea32691b
     64             55              4              0  b37b183445c96596  3001b6fb84d61850
     65         144620         144620            604  b37b183445c96596  4c887614dd02f590
     66            271              9              4  b37b183445c96596  5a64f7ba7a51f79f
     67          58475          57848            468  b37b183445c96596  675726f7a60715aa
     68          16429           6195            142  b37b183445c96596  a5a6044a4c07d484
     69            148             10              2  b37b183445c96596  c52183c2bc48e9e5
============================================================
Thread 5
  BBLID       Time(ns)    Instruction  Memory Access          Hash(hi)          Hash(lo)
      0    1.75144e+06        1444415          14686  0000000000000000  0000000000000000
     59          90611          72310            981  b37b183445c96596  011d2a5e7b19a5ee
     60         181728          86772           1007  b37b183445c96596  0abcee64fc570d70
     61         702244         198081           2163  b37b183445c96596  0b8b4f34aabd7eb0
     62            793             27              5  b37b183445c96596  24b1019ffde88caa
     63    1.41202e+07        2841426          56801  b37b183445c96596  2e930d38ea32691b
     64             55              4              0  b37b183445c96596  3001b6fb84d61850
     65         144620         144620            640  b37b183445c96596  4c887614dd02f590
     66            289              9              4  b37b183445c96596  5a64f7ba7a51f79f
     67          58470          57848            494  b37b183445c96596  675726f7a60715aa
     68          16000           6195            118  b37b183445c96596  a5a6044a4c07d484
     69            148             10              2  b37b183445c96596  c52183c2bc48e9e5
============================================================
Thread 6
  BBLID       Time(ns)    Instruction  Memory Access          Hash(hi)          Hash(lo)
      0    4.05452e+06        2450342          24019  0000000000000000  0000000000000000
     59          89989          72310            942  b37b183445c96596  011d2a5e7b19a5ee
     60         180697          86772           1020  b37b183445c96596  0abcee64fc570d70
     61         704001         196479           2169  b37b183445c96596  0b8b4f34aabd7eb0
     62            808             27              4  b37b183445c96596  24b1019ffde88caa
     63    1.18187e+07        2368506          47299  b37b183445c96596  2e930d38ea32691b
     64             55              4              0  b37b183445c96596  3001b6fb84d61850
     65         144620         144620            605  b37b183445c96596  4c887614dd02f590
     66            285              9              0  b37b183445c96596  5a64f7ba7a51f79f
     67          58732          57848            514  b37b183445c96596  675726f7a60715aa
     68          16043           6195            100  b37b183445c96596  a5a6044a4c07d484
     69            148             10              0  b37b183445c96596  c52183c2bc48e9e5
============================================================
Thread 7
  BBLID       Time(ns)    Instruction  Memory Access          Hash(hi)          Hash(lo)
      0    1.69252e+06        1416824          12280  0000000000000000  0000000000000000
     59          90569          72310            834  b37b183445c96596  011d2a5e7b19a5ee
     60         182273          86772            868  b37b183445c96596  0abcee64fc570d70
     61         703150         198081           1829  b37b183445c96596  0b8b4f34aabd7eb0
     62            815             27              0  b37b183445c96596  24b1019ffde88caa
     63    1.41815e+07        2841426          48267  b37b183445c96596  2e930d38ea32691b
     64             55              4              0  b37b183445c96596  3001b6fb84d61850
     65         144620         144620            510  b37b183445c96596  4c887614dd02f590
     66            292              9              0  b37b183445c96596  5a64f7ba7a51f79f
     67          58964          57848            456  b37b183445c96596  675726f7a60715aa
     68          16236           6195            171  b37b183445c96596  a5a6044a4c07d484
     69            148             10              1  b37b183445c96596  c52183c2bc48e9e5
============================================================
Thread 8
  BBLID       Time(ns)    Instruction  Memory Access          Hash(hi)          Hash(lo)
      0    4.06075e+06        2451190          12689  0000000000000000  0000000000000000
     59          90052          72310            985  b37b183445c96596  011d2a5e7b19a5ee
     60         181078          86772           1016  b37b183445c96596  0abcee64fc570d70
     61         702865         196479           2154  b37b183445c96596  0b8b4f34aabd7eb0
     62            836             27              0  b37b183445c96596  24b1019ffde88caa
     63    1.18214e+07        2368506          46782  b37b183445c96596  2e930d38ea32691b
     64             76              4              0  b37b183445c96596  3001b6fb84d61850
     65         144620         144620            608  b37b183445c96596  4c887614dd02f590
     66            293              9              4  b37b183445c96596  5a64f7ba7a51f79f
     67          58684          57848            473  b37b183445c96596  675726f7a60715aa
     68          16152           6195             50  b37b183445c96596  a5a6044a4c07d484
     69            148             10              0  b37b183445c96596  c52183c2bc48e9e5
============================================================
Thread 9
  BBLID       Time(ns)    Instruction  Memory Access          Hash(hi)          Hash(lo)
      0    1.75552e+06        1446370          12445  0000000000000000  0000000000000000
     59          90608          72310            808  b37b183445c96596  011d2a5e7b19a5ee
     60         181813          86772            850  b37b183445c96596  0abcee64fc570d70
     61         701220         198081           1820  b37b183445c96596  0b8b4f34aabd7eb0
     62            802             27              0  b37b183445c96596  24b1019ffde88caa
     63    1.41191e+07        2841426          48121  b37b183445c96596  2e930d38ea32691b
     64             48              4              0  b37b183445c96596  3001b6fb84d61850
     65         144620         144620            520  b37b183445c96596  4c887614dd02f590
     66            294              9              0  b37b183445c96596  5a64f7ba7a51f79f
     67          58666          57848            454  b37b183445c96596  675726f7a60715aa
     68          16235           6195            167  b37b183445c96596  a5a6044a4c07d484
     69            148             10              0  b37b183445c96596  c52183c2bc48e9e5
============================================================
Thread 10
  BBLID       Time(ns)    Instruction  Memory Access          Hash(hi)          Hash(lo)
      0    4.10443e+06        2473670          24320  0000000000000000  0000000000000000
     59          89948          72310           1005  b37b183445c96596  011d2a5e7b19a5ee
     60         184815          86772           1055  b37b183445c96596  0abcee64fc570d70
     61         700915         196479           2207  b37b183445c96596  0b8b4f34aabd7eb0
     62           7835            809             34  b37b183445c96596  24b1019ffde88caa
     63    1.17634e+07        2368506          46955  b37b183445c96596  2e930d38ea32691b
     64             65              4              0  b37b183445c96596  3001b6fb84d61850
     65         144620         144620            598  b37b183445c96596  4c887614dd02f590
     66            298              9              3  b37b183445c96596  5a64f7ba7a51f79f
     67          58558          57848            519  b37b183445c96596  675726f7a60715aa
     68          16062           6195            119  b37b183445c96596  a5a6044a4c07d484
     69            180             10              1  b37b183445c96596  c52183c2bc48e9e5
============================================================
Thread 11
  BBLID       Time(ns)    Instruction  Memory Access          Hash(hi)          Hash(lo)
      0    1.69044e+06        1415511          12460  0000000000000000  0000000000000000
     59          90577          72310            789  b37b183445c96596  011d2a5e7b19a5ee
     60         186939          86772            868  b37b183445c96596  0abcee64fc570d70
     61         702622         198081           1850  b37b183445c96596  0b8b4f34aabd7eb0
     62            819             27              0  b37b183445c96596  24b1019ffde88caa
     63    1.41824e+07        2841426          48070  b37b183445c96596  2e930d38ea32691b
     64             55              4              0  b37b183445c96596  3001b6fb84d61850
     65         144620         144620            528  b37b183445c96596  4c887614dd02f590
     66            281              9              2  b37b183445c96596  5a64f7ba7a51f79f
     67          58825          57848            412  b37b183445c96596  675726f7a60715aa
     68          16117           6195            142  b37b183445c96596  a5a6044a4c07d484
     69            156             10              1  b37b183445c96596  c52183c2bc48e9e5
============================================================
Thread 12
  BBLID       Time(ns)    Instruction  Memory Access          Hash(hi)          Hash(lo)
      0    4.04921e+06        2445986          23586  0000000000000000  0000000000000000
     59          89892          72310           1004  b37b183445c96596  011d2a5e7b19a5ee
     60         185810          86772           1015  b37b183445c96596  0abcee64fc570d70
     61         703982         196479           2179  b37b183445c96596  0b8b4f34aabd7eb0
     62            842             27              4  b37b183445c96596  24b1019ffde88caa
     63    1.18289e+07        2368506          47217  b37b183445c96596  2e930d38ea32691b
     64             64              4              0  b37b183445c96596  3001b6fb84d61850
     65         144620         144620            653  b37b183445c96596  4c887614dd02f590
     66            281              9              3  b37b183445c96596  5a64f7ba7a51f79f
     67          58804          57848            536  b37b183445c96596  675726f7a60715aa
     68          17034           6195            147  b37b183445c96596  a5a6044a4c07d484
     69            203             10              0  b37b183445c96596  c52183c2bc48e9e5
============================================================
Thread 13
  BBLID       Time(ns)    Instruction  Memory Access          Hash(hi)          Hash(lo)
      0    1.67909e+06        1410318          14296  0000000000000000  0000000000000000
     59          90631          72310           1021  b37b183445c96596  011d2a5e7b19a5ee
     60         186701          86772           1065  b37b183445c96596  0abcee64fc570d70
     61         705241         198081           2192  b37b183445c96596  0b8b4f34aabd7eb0
     62            810             27             19  b37b183445c96596  24b1019ffde88caa
     63    1.41895e+07        2841426          56973  b37b183445c96596  2e930d38ea32691b
     64             55              4              0  b37b183445c96596  3001b6fb84d61850
     65         144620         144620            633  b37b183445c96596  4c887614dd02f590
     66            305              9              1  b37b183445c96596  5a64f7ba7a51f79f
     67          58471          57848            497  b37b183445c96596  675726f7a60715aa
     68          15986           6195            128  b37b183445c96596  a5a6044a4c07d484
     69            170             10              2  b37b183445c96596  c52183c2bc48e9e5
============================================================
Thread 14
  BBLID       Time(ns)    Instruction  Memory Access          Hash(hi)          Hash(lo)
      0    4.05226e+06        2448577          23972  0000000000000000  0000000000000000
     59          89968          72310            990  b37b183445c96596  011d2a5e7b19a5ee
     60         185859          86772           1070  b37b183445c96596  0abcee64fc570d70
     61         703463         196479           2225  b37b183445c96596  0b8b4f34aabd7eb0
     62            807             27              4  b37b183445c96596  24b1019ffde88caa
     63     1.1822e+07        2368506          47369  b37b183445c96596  2e930d38ea32691b
     64             55              4              0  b37b183445c96596  3001b6fb84d61850
     65         144620         144620            598  b37b183445c96596  4c887614dd02f590
     66            279              9              3  b37b183445c96596  5a64f7ba7a51f79f
     67          58387          57848            477  b37b183445c96596  675726f7a60715aa
     68          16219           6195            147  b37b183445c96596  a5a6044a4c07d484
     69            162             10              0  b37b183445c96596  c52183c2bc48e9e5
============================================================
Thread 15
  BBLID       Time(ns)    Instruction  Memory Access          Hash(hi)          Hash(lo)
      0    1.69105e+06        1416045          14787  0000000000000000  0000000000000000
     59          90579          72310           1023  b37b183445c96596  011d2a5e7b19a5ee
     60         187089          86772           1038  b37b183445c96596  0abcee64fc570d70
     61         703979         198081           2135  b37b183445c96596  0b8b4f34aabd7eb0
     62            805             27              4  b37b183445c96596  24b1019ffde88caa
     63    1.41825e+07        2841426          56765  b37b183445c96596  2e930d38ea32691b
     64             55              4              0  b37b183445c96596  3001b6fb84d61850
     65         144620         144620            566  b37b183445c96596  4c887614dd02f590
     66            303              9              3  b37b183445c96596  5a64f7ba7a51f79f
     67          58952          57848            485  b37b183445c96596  675726f7a60715aa
     68          16117           6195            170  b37b183445c96596  a5a6044a4c07d484
     69            241             10              2  b37b183445c96596  c52183c2bc48e9e5
============================================================
Thread 16
  BBLID       Time(ns)    Instruction  Memory Access          Hash(hi)          Hash(lo)
      0    4.11264e+06        2471711          12580  0000000000000000  0000000000000000
     59          89986          72310           1005  b37b183445c96596  011d2a5e7b19a5ee
     60         185446          86772            946  b37b183445c96596  0abcee64fc570d70
     61         701014         196479           2134  b37b183445c96596  0b8b4f34aabd7eb0
     62            802             27              9  b37b183445c96596  24b1019ffde88caa
     63    1.17686e+07        2368506          46173  b37b183445c96596  2e930d38ea32691b
     64             55              4              0  b37b183445c96596  3001b6fb84d61850
     65         144620         144620            619  b37b183445c96596  4c887614dd02f590
     66            272              9              4  b37b183445c96596  5a64f7ba7a51f79f
     67          58420          57848            459  b37b183445c96596  675726f7a60715aa
     68          17553           6195            146  b37b183445c96596  a5a6044a4c07d484
     69            148             10              1  b37b183445c96596  c52183c2bc48e9e5
============================================================
Thread 17
  BBLID       Time(ns)    Instruction  Memory Access          Hash(hi)          Hash(lo)
      0    1.68204e+06        1411509          14442  0000000000000000  0000000000000000
     59          90655          72310           1049  b37b183445c96596  011d2a5e7b19a5ee
     60         187114          86772           1042  b37b183445c96596  0abcee64fc570d70
     61         703828         198081           2180  b37b183445c96596  0b8b4f34aabd7eb0
     62            807             27             12  b37b183445c96596  24b1019ffde88caa
     63    1.41833e+07        2841426          56993  b37b183445c96596  2e930d38ea32691b
     64             55              4              0  b37b183445c96596  3001b6fb84d61850
     65         144620         144620            606  b37b183445c96596  4c887614dd02f590
     66            299              9              0  b37b183445c96596  5a64f7ba7a51f79f
     67          58849          57848            498  b37b183445c96596  675726f7a60715aa
     68          16028           6195            104  b37b183445c96596  a5a6044a4c07d484
     69            148             10              2  b37b183445c96596  c52183c2bc48e9e5
============================================================
Thread 18
  BBLID       Time(ns)    Instruction  Memory Access          Hash(hi)          Hash(lo)
      0    4.04872e+06        2447356           1224  0000000000000000  0000000000000000
     59          89941          72310            968  b37b183445c96596  011d2a5e7b19a5ee
     60         186326          86772            968  b37b183445c96596  0abcee64fc570d70
     61         702823         196479           2975  b37b183445c96596  0b8b4f34aabd7eb0
     62            829             27             13  b37b183445c96596  24b1019ffde88caa
     63    1.18216e+07        2368506          58941  b37b183445c96596  2e930d38ea32691b
     64             64              4              1  b37b183445c96596  3001b6fb84d61850
     65         144620         144620              0  b37b183445c96596  4c887614dd02f590
     66            302              9              4  b37b183445c96596  5a64f7ba7a51f79f
     67          58757          57848             18  b37b183445c96596  675726f7a60715aa
     68          16120           6195            138  b37b183445c96596  a5a6044a4c07d484
     69            148             10              2  b37b183445c96596  c52183c2bc48e9e5
============================================================
Thread 19
  BBLID       Time(ns)    Instruction  Memory Access          Hash(hi)          Hash(lo)
      0    1.68509e+06        1412696          12432  0000000000000000  0000000000000000
     59          90580          72310            824  b37b183445c96596  011d2a5e7b19a5ee
     60         187405          86772            881  b37b183445c96596  0abcee64fc570d70
     61         703262         198081           1779  b37b183445c96596  0b8b4f34aabd7eb0
     62            831             27              0  b37b183445c96596  24b1019ffde88caa
     63    1.41854e+07        2841426          48229  b37b183445c96596  2e930d38ea32691b
     64             55              4              0  b37b183445c96596  3001b6fb84d61850
     65         144620         144620            518  b37b183445c96596  4c887614dd02f590
     66            395              9              5  b37b183445c96596  5a64f7ba7a51f79f
     67          58610          57848            436  b37b183445c96596  675726f7a60715aa
     68          16002           6195            148  b37b183445c96596  a5a6044a4c07d484
     69            148             10              0  b37b183445c96596  c52183c2bc48e9e5
============================================================
Thread 20
  BBLID       Time(ns)    Instruction  Memory Access          Hash(hi)          Hash(lo)
      0     4.0522e+06        2446844          23903  0000000000000000  0000000000000000
     59          89981          72310           1000  b37b183445c96596  011d2a5e7b19a5ee
     60         186077          86772           1060  b37b183445c96596  0abcee64fc570d70
     61         703071         196479           2192  b37b183445c96596  0b8b4f34aabd7eb0
     62            827             27              3  b37b183445c96596  24b1019ffde88caa
     63    1.18191e+07        2368506          46521  b37b183445c96596  2e930d38ea32691b
     64             55              4              0  b37b183445c96596  3001b6fb84d61850
     65         144620         144620            627  b37b183445c96596  4c887614dd02f590
     66            292              9              0  b37b183445c96596  5a64f7ba7a51f79f
     67          58592          57848            514  b37b183445c96596  675726f7a60715aa
     68          16277           6195            111  b37b183445c96596  a5a6044a4c07d484
     69            148             10              1  b37b183445c96596  c52183c2bc48e9e5
============================================================
Thread 21
  BBLID       Time(ns)    Instruction  Memory Access          Hash(hi)          Hash(lo)
      0    1.67964e+06        1409882          12411  0000000000000000  0000000000000000
     59          90616          72310            837  b37b183445c96596  011d2a5e7b19a5ee
     60         187119          86772            898  b37b183445c96596  0abcee64fc570d70
     61         703616         198081           1828  b37b183445c96596  0b8b4f34aabd7eb0
     62            828             27              0  b37b183445c96596  24b1019ffde88caa
     63    1.41818e+07        2841426          48229  b37b183445c96596  2e930d38ea32691b
     64             55              4              0  b37b183445c96596  3001b6fb84d61850
     65         144620         144620            519  b37b183445c96596  4c887614dd02f590
     66            281              9              0  b37b183445c96596  5a64f7ba7a51f79f
     67          58633          57848            436  b37b183445c96596  675726f7a60715aa
     68          16011           6195             99  b37b183445c96596  a5a6044a4c07d484
     69            166             10              0  b37b183445c96596  c52183c2bc48e9e5
============================================================
Thread 22
  BBLID       Time(ns)    Instruction  Memory Access          Hash(hi)          Hash(lo)
      0    4.04121e+06        2443810          24217  0000000000000000  0000000000000000
     59          90009          72310           1002  b37b183445c96596  011d2a5e7b19a5ee
     60         185884          86772           1070  b37b183445c96596  0abcee64fc570d70
     61         703783         196479           2271  b37b183445c96596  0b8b4f34aabd7eb0
     62            815             27              3  b37b183445c96596  24b1019ffde88caa
     63    1.18238e+07        2368506          47144  b37b183445c96596  2e930d38ea32691b
     64             55              4              0  b37b183445c96596  3001b6fb84d61850
     65         144620         144620            655  b37b183445c96596  4c887614dd02f590
     66            285              9              0  b37b183445c96596  5a64f7ba7a51f79f
     67          58798          57848            531  b37b183445c96596  675726f7a60715aa
     68          15932           6195            107  b37b183445c96596  a5a6044a4c07d484
     69            148             10              1  b37b183445c96596  c52183c2bc48e9e5
============================================================
Thread 23
  BBLID       Time(ns)    Instruction  Memory Access          Hash(hi)          Hash(lo)
      0    1.68313e+06        1411411          15010  0000000000000000  0000000000000000
     59          90569          72310           1033  b37b183445c96596  011d2a5e7b19a5ee
     60         186721          86772           1046  b37b183445c96596  0abcee64fc570d70
     61         703389         198081           2195  b37b183445c96596  0b8b4f34aabd7eb0
     62            810             27             11  b37b183445c96596  24b1019ffde88caa
     63     1.4183e+07        2841426          56463  b37b183445c96596  2e930d38ea32691b
     64             55              4              0  b37b183445c96596  3001b6fb84d61850
     65         144620         144620            577  b37b183445c96596  4c887614dd02f590
     66            300              9              3  b37b183445c96596  5a64f7ba7a51f79f
     67          58731          57848            487  b37b183445c96596  675726f7a60715aa
     68          16405           6195            140  b37b183445c96596  a5a6044a4c07d484
     69            148             10              1  b37b183445c96596  c52183c2bc48e9e5
============================================================
Thread 24
  BBLID       Time(ns)    Instruction  Memory Access          Hash(hi)          Hash(lo)
      0    4.05317e+06        2447231          24196  0000000000000000  0000000000000000
     59          90028          72310            996  b37b183445c96596  011d2a5e7b19a5ee
     60         186100          86772           1112  b37b183445c96596  0abcee64fc570d70
     61         702903         196479           2255  b37b183445c96596  0b8b4f34aabd7eb0
     62            807             27              4  b37b183445c96596  24b1019ffde88caa
     63    1.18204e+07        2368506          47129  b37b183445c96596  2e930d38ea32691b
     64             55              4              0  b37b183445c96596  3001b6fb84d61850
     65         144620         144620            622  b37b183445c96596  4c887614dd02f590
     66            302              9              3  b37b183445c96596  5a64f7ba7a51f79f
     67          58657          57848            491  b37b183445c96596  675726f7a60715aa
     68          16529           6195            142  b37b183445c96596  a5a6044a4c07d484
     69            148             10              1  b37b183445c96596  c52183c2bc48e9e5
============================================================
Thread 25
  BBLID       Time(ns)    Instruction  Memory Access          Hash(hi)          Hash(lo)
      0     1.7485e+06        1442510          15003  0000000000000000  0000000000000000
     59          90584          72310           1005  b37b183445c96596  011d2a5e7b19a5ee
     60         185984          86772            999  b37b183445c96596  0abcee64fc570d70
     61         701156         198081           2180  b37b183445c96596  0b8b4f34aabd7eb0
     62            806             27              4  b37b183445c96596  24b1019ffde88caa
     63    1.41187e+07        2841426          56665  b37b183445c96596  2e930d38ea32691b
     64             55              4              0  b37b183445c96596  3001b6fb84d61850
     65         144620         144620            616  b37b183445c96596  4c887614dd02f590
     66            281              9              3  b37b183445c96596  5a64f7ba7a51f79f
     67          58871          57848            514  b37b183445c96596  675726f7a60715aa
     68          16399           6195            126  b37b183445c96596  a5a6044a4c07d484
     69            158             10              0  b37b183445c96596  c52183c2bc48e9e5
============================================================
Thread 26
  BBLID       Time(ns)    Instruction  Memory Access          Hash(hi)          Hash(lo)
      0    4.04647e+06        2445920           1235  0000000000000000  0000000000000000
     59          89938          72310            970  b37b183445c96596  011d2a5e7b19a5ee
     60         185606          86772            968  b37b183445c96596  0abcee64fc570d70
     61         703333         196479           2973  b37b183445c96596  0b8b4f34aabd7eb0
     62            809             27             13  b37b183445c96596  24b1019ffde88caa
     63    1.18219e+07        2368506          58969  b37b183445c96596  2e930d38ea32691b
     64             55              4              1  b37b183445c96596  3001b6fb84d61850
     65         144620         144620              0  b37b183445c96596  4c887614dd02f590
     66            288              9              4  b37b183445c96596  5a64f7ba7a51f79f
     67          58838          57848             20  b37b183445c96596  675726f7a60715aa
     68          16214           6195            142  b37b183445c96596  a5a6044a4c07d484
     69            177             10              2  b37b183445c96596  c52183c2bc48e9e5
============================================================
Thread 27
  BBLID       Time(ns)    Instruction  Memory Access          Hash(hi)          Hash(lo)
      0    1.68283e+06        1411496          14842  0000000000000000  0000000000000000
     59          90643          72310            966  b37b183445c96596  011d2a5e7b19a5ee
     60         186496          86772           1022  b37b183445c96596  0abcee64fc570d70
     61         704672         198081           2140  b37b183445c96596  0b8b4f34aabd7eb0
     62            836             27             12  b37b183445c96596  24b1019ffde88caa
     63    1.41846e+07        2841426          56752  b37b183445c96596  2e930d38ea32691b
     64             69              4              0  b37b183445c96596  3001b6fb84d61850
     65         144620         144620            578  b37b183445c96596  4c887614dd02f590
     66            310              9              3  b37b183445c96596  5a64f7ba7a51f79f
     67          58667          57848            498  b37b183445c96596  675726f7a60715aa
     68          16489           6195            154  b37b183445c96596  a5a6044a4c07d484
     69            148             10              0  b37b183445c96596  c52183c2bc48e9e5
============================================================
Thread 28
  BBLID       Time(ns)    Instruction  Memory Access          Hash(hi)          Hash(lo)
      0    4.10021e+06        2469318          24267  0000000000000000  0000000000000000
     59          89875          72310           1069  b37b183445c96596  011d2a5e7b19a5ee
     60         185053          86772           1058  b37b183445c96596  0abcee64fc570d70
     61         702111         196479           2151  b37b183445c96596  0b8b4f34aabd7eb0
     62            820             27              4  b37b183445c96596  24b1019ffde88caa
     63    1.17781e+07        2368506          47153  b37b183445c96596  2e930d38ea32691b
     64             55              4              0  b37b183445c96596  3001b6fb84d61850
     65         144620         144620            594  b37b183445c96596  4c887614dd02f590
     66            329              9              5  b37b183445c96596  5a64f7ba7a51f79f
     67          58531          57848            501  b37b183445c96596  675726f7a60715aa
     68          16737           6195            185  b37b183445c96596  a5a6044a4c07d484
     69            151             10              1  b37b183445c96596  c52183c2bc48e9e5
============================================================
Thread 29
  BBLID       Time(ns)    Instruction  Memory Access          Hash(hi)          Hash(lo)
      0    1.67939e+06        1409562          12352  0000000000000000  0000000000000000
     59          90577          72310            773  b37b183445c96596  011d2a5e7b19a5ee
     60         186445          86772            891  b37b183445c96596  0abcee64fc570d70
     61         704580         198081           1822  b37b183445c96596  0b8b4f34aabd7eb0
     62            807             27              0  b37b183445c96596  24b1019ffde88caa
     63    1.41873e+07        2841426          48360  b37b183445c96596  2e930d38ea32691b
     64             55              4              0  b37b183445c96596  3001b6fb84d61850
     65         144620         144620            495  b37b183445c96596  4c887614dd02f590
     66            297              9              2  b37b183445c96596  5a64f7ba7a51f79f
     67          58173          57848            438  b37b183445c96596  675726f7a60715aa
     68          16123           6195            143  b37b183445c96596  a5a6044a4c07d484
     69            148             10              0  b37b183445c96596  c52183c2bc48e9e5
============================================================
Thread 30
  BBLID       Time(ns)    Instruction  Memory Access          Hash(hi)          Hash(lo)
      0    4.05209e+06        2448242          24010  0000000000000000  0000000000000000
     59          89939          72310            983  b37b183445c96596  011d2a5e7b19a5ee
     60         185293          86772           1038  b37b183445c96596  0abcee64fc570d70
     61         703744         196479           2217  b37b183445c96596  0b8b4f34aabd7eb0
     62            824             27              3  b37b183445c96596  24b1019ffde88caa
     63    1.18187e+07        2368506          47404  b37b183445c96596  2e930d38ea32691b
     64             55              4              0  b37b183445c96596  3001b6fb84d61850
     65         144620         144620            566  b37b183445c96596  4c887614dd02f590
     66            327              9              4  b37b183445c96596  5a64f7ba7a51f79f
     67          58779          57848            543  b37b183445c96596  675726f7a60715aa
     68          16303           6195            162  b37b183445c96596  a5a6044a4c07d484
     69            171             10              3  b37b183445c96596  c52183c2bc48e9e5
============================================================
Thread 31
  BBLID       Time(ns)    Instruction  Memory Access          Hash(hi)          Hash(lo)
      0    1.68081e+06        1414723          30228  0000000000000000  0000000000000000
     59          90694          72310            861  b37b183445c96596  011d2a5e7b19a5ee
     60         186598          86772            875  b37b183445c96596  0abcee64fc570d70
     61         703574         198081           1894  b37b183445c96596  0b8b4f34aabd7eb0
     62            808             27              1  b37b183445c96596  24b1019ffde88caa
     63    1.41816e+07        2841426          48466  b37b183445c96596  2e930d38ea32691b
     64             55              4              0  b37b183445c96596  3001b6fb84d61850
     65         144620         144620            527  b37b183445c96596  4c887614dd02f590
     66            364              9              7  b37b183445c96596  5a64f7ba7a51f79f
     67          58661          57848            410  b37b183445c96596  675726f7a60715aa
     68          15737           6195            144  b37b183445c96596  a5a6044a4c07d484
     69            179             10              0  b37b183445c96596  c52183c2bc48e9e5
