============================================================
ReuseSegment - Thread 0
head = 8, count = 6 | 8 41 
head = 24, count = 1 | 24 41 
head = 41, count = 4 | 41 9 
head = 8, count = 61 | 8 9 
head = 9, count = 32 | 9 40 
head = 40, count = 17 | 40 16 
head = 40, count = 1 | 40 16 35 
head = 16, count = 19 | 16 7 
head = 7, count = 7 | 7 4 
head = 40, count = 78 | 40 4 
head = 9, count = 3 | 9 4 
head = 9, count = 47 | 9 40 4 
head = 4, count = 6 | 4 51 
head = 7, count = 12 | 7 51 
head = 4, count = 1 | 4 6 
head = 51, count = 315437601 | 6 51 
head = 4, count = 1 | 4 26 
head = 6, count = 298873073 | 6 51 
head = 6, count = 16575882 | 6 51 26 
head = 40, count = 39 | 40 16 7 6 51 
head = 9, count = 2 | 9 40 16 7 4 6 51 
head = 40, count = 6 | 40 51 
head = 16, count = 52 | 16 7 6 51 
head = 4, count = 1 | 4 6 26 
head = 40, count = 1 | 40 16 7 4 6 51 
head = 9, count = 1 | 9 40 16 7 6 51 
head = 6, count = 6356 | 6 26 
head = 51, count = 3122 | 1 51 
head = 4, count = 1 | 4 6 51 
head = 9, count = 1 | 9 40 6 51 
head = 26, count = 1136 | 51 26 
head = 1, count = 323 | 1 51 
head = 6, count = 12 | 23 6 
head = 6, count = 1 | 23 37 1 6 26 
head = 6, count = 1 | 37 6 26 
head = 23, count = 9 | 23 37 
head = 12, count = 1 | 12 36 
head = 20, count = 1 | 14 20 
head = 14, count = 1 | 14 56 
head = 20, count = 2 | 56 20 
head = 56, count = 1 | 47 56 
head = 6, count = 2 | 23 37 6 51 
head = 6, count = 1 | 37 6 51 
head = 47, count = 1 | 47 19 
head = 19, count = 1 | 19 57 
head = 51, count = 3 | 23 6 51 
head = 6, count = 5 | 23 6 51 
head = 13, count = 60 | 13 39 
head = 3, count = 1 | 3 39 
head = 39, count = 2 | 39 66 
head = 66, count = 1 | 66 68 
head = 39, count = 64 | 39 68 
head = 61, count = 56 | 39 61 
head = 67, count = 9 | 39 67 
head = 63, count = 573 | 61 63 
head = 39, count = 52 | 39 67 
head = 39, count = 5 | 39 61 
head = 61, count = 27 | 61 63 
head = 39, count = 2 | 17 39 
head = 17, count = 8 | 17 55 
head = 39, count = 12 | 39 55 
head = 62, count = 1 | 55 62 
============================================================
ReuseSegment - Thread 1
head = 0, count = 2 | 66 0 
head = 66, count = 2 | 66 68 
head = 0, count = 16 | 68 0 
head = 0, count = 69 | 67 0 
head = 61, count = 69 | 61 0 
head = 63, count = 743 | 61 63 
head = 61, count = 25 | 61 63 
head = 0, count = 3 | 61 0 
head = 67, count = 3 | 67 0 
head = 62, count = 1 | 62 0 
============================================================
ReuseSegment - Thread 2
head = 0, count = 1 | 66 0 
head = 66, count = 1 | 66 68 
head = 0, count = 16 | 68 0 
head = 61, count = 57 | 61 0 
head = 67, count = 4 | 67 0 
head = 63, count = 565 | 61 63 
head = 0, count = 57 | 67 0 
head = 61, count = 28 | 61 63 
head = 0, count = 4 | 61 0 
head = 62, count = 1 | 62 0 
============================================================
ReuseSegment - Thread 3
head = 0, count = 2 | 66 0 
head = 66, count = 2 | 66 68 
head = 0, count = 18 | 68 0 
head = 0, count = 65 | 67 0 
head = 61, count = 66 | 61 0 
head = 63, count = 737 | 61 63 
head = 61, count = 22 | 61 63 
head = 67, count = 7 | 67 0 
head = 0, count = 6 | 61 0 
head = 62, count = 1 | 62 0 
============================================================
ReuseSegment - Thread 4
head = 0, count = 2 | 66 0 
head = 66, count = 2 | 66 68 
head = 0, count = 20 | 68 0 
head = 67, count = 8 | 67 0 
head = 61, count = 57 | 61 0 
head = 63, count = 561 | 61 63 
head = 0, count = 53 | 67 0 
head = 61, count = 25 | 61 63 
head = 0, count = 4 | 61 0 
head = 62, count = 1 | 62 0 
============================================================
ReuseSegment - Thread 5
head = 0, count = 2 | 66 0 
head = 66, count = 2 | 66 68 
head = 0, count = 16 | 68 0 
head = 0, count = 65 | 67 0 
head = 61, count = 68 | 61 0 
head = 63, count = 725 | 61 63 
head = 61, count = 20 | 61 63 
head = 67, count = 7 | 67 0 
head = 0, count = 4 | 61 0 
head = 62, count = 1 | 62 0 
============================================================
ReuseSegment - Thread 6
head = 0, count = 1 | 66 0 
head = 66, count = 1 | 66 68 
head = 0, count = 16 | 68 0 
head = 67, count = 5 | 67 0 
head = 61, count = 59 | 61 0 
head = 63, count = 569 | 61 63 
head = 0, count = 56 | 67 0 
head = 61, count = 27 | 61 63 
head = 0, count = 2 | 61 0 
head = 62, count = 1 | 62 0 
============================================================
ReuseSegment - Thread 7
head = 0, count = 2 | 66 0 
head = 66, count = 2 | 66 68 
head = 0, count = 19 | 68 0 
head = 61, count = 68 | 61 0 
head = 0, count = 68 | 67 0 
head = 0, count = 4 | 61 0 
head = 63, count = 741 | 61 63 
head = 61, count = 22 | 61 63 
head = 67, count = 4 | 67 0 
head = 62, count = 1 | 62 0 
============================================================
ReuseSegment - Thread 8
head = 0, count = 2 | 66 0 
head = 66, count = 2 | 66 68 
head = 0, count = 20 | 68 0 
head = 61, count = 59 | 61 0 
head = 67, count = 6 | 67 0 
head = 63, count = 575 | 61 63 
head = 0, count = 55 | 67 0 
head = 61, count = 27 | 61 63 
head = 0, count = 2 | 61 0 
head = 62, count = 1 | 62 0 
============================================================
ReuseSegment - Thread 9
head = 0, count = 2 | 66 0 
head = 66, count = 2 | 66 68 
head = 0, count = 17 | 68 0 
head = 0, count = 67 | 67 0 
head = 61, count = 70 | 61 0 
head = 67, count = 5 | 67 0 
head = 63, count = 745 | 61 63 
head = 61, count = 21 | 61 63 
head = 0, count = 2 | 61 0 
head = 62, count = 1 | 62 0 
============================================================
ReuseSegment - Thread 10
head = 0, count = 1 | 66 0 
head = 66, count = 1 | 66 68 
head = 0, count = 17 | 68 0 
head = 67, count = 8 | 67 0 
head = 61, count = 57 | 61 0 
head = 63, count = 577 | 63 61 
head = 0, count = 53 | 67 0 
head = 61, count = 29 | 63 61 
head = 0, count = 4 | 61 0 
head = 62, count = 1 | 62 0 
============================================================
ReuseSegment - Thread 11
head = 0, count = 2 | 66 0 
head = 66, count = 2 | 66 68 
head = 0, count = 17 | 68 0 
head = 61, count = 71 | 61 0 
head = 0, count = 65 | 67 0 
head = 63, count = 757 | 61 63 
head = 61, count = 23 | 61 63 
head = 67, count = 7 | 67 0 
head = 0, count = 1 | 61 0 
head = 62, count = 1 | 62 0 
============================================================
ReuseSegment - Thread 12
head = 0, count = 2 | 66 0 
head = 66, count = 2 | 66 68 
head = 0, count = 21 | 68 0 
head = 61, count = 33 | 61 63 
head = 63, count = 680 | 61 63 
head = 67, count = 6 | 67 0 
head = 61, count = 58 | 61 0 
head = 0, count = 55 | 67 0 
head = 0, count = 3 | 61 0 
head = 62, count = 1 | 62 0 
============================================================
ReuseSegment - Thread 13
head = 0, count = 2 | 66 0 
head = 66, count = 2 | 66 68 
head = 0, count = 17 | 68 0 
head = 61, count = 68 | 61 0 
head = 0, count = 70 | 67 0 
head = 63, count = 841 | 61 63 
head = 61, count = 21 | 61 63 
head = 0, count = 4 | 61 0 
head = 67, count = 2 | 67 0 
head = 62, count = 1 | 62 0 
============================================================
ReuseSegment - Thread 14
head = 0, count = 1 | 66 0 
head = 66, count = 1 | 66 68 
head = 0, count = 16 | 68 0 
head = 67, count = 7 | 67 0 
head = 61, count = 56 | 61 0 
head = 63, count = 566 | 61 63 
head = 0, count = 54 | 67 0 
head = 61, count = 29 | 61 63 
head = 0, count = 4 | 61 0 
head = 62, count = 1 | 62 0 
============================================================
ReuseSegment - Thread 15
head = 0, count = 2 | 66 0 
head = 66, count = 2 | 66 68 
head = 0, count = 16 | 68 0 
head = 61, count = 70 | 61 0 
head = 0, count = 64 | 67 0 
head = 63, count = 743 | 61 63 
head = 61, count = 20 | 61 63 
head = 67, count = 8 | 67 0 
head = 0, count = 2 | 61 0 
head = 62, count = 1 | 62 0 
============================================================
ReuseSegment - Thread 16
head = 0, count = 2 | 66 0 
head = 66, count = 2 | 68 66 
head = 0, count = 22 | 68 0 
head = 67, count = 6 | 67 0 
head = 61, count = 58 | 61 0 
head = 63, count = 568 | 61 63 
head = 0, count = 55 | 67 0 
head = 61, count = 25 | 61 63 
head = 0, count = 3 | 61 0 
head = 62, count = 1 | 62 0 
============================================================
ReuseSegment - Thread 17
head = 0, count = 2 | 66 0 
head = 66, count = 2 | 66 68 
head = 0, count = 17 | 68 0 
head = 0, count = 67 | 67 0 
head = 61, count = 70 | 61 0 
head = 67, count = 6 | 67 0 
head = 63, count = 746 | 61 63 
head = 61, count = 19 | 61 63 
head = 0, count = 2 | 61 0 
head = 62, count = 1 | 62 0 
============================================================
ReuseSegment - Thread 18
head = 0, count = 2 | 66 0 
head = 66, count = 2 | 66 68 
head = 0, count = 29 | 68 0 
head = 61, count = 59 | 61 0 
head = 67, count = 5 | 67 0 
head = 63, count = 573 | 63 61 
head = 0, count = 56 | 67 0 
head = 61, count = 26 | 63 61 
head = 0, count = 2 | 61 0 
head = 62, count = 1 | 62 0 
============================================================
ReuseSegment - Thread 19
head = 0, count = 2 | 66 0 
head = 66, count = 2 | 66 68 
head = 0, count = 17 | 68 0 
head = 61, count = 71 | 61 0 
head = 0, count = 66 | 67 0 
head = 63, count = 737 | 61 63 
head = 61, count = 20 | 61 63 
head = 67, count = 6 | 67 0 
head = 0, count = 1 | 61 0 
head = 62, count = 1 | 62 0 
============================================================
ReuseSegment - Thread 20
head = 0, count = 2 | 66 0 
head = 66, count = 2 | 66 68 
head = 0, count = 23 | 68 0 
head = 61, count = 60 | 61 0 
head = 67, count = 3 | 67 0 
head = 63, count = 558 | 61 63 
head = 0, count = 58 | 67 0 
head = 61, count = 24 | 61 63 
head = 0, count = 1 | 61 0 
head = 62, count = 1 | 62 0 
============================================================
ReuseSegment - Thread 21
head = 0, count = 2 | 66 0 
head = 66, count = 2 | 66 68 
head = 0, count = 17 | 68 0 
head = 0, count = 65 | 67 0 
head = 61, count = 67 | 61 0 
head = 63, count = 726 | 61 63 
head = 61, count = 20 | 61 63 
head = 0, count = 5 | 61 0 
head = 67, count = 7 | 67 0 
head = 62, count = 1 | 62 0 
============================================================
ReuseSegment - Thread 22
head = 0, count = 1 | 66 0 
head = 66, count = 1 | 66 68 
head = 0, count = 16 | 68 0 
head = 63, count = 578 | 61 63 
head = 67, count = 7 | 67 0 
head = 61, count = 58 | 61 0 
head = 0, count = 54 | 67 0 
head = 61, count = 28 | 61 63 
head = 0, count = 2 | 61 0 
head = 62, count = 1 | 62 0 
============================================================
ReuseSegment - Thread 23
head = 0, count = 2 | 66 0 
head = 66, count = 2 | 66 68 
head = 0, count = 17 | 68 0 
head = 0, count = 66 | 67 0 
head = 61, count = 70 | 61 0 
head = 63, count = 733 | 61 63 
head = 61, count = 22 | 61 63 
head = 67, count = 6 | 67 0 
head = 0, count = 2 | 61 0 
head = 62, count = 1 | 62 0 
============================================================
ReuseSegment - Thread 24
head = 0, count = 2 | 66 0 
head = 66, count = 2 | 66 68 
head = 0, count = 20 | 68 0 
head = 63, count = 574 | 61 63 
head = 67, count = 6 | 67 0 
head = 61, count = 58 | 61 0 
head = 0, count = 55 | 67 0 
head = 61, count = 25 | 61 63 
head = 0, count = 2 | 61 0 
head = 62, count = 1 | 62 0 
============================================================
ReuseSegment - Thread 25
head = 0, count = 2 | 66 0 
head = 66, count = 2 | 66 68 
head = 0, count = 19 | 68 0 
head = 0, count = 63 | 67 0 
head = 61, count = 70 | 61 0 
head = 67, count = 9 | 67 0 
head = 63, count = 744 | 61 63 
head = 61, count = 23 | 61 63 
head = 0, count = 2 | 61 0 
head = 62, count = 1 | 62 0 
============================================================
ReuseSegment - Thread 26
head = 0, count = 2 | 66 0 
head = 66, count = 2 | 66 68 
head = 0, count = 26 | 68 0 
head = 67, count = 10 | 67 0 
head = 61, count = 56 | 61 0 
head = 63, count = 579 | 61 63 
head = 0, count = 51 | 67 0 
head = 0, count = 5 | 61 0 
head = 61, count = 30 | 61 63 
head = 62, count = 1 | 62 0 
============================================================
ReuseSegment - Thread 27
head = 0, count = 2 | 66 0 
head = 66, count = 2 | 66 68 
head = 0, count = 18 | 68 0 
head = 61, count = 71 | 61 0 
head = 0, count = 66 | 67 0 
head = 63, count = 751 | 61 63 
head = 61, count = 28 | 61 63 
head = 67, count = 6 | 67 0 
head = 0, count = 1 | 61 0 
head = 62, count = 1 | 62 0 
============================================================
ReuseSegment - Thread 28
head = 0, count = 2 | 66 0 
head = 66, count = 2 | 66 68 
head = 0, count = 23 | 68 0 
head = 63, count = 671 | 61 63 
head = 61, count = 57 | 61 0 
head = 67, count = 7 | 67 0 
head = 0, count = 54 | 67 0 
head = 61, count = 31 | 61 63 
head = 0, count = 4 | 61 0 
head = 62, count = 1 | 62 0 
============================================================
ReuseSegment - Thread 29
head = 0, count = 2 | 66 0 
head = 66, count = 2 | 66 68 
head = 0, count = 16 | 68 0 
head = 61, count = 71 | 61 0 
head = 0, count = 60 | 67 0 
head = 63, count = 838 | 61 63 
head = 61, count = 21 | 61 63 
head = 67, count = 12 | 67 0 
head = 0, count = 1 | 61 0 
head = 62, count = 1 | 62 0 
============================================================
ReuseSegment - Thread 30
head = 0, count = 1 | 66 0 
head = 66, count = 1 | 66 68 
head = 0, count = 16 | 68 0 
head = 67, count = 7 | 67 0 
head = 61, count = 57 | 61 0 
head = 63, count = 568 | 61 63 
head = 0, count = 54 | 67 0 
head = 61, count = 27 | 61 63 
head = 0, count = 4 | 61 0 
head = 62, count = 1 | 62 0 
============================================================
ReuseSegment - Thread 31
head = 0, count = 2 | 66 0 
head = 66, count = 2 | 66 68 
head = 0, count = 17 | 68 0 
head = 61, count = 67 | 61 0 
head = 0, count = 69 | 67 0 
head = 63, count = 739 | 61 63 
head = 61, count = 22 | 61 63 
head = 67, count = 3 | 67 0 
head = 0, count = 5 | 61 0 
head = 62, count = 1 | 62 0 
============================================================
BBLSwitchCount - Thread 0
from = 0 | 1:1 
from = 1 | 0:1 8:1 52:1 24:1 41:1 2:1 9:1 40:1 35:1 16:1 7:1 4:1 42:1 51:16579328 6:16579328 26:16579328 50:1 23:1 37:1 11:1 29:1 27:4144832 49:1 22:1 21:1 53:1 12:115696 18:1 36:1 48:1 34:1 20:8289664 38:1 10:1 33:1 46:1 54:1 28:1 14:3 44:1 25:1 56:115695 47:1 45:1 31:1 58:1 19:451 5:1 57:7 43:1 15:1 3:4 30:1 13:1 39:1 32:1 17:1 55:1 
from = 8 | 1:1 
from = 52 | 1:1 
from = 24 | 1:1 
from = 41 | 1:1 
from = 2 | 1:1 
from = 9 | 1:1 
from = 40 | 1:1 
from = 35 | 1:1 
from = 16 | 1:1 
from = 7 | 1:1 
from = 4 | 1:1 
from = 42 | 1:1 
from = 51 | 1:16579328 
from = 6 | 1:16579328 
from = 26 | 1:16579328 
from = 50 | 1:1 
from = 23 | 1:1 
from = 37 | 1:1 
from = 11 | 1:1 
from = 29 | 1:1 
from = 27 | 1:4144832 
from = 49 | 1:1 
from = 22 | 1:1 
from = 21 | 1:1 
from = 53 | 1:1 
from = 12 | 1:115696 
from = 18 | 1:1 
from = 36 | 1:1 
from = 48 | 1:1 
from = 34 | 1:1 
from = 20 | 1:8289664 
from = 38 | 1:1 
from = 10 | 1:1 
from = 33 | 1:1 
from = 46 | 1:1 
from = 54 | 1:1 
from = 28 | 1:1 
from = 14 | 1:3 
from = 44 | 1:1 
from = 25 | 1:1 
from = 56 | 1:115695 
from = 47 | 1:1 
from = 45 | 1:1 
from = 31 | 1:1 
from = 58 | 1:1 
from = 19 | 1:451 
from = 5 | 1:1 
from = 57 | 1:7 
from = 43 | 1:1 
from = 15 | 1:1 
from = 3 | 1:4 
from = 30 | 1:1 
from = 13 | 1:1 
from = 39 | 1:1 66:1 68:1 69:1 60:14462 65:14462 61:21831 67:14462 59:14462 63:112786 62:1 64:1 
from = 66 | 39:1 
from = 68 | 39:1 
from = 69 | 39:1 
from = 60 | 39:14462 
from = 65 | 39:14462 
from = 61 | 39:21831 
from = 67 | 39:14462 
from = 59 | 39:14462 
from = 63 | 39:112786 
from = 62 | 39:1 
from = 64 | 39:1 
from = 32 | 1:1 
from = 17 | 1:1 
from = 55 | 1:1 
============================================================
BBLSwitchCount - Thread 1
from = 0 | 66:1 68:1 69:1 60:14462 65:14462 61:22009 67:14462 63:135306 59:14462 62:1 64:1 
from = 66 | 0:1 
from = 68 | 0:1 
from = 69 | 0:1 
from = 60 | 0:14462 
from = 65 | 0:14462 
from = 61 | 0:22009 
from = 67 | 0:14462 
from = 63 | 0:135306 
from = 59 | 0:14462 
from = 62 | 0:1 
from = 64 | 0:1 
============================================================
BBLSwitchCount - Thread 2
from = 0 | 66:1 68:1 69:1 60:14462 65:14462 61:21831 67:14462 59:14462 63:112786 62:1 64:1 
from = 66 | 0:1 
from = 68 | 0:1 
from = 69 | 0:1 
from = 60 | 0:14462 
from = 65 | 0:14462 
from = 61 | 0:21831 
from = 67 | 0:14462 
from = 59 | 0:14462 
from = 63 | 0:112786 
from = 62 | 0:1 
from = 64 | 0:1 
============================================================
BBLSwitchCount - Thread 3
from = 0 | 66:1 68:1 69:1 60:14462 65:14462 61:22009 67:14462 63:135306 59:14462 62:1 64:1 
from = 66 | 0:1 
from = 68 | 0:1 
from = 69 | 0:1 
from = 60 | 0:14462 
from = 65 | 0:14462 
from = 61 | 0:22009 
from = 67 | 0:14462 
from = 63 | 0:135306 
from = 59 | 0:14462 
from = 62 | 0:1 
from = 64 | 0:1 
============================================================
BBLSwitchCount - Thread 4
from = 0 | 66:1 68:1 69:1 60:14462 65:14462 61:21831 67:14462 59:14462 63:112786 62:1 64:1 
from = 66 | 0:1 
from = 68 | 0:1 
from = 69 | 0:1 
from = 60 | 0:14462 
from = 65 | 0:14462 
from = 61 | 0:21831 
from = 67 | 0:14462 
from = 59 | 0:14462 
from = 63 | 0:112786 
from = 62 | 0:1 
from = 64 | 0:1 
============================================================
BBLSwitchCount - Thread 5
from = 0 | 66:1 68:1 69:1 60:14462 65:14462 61:22009 67:14462 63:135306 59:14462 62:1 64:1 
from = 66 | 0:1 
from = 68 | 0:1 
from = 69 | 0:1 
from = 60 | 0:14462 
from = 65 | 0:14462 
from = 61 | 0:22009 
from = 67 | 0:14462 
from = 63 | 0:135306 
from = 59 | 0:14462 
from = 62 | 0:1 
from = 64 | 0:1 
============================================================
BBLSwitchCount - Thread 6
from = 0 | 66:1 68:1 69:1 60:14462 65:14462 61:21831 67:14462 59:14462 63:112786 62:1 64:1 
from = 66 | 0:1 
from = 68 | 0:1 
from = 69 | 0:1 
from = 60 | 0:14462 
from = 65 | 0:14462 
from = 61 | 0:21831 
from = 67 | 0:14462 
from = 59 | 0:14462 
from = 63 | 0:112786 
from = 62 | 0:1 
from = 64 | 0:1 
============================================================
BBLSwitchCount - Thread 7
from = 0 | 66:1 68:1 69:1 60:14462 65:14462 61:22009 67:14462 63:135306 59:14462 62:1 64:1 
from = 66 | 0:1 
from = 68 | 0:1 
from = 69 | 0:1 
from = 60 | 0:14462 
from = 65 | 0:14462 
from = 61 | 0:22009 
from = 67 | 0:14462 
from = 63 | 0:135306 
from = 59 | 0:14462 
from = 62 | 0:1 
from = 64 | 0:1 
============================================================
BBLSwitchCount - Thread 8
from = 0 | 66:1 68:1 69:1 60:14462 65:14462 61:21831 67:14462 59:14462 63:112786 62:1 64:1 
from = 66 | 0:1 
from = 68 | 0:1 
from = 69 | 0:1 
from = 60 | 0:14462 
from = 65 | 0:14462 
from = 61 | 0:21831 
from = 67 | 0:14462 
from = 59 | 0:14462 
from = 63 | 0:112786 
from = 62 | 0:1 
from = 64 | 0:1 
============================================================
BBLSwitchCount - Thread 9
from = 0 | 66:1 68:1 69:1 60:14462 65:14462 61:22009 67:14462 63:135306 59:14462 62:1 64:1 
from = 66 | 0:1 
from = 68 | 0:1 
from = 69 | 0:1 
from = 60 | 0:14462 
from = 65 | 0:14462 
from = 61 | 0:22009 
from = 67 | 0:14462 
from = 63 | 0:135306 
from = 59 | 0:14462 
from = 62 | 0:1 
from = 64 | 0:1 
============================================================
BBLSwitchCount - Thread 10
from = 0 | 66:1 68:1 69:1 60:14462 65:14462 61:21831 67:14462 59:14462 63:112786 62:1 64:1 
from = 66 | 0:1 
from = 68 | 0:1 
from = 69 | 0:1 
from = 60 | 0:14462 
from = 65 | 0:14462 
from = 61 | 0:21831 
from = 67 | 0:14462 
from = 59 | 0:14462 
from = 63 | 0:112786 
from = 62 | 0:1 
from = 64 | 0:1 
============================================================
BBLSwitchCount - Thread 11
from = 0 | 66:1 68:1 69:1 60:14462 65:14462 61:22009 67:14462 63:135306 59:14462 62:1 64:1 
from = 66 | 0:1 
from = 68 | 0:1 
from = 69 | 0:1 
from = 60 | 0:14462 
from = 65 | 0:14462 
from = 61 | 0:22009 
from = 67 | 0:14462 
from = 63 | 0:135306 
from = 59 | 0:14462 
from = 62 | 0:1 
from = 64 | 0:1 
============================================================
BBLSwitchCount - Thread 12
from = 0 | 66:1 68:1 69:1 60:14462 65:14462 61:21831 67:14462 59:14462 63:112786 62:1 64:1 
from = 66 | 0:1 
from = 68 | 0:1 
from = 69 | 0:1 
from = 60 | 0:14462 
from = 65 | 0:14462 
from = 61 | 0:21831 
from = 67 | 0:14462 
from = 59 | 0:14462 
from = 63 | 0:112786 
from = 62 | 0:1 
from = 64 | 0:1 
============================================================
BBLSwitchCount - Thread 13
from = 0 | 66:1 68:1 69:1 60:14462 65:14462 61:22009 67:14462 63:135306 59:14462 62:1 64:1 
from = 66 | 0:1 
from = 68 | 0:1 
from = 69 | 0:1 
from = 60 | 0:14462 
from = 65 | 0:14462 
from = 61 | 0:22009 
from = 67 | 0:14462 
from = 63 | 0:135306 
from = 59 | 0:14462 
from = 62 | 0:1 
from = 64 | 0:1 
============================================================
BBLSwitchCount - Thread 14
from = 0 | 66:1 68:1 69:1 60:14462 65:14462 61:21831 67:14462 59:14462 63:112786 62:1 64:1 
from = 66 | 0:1 
from = 68 | 0:1 
from = 69 | 0:1 
from = 60 | 0:14462 
from = 65 | 0:14462 
from = 61 | 0:21831 
from = 67 | 0:14462 
from = 59 | 0:14462 
from = 63 | 0:112786 
from = 62 | 0:1 
from = 64 | 0:1 
============================================================
BBLSwitchCount - Thread 15
from = 0 | 66:1 68:1 69:1 60:14462 65:14462 61:22009 67:14462 63:135306 59:14462 62:1 64:1 
from = 66 | 0:1 
from = 68 | 0:1 
from = 69 | 0:1 
from = 60 | 0:14462 
from = 65 | 0:14462 
from = 61 | 0:22009 
from = 67 | 0:14462 
from = 63 | 0:135306 
from = 59 | 0:14462 
from = 62 | 0:1 
from = 64 | 0:1 
============================================================
BBLSwitchCount - Thread 16
from = 0 | 66:1 68:1 69:1 60:14462 65:14462 61:21831 67:14462 59:14462 63:112786 62:1 64:1 
from = 66 | 0:1 
from = 68 | 0:1 
from = 69 | 0:1 
from = 60 | 0:14462 
from = 65 | 0:14462 
from = 61 | 0:21831 
from = 67 | 0:14462 
from = 59 | 0:14462 
from = 63 | 0:112786 
from = 62 | 0:1 
from = 64 | 0:1 
============================================================
BBLSwitchCount - Thread 17
from = 0 | 66:1 68:1 69:1 60:14462 65:14462 61:22009 67:14462 63:135306 59:14462 62:1 64:1 
from = 66 | 0:1 
from = 68 | 0:1 
from = 69 | 0:1 
from = 60 | 0:14462 
from = 65 | 0:14462 
from = 61 | 0:22009 
from = 67 | 0:14462 
from = 63 | 0:135306 
from = 59 | 0:14462 
from = 62 | 0:1 
from = 64 | 0:1 
============================================================
BBLSwitchCount - Thread 18
from = 0 | 66:1 68:1 69:1 60:14462 65:14462 61:21831 67:14462 59:14462 63:112786 62:1 64:1 
from = 66 | 0:1 
from = 68 | 0:1 
from = 69 | 0:1 
from = 60 | 0:14462 
from = 65 | 0:14462 
from = 61 | 0:21831 
from = 67 | 0:14462 
from = 59 | 0:14462 
from = 63 | 0:112786 
from = 62 | 0:1 
from = 64 | 0:1 
============================================================
BBLSwitchCount - Thread 19
from = 0 | 66:1 68:1 69:1 60:14462 65:14462 61:22009 67:14462 63:135306 59:14462 62:1 64:1 
from = 66 | 0:1 
from = 68 | 0:1 
from = 69 | 0:1 
from = 60 | 0:14462 
from = 65 | 0:14462 
from = 61 | 0:22009 
from = 67 | 0:14462 
from = 63 | 0:135306 
from = 59 | 0:14462 
from = 62 | 0:1 
from = 64 | 0:1 
============================================================
BBLSwitchCount - Thread 20
from = 0 | 66:1 68:1 69:1 60:14462 65:14462 61:21831 67:14462 59:14462 63:112786 62:1 64:1 
from = 66 | 0:1 
from = 68 | 0:1 
from = 69 | 0:1 
from = 60 | 0:14462 
from = 65 | 0:14462 
from = 61 | 0:21831 
from = 67 | 0:14462 
from = 59 | 0:14462 
from = 63 | 0:112786 
from = 62 | 0:1 
from = 64 | 0:1 
============================================================
BBLSwitchCount - Thread 21
from = 0 | 66:1 68:1 69:1 60:14462 65:14462 61:22009 67:14462 63:135306 59:14462 62:1 64:1 
from = 66 | 0:1 
from = 68 | 0:1 
from = 69 | 0:1 
from = 60 | 0:14462 
from = 65 | 0:14462 
from = 61 | 0:22009 
from = 67 | 0:14462 
from = 63 | 0:135306 
from = 59 | 0:14462 
from = 62 | 0:1 
from = 64 | 0:1 
============================================================
BBLSwitchCount - Thread 22
from = 0 | 66:1 68:1 69:1 60:14462 65:14462 61:21831 67:14462 59:14462 63:112786 62:1 64:1 
from = 66 | 0:1 
from = 68 | 0:1 
from = 69 | 0:1 
from = 60 | 0:14462 
from = 65 | 0:14462 
from = 61 | 0:21831 
from = 67 | 0:14462 
from = 59 | 0:14462 
from = 63 | 0:112786 
from = 62 | 0:1 
from = 64 | 0:1 
============================================================
BBLSwitchCount - Thread 23
from = 0 | 66:1 68:1 69:1 60:14462 65:14462 61:22009 67:14462 63:135306 59:14462 62:1 64:1 
from = 66 | 0:1 
from = 68 | 0:1 
from = 69 | 0:1 
from = 60 | 0:14462 
from = 65 | 0:14462 
from = 61 | 0:22009 
from = 67 | 0:14462 
from = 63 | 0:135306 
from = 59 | 0:14462 
from = 62 | 0:1 
from = 64 | 0:1 
============================================================
BBLSwitchCount - Thread 24
from = 0 | 66:1 68:1 69:1 60:14462 65:14462 61:21831 67:14462 59:14462 63:112786 62:1 64:1 
from = 66 | 0:1 
from = 68 | 0:1 
from = 69 | 0:1 
from = 60 | 0:14462 
from = 65 | 0:14462 
from = 61 | 0:21831 
from = 67 | 0:14462 
from = 59 | 0:14462 
from = 63 | 0:112786 
from = 62 | 0:1 
from = 64 | 0:1 
============================================================
BBLSwitchCount - Thread 25
from = 0 | 66:1 68:1 69:1 60:14462 65:14462 61:22009 67:14462 63:135306 59:14462 62:1 64:1 
from = 66 | 0:1 
from = 68 | 0:1 
from = 69 | 0:1 
from = 60 | 0:14462 
from = 65 | 0:14462 
from = 61 | 0:22009 
from = 67 | 0:14462 
from = 63 | 0:135306 
from = 59 | 0:14462 
from = 62 | 0:1 
from = 64 | 0:1 
============================================================
BBLSwitchCount - Thread 26
from = 0 | 66:1 68:1 69:1 60:14462 65:14462 61:21831 67:14462 59:14462 63:112786 62:1 64:1 
from = 66 | 0:1 
from = 68 | 0:1 
from = 69 | 0:1 
from = 60 | 0:14462 
from = 65 | 0:14462 
from = 61 | 0:21831 
from = 67 | 0:14462 
from = 59 | 0:14462 
from = 63 | 0:112786 
from = 62 | 0:1 
from = 64 | 0:1 
============================================================
BBLSwitchCount - Thread 27
from = 0 | 66:1 68:1 69:1 60:14462 65:14462 61:22009 67:14462 63:135306 59:14462 62:1 64:1 
from = 66 | 0:1 
from = 68 | 0:1 
from = 69 | 0:1 
from = 60 | 0:14462 
from = 65 | 0:14462 
from = 61 | 0:22009 
from = 67 | 0:14462 
from = 63 | 0:135306 
from = 59 | 0:14462 
from = 62 | 0:1 
from = 64 | 0:1 
============================================================
BBLSwitchCount - Thread 28
from = 0 | 66:1 68:1 69:1 60:14462 65:14462 61:21831 67:14462 59:14462 63:112786 62:1 64:1 
from = 66 | 0:1 
from = 68 | 0:1 
from = 69 | 0:1 
from = 60 | 0:14462 
from = 65 | 0:14462 
from = 61 | 0:21831 
from = 67 | 0:14462 
from = 59 | 0:14462 
from = 63 | 0:112786 
from = 62 | 0:1 
from = 64 | 0:1 
============================================================
BBLSwitchCount - Thread 29
from = 0 | 66:1 68:1 69:1 60:14462 65:14462 61:22009 67:14462 63:135306 59:14462 62:1 64:1 
from = 66 | 0:1 
from = 68 | 0:1 
from = 69 | 0:1 
from = 60 | 0:14462 
from = 65 | 0:14462 
from = 61 | 0:22009 
from = 67 | 0:14462 
from = 63 | 0:135306 
from = 59 | 0:14462 
from = 62 | 0:1 
from = 64 | 0:1 
============================================================
BBLSwitchCount - Thread 30
from = 0 | 66:1 68:1 69:1 60:14462 65:14462 61:21831 67:14462 59:14462 63:112786 62:1 64:1 
from = 66 | 0:1 
from = 68 | 0:1 
from = 69 | 0:1 
from = 60 | 0:14462 
from = 65 | 0:14462 
from = 61 | 0:21831 
from = 67 | 0:14462 
from = 59 | 0:14462 
from = 63 | 0:112786 
from = 62 | 0:1 
from = 64 | 0:1 
============================================================
BBLSwitchCount - Thread 31
from = 0 | 66:1 68:1 69:1 60:14462 65:14462 61:22009 67:14462 63:135306 59:14462 62:1 64:1 
from = 66 | 0:1 
from = 68 | 0:1 
from = 69 | 0:1 
from = 60 | 0:14462 
from = 65 | 0:14462 
from = 61 | 0:22009 
from = 67 | 0:14462 
from = 63 | 0:135306 
from = 59 | 0:14462 
from = 62 | 0:1 
from = 64 | 0:1 
