============================================================
Thread 0
  BBLID       Time(ns)    Instruction  Memory Access          Hash(hi)          Hash(lo)
      0        1618.33              3              0  0000000000000000  0000000000000000
      1    4.33588e+08       42981583        8426382  0000000000000001  0000000000000001
      2    3.15804e+07       26851213        4156905  8c1ff77ad7934087  fa3d11690baec183
      3        5308.99           1174            212  fec56f3c0eca995d  6c1a1ec0dbb6b5e2
============================================================
Thread 1
  BBLID       Time(ns)    Instruction  Memory Access          Hash(hi)          Hash(lo)
      0          15644          11141              0  0000000000000000  0000000000000000
      2    3.15705e+07       26849781              0  8c1ff77ad7934087  fa3d11690baec183
============================================================
Thread 2
  BBLID       Time(ns)    Instruction  Memory Access          Hash(hi)          Hash(lo)
      0        3434.33           5124              0  0000000000000000  0000000000000000
      2    3.15341e+07       26849772              0  8c1ff77ad7934087  fa3d11690baec183
============================================================
Thread 3
  BBLID       Time(ns)    Instruction  Memory Access          Hash(hi)          Hash(lo)
      0        3284.33           5111              0  0000000000000000  0000000000000000
      2    3.16967e+07       26849782              0  8c1ff77ad7934087  fa3d11690baec183
============================================================
Thread 4
  BBLID       Time(ns)    Instruction  Memory Access          Hash(hi)          Hash(lo)
      0        3260.33           5218              0  0000000000000000  0000000000000000
      2    3.13841e+07       26849772              0  8c1ff77ad7934087  fa3d11690baec183
