============================================================
ReuseSegment - Thread 0
head = 1, count = 1 | 1 3 
head = 3, count = 68 | 1 3 
head = 1, count = 170 | 2 1 
head = 2, count = 51 | 2 1 
============================================================
ReuseSegment - Thread 1
head = 0, count = 32 | 0 2 
head = 2, count = 1 | 0 2 
============================================================
ReuseSegment - Thread 2
head = 0, count = 16 | 0 2 
head = 2, count = 1 | 0 2 
============================================================
ReuseSegment - Thread 3
head = 0, count = 16 | 0 2 
head = 2, count = 1 | 0 2 
============================================================
ReuseSegment - Thread 4
head = 0, count = 16 | 0 2 
head = 2, count = 1 | 0 2 
============================================================
BBLSwitchCount - Thread 0
from = 0 | 1:1 
from = 1 | 3:1 
from = 3 | 2:1 
============================================================
BBLSwitchCount - Thread 1
from = 0 | 2:1 
============================================================
BBLSwitchCount - Thread 2
from = 0 | 2:1 
============================================================
BBLSwitchCount - Thread 3
from = 0 | 2:1 
============================================================
BBLSwitchCount - Thread 4
from = 0 | 2:1 
