============================================================
ReuseSegment - Thread 0
head = 20, count = 67 | 8 20 
head = 8, count = 2 | 8 7 
head = 8, count = 1 | 8 4 
head = 6, count = 2 | 6 11 
head = 6, count = 168 | 6 17 
head = 11, count = 1 | 11 17 
head = 6, count = 1 | 6 14 13 
head = 18, count = 24 | 6 18 
============================================================
ReuseSegment - Thread 1
head = 0, count = 1 | 0 11 
head = 0, count = 32 | 0 17 
head = 11, count = 1 | 11 17 
head = 14, count = 1 | 14 13 
head = 18, count = 1 | 18 0 
============================================================
ReuseSegment - Thread 2
head = 0, count = 1 | 0 11 
head = 0, count = 15 | 0 17 
head = 11, count = 1 | 11 17 
head = 14, count = 1 | 14 13 
head = 18, count = 1 | 18 0 
============================================================
ReuseSegment - Thread 3
head = 0, count = 1 | 0 11 
head = 0, count = 15 | 0 17 
head = 11, count = 1 | 11 17 
head = 14, count = 1 | 14 13 
head = 18, count = 1 | 18 0 
============================================================
ReuseSegment - Thread 4
head = 0, count = 1 | 0 11 
head = 0, count = 15 | 0 17 
head = 11, count = 1 | 11 17 
head = 14, count = 1 | 14 13 
head = 18, count = 1 | 18 0 
============================================================
BBLSwitchCount - Thread 0
from = 0 | 1:1 
from = 1 | 0:1 8:1 4:1 10:1 5:1 9:1 7:2097152 2:1 3:1 6:1 
from = 8 | 1:1 20:1 19:1 
from = 20 | 8:1 
from = 19 | 8:1 
from = 4 | 1:1 
from = 10 | 1:1 
from = 5 | 1:1 
from = 9 | 1:1 
from = 7 | 1:2097152 
from = 2 | 1:1 
from = 3 | 1:1 
from = 6 | 1:1 11:1 17:1 14:1 12:3355443 15:3355443 13:1677721 18:1 16:1 
from = 11 | 6:1 
from = 17 | 6:1 
from = 14 | 6:1 
from = 12 | 6:3355443 
from = 15 | 6:3355443 
from = 13 | 6:1677721 
from = 18 | 6:1 
from = 16 | 6:1 
============================================================
BBLSwitchCount - Thread 1
from = 0 | 11:1 17:1 14:1 12:3355443 13:1677722 15:3355443 18:1 16:1 
from = 11 | 0:1 
from = 17 | 0:1 
from = 14 | 0:1 
from = 12 | 0:3355443 
from = 13 | 0:1677722 
from = 15 | 0:3355443 
from = 18 | 0:1 
from = 16 | 0:1 
============================================================
BBLSwitchCount - Thread 2
from = 0 | 11:1 17:1 14:1 12:3355443 15:3355443 13:1677721 18:1 16:1 
from = 11 | 0:1 
from = 17 | 0:1 
from = 14 | 0:1 
from = 12 | 0:3355443 
from = 15 | 0:3355443 
from = 13 | 0:1677721 
from = 18 | 0:1 
from = 16 | 0:1 
============================================================
BBLSwitchCount - Thread 3
from = 0 | 11:1 17:1 14:1 12:3355443 13:1677722 15:3355443 18:1 16:1 
from = 11 | 0:1 
from = 17 | 0:1 
from = 14 | 0:1 
from = 12 | 0:3355443 
from = 13 | 0:1677722 
from = 15 | 0:3355443 
from = 18 | 0:1 
from = 16 | 0:1 
============================================================
BBLSwitchCount - Thread 4
from = 0 | 11:1 17:1 14:1 12:3355443 15:3355443 13:1677721 18:1 16:1 
from = 11 | 0:1 
from = 17 | 0:1 
from = 14 | 0:1 
from = 12 | 0:3355443 
from = 15 | 0:3355443 
from = 13 | 0:1677721 
from = 18 | 0:1 
from = 16 | 0:1 
