============================================================
Thread 0
  BBLID       Time(ns)    Instruction  Memory Access          Hash(hi)          Hash(lo)
      0          33023              3          13165  0000000000000000  0000000000000000
      1          54517          17917            179  0000000000000001  0000000000000001
      2           3871           1514             29  07823fdfb6f9703f  bc5247273ccac7e2
      3           2370            206              0  13b4b854f95f0cfc  542bbff3a016636f
      4            385             37              0  142e3c15e7284896  840f7f93ca9cdd50
      5          10361           3881             82  1f4a9263108c8b1c  56ffe8af091f5630
      6          10947           3366            118  24c61b1311617a77  d841b2c232a06814
      7           5734           2587             43  24f82a999779fe7b  8a96e2f9fda4b95d
      8         966350         302694          12340  2d68c968587baf69  1c43f448353d4570
      9          41643          13778              0  32c892500998ca34  15a2b00f5e818d99
     10           7729           2094             68  3543eeedf265e4f4  c8a2e2faa2d2fe64
     11         565457         199835           3418  3d8b290fff3076a2  3381c7f207c0af7e
     12          82078          21423           3742  51785cbe8d6ec54c  7f18e5aaf4e12d8d
     13           4992            990             73  533298ba3a680117  2bace052563a3839
     14           5535           1494             67  536d3d7c2bdee2a7  47a46be09933025c
     15            176             42              3  606010c8ec6a9072  a694bfd94a0ffb52
     16           1403            331             21  837253fd8f3aa030  039371e88a332391
     17           9738           1853            154  8eb9f63f20ce977b  4d8ead9d3e862f83
     18          55133          16712            618  ad60e8b8c126aee1  1cc233173a9c3be8
     19          70432          33372            348  b8389ad815922221  983bc884648d5188
     20           8639           2969             77  c4cdbec695f30792  591e90aef74aa3fd
     21              0              0            973  ca0cf8060ff7f195  3f3e18ac522a8111
     22    3.40944e+06        1426544           8552  d5b61d6063e46095  8f7f474df5035a95
     23          13110           5735             70  d88e2ea4d6df2a30  36f8f7df3eac43ec
     24     2.1416e+08       64890688        1285507  da673d424a4ab168  2239f0ca97939eb0
     25           9523           6089              0  f0696e0967ea2fc7  803cb6198e02548f
============================================================
Thread 1
  BBLID       Time(ns)    Instruction  Memory Access          Hash(hi)          Hash(lo)
      0         424685         132166           4856  0000000000000000  0000000000000000
      8         961590         301990          12170  2d68c968587baf69  1c43f448353d4570
     12          81805          21426            441  51785cbe8d6ec54c  7f18e5aaf4e12d8d
     18          38207          13621            393  ad60e8b8c126aee1  1cc233173a9c3be8
     24    2.14571e+08       66224357        1270557  da673d424a4ab168  2239f0ca97939eb0
============================================================
Thread 2
  BBLID       Time(ns)    Instruction  Memory Access          Hash(hi)          Hash(lo)
      0         321853         123958           1088  0000000000000000  0000000000000000
      8         961673         302014          12127  2d68c968587baf69  1c43f448353d4570
     12         157922          21426           3902  51785cbe8d6ec54c  7f18e5aaf4e12d8d
     18          54575          15090            510  ad60e8b8c126aee1  1cc233173a9c3be8
     24    2.14553e+08       64238070        1279877  da673d424a4ab168  2239f0ca97939eb0
============================================================
Thread 3
  BBLID       Time(ns)    Instruction  Memory Access          Hash(hi)          Hash(lo)
      0         304612         114759           1290  0000000000000000  0000000000000000
      8         960826         302014          12064  2d68c968587baf69  1c43f448353d4570
     12         158518          21426           3908  51785cbe8d6ec54c  7f18e5aaf4e12d8d
     18          51579          17641            243  ad60e8b8c126aee1  1cc233173a9c3be8
     24    2.14577e+08       62115330        1299807  da673d424a4ab168  2239f0ca97939eb0
============================================================
Thread 4
  BBLID       Time(ns)    Instruction  Memory Access          Hash(hi)          Hash(lo)
      0         400193         122062           1516  0000000000000000  0000000000000000
      8         960189         301990          12164  2d68c968587baf69  1c43f448353d4570
     12          81255          21426           3744  51785cbe8d6ec54c  7f18e5aaf4e12d8d
     18          42273          16386            634  ad60e8b8c126aee1  1cc233173a9c3be8
     24    2.14567e+08       65921878        1290609  da673d424a4ab168  2239f0ca97939eb0
============================================================
Thread 5
  BBLID       Time(ns)    Instruction  Memory Access          Hash(hi)          Hash(lo)
      0         321438         122451           1531  0000000000000000  0000000000000000
      8         952762         301142          12016  2d68c968587baf69  1c43f448353d4570
     12         160156          21426           3919  51785cbe8d6ec54c  7f18e5aaf4e12d8d
     18          30231          11293            387  ad60e8b8c126aee1  1cc233173a9c3be8
     24    2.14579e+08       65060384        1301474  da673d424a4ab168  2239f0ca97939eb0
============================================================
Thread 6
  BBLID       Time(ns)    Instruction  Memory Access          Hash(hi)          Hash(lo)
      0         323872         123932           1569  0000000000000000  0000000000000000
      8         952991         301142          12024  2d68c968587baf69  1c43f448353d4570
     12         160027          21426           3916  51785cbe8d6ec54c  7f18e5aaf4e12d8d
     18          57379          17649            514  ad60e8b8c126aee1  1cc233173a9c3be8
     24    2.14552e+08       65316193        1563162  da673d424a4ab168  2239f0ca97939eb0
============================================================
Thread 7
  BBLID       Time(ns)    Instruction  Memory Access          Hash(hi)          Hash(lo)
      0         399617         125907           3933  0000000000000000  0000000000000000
      8         960286         301990          12115  2d68c968587baf69  1c43f448353d4570
     12          81894          21426           1459  51785cbe8d6ec54c  7f18e5aaf4e12d8d
     18          37960          12103            398  ad60e8b8c126aee1  1cc233173a9c3be8
     24    2.14569e+08       66591220        1727016  da673d424a4ab168  2239f0ca97939eb0
============================================================
Thread 8
  BBLID       Time(ns)    Instruction  Memory Access          Hash(hi)          Hash(lo)
      0         340371         128335           1606  0000000000000000  0000000000000000
      8         953648         301142          12004  2d68c968587baf69  1c43f448353d4570
     12         159064          21426           3908  51785cbe8d6ec54c  7f18e5aaf4e12d8d
     18          37268          13586            337  ad60e8b8c126aee1  1cc233173a9c3be8
     24    2.14564e+08       65605228        1314179  da673d424a4ab168  2239f0ca97939eb0
============================================================
Thread 9
  BBLID       Time(ns)    Instruction  Memory Access          Hash(hi)          Hash(lo)
      0         393860         117752           4908  0000000000000000  0000000000000000
      8         952469         301142          12009  2d68c968587baf69  1c43f448353d4570
     12          82808          21426            438  51785cbe8d6ec54c  7f18e5aaf4e12d8d
     18          30807          11327             77  ad60e8b8c126aee1  1cc233173a9c3be8
     24    2.14586e+08       64478339        1332791  da673d424a4ab168  2239f0ca97939eb0
============================================================
Thread 10
  BBLID       Time(ns)    Instruction  Memory Access          Hash(hi)          Hash(lo)
      0         382431         115901           1262  0000000000000000  0000000000000000
      8         962611         301990          12110  2d68c968587baf69  1c43f448353d4570
     12          82064          21426           3746  51785cbe8d6ec54c  7f18e5aaf4e12d8d
     18          36975          13629             98  ad60e8b8c126aee1  1cc233173a9c3be8
     24    2.14584e+08       62274552        1253783  da673d424a4ab168  2239f0ca97939eb0
============================================================
Thread 11
  BBLID       Time(ns)    Instruction  Memory Access          Hash(hi)          Hash(lo)
      0         389774         118967           1416  0000000000000000  0000000000000000
      8         961061         301990          12130  2d68c968587baf69  1c43f448353d4570
     12          81101          21426           3751  51785cbe8d6ec54c  7f18e5aaf4e12d8d
     18          37787          14969            624  ad60e8b8c126aee1  1cc233173a9c3be8
     24    2.14581e+08       60295001        1549308  da673d424a4ab168  2239f0ca97939eb0
============================================================
Thread 12
  BBLID       Time(ns)    Instruction  Memory Access          Hash(hi)          Hash(lo)
      0         330490         123661           1263  0000000000000000  0000000000000000
      8         958431         302014          12111  2d68c968587baf69  1c43f448353d4570
     12         159095          21426           3762  51785cbe8d6ec54c  7f18e5aaf4e12d8d
     18          54344          16020            379  ad60e8b8c126aee1  1cc233173a9c3be8
     24    2.14554e+08       65889463        1274401  da673d424a4ab168  2239f0ca97939eb0
============================================================
Thread 13
  BBLID       Time(ns)    Instruction  Memory Access          Hash(hi)          Hash(lo)
      0         383778         117939           1249  0000000000000000  0000000000000000
      8         961243         301990          12160  2d68c968587baf69  1c43f448353d4570
     12          81360          21426           3754  51785cbe8d6ec54c  7f18e5aaf4e12d8d
     18          32188          12191            263  ad60e8b8c126aee1  1cc233173a9c3be8
     24     2.1459e+08       62294930        1538128  da673d424a4ab168  2239f0ca97939eb0
============================================================
Thread 14
  BBLID       Time(ns)    Instruction  Memory Access          Hash(hi)          Hash(lo)
      0         399984         123385           1406  0000000000000000  0000000000000000
      8         960471         301990          12134  2d68c968587baf69  1c43f448353d4570
     12          81411          21426           3753  51785cbe8d6ec54c  7f18e5aaf4e12d8d
     18          53920          15049            495  ad60e8b8c126aee1  1cc233173a9c3be8
     24    2.14555e+08       66297411        1260663  da673d424a4ab168  2239f0ca97939eb0
============================================================
Thread 15
  BBLID       Time(ns)    Instruction  Memory Access          Hash(hi)          Hash(lo)
      0         311961         113449           1168  0000000000000000  0000000000000000
      8         962494         302014          12144  2d68c968587baf69  1c43f448353d4570
     12         149658          21426           3871  51785cbe8d6ec54c  7f18e5aaf4e12d8d
     18          50611          14275            430  ad60e8b8c126aee1  1cc233173a9c3be8
     24    2.14579e+08       57124940        1596173  da673d424a4ab168  2239f0ca97939eb0
============================================================
Thread 16
  BBLID       Time(ns)    Instruction  Memory Access          Hash(hi)          Hash(lo)
      0         414367         129746           1707  0000000000000000  0000000000000000
      8         952707         301142          12071  2d68c968587baf69  1c43f448353d4570
     12          79832          20542           3729  51785cbe8d6ec54c  7f18e5aaf4e12d8d
     18          53397          17713            535  ad60e8b8c126aee1  1cc233173a9c3be8
     24    2.14556e+08       66029562        1474059  da673d424a4ab168  2239f0ca97939eb0
============================================================
Thread 17
  BBLID       Time(ns)    Instruction  Memory Access          Hash(hi)          Hash(lo)
      0         306342         115096           1488  0000000000000000  0000000000000000
      8         953757         301142          12058  2d68c968587baf69  1c43f448353d4570
     12         161348          21426           3852  51785cbe8d6ec54c  7f18e5aaf4e12d8d
     18          59499          17580            478  ad60e8b8c126aee1  1cc233173a9c3be8
     24    2.14565e+08       62880417        1474415  da673d424a4ab168  2239f0ca97939eb0
============================================================
Thread 18
  BBLID       Time(ns)    Instruction  Memory Access          Hash(hi)          Hash(lo)
      0         380269         113490           1465  0000000000000000  0000000000000000
      8         962044         301990          12212  2d68c968587baf69  1c43f448353d4570
     12          81606          21426           3742  51785cbe8d6ec54c  7f18e5aaf4e12d8d
     18          33607          12153            546  ad60e8b8c126aee1  1cc233173a9c3be8
     24     2.1459e+08       59646111        1598003  da673d424a4ab168  2239f0ca97939eb0
============================================================
Thread 19
  BBLID       Time(ns)    Instruction  Memory Access          Hash(hi)          Hash(lo)
      0         394072         121477           4728  0000000000000000  0000000000000000
      8         960742         301990          12188  2d68c968587baf69  1c43f448353d4570
     12          81480          21426            430  51785cbe8d6ec54c  7f18e5aaf4e12d8d
     18          38277          14833             95  ad60e8b8c126aee1  1cc233173a9c3be8
     24    2.14576e+08       61013860        1303576  da673d424a4ab168  2239f0ca97939eb0
============================================================
Thread 20
  BBLID       Time(ns)    Instruction  Memory Access          Hash(hi)          Hash(lo)
      0         330419         123632           1630  0000000000000000  0000000000000000
      8         952003         301142          12069  2d68c968587baf69  1c43f448353d4570
     12         159198          21426           3826  51785cbe8d6ec54c  7f18e5aaf4e12d8d
     18          38822          13517            463  ad60e8b8c126aee1  1cc233173a9c3be8
     24    2.14569e+08       65261989        1641903  da673d424a4ab168  2239f0ca97939eb0
============================================================
Thread 21
  BBLID       Time(ns)    Instruction  Memory Access          Hash(hi)          Hash(lo)
      0         324368         122007           1439  0000000000000000  0000000000000000
      8         953550         301142          12113  2d68c968587baf69  1c43f448353d4570
     12         159892          21426           3926  51785cbe8d6ec54c  7f18e5aaf4e12d8d
     18          42861          16439            434  ad60e8b8c126aee1  1cc233173a9c3be8
     24     2.1456e+08       65329696        1282706  da673d424a4ab168  2239f0ca97939eb0
============================================================
Thread 22
  BBLID       Time(ns)    Instruction  Memory Access          Hash(hi)          Hash(lo)
      0         316781         119338           1569  0000000000000000  0000000000000000
      8         951950         301142          12072  2d68c968587baf69  1c43f448353d4570
     12         160523          21426           3842  51785cbe8d6ec54c  7f18e5aaf4e12d8d
     18          59519          18314            535  ad60e8b8c126aee1  1cc233173a9c3be8
     24    2.14555e+08       64801086        1347325  da673d424a4ab168  2239f0ca97939eb0
============================================================
Thread 23
  BBLID       Time(ns)    Instruction  Memory Access          Hash(hi)          Hash(lo)
      0         318724         120122           1524  0000000000000000  0000000000000000
      8         954062         301142          12082  2d68c968587baf69  1c43f448353d4570
     12         159882          21426           3903  51785cbe8d6ec54c  7f18e5aaf4e12d8d
     18          60493          17895            495  ad60e8b8c126aee1  1cc233173a9c3be8
     24    2.14552e+08       66487140        1434543  da673d424a4ab168  2239f0ca97939eb0
============================================================
Thread 24
  BBLID       Time(ns)    Instruction  Memory Access          Hash(hi)          Hash(lo)
      0         326284         120980           1404  0000000000000000  0000000000000000
      8         953385         301142          12084  2d68c968587baf69  1c43f448353d4570
     12         159482          21426           3914  51785cbe8d6ec54c  7f18e5aaf4e12d8d
     18          64712          19764            455  ad60e8b8c126aee1  1cc233173a9c3be8
     24    2.14548e+08       65261052        1334239  da673d424a4ab168  2239f0ca97939eb0
============================================================
Thread 25
  BBLID       Time(ns)    Instruction  Memory Access          Hash(hi)          Hash(lo)
      0         324549         122409           1513  0000000000000000  0000000000000000
      8         952582         301142          12049  2d68c968587baf69  1c43f448353d4570
     12         159728          21426           3926  51785cbe8d6ec54c  7f18e5aaf4e12d8d
     18          51206          15281            553  ad60e8b8c126aee1  1cc233173a9c3be8
     24    2.14555e+08       65940905        1255130  da673d424a4ab168  2239f0ca97939eb0
============================================================
Thread 26
  BBLID       Time(ns)    Instruction  Memory Access          Hash(hi)          Hash(lo)
      0         311912         117615           1471  0000000000000000  0000000000000000
      8         953256         301142          12080  2d68c968587baf69  1c43f448353d4570
     12         160194          21426           3919  51785cbe8d6ec54c  7f18e5aaf4e12d8d
     18          51973          14688            970  ad60e8b8c126aee1  1cc233173a9c3be8
     24    2.14569e+08       60722656        1536260  da673d424a4ab168  2239f0ca97939eb0
============================================================
Thread 27
  BBLID       Time(ns)    Instruction  Memory Access          Hash(hi)          Hash(lo)
      0         379298         113308           4751  0000000000000000  0000000000000000
      8         960734         301990          12195  2d68c968587baf69  1c43f448353d4570
     12          81433          21426            416  51785cbe8d6ec54c  7f18e5aaf4e12d8d
     18          48154          13955            202  ad60e8b8c126aee1  1cc233173a9c3be8
     24    2.14579e+08       59755625        1334961  da673d424a4ab168  2239f0ca97939eb0
============================================================
Thread 28
  BBLID       Time(ns)    Instruction  Memory Access          Hash(hi)          Hash(lo)
      0         331266         123412           1487  0000000000000000  0000000000000000
      8         953472         301142          12083  2d68c968587baf69  1c43f448353d4570
     12         159516          21426           3910  51785cbe8d6ec54c  7f18e5aaf4e12d8d
     18          52207          16333            626  ad60e8b8c126aee1  1cc233173a9c3be8
     24    2.14557e+08       65013137        1348546  da673d424a4ab168  2239f0ca97939eb0
============================================================
Thread 29
  BBLID       Time(ns)    Instruction  Memory Access          Hash(hi)          Hash(lo)
      0         314548         118935           1318  0000000000000000  0000000000000000
      8         953410         301142          12079  2d68c968587baf69  1c43f448353d4570
     12         160162          21426           3926  51785cbe8d6ec54c  7f18e5aaf4e12d8d
     18          61804          19496            491  ad60e8b8c126aee1  1cc233173a9c3be8
     24    2.14556e+08       64910916        1281016  da673d424a4ab168  2239f0ca97939eb0
============================================================
Thread 30
  BBLID       Time(ns)    Instruction  Memory Access          Hash(hi)          Hash(lo)
      0         327382         124008           1417  0000000000000000  0000000000000000
      8         953337         301142          12049  2d68c968587baf69  1c43f448353d4570
     12         159456          21426           3920  51785cbe8d6ec54c  7f18e5aaf4e12d8d
     18          59735          17366            573  ad60e8b8c126aee1  1cc233173a9c3be8
     24    2.14548e+08       65886424        1304849  da673d424a4ab168  2239f0ca97939eb0
============================================================
Thread 31
  BBLID       Time(ns)    Instruction  Memory Access          Hash(hi)          Hash(lo)
      0         382329         119676          21904  0000000000000000  0000000000000000
      8         961678         301990          12483  2d68c968587baf69  1c43f448353d4570
     12          81977          21462           3514  51785cbe8d6ec54c  7f18e5aaf4e12d8d
     18          35665          12213             70  ad60e8b8c126aee1  1cc233173a9c3be8
     24     2.1458e+08       59474821        1311916  da673d424a4ab168  2239f0ca97939eb0
