============================================================
ReuseSegment - Thread 0
head = 0, count = 98 | 0 102 
head = 102, count = 1 | 0 102 
head = 102, count = 1 | 102 47 
head = 0, count = 1 | 0 47 
head = 47, count = 2 | 1 47 
head = 102, count = 21 | 102 1 
head = 1, count = 3 | 1 25 
head = 47, count = 21 | 47 25 
head = 102, count = 1 | 102 25 
head = 36, count = 1 | 36 27 
head = 25, count = 2 | 25 27 
head = 27, count = 1 | 27 39 
head = 1, count = 1 | 1 36 27 39 
head = 39, count = 1 | 1 39 
head = 25, count = 1 | 1 25 
head = 27, count = 1 | 1 27 
head = 1, count = 1 | 1 29 
head = 29, count = 1 | 29 24 
head = 1, count = 1 | 1 24 
head = 24, count = 2 | 24 56 
head = 27, count = 1 | 27 56 
head = 56, count = 1 | 56 42 
head = 39, count = 1 | 1 39 29 56 42 
head = 42, count = 1 | 42 31 
head = 56, count = 1 | 56 31 
head = 31, count = 2 | 31 55 
head = 1, count = 2 | 1 55 
head = 25, count = 21 | 25 55 
head = 0, count = 1 | 0 55 
head = 55, count = 25 | 1 55 
head = 42, count = 1 | 1 42 55 
head = 0, count = 20 | 0 1 
head = 0, count = 2 | 0 102 1 
head = 102, count = 1 | 0 102 1 
head = 1, count = 24 | 1 22 
head = 47, count = 1 | 47 39 42 22 
head = 0, count = 1 | 0 22 
head = 22, count = 23 | 1 22 
head = 0, count = 1 | 0 102 1 47 25 55 22 
head = 1, count = 1 | 1 49 
head = 1, count = 2 | 1 32 
head = 32, count = 2 | 32 33 
head = 33, count = 1 | 33 54 
head = 54, count = 1 | 1 54 
head = 33, count = 1 | 1 33 
head = 1, count = 1 | 1 40 48 
head = 1, count = 2 | 1 40 
head = 48, count = 1 | 48 44 
head = 40, count = 1 | 40 44 
head = 40, count = 1 | 40 44 37 
head = 37, count = 1 | 1 37 
head = 44, count = 1 | 44 52 
head = 1, count = 1 | 1 52 43 
head = 1, count = 2 | 1 43 
head = 52, count = 1 | 52 34 
head = 43, count = 1 | 43 34 
head = 43, count = 1 | 1 43 34 
head = 1, count = 3 | 1 12 
head = 12, count = 3 | 1 12 
head = 14, count = 1 | 1 14 
head = 1, count = 1 | 1 10 
head = 10, count = 1 | 1 10 
head = 12, count = 2 | 12 18 
head = 1, count = 2 | 1 18 
head = 34, count = 1 | 1 34 
head = 18, count = 1 | 1 18 
head = 25, count = 1 | 1 25 24 31 40 43 
head = 1, count = 1 | 1 20 
head = 1, count = 2 | 1 21 
head = 1, count = 1 | 1 141 
head = 1, count = 1 | 1 136 
head = 136, count = 1 | 136 127 
head = 1, count = 8 | 1 127 
head = 0, count = 1 | 0 1 127 
head = 141, count = 1 | 141 127 
head = 127, count = 2 | 1 127 
head = 1, count = 1 | 1 142 
head = 127, count = 2 | 127 142 
head = 127, count = 1 | 127 144 
head = 142, count = 1 | 142 144 
head = 142, count = 1 | 1 142 144 
head = 127, count = 5 | 127 155 
head = 1, count = 22 | 1 155 
head = 144, count = 1 | 144 155 
head = 0, count = 1 | 0 34 155 
head = 0, count = 1 | 0 155 
head = 155, count = 2 | 155 152 
head = 1, count = 2 | 1 147 
head = 152, count = 2 | 152 146 
head = 146, count = 2 | 146 150 
head = 150, count = 2 | 150 160 149 
head = 155, count = 1 | 155 148 149 
head = 149, count = 2 | 149 153 
head = 149, count = 2 | 149 153 159 
head = 159, count = 2 | 159 145 
head = 155, count = 36 | 155 145 
head = 1, count = 20 | 1 145 
head = 127, count = 1 | 127 145 
head = 0, count = 1 | 0 145 
head = 145, count = 23 | 145 154 
head = 1, count = 1 | 1 127 154 
head = 1, count = 2 | 1 154 
head = 154, count = 3 | 154 158 
head = 145, count = 20 | 145 158 
head = 158, count = 26 | 89 158 
head = 145, count = 6 | 89 145 
head = 154, count = 18 | 89 154 
head = 155, count = 1 | 89 155 
head = 1, count = 1 | 1 89 
head = 0, count = 1 | 0 89 
head = 102, count = 1 | 102 1 89 
head = 1, count = 1 | 1 89 127 155 145 
head = 145, count = 2 | 89 145 98 
head = 89, count = 24 | 89 97 96 88 
head = 88, count = 193386 | 98 97 96 88 
