============================================================
Thread 0
  BBLID       Time(ns)    Instruction  Memory Access          Hash(hi)          Hash(lo)
      0        11415.7              0           7544  0000000000000000  0000000000000000
      1          41106          54921            726  0000000000000001  0000000000000001
      2        3.66666              5              1  04c9742eeb73ebb9  02932c03dd473c4f
      3       0.666666              7              1  04c9742eeb73ebb9  0b58c65ec64983d0
      4       0.333333              3              0  04c9742eeb73ebb9  294e26cef3a7816e
      5       0.333333              2              0  04c9742eeb73ebb9  2dc39cf6873d4d15
      6            251              4              0  04c9742eeb73ebb9  345380275c1cdde0
      7        83.3332              5              1  04c9742eeb73ebb9  417300b2bf550df7
      8       0.666666              4              1  04c9742eeb73ebb9  434825ee36c645ef
      9       0.666666              6              1  04c9742eeb73ebb9  66c147ac4626c17f
     10        1.33333             13              4  04c9742eeb73ebb9  685238ec5b14e1c1
     11       0.333333              4              0  04c9742eeb73ebb9  6d1518953f44cda8
     12        9.66666             25              4  04c9742eeb73ebb9  6ebcfdfc10638d2e
     13       0.666666              5              0  04c9742eeb73ebb9  7a321591daa3976d
     14        2.33333             20              7  04c9742eeb73ebb9  84e572d2bfd4b10b
     15       0.333333              3              1  04c9742eeb73ebb9  8a12375ea71cc4ab
     16       0.666666              7              0  04c9742eeb73ebb9  b21499b981427028
     17        1.33333              7              1  04c9742eeb73ebb9  d024cbb9f44b3cb9
     18        1.33333             13              2  04c9742eeb73ebb9  d4e57c57bdb7808c
     19        1.33333              5              1  04c9742eeb73ebb9  d5bbbf0e638b05a2
     20       0.999999              6              1  04c9742eeb73ebb9  ea03b87328d32a45
     21        4.33333              6              1  04c9742eeb73ebb9  ef565a94bc25ff06
     22           1432           3095             28  1abf1abf821c8356  0653dc3bd2c031c7
     23       0.333333              4              1  1abf1abf821c8356  087f64ea81e0f355
     24              3             33              1  1abf1abf821c8356  094784c53f53aa9b
     25           1999            964             22  1abf1abf821c8356  0be287dbc8ffbf46
     26       0.333333              3              0  1abf1abf821c8356  1602a9c4fafdbfd5
     27       0.999999             10              1  1abf1abf821c8356  171df344cbe973f4
     28        1.33333              4              0  1abf1abf821c8356  1bfab7a6a54a1fc0
     29       0.999999              7              1  1abf1abf821c8356  1c9a1c8b39544e62
     30        1.66667              3              1  1abf1abf821c8356  266d61baabcb8326
     31        300.666             26              3  1abf1abf821c8356  31cef01719163637
     32        21.6666             82              1  1abf1abf821c8356  3304613ffd6dc2b5
     33        246.333             88              1  1abf1abf821c8356  371f6f0d86987397
     34        64.3333             10              1  1abf1abf821c8356  3a41c9b681fc5aa6
     35        5.66666              8              1  1abf1abf821c8356  43e228150d130572
     36       0.999999              9              1  1abf1abf821c8356  4c131c6f4440f3be
     37       0.999999              5              0  1abf1abf821c8356  5a95056b74012b76
     38       0.666666              4              1  1abf1abf821c8356  5c510747ae74fa66
     39        154.333             43              3  1abf1abf821c8356  79d21dcfb5a0a2f0
     40        161.333             26              0  1abf1abf821c8356  7f1ab83e478e01c8
     41       0.666666              6              0  1abf1abf821c8356  83d5a28d3b681586
     42        2.66666             31              1  1abf1abf821c8356  8bf50046f5527a95
     43        18.6666             31              0  1abf1abf821c8356  8d360ac3fd321739
     44        74.6666             11              1  1abf1abf821c8356  8ebca8422d898b57
     45       0.666666              4              0  1abf1abf821c8356  8ee9ac433182bb69
     46       0.333333              3              1  1abf1abf821c8356  95f9562ff43ea501
     47        2817.66            746             77  1abf1abf821c8356  9bcb57d7d89ff317
     48        71.6666              6              0  1abf1abf821c8356  9f09f737ad6b44ea
     49              2              7              1  1abf1abf821c8356  a2e90430bca83293
     50       0.333333              3              1  1abf1abf821c8356  a318051b429cc3a0
     51              0              0              1  1abf1abf821c8356  bd4047df56af28f2
     52       0.666666              7              1  1abf1abf821c8356  c093518b14fda634
     53       0.999999              4              0  1abf1abf821c8356  c3274fc67ec15007
     54       0.999999              5              1  1abf1abf821c8356  c3bda0a93f8ed779
     55           1798            975             19  1abf1abf821c8356  c880cfcdb6846068
     56       0.999999             11              1  1abf1abf821c8356  dcfc6e6079666580
     57        1.66667              4              0  1abf1abf821c8356  e475defe42161428
     58              0              0              0  1abf1abf821c8356  e4c04cea706b963a
     59       0.999999              5              0  1abf1abf821c8356  e7cc0f3c13f8c25f
     60       0.333333              4              1  1abf1abf821c8356  f31b5738a71e2ec5
     61        1.33333              4              1  1abf1abf821c8356  f723d092c3bf7572
     62        1.66667             11              1  2445af6a962f7501  2277fa3312d0d7ed
     63        13.6667            119              0  2445af6a962f7501  47c5d42e3906126c
     64           1801            299              1  2445af6a962f7501  48b625736776ca51
     65        26.6666            278              0  2445af6a962f7501  53a27a47026b0631
     66       0.333333              3              1  2445af6a962f7501  560a37d67dddb7bc
     67       0.666666              5              1  2445af6a962f7501  66d71fe4de6b8af3
     68            120              4              1  2445af6a962f7501  697b43a2529f4eb1
     69       0.666666              4              0  2445af6a962f7501  b48d9761131d6831
     70       0.666666              5              0  2445af6a962f7501  d3a2534073e90a2b
     71        1.33333             13              1  2445af6a962f7501  e47d780989a64538
     72        2.33333              7              1  2445af6a962f7501  edc6020e61cc98f3
     73            103              4              0  2445af6a962f7501  f711fb87c53145a5
     74        1.66667              4              0  30cfc9d781535f3d  0e70bfb2ddeae996
     75              5              8              0  30cfc9d781535f3d  3041943711e474ad
     76        2.66666              8              1  30cfc9d781535f3d  936ed955e99eacd4
     77        3638.66           1616             77  30cfc9d781535f3d  e17afde1f1c534f6
     78              5             11              0  567d9c6969a901fa  0bee9af9307d286f
     79        17.3333             41              2  567d9c6969a901fa  237af2c342466bf6
     80       0.999999             10              1  567d9c6969a901fa  2579f378d846085b
     81        2280.66            230              2  567d9c6969a901fa  3be1724682153fe8
     82       0.999999              4              0  567d9c6969a901fa  53895646a3bfc59e
     83       0.333333              4              1  567d9c6969a901fa  84bd7ed9c1dc3ba4
     84       0.333333              4              1  567d9c6969a901fa  a24b495aa16f00c2
     85        1.33333              4              0  567d9c6969a901fa  c401999b12aeb30a
     86        4.99999              4              0  567d9c6969a901fa  cfc0c529be835de9
     87        1.66667              2              1  567d9c6969a901fa  d74d65f9e83b763d
     88         112823        1039620              0  601fc0c8e9a450d6  06b53c9189dd195e
     89        2169.66           6994             39  601fc0c8e9a450d6  1eb987750370ef81
     90        80623.6         773832              0  601fc0c8e9a450d6  2e27a837af65c68f
     91        88643.6         846138              1  601fc0c8e9a450d6  312ac290a99f0722
     92       0.666666              6              1  601fc0c8e9a450d6  5bff7c8f96abac56
     93        1.33333              8              1  601fc0c8e9a450d6  6a6ca6f378dd094f
     94        80749.9         773579              0  601fc0c8e9a450d6  736746ca644de049
     95        80556.9         749177              1  601fc0c8e9a450d6  7a1e89092a645738
     96         201635        1765243              1  601fc0c8e9a450d6  af11147649ec00c9
     97         128886        1232502              1  601fc0c8e9a450d6  b367cc0bd6020f33
     98         112834        1112107              1  601fc0c8e9a450d6  bff5177754a86366
     99        80586.3         797639              0  601fc0c8e9a450d6  c857da5f4f8a687a
    100         112698         991232            127  601fc0c8e9a450d6  c87dd7809d36cea3
    101        88645.6         870184              0  601fc0c8e9a450d6  eedf914740a9f8bb
    102              0              0            294  63649d658b0c18f9  f3116c794a45dd83
    103        14.6667            121              1  6996a716c09d399d  63e26df4292b4909
    104       0.666666              6              0  6996a716c09d399d  6eb873a50e08d246
    105        1.66667             14              1  6996a716c09d399d  754f29b7ffc36d17
    106        5.33333              8              0  6996a716c09d399d  8b9c046171a10d4f
    107       0.666666              7              0  6996a716c09d399d  8c0368657c1aa1b9
    108        26.6666            280              1  6996a716c09d399d  8eef1fb137f33c43
    109       0.666666              5              1  6996a716c09d399d  b294678e344a39da
    110       0.666666              5              0  6996a716c09d399d  b4be0f8c672a3d21
    111        1.66667             16              1  6996a716c09d399d  c8333df2956551ae
    112        1514.67            218              2  6996a716c09d399d  cb4448f3bb842a1f
    113       0.666666              4              0  6996a716c09d399d  db8044b4261832d3
    114       0.999999              5              1  6996a716c09d399d  e5708dafc2d7c740
    115       0.666666              8              0  9b60f4f6b2d19888  1ae976e749f8347a
    116        621.999            987              1  9b60f4f6b2d19888  20ccaf2c4930b599
    117           1730            491             73  9b60f4f6b2d19888  25f6dae6c8baf3e2
    118             11             83              1  9b60f4f6b2d19888  2db39da314450727
    119        8.99999              5              1  9b60f4f6b2d19888  2e23b63d5860f3c6
    120       0.333333              3              1  9b60f4f6b2d19888  3b085a1336189302
    121       0.333333              4              0  9b60f4f6b2d19888  42051b8a632649fa
    122       0.333333              3              0  9b60f4f6b2d19888  4b7365d29db128f1
    123            425            701              1  9b60f4f6b2d19888  55ff16c4ee5231cb
    124        78.3333             33              0  9b60f4f6b2d19888  59535da8c43f68ce
    125        486.333            985              2  9b60f4f6b2d19888  5fbd1679e32ea884
    126       0.999999              5              1  9b60f4f6b2d19888  62747772586cbe4b
    127        502.333            401              2  9b60f4f6b2d19888  705b9f3eab202f1b
    128       0.999999              9              1  9b60f4f6b2d19888  70c33f011e4a1b2c
    129       0.333333              3              0  9b60f4f6b2d19888  8486b670f2a0b595
    130        555.999           1012              2  9b60f4f6b2d19888  a9fa05961de170d1
    131        408.666            323              1  9b60f4f6b2d19888  ae783f473792dbaf
    132       0.999999              8              1  9b60f4f6b2d19888  bf641dc73e11f295
    133        703.333            759              1  9b60f4f6b2d19888  c42557e84b7a060c
    134       0.333333              4              1  9b60f4f6b2d19888  cea1e87405e15b5f
    135       0.333333              3              1  9b60f4f6b2d19888  d1d4435ca912a911
    136       0.666666              3              0  9b60f4f6b2d19888  d51cf2c6673816c6
    137       0.666666              5              1  9b60f4f6b2d19888  e6e2847683795e3f
    138        1.66667              4              1  9b60f4f6b2d19888  e93cd5625fcc1556
    139        8.99999             91              0  9b60f4f6b2d19888  eb0de675c8147a65
    140        8.66666              3              1  9b60f4f6b2d19888  ec1af9ca018ea386
    141        1.33333              6              1  9b60f4f6b2d19888  f0692e891b7edcea
    142             11             26              1  9b60f4f6b2d19888  f24131f6bb74ad36
    143       0.333333              4              1  9b60f4f6b2d19888  f3fbd46bbcdf2cbc
    144              2              9              0  9b60f4f6b2d19888  f94806237ef3268f
    145        2487.33           3074              6  bcc157bfd7649924  06f5d3f1613f6632
    146        5.33333             48              0  bcc157bfd7649924  19d0464b24319637
    147        1.33333             11              0  bcc157bfd7649924  1e8654d2cb2628dc
    148        70.6666              9              0  bcc157bfd7649924  42f9f8621f07c6f6
    149            201             55              0  bcc157bfd7649924  46257f5098ea8306
    150        15.6667             14              1  bcc157bfd7649924  5bcf4fa5a4eac03f
    151        4.66666             18              1  bcc157bfd7649924  7024c5f22c623d64
    152              2             18              1  bcc157bfd7649924  72243bbf7b9b713e
    153        109.333             16              1  bcc157bfd7649924  7df38c7ed80c0c98
    154        466.333           1241              2  bcc157bfd7649924  7e06f5c995216096
    155        2752.33           3403             30  bcc157bfd7649924  8cfebb61937eef6b
    156       0.666666              6              1  bcc157bfd7649924  9f74430c205d64cc
    157        1.66667              9              1  bcc157bfd7649924  d5e01145233b7755
    158    1.34726e+06       12839240             18  bcc157bfd7649924  d6eb6f939e6be488
    159            125             15              1  bcc157bfd7649924  dfb681a91ff7ca46
    160        5.66666             10              0  bcc157bfd7649924  e35c492b3ef54140
    161        1.66667             13              1  bcc157bfd7649924  fb1f09a531d2c68f
    162        63.6666             11              1  c53a8b052791d4df  03760e8631a5947b
    163       0.999999              4              0  c53a8b052791d4df  0e01a4a9f2d4962e
    164       0.666666              4              1  c53a8b052791d4df  1cb1d4d0254e511f
    165       0.666666              3              0  c53a8b052791d4df  455a1628fb5f029c
    166        2335.66            897              5  c53a8b052791d4df  46d090a24a99033e
    167       0.999999              6              1  c53a8b052791d4df  5a8dde29c9cf1287
    168       0.666666              4              0  c53a8b052791d4df  5fcd199719043534
    169        77.6666              3              1  c53a8b052791d4df  832be70d7507af8a
    170        619.333            186             21  c53a8b052791d4df  c2d3071409a7e503
    171        8.33333              7              0  c53a8b052791d4df  c35120941a0cddf2
    172        1.66667             11              1  c53a8b052791d4df  d3d214d05c7cfcfc
    173       0.333333              3              1  c53a8b052791d4df  f9521a1bc5efca4e
    174       0.333333              4              1  cc41db93ac2617a9  0568e203470d04e6
    175        1.66667              7              1  cc41db93ac2617a9  09a7ce892ea43169
    176        1.33333             14              1  cc41db93ac2617a9  0ffc28d4c82dec9f
    177        1.66667             11              0  cc41db93ac2617a9  138abc070fffcba4
    178       0.999999              9              2  cc41db93ac2617a9  142ceb25d2e6d116
    179        3.33333              7              0  cc41db93ac2617a9  18b2468bf0460991
    180        12853.7          99540            205  cc41db93ac2617a9  1912879e45e522bb
    181        281.333             89             13  cc41db93ac2617a9  1c6f5c0f4232714a
    182       0.999999              5              0  cc41db93ac2617a9  2419f7dace89091e
    183        62.6666              8              0  cc41db93ac2617a9  2b777f6d68557529
    184        66.3333             12              1  cc41db93ac2617a9  326409268d198715
    185          16259          22069            275  cc41db93ac2617a9  38520be9372092ba
    186        2235.33           2979             29  cc41db93ac2617a9  42e26311d133032b
    187            443             92             13  cc41db93ac2617a9  4c2c9b7d4f76fd8c
    188        61.6666              3              1  cc41db93ac2617a9  583e18ec32cd52ea
    189           1522            725              7  cc41db93ac2617a9  590762faa7e12c84
    190              4              5              0  cc41db93ac2617a9  67cf50959ac66389
    191        1.33333             12              1  cc41db93ac2617a9  68af64d0dad877a6
    192       0.666666              7              0  cc41db93ac2617a9  6e8a45ef0f785162
    193              2              7              0  cc41db93ac2617a9  6f197b3f2e2c35a6
    194       0.666666              3              0  cc41db93ac2617a9  72390eeb20869328
    195        5.33333              8              1  cc41db93ac2617a9  72ad1dc3f7cf2068
    196        12761.7          99561            337  cc41db93ac2617a9  75f4297f006485f6
    197       0.999999              7              1  cc41db93ac2617a9  76ca82785e006cb3
    198        62.3333              7              1  cc41db93ac2617a9  7f3653cec2ffeaed
    199       0.999999              5              0  cc41db93ac2617a9  7fa2839d84287fa9
    200        61.9999              6              1  cc41db93ac2617a9  8345546be86e80b6
    201        464.333            162             14  cc41db93ac2617a9  8f23a3db9260ed41
    202            134              6              1  cc41db93ac2617a9  9272e70a8b0bd034
    203        7.66666              8              0  cc41db93ac2617a9  9e9c535a22fe5e89
    204       0.666666              8              0  cc41db93ac2617a9  afa4f99ac94c15f6
    205            139             15              1  cc41db93ac2617a9  b4534796bd56f491
    206       0.666666              8              1  cc41db93ac2617a9  ba1fa2d87f84b6ee
    207       0.666666              7              1  cc41db93ac2617a9  c20f011a2c05f2da
    208       0.666666              8              1  cc41db93ac2617a9  c700524463fa17f0
    209              2              9              1  cc41db93ac2617a9  c7d3d8d7a511bc3a
    210        7.33333              3              1  cc41db93ac2617a9  cece04918e8f603c
    211       0.666666              6              0  cc41db93ac2617a9  d8b28a5be6bb6b5d
    212        1.66667              8              1  cc41db93ac2617a9  d8fa96c3945e7c49
    213       0.666666              5              0  cc41db93ac2617a9  deada85d4004000f
    214        131.667              6              0  cc41db93ac2617a9  e0f9a6f259ead608
    215              2             21              0  cc41db93ac2617a9  e290bd9aa7333363
    216        68.6666              9              1  cc41db93ac2617a9  e9127d152918671c
    217       0.333333              4              1  cc41db93ac2617a9  f929db19949944a7
    218       0.999999              8              0  cc41db93ac2617a9  fbc6b5635b4c55d1
    219       0.666666              3              1  cc41db93ac2617a9  fbf4df149ce255b0
    220        1.33333             12              1  cc41db93ac2617a9  ff54ad70de588f38
    221        9.99999             35              1  ed152b33fc389259  01a7067f1b3500d8
    222        2.66666              3              0  ed152b33fc389259  4370d64e54615112
    223        1.66667              4              0  ed152b33fc389259  456fdb34a0dbe78e
    224        1559.67            255              2  ed152b33fc389259  b776e294eb1ffe30
    225       0.666666              4              1  ed152b33fc389259  c6b2e7238fb805db
    226              2             21              0  ed152b33fc389259  e60461f7c8f47317
    227       0.333333              4              1  ed152b33fc389259  eb5ef30c64135cee
    228       0.999999             10              0  ed152b33fc389259  fd687b1f1c710186
    229       0.666666              5              0  f630d7a69dbe9f12  1b25ca22c345921e
    230        63.6666              4              0  f630d7a69dbe9f12  2a9d51250241ea0b
    231        92.9999              4              1  f630d7a69dbe9f12  559c30cf1dd4845d
    232       0.333333              2              1  f630d7a69dbe9f12  671dbae6bf6b8778
    233       0.333333              3              0  f630d7a69dbe9f12  73f20393c040797d
    234       0.999999              9              1  f630d7a69dbe9f12  83ada5c5909d3b25
    235        75.3333              4              0  f630d7a69dbe9f12  9386bb548bf90dd0
    236              3             13              1  f630d7a69dbe9f12  c81b8b4b4552c2c0
    237        1740.66            357              3  f630d7a69dbe9f12  c9644d1f981e22bb
    238        808.666            884             23  f630d7a69dbe9f12  e27b12ce557a3a70
