============================================================
ReuseSegment - Thread 0
head = 0, count = 114 | 0 8 
head = 8, count = 1 | 0 8 
head = 8, count = 27 | 8 1 
head = 0, count = 3 | 0 1 
head = 1, count = 27 | 1 4 
head = 0, count = 4 | 0 4 
head = 8, count = 3 | 8 4 
head = 8, count = 2 | 8 19 
head = 4, count = 17 | 4 19 
head = 0, count = 6 | 0 19 
head = 19, count = 24 | 19 2 
head = 4, count = 38 | 4 2 
head = 0, count = 3 | 0 2 
head = 8, count = 1 | 8 2 
head = 2, count = 70 | 2 9 
head = 0, count = 5 | 0 9 
head = 19, count = 4 | 19 2 9 
head = 9, count = 27 | 19 9 
head = 2, count = 5 | 19 2 
head = 0, count = 1 | 0 1 4 19 2 9 
head = 1, count = 1 | 1 19 
head = 9, count = 31 | 2 9 
head = 2, count = 27 | 2 21 
head = 9, count = 10 | 21 9 
head = 19, count = 18 | 19 21 
head = 8, count = 2 | 8 21 
head = 21, count = 43 | 2 21 
head = 19, count = 8 | 19 2 21 
head = 19, count = 2 | 19 9 
head = 9, count = 2 | 19 2 9 
head = 19, count = 2 | 19 18 
head = 9, count = 1 | 2 9 18 
head = 21, count = 16 | 21 18 
head = 2, count = 22 | 2 18 
head = 0, count = 2 | 0 18 
head = 9, count = 4 | 9 18 
head = 19, count = 1 | 19 2 18 
head = 18, count = 1 | 19 18 
head = 18, count = 36 | 2 18 
head = 18, count = 3 | 2 21 18 
head = 2, count = 3 | 4 19 2 
head = 19, count = 9 | 4 19 
head = 2, count = 21 | 4 2 
head = 19, count = 3 | 4 19 2 
head = 18, count = 4 | 4 18 
head = 4, count = 1 | 4 21 
head = 4, count = 6 | 4 2 21 
head = 4, count = 3 | 4 18 
head = 1, count = 1 | 1 18 
head = 4, count = 1 | 4 21 18 
head = 18, count = 1 | 21 18 
head = 4, count = 1 | 4 2 9 
head = 9, count = 1 | 4 9 
head = 9, count = 1 | 2 21 9 
head = 2, count = 1 | 1 2 
head = 4, count = 2 | 1 4 
head = 1, count = 1 | 1 17 
head = 2, count = 15 | 2 17 
head = 4, count = 8 | 4 17 
head = 21, count = 1 | 4 2 21 17 
head = 2, count = 1 | 4 2 21 17 
head = 4, count = 1 | 4 2 17 
head = 2, count = 2 | 4 2 17 
head = 0, count = 3 | 0 17 
head = 17, count = 25 | 17 6 
head = 6, count = 1 | 6 12 
head = 17, count = 4 | 17 12 
head = 2, count = 1 | 2 12 
head = 4, count = 1 | 4 12 
head = 6, count = 4 | 17 6 
head = 12, count = 1 | 17 6 12 
head = 12, count = 2 | 17 12 
head = 4, count = 1 | 4 6 
head = 0, count = 2 | 0 6 
head = 12, count = 1 | 6 12 
head = 17, count = 1 | 1 17 
head = 17, count = 3 | 17 15 
head = 12, count = 5 | 12 15 
head = 6, count = 2 | 6 15 
head = 1, count = 2 | 1 15 
head = 1, count = 1 | 1 12 15 
head = 15, count = 5 | 15 16 
head = 6, count = 17 | 6 16 
head = 4, count = 4 | 4 16 
head = 1, count = 1 | 1 4 19 2 12 15 16 
head = 16, count = 23 | 15 16 
head = 0, count = 1 | 0 15 
head = 15, count = 26 | 15 11 
head = 11, count = 1 | 16 11 
head = 16, count = 9 | 16 11 
head = 4, count = 7 | 4 11 
head = 18, count = 6 | 18 11 
head = 2, count = 24 | 2 11 
head = 0, count = 66 | 0 11 
head = 6, count = 3 | 6 11 
head = 2, count = 1 | 2 17 15 11 
head = 8, count = 14 | 8 11 
head = 0, count = 7 | 0 1 4 19 2 9 12 15 11 
head = 15, count = 1 | 15 16 11 
head = 8, count = 1 | 0 8 11 
head = 2, count = 1 | 2 18 11 
head = 17, count = 1 | 17 15 11 
head = 0, count = 1 | 0 8 1 4 19 2 21 9 18 17 6 16 11 
head = 9, count = 3 | 9 11 
head = 0, count = 2 | 0 8 2 17 11 
head = 0, count = 2 | 0 17 11 
head = 1, count = 1 | 1 11 
head = 4, count = 1 | 4 17 11 
head = 0, count = 1 | 0 9 11 
head = 8, count = 1 | 8 2 18 6 11 
head = 0, count = 1 | 0 1 4 19 9 11 
head = 11, count = 84 | 11 25 
head = 4, count = 1 | 4 19 2 21 9 18 17 6 16 11 25 
head = 1, count = 36 | 1 4 19 2 21 9 18 17 6 15 16 11 25 
head = 0, count = 22 | 0 8 1 4 19 2 21 9 18 17 6 15 16 11 25 
head = 0, count = 4 | 0 8 1 4 19 2 21 9 18 17 6 16 11 25 
head = 8, count = 2 | 8 1 4 19 2 21 9 18 17 6 16 11 25 
head = 0, count = 1 | 0 8 1 19 2 21 9 16 11 
head = 0, count = 1 | 0 8 19 2 9 18 17 6 11 25 
head = 0, count = 1 | 0 8 1 4 19 2 21 9 18 17 6 12 15 16 11 25 
head = 0, count = 5 | 0 8 4 19 2 21 18 17 6 15 11 25 
head = 0, count = 1 | 0 2 11 25 
head = 1, count = 1 | 1 4 19 2 21 9 18 15 16 11 25 
head = 0, count = 1 | 0 8 1 4 19 2 21 9 18 15 16 11 25 
head = 19, count = 3 | 19 21 15 11 25 
head = 0, count = 1 | 0 8 4 2 18 17 6 11 25 
head = 0, count = 1 | 0 4 11 25 
head = 9, count = 9 | 1 4 19 9 15 11 25 
head = 0, count = 1 | 0 8 1 4 19 2 9 12 15 11 25 
head = 0, count = 1 | 0 1 4 19 9 15 11 25 
head = 0, count = 2 | 0 1 4 19 2 9 12 15 11 25 
head = 17, count = 1 | 17 11 
head = 25, count = 20 | 11 25 
head = 4, count = 1 | 4 19 2 21 17 11 
head = 0, count = 1 | 0 8 1 4 11 
head = 0, count = 2 | 0 8 16 
head = 0, count = 1 | 0 16 
head = 1, count = 2 | 1 2 
head = 0, count = 2 | 0 8 1 19 9 11 
head = 2, count = 1 | 4 2 21 18 6 16 11 
head = 0, count = 1 | 0 8 1 4 19 2 21 9 16 11 
head = 0, count = 1 | 0 8 1 4 19 2 21 9 15 16 11 
head = 2, count = 1 | 4 19 2 21 15 11 
head = 0, count = 7 | 0 8 1 4 19 2 21 15 11 
head = 0, count = 16 | 0 8 11 
head = 0, count = 1 | 0 8 19 21 16 11 
head = 0, count = 2 | 0 19 11 
head = 0, count = 2 | 0 8 19 
head = 9, count = 2 | 1 4 19 9 15 
head = 19, count = 3 | 1 4 19 9 15 
head = 0, count = 3 | 0 8 6 11 
head = 8, count = 1 | 8 15 
head = 0, count = 2 | 0 8 19 2 15 11 
head = 0, count = 2 | 0 8 19 11 
head = 0, count = 18 | 0 8 4 19 2 21 18 17 6 15 11 
head = 0, count = 1 | 0 8 2 17 6 11 
head = 21, count = 1 | 21 11 
head = 0, count = 1 | 0 8 4 21 6 11 
head = 0, count = 2 | 0 4 21 11 
head = 4, count = 1 | 4 2 21 9 18 16 11 
head = 0, count = 2 | 0 8 19 2 18 17 6 15 11 
head = 0, count = 1 | 0 8 19 2 21 15 11 
head = 2, count = 50 | 2 18 11 25 
head = 11, count = 4 | 26 11 
head = 19, count = 1 | 19 2 18 12 15 16 
head = 4, count = 1 | 4 19 2 18 12 15 16 
head = 19, count = 1 | 4 19 2 21 18 12 15 16 11 25 
head = 19, count = 2 | 4 19 2 21 18 16 11 25 
head = 21, count = 1 | 2 21 12 
head = 2, count = 1 | 2 21 12 
head = 2, count = 1 | 2 21 17 12 15 11 25 
head = 2, count = 1 | 2 17 12 15 11 25 
head = 2, count = 1 | 4 2 21 17 15 11 
head = 21, count = 3 | 4 2 21 
head = 26, count = 3 | 26 11 
head = 0, count = 1 | 0 8 4 2 18 17 6 
head = 0, count = 2 | 0 8 17 11 
head = 0, count = 1 | 0 8 2 18 15 11 
head = 8, count = 1 | 8 2 18 11 25 
head = 0, count = 1 | 0 8 4 2 21 18 17 15 11 25 
head = 2, count = 1 | 2 17 15 
head = 2, count = 10 | 2 11 25 
head = 2, count = 1 | 2 17 11 25 
head = 4, count = 2 | 4 19 2 9 12 15 11 25 
head = 1, count = 2 | 1 4 19 2 9 12 15 11 25 
head = 1, count = 4 | 1 4 19 2 9 12 15 11 
head = 4, count = 17 | 4 19 2 9 12 15 11 
head = 8, count = 1 | 8 2 11 25 
head = 8, count = 1 | 8 17 
head = 2, count = 1 | 2 21 17 12 15 11 
head = 1, count = 1 | 1 2 21 9 6 11 25 
head = 0, count = 2 | 0 8 21 11 
head = 0, count = 1 | 0 8 18 11 
head = 16, count = 1 | 15 16 11 
head = 11, count = 4 | 15 11 
head = 1, count = 2 | 27 1 
head = 11, count = 1 | 26 27 11 
head = 15, count = 3 | 27 15 
head = 11, count = 120 | 27 11 
head = 0, count = 1 | 0 8 4 21 11 
head = 8, count = 1 | 8 21 11 
head = 21, count = 1 | 4 2 21 18 12 15 16 11 
head = 0, count = 1 | 0 8 1 4 
head = 0, count = 2 | 0 8 2 11 
head = 0, count = 1 | 0 8 4 11 
head = 6, count = 1 | 1 17 6 15 
head = 27, count = 1 | 27 1 
head = 17, count = 1 | 17 11 25 
head = 27, count = 18 | 27 24 
head = 4, count = 1 | 4 19 2 12 15 11 
head = 1, count = 1 | 1 4 19 2 12 15 11 
head = 11, count = 30 | 24 11 
head = 19, count = 1 | 4 19 15 11 25 
head = 15, count = 1 | 24 15 
head = 24, count = 14 | 24 10 
head = 27, count = 7 | 27 10 
head = 11, count = 45 | 10 11 
head = 25, count = 4 | 10 25 
head = 2, count = 1 | 2 25 
head = 11, count = 11 | 24 10 11 
head = 11, count = 9 | 10 15 11 
head = 11, count = 5 | 24 10 15 11 
head = 25, count = 1 | 27 24 10 15 11 25 
head = 10, count = 1597 | 10 14 
head = 11, count = 1 | 27 24 10 11 
head = 24, count = 54 | 24 14 
head = 11, count = 5 | 27 10 11 
head = 14, count = 2 | 24 14 
head = 24, count = 77 | 24 13 
head = 14, count = 8161 | 14 13 
head = 13, count = 4660 | 14 13 
head = 24, count = 8 | 24 23 
head = 5, count = 1 | 5 23 
head = 11, count = 1 | 27 24 11 
head = 25, count = 35 | 27 11 25 
head = 25, count = 1 | 27 24 11 25 
head = 0, count = 1 | 0 8 1 4 2 21 16 11 
head = 25, count = 1 | 27 25 
head = 4, count = 3 | 4 19 21 18 6 11 
head = 0, count = 1 | 0 8 4 19 2 21 18 15 11 
head = 0, count = 1 | 0 8 4 2 21 15 11 
head = 4, count = 1 | 4 21 15 11 
head = 23, count = 5 | 5 23 
head = 13, count = 451 | 5 13 
head = 24, count = 9 | 24 5 
head = 5, count = 1024 | 5 3 
head = 5, count = 79 | 5 20 
head = 3, count = 1024 | 5 3 
head = 5, count = 1048 | 5 7 
head = 23, count = 22 | 23 7 
head = 5, count = 1 | 5 3 7 
head = 23, count = 5 | 5 23 7 
head = 7, count = 1654 | 5 7 
head = 7, count = 406 | 5 3 7 
head = 20, count = 2 | 20 7 
head = 7, count = 1 | 20 7 
head = 20, count = 16 | 24 20 
head = 7, count = 3 | 24 7 
head = 5, count = 1 | 24 5 
head = 7, count = 3 | 24 5 7 
head = 20, count = 34 | 20 22 
head = 24, count = 29 | 24 22 
head = 0, count = 1 | 0 2 25 
head = 5, count = 63 | 5 22 
head = 7, count = 3 | 7 22 
head = 5, count = 3 | 24 5 7 22 
head = 23, count = 3 | 24 5 23 7 22 
head = 24, count = 4 | 24 5 23 7 22 
head = 5, count = 1 | 24 5 22 
head = 7, count = 10 | 5 7 22 
head = 23, count = 2 | 24 5 23 7 
head = 23, count = 2 | 24 23 7 
head = 24, count = 1 | 24 7 
head = 22, count = 6 | 24 22 
head = 22, count = 55 | 13 22 
head = 13, count = 1 | 24 13 
head = 13, count = 1068 | 13 22 
head = 13, count = 18 | 5 13 22 
head = 23, count = 2 | 5 23 7 22 
head = 22, count = 9 | 24 13 22 
head = 5, count = 1 | 5 13 22 
head = 24, count = 4 | 24 1 
head = 1, count = 3 | 26 1 
head = 26, count = 3 | 26 1 
head = 2, count = 1 | 2 17 12 11 
============================================================
BBLSwitchCount - Thread 0
from = 0 | 8:1 
from = 8 | 1:1 
from = 1 | 4:1 
from = 4 | 19:1 
from = 19 | 2:1 
from = 2 | 9:1 21:9 
from = 9 | 2:4 18:1 
from = 21 | 2:3 9:4 21:3 18:1 17:1 
from = 18 | 2:2 
from = 17 | 6:1 
from = 6 | 12:1 15:1 
from = 12 | 6:1 
from = 15 | 16:1 
from = 16 | 11:1 25:1 
from = 11 | 16:1 
from = 25 | 26:1 
from = 26 | 27:1 
from = 27 | 24:1 
from = 24 | 10:1 
from = 10 | 14:1 
from = 14 | 13:2 
from = 13 | 26:1 14:1 5:1 
from = 5 | 23:1 
from = 23 | 3:1 
from = 3 | 20:1024 
from = 20 | 3:617 7:406 22:1 
from = 7 | 3:406 
from = 22 | 13:1 
