============================================================
ReuseSegment - Thread 0
head = 0, count = 114 | 0 327 
head = 327, count = 1 | 0 327 
head = 327, count = 3 | 327 1 
head = 0, count = 62 | 0 1 
head = 1, count = 2 | 1 47 
head = 47, count = 1 | 1 47 
head = 1, count = 1 | 1 238 
head = 238, count = 1 | 238 237 
head = 237, count = 1 | 237 240 
head = 1, count = 4 | 1 240 
head = 47, count = 1 | 47 240 
head = 240, count = 2 | 240 246 
head = 1, count = 18 | 1 246 
head = 0, count = 2 | 0 246 
head = 240, count = 1 | 240 242 
head = 246, count = 1 | 246 242 
head = 246, count = 1 | 1 246 242 
head = 240, count = 1 | 1 240 
head = 246, count = 2 | 1 246 
head = 246, count = 1 | 246 92 
head = 1, count = 1 | 1 78 
head = 246, count = 4 | 246 76 
head = 240, count = 1 | 240 76 
head = 92, count = 1 | 92 76 
head = 76, count = 2 | 76 88 
head = 76, count = 1 | 76 79 
head = 88, count = 1 | 88 79 
head = 88, count = 1 | 1 88 
head = 246, count = 1 | 246 125 
head = 125, count = 1 | 125 141 
head = 246, count = 4 | 246 141 
head = 76, count = 1 | 76 141 
head = 79, count = 1 | 79 141 
head = 141, count = 1 | 141 128 
head = 141, count = 1 | 141 103 
head = 128, count = 2 | 128 103 
head = 1, count = 1 | 1 103 
head = 1, count = 1 | 1 47 103 
head = 76, count = 1 | 76 103 
head = 246, count = 1 | 246 103 
head = 103, count = 2 | 1 103 
head = 141, count = 5 | 1 141 
head = 103, count = 1 | 103 108 
head = 1, count = 2 | 1 108 
head = 76, count = 1 | 76 108 
head = 1, count = 2 | 1 321 
head = 246, count = 2 | 246 321 
head = 0, count = 2 | 0 321 
head = 321, count = 6 | 321 306 
head = 306, count = 4 | 306 311 
head = 321, count = 21 | 321 311 
head = 327, count = 1 | 327 311 
head = 246, count = 1 | 246 311 
head = 1, count = 29 | 1 311 
head = 0, count = 1 | 0 311 
head = 311, count = 65 | 1 311 
head = 306, count = 4 | 1 306 
head = 108, count = 1 | 1 108 311 
head = 1, count = 6 | 1 290 
head = 311, count = 11 | 1 311 290 
head = 290, count = 6 | 290 299 
head = 1, count = 14 | 1 299 
head = 299, count = 17 | 299 289 
head = 289, count = 8 | 1 289 
head = 1, count = 5 | 1 152 
head = 152, count = 4 | 152 146 
head = 146, count = 5 | 146 144 
head = 1, count = 19 | 1 144 
head = 311, count = 24 | 311 144 
head = 321, count = 1 | 321 144 
head = 327, count = 1 | 327 144 
head = 289, count = 4 | 289 144 
head = 144, count = 1 | 144 143 
head = 143, count = 1 | 143 155 
head = 155, count = 5 | 155 149 
head = 1, count = 4 | 1 143 149 
head = 290, count = 4 | 290 289 155 149 
head = 103, count = 1 | 152 103 289 147 
head = 1, count = 1 | 1 131 
head = 144, count = 20 | 144 131 
head = 144, count = 1 | 1 144 147 131 
head = 311, count = 1 | 311 131 
head = 0, count = 6 | 0 131 
head = 311, count = 1 | 1 311 299 131 
head = 108, count = 1 | 108 311 131 
head = 0, count = 1 | 0 1 240 76 141 144 131 
head = 246, count = 2 | 246 109 
head = 131, count = 1 | 131 109 
head = 109, count = 1 | 1 109 
head = 131, count = 5 | 1 131 
head = 109, count = 1 | 109 100 
head = 108, count = 1 | 108 311 112 100 
head = 1, count = 2 | 1 100 
head = 299, count = 1 | 299 100 
head = 108, count = 1 | 108 306 311 137 100 
head = 149, count = 4 | 1 149 
head = 149, count = 3 | 1 321 149 320 
head = 131, count = 1 | 321 131 
head = 321, count = 12 | 321 317 
head = 317, count = 7 | 317 354 
head = 1, count = 11 | 1 354 
head = 354, count = 9 | 317 354 
head = 131, count = 17 | 131 317 
head = 144, count = 6 | 144 317 
head = 311, count = 1 | 311 317 
head = 321, count = 1 | 321 306 317 
head = 354, count = 7 | 317 354 353 
head = 327, count = 1 | 327 317 
head = 317, count = 19 | 1 317 
head = 1, count = 7 | 1 309 
head = 1, count = 4 | 1 309 318 
head = 309, count = 4 | 309 287 
head = 318, count = 7 | 318 287 
head = 287, count = 4 | 287 285 291 
head = 109, count = 1 | 321 109 317 354 355 304 291 
head = 291, count = 7 | 291 305 
head = 291, count = 4 | 291 305 297 
head = 287, count = 4 | 287 291 297 
head = 297, count = 4 | 306 297 
head = 317, count = 5 | 306 317 
head = 131, count = 3 | 311 131 
head = 317, count = 9 | 311 317 
head = 311, count = 5 | 311 299 
head = 297, count = 3 | 311 297 307 
head = 144, count = 5 | 1 144 
head = 155, count = 2 | 1 155 
head = 149, count = 1 | 149 150 
head = 150, count = 13 | 150 148 
head = 148, count = 15 | 148 145 
head = 149, count = 1 | 149 150 145 
head = 299, count = 1 | 299 148 145 
head = 144, count = 5 | 1 144 154 
head = 144, count = 5 | 144 154 
head = 145, count = 4 | 145 154 
head = 1, count = 3 | 1 154 
head = 1, count = 3 | 1 144 154 
head = 147, count = 2 | 152 289 147 
head = 1, count = 1 | 1 139 
head = 311, count = 1 | 1 311 299 139 
head = 100, count = 1 | 311 100 139 
head = 154, count = 2 | 154 139 
head = 76, count = 1 | 76 104 
head = 100, count = 1 | 311 100 142 104 
head = 139, count = 1 | 139 104 
head = 104, count = 1 | 1 104 
head = 139, count = 4 | 1 139 
head = 154, count = 3 | 1 154 
head = 104, count = 1 | 104 140 
head = 1, count = 2 | 1 140 
head = 145, count = 1 | 145 140 
head = 246, count = 1 | 246 140 
head = 154, count = 2 | 1 321 147 154 
head = 306, count = 10 | 306 284 
head = 284, count = 3 | 354 284 
head = 354, count = 11 | 354 284 
head = 154, count = 1 | 154 284 
head = 354, count = 7 | 354 353 284 
head = 284, count = 25 | 1 284 
head = 1, count = 7 | 1 288 
head = 1, count = 2 | 1 288 294 
head = 288, count = 2 | 288 313 
head = 294, count = 7 | 294 313 
head = 313, count = 2 | 313 319 316 
head = 140, count = 1 | 306 354 355 140 284 300 316 
head = 316, count = 7 | 316 308 
head = 316, count = 2 | 316 308 296 
head = 313, count = 2 | 313 316 296 
head = 296, count = 2 | 311 296 
head = 144, count = 8 | 311 144 
head = 284, count = 2 | 311 284 
head = 296, count = 7 | 311 296 286 
head = 144, count = 2 | 144 150 
head = 149, count = 2 | 149 148 
head = 145, count = 10 | 150 148 145 
head = 148, count = 1 | 150 148 
head = 1, count = 1 | 1 117 
head = 311, count = 1 | 1 311 299 117 
head = 140, count = 1 | 311 140 117 
head = 154, count = 2 | 154 117 
head = 308, count = 1 | 311 308 126 119 
head = 117, count = 1 | 117 119 
head = 119, count = 1 | 1 119 
head = 117, count = 4 | 1 117 
head = 1, count = 2 | 1 113 
head = 140, count = 1 | 311 140 138 113 
head = 140, count = 1 | 311 140 113 
head = 104, count = 1 | 321 311 104 130 113 
head = 113, count = 2 | 1 113 
head = 154, count = 2 | 317 154 
head = 119, count = 1 | 321 317 354 355 304 291 119 
head = 1, count = 1 | 1 292 
head = 292, count = 5 | 292 310 
head = 310, count = 6 | 310 302 
head = 289, count = 2 | 289 292 302 
head = 290, count = 2 | 290 289 310 302 
head = 147, count = 2 | 289 147 302 
head = 1, count = 1 | 1 311 111 134 
head = 311, count = 1 | 1 311 299 134 
head = 113, count = 1 | 311 113 134 
head = 1, count = 2 | 1 134 
head = 103, count = 1 | 103 101 
head = 246, count = 1 | 246 101 
head = 134, count = 1 | 134 101 
head = 101, count = 1 | 1 101 
head = 134, count = 4 | 1 134 
head = 101, count = 2 | 101 106 
head = 113, count = 1 | 311 113 106 
head = 1, count = 2 | 1 106 
head = 305, count = 1 | 311 305 120 106 
head = 302, count = 4 | 1 302 
head = 302, count = 1 | 321 302 
head = 1, count = 1 | 1 317 
head = 106, count = 1 | 321 317 354 355 304 291 106 
head = 145, count = 8 | 150 145 
head = 145, count = 1 | 148 145 
head = 302, count = 1 | 148 145 302 
head = 0, count = 2 | 0 154 
head = 302, count = 2 | 152 289 147 302 
head = 1, count = 2 | 1 132 
head = 311, count = 1 | 1 311 299 132 
head = 106, count = 1 | 311 106 132 
head = 154, count = 1 | 154 132 
head = 106, count = 1 | 311 106 122 124 
head = 100, count = 1 | 100 124 
head = 132, count = 1 | 132 124 
head = 124, count = 1 | 1 124 
head = 132, count = 4 | 1 132 
head = 124, count = 2 | 124 116 
head = 106, count = 1 | 311 106 116 
head = 1, count = 2 | 1 116 
head = 1, count = 13 | 1 326 
head = 149, count = 1 | 1 149 320 326 
head = 154, count = 1 | 1 147 154 326 
head = 317, count = 16 | 317 326 
head = 311, count = 17 | 311 326 
head = 0, count = 3 | 0 326 
head = 144, count = 3 | 144 326 
head = 103, count = 1 | 103 321 311 114 326 
head = 326, count = 4 | 326 325 
head = 325, count = 2 | 325 322 
head = 326, count = 3 | 1 326 322 
head = 325, count = 2 | 321 325 
head = 326, count = 2 | 321 326 
head = 116, count = 1 | 321 317 354 355 304 291 116 
head = 297, count = 4 | 354 297 307 
head = 317, count = 1 | 317 284 
head = 322, count = 2 | 306 354 355 284 300 316 322 
head = 326, count = 43 | 311 326 
head = 149, count = 1 | 149 292 
head = 147, count = 1 | 289 147 302 116 
head = 1, count = 3 | 1 102 
head = 311, count = 1 | 1 311 299 102 
head = 116, count = 1 | 311 116 102 
head = 1, count = 1 | 1 80 
head = 308, count = 1 | 311 308 133 80 
head = 141, count = 1 | 141 128 80 
head = 102, count = 2 | 102 80 
head = 105, count = 1 | 105 87 
head = 103, count = 1 | 103 87 
head = 80, count = 5 | 1 80 
head = 305, count = 1 | 1 311 305 127 
head = 311, count = 1 | 1 311 299 
head = 102, count = 3 | 1 102 
head = 116, count = 1 | 1 311 116 136 
head = 305, count = 1 | 1 311 305 129 
head = 305, count = 1 | 1 311 305 107 
head = 326, count = 5 | 1 326 
head = 100, count = 1 | 1 306 311 100 110 
head = 103, count = 1 | 1 103 87 
head = 240, count = 1 | 240 98 
head = 1, count = 1 | 1 98 
head = 246, count = 1 | 246 98 
head = 78, count = 1 | 1 78 76 79 98 
head = 98, count = 1 | 98 82 
head = 79, count = 1 | 79 105 81 82 
head = 1, count = 2 | 1 82 
head = 116, count = 1 | 311 116 82 
head = 240, count = 1 | 240 82 
head = 106, count = 1 | 321 306 311 106 123 
head = 113, count = 1 | 306 311 354 113 115 
head = 288, count = 5 | 288 294 
head = 1, count = 4 | 1 294 313 
head = 1, count = 5 | 1 316 
head = 82, count = 1 | 306 354 355 284 300 316 82 
head = 313, count = 5 | 313 319 316 308 296 
head = 316, count = 5 | 311 316 
head = 313, count = 4 | 311 313 
head = 290, count = 5 | 290 289 
head = 289, count = 4 | 289 292 310 302 
head = 302, count = 3 | 289 302 
head = 1, count = 3 | 1 89 
head = 311, count = 1 | 311 299 89 
head = 82, count = 1 | 311 82 89 
head = 98, count = 1 | 311 99 98 69 
head = 82, count = 1 | 311 82 84 69 
head = 98, count = 1 | 1 98 82 69 
head = 89, count = 4 | 1 89 
head = 69, count = 1 | 69 64 
head = 1, count = 1 | 1 64 
head = 100, count = 1 | 311 100 64 
head = 89, count = 1 | 326 89 
head = 299, count = 2 | 299 326 
head = 98, count = 1 | 321 311 326 98 
head = 311, count = 3 | 1 311 299 289 
head = 326, count = 1 | 354 326 
head = 1, count = 2 | 1 354 326 
head = 309, count = 3 | 309 318 
head = 1, count = 2 | 1 318 287 
head = 1, count = 3 | 1 291 
head = 69, count = 1 | 321 317 354 355 304 291 69 
head = 287, count = 3 | 287 285 291 305 297 
head = 291, count = 3 | 306 291 
head = 287, count = 2 | 354 287 
head = 302, count = 1 | 292 302 
head = 1, count = 3 | 1 85 
head = 311, count = 1 | 311 299 85 
head = 64, count = 1 | 311 64 85 
head = 1, count = 1 | 1 73 
head = 308, count = 1 | 311 308 75 73 
head = 69, count = 1 | 1 69 64 73 
head = 85, count = 4 | 1 85 
head = 73, count = 1 | 1 73 95 
head = 64, count = 1 | 311 64 83 95 
head = 1, count = 1 | 1 95 
head = 64, count = 1 | 311 64 95 
head = 73, count = 1 | 73 95 
head = 299, count = 1 | 321 299 
head = 302, count = 1 | 354 302 
head = 73, count = 1 | 321 317 354 355 291 73 
head = 95, count = 1 | 306 354 355 304 305 284 300 316 95 
head = 85, count = 1 | 311 85 
head = 299, count = 2 | 1 299 
head = 1, count = 1 | 1 146 
head = 289, count = 1 | 289 143 155 149 
head = 302, count = 2 | 150 148 145 302 
head = 1, count = 2 | 1 94 
head = 311, count = 1 | 311 299 94 
head = 95, count = 1 | 311 95 94 
head = 154, count = 1 | 154 94 
head = 305, count = 1 | 311 305 68 
head = 305, count = 1 | 311 305 77 68 
head = 95, count = 1 | 311 95 86 68 
head = 94, count = 4 | 1 94 
head = 68, count = 1 | 1 68 65 
head = 1, count = 1 | 1 65 
head = 82, count = 1 | 311 82 65 
head = 82, count = 1 | 82 65 
head = 308, count = 1 | 311 308 93 97 65 
head = 152, count = 1 | 1 152 321 147 
head = 154, count = 1 | 354 154 
head = 149, count = 1 | 149 320 354 
head = 65, count = 1 | 306 354 355 284 316 65 
head = 154, count = 1 | 311 154 
head = 94, count = 1 | 311 94 
head = 148, count = 1 | 148 292 
head = 1, count = 3 | 1 66 
head = 311, count = 1 | 311 299 66 
head = 65, count = 1 | 311 65 66 
head = 1, count = 1 | 1 92 234 232 
head = 308, count = 1 | 1 311 308 96 232 
head = 242, count = 1 | 242 88 232 
head = 66, count = 2 | 66 232 
head = 87, count = 1 | 87 245 
head = 87, count = 1 | 87 64 245 
head = 232, count = 2 | 1 232 
head = 1, count = 1 | 1 245 
head = 242, count = 1 | 242 92 239 
head = 1, count = 1 | 1 239 
head = 68, count = 1 | 1 311 68 67 
head = 232, count = 1 | 326 232 
head = 308, count = 1 | 311 308 326 
head = 65, count = 1 | 311 355 300 308 326 65 71 
head = 66, count = 2 | 326 66 
head = 311, count = 1 | 311 299 289 326 
head = 302, count = 1 | 302 326 
head = 65, count = 1 | 311 326 65 90 
head = 95, count = 1 | 326 95 
head = 239, count = 1 | 326 239 
head = 326, count = 1 | 326 324 
head = 324, count = 1 | 322 324 
head = 68, count = 1 | 1 321 311 68 
head = 326, count = 1 | 321 326 324 
head = 322, count = 1 | 321 317 354 355 291 322 
head = 305, count = 1 | 306 354 355 305 284 300 316 
head = 1, count = 1 | 1 238 41 16 
head = 308, count = 1 | 1 311 308 243 16 
head = 47, count = 1 | 47 246 16 
head = 232, count = 1 | 232 16 
head = 232, count = 1 | 1 232 16 
head = 16, count = 2 | 1 16 
head = 1, count = 6 | 1 266 
head = 16, count = 1 | 16 266 
head = 311, count = 14 | 311 266 
head = 302, count = 1 | 302 266 
head = 326, count = 1 | 326 266 
head = 299, count = 1 | 299 266 
head = 317, count = 1 | 1 321 306 317 284 266 
head = 239, count = 1 | 311 355 304 305 239 231 233 266 
head = 311, count = 1 | 1 311 299 266 
head = 0, count = 2 | 0 266 
head = 266, count = 6 | 268 266 
head = 268, count = 2 | 268 249 
head = 249, count = 1 | 249 230 
head = 266, count = 3 | 230 266 
head = 266, count = 1 | 257 266 
head = 257, count = 1 | 257 253 
head = 230, count = 1 | 230 253 
head = 253, count = 1 | 230 253 
head = 311, count = 1 | 311 299 289 230 
head = 1, count = 1 | 1 230 
head = 289, count = 1 | 289 230 
head = 230, count = 1 | 230 251 
head = 253, count = 1 | 230 253 251 
head = 251, count = 1 | 251 261 
head = 230, count = 1 | 230 261 
head = 251, count = 1 | 251 260 
head = 261, count = 1 | 261 260 
head = 302, count = 1 | 302 259 258 
head = 261, count = 1 | 261 260 262 
head = 260, count = 1 | 260 258 254 
head = 230, count = 1 | 268 249 230 
head = 254, count = 1 | 268 230 254 
head = 262, count = 1 | 268 262 254 
head = 249, count = 1 | 249 228 
head = 268, count = 2 | 268 228 
head = 266, count = 20 | 266 228 
head = 311, count = 1 | 311 228 
head = 317, count = 1 | 311 317 284 228 
head = 245, count = 1 | 245 239 228 
head = 228, count = 1 | 268 249 228 
head = 228, count = 2 | 268 228 
head = 268, count = 2 | 268 267 
head = 245, count = 1 | 268 245 266 28 
head = 267, count = 2 | 1 267 
head = 268, count = 2 | 268 183 
head = 230, count = 1 | 230 183 
head = 183, count = 1 | 183 168 
head = 168, count = 1 | 1 168 
head = 230, count = 3 | 1 230 
head = 228, count = 2 | 1 228 
head = 260, count = 1 | 1 260 
head = 1, count = 1 | 1 177 
head = 183, count = 1 | 183 177 
head = 177, count = 1 | 177 184 
head = 184, count = 2 | 184 188 
head = 1, count = 1 | 1 188 
head = 188, count = 2 | 188 202 
head = 184, count = 1 | 184 202 
head = 16, count = 1 | 16 202 
head = 16, count = 1 | 1 230 16 202 
head = 183, count = 1 | 183 203 
head = 202, count = 1 | 202 187 
head = 187, count = 1 | 1 187 
head = 202, count = 4 | 1 202 
head = 203, count = 1 | 203 198 
head = 1, count = 1 | 1 198 
head = 1, count = 1 | 1 198 196 
head = 1, count = 1 | 1 196 
head = 188, count = 1 | 188 196 
head = 198, count = 1 | 198 169 
head = 196, count = 2 | 196 169 
head = 169, count = 1 | 169 181 
head = 181, count = 1 | 1 181 
head = 169, count = 1 | 1 169 
head = 1, count = 1 | 1 176 
head = 177, count = 1 | 177 176 
head = 176, count = 1 | 176 190 
head = 1, count = 1 | 1 190 
head = 190, count = 2 | 190 207 
head = 207, count = 1 | 207 174 
head = 1, count = 3 | 1 174 
head = 196, count = 1 | 196 190 174 
head = 174, count = 4 | 1 174 
head = 1, count = 6 | 1 7 
head = 228, count = 17 | 228 7 
head = 326, count = 1 | 326 7 
head = 0, count = 3 | 0 7 
head = 1, count = 1 | 1 7 6 5 
head = 7, count = 3 | 7 2 
head = 2, count = 3 | 2 3 
head = 5, count = 3 | 5 3 
head = 3, count = 3 | 3 4 
head = 4, count = 1 | 1 4 197 
head = 3, count = 1 | 1 3 4 197 
head = 7, count = 20 | 7 197 
head = 228, count = 1 | 228 197 
head = 0, count = 1 | 0 197 
head = 197, count = 5 | 1 197 
head = 169, count = 1 | 169 5 
head = 1, count = 1 | 1 7 6 5 179 
head = 3, count = 1 | 1 3 4 179 
head = 179, count = 1 | 1 179 204 
head = 179, count = 1 | 1 179 
head = 197, count = 1 | 197 346 
head = 197, count = 1 | 7 197 
head = 1, count = 1 | 1 5 
head = 3, count = 1 | 3 4 346 
head = 346, count = 2 | 346 336 
head = 7, count = 5 | 7 336 
head = 197, count = 16 | 197 336 
head = 326, count = 4 | 326 336 
head = 311, count = 8 | 311 336 
head = 1, count = 2 | 1 240 76 141 230 336 
head = 228, count = 1 | 228 336 
head = 1, count = 4 | 1 336 
head = 4, count = 1 | 4 346 336 
head = 0, count = 13 | 0 336 
head = 321, count = 1 | 321 306 267 188 197 179 346 336 
head = 327, count = 9 | 327 336 
head = 0, count = 6 | 0 1 240 76 141 230 144 336 
head = 207, count = 1 | 207 7 3 336 
head = 327, count = 1 | 0 327 336 
head = 311, count = 1 | 311 326 336 
head = 266, count = 1 | 268 266 267 188 197 179 346 336 
head = 336, count = 24 | 336 338 
head = 0, count = 1 | 0 327 1 246 321 311 144 131 317 326 266 228 7 336 338 
head = 327, count = 1 | 327 338 
head = 338, count = 25 | 1 338 
head = 336, count = 16 | 1 336 
head = 327, count = 2 | 327 1 336 
head = 0, count = 1 | 0 1 240 76 141 230 144 131 154 139 117 134 132 102 80 89 85 94 66 232 16 202 174 336 
head = 1, count = 1 | 1 335 
head = 1, count = 1 | 1 329 335 333 
head = 335, count = 1 | 335 333 
head = 333, count = 2 | 333 334 
head = 7, count = 1 | 1 7 
head = 0, count = 4 | 0 1 336 
head = 0, count = 1 | 0 327 1 311 268 266 336 
head = 0, count = 2 | 0 1 266 
head = 95, count = 1 | 1 311 95 
head = 0, count = 2 | 0 1 144 336 
head = 327, count = 1 | 327 1 311 326 228 
head = 0, count = 1 | 0 1 240 76 141 144 
head = 1, count = 2 | 1 161 
head = 161, count = 2 | 161 160 
head = 1, count = 74 | 1 160 
head = 228, count = 1 | 228 160 
head = 1, count = 2 | 1 157 
head = 246, count = 1 | 1 246 321 311 144 131 317 326 266 228 7 336 338 160 
head = 1, count = 36 | 1 246 321 311 144 131 317 326 266 228 7 197 336 338 160 
head = 0, count = 22 | 0 327 1 246 321 311 144 131 317 326 266 228 7 197 336 338 160 
head = 0, count = 4 | 0 327 1 246 321 311 144 131 317 326 266 228 7 336 338 160 
head = 327, count = 2 | 327 1 246 321 311 144 131 317 326 266 228 7 336 338 160 
head = 0, count = 1 | 0 327 1 321 144 131 317 266 7 336 338 
head = 0, count = 1 | 0 327 1 311 144 131 326 266 228 336 160 
head = 0, count = 1 | 0 327 1 240 246 76 141 321 311 230 144 131 317 154 139 117 134 132 326 102 80 89 85 94 66 232 16 266 228 202 174 7 197 336 338 160 
head = 0, count = 1 | 0 327 1 311 266 
head = 0, count = 5 | 0 327 1 246 321 311 131 317 326 266 228 197 336 338 160 
head = 0, count = 1 | 0 1 311 160 
head = 1, count = 1 | 1 246 321 311 131 317 326 7 197 336 338 160 
head = 0, count = 1 | 0 327 1 246 321 311 131 317 326 7 197 336 338 160 
head = 0, count = 1 | 0 1 246 160 
head = 334, count = 1 | 1 334 
head = 154, count = 9 | 1 154 139 117 134 132 102 80 89 85 94 66 232 16 202 174 160 
head = 0, count = 1 | 0 327 1 240 76 141 230 144 131 154 139 117 134 132 102 80 89 85 94 66 232 16 202 174 336 160 
head = 0, count = 1 | 0 1 131 154 139 117 134 132 102 80 89 85 94 66 232 16 202 174 160 
head = 0, count = 2 | 0 1 240 76 141 230 144 131 154 139 117 134 132 102 80 89 85 94 66 232 16 202 174 336 160 
head = 334, count = 1 | 349 1 334 161 157 
head = 268, count = 1 | 268 336 
head = 0, count = 1 | 0 266 338 
head = 158, count = 7 | 158 1 
head = 0, count = 10 | 0 327 1 
head = 0, count = 2 | 0 327 7 
head = 0, count = 2 | 0 327 1 144 131 336 
head = 321, count = 1 | 1 321 311 317 326 228 7 336 
head = 0, count = 1 | 0 327 1 321 144 131 317 7 336 338 
head = 0, count = 1 | 0 327 1 321 144 131 317 7 197 336 338 
head = 321, count = 1 | 1 321 131 317 197 336 338 
head = 0, count = 7 | 0 327 1 321 131 317 197 336 338 
head = 0, count = 8 | 0 327 336 
head = 321, count = 1 | 321 131 
head = 0, count = 1 | 0 327 1 131 317 7 336 338 
head = 0, count = 1 | 0 1 131 
head = 0, count = 2 | 0 327 131 
head = 154, count = 3 | 154 139 117 134 132 102 80 89 85 94 66 232 16 202 174 
head = 131, count = 1 | 131 154 139 117 134 132 102 80 89 85 94 66 232 16 202 174 
head = 0, count = 3 | 0 327 1 228 
head = 327, count = 1 | 327 197 
head = 0, count = 2 | 0 327 1 321 131 197 336 
head = 0, count = 1 | 0 327 1 131 336 
head = 0, count = 18 | 0 327 1 246 321 311 131 317 326 266 228 197 336 338 
head = 0, count = 1 | 0 327 1 321 311 266 228 
head = 0, count = 1 | 0 327 1 246 317 228 336 
head = 0, count = 2 | 0 1 246 317 
head = 0, count = 1 | 0 327 1 321 311 131 326 266 228 197 336 338 
head = 131, count = 3 | 1 131 326 197 336 160 
head = 0, count = 1 | 0 327 1 321 311 131 326 266 228 197 336 
head = 0, count = 1 | 0 327 1 321 131 317 197 336 
head = 336, count = 1 | 1 336 160 
head = 311, count = 45 | 1 311 326 160 
head = 1, count = 3 | 331 1 
head = 331, count = 2 | 331 1 
head = 331, count = 1 | 331 58 
head = 1, count = 2 | 55 1 
head = 55, count = 2 | 55 57 
head = 88, count = 1 | 88 128 299 291 316 325 261 184 196 190 3 
head = 246, count = 1 | 246 88 128 299 291 316 325 261 184 196 190 3 
head = 88, count = 1 | 1 88 128 311 299 317 291 284 316 325 261 184 196 190 3 160 
head = 88, count = 2 | 1 88 128 311 317 291 284 316 325 3 160 
head = 58, count = 2 | 58 57 
head = 57, count = 4 | 57 54 
head = 354, count = 1 | 311 354 253 
head = 311, count = 1 | 311 354 253 
head = 306, count = 1 | 1 321 306 311 354 266 253 267 188 197 179 346 160 
head = 311, count = 1 | 1 311 354 266 253 
head = 54, count = 4 | 1 54 
head = 306, count = 1 | 1 321 306 317 284 267 188 197 179 346 
head = 317, count = 3 | 1 317 284 
head = 1, count = 33 | 341 1 
head = 327, count = 1 | 327 246 311 326 266 228 
head = 0, count = 2 | 0 327 1 266 
head = 0, count = 1 | 0 327 1 321 311 326 197 338 
head = 0, count = 1 | 0 327 246 311 326 266 228 
head = 158, count = 1 | 158 331 341 1 
head = 0, count = 1 | 0 268 266 
head = 327, count = 1 | 327 1 311 326 160 
head = 0, count = 1 | 0 327 1 246 321 311 268 317 326 266 197 160 
head = 306, count = 1 | 321 306 267 188 
head = 158, count = 10 | 158 341 
head = 311, count = 9 | 1 311 160 
head = 311, count = 1 | 1 311 268 266 336 160 
head = 240, count = 2 | 1 240 76 141 230 144 336 160 
head = 1, count = 2 | 1 240 76 141 230 144 336 160 
head = 1, count = 4 | 1 240 76 141 230 144 336 
head = 240, count = 16 | 1 240 76 141 230 144 336 
head = 327, count = 1 | 327 1 311 160 
head = 327, count = 1 | 327 268 266 
head = 47, count = 1 | 47 238 
head = 28, count = 1 | 28 183 203 
head = 330, count = 1 | 330 337 
head = 341, count = 22 | 341 343 
head = 0, count = 1 | 0 327 1 311 144 317 228 336 160 
head = 0, count = 1 | 0 327 317 336 
head = 1, count = 3 | 340 1 
head = 343, count = 22 | 343 340 
head = 246, count = 1 | 246 321 311 131 317 
head = 341, count = 2 | 341 340 
head = 0, count = 1 | 0 327 1 326 336 
head = 0, count = 1 | 0 321 317 
head = 0, count = 2 | 0 327 1 336 
head = 1, count = 1 | 1 7 6 5 336 
head = 1, count = 1 | 193 173 1 
head = 131, count = 1 | 144 131 154 139 117 134 132 102 80 89 85 94 66 232 16 202 174 
head = 1, count = 2 | 173 1 
head = 198, count = 1 | 198 169 207 
head = 4, count = 1 | 4 179 
head = 228, count = 1 | 228 28 
head = 50, count = 1 | 50 49 
head = 49, count = 233 | 37 49 
head = 37, count = 233 | 37 49 
head = 49, count = 1 | 49 27 
head = 1, count = 2 | 165 1 
head = 331, count = 1 | 331 58 339 348 337 165 
head = 340, count = 14 | 340 165 
head = 1, count = 1 | 341 339 165 1 
head = 1, count = 2 | 340 165 1 
head = 341, count = 6 | 341 165 
head = 321, count = 1 | 1 321 317 338 
head = 1, count = 3 | 1 321 317 338 
head = 178, count = 1 | 185 178 165 
head = 0, count = 1 | 0 327 1 246 317 
head = 327, count = 1 | 327 317 336 
head = 173, count = 2 | 173 165 
head = 179, count = 2 | 179 346 
head = 197, count = 1 | 197 179 346 
head = 317, count = 1 | 1 299 317 291 284 316 325 261 184 196 190 3 
head = 165, count = 10 | 165 162 
head = 95, count = 1 | 95 65 
head = 162, count = 11 | 162 164 
head = 165, count = 17 | 165 164 
head = 164, count = 11 | 164 167 
head = 165, count = 20 | 165 167 
head = 341, count = 1 | 341 343 340 165 167 
head = 0, count = 1 | 0 327 1 321 311 336 
head = 321, count = 2 | 1 321 311 
head = 0, count = 1 | 0 327 1 317 
head = 341, count = 3 | 341 165 162 164 167 
head = 167, count = 11 | 167 1 
head = 1, count = 1 | 62 1 
head = 62, count = 1 | 62 60 
head = 49, count = 1 | 49 21 9 422 421 
head = 49, count = 28 | 49 421 
head = 421, count = 1 | 421 420 
head = 420, count = 1 | 420 419 
head = 49, count = 21 | 49 419 
head = 49, count = 28 | 49 421 419 
head = 27, count = 1 | 27 62 417 421 420 419 
head = 419, count = 1 | 419 416 
head = 416, count = 1 | 416 418 
head = 60, count = 1 | 60 59 1 
head = 1, count = 3 | 212 1 
head = 167, count = 7 | 167 212 
head = 240, count = 1 | 1 240 76 141 230 336 
head = 164, count = 1 | 164 212 
head = 341, count = 8 | 341 212 
head = 212, count = 7 | 212 1 
head = 165, count = 1 | 165 1 
head = 340, count = 1 | 340 1 
head = 173, count = 1 | 173 1 
head = 167, count = 1 | 167 216 
head = 216, count = 1 | 216 225 
head = 1, count = 21 | 225 1 
head = 167, count = 6 | 167 225 
head = 340, count = 12 | 340 225 
head = 341, count = 37 | 341 225 
head = 0, count = 1 | 0 327 1 336 160 
head = 0, count = 1 | 0 327 1 160 
head = 311, count = 5 | 1 311 326 336 160 
head = 158, count = 7 | 158 225 
head = 306, count = 1 | 1 321 306 311 266 253 267 188 197 179 346 160 
head = 311, count = 1 | 311 160 
head = 212, count = 1 | 212 220 1 
head = 223, count = 1 | 223 215 
head = 331, count = 1 | 331 341 167 
head = 167, count = 1 | 167 212 225 
head = 1, count = 2 | 343 173 225 1 
head = 1, count = 1 | 341 343 173 212 225 1 
head = 1, count = 1 | 343 173 212 225 1 
head = 1, count = 3 | 341 173 212 225 1 
head = 1, count = 7 | 173 225 1 
head = 158, count = 1 | 158 331 341 343 340 173 165 162 164 167 212 225 1 
head = 215, count = 1 | 215 208 1 
head = 212, count = 1 | 212 216 
head = 337, count = 1 | 337 27 165 164 26 212 
head = 1, count = 1 | 341 343 340 165 167 212 225 1 
head = 212, count = 2 | 212 225 1 
head = 341, count = 2 | 341 212 225 1 
head = 1, count = 1 | 341 343 212 1 
head = 343, count = 1 | 343 212 225 
head = 158, count = 1 | 158 341 343 340 165 167 212 225 1 
head = 343, count = 1 | 343 212 
head = 208, count = 1 | 208 211 
head = 1, count = 30 | 211 1 
head = 224, count = 1 | 224 211 
head = 164, count = 1 | 164 212 216 
head = 211, count = 1 | 211 412 
head = 412, count = 2 | 211 412 
head = 211, count = 1 | 211 393 
head = 393, count = 446 | 211 393 
head = 211, count = 458 | 211 388 
head = 211, count = 1 | 211 393 388 
head = 1, count = 36 | 341 343 340 165 167 225 1 
head = 158, count = 27 | 158 341 343 340 165 167 225 1 
head = 340, count = 1 | 340 165 167 225 
head = 158, count = 1 | 158 341 343 340 167 225 1 
head = 158, count = 5 | 158 341 165 167 225 1 
head = 1, count = 2 | 341 340 165 167 225 1 
head = 321, count = 1 | 1 321 317 7 336 
head = 321, count = 2 | 321 317 7 336 
head = 158, count = 1 | 158 165 225 
head = 341, count = 5 | 341 165 162 164 225 
head = 165, count = 3 | 165 167 225 
head = 388, count = 446 | 388 364 
head = 388, count = 892 | 211 388 395 
head = 364, count = 644827 | 211 364 
head = 388, count = 612 | 211 388 
head = 211, count = 30 | 211 281 
head = 165, count = 16 | 165 162 164 
head = 388, count = 13 | 388 281 
head = 1, count = 1 | 281 1 
head = 281, count = 8 | 281 279 
head = 388, count = 20 | 388 279 
head = 246, count = 3 | 1 246 131 317 326 228 
head = 341, count = 13 | 341 165 167 
head = 1, count = 8 | 341 165 167 1 
head = 0, count = 1 | 0 327 1 246 311 131 317 326 197 336 338 
head = 0, count = 1 | 0 327 1 131 
head = 0, count = 1 | 0 327 1 246 321 311 317 197 
head = 246, count = 1 | 1 246 317 197 
head = 388, count = 1 | 388 414 270 281 282 
head = 211, count = 3 | 211 270 277 
head = 211, count = 4147 | 211 389 
head = 282, count = 5 | 211 282 410 
head = 389, count = 4146 | 211 389 
head = 277, count = 5 | 211 277 
head = 279, count = 1 | 211 279 282 
head = 279, count = 1 | 211 279 
head = 240, count = 1 | 1 240 76 141 230 144 
head = 281, count = 26 | 211 281 
head = 1, count = 3 | 211 281 1 
head = 211, count = 5818 | 211 368 
head = 279, count = 8 | 279 410 389 390 
head = 226, count = 5448 | 226 385 383 
head = 281, count = 3 | 281 272 
head = 279, count = 68 | 279 272 
head = 390, count = 21 | 390 272 
head = 279, count = 4 | 279 276 
head = 343, count = 3 | 343 173 
head = 281, count = 14 | 281 276 
head = 211, count = 5 | 211 276 
head = 272, count = 5 | 272 276 
head = 281, count = 1 | 211 281 276 
head = 211, count = 2 | 211 414 270 281 282 280 
head = 368, count = 2 | 211 270 277 368 379 
head = 389, count = 3971 | 389 390 
head = 276, count = 4 | 211 282 276 
head = 276, count = 27 | 211 276 
head = 279, count = 1 | 279 389 390 
head = 410, count = 53 | 410 390 
head = 211, count = 356 | 211 414 410 
head = 368, count = 2995 | 211 368 379 
head = 272, count = 197 | 211 272 
head = 272, count = 61 | 410 389 390 272 
head = 211, count = 1 | 211 403 
head = 211, count = 34 | 211 403 411 
head = 403, count = 446 | 403 411 
head = 211, count = 860 | 211 411 
head = 388, count = 11969 | 388 411 
head = 368, count = 4 | 211 368 379 369 411 
head = 281, count = 4 | 281 411 
head = 279, count = 10 | 279 411 
head = 411, count = 505 | 211 411 
head = 411, count = 445 | 411 413 399 
head = 411, count = 2238 | 411 399 
head = 0, count = 1 | 0 228 
head = 279, count = 9 | 279 399 
head = 211, count = 3 | 211 399 
head = 272, count = 2 | 272 399 
head = 368, count = 1 | 368 399 
head = 388, count = 399 | 388 399 
head = 211, count = 1 | 211 412 366 414 401 399 
head = 399, count = 2692 | 399 404 
head = 388, count = 11 | 388 404 
head = 399, count = 445 | 399 380 
head = 211, count = 1 | 211 393 380 
head = 404, count = 913 | 404 380 
head = 0, count = 1 | 0 1 7 
head = 0, count = 1 | 0 327 1 321 336 
head = 0, count = 1 | 0 327 321 
head = 327, count = 1 | 327 1 326 
head = 380, count = 385 | 380 394 
head = 380, count = 466 | 380 382 
head = 0, count = 1 | 0 336 160 
head = 336, count = 1 | 336 160 
head = 211, count = 1 | 211 366 382 
head = 390, count = 4 | 390 406 394 382 381 363 
head = 404, count = 444 | 404 387 394 382 400 
head = 382, count = 445 | 382 400 
head = 380, count = 447 | 380 400 
head = 404, count = 1870 | 404 400 
head = 411, count = 445 | 211 393 411 380 
head = 211, count = 445 | 211 393 388 380 394 
head = 400, count = 3115 | 388 400 
head = 382, count = 18 | 388 382 
head = 411, count = 13486 | 388 411 
head = 399, count = 445 | 388 399 
head = 399, count = 2 | 281 399 
head = 276, count = 2 | 281 276 
head = 272, count = 31 | 272 406 
head = 381, count = 2 | 272 381 
head = 388, count = 2 | 388 414 270 281 282 280 
head = 399, count = 1 | 211 281 399 
head = 211, count = 87 | 211 283 
head = 211, count = 4 | 211 414 270 277 
head = 277, count = 87 | 211 277 410 
head = 368, count = 8 | 211 270 368 379 
head = 283, count = 87 | 211 283 
head = 368, count = 222 | 211 368 
head = 283, count = 14 | 389 390 283 
head = 390, count = 33 | 390 283 
head = 283, count = 91 | 410 389 390 283 
head = 283, count = 34 | 272 283 
head = 368, count = 1 | 211 281 368 
head = 272, count = 16 | 410 390 272 
head = 272, count = 8 | 389 390 272 
head = 390, count = 818 | 410 389 390 
head = 211, count = 6097 | 211 374 
head = 368, count = 1864 | 368 374 
head = 374, count = 5825 | 374 407 
head = 211, count = 12393 | 211 407 
head = 211, count = 320 | 211 374 407 
head = 211, count = 1 | 211 399 407 
head = 407, count = 18972 | 211 407 
head = 211, count = 8 | 211 414 270 277 374 407 
head = 374, count = 336 | 211 374 
head = 211, count = 3522 | 211 414 410 374 407 
head = 279, count = 3 | 279 410 390 
head = 390, count = 226 | 389 390 
head = 390, count = 247 | 410 390 
head = 383, count = 633396 | 385 383 
head = 368, count = 174 | 368 374 407 
head = 283, count = 11 | 410 390 283 
head = 211, count = 480 | 211 367 
head = 390, count = 3562 | 410 390 367 
head = 374, count = 3917 | 374 367 
head = 368, count = 3 | 368 407 367 
head = 367, count = 1908 | 374 407 367 
head = 367, count = 2501 | 410 389 390 367 
head = 368, count = 1 | 211 368 374 407 
head = 368, count = 238 | 368 367 
head = 374, count = 137 | 374 407 367 
head = 367, count = 1573175 | 410 367 
head = 367, count = 239 | 389 390 367 
head = 367, count = 679 | 410 390 367 
head = 65, count = 1 | 311 65 
head = 211, count = 100 | 211 407 367 
head = 1, count = 1 | 211 281 276 407 1 
head = 407, count = 182 | 374 407 
head = 407, count = 362 | 407 367 
head = 367, count = 329 | 407 367 
head = 367, count = 200 | 368 374 367 
head = 367, count = 102 | 211 367 
head = 211, count = 29 | 211 414 270 277 410 374 407 
head = 407, count = 48 | 211 368 407 
head = 0, count = 1 | 0 1 230 144 
head = 367, count = 4707 | 374 367 
head = 367, count = 2 | 211 407 367 
head = 374, count = 261 | 368 374 
head = 407, count = 12 | 368 374 407 
head = 367, count = 1 | 368 367 
head = 407, count = 46 | 368 407 
head = 367, count = 148 | 211 374 407 367 
head = 1, count = 2 | 1 268 266 
head = 299, count = 2 | 1 299 261 184 196 190 
head = 0, count = 1 | 0 1 144 
head = 211, count = 26 | 211 368 374 407 
head = 407, count = 133 | 211 368 374 407 
head = 407, count = 140 | 211 407 367 
head = 407, count = 245 | 211 374 407 
head = 367, count = 139 | 211 374 367 
head = 367, count = 110 | 368 374 407 367 
head = 211, count = 26 | 211 368 407 
head = 388, count = 11 | 388 374 
head = 407, count = 3 | 211 403 407 
head = 211, count = 111 | 211 414 410 403 411 374 407 
head = 407, count = 148 | 411 407 
head = 380, count = 257 | 366 414 401 399 380 387 394 382 400 
head = 411, count = 449 | 411 404 
head = 394, count = 385 | 393 380 394 
head = 382, count = 75770 | 366 382 
head = 367, count = 77 | 406 394 382 381 363 367 
head = 388, count = 184 | 211 388 414 410 
head = 388, count = 43 | 388 407 
head = 411, count = 1 | 411 407 
head = 367, count = 5 | 283 367 
head = 407, count = 957 | 211 364 407 
head = 368, count = 1143 | 211 368 379 369 
head = 211, count = 18 | 211 374 407 367 
head = 399, count = 1 | 211 399 382 407 
head = 211, count = 643680 | 211 369 
head = 383, count = 6398 | 366 385 383 384 
head = 211, count = 1 | 211 281 276 411 399 407 
head = 374, count = 4 | 211 374 407 
head = 407, count = 1 | 211 382 407 
head = 366, count = 921 | 366 385 383 384 
head = 410, count = 9052 | 410 367 
head = 385, count = 412386 | 385 383 
head = 407, count = 27 | 211 374 407 367 
head = 211, count = 1 | 211 281 276 407 
head = 384, count = 2560 | 385 383 384 
head = 383, count = 1923 | 366 383 384 
head = 382, count = 18 | 382 374 
head = 1, count = 1 | 211 281 276 411 399 407 1 
head = 1, count = 4 | 211 388 281 276 411 399 407 1 
head = 276, count = 11 | 276 407 
head = 388, count = 1 | 211 388 276 411 407 
head = 211, count = 2 | 211 388 281 411 399 
head = 388, count = 1 | 211 388 279 411 382 
head = 1, count = 1 | 211 388 281 279 276 411 399 404 380 382 407 1 
head = 410, count = 225 | 410 389 390 
head = 367, count = 2 | 410 389 367 
head = 360, count = 3 | 211 360 
head = 385, count = 61338 | 366 385 384 
head = 375, count = 3 | 211 375 
head = 279, count = 2 | 388 279 411 283 
head = 1, count = 3 | 211 388 411 399 404 380 400 1 
head = 211, count = 1 | 211 388 411 404 380 400 
head = 211, count = 59 | 211 388 411 
head = 1, count = 1 | 211 388 411 399 404 400 1 
head = 211, count = 1 | 211 388 411 404 400 
head = 1, count = 1 | 211 411 399 404 380 400 1 
head = 388, count = 2 | 388 411 399 
head = 388, count = 1 | 211 388 411 399 
head = 388, count = 5 | 211 388 411 
head = 388, count = 3 | 388 411 382 374 
head = 1, count = 2 | 211 388 411 399 1 
head = 388, count = 13 | 388 411 407 
head = 211, count = 1 | 211 399 404 400 
head = 1, count = 2 | 211 399 404 400 1 
head = 400, count = 84 | 404 400 
head = 211, count = 4 | 211 388 404 400 
head = 211, count = 2 | 211 388 404 380 400 
head = 1, count = 1 | 211 404 400 1 
head = 404, count = 2 | 388 404 
head = 380, count = 9 | 404 380 
head = 394, count = 60 | 393 394 
head = 400, count = 5 | 211 400 
head = 211, count = 13 | 211 358 
head = 211, count = 3 | 211 279 399 283 
head = 211, count = 1 | 211 279 283 
head = 282, count = 1 | 211 282 
head = 388, count = 23 | 388 414 270 277 410 
head = 211, count = 79 | 211 270 
head = 381, count = 43 | 410 381 367 
head = 374, count = 37 | 382 374 
head = 388, count = 1 | 211 388 279 399 404 380 382 
head = 407, count = 56 | 211 388 411 407 
head = 385, count = 2543 | 366 385 383 384 
head = 366, count = 60439 | 366 384 
head = 211, count = 13 | 211 388 411 407 
head = 411, count = 49 | 211 388 411 
head = 366, count = 26749 | 366 385 384 
head = 407, count = 1 | 374 407 367 
head = 384, count = 54224 | 385 384 
head = 383, count = 22 | 385 383 384 
head = 374, count = 19 | 368 374 407 
head = 411, count = 13 | 388 411 374 
head = 367, count = 2 | 211 368 374 407 367 
head = 211, count = 3 | 211 276 407 
head = 211, count = 4 | 211 281 399 
head = 281, count = 7 | 211 281 411 
head = 383, count = 1223 | 366 383 
head = 211, count = 99 | 211 398 
head = 281, count = 7 | 211 281 411 399 
head = 364, count = 442 | 211 364 403 
head = 388, count = 30 | 388 283 
head = 399, count = 35 | 388 399 404 380 400 
head = 411, count = 91 | 388 411 399 404 380 400 
head = 411, count = 40 | 388 411 404 380 400 
head = 411, count = 39 | 388 411 399 404 400 
head = 404, count = 228 | 388 404 400 
head = 211, count = 442 | 211 369 411 
head = 399, count = 36 | 399 404 380 400 
head = 399, count = 123 | 399 404 400 
head = 404, count = 90 | 388 404 380 400 
head = 366, count = 4168 | 366 382 
head = 367, count = 1 | 406 394 367 
head = 363, count = 1 | 381 363 
head = 390, count = 2 | 410 390 283 
head = 1, count = 2 | 211 388 281 411 399 1 
head = 1, count = 1 | 211 281 411 399 1 
head = 374, count = 14 | 388 411 382 374 
head = 388, count = 8 | 388 276 411 407 
head = 383, count = 2646 | 366 385 383 
head = 385, count = 66889 | 366 385 
head = 385, count = 1134 | 366 385 383 
head = 369, count = 2 | 211 369 
head = 366, count = 34599 | 366 385 
head = 384, count = 9838 | 366 385 384 
head = 367, count = 16 | 406 394 382 381 367 
head = 367, count = 1 | 410 283 367 
head = 211, count = 186 | 211 364 
head = 411, count = 26 | 211 388 411 407 
head = 411, count = 67 | 388 411 407 
head = 411, count = 22 | 388 411 382 374 
head = 366, count = 536 | 366 385 383 
head = 407, count = 92 | 388 411 407 
head = 384, count = 26341 | 366 384 
head = 383, count = 3 | 383 384 
head = 384, count = 100 | 366 385 383 384 
head = 406, count = 6 | 406 394 363 
head = 406, count = 32 | 406 394 382 381 363 
head = 411, count = 12 | 388 411 382 
head = 388, count = 1 | 211 388 407 
head = 374, count = 1 | 411 374 
head = 211, count = 41 | 211 414 410 403 411 
head = 411, count = 4 | 388 411 283 
head = 374, count = 4 | 388 411 374 
head = 414, count = 22 | 211 414 410 
head = 388, count = 9 | 388 411 283 
head = 211, count = 3 | 211 411 399 
head = 388, count = 12 | 388 414 410 
head = 399, count = 5 | 388 411 399 404 380 400 
head = 399, count = 4 | 411 399 404 380 400 
head = 283, count = 1 | 410 283 367 
head = 211, count = 7 | 211 414 270 277 410 
head = 404, count = 3 | 388 411 404 400 
head = 283, count = 2 | 388 411 283 
head = 211, count = 36 | 211 403 411 374 407 
head = 414, count = 4 | 414 270 277 410 
head = 414, count = 11 | 414 410 403 411 
head = 381, count = 218 | 406 394 382 381 363 
head = 157, count = 1 | 330 157 
head = 399, count = 2 | 211 399 
head = 388, count = 10 | 388 414 270 277 
head = 404, count = 1 | 404 387 394 
head = 388, count = 23 | 388 414 410 403 411 
head = 394, count = 18 | 394 382 381 
head = 414, count = 2 | 414 270 277 
head = 410, count = 1 | 410 406 394 382 381 363 
head = 388, count = 188 | 388 403 411 
head = 380, count = 187 | 366 401 399 380 387 394 382 400 
head = 381, count = 51 | 406 381 
head = 381, count = 25 | 406 394 381 363 
head = 381, count = 3 | 272 406 394 381 363 
head = 381, count = 4 | 272 406 381 
head = 367, count = 6 | 272 367 
head = 272, count = 59 | 272 406 394 382 381 363 
head = 272, count = 18 | 272 406 394 382 381 
head = 283, count = 1 | 406 394 382 381 363 283 
head = 411, count = 1 | 411 413 404 
head = 380, count = 1 | 366 401 380 387 394 382 400 
head = 404, count = 1 | 404 387 400 
head = 400, count = 6 | 405 400 
head = 405, count = 4 | 405 211 
head = 165, count = 9 | 165 162 164 167 
head = 341, count = 4 | 341 165 162 164 
head = 388, count = 64 | 388 279 399 404 380 382 
head = 1, count = 1 | 388 279 399 404 380 382 1 
head = 388, count = 1 | 388 279 399 404 
head = 388, count = 2 | 388 399 380 
head = 388, count = 1 | 388 399 404 380 
head = 1, count = 9 | 340 165 167 1 
head = 1, count = 4 | 343 340 165 167 1 
head = 388, count = 1 | 211 388 279 411 283 
head = 340, count = 1 | 340 165 164 
head = 165, count = 1 | 165 166 
head = 165, count = 1 | 165 163 
head = 341, count = 1 | 341 167 
head = 211, count = 2 | 373 211 
head = 405, count = 2 | 405 408 
head = 373, count = 2 | 408 373 
head = 211, count = 3 | 408 211 
head = 408, count = 3 | 402 408 
head = 211, count = 10 | 402 211 
head = 368, count = 3 | 402 368 382 
head = 281, count = 2 | 402 281 
head = 382, count = 117 | 402 382 
head = 272, count = 1 | 402 392 272 
head = 411, count = 2 | 402 411 
head = 281, count = 1 | 402 211 281 276 
head = 211, count = 1 | 402 211 382 
head = 367, count = 1 | 402 382 367 
head = 374, count = 4 | 402 382 374 
head = 407, count = 2 | 402 382 407 
head = 411, count = 1 | 402 388 411 382 
head = 402, count = 131 | 402 386 
head = 408, count = 1 | 386 408 
head = 276, count = 1 | 402 386 211 276 
head = 382, count = 4 | 402 386 382 
head = 408, count = 1 | 408 211 
head = 1, count = 1 | 211 399 1 
head = 402, count = 2 | 402 211 
head = 404, count = 1 | 405 408 211 388 411 404 400 
head = 411, count = 1 | 405 408 373 211 388 411 404 380 400 
head = 404, count = 1 | 405 408 373 211 388 404 380 400 
head = 211, count = 1 | 209 211 
head = 1, count = 1 | 343 1 
head = 402, count = 1 | 402 386 209 
head = 1, count = 1 | 34 1 
head = 380, count = 1 | 34 211 380 1 
head = 380, count = 1 | 34 211 380 387 400 
head = 386, count = 5 | 34 386 
head = 211, count = 1 | 34 211 
head = 421, count = 1 | 421 419 416 418 43 
head = 34, count = 2 | 34 1 
head = 366, count = 1 | 29 58 366 384 
head = 1, count = 2 | 46 1 
head = 209, count = 1 | 209 46 
head = 34, count = 1 | 34 46 
head = 211, count = 13 | 46 211 
head = 386, count = 4 | 386 46 
head = 408, count = 1 | 46 408 415 
head = 408, count = 1 | 46 408 
head = 46, count = 1 | 46 24 
head = 209, count = 1 | 34 209 24 
head = 24, count = 2 | 24 39 
head = 1, count = 1 | 46 19 1 
head = 258, count = 1 | 258 267 183 203 
head = 39, count = 1 | 40 39 
head = 261, count = 1 | 261 184 196 
head = 46, count = 1 | 40 46 
head = 402, count = 1 | 40 402 
head = 211, count = 1 | 40 211 
head = 40, count = 4 | 40 17 
head = 386, count = 1 | 386 17 
head = 386, count = 1 | 34 386 17 
head = 17, count = 3 | 11 17 
head = 35, count = 1 | 11 17 35 
head = 34, count = 2 | 11 34 
head = 11, count = 2 | 11 38 
head = 17, count = 1 | 11 17 38 
head = 386, count = 1 | 386 38 
head = 38, count = 3 | 15 38 
============================================================
BBLSwitchCount - Thread 0
from = 0 | 327:1 1:1 
from = 327 | 0:1 
from = 1 | 0:1 33:1 47:1 238:1 237:1 240:1 241:1 246:1 242:1 92:1 78:1 76:1 70:1 88:1 79:1 105:1 125:1 141:1 118:1 128:1 103:1 108:1 321:11 306:11 311:11 301:11 290:11 293:11 299:11 289:11 295:5 152:5 146:5 144:5 143:5 155:5 149:5 153:5 151:5 147:5 320:5 314:11 137:1 112:1 131:1 114:1 109:1 100:1 317:7 298:7 309:7 318:7 287:7 285:7 304:7 291:7 305:7 297:7 307:7 315:7 150:15 148:15 145:15 154:4 110:1 142:1 139:1 120:1 104:1 140:1 284:7 303:7 288:7 294:7 313:7 319:7 300:7 316:7 308:7 296:7 286:7 312:7 126:1 138:1 117:1 130:1 119:1 113:1 292:6 310:6 302:6 115:1 111:1 134:1 127:1 101:1 106:1 123:1 122:1 132:1 107:1 124:1 116:1 326:3 323:3 325:2 322:3 121:1 133:1 136:1 102:1 129:1 135:1 81:1 80:1 87:1 91:1 98:1 82:1 75:1 84:1 89:1 99:1 69:1 64:1 72:1 96:1 83:1 85:1 77:1 73:1 95:1 93:1 86:1 94:1 97:1 68:1 65:1 71:1 90:1 66:1 67:1 74:1 234:1 232:1 245:1 236:1 239:1 324:1 235:1 243:1 231:1 233:1 244:1 41:1 16:1 13:1 266:1 265:1 268:2 267:1 269:1 264:1 22:1 28:1 183:1 168:1 205:1 177:1 200:1 184:1 188:1 202:1 182:1 203:1 187:1 199:1 198:1 206:1 196:1 169:1 181:1 186:1 176:1 171:1 190:1 207:1 174:1 192:1 7:2 6:2 5:2 2:2 8:2 3:2 4:2 197:1 170:1 179:1 189:1 204:1 175:1 180:1 346:1 332:1 336:1 338:1 345:1 350:1 329:1 335:1 328:1 342:1 333:1 334:1 161:1 160:1 159:1 157:1048576 158:1 156:1 349:1 347:1 344:1 331:1 58:2 55:2 53:2 57:2 54:2 56:2 52:2 341:1 348:1 339:1 330:1 337:1 343:1 340:1 193:1 173:1 172:1 195:1 194:1 178:1 185:1 201:1 191:1 50:1 49:312 37:311 27:1 165:1 162:1 164:1 166:1 163:1 167:1 21:1 18:1 9:1 44:1 62:1 61:1 60:1 63:1 59:1 26:1 43:1 212:1 216:1 225:1 219:1 221:1 218:1 220:1 226:65535 217:1 223:1 213:1 214:1 215:7 224:1 222:1 208:1 211:1 209:1 210:1 29:1 34:1 32:1 30:1 46:1 12:1 25:1 24:1 45:1 39:1 36:1 42:1 19:1 40:1 31:1 35:11 17:11 23:11 10:1 14:1 11:1 20:1 38:1 48:1 15:1 51:1 
from = 33 | 1:1 
from = 47 | 1:1 
from = 238 | 1:1 
from = 237 | 1:1 
from = 240 | 1:1 
from = 241 | 1:1 
from = 246 | 1:1 
from = 242 | 1:1 
from = 92 | 1:1 
from = 78 | 1:1 
from = 76 | 1:1 
from = 70 | 1:1 
from = 88 | 1:1 
from = 79 | 1:1 
from = 105 | 1:1 
from = 125 | 1:1 
from = 141 | 1:1 
from = 118 | 1:1 
from = 128 | 1:1 
from = 103 | 1:1 
from = 108 | 1:1 
from = 321 | 1:11 
from = 306 | 1:11 
from = 311 | 1:11 
from = 301 | 1:11 
from = 290 | 1:11 
from = 293 | 1:11 
from = 299 | 1:11 
from = 289 | 1:11 
from = 295 | 1:5 
from = 152 | 1:5 
from = 146 | 1:5 
from = 144 | 1:5 
from = 143 | 1:5 
from = 155 | 1:5 
from = 149 | 1:5 
from = 153 | 1:5 
from = 151 | 1:5 
from = 147 | 1:5 
from = 320 | 1:5 
from = 314 | 1:11 
from = 137 | 1:1 
from = 112 | 1:1 
from = 131 | 1:1 
from = 114 | 1:1 
from = 109 | 1:1 
from = 100 | 1:1 
from = 317 | 1:7 354:7 353:7 351:7 355:7 352:7 
from = 354 | 317:7 284:7 
from = 353 | 317:7 284:7 
from = 351 | 317:7 284:7 
from = 355 | 317:7 284:7 
from = 352 | 317:7 284:7 
from = 298 | 1:7 
from = 309 | 1:7 
from = 318 | 1:7 
from = 287 | 1:7 
from = 285 | 1:7 
from = 304 | 1:7 
from = 291 | 1:7 
from = 305 | 1:7 
from = 297 | 1:7 
from = 307 | 1:7 
from = 315 | 1:7 
from = 150 | 1:15 
from = 148 | 1:15 
from = 145 | 1:15 
from = 154 | 1:4 
from = 110 | 1:1 
from = 142 | 1:1 
from = 139 | 1:1 
from = 120 | 1:1 
from = 104 | 1:1 
from = 140 | 1:1 
from = 284 | 1:7 354:7 353:7 351:7 355:7 352:7 
from = 303 | 1:7 
from = 288 | 1:7 
from = 294 | 1:7 
from = 313 | 1:7 
from = 319 | 1:7 
from = 300 | 1:7 
from = 316 | 1:7 
from = 308 | 1:7 
from = 296 | 1:7 
from = 286 | 1:7 
from = 312 | 1:7 
from = 126 | 1:1 
from = 138 | 1:1 
from = 117 | 1:1 
from = 130 | 1:1 
from = 119 | 1:1 
from = 113 | 1:1 
from = 292 | 1:6 
from = 310 | 1:6 
from = 302 | 1:6 
from = 115 | 1:1 
from = 111 | 1:1 
from = 134 | 1:1 
from = 127 | 1:1 
from = 101 | 1:1 
from = 106 | 1:1 
from = 123 | 1:1 
from = 122 | 1:1 
from = 132 | 1:1 
from = 107 | 1:1 
from = 124 | 1:1 
from = 116 | 1:1 
from = 326 | 1:3 
from = 323 | 1:3 
from = 325 | 1:2 
from = 322 | 1:3 
from = 121 | 1:1 
from = 133 | 1:1 
from = 136 | 1:1 
from = 102 | 1:1 
from = 129 | 1:1 
from = 135 | 1:1 
from = 81 | 1:1 
from = 80 | 1:1 
from = 87 | 1:1 
from = 91 | 1:1 
from = 98 | 1:1 
from = 82 | 1:1 
from = 75 | 1:1 
from = 84 | 1:1 
from = 89 | 1:1 
from = 99 | 1:1 
from = 69 | 1:1 
from = 64 | 1:1 
from = 72 | 1:1 
from = 96 | 1:1 
from = 83 | 1:1 
from = 85 | 1:1 
from = 77 | 1:1 
from = 73 | 1:1 
from = 95 | 1:1 
from = 93 | 1:1 
from = 86 | 1:1 
from = 94 | 1:1 
from = 97 | 1:1 
from = 68 | 1:1 
from = 65 | 1:1 
from = 71 | 1:1 
from = 90 | 1:1 
from = 66 | 1:1 
from = 67 | 1:1 
from = 74 | 1:1 
from = 234 | 1:1 
from = 232 | 1:1 
from = 245 | 1:1 
from = 236 | 1:1 
from = 239 | 1:1 
from = 324 | 1:1 
from = 235 | 1:1 
from = 243 | 1:1 
from = 231 | 1:1 
from = 233 | 1:1 
from = 244 | 1:1 
from = 41 | 1:1 
from = 16 | 1:1 
from = 13 | 1:1 
from = 266 | 1:1 
from = 265 | 1:1 
from = 268 | 1:2 248:2 249:2 247:2 
from = 248 | 268:2 
from = 249 | 268:2 229:2 230:1 227:2 228:1 
from = 229 | 249:2 
from = 230 | 249:1 263:1 257:1 253:1 256:1 251:1 255:1 261:1 260:1 259:1 258:1 262:1 254:1 252:1 250:1 
from = 263 | 230:1 
from = 257 | 230:1 
from = 253 | 230:1 
from = 256 | 230:1 
from = 251 | 230:1 
from = 255 | 230:1 
from = 261 | 230:1 
from = 260 | 230:1 
from = 259 | 230:1 
from = 258 | 230:1 
from = 262 | 230:1 
from = 254 | 230:1 
from = 252 | 230:1 
from = 250 | 230:1 
from = 227 | 249:2 
from = 247 | 268:2 
from = 228 | 249:1 
from = 267 | 1:1 
from = 269 | 1:1 
from = 264 | 1:1 
from = 22 | 1:1 
from = 28 | 1:1 
from = 183 | 1:1 
from = 168 | 1:1 
from = 205 | 1:1 
from = 177 | 1:1 
from = 200 | 1:1 
from = 184 | 1:1 
from = 188 | 1:1 
from = 202 | 1:1 
from = 182 | 1:1 
from = 203 | 1:1 
from = 187 | 1:1 
from = 199 | 1:1 
from = 198 | 1:1 
from = 206 | 1:1 
from = 196 | 1:1 
from = 169 | 1:1 
from = 181 | 1:1 
from = 186 | 1:1 
from = 176 | 1:1 
from = 171 | 1:1 
from = 190 | 1:1 
from = 207 | 1:1 
from = 174 | 1:1 
from = 192 | 1:1 
from = 7 | 1:2 346:1 
from = 6 | 1:2 346:1 
from = 5 | 1:2 346:1 
from = 2 | 1:2 346:1 
from = 8 | 1:2 346:1 
from = 3 | 1:2 346:1 
from = 4 | 1:2 346:1 
from = 197 | 1:1 
from = 170 | 1:1 
from = 179 | 1:1 
from = 189 | 1:1 
from = 204 | 1:1 
from = 175 | 1:1 
from = 180 | 1:1 
from = 346 | 1:1 7:1 6:1 5:1 2:1 8:1 3:1 4:1 
from = 332 | 1:1 
from = 336 | 1:1 
from = 338 | 1:1 
from = 345 | 1:1 
from = 350 | 1:1 
from = 329 | 1:1 
from = 335 | 1:1 
from = 328 | 1:1 
from = 342 | 1:1 
from = 333 | 1:1 
from = 334 | 1:1 
from = 161 | 1:1 
from = 160 | 1:1 
from = 159 | 1:1 
from = 157 | 1:1048576 
from = 158 | 1:1 
from = 156 | 1:1 
from = 349 | 1:1 
from = 347 | 1:1 
from = 344 | 1:1 
from = 331 | 1:1 
from = 58 | 1:2 
from = 55 | 1:2 
from = 53 | 1:2 
from = 57 | 1:2 
from = 54 | 1:2 
from = 56 | 1:2 
from = 52 | 1:2 
from = 341 | 1:1 
from = 348 | 1:1 
from = 339 | 1:1 
from = 330 | 1:1 
from = 337 | 1:1 
from = 343 | 1:1 
from = 340 | 1:1 
from = 193 | 1:1 
from = 173 | 1:1 
from = 172 | 1:1 
from = 195 | 1:1 
from = 194 | 1:1 
from = 178 | 1:1 
from = 185 | 1:1 
from = 201 | 1:1 
from = 191 | 1:1 
from = 50 | 1:1 
from = 49 | 1:312 
from = 37 | 1:311 
from = 27 | 1:1 
from = 165 | 1:1 
from = 162 | 1:1 
from = 164 | 1:1 
from = 166 | 1:1 
from = 163 | 1:1 
from = 167 | 1:1 
from = 21 | 1:1 
from = 18 | 1:1 
from = 9 | 1:1 
from = 44 | 1:1 
from = 62 | 1:1 
from = 61 | 1:1 
from = 60 | 1:1 417:1 422:1 421:113 420:1 419:198 416:1 418:1 
from = 417 | 60:1 
from = 422 | 60:1 
from = 421 | 60:113 
from = 420 | 60:1 
from = 419 | 60:198 
from = 416 | 60:1 
from = 418 | 60:1 
from = 63 | 1:1 
from = 59 | 1:1 
from = 26 | 1:1 
from = 43 | 1:1 
from = 212 | 1:1 
from = 216 | 1:1 
from = 225 | 1:1 
from = 219 | 1:1 
from = 221 | 1:1 
from = 218 | 1:1 
from = 220 | 1:1 
from = 226 | 1:65535 
from = 217 | 1:1 
from = 223 | 1:1 
from = 213 | 1:1 
from = 214 | 1:1 
from = 215 | 1:7 
from = 224 | 1:1 
from = 222 | 1:1 
from = 208 | 1:1 
from = 211 | 1:1 412:1 357:1 393:446 388:446 395:446 366:1590141 364:645269 385:31398992 383:1590140 414:1590140 397:92 358:92 278:92 270:92 275:5 273:5 281:5 279:5 271:5 282:5 277:92 274:92 410:1590140 389:4152 356:4152 398:4152 378:4152 368:4152 379:4152 390:4152 371:31398992 384:30753723 272:1110 280:4 276:4 369:645269 360:1590141 403:446 411:446 401:446 413:446 406:1080 375:635 399:445 404:446 380:446 387:446 394:445 382:445 363:445 381:445 400:446 283:87 374:3707 407:3707 367:1585988 405:1 365:1 376:1 361:1 391:1 396:1 362:1 370:1 409:1 373:1 408:1 392:635 372:635 402:445 415:1 377:1 386:1 359:1 
from = 412 | 211:1 
from = 357 | 211:1 
from = 393 | 211:446 
from = 388 | 211:446 
from = 395 | 211:446 
from = 366 | 211:1590141 
from = 364 | 211:645269 
from = 385 | 211:31398992 
from = 383 | 211:1590140 
from = 414 | 211:1590140 
from = 397 | 211:92 
from = 358 | 211:92 
from = 278 | 211:92 
from = 270 | 211:92 
from = 275 | 211:5 
from = 273 | 211:5 
from = 281 | 211:5 
from = 279 | 211:5 
from = 271 | 211:5 
from = 282 | 211:5 
from = 277 | 211:92 
from = 274 | 211:92 
from = 410 | 211:1590140 
from = 389 | 211:4152 
from = 356 | 211:4152 
from = 398 | 211:4152 
from = 378 | 211:4152 
from = 368 | 211:4152 
from = 379 | 211:4152 
from = 390 | 211:4152 
from = 371 | 211:31398992 
from = 384 | 211:30753723 
from = 272 | 211:1110 
from = 280 | 211:4 
from = 276 | 211:4 
from = 369 | 211:645269 
from = 360 | 211:1590141 
from = 403 | 211:446 
from = 411 | 211:446 
from = 401 | 211:446 
from = 413 | 211:446 
from = 406 | 211:1080 
from = 375 | 211:635 
from = 399 | 211:445 
from = 404 | 211:446 
from = 380 | 211:446 
from = 387 | 211:446 
from = 394 | 211:445 
from = 382 | 211:445 
from = 363 | 211:445 
from = 381 | 211:445 
from = 400 | 211:446 
from = 283 | 211:87 
from = 374 | 211:3707 
from = 407 | 211:3707 
from = 367 | 211:1585988 
from = 405 | 211:1 
from = 365 | 211:1 
from = 376 | 211:1 
from = 361 | 211:1 
from = 391 | 211:1 
from = 396 | 211:1 
from = 362 | 211:1 
from = 370 | 211:1 
from = 409 | 211:1 
from = 373 | 211:1 
from = 408 | 211:1 
from = 392 | 211:635 
from = 372 | 211:635 
from = 402 | 211:445 
from = 415 | 211:1 
from = 377 | 211:1 
from = 386 | 211:1 
from = 359 | 211:1 
from = 209 | 1:1 
from = 210 | 1:1 
from = 29 | 1:1 
from = 34 | 1:1 
from = 32 | 1:1 
from = 30 | 1:1 
from = 46 | 1:1 
from = 12 | 1:1 
from = 25 | 1:1 
from = 24 | 1:1 
from = 45 | 1:1 
from = 39 | 1:1 
from = 36 | 1:1 
from = 42 | 1:1 
from = 19 | 1:1 
from = 40 | 1:1 
from = 31 | 1:1 
from = 35 | 1:11 
from = 17 | 1:11 
from = 23 | 1:11 
from = 10 | 1:1 
from = 14 | 1:1 
from = 11 | 1:1 
from = 20 | 1:1 
from = 38 | 1:1 
from = 48 | 1:1 
from = 15 | 1:1 
from = 51 | 1:1 
