============================================================
ReuseSegment - Thread 0
head = 0, count = 89 | 0 420 
head = 420, count = 1 | 0 420 
head = 420, count = 4 | 420 1 
head = 0, count = 32 | 0 1 
head = 1, count = 2 | 1 437 
head = 437, count = 1 | 1 437 
head = 1, count = 1 | 1 70 
head = 70, count = 1 | 70 71 
head = 71, count = 1 | 71 60 
head = 1, count = 5 | 1 60 
head = 437, count = 1 | 437 60 
head = 60, count = 2 | 60 61 
head = 1, count = 18 | 1 61 
head = 0, count = 1 | 0 61 
head = 61, count = 2 | 61 56 
head = 56, count = 1 | 1 56 
head = 60, count = 1 | 1 60 
head = 61, count = 3 | 1 61 
head = 61, count = 1 | 61 111 
head = 61, count = 1 | 61 122 
head = 122, count = 1 | 122 133 
head = 61, count = 3 | 61 133 
head = 60, count = 1 | 60 133 
head = 56, count = 1 | 56 133 
head = 111, count = 1 | 111 133 
head = 133, count = 2 | 133 117 
head = 133, count = 1 | 133 121 
head = 117, count = 1 | 117 121 
head = 117, count = 1 | 1 117 121 
head = 133, count = 1 | 1 133 
head = 61, count = 1 | 150 61 
head = 150, count = 1 | 150 156 
head = 61, count = 4 | 156 61 
head = 133, count = 1 | 156 133 
head = 121, count = 1 | 156 121 
head = 167, count = 1 | 156 167 
head = 156, count = 2 | 156 185 
head = 156, count = 1 | 156 153 
head = 185, count = 2 | 185 153 
head = 1, count = 2 | 1 153 
head = 133, count = 1 | 133 153 
head = 61, count = 1 | 61 153 
head = 153, count = 2 | 1 153 
head = 156, count = 5 | 1 156 
head = 153, count = 2 | 153 176 
head = 1, count = 2 | 1 176 
head = 1, count = 4 | 1 102 
head = 61, count = 2 | 61 102 
head = 0, count = 2 | 0 102 
head = 102, count = 8 | 102 99 
head = 99, count = 5 | 99 89 
head = 102, count = 21 | 102 89 
head = 420, count = 1 | 420 89 
head = 1, count = 28 | 1 89 
head = 0, count = 1 | 0 89 
head = 89, count = 57 | 1 89 
head = 176, count = 1 | 1 176 89 
head = 1, count = 7 | 1 87 
head = 87, count = 7 | 87 108 
head = 1, count = 13 | 1 108 
head = 108, count = 18 | 108 92 
head = 92, count = 9 | 1 92 
head = 1, count = 5 | 1 336 
head = 336, count = 5 | 332 336 
head = 1, count = 19 | 1 340 
head = 89, count = 25 | 340 89 
head = 0, count = 1 | 0 340 
head = 92, count = 5 | 340 92 
head = 340, count = 1 | 340 341 
head = 341, count = 1 | 341 335 
head = 335, count = 5 | 335 330 
head = 1, count = 4 | 1 341 335 330 
head = 153, count = 1 | 153 92 336 338 
head = 153, count = 1 | 153 92 338 
head = 1, count = 2 | 1 154 
head = 340, count = 20 | 340 154 
head = 89, count = 1 | 89 154 
head = 420, count = 1 | 420 154 
head = 0, count = 2 | 0 154 
head = 176, count = 1 | 176 89 154 
head = 0, count = 1 | 0 1 156 60 133 340 154 
head = 61, count = 3 | 61 148 
head = 154, count = 1 | 154 148 
head = 148, count = 1 | 1 148 
head = 154, count = 4 | 1 154 
head = 148, count = 1 | 148 170 
head = 1, count = 2 | 1 170 
head = 108, count = 1 | 108 170 
head = 133, count = 1 | 133 170 
head = 176, count = 1 | 176 99 89 181 149 170 
head = 89, count = 6 | 1 89 87 108 92 
head = 330, count = 3 | 1 102 330 84 
head = 332, count = 3 | 1 332 102 338 
head = 102, count = 14 | 102 109 
head = 109, count = 7 | 109 273 
head = 1, count = 7 | 1 273 
head = 273, count = 7 | 109 273 
head = 154, count = 17 | 154 109 
head = 340, count = 5 | 340 109 
head = 89, count = 1 | 89 109 
head = 102, count = 1 | 102 99 109 
head = 273, count = 7 | 109 273 271 
head = 420, count = 1 | 420 109 
head = 109, count = 21 | 1 109 
head = 1, count = 7 | 1 104 
head = 104, count = 6 | 104 100 
head = 100, count = 7 | 100 101 
head = 1, count = 4 | 1 104 100 101 
head = 101, count = 5 | 101 85 88 
head = 148, count = 1 | 102 148 109 273 275 88 
head = 88, count = 7 | 88 83 
head = 88, count = 5 | 88 83 77 
head = 77, count = 5 | 99 77 
head = 1, count = 4 | 1 99 
head = 154, count = 4 | 89 154 
head = 109, count = 6 | 89 109 
head = 101, count = 3 | 89 78 101 
head = 89, count = 5 | 89 108 
head = 99, count = 3 | 1 99 
head = 340, count = 6 | 1 340 
head = 335, count = 2 | 1 335 
head = 330, count = 1 | 330 342 
head = 342, count = 9 | 342 337 
head = 337, count = 15 | 337 334 
head = 330, count = 1 | 330 342 334 
head = 108, count = 1 | 108 337 334 
head = 340, count = 7 | 340 331 
head = 334, count = 4 | 334 331 
head = 1, count = 3 | 1 331 
head = 1, count = 3 | 1 340 331 
head = 338, count = 2 | 92 336 338 
head = 338, count = 3 | 92 338 
head = 1, count = 2 | 1 151 
head = 170, count = 1 | 89 170 151 
head = 331, count = 2 | 331 151 
head = 170, count = 1 | 89 170 184 177 
head = 170, count = 1 | 89 170 169 177 
head = 151, count = 1 | 151 177 
head = 177, count = 1 | 1 177 
head = 151, count = 3 | 1 151 
head = 331, count = 5 | 1 331 
head = 177, count = 1 | 177 162 
head = 1, count = 2 | 1 162 
head = 334, count = 1 | 334 162 
head = 148, count = 1 | 89 148 275 76 83 159 162 
head = 99, count = 14 | 99 74 
head = 74, count = 7 | 273 74 
head = 273, count = 7 | 273 74 
head = 331, count = 1 | 331 74 
head = 273, count = 7 | 273 271 74 
head = 74, count = 23 | 1 74 
head = 1, count = 7 | 1 107 
head = 107, count = 6 | 107 94 
head = 94, count = 7 | 94 81 
head = 1, count = 2 | 1 107 94 81 
head = 81, count = 3 | 81 95 82 
head = 162, count = 1 | 99 273 275 162 74 91 82 
head = 82, count = 7 | 82 106 
head = 82, count = 3 | 82 106 75 
head = 75, count = 3 | 89 75 
head = 331, count = 3 | 89 331 
head = 340, count = 6 | 340 89 
head = 81, count = 2 | 89 81 86 
head = 340, count = 1 | 340 342 
head = 330, count = 1 | 330 337 
head = 334, count = 10 | 342 337 334 
head = 337, count = 1 | 342 337 
head = 1, count = 2 | 1 165 
head = 162, count = 1 | 89 162 165 
head = 331, count = 2 | 331 165 
head = 153, count = 1 | 153 168 
head = 106, count = 1 | 89 106 178 168 
head = 165, count = 1 | 165 168 
head = 168, count = 1 | 1 168 
head = 165, count = 4 | 1 165 
head = 1, count = 2 | 1 166 
head = 162, count = 1 | 89 162 166 
head = 83, count = 1 | 89 83 166 
head = 177, count = 1 | 102 89 177 179 166 
head = 166, count = 1 | 1 166 
head = 331, count = 1 | 109 331 
head = 168, count = 1 | 102 109 273 275 88 168 
head = 1, count = 1 | 1 103 
head = 103, count = 4 | 103 97 
head = 97, count = 6 | 97 98 
head = 92, count = 5 | 92 103 97 98 
head = 338, count = 3 | 92 338 98 
head = 1, count = 1 | 1 89 155 187 
head = 1, count = 3 | 1 187 
head = 166, count = 1 | 89 166 187 
head = 168, count = 1 | 89 275 76 83 168 182 163 
head = 61, count = 1 | 61 163 
head = 187, count = 1 | 187 163 
head = 163, count = 1 | 1 163 
head = 187, count = 4 | 1 187 
head = 163, count = 1 | 163 152 
head = 166, count = 1 | 89 166 152 
head = 1, count = 2 | 1 152 
head = 166, count = 1 | 89 166 189 152 
head = 98, count = 1 | 102 98 
head = 1, count = 1 | 1 109 
head = 163, count = 1 | 102 109 273 275 76 88 163 
head = 334, count = 8 | 342 334 
head = 334, count = 1 | 337 334 
head = 98, count = 1 | 337 334 98 
head = 0, count = 2 | 0 331 
head = 98, count = 2 | 92 336 338 98 
head = 1, count = 3 | 1 158 
head = 152, count = 1 | 89 152 158 
head = 331, count = 1 | 331 158 
head = 152, count = 1 | 89 152 161 174 
head = 176, count = 1 | 176 89 183 174 
head = 158, count = 1 | 158 174 
head = 174, count = 1 | 1 174 
head = 158, count = 4 | 1 158 
head = 174, count = 1 | 174 186 
head = 152, count = 1 | 89 152 186 
head = 1, count = 2 | 1 186 
head = 330, count = 1 | 1 330 84 
head = 1, count = 15 | 1 211 
head = 332, count = 1 | 1 332 338 211 
head = 109, count = 15 | 109 211 
head = 89, count = 16 | 89 211 
head = 61, count = 1 | 61 117 185 108 88 82 211 
head = 331, count = 2 | 331 211 
head = 340, count = 2 | 340 211 
head = 153, count = 1 | 153 102 89 211 
head = 211, count = 4 | 211 209 
head = 209, count = 2 | 209 207 
head = 211, count = 3 | 1 211 207 
head = 211, count = 1 | 102 211 209 
head = 209, count = 2 | 102 209 
head = 211, count = 1 | 109 211 
head = 174, count = 1 | 102 109 273 275 76 88 174 
head = 101, count = 1 | 78 273 101 
head = 109, count = 2 | 109 74 
head = 207, count = 3 | 99 273 275 74 91 82 207 
head = 211, count = 40 | 89 211 
head = 330, count = 2 | 330 103 
head = 1, count = 4 | 1 171 
head = 186, count = 1 | 89 186 171 
head = 1, count = 1 | 1 127 
head = 106, count = 1 | 1 89 106 147 127 
head = 117, count = 1 | 117 185 127 
head = 171, count = 2 | 171 127 
head = 153, count = 1 | 153 135 
head = 338, count = 1 | 92 338 186 135 
head = 1, count = 1 | 1 437 135 
head = 127, count = 5 | 1 127 
head = 83, count = 1 | 1 89 83 157 
head = 98, count = 2 | 1 98 
head = 89, count = 1 | 1 89 108 
head = 171, count = 3 | 1 171 
head = 162, count = 1 | 1 89 162 175 
head = 186, count = 1 | 1 89 186 160 
head = 83, count = 1 | 1 89 83 164 
head = 211, count = 4 | 1 211 
head = 170, count = 1 | 1 99 89 170 
head = 98, count = 1 | 1 98 135 
head = 186, count = 1 | 1 89 186 
head = 60, count = 1 | 60 130 
head = 61, count = 1 | 61 130 
head = 1, count = 1 | 1 130 
head = 130, count = 1 | 1 130 
head = 166, count = 1 | 1 99 89 166 
head = 130, count = 1 | 130 125 
head = 1, count = 2 | 1 125 
head = 60, count = 1 | 60 125 
head = 152, count = 1 | 102 99 89 152 188 
head = 83, count = 1 | 102 89 83 
head = 1, count = 4 | 1 82 
head = 125, count = 1 | 99 273 275 74 91 82 125 
head = 81, count = 4 | 81 95 82 106 75 
head = 82, count = 4 | 89 82 
head = 75, count = 5 | 89 75 86 
head = 125, count = 1 | 1 89 125 
head = 89, count = 5 | 1 89 87 
head = 87, count = 4 | 87 92 
head = 1, count = 2 | 1 92 98 
head = 1, count = 3 | 1 126 
head = 89, count = 1 | 1 89 108 126 
head = 125, count = 1 | 89 125 126 
head = 130, count = 1 | 102 89 130 140 120 
head = 125, count = 1 | 89 125 128 120 
head = 126, count = 1 | 126 120 
head = 120, count = 1 | 1 120 
head = 126, count = 3 | 1 126 
head = 120, count = 1 | 120 116 
head = 1, count = 2 | 1 116 
head = 151, count = 1 | 151 116 
head = 126, count = 1 | 211 126 
head = 108, count = 2 | 108 211 
head = 89, count = 3 | 1 89 108 92 
head = 211, count = 2 | 102 211 
head = 1, count = 1 | 1 273 211 
head = 1, count = 2 | 1 88 
head = 120, count = 1 | 102 109 273 275 76 88 120 
head = 101, count = 2 | 101 85 88 83 77 
head = 88, count = 2 | 99 88 
head = 109, count = 3 | 99 109 
head = 77, count = 3 | 78 273 77 
head = 98, count = 1 | 103 98 
head = 98, count = 1 | 92 98 
head = 1, count = 3 | 1 115 
head = 89, count = 1 | 1 89 108 115 
head = 116, count = 1 | 89 116 115 
head = 60, count = 1 | 60 124 
head = 1, count = 1 | 1 124 
head = 115, count = 1 | 115 124 
head = 124, count = 1 | 1 124 
head = 115, count = 4 | 1 115 
head = 124, count = 2 | 124 114 
head = 1, count = 2 | 1 114 
head = 116, count = 1 | 89 116 114 
head = 108, count = 1 | 102 108 
head = 98, count = 1 | 273 98 
head = 114, count = 1 | 102 109 273 275 76 88 114 
head = 83, count = 1 | 99 273 275 83 74 91 82 
head = 108, count = 3 | 1 108 
head = 332, count = 1 | 332 340 
head = 211, count = 1 | 340 211 
head = 92, count = 1 | 341 92 335 330 
head = 98, count = 2 | 342 337 334 98 
head = 340, count = 1 | 1 340 331 
head = 135, count = 1 | 92 338 135 116 
head = 1, count = 2 | 1 118 
head = 89, count = 1 | 1 89 108 118 
head = 114, count = 1 | 89 114 118 
head = 331, count = 1 | 331 118 
head = 106, count = 1 | 89 106 112 138 
head = 114, count = 1 | 89 114 143 138 
head = 118, count = 1 | 118 138 
head = 138, count = 1 | 1 138 
head = 118, count = 3 | 1 118 
head = 138, count = 1 | 138 119 
head = 1, count = 2 | 1 119 
head = 108, count = 1 | 108 119 
head = 121, count = 1 | 121 167 129 119 
head = 331, count = 1 | 1 102 338 331 
head = 330, count = 1 | 330 84 273 
head = 119, count = 1 | 99 273 275 74 91 82 119 
head = 1, count = 3 | 1 136 
head = 89, count = 1 | 1 89 108 136 
head = 119, count = 1 | 89 119 136 
head = 1, count = 1 | 1 111 55 72 
head = 106, count = 1 | 1 89 106 137 72 
head = 118, count = 1 | 118 72 
head = 136, count = 2 | 136 72 
head = 135, count = 2 | 135 68 
head = 72, count = 5 | 1 72 
head = 98, count = 1 | 1 98 68 
head = 1, count = 2 | 1 64 
head = 64, count = 1 | 1 64 
head = 64, count = 1 | 64 66 
head = 1, count = 2 | 1 66 
head = 138, count = 1 | 1 102 89 138 141 
head = 106, count = 1 | 89 106 211 139 145 
head = 106, count = 1 | 89 106 211 146 
head = 136, count = 2 | 211 136 
head = 89, count = 1 | 89 108 92 211 
head = 98, count = 1 | 98 211 
head = 119, count = 1 | 89 211 119 113 
head = 211, count = 1 | 211 208 
head = 208, count = 1 | 207 208 
head = 211, count = 1 | 102 211 208 
head = 116, count = 1 | 89 109 116 132 
head = 1, count = 1 | 1 104 100 
head = 104, count = 1 | 104 101 
head = 66, count = 1 | 102 109 273 275 76 88 66 
head = 101, count = 1 | 101 88 77 
head = 1, count = 1 | 1 107 94 
head = 107, count = 1 | 107 81 
head = 81, count = 1 | 81 82 75 
head = 74, count = 1 | 89 74 
head = 83, count = 1 | 89 83 134 
head = 92, count = 1 | 92 103 98 
head = 87, count = 1 | 87 92 97 98 
head = 1, count = 3 | 1 59 
head = 89, count = 1 | 1 89 108 59 
head = 66, count = 1 | 89 66 59 
head = 1, count = 1 | 1 70 433 438 
head = 106, count = 1 | 1 89 106 63 438 
head = 437, count = 1 | 437 61 438 
head = 59, count = 2 | 59 438 
head = 438, count = 2 | 1 438 
head = 438, count = 1 | 438 395 
head = 89, count = 13 | 89 395 
head = 98, count = 2 | 98 395 
head = 1, count = 5 | 1 395 
head = 340, count = 1 | 340 395 
head = 109, count = 1 | 1 102 99 109 74 395 
head = 83, count = 1 | 89 83 69 67 395 
head = 59, count = 2 | 59 395 
head = 0, count = 2 | 0 395 
head = 395, count = 5 | 396 395 
head = 396, count = 2 | 396 191 
head = 395, count = 4 | 268 395 
head = 395, count = 1 | 395 260 
head = 260, count = 1 | 260 256 
head = 268, count = 1 | 268 256 
head = 256, count = 1 | 268 256 
head = 89, count = 1 | 89 108 268 
head = 1, count = 1 | 1 268 
head = 268, count = 1 | 268 266 
head = 266, count = 1 | 266 253 
head = 268, count = 1 | 268 253 
head = 253, count = 2 | 253 263 
head = 338, count = 1 | 92 338 255 261 
head = 263, count = 1 | 263 261 254 
head = 254, count = 1 | 254 258 
head = 191, count = 2 | 396 191 
head = 256, count = 1 | 396 268 256 266 263 
head = 258, count = 1 | 396 258 
head = 396, count = 2 | 396 270 
head = 395, count = 19 | 395 270 
head = 268, count = 1 | 268 270 
head = 89, count = 1 | 89 270 
head = 0, count = 1 | 0 270 
head = 261, count = 1 | 261 270 
head = 270, count = 2 | 396 270 
head = 396, count = 1 | 396 394 
head = 394, count = 1 | 1 394 
head = 396, count = 2 | 396 346 
head = 268, count = 1 | 268 346 
head = 346, count = 1 | 346 359 
head = 268, count = 3 | 1 268 
head = 270, count = 2 | 1 270 
head = 263, count = 1 | 1 263 
head = 359, count = 1 | 1 359 357 
head = 1, count = 2 | 1 372 
head = 357, count = 1 | 357 345 
head = 372, count = 2 | 372 345 
head = 345, count = 1 | 345 353 
head = 1, count = 1 | 1 353 
head = 372, count = 1 | 372 353 
head = 438, count = 1 | 438 353 
head = 438, count = 1 | 1 268 438 353 
head = 346, count = 1 | 346 378 
head = 345, count = 1 | 345 366 
head = 353, count = 5 | 1 353 
head = 378, count = 1 | 378 361 
head = 1, count = 2 | 1 351 
head = 345, count = 1 | 345 351 
head = 361, count = 1 | 361 344 
head = 351, count = 1 | 351 344 
head = 366, count = 1 | 1 366 361 344 
head = 344, count = 1 | 344 348 
head = 351, count = 1 | 1 351 
head = 348, count = 1 | 1 348 379 
head = 1, count = 2 | 1 363 
head = 379, count = 1 | 379 350 
head = 363, count = 1 | 363 350 
head = 363, count = 1 | 363 354 
head = 1, count = 3 | 1 354 
head = 351, count = 1 | 351 363 354 
head = 354, count = 3 | 1 354 
head = 354, count = 1 | 354 52 
head = 270, count = 17 | 270 52 
head = 1, count = 4 | 1 52 
head = 0, count = 1 | 0 52 
head = 350, count = 1 | 350 52 53 48 
head = 1, count = 1 | 1 50 
head = 52, count = 1 | 52 51 
head = 48, count = 2 | 48 51 
head = 51, count = 2 | 51 49 
head = 50, count = 1 | 1 50 49 365 
head = 51, count = 1 | 51 365 
head = 52, count = 21 | 52 365 
head = 0, count = 1 | 0 365 
head = 365, count = 1 | 1 365 
head = 365, count = 2 | 365 413 
head = 413, count = 1 | 52 413 
head = 365, count = 1 | 48 365 
head = 52, count = 1 | 52 50 
head = 50, count = 1 | 50 51 
head = 51, count = 1 | 51 49 413 
head = 413, count = 2 | 413 403 
head = 365, count = 17 | 365 403 
head = 211, count = 4 | 211 403 
head = 1, count = 5 | 1 403 
head = 89, count = 8 | 89 403 
head = 109, count = 1 | 89 109 74 403 
head = 270, count = 2 | 270 403 
head = 49, count = 1 | 49 413 403 
head = 0, count = 7 | 0 403 
head = 102, count = 1 | 102 99 394 345 365 413 403 
head = 420, count = 1 | 420 403 
head = 0, count = 3 | 0 1 156 60 133 340 268 403 
head = 350, count = 1 | 350 52 51 403 
head = 420, count = 1 | 0 420 403 
head = 89, count = 1 | 89 211 403 
head = 395, count = 1 | 396 395 394 345 365 413 403 
head = 403, count = 24 | 403 412 
head = 0, count = 1 | 0 420 1 61 340 102 89 154 109 211 395 270 52 403 412 
head = 420, count = 1 | 420 412 
head = 365, count = 1 | 365 412 
head = 412, count = 26 | 1 412 
head = 403, count = 21 | 1 403 
head = 420, count = 1 | 420 1 403 
head = 365, count = 1 | 365 408 
head = 408, count = 1 | 1 408 
head = 334, count = 3 | 1 334 
head = 1, count = 1 | 1 417 408 400 
head = 1, count = 2 | 1 400 
head = 400, count = 1 | 1 400 
head = 1, count = 1 | 1 405 
head = 400, count = 1 | 400 405 
head = 405, count = 1 | 1 405 
head = 52, count = 1 | 1 52 
head = 0, count = 1 | 0 1 403 
head = 0, count = 1 | 0 420 1 89 396 395 403 
head = 0, count = 1 | 0 1 395 
head = 59, count = 1 | 1 59 
head = 136, count = 1 | 1 136 
head = 119, count = 1 | 1 89 119 
head = 0, count = 1 | 0 1 340 403 
head = 420, count = 1 | 420 1 89 211 270 
head = 0, count = 1 | 0 1 156 60 133 340 268 154 331 151 165 187 158 171 127 126 115 118 136 72 59 438 353 354 403 
head = 1, count = 2 | 1 276 
head = 276, count = 2 | 276 280 
head = 1, count = 40 | 1 280 
head = 403, count = 1 | 403 280 
head = 1, count = 2 | 1 281 
head = 280, count = 24 | 280 278 
head = 1, count = 1 | 1 280 278 
head = 1, count = 1 | 1 276 281 407 
head = 278, count = 8 | 1 278 
head = 280, count = 5 | 1 280 
head = 403, count = 1 | 1 403 280 
head = 1, count = 2 | 1 399 
head = 400, count = 1 | 400 281 399 
head = 399, count = 2 | 1 399 
head = 405, count = 1 | 1 405 218 
head = 1, count = 2 | 1 213 
head = 213, count = 2 | 213 216 
head = 218, count = 1 | 218 216 
head = 216, count = 4 | 217 216 
head = 217, count = 4 | 1 217 
head = 1, count = 34 | 1 411 
head = 278, count = 1 | 1 278 399 411 
head = 278, count = 11 | 278 411 
head = 0, count = 1 | 0 403 411 
head = 427, count = 1 | 427 346 378 401 
head = 401, count = 2 | 401 414 
head = 411, count = 1 | 411 419 402 
head = 411, count = 22 | 411 402 
head = 270, count = 1 | 270 402 
head = 1, count = 1 | 1 281 402 
head = 1, count = 2 | 1 402 
head = 1, count = 2 | 1 418 
head = 403, count = 1 | 1 403 418 
head = 402, count = 23 | 402 418 
head = 154, count = 1 | 154 331 151 165 187 158 171 127 126 115 118 136 72 59 438 353 354 418 
head = 411, count = 1 | 411 418 
head = 0, count = 2 | 0 418 
head = 420, count = 1 | 420 403 418 
head = 420, count = 1 | 420 418 
head = 403, count = 1 | 1 403 347 
head = 403, count = 1 | 1 403 418 347 
head = 363, count = 1 | 363 347 
head = 1, count = 1 | 1 347 
head = 402, count = 1 | 402 347 
head = 68, count = 1 | 68 66 431 435 
head = 435, count = 1 | 435 450 
head = 450, count = 233 | 450 445 
head = 445, count = 266 | 450 445 
head = 420, count = 31 | 420 445 
head = 0, count = 2 | 0 445 
head = 450, count = 1 | 450 422 
head = 1, count = 6 | 1 43 
head = 399, count = 1 | 399 218 216 404 401 414 43 
head = 347, count = 2 | 347 43 
head = 1, count = 1 | 1 411 419 43 
head = 418, count = 12 | 418 43 
head = 1, count = 1 | 1 418 43 
head = 403, count = 3 | 403 43 
head = 411, count = 6 | 411 43 
head = 344, count = 1 | 344 350 355 43 
head = 346, count = 1 | 346 356 360 375 43 
head = 420, count = 2 | 420 403 43 
head = 420, count = 7 | 420 43 
head = 49, count = 1 | 52 53 48 49 365 376 403 362 43 
head = 418, count = 1 | 418 347 43 
head = 43, count = 9 | 43 47 
head = 47, count = 9 | 47 42 
head = 43, count = 2 | 43 42 
head = 42, count = 9 | 42 46 
head = 43, count = 20 | 43 46 
head = 411, count = 1 | 411 402 418 43 46 
head = 420, count = 2 | 420 46 
head = 211, count = 1 | 108 88 82 211 209 253 372 351 363 51 216 46 
head = 411, count = 2 | 411 43 47 42 46 
head = 46, count = 16 | 1 46 
head = 1, count = 2 | 1 318 
head = 46, count = 2 | 46 318 
head = 42, count = 1 | 42 318 
head = 347, count = 1 | 347 318 
head = 331, count = 1 | 331 318 
head = 414, count = 1 | 414 318 
head = 68, count = 1 | 396 68 395 318 
head = 318, count = 3 | 1 318 
head = 43, count = 1 | 1 43 
head = 418, count = 3 | 1 418 
head = 402, count = 1 | 1 402 
head = 46, count = 1 | 46 465 
head = 465, count = 2 | 465 472 
head = 1, count = 20 | 1 472 
head = 46, count = 7 | 46 472 
head = 418, count = 11 | 418 472 
head = 411, count = 4 | 411 472 
head = 89, count = 1 | 89 273 217 256 472 
head = 280, count = 3 | 280 472 
head = 278, count = 3 | 278 472 
head = 318, count = 1 | 318 469 
head = 334, count = 2 | 334 469 
head = 472, count = 4 | 472 466 
head = 1, count = 1 | 1 468 
head = 411, count = 4 | 1 411 
head = 1, count = 1 | 1 329 
head = 318, count = 1 | 1 318 329 
head = 347, count = 1 | 1 347 
head = 1, count = 1 | 1 312 
head = 329, count = 1 | 329 312 
head = 329, count = 1 | 329 321 
head = 1, count = 6 | 1 321 
head = 312, count = 1 | 312 321 
head = 472, count = 17 | 472 321 
head = 411, count = 1 | 411 321 
head = 46, count = 2 | 46 321 
head = 43, count = 1 | 43 321 
head = 318, count = 1 | 318 308 
head = 308, count = 1 | 1 308 
head = 312, count = 1 | 1 312 
head = 321, count = 15 | 1 321 
head = 1, count = 1 | 1 219 
head = 219, count = 1 | 219 223 
head = 450, count = 1 | 450 429 315 225 229 
head = 450, count = 28 | 450 229 
head = 229, count = 1 | 229 226 
head = 226, count = 1 | 226 228 
head = 450, count = 20 | 450 228 
head = 450, count = 29 | 450 229 228 
head = 422, count = 1 | 422 219 227 229 226 228 
head = 228, count = 1 | 228 224 
head = 224, count = 1 | 224 230 
head = 223, count = 1 | 1 223 222 
head = 42, count = 1 | 1 42 46 
head = 472, count = 6 | 1 472 
head = 466, count = 2 | 1 466 
head = 1, count = 1 | 1 156 60 133 268 
head = 46, count = 2 | 1 46 321 
head = 1, count = 4 | 1 302 
head = 302, count = 2 | 1 302 
head = 1, count = 1 | 1 390 
head = 390, count = 2 | 390 388 
head = 1, count = 24 | 1 388 
head = 321, count = 12 | 321 388 
head = 472, count = 10 | 472 388 
head = 1, count = 2 | 1 386 
head = 388, count = 4 | 388 382 
head = 321, count = 1 | 321 390 297 
head = 1, count = 13 | 1 319 
head = 388, count = 1 | 1 388 319 
head = 1, count = 1 | 1 388 319 
head = 382, count = 2 | 382 319 
head = 388, count = 7 | 388 319 
head = 46, count = 1 | 1 46 319 
head = 319, count = 11 | 1 319 
head = 1, count = 7 | 1 241 
head = 319, count = 3 | 319 241 
head = 241, count = 5 | 1 241 
head = 388, count = 4 | 1 388 
head = 319, count = 1 | 390 319 
head = 319, count = 5 | 388 319 
head = 1, count = 1 | 1 386 241 
head = 386, count = 3 | 386 235 
head = 1, count = 1 | 1 390 384 235 
head = 297, count = 1 | 297 235 
head = 241, count = 1 | 1 390 241 
head = 1, count = 1 | 1 233 
head = 233, count = 1 | 1 233 
head = 235, count = 1 | 1 235 
head = 114, count = 1 | 1 89 114 
head = 1, count = 2 | 1 251 
head = 302, count = 1 | 302 328 297 235 233 239 
head = 302, count = 1 | 302 390 384 235 239 
head = 235, count = 1 | 235 239 243 
head = 1, count = 1 | 1 239 243 
head = 241, count = 4 | 241 243 
head = 251, count = 1 | 1 251 247 243 
head = 1, count = 36 | 1 243 
head = 1, count = 1 | 1 388 243 
head = 388, count = 9 | 388 243 
head = 388, count = 1 | 1 388 243 
head = 382, count = 1 | 382 243 
head = 382, count = 1 | 382 16 
head = 0, count = 1 | 0 1 156 60 133 340 268 403 411 241 243 
head = 16, count = 1 | 243 16 
head = 243, count = 1 | 243 19 
head = 243, count = 1 | 243 21 
head = 243, count = 10 | 243 39 
head = 19, count = 1 | 19 39 
head = 388, count = 7 | 388 39 
head = 472, count = 3 | 472 39 
head = 319, count = 2 | 319 39 
head = 411, count = 5 | 411 39 
head = 39, count = 9 | 243 39 
head = 39, count = 2 | 243 39 14 
head = 243, count = 4 | 243 2 
head = 2, count = 3 | 2 23 
head = 39, count = 21 | 39 23 
head = 280, count = 1 | 280 23 
head = 23, count = 2 | 23 15 12 
head = 243, count = 3 | 243 12 
head = 251, count = 1 | 251 23 12 
head = 1, count = 1 | 1 12 
head = 239, count = 1 | 239 14 17 3 
head = 239, count = 1 | 239 14 28 
head = 12, count = 4 | 12 28 
head = 23, count = 21 | 23 28 
head = 1, count = 1 | 1 243 28 
head = 243, count = 9 | 243 33 
head = 28, count = 27 | 28 33 
head = 402, count = 1 | 402 33 
head = 39, count = 5 | 39 33 
head = 21, count = 1 | 243 21 14 17 3 35 
head = 33, count = 43 | 33 35 
head = 388, count = 12 | 388 35 
head = 280, count = 4 | 280 35 
head = 1, count = 3 | 1 35 
head = 243, count = 4 | 243 35 
head = 35, count = 5 | 243 35 
head = 243, count = 5 | 243 24 
head = 35, count = 3 | 243 35 26 24 
head = 235, count = 1 | 235 30 22 
head = 243, count = 1 | 243 10 
head = 24, count = 7 | 243 24 10 
head = 319, count = 2 | 319 4 
head = 235, count = 1 | 235 8 
head = 22, count = 28 | 30 22 11 
head = 10, count = 23 | 243 10 
head = 386, count = 1 | 386 8 
head = 386, count = 1 | 386 30 22 
head = 235, count = 1 | 235 24 8 
head = 24, count = 2 | 24 8 31 40 
head = 10, count = 1 | 243 10 40 
head = 35, count = 89 | 35 40 
head = 35, count = 3 | 243 35 26 24 37 40 
head = 40, count = 15 | 40 36 
head = 40, count = 3 | 243 40 36 
head = 35, count = 3 | 35 36 
head = 243, count = 1 | 243 19 14 33 36 
head = 36, count = 2 | 36 18 
head = 8, count = 1 | 8 18 
head = 36, count = 2 | 36 18 13 
head = 18, count = 2 | 18 13 
head = 36, count = 17 | 36 13 
head = 36, count = 3 | 36 20 
head = 13, count = 3 | 243 13 20 
head = 13, count = 3 | 13 20 
head = 13, count = 15 | 13 29 
head = 20, count = 6 | 20 29 
head = 29, count = 12 | 39 29 
head = 29, count = 2 | 243 29 
head = 23, count = 1 | 243 23 
head = 243, count = 1 | 243 23 
head = 23, count = 1 | 23 12 
head = 12, count = 2 | 243 12 
head = 3, count = 1 | 14 17 3 4 
head = 28, count = 1 | 14 28 8 
head = 40, count = 1 | 243 14 17 3 35 40 13 
head = 40, count = 50 | 35 40 
head = 10, count = 2 | 10 18 
head = 18, count = 1 | 24 8 18 
head = 10, count = 6 | 243 24 10 
head = 24, count = 15 | 24 8 31 
head = 24, count = 22 | 243 24 
head = 24, count = 13 | 24 31 
head = 8, count = 1 | 24 8 
head = 24, count = 2 | 243 24 40 
head = 20, count = 2 | 14 33 36 20 29 
head = 18, count = 1 | 24 18 
head = 241, count = 1 | 241 18 
head = 2, count = 1 | 2 34 
head = 3, count = 1 | 14 3 28 4 34 
head = 39, count = 1 | 39 14 28 
head = 39, count = 1 | 39 28 
head = 29, count = 1 | 33 29 
head = 40, count = 1 | 14 35 40 13 
head = 24, count = 1 | 24 31 40 
head = 29, count = 3 | 29 25 
head = 10, count = 1 | 10 18 25 
head = 243, count = 1 | 243 25 
head = 243, count = 1 | 243 35 40 
head = 25, count = 1 | 243 25 
head = 35, count = 1 | 243 35 40 
head = 319, count = 1 | 319 243 
head = 243, count = 1 | 243 39 33 35 40 36 13 29 
head = 243, count = 1 | 243 39 28 33 35 40 36 13 20 29 
head = 243, count = 1 | 243 39 28 33 35 36 13 20 29 
head = 243, count = 1 | 243 30 11 234 
head = 234, count = 1 | 1 234 
head = 243, count = 29 | 1 243 
head = 25, count = 1 | 1 25 
head = 34, count = 1 | 1 34 
head = 243, count = 1 | 1 243 30 7 11 8 
head = 1, count = 2 | 1 245 
head = 245, count = 1 | 1 245 231 
head = 1, count = 1 | 1 231 
head = 231, count = 1 | 231 242 237 
head = 1, count = 1 | 1 237 
head = 12, count = 1 | 12 231 237 
head = 12, count = 1 | 12 237 
head = 243, count = 1 | 1 243 237 
head = 28, count = 1 | 243 28 234 240 
head = 28, count = 1 | 243 14 28 8 246 
head = 237, count = 1 | 237 246 252 
head = 237, count = 2 | 237 252 
head = 22, count = 1 | 30 22 11 252 
head = 318, count = 1 | 318 252 
head = 1, count = 5 | 1 293 
head = 243, count = 1 | 1 243 293 
head = 240, count = 1 | 240 293 
head = 252, count = 2 | 252 293 
head = 243, count = 1 | 243 38 293 
head = 25, count = 3 | 25 293 
head = 40, count = 12 | 40 293 
head = 321, count = 1 | 321 293 
head = 29, count = 2 | 29 293 
head = 293, count = 8 | 1 293 
head = 252, count = 3 | 1 252 
head = 246, count = 1 | 246 290 
head = 1, count = 1 | 1 290 
head = 293, count = 1 | 293 290 
head = 290, count = 1 | 1 290 
head = 40, count = 1 | 1 243 40 
head = 1, count = 1 | 1 465 
head = 243, count = 1 | 472 243 
head = 243, count = 1 | 472 243 21 37 13 
head = 40, count = 1 | 472 40 13 
head = 243, count = 1 | 472 243 24 
head = 29, count = 1 | 472 29 25 
head = 293, count = 9 | 472 293 
head = 40, count = 8 | 472 40 
head = 388, count = 2 | 472 388 
head = 1, count = 1 | 1 469 
head = 22, count = 1 | 469 30 22 11 
head = 1, count = 3 | 1 294 
head = 294, count = 2 | 299 294 
head = 294, count = 1 | 1 299 294 
head = 293, count = 1 | 293 299 
head = 1, count = 30 | 1 299 
head = 472, count = 1 | 1 472 299 
head = 472, count = 5 | 472 299 
head = 466, count = 2 | 466 299 
head = 472, count = 1 | 472 205 
head = 205, count = 3 | 299 205 
head = 472, count = 19 | 472 195 
head = 299, count = 39 | 299 195 
head = 1, count = 1 | 1 195 
head = 293, count = 4 | 293 195 
head = 278, count = 1 | 278 195 
head = 40, count = 4 | 40 195 
head = 35, count = 9 | 35 195 
head = 195, count = 15 | 299 195 
head = 299, count = 6 | 299 199 
head = 469, count = 5 | 469 206 
head = 199, count = 3 | 299 199 206 198 
head = 195, count = 3 | 195 196 198 
head = 195, count = 75 | 195 198 
head = 299, count = 9 | 299 195 198 
head = 195, count = 3 | 299 195 198 
head = 243, count = 1 | 243 299 
head = 299, count = 4 | 299 205 
head = 198, count = 15 | 299 198 
head = 299, count = 3 | 299 199 197 
head = 198, count = 3 | 205 198 
head = 198, count = 42 | 195 198 
head = 206, count = 15 | 206 193 
head = 299, count = 10 | 299 327 
head = 290, count = 1 | 468 290 294 205 199 327 
head = 293, count = 5 | 293 327 
head = 198, count = 8 | 198 327 
head = 195, count = 4 | 195 327 
head = 46, count = 1 | 46 327 
head = 327, count = 2 | 327 309 
head = 206, count = 1 | 206 309 
head = 1, count = 1 | 1 309 
head = 299, count = 1 | 299 309 
head = 309, count = 3 | 309 311 
head = 299, count = 1 | 1 299 327 311 
head = 327, count = 6 | 327 311 
head = 299, count = 28 | 299 311 
head = 1, count = 1 | 1 472 311 
head = 299, count = 1 | 299 289 
head = 289, count = 1 | 289 283 
head = 299, count = 1 | 299 283 
head = 205, count = 1 | 205 283 
head = 198, count = 11 | 198 283 
head = 327, count = 9 | 327 283 
head = 311, count = 6 | 311 283 
head = 195, count = 1 | 195 283 
head = 472, count = 1 | 472 283 
head = 283, count = 1 | 283 288 
head = 288, count = 1 | 288 282 
head = 283, count = 16 | 283 282 
head = 311, count = 4 | 311 282 
head = 327, count = 4 | 327 282 
head = 35, count = 1 | 35 282 
head = 195, count = 3 | 195 282 
head = 472, count = 1 | 472 388 282 
head = 1, count = 1 | 1 243 299 311 282 
head = 311, count = 1 | 311 286 
head = 282, count = 25 | 282 286 
head = 311, count = 1 | 311 282 286 
head = 311, count = 1 | 311 283 282 286 
head = 286, count = 6 | 311 286 
head = 282, count = 1 | 311 282 
head = 311, count = 1 | 311 482 
head = 282, count = 1 | 282 286 482 
head = 482, count = 2 | 482 477 
head = 286, count = 11 | 286 477 
head = 282, count = 2 | 282 477 
head = 283, count = 11 | 283 477 
head = 311, count = 7 | 311 477 
head = 198, count = 1 | 198 477 
head = 278, count = 1 | 278 477 
head = 206, count = 3 | 206 288 473 
head = 477, count = 2 | 477 481 
head = 311, count = 1 | 311 475 317 
head = 311, count = 2 | 311 317 
head = 8, count = 1 | 8 202 193 317 
head = 309, count = 1 | 309 317 
head = 317, count = 3 | 317 323 
head = 231, count = 1 | 231 205 323 
head = 237, count = 1 | 237 323 
head = 323, count = 4 | 323 292 
head = 4, count = 1 | 4 194 292 
head = 292, count = 3 | 292 313 
head = 8, count = 1 | 8 193 313 
head = 317, count = 1 | 317 313 
head = 1, count = 1 | 1 461 
head = 311, count = 1 | 1 311 461 
head = 473, count = 1 | 473 461 
head = 313, count = 2 | 313 461 
head = 414, count = 1 | 414 422 43 42 318 301 329 241 322 289 482 460 
head = 461, count = 2 | 1 461 
head = 318, count = 1 | 218 318 465 308 325 243 24 199 287 474 444 
head = 318, count = 1 | 216 318 465 
head = 1, count = 2 | 1 449 
head = 290, count = 1 | 1 465 290 199 197 303 298 449 
head = 20, count = 1 | 243 20 29 299 311 449 
head = 327, count = 1 | 1 327 324 320 305 449 
head = 477, count = 15 | 477 449 
head = 313, count = 1 | 313 449 
head = 327, count = 4 | 327 449 
head = 449, count = 2 | 449 442 
head = 281, count = 1 | 1 281 401 308 243 24 30 11 202 442 
head = 311, count = 1 | 311 442 
head = 461, count = 1 | 461 442 
head = 442, count = 3 | 442 447 
head = 449, count = 1 | 449 447 
head = 1, count = 1 | 1 447 
head = 245, count = 1 | 245 205 447 
head = 1, count = 1 | 1 449 428 
head = 447, count = 2 | 447 457 
head = 253, count = 1 | 253 372 351 457 
head = 292, count = 1 | 292 457 
head = 442, count = 1 | 442 457 
head = 457, count = 4 | 457 426 
head = 170, count = 1 | 89 170 426 
head = 1, count = 2 | 1 426 
head = 108, count = 6 | 108 426 
head = 0, count = 1 | 0 1 156 60 133 340 268 403 411 243 25 447 426 
head = 1, count = 1 | 1 281 426 
head = 4, count = 1 | 4 194 426 
head = 426, count = 2 | 426 441 
head = 334, count = 1 | 334 458 441 
head = 477, count = 2 | 477 441 
head = 441, count = 2 | 441 454 
head = 1, count = 1 | 1 396 395 454 
head = 426, count = 2 | 426 454 
head = 454, count = 4 | 454 424 
head = 12, count = 1 | 12 424 
============================================================
BBLSwitchCount - Thread 0
from = 0 | 420:1 1:1 
from = 420 | 0:1 
from = 1 | 0:1 455:1 437:1 70:1 71:1 60:1 62:1 61:1 56:1 111:1 122:1 133:1 131:1 117:1 121:1 167:1 150:1 156:1 172:1 185:1 153:1 176:1 102:11 99:11 89:11 96:11 87:11 80:11 108:11 92:11 73:5 336:5 332:5 340:5 341:5 335:5 330:5 339:5 333:5 338:5 84:5 93:11 181:1 183:1 154:1 149:1 148:1 170:1 109:7 110:7 104:7 100:7 101:7 85:7 76:7 88:7 83:7 77:7 78:7 90:7 342:15 337:15 334:15 331:4 184:1 169:1 151:1 159:1 177:1 162:1 74:7 105:7 107:7 94:7 81:7 95:7 91:7 82:7 106:7 75:7 86:7 79:7 178:1 175:1 165:1 179:1 168:1 166:1 103:6 97:6 98:6 189:1 155:1 187:1 182:1 163:1 152:1 188:1 161:1 158:1 157:1 174:1 186:1 211:3 210:3 209:2 207:3 173:1 147:1 160:1 171:1 164:1 180:1 129:1 127:1 135:1 123:1 130:1 125:1 112:1 128:1 126:1 140:1 120:1 116:1 142:1 137:1 132:1 115:1 134:1 124:1 114:1 139:1 143:1 118:1 145:1 138:1 119:1 146:1 113:1 136:1 141:1 144:1 55:1 72:1 68:1 65:1 64:1 66:1 208:1 58:1 63:1 69:1 59:1 67:1 57:1 433:1 438:1 446:1 395:1 391:1 396:2 394:1 393:1 392:1 436:1 431:1 427:1 346:1 359:1 377:1 357:1 368:1 372:1 345:1 353:1 352:1 378:1 366:1 343:1 361:1 364:1 351:1 344:1 348:1 373:1 379:1 369:1 363:1 350:1 354:1 370:1 52:1 53:1 48:1 50:1 54:1 51:1 49:1 365:1 376:1 367:1 358:1 413:1 409:1 403:1 412:1 410:1 415:1 417:1 408:1 398:1 397:1 400:1 405:1 276:1 280:1 277:1 281:33 278:1 279:1 407:1 406:1 416:1 399:1 218:2 213:2 212:2 216:2 217:2 215:2 214:2 411:1 404:1 419:1 401:1 414:1 402:1 418:1 362:1 347:1 374:1 355:1 371:1 356:1 360:1 375:1 349:1 435:1 450:312 445:311 422:1 43:1 47:1 42:1 44:1 45:1 46:1 421:1 439:1 429:1 318:1 465:2 472:2 464:2 463:2 467:2 468:2 469:4 470:2 462:2 466:2 471:2 301:1 329:1 312:1 321:1 308:1 304:1 315:1 307:1 219:1 220:1 223:1 221:1 222:1 325:1 291:1 314:1 306:1 295:1 310:1 326:1 300:1 302:1 390:2 388:2 387:2 389:2 383:2 384:2 386:4 385:2 380:2 382:2 381:2 328:1 297:1 319:1 296:1 241:1 235:1 233:1 232:1 238:1 244:1 251:1 247:1 239:1 243:1 234:1 250:1 249:1 236:1 245:1 231:1 242:1 237:1 240:1 246:1 252:1 248:1 293:1 322:1 290:1 294:1 299:4 327:1 303:1 309:1 324:1 311:1 317:1 320:1 323:1 305:1 292:1 298:1 313:1 316:1 444:1 461:1 452:1 460:1 449:1 459:1 443:1 442:1 451:1 447:1 432:1 440:1 428:1 457:1 434:1 458:11 426:11 453:11 456:1 430:1 441:1 448:1 454:1 423:1 424:1 425:1 
from = 455 | 1:1 
from = 437 | 1:1 
from = 70 | 1:1 
from = 71 | 1:1 
from = 60 | 1:1 
from = 62 | 1:1 
from = 61 | 1:1 
from = 56 | 1:1 
from = 111 | 1:1 
from = 122 | 1:1 
from = 133 | 1:1 
from = 131 | 1:1 
from = 117 | 1:1 
from = 121 | 1:1 
from = 167 | 1:1 
from = 150 | 1:1 
from = 156 | 1:1 
from = 172 | 1:1 
from = 185 | 1:1 
from = 153 | 1:1 
from = 176 | 1:1 
from = 102 | 1:11 
from = 99 | 1:11 
from = 89 | 1:11 
from = 96 | 1:11 
from = 87 | 1:11 
from = 80 | 1:11 
from = 108 | 1:11 
from = 92 | 1:11 
from = 73 | 1:5 
from = 336 | 1:5 
from = 332 | 1:5 
from = 340 | 1:5 
from = 341 | 1:5 
from = 335 | 1:5 
from = 330 | 1:5 
from = 339 | 1:5 
from = 333 | 1:5 
from = 338 | 1:5 
from = 84 | 1:5 
from = 93 | 1:11 
from = 181 | 1:1 
from = 183 | 1:1 
from = 154 | 1:1 
from = 149 | 1:1 
from = 148 | 1:1 
from = 170 | 1:1 
from = 109 | 1:7 273:7 271:7 272:7 275:7 274:7 
from = 273 | 109:7 74:7 
from = 271 | 109:7 74:7 
from = 272 | 109:7 74:7 
from = 275 | 109:7 74:7 
from = 274 | 109:7 74:7 
from = 110 | 1:7 
from = 104 | 1:7 
from = 100 | 1:7 
from = 101 | 1:7 
from = 85 | 1:7 
from = 76 | 1:7 
from = 88 | 1:7 
from = 83 | 1:7 
from = 77 | 1:7 
from = 78 | 1:7 
from = 90 | 1:7 
from = 342 | 1:15 
from = 337 | 1:15 
from = 334 | 1:15 
from = 331 | 1:4 
from = 184 | 1:1 
from = 169 | 1:1 
from = 151 | 1:1 
from = 159 | 1:1 
from = 177 | 1:1 
from = 162 | 1:1 
from = 74 | 1:7 273:7 271:7 272:7 275:7 274:7 
from = 105 | 1:7 
from = 107 | 1:7 
from = 94 | 1:7 
from = 81 | 1:7 
from = 95 | 1:7 
from = 91 | 1:7 
from = 82 | 1:7 
from = 106 | 1:7 
from = 75 | 1:7 
from = 86 | 1:7 
from = 79 | 1:7 
from = 178 | 1:1 
from = 175 | 1:1 
from = 165 | 1:1 
from = 179 | 1:1 
from = 168 | 1:1 
from = 166 | 1:1 
from = 103 | 1:6 
from = 97 | 1:6 
from = 98 | 1:6 
from = 189 | 1:1 
from = 155 | 1:1 
from = 187 | 1:1 
from = 182 | 1:1 
from = 163 | 1:1 
from = 152 | 1:1 
from = 188 | 1:1 
from = 161 | 1:1 
from = 158 | 1:1 
from = 157 | 1:1 
from = 174 | 1:1 
from = 186 | 1:1 
from = 211 | 1:3 
from = 210 | 1:3 
from = 209 | 1:2 
from = 207 | 1:3 
from = 173 | 1:1 
from = 147 | 1:1 
from = 160 | 1:1 
from = 171 | 1:1 
from = 164 | 1:1 
from = 180 | 1:1 
from = 129 | 1:1 
from = 127 | 1:1 
from = 135 | 1:1 
from = 123 | 1:1 
from = 130 | 1:1 
from = 125 | 1:1 
from = 112 | 1:1 
from = 128 | 1:1 
from = 126 | 1:1 
from = 140 | 1:1 
from = 120 | 1:1 
from = 116 | 1:1 
from = 142 | 1:1 
from = 137 | 1:1 
from = 132 | 1:1 
from = 115 | 1:1 
from = 134 | 1:1 
from = 124 | 1:1 
from = 114 | 1:1 
from = 139 | 1:1 
from = 143 | 1:1 
from = 118 | 1:1 
from = 145 | 1:1 
from = 138 | 1:1 
from = 119 | 1:1 
from = 146 | 1:1 
from = 113 | 1:1 
from = 136 | 1:1 
from = 141 | 1:1 
from = 144 | 1:1 
from = 55 | 1:1 
from = 72 | 1:1 
from = 68 | 1:1 
from = 65 | 1:1 
from = 64 | 1:1 
from = 66 | 1:1 
from = 208 | 1:1 
from = 58 | 1:1 
from = 63 | 1:1 
from = 69 | 1:1 
from = 59 | 1:1 
from = 67 | 1:1 
from = 57 | 1:1 
from = 433 | 1:1 
from = 438 | 1:1 
from = 446 | 1:1 
from = 395 | 1:1 
from = 391 | 1:1 
from = 396 | 1:2 190:2 191:2 192:2 
from = 190 | 396:2 
from = 191 | 396:2 267:2 268:1 269:2 270:1 
from = 267 | 191:2 
from = 268 | 191:1 259:1 260:1 256:1 257:1 266:1 265:1 253:1 263:1 255:1 261:1 254:1 258:1 262:1 264:1 
from = 259 | 268:1 
from = 260 | 268:1 
from = 256 | 268:1 
from = 257 | 268:1 
from = 266 | 268:1 
from = 265 | 268:1 
from = 253 | 268:1 
from = 263 | 268:1 
from = 255 | 268:1 
from = 261 | 268:1 
from = 254 | 268:1 
from = 258 | 268:1 
from = 262 | 268:1 
from = 264 | 268:1 
from = 269 | 191:2 
from = 192 | 396:2 
from = 270 | 191:1 
from = 394 | 1:1 
from = 393 | 1:1 
from = 392 | 1:1 
from = 436 | 1:1 
from = 431 | 1:1 
from = 427 | 1:1 
from = 346 | 1:1 
from = 359 | 1:1 
from = 377 | 1:1 
from = 357 | 1:1 
from = 368 | 1:1 
from = 372 | 1:1 
from = 345 | 1:1 
from = 353 | 1:1 
from = 352 | 1:1 
from = 378 | 1:1 
from = 366 | 1:1 
from = 343 | 1:1 
from = 361 | 1:1 
from = 364 | 1:1 
from = 351 | 1:1 
from = 344 | 1:1 
from = 348 | 1:1 
from = 373 | 1:1 
from = 379 | 1:1 
from = 369 | 1:1 
from = 363 | 1:1 
from = 350 | 1:1 
from = 354 | 1:1 
from = 370 | 1:1 
from = 52 | 1:1 413:1 
from = 53 | 1:1 413:1 
from = 48 | 1:1 413:1 
from = 50 | 1:1 413:1 
from = 54 | 1:1 413:1 
from = 51 | 1:1 413:1 
from = 49 | 1:1 413:1 
from = 365 | 1:1 
from = 376 | 1:1 
from = 367 | 1:1 
from = 358 | 1:1 
from = 413 | 1:1 52:1 53:1 48:1 50:1 54:1 51:1 49:1 
from = 409 | 1:1 
from = 403 | 1:1 
from = 412 | 1:1 
from = 410 | 1:1 
from = 415 | 1:1 
from = 417 | 1:1 
from = 408 | 1:1 
from = 398 | 1:1 
from = 397 | 1:1 
from = 400 | 1:1 
from = 405 | 1:1 
from = 276 | 1:1 
from = 280 | 1:1 
from = 277 | 1:1 
from = 281 | 1:33 
from = 278 | 1:1 
from = 279 | 1:1 
from = 407 | 1:1 
from = 406 | 1:1 
from = 416 | 1:1 
from = 399 | 1:1 
from = 218 | 1:2 
from = 213 | 1:2 
from = 212 | 1:2 
from = 216 | 1:2 
from = 217 | 1:2 
from = 215 | 1:2 
from = 214 | 1:2 
from = 411 | 1:1 
from = 404 | 1:1 
from = 419 | 1:1 
from = 401 | 1:1 
from = 414 | 1:1 
from = 402 | 1:1 
from = 418 | 1:1 
from = 362 | 1:1 
from = 347 | 1:1 
from = 374 | 1:1 
from = 355 | 1:1 
from = 371 | 1:1 
from = 356 | 1:1 
from = 360 | 1:1 
from = 375 | 1:1 
from = 349 | 1:1 
from = 435 | 1:1 
from = 450 | 1:312 
from = 445 | 1:311 
from = 422 | 1:1 
from = 43 | 1:1 
from = 47 | 1:1 
from = 42 | 1:1 
from = 44 | 1:1 
from = 45 | 1:1 
from = 46 | 1:1 
from = 421 | 1:1 
from = 439 | 1:1 
from = 429 | 1:1 
from = 318 | 1:1 
from = 465 | 1:2 
from = 472 | 1:2 
from = 464 | 1:2 
from = 463 | 1:2 
from = 467 | 1:2 
from = 468 | 1:2 
from = 469 | 1:4 
from = 470 | 1:2 
from = 462 | 1:2 
from = 466 | 1:2 
from = 471 | 1:2 
from = 301 | 1:1 
from = 329 | 1:1 
from = 312 | 1:1 
from = 321 | 1:1 
from = 308 | 1:1 
from = 304 | 1:1 
from = 315 | 1:1 
from = 307 | 1:1 
from = 219 | 1:1 
from = 220 | 1:1 
from = 223 | 1:1 227:1 225:1 229:113 226:1 228:198 224:1 230:1 
from = 227 | 223:1 
from = 225 | 223:1 
from = 229 | 223:113 
from = 226 | 223:1 
from = 228 | 223:198 
from = 224 | 223:1 
from = 230 | 223:1 
from = 221 | 1:1 
from = 222 | 1:1 
from = 325 | 1:1 
from = 291 | 1:1 
from = 314 | 1:1 
from = 306 | 1:1 
from = 295 | 1:1 
from = 310 | 1:1 
from = 326 | 1:1 
from = 300 | 1:1 
from = 302 | 1:1 
from = 390 | 1:2 
from = 388 | 1:2 
from = 387 | 1:2 
from = 389 | 1:2 
from = 383 | 1:2 
from = 384 | 1:2 
from = 386 | 1:4 
from = 385 | 1:2 
from = 380 | 1:2 
from = 382 | 1:2 
from = 381 | 1:2 
from = 328 | 1:1 
from = 297 | 1:1 
from = 319 | 1:1 
from = 296 | 1:1 
from = 241 | 1:1 
from = 235 | 1:1 
from = 233 | 1:1 
from = 232 | 1:1 
from = 238 | 1:1 
from = 244 | 1:1 
from = 251 | 1:1 
from = 247 | 1:1 
from = 239 | 1:1 
from = 243 | 1:1 16:1 19:1 21:1 39:3 14:3 17:2 27:2 9:2 5:2 2:2 23:2 15:2 12:2 3:2 28:3 33:3 35:3 26:3 24:31 30:314 22:30 7:30 10:30 11:314 38:77 4:77 8:77 32:314 31:31 41:31 37:3 40:3 6:3 36:3 18:2 13:3 20:3 29:3 34:1 25:1 
from = 16 | 243:1 
from = 19 | 243:1 
from = 21 | 243:1 
from = 39 | 243:3 
from = 14 | 243:3 
from = 17 | 243:2 
from = 27 | 243:2 
from = 9 | 243:2 
from = 5 | 243:2 
from = 2 | 243:2 
from = 23 | 243:2 
from = 15 | 243:2 
from = 12 | 243:2 
from = 3 | 243:2 
from = 28 | 243:3 
from = 33 | 243:3 
from = 35 | 243:3 
from = 26 | 243:3 
from = 24 | 243:31 
from = 30 | 243:314 
from = 22 | 243:30 
from = 7 | 243:30 
from = 10 | 243:30 
from = 11 | 243:314 
from = 38 | 243:77 
from = 4 | 243:77 
from = 8 | 243:77 
from = 32 | 243:314 
from = 31 | 243:31 
from = 41 | 243:31 
from = 37 | 243:3 
from = 40 | 243:3 
from = 6 | 243:3 
from = 36 | 243:3 
from = 18 | 243:2 
from = 13 | 243:3 
from = 20 | 243:3 
from = 29 | 243:3 
from = 34 | 243:1 
from = 25 | 243:1 
from = 234 | 1:1 
from = 250 | 1:1 
from = 249 | 1:1 
from = 236 | 1:1 
from = 245 | 1:1 
from = 231 | 1:1 
from = 242 | 1:1 
from = 237 | 1:1 
from = 240 | 1:1 
from = 246 | 1:1 
from = 252 | 1:1 
from = 248 | 1:1 
from = 293 | 1:1 
from = 322 | 1:1 
from = 290 | 1:1 
from = 294 | 1:1 
from = 299 | 1:4 205:4 195:3 201:3 196:3 199:3 202:31 197:31 194:314 200:314 206:31 198:3 203:3 204:4 193:77 
from = 205 | 299:4 
from = 195 | 299:3 
from = 201 | 299:3 
from = 196 | 299:3 
from = 199 | 299:3 
from = 202 | 299:31 
from = 197 | 299:31 
from = 194 | 299:314 
from = 200 | 299:314 
from = 206 | 299:31 
from = 198 | 299:3 
from = 203 | 299:3 
from = 204 | 299:4 
from = 193 | 299:77 
from = 327 | 1:1 
from = 303 | 1:1 
from = 309 | 1:1 
from = 324 | 1:1 
from = 311 | 1:1 289:1 283:1 287:1 288:32 282:1 286:1 284:1 285:1 482:1 477:1 474:1 479:1 476:1 475:1 473:4 478:1 483:1 481:1 480:1 
from = 289 | 311:1 
from = 283 | 311:1 
from = 287 | 311:1 
from = 288 | 311:32 
from = 282 | 311:1 
from = 286 | 311:1 
from = 284 | 311:1 
from = 285 | 311:1 
from = 482 | 311:1 
from = 477 | 311:1 
from = 474 | 311:1 
from = 479 | 311:1 
from = 476 | 311:1 
from = 475 | 311:1 
from = 473 | 311:4 
from = 478 | 311:1 
from = 483 | 311:1 
from = 481 | 311:1 
from = 480 | 311:1 
from = 317 | 1:1 
from = 320 | 1:1 
from = 323 | 1:1 
from = 305 | 1:1 
from = 292 | 1:1 
from = 298 | 1:1 
from = 313 | 1:1 
from = 316 | 1:1 
from = 444 | 1:1 
from = 461 | 1:1 
from = 452 | 1:1 
from = 460 | 1:1 
from = 449 | 1:1 
from = 459 | 1:1 
from = 443 | 1:1 
from = 442 | 1:1 
from = 451 | 1:1 
from = 447 | 1:1 
from = 432 | 1:1 
from = 440 | 1:1 
from = 428 | 1:1 
from = 457 | 1:1 
from = 434 | 1:1 
from = 458 | 1:11 
from = 426 | 1:11 
from = 453 | 1:11 
from = 456 | 1:1 
from = 430 | 1:1 
from = 441 | 1:1 
from = 448 | 1:1 
from = 454 | 1:1 
from = 423 | 1:1 
from = 424 | 1:1 
from = 425 | 1:1 
