============================================================
ReuseSegment - Thread 0
head = 0, count = 88 | 0 413 
head = 413, count = 4 | 413 1 
head = 0, count = 33 | 0 1 
head = 1, count = 1 | 1 430 
head = 1, count = 1 | 1 71 
head = 71, count = 1 | 71 72 
head = 1, count = 4 | 1 61 
head = 430, count = 1 | 430 61 
head = 72, count = 1 | 72 61 
head = 61, count = 2 | 61 62 
head = 1, count = 18 | 1 62 
head = 0, count = 1 | 0 62 
head = 61, count = 1 | 61 57 
head = 62, count = 1 | 62 57 
head = 62, count = 3 | 1 62 
head = 62, count = 1 | 62 112 
head = 1, count = 1 | 1 123 
head = 123, count = 1 | 123 134 
head = 62, count = 4 | 62 134 
head = 61, count = 1 | 61 134 
head = 57, count = 1 | 57 134 
head = 112, count = 1 | 112 134 
head = 134, count = 2 | 134 118 
head = 134, count = 1 | 134 122 
head = 118, count = 1 | 118 122 
head = 118, count = 1 | 1 118 122 
head = 134, count = 1 | 1 134 
head = 62, count = 1 | 151 62 
head = 151, count = 1 | 151 157 
head = 62, count = 3 | 157 62 
head = 134, count = 1 | 157 134 
head = 122, count = 1 | 157 122 
head = 168, count = 1 | 157 168 
head = 157, count = 2 | 157 186 
head = 157, count = 1 | 157 154 
head = 186, count = 2 | 186 154 
head = 1, count = 1 | 1 154 
head = 1, count = 1 | 1 430 154 
head = 134, count = 1 | 134 154 
head = 62, count = 1 | 62 154 
head = 154, count = 2 | 1 154 
head = 157, count = 4 | 1 157 
head = 154, count = 2 | 154 177 
head = 1, count = 2 | 1 177 
head = 134, count = 1 | 134 177 
head = 62, count = 3 | 62 103 
head = 0, count = 2 | 0 103 
head = 103, count = 8 | 103 100 
head = 100, count = 4 | 100 90 
head = 103, count = 21 | 103 90 
head = 413, count = 1 | 413 90 
head = 62, count = 1 | 62 90 
head = 1, count = 32 | 1 90 
head = 0, count = 2 | 0 90 
head = 90, count = 54 | 1 90 
head = 100, count = 4 | 1 100 
head = 177, count = 1 | 1 177 90 
head = 90, count = 7 | 1 90 88 
head = 1, count = 16 | 1 109 
head = 88, count = 7 | 88 93 
head = 109, count = 15 | 109 93 
head = 109, count = 6 | 1 109 
head = 1, count = 5 | 1 329 
head = 329, count = 5 | 329 325 
head = 325, count = 4 | 325 333 
head = 90, count = 26 | 333 90 
head = 103, count = 1 | 333 103 
head = 0, count = 1 | 0 333 
head = 1, count = 16 | 1 333 
head = 93, count = 5 | 333 93 
head = 333, count = 1 | 333 334 
head = 334, count = 1 | 334 328 
head = 328, count = 5 | 328 323 
head = 93, count = 4 | 334 93 328 323 
head = 154, count = 1 | 329 154 93 331 
head = 1, count = 1 | 1 155 
head = 333, count = 20 | 333 155 
head = 333, count = 1 | 1 333 331 155 
head = 413, count = 1 | 413 155 
head = 0, count = 2 | 0 155 
head = 90, count = 1 | 1 90 109 155 
head = 177, count = 1 | 177 90 155 
head = 0, count = 1 | 0 1 157 61 134 333 155 
head = 62, count = 1 | 62 149 
head = 177, count = 1 | 177 90 184 149 
head = 155, count = 1 | 155 149 
head = 149, count = 1 | 1 149 
head = 155, count = 4 | 1 155 
head = 149, count = 1 | 149 171 
head = 1, count = 2 | 1 171 
head = 109, count = 1 | 109 171 
head = 177, count = 1 | 177 90 182 171 
head = 90, count = 6 | 1 90 109 93 
head = 1, count = 6 | 1 103 
head = 155, count = 1 | 103 155 
head = 103, count = 13 | 103 110 
head = 110, count = 7 | 110 266 
head = 323, count = 3 | 323 85 266 
head = 266, count = 8 | 110 266 
head = 155, count = 17 | 155 110 
head = 333, count = 5 | 333 110 
head = 90, count = 1 | 90 110 
head = 103, count = 1 | 103 100 110 
head = 266, count = 7 | 110 266 264 
head = 413, count = 1 | 413 110 
head = 110, count = 17 | 1 110 
head = 1, count = 7 | 1 105 
head = 105, count = 7 | 105 101 
head = 101, count = 7 | 101 102 
head = 1, count = 5 | 1 89 
head = 149, count = 1 | 103 149 110 266 268 77 89 
head = 89, count = 7 | 89 84 
head = 102, count = 5 | 102 86 89 84 78 
head = 89, count = 5 | 100 89 
head = 110, count = 4 | 100 110 
head = 110, count = 7 | 90 110 
head = 155, count = 2 | 90 155 
head = 78, count = 3 | 90 79 78 
head = 333, count = 6 | 1 333 
head = 328, count = 2 | 1 328 
head = 155, count = 1 | 333 155 
head = 323, count = 1 | 323 335 
head = 335, count = 9 | 335 330 
head = 330, count = 15 | 330 327 
head = 323, count = 1 | 323 335 327 
head = 109, count = 1 | 109 330 327 
head = 333, count = 3 | 1 333 324 
head = 333, count = 6 | 333 324 
head = 327, count = 4 | 327 324 
head = 1, count = 3 | 1 324 
head = 1, count = 3 | 1 333 324 
head = 331, count = 2 | 329 93 331 
head = 1, count = 1 | 1 152 
head = 90, count = 1 | 1 90 109 152 
head = 171, count = 1 | 90 171 152 
head = 324, count = 2 | 324 152 
head = 134, count = 1 | 134 178 
head = 171, count = 1 | 100 90 171 185 178 
head = 62, count = 1 | 62 178 
head = 152, count = 1 | 152 178 
head = 178, count = 1 | 1 178 
head = 152, count = 3 | 1 152 
head = 324, count = 4 | 1 324 
head = 178, count = 1 | 178 163 
head = 1, count = 2 | 1 163 
head = 327, count = 1 | 327 163 
head = 62, count = 1 | 62 163 
head = 84, count = 1 | 90 84 160 163 
head = 324, count = 2 | 1 103 331 324 
head = 100, count = 13 | 100 75 
head = 75, count = 6 | 266 75 
head = 266, count = 8 | 266 75 
head = 266, count = 7 | 266 264 75 
head = 75, count = 26 | 1 75 
head = 1, count = 7 | 1 108 
head = 108, count = 7 | 108 95 
head = 95, count = 7 | 95 82 
head = 1, count = 3 | 1 83 
head = 163, count = 1 | 100 266 268 163 75 83 
head = 83, count = 7 | 83 107 
head = 82, count = 3 | 82 96 83 107 76 
head = 83, count = 3 | 90 83 
head = 324, count = 3 | 90 324 
head = 333, count = 6 | 333 90 
head = 76, count = 3 | 90 76 87 
head = 333, count = 1 | 333 335 
head = 323, count = 1 | 323 330 
head = 327, count = 10 | 335 330 327 
head = 330, count = 1 | 335 330 
head = 1, count = 1 | 1 166 
head = 90, count = 1 | 1 90 109 166 
head = 163, count = 1 | 90 163 166 
head = 324, count = 2 | 324 166 
head = 163, count = 1 | 90 268 163 92 107 179 169 
head = 163, count = 1 | 90 163 176 169 
head = 166, count = 1 | 166 169 
head = 169, count = 1 | 1 169 
head = 166, count = 4 | 1 166 
head = 169, count = 1 | 169 167 
head = 163, count = 1 | 90 163 167 
head = 1, count = 2 | 1 167 
head = 178, count = 1 | 90 178 180 167 
head = 169, count = 1 | 103 110 266 268 77 89 169 
head = 1, count = 1 | 1 104 
head = 104, count = 4 | 104 98 
head = 98, count = 6 | 98 99 
head = 93, count = 6 | 104 93 98 99 
head = 331, count = 2 | 93 331 99 
head = 1, count = 3 | 1 188 
head = 90, count = 1 | 1 90 109 188 
head = 167, count = 1 | 90 167 188 
head = 154, count = 1 | 154 164 
head = 84, count = 1 | 90 84 183 164 
head = 188, count = 1 | 188 164 
head = 164, count = 1 | 1 164 
head = 188, count = 4 | 1 188 
head = 164, count = 1 | 164 153 
head = 167, count = 1 | 90 167 153 
head = 1, count = 2 | 1 153 
head = 107, count = 1 | 90 107 153 
head = 167, count = 1 | 100 90 167 190 153 
head = 109, count = 1 | 103 109 
head = 99, count = 1 | 266 99 
head = 164, count = 1 | 103 110 266 268 89 164 
head = 93, count = 6 | 1 93 
head = 327, count = 8 | 335 327 
head = 327, count = 1 | 330 327 
head = 99, count = 1 | 330 327 99 
head = 0, count = 2 | 0 324 
head = 99, count = 2 | 329 93 331 99 
head = 1, count = 2 | 1 159 
head = 90, count = 1 | 1 90 109 159 
head = 153, count = 1 | 90 153 159 
head = 324, count = 1 | 324 159 
head = 62, count = 1 | 62 175 
head = 159, count = 1 | 159 175 
head = 175, count = 1 | 1 175 
head = 159, count = 3 | 1 159 
head = 175, count = 1 | 175 187 
head = 153, count = 1 | 90 153 187 
head = 1, count = 2 | 1 187 
head = 323, count = 1 | 1 323 85 
head = 159, count = 1 | 159 212 
head = 1, count = 15 | 1 212 
head = 110, count = 16 | 110 212 
head = 333, count = 3 | 333 212 
head = 90, count = 15 | 90 212 
head = 62, count = 1 | 62 118 186 109 89 83 212 
head = 324, count = 1 | 1 331 324 212 
head = 324, count = 1 | 324 212 
head = 177, count = 1 | 177 103 100 90 150 212 
head = 212, count = 3 | 212 210 
head = 1, count = 1 | 1 210 
head = 210, count = 2 | 210 208 
head = 212, count = 3 | 1 212 208 
head = 210, count = 2 | 103 210 
head = 212, count = 1 | 103 212 
head = 1, count = 2 | 1 266 212 
head = 187, count = 1 | 103 110 266 268 77 89 187 
head = 78, count = 2 | 79 266 78 
head = 208, count = 1 | 100 266 268 75 83 208 
head = 212, count = 43 | 90 212 
head = 323, count = 2 | 104 323 
head = 331, count = 1 | 93 331 99 187 
head = 1, count = 3 | 1 172 
head = 90, count = 1 | 1 90 109 172 
head = 187, count = 1 | 90 187 172 
head = 1, count = 1 | 1 128 
head = 107, count = 1 | 1 90 107 128 
head = 118, count = 1 | 118 186 128 
head = 172, count = 2 | 172 128 
head = 154, count = 1 | 154 136 
head = 128, count = 5 | 1 128 
head = 84, count = 1 | 1 90 84 
head = 99, count = 3 | 1 99 
head = 172, count = 3 | 1 172 
head = 167, count = 1 | 1 90 167 156 
head = 171, count = 1 | 1 90 171 170 
head = 84, count = 1 | 1 90 84 161 165 
head = 153, count = 1 | 1 90 268 77 84 153 162 158 
head = 212, count = 6 | 1 212 
head = 212, count = 1 | 1 90 268 92 107 212 208 148 
head = 178, count = 1 | 1 103 90 178 
head = 154, count = 1 | 1 154 136 
head = 187, count = 1 | 1 90 187 
head = 61, count = 1 | 61 131 
head = 122, count = 1 | 122 168 130 131 
head = 1, count = 1 | 1 131 
head = 131, count = 1 | 1 131 
head = 153, count = 1 | 1 100 90 153 
head = 131, count = 1 | 131 126 
head = 1, count = 2 | 1 126 
head = 61, count = 1 | 61 126 
head = 153, count = 1 | 103 90 153 189 
head = 1, count = 5 | 1 266 
head = 1, count = 1 | 1 75 
head = 1, count = 4 | 1 108 95 82 
head = 82, count = 4 | 82 96 83 
head = 126, count = 1 | 100 266 268 75 92 83 126 
head = 83, count = 4 | 83 107 76 
head = 76, count = 4 | 90 76 
head = 82, count = 4 | 90 82 87 
head = 126, count = 1 | 1 90 126 
head = 1, count = 4 | 1 88 
head = 88, count = 4 | 88 109 
head = 1, count = 1 | 1 93 99 
head = 1, count = 4 | 1 127 
head = 126, count = 1 | 90 126 127 
head = 61, count = 1 | 61 121 
head = 62, count = 1 | 62 121 
head = 127, count = 1 | 127 121 
head = 121, count = 1 | 1 121 
head = 127, count = 4 | 1 127 
head = 121, count = 1 | 121 117 
head = 1, count = 2 | 1 117 
head = 152, count = 1 | 152 117 
head = 131, count = 1 | 103 90 212 131 141 
head = 90, count = 3 | 1 90 88 109 93 
head = 212, count = 1 | 103 212 210 
head = 212, count = 1 | 110 212 
head = 1, count = 2 | 1 105 101 102 
head = 102, count = 2 | 102 86 89 
head = 121, count = 1 | 103 110 266 268 77 89 121 
head = 89, count = 2 | 89 84 78 
head = 78, count = 2 | 100 78 
head = 1, count = 2 | 1 100 
head = 102, count = 2 | 79 266 102 
head = 110, count = 2 | 110 75 
head = 208, count = 1 | 100 266 268 75 92 83 208 
head = 90, count = 3 | 90 109 
head = 99, count = 1 | 104 99 
head = 99, count = 1 | 93 99 
head = 1, count = 4 | 1 116 
head = 117, count = 1 | 90 117 116 
head = 107, count = 1 | 90 107 113 125 
head = 117, count = 1 | 90 117 133 125 
head = 116, count = 1 | 116 125 
head = 125, count = 1 | 1 125 
head = 116, count = 4 | 1 116 
head = 125, count = 1 | 125 115 
head = 1, count = 3 | 1 115 
head = 117, count = 1 | 90 117 115 
head = 99, count = 1 | 103 99 
head = 1, count = 1 | 1 110 
head = 125, count = 1 | 103 110 266 268 77 89 125 
head = 115, count = 1 | 100 266 268 75 92 83 115 
head = 1, count = 1 | 1 334 328 323 
head = 99, count = 2 | 335 330 327 99 
head = 1, count = 3 | 1 119 
head = 115, count = 1 | 90 115 119 
head = 324, count = 1 | 324 119 
head = 84, count = 1 | 90 84 135 139 
head = 119, count = 1 | 119 139 
head = 139, count = 1 | 1 139 
head = 119, count = 3 | 1 119 
head = 1, count = 2 | 1 120 
head = 109, count = 1 | 109 120 
head = 107, count = 1 | 90 107 140 120 
head = 120, count = 1 | 1 120 
head = 323, count = 1 | 1 103 323 85 
head = 325, count = 1 | 1 325 103 331 
head = 324, count = 1 | 324 75 
head = 120, count = 1 | 100 266 268 75 92 83 120 
head = 1, count = 1 | 1 90 114 137 
head = 1, count = 3 | 1 137 
head = 120, count = 1 | 90 120 137 
head = 1, count = 1 | 1 73 
head = 107, count = 1 | 90 107 138 73 
head = 119, count = 1 | 119 73 
head = 137, count = 2 | 137 73 
head = 136, count = 1 | 136 69 
head = 136, count = 1 | 136 117 69 
head = 73, count = 4 | 1 73 
head = 1, count = 1 | 1 69 
head = 1, count = 1 | 1 65 
head = 57, count = 1 | 57 112 56 65 
head = 65, count = 1 | 1 65 67 
head = 1, count = 1 | 1 67 
head = 84, count = 1 | 1 90 84 146 
head = 73, count = 1 | 212 73 
head = 107, count = 1 | 90 107 212 147 
head = 126, count = 1 | 90 212 126 129 
head = 137, count = 2 | 212 137 
head = 90, count = 1 | 1 90 88 109 93 212 
head = 99, count = 1 | 99 212 
head = 90, count = 1 | 90 109 212 
head = 115, count = 1 | 90 212 115 144 
head = 65, count = 1 | 212 65 
head = 212, count = 1 | 212 209 
head = 209, count = 1 | 208 209 
head = 139, count = 1 | 1 103 90 139 142 
head = 212, count = 1 | 103 212 209 
head = 212, count = 1 | 266 212 
head = 1, count = 1 | 1 101 102 
head = 208, count = 1 | 103 110 266 268 77 89 208 
head = 102, count = 1 | 266 102 
head = 1, count = 1 | 1 95 82 
head = 84, count = 1 | 100 266 268 84 75 92 83 
head = 82, count = 1 | 90 82 
head = 99, count = 1 | 1 93 99 
head = 1, count = 3 | 1 60 
head = 90, count = 1 | 90 109 60 
head = 67, count = 1 | 90 67 60 
head = 1, count = 1 | 1 431 
head = 107, count = 1 | 90 107 64 68 431 
head = 430, count = 1 | 430 62 431 
head = 60, count = 2 | 60 431 
head = 431, count = 2 | 1 431 
head = 1, count = 5 | 1 388 
head = 90, count = 14 | 90 388 
head = 90, count = 1 | 90 109 93 388 
head = 109, count = 1 | 109 388 
head = 99, count = 1 | 99 388 
head = 110, count = 1 | 1 103 100 110 75 388 
head = 431, count = 1 | 431 388 
head = 67, count = 1 | 90 67 70 388 
head = 60, count = 2 | 60 388 
head = 0, count = 2 | 0 388 
head = 388, count = 5 | 389 388 
head = 388, count = 1 | 192 388 
head = 192, count = 1 | 192 261 
head = 388, count = 4 | 261 388 
head = 261, count = 1 | 261 253 
head = 388, count = 1 | 388 249 
head = 253, count = 1 | 253 249 
head = 249, count = 1 | 261 249 
head = 1, count = 1 | 1 261 
head = 249, count = 1 | 261 249 259 
head = 261, count = 2 | 261 246 
head = 259, count = 1 | 259 256 
head = 246, count = 1 | 246 256 
head = 99, count = 1 | 99 248 254 
head = 69, count = 1 | 69 67 254 
head = 256, count = 1 | 256 254 247 
head = 247, count = 1 | 247 251 
head = 261, count = 1 | 389 192 261 
head = 251, count = 1 | 389 261 251 
head = 246, count = 1 | 389 246 
head = 389, count = 1 | 389 192 
head = 192, count = 1 | 192 263 
head = 388, count = 19 | 388 263 
head = 261, count = 1 | 261 263 
head = 90, count = 1 | 90 263 
head = 0, count = 1 | 0 263 
head = 389, count = 1 | 389 263 
head = 254, count = 1 | 254 263 
head = 263, count = 1 | 389 192 263 
head = 263, count = 1 | 389 263 
head = 389, count = 2 | 389 387 
head = 69, count = 1 | 389 69 420 
head = 387, count = 1 | 1 387 
head = 389, count = 2 | 389 339 
head = 387, count = 1 | 387 339 
head = 261, count = 1 | 261 352 
head = 352, count = 1 | 1 352 
head = 261, count = 2 | 1 261 
head = 263, count = 3 | 1 263 
head = 256, count = 1 | 1 256 
head = 339, count = 1 | 339 350 
head = 1, count = 1 | 1 350 365 
head = 1, count = 1 | 1 365 
head = 350, count = 1 | 350 338 
head = 365, count = 2 | 365 338 
head = 1, count = 1 | 1 338 
head = 338, count = 2 | 338 346 
head = 365, count = 1 | 365 346 
head = 431, count = 1 | 431 346 
head = 431, count = 1 | 1 261 431 346 
head = 339, count = 1 | 339 371 
head = 346, count = 1 | 346 359 
head = 359, count = 1 | 1 359 
head = 346, count = 4 | 1 346 
head = 371, count = 1 | 371 354 
head = 1, count = 1 | 1 354 344 
head = 1, count = 1 | 1 344 
head = 338, count = 1 | 338 344 
head = 354, count = 1 | 354 337 
head = 344, count = 1 | 344 337 
head = 338, count = 1 | 338 337 
head = 344, count = 1 | 344 337 341 
head = 341, count = 1 | 1 341 
head = 337, count = 1 | 337 372 
head = 1, count = 1 | 1 372 356 
head = 1, count = 1 | 1 356 
head = 372, count = 1 | 372 343 
head = 356, count = 1 | 356 343 
head = 356, count = 1 | 356 343 347 
head = 1, count = 3 | 1 347 
head = 344, count = 1 | 344 356 347 
head = 347, count = 4 | 1 347 
head = 1, count = 4 | 1 53 
head = 263, count = 17 | 263 53 
head = 90, count = 1 | 90 53 
head = 0, count = 1 | 0 53 
head = 1, count = 1 | 1 49 
head = 53, count = 1 | 53 51 
head = 51, count = 1 | 51 52 
head = 49, count = 2 | 49 52 
head = 52, count = 2 | 52 50 
head = 50, count = 1 | 1 50 358 
head = 52, count = 1 | 1 52 50 358 
head = 53, count = 21 | 53 358 
head = 0, count = 1 | 0 358 
head = 358, count = 1 | 1 358 369 
head = 358, count = 3 | 1 358 
head = 358, count = 1 | 358 406 
head = 358, count = 1 | 53 358 
head = 358, count = 1 | 49 358 
head = 406, count = 1 | 51 406 
head = 53, count = 1 | 53 52 
head = 51, count = 1 | 51 50 406 
head = 406, count = 1 | 406 396 
head = 212, count = 3 | 212 396 
head = 358, count = 16 | 358 396 
head = 1, count = 6 | 1 396 
head = 90, count = 9 | 90 396 
head = 110, count = 1 | 90 110 75 396 
head = 52, count = 1 | 52 396 
head = 263, count = 1 | 263 396 
head = 50, count = 1 | 50 406 396 
head = 0, count = 7 | 0 396 
head = 103, count = 1 | 103 100 387 338 358 406 396 
head = 413, count = 1 | 413 396 
head = 0, count = 3 | 0 1 157 61 134 333 261 396 
head = 343, count = 1 | 343 53 52 396 
head = 413, count = 1 | 0 413 396 
head = 90, count = 1 | 90 212 396 
head = 388, count = 1 | 389 388 387 338 358 406 396 
head = 396, count = 25 | 396 405 
head = 0, count = 1 | 0 413 1 62 333 103 90 155 110 212 388 263 53 396 405 
head = 413, count = 1 | 413 405 
head = 405, count = 26 | 1 405 
head = 396, count = 20 | 1 396 
head = 413, count = 1 | 413 1 396 
head = 0, count = 1 | 0 1 157 61 134 333 261 155 324 152 166 188 159 172 128 127 116 119 137 73 60 431 346 347 396 
head = 1, count = 1 | 1 410 401 
head = 401, count = 1 | 401 393 
head = 1, count = 1 | 1 393 
head = 393, count = 1 | 393 398 
head = 1, count = 1 | 1 398 
head = 398, count = 2 | 1 398 
head = 53, count = 1 | 1 53 
head = 0, count = 1 | 0 1 396 
head = 0, count = 1 | 0 413 1 90 389 388 396 
head = 0, count = 1 | 0 1 388 
head = 60, count = 1 | 1 60 
head = 137, count = 1 | 1 137 
head = 120, count = 1 | 1 90 120 
head = 0, count = 1 | 0 1 333 396 
head = 413, count = 1 | 413 1 90 212 263 
head = 0, count = 1 | 0 1 157 61 134 333 
head = 1, count = 2 | 1 269 
head = 269, count = 2 | 269 273 
head = 1, count = 40 | 1 273 
head = 396, count = 1 | 396 273 
head = 1, count = 1 | 1 274 
head = 273, count = 24 | 273 271 
head = 1, count = 1 | 1 273 271 
head = 1, count = 1 | 1 269 274 400 
head = 271, count = 9 | 1 271 
head = 273, count = 5 | 1 273 
head = 396, count = 1 | 1 396 273 
head = 1, count = 2 | 1 392 
head = 393, count = 1 | 1 393 274 392 
head = 392, count = 1 | 1 392 
head = 392, count = 1 | 392 219 
head = 1, count = 2 | 1 214 
head = 1, count = 2 | 1 217 
head = 219, count = 1 | 218 219 217 
head = 217, count = 4 | 218 217 
head = 218, count = 5 | 1 218 
head = 214, count = 1 | 1 218 214 404 
head = 1, count = 33 | 1 404 
head = 271, count = 1 | 1 271 392 404 
head = 271, count = 10 | 271 404 
head = 0, count = 1 | 0 396 404 
head = 394, count = 1 | 394 407 
head = 404, count = 22 | 404 395 
head = 263, count = 1 | 263 395 
head = 1, count = 5 | 1 395 
head = 1, count = 1 | 1 404 411 
head = 1, count = 2 | 1 411 
head = 395, count = 22 | 395 411 
head = 155, count = 1 | 155 324 152 166 188 159 172 128 127 116 119 137 73 60 431 346 347 411 
head = 0, count = 2 | 0 411 
head = 404, count = 1 | 404 411 
head = 413, count = 1 | 413 396 411 
head = 413, count = 1 | 413 411 
head = 396, count = 1 | 1 396 411 
head = 1, count = 3 | 1 340 
head = 396, count = 1 | 1 396 340 
head = 356, count = 1 | 356 340 
head = 263, count = 1 | 263 424 420 428 
head = 428, count = 1 | 428 443 
head = 443, count = 233 | 443 438 
head = 438, count = 266 | 443 438 
head = 413, count = 31 | 413 438 
head = 0, count = 1 | 0 438 
head = 413, count = 1 | 0 413 438 
head = 443, count = 1 | 443 415 
head = 0, count = 1 | 0 415 
head = 1, count = 5 | 1 44 
head = 1, count = 1 | 1 404 412 407 44 
head = 340, count = 2 | 340 44 
head = 411, count = 12 | 411 44 
head = 1, count = 2 | 1 411 44 
head = 396, count = 2 | 396 44 
head = 396, count = 1 | 1 396 411 44 
head = 392, count = 1 | 392 219 217 397 412 394 44 
head = 404, count = 6 | 404 44 
head = 337, count = 1 | 337 343 44 
head = 339, count = 1 | 339 348 349 353 44 
head = 413, count = 2 | 413 396 44 
head = 413, count = 7 | 413 44 
head = 343, count = 1 | 343 53 54 49 396 355 368 44 
head = 411, count = 1 | 411 340 44 
head = 44, count = 9 | 44 48 
head = 48, count = 9 | 48 43 
head = 44, count = 3 | 44 43 
head = 43, count = 10 | 43 47 
head = 44, count = 19 | 44 47 
head = 404, count = 1 | 404 395 411 44 47 
head = 413, count = 2 | 413 47 
head = 212, count = 1 | 109 89 83 212 210 246 365 344 356 52 217 47 
head = 404, count = 2 | 404 44 48 43 47 
head = 47, count = 9 | 1 47 
head = 43, count = 1 | 1 43 
head = 47, count = 9 | 47 311 
head = 404, count = 4 | 404 311 
head = 1, count = 9 | 1 404 311 
head = 1, count = 3 | 1 311 
head = 0, count = 1 | 0 1 157 61 134 333 261 396 404 311 
head = 420, count = 1 | 420 339 371 311 
head = 311, count = 12 | 1 311 
head = 411, count = 4 | 1 411 
head = 44, count = 1 | 1 44 
head = 340, count = 2 | 1 340 
head = 47, count = 1 | 47 458 
head = 458, count = 2 | 458 465 
head = 1, count = 22 | 1 465 
head = 47, count = 7 | 47 465 
head = 411, count = 10 | 411 465 
head = 404, count = 4 | 404 465 
head = 90, count = 1 | 90 266 218 249 465 
head = 273, count = 3 | 273 465 
head = 271, count = 3 | 271 465 
head = 1, count = 1 | 1 462 
head = 465, count = 4 | 465 459 
head = 462, count = 2 | 1 462 
head = 311, count = 1 | 1 311 322 
head = 1, count = 1 | 1 461 305 
head = 1, count = 1 | 1 305 
head = 322, count = 1 | 322 314 
head = 311, count = 1 | 311 314 
head = 1, count = 5 | 1 314 
head = 305, count = 1 | 305 314 
head = 465, count = 18 | 465 314 
head = 404, count = 45 | 404 314 
head = 47, count = 2 | 47 314 
head = 44, count = 1 | 44 314 
head = 1, count = 1 | 1 301 
head = 314, count = 14 | 1 314 
head = 305, count = 1 | 1 305 
head = 1, count = 1 | 1 220 
head = 314, count = 2 | 314 224 
head = 443, count = 1 | 443 414 422 308 226 230 
head = 443, count = 28 | 443 230 
head = 443, count = 1 | 443 230 227 
head = 227, count = 1 | 227 229 
head = 443, count = 20 | 443 229 
head = 443, count = 28 | 443 230 229 
head = 415, count = 1 | 415 220 228 230 227 229 
head = 229, count = 1 | 229 225 
head = 225, count = 1 | 225 231 
head = 220, count = 1 | 1 220 223 
head = 224, count = 1 | 1 224 
head = 43, count = 1 | 1 43 47 
head = 459, count = 2 | 1 459 
head = 465, count = 6 | 1 465 
head = 1, count = 1 | 1 157 61 134 261 
head = 47, count = 2 | 1 47 314 
head = 1, count = 1 | 1 295 
head = 314, count = 1 | 1 314 295 
head = 314, count = 1 | 314 295 
head = 295, count = 1 | 1 295 
head = 1, count = 1 | 1 383 
head = 383, count = 2 | 383 381 
head = 1, count = 24 | 1 381 
head = 465, count = 15 | 465 381 
head = 314, count = 11 | 314 381 
head = 381, count = 4 | 381 375 
head = 295, count = 1 | 295 383 377 290 
head = 1, count = 1 | 1 290 
head = 1, count = 13 | 1 312 
head = 375, count = 2 | 375 312 
head = 381, count = 1 | 1 381 312 
head = 1, count = 1 | 1 381 312 
head = 381, count = 8 | 381 312 
head = 47, count = 1 | 1 47 312 
head = 312, count = 8 | 1 312 
head = 1, count = 8 | 1 238 
head = 312, count = 5 | 312 238 
head = 238, count = 7 | 1 238 
head = 381, count = 3 | 1 381 
head = 312, count = 1 | 383 312 
head = 312, count = 6 | 381 312 
head = 379, count = 2 | 379 234 
head = 1, count = 1 | 1 234 
head = 290, count = 1 | 290 234 
head = 312, count = 1 | 312 234 
head = 238, count = 1 | 383 377 238 234 233 
head = 233, count = 1 | 1 233 
head = 234, count = 1 | 1 234 
head = 115, count = 1 | 1 90 115 
head = 1, count = 2 | 1 244 
head = 1, count = 1 | 1 321 290 234 233 236 
head = 290, count = 1 | 290 234 239 
head = 1, count = 130 | 1 239 
head = 238, count = 4 | 238 239 
head = 1, count = 1 | 1 381 239 
head = 381, count = 1 | 1 381 239 
head = 381, count = 8 | 381 239 
head = 375, count = 2 | 375 239 
head = 381, count = 1 | 381 16 
head = 16, count = 1 | 239 16 
head = 239, count = 1 | 239 19 
head = 239, count = 1 | 239 21 
head = 239, count = 8 | 239 40 
head = 19, count = 1 | 19 40 
head = 381, count = 7 | 381 40 
head = 314, count = 1 | 314 40 
head = 465, count = 2 | 465 40 
head = 404, count = 7 | 404 40 
head = 312, count = 2 | 312 40 
head = 40, count = 14 | 239 40 
head = 40, count = 3 | 239 40 14 
head = 239, count = 5 | 239 2 
head = 2, count = 4 | 2 24 
head = 40, count = 21 | 40 24 
head = 273, count = 1 | 273 24 
head = 24, count = 3 | 24 15 12 
head = 239, count = 6 | 239 12 
head = 244, count = 1 | 244 24 12 
head = 1, count = 1 | 1 12 
head = 236, count = 1 | 236 14 17 3 
head = 3, count = 3 | 3 29 
head = 12, count = 6 | 12 29 
head = 24, count = 21 | 24 29 
head = 0, count = 1 | 0 413 1 103 396 
head = 1, count = 1 | 1 239 29 
head = 239, count = 12 | 239 34 
head = 29, count = 33 | 29 34 
head = 395, count = 1 | 395 34 
head = 40, count = 14 | 40 34 
head = 21, count = 1 | 239 21 14 17 3 36 
head = 34, count = 64 | 34 36 
head = 381, count = 10 | 381 36 
head = 1, count = 4 | 1 36 
head = 273, count = 6 | 273 36 
head = 239, count = 4 | 239 36 
head = 36, count = 8 | 239 36 
head = 239, count = 11 | 239 25 
head = 36, count = 7 | 239 36 27 25 
head = 379, count = 2047 | 379 31 23 
head = 239, count = 1 | 239 10 
head = 25, count = 3014 | 239 25 10 
head = 312, count = 1001 | 312 4 
head = 379, count = 2047 | 379 8 
head = 10, count = 21188 | 239 10 
head = 25, count = 3 | 25 8 32 41 
head = 10, count = 2 | 239 10 41 
head = 36, count = 153 | 36 41 
head = 36, count = 5 | 239 36 27 25 38 41 
head = 41, count = 30 | 41 37 
head = 41, count = 6 | 239 41 37 
head = 36, count = 5 | 36 37 
head = 234, count = 1 | 234 236 14 34 8 37 
head = 37, count = 5 | 37 18 
head = 234, count = 1 | 234 25 18 
head = 37, count = 5 | 37 18 13 
head = 18, count = 5 | 18 13 
head = 37, count = 32 | 37 13 
head = 239, count = 1 | 239 19 14 34 20 
head = 13, count = 6 | 239 13 20 
head = 13, count = 6 | 13 20 
head = 13, count = 30 | 13 30 
head = 20, count = 12 | 20 30 
head = 30, count = 30 | 40 30 
head = 12, count = 4 | 239 12 
head = 1, count = 1 | 1 2 
head = 239, count = 2 | 239 24 
head = 24, count = 2 | 24 12 
head = 29, count = 1 | 14 17 3 29 
head = 30, count = 4 | 34 30 
head = 41, count = 2 | 239 14 17 3 36 41 13 
head = 41, count = 133 | 36 41 
head = 10, count = 424 | 10 18 
head = 23, count = 22612 | 31 23 11 
head = 10, count = 3013 | 239 25 10 
head = 25, count = 6092 | 25 8 32 
head = 234, count = 1 | 234 31 23 11 
head = 234, count = 1 | 234 8 
head = 37, count = 3 | 14 34 8 37 20 
head = 18, count = 158 | 25 18 
head = 20, count = 5 | 14 34 20 30 
head = 2, count = 2 | 2 35 
head = 29, count = 3 | 14 29 35 
head = 40, count = 3 | 40 14 29 
head = 40, count = 3 | 40 29 
head = 41, count = 3 | 14 36 41 13 
head = 25, count = 21185 | 239 25 
head = 25, count = 18105 | 25 32 
head = 11, count = 490 | 31 23 11 
head = 23, count = 7 | 23 11 
head = 274, count = 705 | 274 25 
head = 11, count = 3322 | 31 11 
head = 11, count = 32281 | 31 11 8 
head = 11, count = 10509 | 31 7 11 8 
head = 11, count = 22 | 11 8 
head = 7, count = 1462 | 31 7 11 8 
head = 37, count = 1 | 14 34 8 37 20 22 
head = 25, count = 1 | 239 25 22 
head = 24, count = 2 | 24 18 
head = 118, count = 1 | 1 118 186 90 109 110 89 75 83 210 246 365 344 356 52 273 217 404 44 48 43 465 314 381 24 36 41 18 
head = 110, count = 1 | 1 109 110 89 75 83 210 246 365 344 356 52 44 48 43 314 18 
head = 118, count = 2 | 1 118 186 90 110 89 75 83 210 52 273 217 404 44 48 43 465 314 381 24 36 41 18 
head = 0, count = 1 | 0 1 396 404 314 18 
head = 22, count = 70 | 10 22 
head = 25, count = 1 | 25 8 32 22 
head = 407, count = 1 | 407 415 44 43 311 294 322 301 318 238 239 25 
head = 239, count = 1 | 239 21 38 13 
head = 25, count = 4 | 239 25 41 
head = 61, count = 1 | 1 157 61 134 261 36 41 
head = 1, count = 2 | 1 273 465 381 239 40 29 34 36 41 37 13 20 30 
head = 1, count = 1 | 1 273 271 465 459 381 375 239 40 29 34 36 41 37 13 20 30 
head = 239, count = 1 | 239 40 29 34 36 41 37 13 20 30 
head = 1, count = 7 | 1 273 465 381 239 36 41 
head = 1, count = 1 | 1 273 271 465 459 381 375 239 34 36 41 37 13 30 
head = 239, count = 1 | 239 40 34 36 41 37 13 30 
head = 239, count = 1 | 239 36 41 
head = 25, count = 1 | 25 38 41 22 
head = 1, count = 1 | 1 273 271 465 459 381 375 239 40 29 34 41 37 13 20 30 
head = 465, count = 1 | 465 381 36 41 
head = 1, count = 12 | 1 273 465 381 36 41 
head = 61, count = 1 | 1 157 61 134 333 261 396 273 404 311 465 381 238 239 36 41 
head = 0, count = 1 | 0 413 1 157 61 134 333 261 155 324 152 166 188 159 172 128 127 116 119 137 73 60 431 346 347 396 273 404 395 340 311 465 381 238 239 12 36 41 
head = 1, count = 1 | 1 273 404 311 465 381 238 239 36 41 
head = 1, count = 2 | 1 157 61 134 333 261 396 273 404 311 465 381 238 239 36 41 
head = 0, count = 2 | 0 1 157 61 134 333 261 155 324 152 166 188 159 172 128 127 116 119 137 73 60 431 346 347 396 273 404 340 311 465 381 238 239 12 36 41 
head = 1, count = 1 | 1 273 404 340 311 465 381 238 239 12 36 41 
head = 61, count = 1 | 1 157 61 134 333 261 396 273 465 381 239 36 41 
head = 90, count = 9 | 1 90 212 273 465 381 36 41 
head = 0, count = 1 | 0 413 1 157 61 62 134 333 103 90 261 155 110 324 152 166 188 159 212 172 128 127 116 119 137 73 60 431 388 263 346 347 53 358 396 405 273 271 392 404 395 411 340 44 48 43 47 311 465 314 295 381 312 238 239 40 24 12 29 34 36 41 
head = 90, count = 5 | 1 90 212 396 273 465 381 36 41 
head = 1, count = 1 | 1 465 381 36 41 
head = 90, count = 10 | 1 90 212 273 404 465 381 36 41 
head = 90, count = 25 | 1 90 212 273 404 465 314 381 36 41 
head = 0, count = 1 | 0 413 1 62 103 90 389 110 212 388 358 273 404 395 311 465 314 381 312 238 24 36 41 
head = 1, count = 2 | 1 273 404 465 314 381 36 41 
head = 90, count = 1 | 1 90 212 273 465 314 381 36 41 
head = 273, count = 3 | 273 465 381 36 41 
head = 90, count = 6 | 1 90 273 404 465 314 381 36 41 
head = 90, count = 1 | 1 90 273 404 44 48 43 465 314 381 36 41 
head = 413, count = 1 | 413 1 90 273 404 44 48 43 465 314 381 36 41 
head = 413, count = 1 | 413 1 90 212 273 404 465 314 381 36 41 
head = 90, count = 2 | 1 90 273 465 381 36 41 
head = 90, count = 1 | 1 90 389 388 396 273 404 465 314 381 36 41 
head = 100, count = 1 | 1 103 100 90 266 218 388 249 387 338 358 406 273 404 465 314 381 36 41 
head = 90, count = 1 | 1 90 388 249 358 406 273 404 465 314 381 36 41 
head = 324, count = 2 | 1 324 152 166 188 159 172 128 127 116 119 137 73 60 431 346 347 273 395 340 465 381 12 36 41 
head = 0, count = 1 | 0 1 155 324 152 166 188 159 172 128 127 116 119 137 73 60 431 346 347 273 395 340 311 465 381 238 12 36 41 
head = 324, count = 7 | 1 324 152 166 188 159 172 128 127 116 119 137 73 60 431 346 347 273 340 465 381 12 36 41 
head = 37, count = 1 | 239 37 
head = 36, count = 2 | 34 36 37 13 30 
head = 37, count = 14 | 34 37 13 30 
head = 34, count = 2 | 34 37 13 30 
head = 1, count = 4 | 1 239 34 37 13 30 
head = 1, count = 4 | 1 239 40 34 36 37 13 30 
head = 1, count = 1 | 1 239 40 29 34 36 37 13 20 30 
head = 239, count = 1 | 239 40 29 34 36 37 13 20 30 
head = 22, count = 1 | 8 37 22 
head = 18, count = 1 | 239 18 
head = 22, count = 1 | 18 22 
head = 13, count = 1 | 239 13 
head = 118, count = 1 | 1 118 186 109 89 83 210 246 365 344 356 52 217 47 40 13 
head = 40, count = 6 | 40 13 
head = 13, count = 4 | 40 13 
head = 1, count = 2 | 1 40 13 
head = 29, count = 2 | 40 29 13 20 
head = 20, count = 1 | 239 20 
head = 53, count = 1 | 1 53 239 29 20 
head = 29, count = 1 | 29 20 
head = 20, count = 2 | 29 20 
head = 1, count = 1 | 1 29 20 
head = 1, count = 1 | 1 239 29 20 
head = 333, count = 1 | 1 333 44 48 43 239 
head = 44, count = 1 | 1 44 48 43 239 
head = 1, count = 1 | 1 157 61 134 333 261 396 311 238 239 
head = 61, count = 3 | 1 157 61 134 333 261 396 311 238 239 
head = 1, count = 2 | 1 311 238 239 
head = 1, count = 2 | 1 157 61 134 333 261 396 404 311 238 239 
head = 61, count = 9 | 1 157 61 134 333 261 396 404 311 238 239 
head = 0, count = 1 | 0 1 157 61 134 333 261 396 404 395 311 238 239 
head = 1, count = 1 | 1 157 61 134 333 261 396 239 
head = 61, count = 1 | 1 157 61 134 333 261 239 
head = 0, count = 1 | 0 1 157 61 134 333 261 396 404 311 238 239 
head = 61, count = 4 | 1 157 61 134 333 261 396 239 
head = 30, count = 2 | 239 30 
head = 311, count = 1 | 1 311 238 239 
head = 1, count = 8 | 1 404 239 
head = 324, count = 1 | 324 152 166 188 159 172 128 127 116 119 137 73 60 431 346 347 340 44 43 12 
head = 44, count = 1 | 44 43 12 
head = 324, count = 2 | 1 324 152 166 188 159 172 128 127 116 119 137 73 60 431 346 347 395 340 12 
head = 155, count = 1 | 1 155 324 152 166 188 159 172 128 127 116 119 137 73 60 431 346 347 395 340 12 
head = 14, count = 1 | 14 17 3 
head = 3, count = 1 | 239 3 
head = 34, count = 1 | 239 34 
head = 90, count = 1 | 90 273 465 381 36 
head = 274, count = 2 | 274 318 25 
head = 7, count = 1 | 7 11 8 
head = 274, count = 1 | 274 394 301 239 25 
head = 274, count = 1 | 274 394 
head = 25, count = 3 | 25 32 41 
head = 41, count = 1 | 40 29 34 36 41 37 13 20 30 
head = 109, count = 1 | 1 109 246 365 344 356 
head = 25, count = 1 | 25 18 
head = 37, count = 1 | 14 34 37 20 
head = 30, count = 3 | 30 26 
head = 10, count = 1 | 10 22 
head = 10, count = 1 | 10 18 26 
head = 239, count = 1 | 239 26 
head = 395, count = 1 | 1 395 311 238 
head = 36, count = 2 | 239 36 41 
head = 1, count = 1 | 1 273 271 465 459 381 375 239 
head = 1, count = 2 | 1 312 239 
head = 37, count = 1 | 239 40 34 36 41 37 13 30 
head = 41, count = 1 | 239 40 29 34 36 41 37 13 20 30 
head = 13, count = 1 | 239 40 29 34 36 37 13 20 30 
head = 35, count = 1 | 35 237 
head = 29, count = 1 | 239 29 241 237 
head = 239, count = 2 | 239 245 
head = 26, count = 6 | 26 245 
head = 1, count = 1 | 1 286 
head = 271, count = 1 | 1 271 392 404 47 311 459 314 295 375 
head = 47, count = 1 | 1 47 311 465 459 314 295 375 312 238 239 40 24 29 34 36 
head = 392, count = 2 | 392 311 314 295 
head = 405, count = 2 | 405 392 311 314 295 
head = 295, count = 1 | 1 295 290 4 286 
head = 244, count = 1 | 244 242 236 239 31 11 241 286 
head = 239, count = 1 | 239 39 237 286 
head = 245, count = 2 | 245 286 
head = 0, count = 1 | 0 389 388 404 314 
head = 26, count = 3 | 26 286 
head = 404, count = 1 | 1 404 44 48 43 47 314 
head = 41, count = 1 | 41 13 286 
head = 30, count = 2 | 30 286 
head = 0, count = 1 | 0 1 396 404 314 
head = 1, count = 11 | 1 404 314 
head = 30, count = 1 | 30 26 286 
head = 404, count = 4 | 1 404 44 48 43 314 
head = 90, count = 4 | 1 90 404 314 
head = 90, count = 17 | 90 404 314 
head = 90, count = 1 | 1 90 212 314 
head = 90, count = 1 | 90 314 
head = 41, count = 11 | 41 286 
head = 0, count = 1 | 0 413 1 263 404 311 314 238 
head = 413, count = 1 | 413 389 388 404 314 
head = 100, count = 1 | 1 103 100 90 266 218 388 249 387 338 404 314 
head = 286, count = 10 | 1 286 
head = 62, count = 1 | 1 62 333 103 90 155 110 212 388 263 53 396 405 273 271 404 395 411 44 47 311 465 312 238 239 40 24 29 34 36 
head = 61, count = 1 | 1 157 61 134 261 396 311 238 239 
head = 1, count = 1 | 1 157 61 134 261 396 311 238 239 
head = 1, count = 3 | 1 404 311 238 239 
head = 245, count = 3 | 1 245 
head = 239, count = 22 | 1 239 
head = 237, count = 1 | 1 237 
head = 0, count = 1 | 0 1 311 238 
head = 26, count = 3 | 1 26 245 
head = 37, count = 1 | 239 37 20 283 
head = 269, count = 1 | 269 43 311 458 295 383 238 16 
head = 286, count = 1 | 286 283 
head = 241, count = 1 | 241 283 
head = 0, count = 3 | 0 1 239 
head = 41, count = 1 | 1 239 41 
head = 13, count = 1 | 465 239 38 13 
head = 22, count = 1 | 465 239 22 
head = 239, count = 1 | 465 239 25 
head = 286, count = 8 | 465 286 
head = 41, count = 6 | 465 41 
head = 273, count = 4 | 273 465 381 
head = 23, count = 1572 | 462 31 23 11 
head = 11, count = 462 | 462 31 11 
head = 23, count = 12 | 462 23 11 
head = 459, count = 4 | 459 375 
head = 1, count = 1 | 1 287 
head = 20, count = 1 | 239 20 30 287 
head = 283, count = 1 | 1 283 287 
head = 287, count = 2 | 292 287 
head = 1, count = 89 | 1 292 
head = 1, count = 1 | 1 465 292 
head = 465, count = 1 | 1 465 292 
head = 459, count = 2 | 459 292 
head = 465, count = 4 | 465 292 
head = 465, count = 1 | 465 206 
head = 206, count = 6 | 292 206 
head = 465, count = 20 | 465 196 
head = 292, count = 75 | 292 196 
head = 1, count = 1 | 1 196 
head = 286, count = 5 | 286 196 
head = 41, count = 7 | 41 196 
head = 36, count = 53 | 36 196 
head = 196, count = 21 | 292 196 
head = 292, count = 6 | 292 200 
head = 311, count = 1 | 311 458 
head = 462, count = 2044 | 462 207 
head = 200, count = 6 | 292 200 199 207 
head = 196, count = 5 | 196 197 199 
head = 196, count = 125 | 196 199 
head = 292, count = 15 | 292 196 199 
head = 196, count = 5 | 292 196 199 
head = 239, count = 1 | 239 292 
head = 287, count = 1 | 1 292 206 200 287 
head = 292, count = 6 | 292 200 198 
head = 199, count = 33 | 292 199 
head = 199, count = 6 | 206 199 
head = 199, count = 105 | 196 199 
head = 292, count = 5 | 292 206 200 
head = 207, count = 3077 | 207 194 
head = 22, count = 14 | 25 22 
head = 292, count = 2 | 292 207 
head = 207, count = 1 | 292 207 
head = 25, count = 2151 | 25 203 
head = 11, count = 61 | 31 7 11 8 194 
head = 4, count = 538 | 4 195 
head = 11, count = 20 | 31 11 8 194 
head = 8, count = 17 | 8 194 
head = 7, count = 5 | 31 7 11 8 194 
head = 194, count = 13 | 207 194 
head = 11, count = 5 | 31 11 194 
head = 11, count = 1 | 11 194 
head = 22, count = 1 | 25 203 22 
head = 4, count = 1 | 4 195 203 
head = 196, count = 1 | 196 197 
head = 36, count = 11 | 36 41 196 199 
head = 37, count = 1 | 1 465 239 40 29 34 36 41 37 13 20 30 292 196 199 
head = 41, count = 1 | 1 465 459 239 40 29 34 36 41 37 13 20 30 292 196 199 
head = 41, count = 1 | 1 465 239 40 29 34 36 41 37 13 20 30 292 196 199 
head = 36, count = 3 | 1 465 239 36 41 292 196 199 
head = 41, count = 1 | 1 465 459 239 34 36 41 37 13 30 292 196 199 
head = 41, count = 1 | 41 199 
head = 37, count = 1 | 1 465 459 239 40 29 34 41 37 13 20 30 292 199 
head = 36, count = 18 | 465 36 41 196 199 
head = 41, count = 5 | 36 41 196 199 
head = 41, count = 25 | 465 36 41 196 199 
head = 36, count = 4 | 1 465 36 41 292 196 199 
head = 239, count = 3 | 1 465 239 36 41 292 196 199 
head = 41, count = 4 | 1 465 239 12 36 41 26 245 292 196 199 
head = 41, count = 2 | 1 465 239 36 41 292 196 199 
head = 41, count = 1 | 1 465 239 12 36 41 26 245 286 292 196 199 287 
head = 36, count = 10 | 465 36 41 286 196 199 
head = 41, count = 31 | 465 36 41 286 196 199 
head = 41, count = 2 | 465 24 36 41 18 286 196 199 
head = 41, count = 1 | 465 36 41 18 286 196 199 
head = 12, count = 9 | 1 465 239 12 36 41 26 245 292 196 199 
head = 12, count = 1 | 1 465 239 12 36 41 292 196 199 
head = 37, count = 2 | 1 239 34 37 13 30 292 
head = 239, count = 8 | 1 239 292 
head = 13, count = 2 | 1 239 34 37 13 30 292 
head = 13, count = 4 | 1 239 40 34 36 37 13 30 292 196 
head = 13, count = 1 | 1 239 40 29 34 36 37 13 20 30 292 196 
head = 1, count = 1 | 1 465 459 292 
head = 29, count = 3 | 1 29 20 292 
head = 283, count = 1 | 1 461 283 206 287 
head = 458, count = 1 | 458 206 
head = 24, count = 1 | 24 206 
head = 13, count = 1 | 34 36 37 13 30 196 
head = 13, count = 1 | 34 36 37 13 30 26 245 196 
head = 36, count = 1 | 465 36 196 
head = 25, count = 1 | 25 315 200 
head = 292, count = 1 | 292 206 
head = 292, count = 9 | 320 292 
head = 286, count = 1 | 459 286 287 
head = 286, count = 1 | 1 459 286 287 
head = 286, count = 1 | 286 287 
head = 196, count = 6 | 320 196 
head = 199, count = 8 | 320 199 
head = 18, count = 2 | 18 286 
head = 320, count = 2 | 320 302 
head = 320, count = 1 | 1 320 304 
head = 292, count = 1 | 1 320 292 304 
head = 302, count = 2 | 304 302 
head = 320, count = 5 | 320 304 
head = 292, count = 28 | 292 304 
head = 292, count = 1 | 292 282 
head = 282, count = 1 | 276 282 
head = 292, count = 1 | 292 276 
head = 110, count = 1 | 90 110 75 273 
head = 18, count = 1 | 24 18 
head = 206, count = 1 | 206 276 
head = 199, count = 11 | 199 276 
head = 320, count = 9 | 320 276 
head = 304, count = 6 | 276 304 
head = 196, count = 1 | 196 276 
head = 276, count = 1 | 281 276 
head = 281, count = 1 | 275 281 
head = 276, count = 16 | 275 276 
head = 304, count = 3 | 275 304 
head = 266, count = 1 | 90 266 218 249 
head = 1, count = 36 | 1 62 333 103 90 155 110 212 388 263 53 358 396 405 273 271 404 395 411 44 47 465 312 40 24 29 34 36 
head = 0, count = 21 | 0 413 1 62 333 103 90 155 110 212 388 263 53 358 396 405 273 271 404 395 411 44 47 465 312 40 24 29 34 36 
head = 320, count = 6 | 320 275 
head = 0, count = 4 | 0 413 1 62 333 103 90 155 110 212 388 263 53 396 405 273 271 404 395 411 44 47 465 312 40 24 29 34 36 
head = 413, count = 2 | 413 1 62 333 103 90 155 110 212 388 263 53 396 405 273 271 404 395 411 44 47 465 312 40 24 29 34 36 
head = 0, count = 1 | 0 413 1 333 103 90 155 110 388 396 405 271 404 395 411 47 465 
head = 0, count = 1 | 0 413 1 333 90 155 212 388 263 396 273 271 404 395 411 47 465 312 40 24 29 34 36 
head = 271, count = 1 | 271 36 
head = 0, count = 1 | 0 413 1 62 333 103 90 155 110 212 388 263 53 358 396 405 273 271 404 395 411 44 47 311 465 312 238 40 24 29 34 36 
head = 0, count = 1 | 0 413 1 396 411 44 312 
head = 0, count = 5 | 0 413 1 62 103 90 155 110 212 388 263 358 396 405 273 271 404 44 47 465 312 40 24 29 34 36 
head = 0, count = 2 | 0 413 1 
head = 196, count = 2 | 196 275 
head = 1, count = 1 | 1 62 103 90 155 110 212 263 53 358 396 405 273 271 395 411 44 47 465 24 29 34 36 
head = 0, count = 1 | 0 413 1 62 103 90 155 110 212 53 358 396 405 273 271 395 411 44 47 465 24 29 34 36 
head = 1, count = 4 | 1 273 271 465 40 29 34 36 
head = 0, count = 1 | 0 413 1 62 90 212 388 263 273 271 404 465 312 40 24 29 34 36 
head = 292, count = 1 | 292 275 304 
head = 304, count = 1 | 279 304 
head = 275, count = 25 | 279 275 
head = 0, count = 1 | 0 312 
head = 62, count = 1 | 1 62 333 155 263 395 411 44 47 312 40 34 36 
head = 1, count = 1 | 1 40 34 
head = 0, count = 1 | 0 413 1 36 
head = 405, count = 1 | 1 405 411 24 
head = 304, count = 1 | 279 275 304 
head = 304, count = 1 | 281 304 
head = 304, count = 1 | 279 275 276 304 
head = 275, count = 1 | 275 304 
head = 279, count = 4 | 279 304 
head = 304, count = 1 | 475 304 
head = 275, count = 1 | 475 279 275 
head = 475, count = 2 | 475 470 
head = 279, count = 12 | 470 279 
head = 275, count = 2 | 470 275 
head = 276, count = 11 | 470 276 
head = 304, count = 6 | 470 304 
head = 199, count = 1 | 470 199 
head = 304, count = 1 | 466 304 
head = 281, count = 545 | 466 281 
head = 207, count = 1503 | 466 207 281 
head = 470, count = 2 | 474 470 
head = 466, count = 1 | 466 304 
head = 304, count = 2 | 310 304 
head = 195, count = 1 | 310 195 203 
head = 302, count = 1 | 310 302 
head = 310, count = 2 | 316 310 
head = 206, count = 1 | 316 206 
head = 304, count = 1 | 316 304 
head = 316, count = 2 | 285 316 
head = 310, count = 1 | 285 310 
head = 285, count = 3 | 306 285 
head = 466, count = 1 | 306 466 
head = 200, count = 1 | 1 454 200 
head = 304, count = 2 | 454 304 
head = 306, count = 1 | 454 306 
head = 230, count = 1 | 230 229 225 231 
head = 430, count = 1 | 430 71 426 
head = 200, count = 1 | 475 453 200 282 
head = 454, count = 1 | 1 454 
head = 200, count = 1 | 219 437 467 200 280 
head = 454, count = 1 | 217 454 
head = 219, count = 1 | 219 217 
head = 1, count = 1 | 1 218 67 
head = 100, count = 1 | 1 103 100 110 75 387 338 358 406 411 
head = 110, count = 3 | 1 110 75 
head = 214, count = 1 | 1 218 214 442 
head = 283, count = 1 | 458 442 291 283 200 198 304 296 
head = 1, count = 1 | 1 442 
head = 206, count = 1 | 1 442 313 206 317 
head = 279, count = 1 | 442 298 468 279 
head = 470, count = 15 | 442 470 
head = 100, count = 1 | 103 100 387 338 404 
head = 320, count = 4 | 320 442 
head = 90, count = 5 | 90 404 
head = 442, count = 1 | 435 442 
head = 310, count = 1 | 435 454 306 285 310 
head = 435, count = 2 | 435 440 
head = 1, count = 1 | 1 421 442 
head = 254, count = 1 | 254 387 339 371 
head = 440, count = 1 | 440 450 
head = 246, count = 1 | 246 365 344 
head = 442, count = 1 | 442 450 
head = 316, count = 2 | 316 450 
head = 450, count = 4 | 419 450 
head = 171, count = 1 | 90 171 
head = 302, count = 1 | 454 419 306 285 310 302 
head = 419, count = 2 | 419 434 
head = 451, count = 1 | 451 434 
head = 470, count = 2 | 470 434 
head = 1, count = 2 | 1 389 388 
head = 434, count = 2 | 447 434 
head = 419, count = 2 | 419 447 
head = 447, count = 4 | 417 447 
============================================================
BBLSwitchCount - Thread 0
from = 0 | 413:1 1:1 
from = 413 | 0:1 
from = 1 | 0:1 448:1 430:1 71:1 72:1 61:1 63:1 62:1 57:1 112:1 123:1 134:1 132:1 118:1 122:1 168:1 151:1 157:1 173:1 186:1 154:1 177:1 103:11 100:11 90:11 97:11 88:11 81:11 109:11 93:11 74:5 329:5 325:5 333:5 334:5 328:5 323:5 332:5 326:5 331:5 85:5 94:11 182:1 184:1 155:1 150:1 149:1 171:1 110:7 111:7 105:7 101:7 102:7 86:7 77:7 89:7 84:7 78:7 79:7 91:7 335:15 330:15 327:15 324:4 185:1 170:1 152:1 160:1 178:1 163:1 75:7 106:7 108:7 95:7 82:7 96:7 92:7 83:7 107:7 76:7 87:7 80:7 179:1 176:1 166:1 180:1 169:1 167:1 104:6 98:6 99:6 190:1 156:1 188:1 183:1 164:1 153:1 189:1 162:1 159:1 158:1 175:1 187:1 212:3 211:3 210:2 208:3 174:1 148:1 161:1 172:1 165:1 181:1 130:1 128:1 136:1 124:1 131:1 126:1 113:1 129:1 127:1 141:1 121:1 117:1 143:1 138:1 133:1 116:1 135:1 125:1 115:1 140:1 144:1 119:1 146:1 139:1 120:1 147:1 114:1 137:1 142:1 145:1 56:1 73:1 69:1 66:1 65:1 67:1 209:1 59:1 64:1 70:1 60:1 68:1 58:1 426:1 431:1 439:1 388:1 384:1 389:2 387:1 386:1 385:1 429:1 424:1 420:1 339:1 352:1 370:1 350:1 361:1 365:1 338:1 346:1 345:1 371:1 359:1 336:1 354:1 357:1 344:1 337:1 341:1 366:1 372:1 362:1 356:1 343:1 347:1 363:1 53:1 54:1 49:1 51:1 55:1 52:1 50:1 358:1 369:1 360:1 351:1 406:1 402:1 396:1 405:1 403:1 408:1 410:1 401:1 391:1 390:1 393:1 398:1 269:1 273:1 270:1 274:32769 271:1 272:1 400:1 399:1 409:1 392:1 219:2 214:2 213:2 217:2 218:2 216:2 215:2 404:1 397:1 412:1 394:1 407:1 395:1 411:1 355:1 340:1 367:1 348:1 364:1 349:1 353:1 368:1 342:1 428:1 443:312 438:311 415:1 44:1 48:1 43:1 45:1 46:1 47:1 414:1 432:1 422:1 311:1 458:2 465:2 457:2 456:2 460:2 461:2 462:4096 463:2 455:2 459:2 464:2 294:1 322:1 305:1 314:1 301:1 297:1 308:1 300:1 220:1 221:1 224:1 222:1 223:1 318:1 284:1 307:1 299:1 288:1 303:1 319:1 293:1 295:1 383:2 381:2 380:2 382:2 376:2 377:2 379:4096 378:2 373:2 375:2 374:2 321:1 290:1 312:1 289:1 238:1 234:1 233:1 232:1 235:1 240:1 244:1 242:1 236:1 239:1 237:1 241:1 245:1 243:1 286:1 315:1 283:1 287:1 292:7 320:1 296:1 302:1 317:1 304:1 310:1 313:1 316:1 298:1 285:1 291:1 306:1 309:1 437:1 454:1 445:1 453:1 442:1 452:1 436:1 435:1 444:1 440:1 425:1 433:1 421:1 450:1 427:1 451:11 419:11 446:11 449:1 423:1 434:1 441:1 447:1 416:1 417:1 418:1 
from = 448 | 1:1 
from = 430 | 1:1 
from = 71 | 1:1 
from = 72 | 1:1 
from = 61 | 1:1 
from = 63 | 1:1 
from = 62 | 1:1 
from = 57 | 1:1 
from = 112 | 1:1 
from = 123 | 1:1 
from = 134 | 1:1 
from = 132 | 1:1 
from = 118 | 1:1 
from = 122 | 1:1 
from = 168 | 1:1 
from = 151 | 1:1 
from = 157 | 1:1 
from = 173 | 1:1 
from = 186 | 1:1 
from = 154 | 1:1 
from = 177 | 1:1 
from = 103 | 1:11 
from = 100 | 1:11 
from = 90 | 1:11 
from = 97 | 1:11 
from = 88 | 1:11 
from = 81 | 1:11 
from = 109 | 1:11 
from = 93 | 1:11 
from = 74 | 1:5 
from = 329 | 1:5 
from = 325 | 1:5 
from = 333 | 1:5 
from = 334 | 1:5 
from = 328 | 1:5 
from = 323 | 1:5 
from = 332 | 1:5 
from = 326 | 1:5 
from = 331 | 1:5 
from = 85 | 1:5 
from = 94 | 1:11 
from = 182 | 1:1 
from = 184 | 1:1 
from = 155 | 1:1 
from = 150 | 1:1 
from = 149 | 1:1 
from = 171 | 1:1 
from = 110 | 1:7 266:7 264:7 265:7 268:7 267:7 
from = 266 | 110:7 75:7 
from = 264 | 110:7 75:7 
from = 265 | 110:7 75:7 
from = 268 | 110:7 75:7 
from = 267 | 110:7 75:7 
from = 111 | 1:7 
from = 105 | 1:7 
from = 101 | 1:7 
from = 102 | 1:7 
from = 86 | 1:7 
from = 77 | 1:7 
from = 89 | 1:7 
from = 84 | 1:7 
from = 78 | 1:7 
from = 79 | 1:7 
from = 91 | 1:7 
from = 335 | 1:15 
from = 330 | 1:15 
from = 327 | 1:15 
from = 324 | 1:4 
from = 185 | 1:1 
from = 170 | 1:1 
from = 152 | 1:1 
from = 160 | 1:1 
from = 178 | 1:1 
from = 163 | 1:1 
from = 75 | 1:7 266:7 264:7 265:7 268:7 267:7 
from = 106 | 1:7 
from = 108 | 1:7 
from = 95 | 1:7 
from = 82 | 1:7 
from = 96 | 1:7 
from = 92 | 1:7 
from = 83 | 1:7 
from = 107 | 1:7 
from = 76 | 1:7 
from = 87 | 1:7 
from = 80 | 1:7 
from = 179 | 1:1 
from = 176 | 1:1 
from = 166 | 1:1 
from = 180 | 1:1 
from = 169 | 1:1 
from = 167 | 1:1 
from = 104 | 1:6 
from = 98 | 1:6 
from = 99 | 1:6 
from = 190 | 1:1 
from = 156 | 1:1 
from = 188 | 1:1 
from = 183 | 1:1 
from = 164 | 1:1 
from = 153 | 1:1 
from = 189 | 1:1 
from = 162 | 1:1 
from = 159 | 1:1 
from = 158 | 1:1 
from = 175 | 1:1 
from = 187 | 1:1 
from = 212 | 1:3 
from = 211 | 1:3 
from = 210 | 1:2 
from = 208 | 1:3 
from = 174 | 1:1 
from = 148 | 1:1 
from = 161 | 1:1 
from = 172 | 1:1 
from = 165 | 1:1 
from = 181 | 1:1 
from = 130 | 1:1 
from = 128 | 1:1 
from = 136 | 1:1 
from = 124 | 1:1 
from = 131 | 1:1 
from = 126 | 1:1 
from = 113 | 1:1 
from = 129 | 1:1 
from = 127 | 1:1 
from = 141 | 1:1 
from = 121 | 1:1 
from = 117 | 1:1 
from = 143 | 1:1 
from = 138 | 1:1 
from = 133 | 1:1 
from = 116 | 1:1 
from = 135 | 1:1 
from = 125 | 1:1 
from = 115 | 1:1 
from = 140 | 1:1 
from = 144 | 1:1 
from = 119 | 1:1 
from = 146 | 1:1 
from = 139 | 1:1 
from = 120 | 1:1 
from = 147 | 1:1 
from = 114 | 1:1 
from = 137 | 1:1 
from = 142 | 1:1 
from = 145 | 1:1 
from = 56 | 1:1 
from = 73 | 1:1 
from = 69 | 1:1 
from = 66 | 1:1 
from = 65 | 1:1 
from = 67 | 1:1 
from = 209 | 1:1 
from = 59 | 1:1 
from = 64 | 1:1 
from = 70 | 1:1 
from = 60 | 1:1 
from = 68 | 1:1 
from = 58 | 1:1 
from = 426 | 1:1 
from = 431 | 1:1 
from = 439 | 1:1 
from = 388 | 1:1 
from = 384 | 1:1 
from = 389 | 1:2 191:2 192:2 193:2 
from = 191 | 389:2 
from = 192 | 389:2 260:2 261:1 262:2 263:1 
from = 260 | 192:2 
from = 261 | 192:1 252:1 253:1 249:1 250:1 259:1 258:1 246:1 256:1 248:1 254:1 247:1 251:1 255:1 257:1 
from = 252 | 261:1 
from = 253 | 261:1 
from = 249 | 261:1 
from = 250 | 261:1 
from = 259 | 261:1 
from = 258 | 261:1 
from = 246 | 261:1 
from = 256 | 261:1 
from = 248 | 261:1 
from = 254 | 261:1 
from = 247 | 261:1 
from = 251 | 261:1 
from = 255 | 261:1 
from = 257 | 261:1 
from = 262 | 192:2 
from = 193 | 389:2 
from = 263 | 192:1 
from = 387 | 1:1 
from = 386 | 1:1 
from = 385 | 1:1 
from = 429 | 1:1 
from = 424 | 1:1 
from = 420 | 1:1 
from = 339 | 1:1 
from = 352 | 1:1 
from = 370 | 1:1 
from = 350 | 1:1 
from = 361 | 1:1 
from = 365 | 1:1 
from = 338 | 1:1 
from = 346 | 1:1 
from = 345 | 1:1 
from = 371 | 1:1 
from = 359 | 1:1 
from = 336 | 1:1 
from = 354 | 1:1 
from = 357 | 1:1 
from = 344 | 1:1 
from = 337 | 1:1 
from = 341 | 1:1 
from = 366 | 1:1 
from = 372 | 1:1 
from = 362 | 1:1 
from = 356 | 1:1 
from = 343 | 1:1 
from = 347 | 1:1 
from = 363 | 1:1 
from = 53 | 1:1 406:1 
from = 54 | 1:1 406:1 
from = 49 | 1:1 406:1 
from = 51 | 1:1 406:1 
from = 55 | 1:1 406:1 
from = 52 | 1:1 406:1 
from = 50 | 1:1 406:1 
from = 358 | 1:1 
from = 369 | 1:1 
from = 360 | 1:1 
from = 351 | 1:1 
from = 406 | 1:1 53:1 54:1 49:1 51:1 55:1 52:1 50:1 
from = 402 | 1:1 
from = 396 | 1:1 
from = 405 | 1:1 
from = 403 | 1:1 
from = 408 | 1:1 
from = 410 | 1:1 
from = 401 | 1:1 
from = 391 | 1:1 
from = 390 | 1:1 
from = 393 | 1:1 
from = 398 | 1:1 
from = 269 | 1:1 
from = 273 | 1:1 
from = 270 | 1:1 
from = 274 | 1:32769 
from = 271 | 1:1 
from = 272 | 1:1 
from = 400 | 1:1 
from = 399 | 1:1 
from = 409 | 1:1 
from = 392 | 1:1 
from = 219 | 1:2 
from = 214 | 1:2 
from = 213 | 1:2 
from = 217 | 1:2 
from = 218 | 1:2 
from = 216 | 1:2 
from = 215 | 1:2 
from = 404 | 1:1 
from = 397 | 1:1 
from = 412 | 1:1 
from = 394 | 1:1 
from = 407 | 1:1 
from = 395 | 1:1 
from = 411 | 1:1 
from = 355 | 1:1 
from = 340 | 1:1 
from = 367 | 1:1 
from = 348 | 1:1 
from = 364 | 1:1 
from = 349 | 1:1 
from = 353 | 1:1 
from = 368 | 1:1 
from = 342 | 1:1 
from = 428 | 1:1 
from = 443 | 1:312 
from = 438 | 1:311 
from = 415 | 1:1 
from = 44 | 1:1 
from = 48 | 1:1 
from = 43 | 1:1 
from = 45 | 1:1 
from = 46 | 1:1 
from = 47 | 1:1 
from = 414 | 1:1 
from = 432 | 1:1 
from = 422 | 1:1 
from = 311 | 1:1 
from = 458 | 1:2 
from = 465 | 1:2 
from = 457 | 1:2 
from = 456 | 1:2 
from = 460 | 1:2 
from = 461 | 1:2 
from = 462 | 1:4096 
from = 463 | 1:2 
from = 455 | 1:2 
from = 459 | 1:2 
from = 464 | 1:2 
from = 294 | 1:1 
from = 322 | 1:1 
from = 305 | 1:1 
from = 314 | 1:1 
from = 301 | 1:1 
from = 297 | 1:1 
from = 308 | 1:1 
from = 300 | 1:1 
from = 220 | 1:1 
from = 221 | 1:1 
from = 224 | 1:1 228:1 226:1 230:113 227:1 229:198 225:1 231:1 
from = 228 | 224:1 
from = 226 | 224:1 
from = 230 | 224:113 
from = 227 | 224:1 
from = 229 | 224:198 
from = 225 | 224:1 
from = 231 | 224:1 
from = 222 | 1:1 
from = 223 | 1:1 
from = 318 | 1:1 
from = 284 | 1:1 
from = 307 | 1:1 
from = 299 | 1:1 
from = 288 | 1:1 
from = 303 | 1:1 
from = 319 | 1:1 
from = 293 | 1:1 
from = 295 | 1:1 
from = 383 | 1:2 
from = 381 | 1:2 
from = 380 | 1:2 
from = 382 | 1:2 
from = 376 | 1:2 
from = 377 | 1:2 
from = 379 | 1:4096 
from = 378 | 1:2 
from = 373 | 1:2 
from = 375 | 1:2 
from = 374 | 1:2 
from = 321 | 1:1 
from = 290 | 1:1 
from = 312 | 1:1 
from = 289 | 1:1 
from = 238 | 1:1 
from = 234 | 1:1 
from = 233 | 1:1 
from = 232 | 1:1 
from = 235 | 1:1 
from = 240 | 1:1 
from = 244 | 1:1 
from = 242 | 1:1 
from = 236 | 1:1 
from = 239 | 1:1 16:1 19:1 21:1 40:6 14:6 17:3 28:3 9:3 5:3 2:3 24:3 15:3 12:3 3:3 29:6 34:6 36:6 27:6 25:24204 31:882868 23:24203 7:24203 10:24203 11:882868 39:151633 4:151633 8:151633 33:882868 32:24204 42:24204 38:6 41:6 6:6 37:6 18:5 13:6 20:6 30:6 35:3 22:1 26:1 
from = 16 | 239:1 
from = 19 | 239:1 
from = 21 | 239:1 
from = 40 | 239:6 
from = 14 | 239:6 
from = 17 | 239:3 
from = 28 | 239:3 
from = 9 | 239:3 
from = 5 | 239:3 
from = 2 | 239:3 
from = 24 | 239:3 
from = 15 | 239:3 
from = 12 | 239:3 
from = 3 | 239:3 
from = 29 | 239:6 
from = 34 | 239:6 
from = 36 | 239:6 
from = 27 | 239:6 
from = 25 | 239:24204 
from = 31 | 239:882868 
from = 23 | 239:24203 
from = 7 | 239:24203 
from = 10 | 239:24203 
from = 11 | 239:882868 
from = 39 | 239:151633 
from = 4 | 239:151633 
from = 8 | 239:151633 
from = 33 | 239:882868 
from = 32 | 239:24204 
from = 42 | 239:24204 
from = 38 | 239:6 
from = 41 | 239:6 
from = 6 | 239:6 
from = 37 | 239:6 
from = 18 | 239:5 
from = 13 | 239:6 
from = 20 | 239:6 
from = 30 | 239:6 
from = 35 | 239:3 
from = 22 | 239:1 
from = 26 | 239:1 
from = 237 | 1:1 
from = 241 | 1:1 
from = 245 | 1:1 
from = 243 | 1:1 
from = 286 | 1:1 
from = 315 | 1:1 
from = 283 | 1:1 
from = 287 | 1:1 
from = 292 | 1:7 206:7 196:6 202:6 197:6 200:6 203:24204 198:24204 195:882868 201:882868 207:24204 199:6 204:6 205:7 194:151633 
from = 206 | 292:7 
from = 196 | 292:6 
from = 202 | 292:6 
from = 197 | 292:6 
from = 200 | 292:6 
from = 203 | 292:24204 
from = 198 | 292:24204 
from = 195 | 292:882868 
from = 201 | 292:882868 
from = 207 | 292:24204 
from = 199 | 292:6 
from = 204 | 292:6 
from = 205 | 292:7 
from = 194 | 292:151633 
from = 320 | 1:1 
from = 296 | 1:1 
from = 302 | 1:1 
from = 317 | 1:1 
from = 304 | 1:1 282:1 276:1 280:1 281:32768 275:1 279:1 277:1 278:1 475:1 470:1 467:1 472:1 469:1 468:1 466:4096 471:1 476:1 474:1 473:1 
from = 282 | 304:1 
from = 276 | 304:1 
from = 280 | 304:1 
from = 281 | 304:32768 
from = 275 | 304:1 
from = 279 | 304:1 
from = 277 | 304:1 
from = 278 | 304:1 
from = 475 | 304:1 
from = 470 | 304:1 
from = 467 | 304:1 
from = 472 | 304:1 
from = 469 | 304:1 
from = 468 | 304:1 
from = 466 | 304:4096 
from = 471 | 304:1 
from = 476 | 304:1 
from = 474 | 304:1 
from = 473 | 304:1 
from = 310 | 1:1 
from = 313 | 1:1 
from = 316 | 1:1 
from = 298 | 1:1 
from = 285 | 1:1 
from = 291 | 1:1 
from = 306 | 1:1 
from = 309 | 1:1 
from = 437 | 1:1 
from = 454 | 1:1 
from = 445 | 1:1 
from = 453 | 1:1 
from = 442 | 1:1 
from = 452 | 1:1 
from = 436 | 1:1 
from = 435 | 1:1 
from = 444 | 1:1 
from = 440 | 1:1 
from = 425 | 1:1 
from = 433 | 1:1 
from = 421 | 1:1 
from = 450 | 1:1 
from = 427 | 1:1 
from = 451 | 1:11 
from = 419 | 1:11 
from = 446 | 1:11 
from = 449 | 1:1 
from = 423 | 1:1 
from = 434 | 1:1 
from = 441 | 1:1 
from = 447 | 1:1 
from = 416 | 1:1 
from = 417 | 1:1 
from = 418 | 1:1 
