============================================================
Thread 0
  BBLID       Time(ns)    Instruction  Memory Access          Hash(hi)          Hash(lo)
      0          11007              2           7661  0000000000000000  0000000000000000
      1    1.13788e+06        9296768         127857  0000000000000001  0000000000000001
      2        14.3333             16              4  00cd149a786f0aab  009ef8b67f1fe58f
      3        3.33333             26              3  00cd149a786f0aab  05aff99e9a30de33
      4    1.80018e+07       91846835         148022  00cd149a786f0aab  0b1c6d7df0e37bcd
      5        7.66666              8              0  00cd149a786f0aab  0d84ea9be53443c4
      6            385             17              0  00cd149a786f0aab  141d2d52fa89b287
      7    1.74967e+06        3196322              1  00cd149a786f0aab  1bb822ba7bd7cb1b
      8    9.48242e+07       74145701        5756228  00cd149a786f0aab  1c4cd40b1c85e2c3
      9        1.66667             11              1  00cd149a786f0aab  1db88b4fca36bb19
     10    1.05155e+07        4493590          36067  00cd149a786f0aab  230e848ea99b0779
     11    4.33041e+08      202147253          66463  00cd149a786f0aab  2633d222ad0465d6
     12        627.666            294             22  00cd149a786f0aab  2709780be66dea10
     13        966.332           1425             53  00cd149a786f0aab  2f83da88f51d3cee
     14        11.3333             83              5  00cd149a786f0aab  38c2a170c28015d4
     15        4.66666             13              1  00cd149a786f0aab  3ca43e15f84cade5
     16        10.6667              8              6  00cd149a786f0aab  3f3d3f5ef4f6b46e
     17              3             24              4  00cd149a786f0aab  4bc66f1b60757840
     18         176880         154361           5822  00cd149a786f0aab  4fcfbd14119795df
     19       0.666666              8              0  00cd149a786f0aab  64cdfbfc472edb56
     20        602.333            373             24  00cd149a786f0aab  6a5398a22ab7dee9
     21        61.9999             10              2  00cd149a786f0aab  6a8c65c5ba8ccc64
     22     3.0246e+06        2428665         101299  00cd149a786f0aab  74fb4d60c4ceeb8f
     23    1.22286e+07        5356439           6091  00cd149a786f0aab  769030590867523e
     24        1814.66            908            105  00cd149a786f0aab  79b3f96d73725cb6
     25    1.24386e+06        7565992         741795  00cd149a786f0aab  7dd6147e45e80118
     26        427.666            134             25  00cd149a786f0aab  821cb16cb9e34333
     27        6.99999             35              5  00cd149a786f0aab  900b292a8a412ef3
     28        1.33333              8              4  00cd149a786f0aab  90c3b8b71571aeb6
     29        1030.67           1155             35  00cd149a786f0aab  a01b4bca2e728fb1
     30        814.333            884              7  00cd149a786f0aab  a04c70774a5ef9ee
     31    1.97015e+08      230122618       13854294  00cd149a786f0aab  a1e33e9635b0a60a
     32    3.54918e+06        3220569             14  00cd149a786f0aab  a58f936b05571808
     33     2.5361e+07      169068128          94559  00cd149a786f0aab  a93a2ad889978766
     34        2162.33           1693             69  00cd149a786f0aab  b56cb2948e710379
     35        4.66666             31              2  00cd149a786f0aab  b7b22362220deb11
     36          42665         108367            653  00cd149a786f0aab  bc5e7b9804a5ec3f
     37        719.666            936            107  00cd149a786f0aab  d21317f549311255
     38        3.66666             36              8  00cd149a786f0aab  d78edc4f08cbf688
     39    3.63012e+07       88540846             25  00cd149a786f0aab  e6bf4d03c47f7f7d
     40        8159.66           1512            243  00cd149a786f0aab  eda74cb56b3c7301
     41        15406.3          18708            634  00cd149a786f0aab  f6efeaae8e24fb37
     42         750036        2600338             16  00cd149a786f0aab  fdc8d828526bde40
     43        241.666            643              4  02b7cdad78333092  4d0d6abaf6ced069
     44        8037.33           8924            228  02b7cdad78333092  4df68cf257692b96
     45       0.666666              4              2  02b7cdad78333092  51e9d0162d953ff2
     46        6.66666              6              1  02b7cdad78333092  aab635a8e944a29e
     47        3422.33           3452            102  02b7cdad78333092  c3964e1d4e99585f
     48        106.667            238              4  02b7cdad78333092  d3fea09d3c155100
     49              2             13              1  1804b8d6265366b4  07f4b21e3d22cd67
     50        2.66666             14              1  1804b8d6265366b4  2698687ab74a03a2
     51       0.999999              9              1  1804b8d6265366b4  2ed8f5e28781a966
     52        6.33333             49              1  1804b8d6265366b4  52f68edba5da0659
     53        924.332           1339              8  1804b8d6265366b4  555fe6132aed6973
     54        1.33333             10              1  1804b8d6265366b4  b736410c0b3b9d21
     55       0.999999              9              0  1804b8d6265366b4  c4971953b77995eb
     56       0.333333              2              0  1f6192f89ea2f2f3  0133f81b74a9b6c1
     57        1.33333              7              1  1f6192f89ea2f2f3  1be912ef71fefc44
     58        77.9999              4              0  1f6192f89ea2f2f3  1d2b122df58823c7
     59       0.333333              2              0  1f6192f89ea2f2f3  27d742194c1f0d25
     60        13.6667             97              1  1f6192f89ea2f2f3  35bf660f723b512b
     61        1516.67            231              2  1f6192f89ea2f2f3  38ba09d5977c8fec
     62        996.666            960             25  1f6192f89ea2f2f3  5747f3fd44283369
     63       0.666666              4              0  1f6192f89ea2f2f3  5e081d71a6bbf2c0
     64       0.999999              6              1  1f6192f89ea2f2f3  718706310014d162
     65              2              8              1  1f6192f89ea2f2f3  947468bb83c4a253
     66        66.9999              5              1  1f6192f89ea2f2f3  9d07c7298f6a0b30
     67        68.9999             15              1  1f6192f89ea2f2f3  a1e6741a1b6f77fd
     68        61.9999              4              1  1f6192f89ea2f2f3  a817511143a786fa
     69       0.999999              5              1  1f6192f89ea2f2f3  a9d32922a196269a
     70       0.666666              6              1  1f6192f89ea2f2f3  bb9f05d20cea2ef3
     71            201              8              0  1f6192f89ea2f2f3  c073f656b4e0540e
     72       0.999999              5              1  1f6192f89ea2f2f3  d3445648e0df7cd3
     73            297             96              0  1f6192f89ea2f2f3  ef5bad216079093c
     74              4             20              1  2317c109d66f141e  0d21997db7d4fbee
     75        334.333           1172              1  2317c109d66f141e  1099240203d100c0
     76        4.33333             49              0  2317c109d66f141e  1318d7458e08e914
     77        3.33333             32              1  2317c109d66f141e  1a3d52fb0f3b6e23
     78        4.33333             49              1  2317c109d66f141e  2369a65ab83f330a
     79        3.33333             33              0  2317c109d66f141e  2daa056aa474162b
     80        66.3333             26              0  2317c109d66f141e  3188d54cc06bf2ce
     81        3.66666             36              0  2317c109d66f141e  3204e3cc87df149b
     82        15.3333             69              1  2317c109d66f141e  3abaf30ac863478a
     83        148.333            158              1  2317c109d66f141e  3f250d8c325390cf
     84        5.66666             61              1  2317c109d66f141e  435c3d89e6335052
     85              3             20              1  2317c109d66f141e  494f7cf0173c28e3
     86        7.33333             34              0  2317c109d66f141e  4c4a1d52346d5cf1
     87              3             28              0  2317c109d66f141e  5cfbb025853e697d
     88        12.3333             93              1  2317c109d66f141e  64359b9769e1d4c8
     89             24            157              0  2317c109d66f141e  656c6228f569a8b1
     90        14309.3          25272            123  2317c109d66f141e  6db92c487bcf0f41
     91        2.33333             27              0  2317c109d66f141e  839f189b3c026308
     92        3.33333             36              1  2317c109d66f141e  86940daf0d16a033
     93        28.3333            121              1  2317c109d66f141e  86a86ede2fc875f6
     94             17             35              0  2317c109d66f141e  89b6660bce3c2c2c
     95             34             43              1  2317c109d66f141e  8a2a970187ae0fe3
     96        5.66666             31              1  2317c109d66f141e  8b39d80040f7e3a2
     97              4             43              1  2317c109d66f141e  949a548f129e70dd
     98        5.66666             43              0  2317c109d66f141e  9f6ca00e0fcfb2cd
     99        15.3333             64              1  2317c109d66f141e  a93001b2ec1e0f16
    100           1364            705              1  2317c109d66f141e  b2a5bd037ac2e72f
    101        16.3333             38              1  2317c109d66f141e  bd54dd3df0b9dc67
    102        16.6666             70              1  2317c109d66f141e  c54e2485372b9e37
    103        1922.66           2841             45  2317c109d66f141e  d45d5dc7afa6038c
    104             11             43              2  2317c109d66f141e  e4c00b80fb4e0145
    105        6.99999             62              1  2317c109d66f141e  ea3638f535a230dc
    106        2.33333             21              0  2317c109d66f141e  f4103445025b9b11
    107        6.33333             56              1  2317c109d66f141e  f4801d8dde0dd1cb
    108        6.99999             77              1  2317c109d66f141e  f5749fcdb6e494cc
    109        68.6666            354              6  2317c109d66f141e  f58d264004586064
    110        2260.66           4698             30  2317c109d66f141e  f8b1490ada9a15eb
    111              3             28              1  2317c109d66f141e  ff1a0abcdce33fcf
    112       0.999999              8              1  240bb41aee18aede  00595d52823ea9c3
    113       0.999999              6              0  240bb41aee18aede  00e525168b7f3793
    114       0.666666              6              1  240bb41aee18aede  0a2d06666e07e6c3
    115        84.9999             17              1  240bb41aee18aede  111a49366625940b
    116        8.99999             98              1  240bb41aee18aede  12247bbce15e4808
    117              2             11              1  240bb41aee18aede  1362c11df017a9c0
    118              2             20              1  240bb41aee18aede  262a87887e733dad
    119        9.33332             95              0  240bb41aee18aede  34f128a02dc23663
    120        81.9999             17              2  240bb41aee18aede  397d26a03cfa5554
    121        86.3332             12              1  240bb41aee18aede  3b3ff40256acdfba
    122       0.666666              8              1  240bb41aee18aede  3c210caa1eaaf77a
    123       0.666666              5              1  240bb41aee18aede  444a62faac5791b2
    124       0.999999              6              1  240bb41aee18aede  4794909462440e04
    125        86.3332             13              2  240bb41aee18aede  4c2fbe44925922f0
    126        2.33333             19              4  240bb41aee18aede  5374aeec76157ac6
    127        20.3333             98              0  240bb41aee18aede  56635b351c4fa200
    128        234.333             95              1  240bb41aee18aede  6677e666005f72ed
    129       0.333333              4              0  240bb41aee18aede  6786ffbd0ef30a77
    130        2.66666              4              0  240bb41aee18aede  6aff8c995af584b2
    131       0.999999             11              2  240bb41aee18aede  74fbfd12205ba9ee
    132       0.666666              6              0  240bb41aee18aede  78ce64771f731444
    133       0.333333              3              1  240bb41aee18aede  88a7e02eb6397361
    134        220.666            227              2  240bb41aee18aede  8b18a7f2a7b3900d
    135        1.33333              5              1  240bb41aee18aede  93e614841143f61a
    136        7.99999             11              1  240bb41aee18aede  93ffa032cc3b3836
    137        28.6666             97              1  240bb41aee18aede  99150e94d8d39d40
    138       0.999999              6              0  240bb41aee18aede  a370ec2fcc670f63
    139        87.9999             11              1  240bb41aee18aede  a752588e33be74f8
    140              2              5              1  240bb41aee18aede  a8d6c12ded731602
    141        1.33333              6              0  240bb41aee18aede  abc86cb522019ebd
    142        61.3333              4              1  240bb41aee18aede  b156482ca7907109
    143       0.666666              5              1  240bb41aee18aede  c1ba5593a323f66d
    144       0.999999              6              0  240bb41aee18aede  dadaa8f5b930b5f9
    145       0.666666              4              1  240bb41aee18aede  dcf1d3b441e7544b
    146       0.999999              4              0  240bb41aee18aede  dd4a0eeb2c94b6fa
    147              4              6              1  240bb41aee18aede  e4ca507eb357c62a
    148       0.999999              6              1  28b203d8bf5c526d  02f07deafec047bf
    149        15.3333             12              2  28b203d8bf5c526d  04cfb8c528077220
    150       0.666666              4              1  28b203d8bf5c526d  08c922515bfe3bc1
    151       0.333333              4              0  28b203d8bf5c526d  0c20eeb5816e7698
    152        36.3333             95              0  28b203d8bf5c526d  0c30be91e40b438c
    153        63.3333             19              2  28b203d8bf5c526d  14352ca3c2e16f65
    154        2.66666             31              4  28b203d8bf5c526d  2a2d47400538e1c6
    155           2594           1715             20  28b203d8bf5c526d  2a81dd6208e26989
    156       0.333333              4              1  28b203d8bf5c526d  481cce1cf77fe725
    157        1046.67            229              1  28b203d8bf5c526d  49724af2180e7984
    158              2              2              0  28b203d8bf5c526d  4d5f8fe3190b996a
    159        9.33332             95              0  28b203d8bf5c526d  4df37d92c7c33dac
    160        62.3333              5              0  28b203d8bf5c526d  4f08dac202cf7102
    161       0.666666              7              1  28b203d8bf5c526d  51a2171f1c56f70b
    162       0.999999              6              1  28b203d8bf5c526d  57f65a91b5018ff3
    163        62.6666             16              2  28b203d8bf5c526d  5bce5b930dd1f399
    164        224.666             12              1  28b203d8bf5c526d  5ef51fdc3b6201e8
    165        62.9999              4              0  28b203d8bf5c526d  67eea08b35ae3603
    166        8.99999             95              1  28b203d8bf5c526d  6a93ffcf5f228195
    167        77.3333             16              2  28b203d8bf5c526d  6ab0d4259701ffa3
    168       0.999999             12              2  28b203d8bf5c526d  6dacd9dd365de855
    169        78.3333             13              2  28b203d8bf5c526d  6dccaa47f0aaaea9
    170       0.999999              4              0  28b203d8bf5c526d  7d8b5020726dd727
    171        1.66667             15              2  28b203d8bf5c526d  83011f463a5b1b7e
    172        20.3333             94              0  28b203d8bf5c526d  86dfc6061b8efc13
    173       0.666666              6              1  28b203d8bf5c526d  915fd871ae5ea370
    174       0.666666              5              0  28b203d8bf5c526d  9396f34c6f979001
    175        161.333             13              1  28b203d8bf5c526d  949cf8d4d9d5adfe
    176       0.999999              6              1  28b203d8bf5c526d  9d27e0999809aa3c
    177        1.66667             19              3  28b203d8bf5c526d  9ec8f19e503f2ea0
    178        80.6666             11              1  28b203d8bf5c526d  a68c027c00427e59
    179              2              5              0  28b203d8bf5c526d  a7b87b6594148046
    180        61.3333              3              1  28b203d8bf5c526d  a7fc185837e6c35b
    181        77.6666              4              0  28b203d8bf5c526d  a98b3fe87ecb10ac
    182       0.666666              6              1  28b203d8bf5c526d  a9b5caef1030b025
    183        1.33333              3              0  28b203d8bf5c526d  afb7c09a1f46346f
    184       0.666666              4              1  28b203d8bf5c526d  b33a5fda64183541
    185              4              5              1  28b203d8bf5c526d  ba208d909d76f28f
    186              2             20              0  28b203d8bf5c526d  c03f32145acfd524
    187        83.3333             15              2  28b203d8bf5c526d  ce1c11d0f470ce9f
    188            335            100              0  28b203d8bf5c526d  e2cf64ec2d33090f
    189              2              5              1  28b203d8bf5c526d  fbbec65827222b7a
    190       0.999999              6              1  28b203d8bf5c526d  fd97e2146d99e500
    191        2.66666              8              1  2dc8bf9cfdb6e5d0  3ee04d87977513de
    192        29.3333             67              9  2dc8bf9cfdb6e5d0  8b719609db647817
    193              4              9              0  2dc8bf9cfdb6e5d0  9687d5c830166ce1
    194    7.89381e+07      121844374       10553763  36740401140d08e9  0692b64d93b55a84
    195    1.71932e+08      303455534         564063  36740401140d08e9  51f6f0168ce25263
    196        42803.3         106721            689  36740401140d08e9  54ad02c08d38559b
    197        6.99999             48              5  36740401140d08e9  5b963e7c00e6869b
    198    5.86196e+06        4919056           1052  36740401140d08e9  636f470884a200c1
    199          17409          18693            712  36740401140d08e9  703c8626ee000827
    200             14            101             26  36740401140d08e9  80d172eae2dd3ed4
    201    4.60377e+07      158619943           2348  36740401140d08e9  88cdcf8ae4fc80b9
    202              5             28              0  36740401140d08e9  8a89bdd8739f8d32
    203    2.90357e+06        4517703         800785  36740401140d08e9  904ba4a11286aca4
    204        1301.67             16              6  36740401140d08e9  cd918bd5ac43d749
    205        7.99999             32              4  36740401140d08e9  dac316721b97b55c
    206             32            119             28  36740401140d08e9  e980c443c0726709
    207    5.61645e+06        5736531        1523561  36740401140d08e9  f9a7c16dfb0747ef
    208              3             22              1  407c4b1c74a7b015  0eaa97acfbae6ad2
    209       0.666666              7              0  407c4b1c74a7b015  1586750efe886383
    210        26.6666             49              1  407c4b1c74a7b015  16cd3e629db2b572
    211        1.66667             14              1  407c4b1c74a7b015  2c2b43bc7e23c1a1
    212           2912           2941             33  407c4b1c74a7b015  33ef4d71a09f95ae
    213        4.66666              6              1  4c6d888353cd4f1a  1ae7cf021dd6a3f9
    214       0.666666              7              3  4c6d888353cd4f1a  2050c33f83718bb1
    215       0.666666              8              2  4c6d888353cd4f1a  933949a03eee25ab
    216       0.666666              5              0  4c6d888353cd4f1a  9f7f5dd96955ff32
    217            132             40             22  4c6d888353cd4f1a  a263f8980a45bfcd
    218        757.666             68             19  4c6d888353cd4f1a  dd33295661ade662
    219        1.33333             13              2  4c6d888353cd4f1a  fa5b684191da0e05
    220        8.33332              6              4  694d6a98abbbd0a8  30e24f93ace649b5
    221        71.3333              8              0  694d6a98abbbd0a8  b6c92b54e10e09ef
    222       0.666666              7              2  694d6a98abbbd0a8  dd1f9d4518bcce7b
    223       0.666666              6              0  694d6a98abbbd0a8  dddad3ac4d9401cb
    224           1433           1996             13  694d6a98abbbd0a8  fb2e09ae9af6c339
    225              2             20              3  6c0a66f034d4b8f8  4efd2b3d50ddb536
    226        3.66666              5              3  6c0a66f034d4b8f8  62c5f18ac8b03875
    227        2.33333             23              4  6c0a66f034d4b8f8  75e1ac549b59f238
    228       0.999999              6              2  6c0a66f034d4b8f8  965a177d77fac5b9
    229        1093.33           4153             43  6c0a66f034d4b8f8  978c6415a4685adc
    230           1056           2398            118  6c0a66f034d4b8f8  df0c67f32b661fcd
    231              2             20              3  6c0a66f034d4b8f8  ef0325606f1dd9bb
    232        3.66666             26              1  716f72321636e615  058f6ff688a4293b
    233       0.666666              4              0  716f72321636e615  0948105955d7e2a8
    234       0.999999              6              0  716f72321636e615  1917fe49edc6e097
    235       0.999999              6              1  716f72321636e615  3fe0d48f3c1642b6
    236        3.33333             18             16  716f72321636e615  40cb3337bbf49d42
    237       0.999999              4              1  716f72321636e615  42a009b9c43241fb
    238        172.666             98              4  716f72321636e615  461255ecf6ca3049
    239       0.666666              4              1  716f72321636e615  6b6eeba08f18090f
    240        1.33333             12              3  716f72321636e615  8a75dfb985b5fadc
    241       0.666666              8              1  716f72321636e615  a0de71b108b5fa73
    242        23827.3            359            154  716f72321636e615  a5954ce51aece7e3
    243       0.666666              5              1  716f72321636e615  b1f84a918cf32af7
    244    3.65873e+08      699779173        4336783  716f72321636e615  c3961c73fcb51683
    245       0.666666              4              2  716f72321636e615  cc54e1a0f1028e6a
    246       0.999999              6              2  716f72321636e615  cd0a96862ac53e04
    247       0.666666              7              1  716f72321636e615  cd75d1be132a8a31
    248       0.333333              4              1  716f72321636e615  d290c6e91db79c7e
    249       0.333333              4              0  716f72321636e615  de398f60146f50c3
    250       0.999999              5              1  716f72321636e615  e273e6953f3ecbdd
    251       0.666666              4              1  716f72321636e615  ed15e015f21c22a9
    252        243.666              8              2  716f72321636e615  fd1faa8ae3c3dbfa
    253        89.6666            142              1  716f72321636e615  ff78a05bacf879be
    254              3             33              1  74b443d410639770  054961a7321520d6
    255       0.666666              7              0  74b443d410639770  301bf953ca3a2244
    256       0.333333              4              0  74b443d410639770  64583fe6215f089f
    257            217             39              0  74b443d410639770  66baaf07848dc2ed
    258       0.666666              5              0  74b443d410639770  7539bf4fac48a70c
    259        1.66667              6              1  74b443d410639770  9b5e076a776a3c47
    260        3.33333              2              0  74b443d410639770  a267fec90cff523e
    261       0.999999              5              1  74b443d410639770  a41c22c2fe1cefaa
    262       0.666666              8              1  74b443d410639770  a9bbf118b32fbfa5
    263        61.6666              6              0  74b443d410639770  d5c1668041f2dfab
    264       0.666666              8              1  74b443d410639770  da769c10063ae56d
    265        1.66667              4              0  74b443d410639770  e4125fbcd92f1edd
    266       0.333333              4              1  74b443d410639770  f421a563cc849e3b
    267       0.999999              7              1  74b443d410639770  f91390ec36c17aa7
    268        4.33333              5              1  767a936fca45ed6f  b0e044039e6a3e7e
    269        362.333            311             18  767a936fca45ed6f  cbc7db9d1429a403
    270       0.999999              7              0  767a936fca45ed6f  d125a90f594016e7
    271        847.666            974             18  767a936fca45ed6f  e0b105a89abbe723
    272             27             93              1  89c0c06294b919fd  38e1ef6acd41c977
    273        5.99999             48              1  89c0c06294b919fd  697b671d8b5b5185
    274        763.999            510              1  89c0c06294b919fd  78e0acf52602ad29
    275        6.99999             49              0  89c0c06294b919fd  8fac73b77954f36b
    276        16.6666             69              1  89c0c06294b919fd  d5cf96bda6f315b2
    277        97.3332              8              1  9509ecc5496d49e4  02f5cfecd0545080
    278       0.999999              3              0  9509ecc5496d49e4  832ec90f5b833b63
    279        3946.33            870            163  9509ecc5496d49e4  95547461a95a0847
    280       0.333333              2              1  9509ecc5496d49e4  c649627c5a2373d0
    281        3195.33           6517             31  9509ecc5496d49e4  c84e85b3298532c2
    282    9.10071e+06       11010463         266533  9509ecc5496d49e4  d5e96fe62e3f1ce8
    283        3552.33           1033            164  9586b18ab238fe68  5802cef3c4242ecd
    284           2800           5649             25  9586b18ab238fe68  5afaddf42d0d8772
    285       0.333333              3              1  9586b18ab238fe68  5e7d7de67a814d63
    286       0.666666              6              1  9586b18ab238fe68  75cd99bb5c1c5ec3
    287        1265.33            943             23  9586b18ab238fe68  a2324ef449cc02e7
    288       0.999999              4              0  9586b18ab238fe68  b69ebd3b15aed36c
    289    1.92812e+06        7634932          65543  9586b18ab238fe68  d6dd84c8da621625
    290        1.66667              9              1  9586b18ab238fe68  f34a72e4b5d30262
    291       0.999999             11              3  998bc36ea72a76cf  116a02a422e9b958
    292       0.333333              4              2  998bc36ea72a76cf  197a3f3c3d0221cd
    293        163.667            140              4  998bc36ea72a76cf  21ec3b9c34abf4d7
    294        6277.33           2283            161  998bc36ea72a76cf  221f1f763b7aa64a
    295        6.33333             33             12  998bc36ea72a76cf  27cbaa795473bebe
    296       0.333333              4              4  998bc36ea72a76cf  2a3a31a32e053bda
    297       0.666666              2              2  998bc36ea72a76cf  2bc06fb0b186940b
    298        1.66667              9              4  998bc36ea72a76cf  366f4c6b87eeeb43
    299       0.666666              6              4  998bc36ea72a76cf  41b17d641e97738a
    300    1.29357e+08      425746696         576495  998bc36ea72a76cf  42fc5f85a170f995
    301       0.333333              3              0  998bc36ea72a76cf  51ca657acfb6f79e
    302        1.33333              8              3  998bc36ea72a76cf  5506b30e227a59ee
    303        223.666             30              4  998bc36ea72a76cf  61eac2dcdfc1eebf
    304       0.666666              3              0  998bc36ea72a76cf  69c1409059ca7d79
    305        6.33333              5              1  998bc36ea72a76cf  6f017610aa2a6b70
    306       0.333333              3              2  998bc36ea72a76cf  72d8bf93eb2253ed
    307       0.666666              8              1  998bc36ea72a76cf  78f59be4b3befef3
    308       0.333333              3              0  998bc36ea72a76cf  7f06d0e24ed259c5
    309       0.999999              5              6  998bc36ea72a76cf  7f0dd8c13342d532
    310        1073.33            137             25  998bc36ea72a76cf  822d7a136af2517f
    311        9.66666              5              4  998bc36ea72a76cf  8d297ccf85b2550c
    312    4.23801e+06        8931881           1793  998bc36ea72a76cf  9625bbb3f9cbc751
    313        1.33333              8              4  998bc36ea72a76cf  9706157187fabf9b
    314            175            138              1  998bc36ea72a76cf  a7615ea13c922957
    315       0.333333              4              1  998bc36ea72a76cf  ac8be2ab6f3dc831
    316       0.999999              7              3  998bc36ea72a76cf  b43aa6e526bd194a
    317       0.333333              3              1  998bc36ea72a76cf  b4ed197de76c74fc
    318        213.666            129             54  998bc36ea72a76cf  b906f569c726b241
    319           3270            503             41  998bc36ea72a76cf  b9f4c9e1221f0039
    320    1.31349e+06        3925858         122690  998bc36ea72a76cf  bc006570f0672b84
    321       0.666666              5              4  998bc36ea72a76cf  cac6dea96346ae74
    322        11496.3           2548            497  998bc36ea72a76cf  d4bfe152cb5f555b
    323        1.66667             11              1  998bc36ea72a76cf  db41b16531b425d8
    324            396             92             10  998bc36ea72a76cf  eb09fea619a3481b
    325       0.666666              6              1  998bc36ea72a76cf  f0887302ef20b721
    326       0.999999             10              4  998bc36ea72a76cf  f4bed8ba082a098f
    327       0.666666              4              0  998bc36ea72a76cf  f5054ccfbb6bd386
    328        7067.99           2439            183  998bc36ea72a76cf  fa2b51f1e69d8a25
    329       0.999999              5              4  998bc36ea72a76cf  fbf623ad8f423fe7
    330        402.666             15              4  998bc36ea72a76cf  fea4a119c1f40db8
    331        11.3333             47              1  9a5e158ef10e4fb4  035d7133d0c48a8e
    332        486.333            408              0  9a5e158ef10e4fb4  1eeffb518555aecf
    333        83.3332             36              1  9a5e158ef10e4fb4  272c04d96b9bfc11
    334        2.33333             19              0  9a5e158ef10e4fb4  31dc9429f8dfe576
    335        17.6666            144              1  9a5e158ef10e4fb4  60faf47bbdd717ee
    336        3.33333             30              0  9a5e158ef10e4fb4  7435926acc9682ce
    337        4.66666             39              0  9a5e158ef10e4fb4  79384cb4587fd4b4
    338        22.6666             97              1  9a5e158ef10e4fb4  812ab1ba1cfa0d1d
    339             17             48              0  9a5e158ef10e4fb4  926bfffed9fcadbf
    340              2             20              1  9a5e158ef10e4fb4  999d481e4950bdf5
    341           2193           1653              8  9a5e158ef10e4fb4  a8e71bc4abcad109
    342        6.33333             55              5  9a5e158ef10e4fb4  d910d0ed6787c591
    343        14.3333             93              6  9a5e158ef10e4fb4  ff974fe152436b60
    344       0.666666              5              0  9aa7f9d20b7922a2  0b6767361965d35b
    345       0.999999              8              1  9aa7f9d20b7922a2  0c63d0931479df43
    346        70.9999             67              1  9aa7f9d20b7922a2  1b706c93b575dee6
    347        7.33333             13              2  9aa7f9d20b7922a2  1ed1af600aea415c
    348            103             93              5  9aa7f9d20b7922a2  23a731fffa7e0ef1
    349       0.333333              4              0  9aa7f9d20b7922a2  23ca0a0a4d048fb2
    350       0.666666              7              1  9aa7f9d20b7922a2  262caf837270853e
    351       0.666666              8              1  9aa7f9d20b7922a2  2fc17fc71d25b582
    352            144             32              1  9aa7f9d20b7922a2  327d52561ee337f5
    353       0.666666              4              1  9aa7f9d20b7922a2  43cea4dc9e0860d7
    354            310             90              1  9aa7f9d20b7922a2  4910243c585ec570
    355        334.333             96              1  9aa7f9d20b7922a2  5343753037300669
    356       0.666666              5              2  9aa7f9d20b7922a2  57e074375236f211
    357       0.666666              7              4  9aa7f9d20b7922a2  594efa7c060d3788
    358       0.666666              7              1  9aa7f9d20b7922a2  59adee33d7cb3b03
    359       0.666666              5              0  9aa7f9d20b7922a2  616d059f40084721
    360        3.66666              5              0  9aa7f9d20b7922a2  650e04e1876061b0
    361       0.999999              5              1  9aa7f9d20b7922a2  659e7fc1b21aff11
    362        69.6666              8              1  9aa7f9d20b7922a2  6be8cc99e57621c2
    363       0.666666              6              2  9aa7f9d20b7922a2  7b03e18451d33888
    364              3             33              0  9aa7f9d20b7922a2  883210397d5ed1d0
    365        76.6666              4              0  9aa7f9d20b7922a2  8b60c11bddde2ffb
    366           1155            930             13  9aa7f9d20b7922a2  8ee57a8c2a4766c0
    367       0.666666              4              0  9aa7f9d20b7922a2  92f15119d694d447
    368       0.666666              5              0  9aa7f9d20b7922a2  9ab6e28ff7f17fe6
    369       0.333333              3              1  9aa7f9d20b7922a2  a249010e839e5d14
    370       0.333333              3              1  9aa7f9d20b7922a2  b4c2fddf69f40c47
    371        94.3332              3              1  9aa7f9d20b7922a2  c33f581ef3919fbe
    372       0.666666              5              1  9aa7f9d20b7922a2  c3e68c8edffb6dd8
    373              3             33              2  9aa7f9d20b7922a2  c3eb8da5bc3287df
    374       0.666666              3              1  9aa7f9d20b7922a2  ced7a9835cfc1fd0
    375       0.333333              4              0  9aa7f9d20b7922a2  dfe716623c0da0f7
    376       0.666666              8              2  9aa7f9d20b7922a2  edeebbce3f56ad21
    377       0.666666              6              0  9aa7f9d20b7922a2  f2d29adacd4ac27e
    378       0.666666              4              0  9aa7f9d20b7922a2  f3b079869b1301d1
    379        62.3333              9              1  9aa7f9d20b7922a2  f4d2f3b8e72642e8
    380       0.666666              7              1  9aa7f9d20b7922a2  fc05e8648c0723a2
    381       0.666666              8              1  a63cf45bb7179d20  01b07147cb47b5d4
    382       0.666666              6              3  a63cf45bb7179d20  042e71f781b788a9
    383    4.33605e+06             64             52  a63cf45bb7179d20  39b84869363f1d9b
    384       0.666666              6              0  a63cf45bb7179d20  457ecf55c43b6f2e
    385    2.16792e+06             82              2  a63cf45bb7179d20  4b60e8879f2a0e43
    386        3.33333             26              4  a63cf45bb7179d20  577068590c0cbf8d
    387        3.33333             10              4  a63cf45bb7179d20  586d66bf98f13828
    388       0.666666              6              3  a63cf45bb7179d20  79b7bd5e51b68548
    389         110682        1179602         256931  a63cf45bb7179d20  7da52e8e07070fc7
    390        2.66666             12              3  a63cf45bb7179d20  8c7be9889117a1d0
    391          15679          11477            444  a63cf45bb7179d20  9ab6642f641157fb
    392              2             20             12  a63cf45bb7179d20  b98eb5e96cf66c40
    393        7.33333             16              4  a63cf45bb7179d20  d13d23959a8240dd
    394            136             21              6  a63cf45bb7179d20  f0eeaab31d3468f7
    395       0.333333              2              0  b3de4fc1369a0dea  15e13ea84fd33299
    396        5.66666              4              0  b3de4fc1369a0dea  1cc80fec7f172da2
    397        4.99999              4              0  b3de4fc1369a0dea  2d258d627e934241
    398        21.6666             63              1  b3de4fc1369a0dea  58cee4935b00eb11
    399        2413.66           1447             81  b3de4fc1369a0dea  6a7e36642678c2a0
    400        2251.66            382              8  b3de4fc1369a0dea  d515d1091806020a
    401       0.666666              2              0  cad9d1c2aea38d10  05ab942f060cc482
    402       0.666666              5              1  cad9d1c2aea38d10  0684d9917691c68d
    403        3.66666             40              6  cad9d1c2aea38d10  2e3db243f643553d
    404        19.3333             11              2  cad9d1c2aea38d10  41e5a812b380e5b7
    405        3.33333             18              8  cad9d1c2aea38d10  4bc3164f5119317d
    406        1672.66            748             35  cad9d1c2aea38d10  52ba3b756766e27b
    407        12859.7          16096            201  cad9d1c2aea38d10  59fac3acd3d3505a
    408       0.999999              5              0  cad9d1c2aea38d10  5da01dfff296bbe4
    409       0.333333              3              1  cad9d1c2aea38d10  63e58e81098b627d
    410       0.666666              4              1  cad9d1c2aea38d10  6beb389dc48a8000
    411       0.999999              5              1  cad9d1c2aea38d10  6de958b4eb5f3da9
    412        87.6666             11              1  cad9d1c2aea38d10  7ff1bf42d9dd2ce6
    413       0.666666              4              1  cad9d1c2aea38d10  86f8bd123a254ec2
    414       0.333333              2              1  cad9d1c2aea38d10  9198d3b38988678b
    415          12966           3803            414  cad9d1c2aea38d10  95ca083016b43d50
    416        1202.67           2023             16  cad9d1c2aea38d10  abb216d49a25cf0f
    417        122.333            144              2  cad9d1c2aea38d10  b9b57555b9c3af63
    418       0.999999              6              1  cad9d1c2aea38d10  befc6c34ae3cf6dd
    419       0.999999              3              0  cad9d1c2aea38d10  c1eff430c5f59c39
    420       0.666666              4              1  cad9d1c2aea38d10  e10bbea23f3498e9
    421        10.3333              9              1  cad9d1c2aea38d10  ec4aef61db0213a3
    422           3765           5593            111  cad9d1c2aea38d10  f08950fb20e0dafa
    423              4              5              0  cad9d1c2aea38d10  ff3c929fefb8b701
    424              0              0            292  ccf441349af0b0a2  21b3c051d22b960c
    425       0.666666              6              1  deb35a351c44fe2e  014931dd4204ca77
    426       0.999999              9              4  deb35a351c44fe2e  0311d6bf33fede44
    427       0.999999              5              1  deb35a351c44fe2e  0bf200a921b5577d
    428        8.99999             92              4  deb35a351c44fe2e  102d630ff77f21ad
    429       0.333333              3              2  deb35a351c44fe2e  19fcb6e2e0217b82
    430        1118.67           1182             35  deb35a351c44fe2e  1a126d260ec6c6ad
    431        66.9999              7              2  deb35a351c44fe2e  1b6e97ff25c48038
    432       0.666666              7              2  deb35a351c44fe2e  24368502cf552177
    433        5.66666              5              0  deb35a351c44fe2e  2641e09fbe94fc15
    434       0.333333              3              0  deb35a351c44fe2e  29c6bc633ac30201
    435       0.999999              3              0  deb35a351c44fe2e  3070a9e1b33dac9b
    436       0.999999              3              1  deb35a351c44fe2e  3b3dcb85970e7d09
    437              4              5              1  deb35a351c44fe2e  3db18f69a87c2316
    438       0.666666              7              4  deb35a351c44fe2e  41221b2ad8bb2edc
    439       0.999999              8              6  deb35a351c44fe2e  437e414c7dd58a6e
    440       0.666666              3              1  deb35a351c44fe2e  470a8799259a48c8
    441       0.999999             12              2  deb35a351c44fe2e  47bd579560b3fcbc
    442            238             96              1  deb35a351c44fe2e  4b4cf5c539343b1d
    443       0.333333              3              1  deb35a351c44fe2e  4b73415e7ebdcbff
    444       0.666666              4              0  deb35a351c44fe2e  4c35b7c2e3f3bb3a
    445        8.66666             96              5  deb35a351c44fe2e  4dd24f3f80ec5e23
    446        459.333             86             18  deb35a351c44fe2e  58c9d50f69ead7e7
    447        6.66666              2              2  deb35a351c44fe2e  60158b2ca34f4659
    448       0.333333              4              4  deb35a351c44fe2e  6fe1ebbf54e57aa2
    449        497.333           3399             77  deb35a351c44fe2e  72fbe9f3fe10794c
    450       0.333333              2              1  deb35a351c44fe2e  8fc8a02639fca5cd
    451        885.332             80              3  deb35a351c44fe2e  9bafd01722dd1feb
    452        65.9999              6              0  deb35a351c44fe2e  af1c06b0fa400d47
    453        7638.33           2132            413  deb35a351c44fe2e  b50ead8b5d57660b
    454        509.666           3138              1  deb35a351c44fe2e  ba1e4d5babb73507
    455        304.333              6              2  deb35a351c44fe2e  bd014a03b7c8d577
    456        96.6666              7              2  deb35a351c44fe2e  bec7eac00e5718ae
    457        4.33333             36              0  deb35a351c44fe2e  c0cb6e684d0ce7f1
    458            487             93              3  deb35a351c44fe2e  c7cf869ace74200d
    459              0              0              2  deb35a351c44fe2e  d30d6cb88e37744a
    460       0.666666              8              1  deb35a351c44fe2e  d6b9cb2b91d9c865
    461        92.3332             88              6  deb35a351c44fe2e  dd9ceaeaaec4b9ce
    462        78.9999             70              9  deb35a351c44fe2e  e4666180890196d9
    463       0.333333              2              2  deb35a351c44fe2e  ea42c85e6a5daf44
    464        2.66666             10              5  deb35a351c44fe2e  f4eb28af834cf30a
    465        698.999            301             32  deb35a351c44fe2e  f780db89017603e6
    466       0.666666              6              0  e6b707080b6fbdfc  0269ab1eb26a0a74
    467        6.99999             16              3  e6b707080b6fbdfc  1a4d4f0c49830f67
    468        4.33333             13              2  e6b707080b6fbdfc  39ca9262216b4ace
    469        279.333             22              4  e6b707080b6fbdfc  3aa00793054f949b
    470    3.44867e+06             64             52  e6b707080b6fbdfc  431acb2aa03e977d
    471              3             24              3  e6b707080b6fbdfc  4d314db2a5f25fde
    472       0.999999             11              3  e6b707080b6fbdfc  5164dbf63fbc8526
    473         110542        1179600         205167  e6b707080b6fbdfc  6a75b357674b906c
    474       0.666666              8              3  e6b707080b6fbdfc  7ae735d55a1390f6
    475        1.33333             14             11  e6b707080b6fbdfc  986e6a53a5fa2fb9
    476     1.7243e+06             76              3  e6b707080b6fbdfc  9d7fbfb301133213
    477       0.666666              6              4  e6b707080b6fbdfc  b07b6f81461ca7c1
    478        8686.99          12355            132  e6b707080b6fbdfc  c6c755f086c095b8
    479       0.666666              8              0  e6b707080b6fbdfc  ceca07ca48c9f618
    480    1.28359e+06        1392622          97160  f9be6cd5b366ff05  10cdf188087d5bec
    481        71.6666             10              5  f9be6cd5b366ff05  1a5d9240daf6c8b1
    482        1.66667              8              2  f9be6cd5b366ff05  1ec9316653316499
    483       0.333333              3              1  f9be6cd5b366ff05  34b01a989923870f
    484        1.33333             12              1  f9be6cd5b366ff05  6c711518cf164878
    485           4779           5649            124  f9be6cd5b366ff05  7daf2952ace4d6d3
    486       0.333333              3              0  f9be6cd5b366ff05  8a16c36928270d4c
    487       0.999999              4              2  f9be6cd5b366ff05  9fdfddff87092874
    488              3              8              1  f9be6cd5b366ff05  a063106be9651ad3
    489       0.333333              3              1  f9be6cd5b366ff05  a4fbdaa511b748db
    490              3             31             25  f9be6cd5b366ff05  d0b26632005915ef
    491        70.3333              9              3  f9be6cd5b366ff05  e03eea93e32cbdf4
    492        3.66666             27              1  f9be6cd5b366ff05  e702f705865ce560
    493        1.33333              4              2  f9be6cd5b366ff05  f03a04c0ea2b8804
