============================================================
ReuseSegment - Thread 0
head = 19, count = 6 | 19 41 
head = 26, count = 1 | 26 41 
head = 41, count = 3 | 41 27 
head = 19, count = 26 | 19 27 
head = 27, count = 1 | 1 27 
head = 1, count = 1 | 1 57 
head = 27, count = 48 | 27 57 
head = 19, count = 1 | 19 41 57 
head = 41, count = 1 | 41 57 
head = 19, count = 2 | 19 27 57 
head = 57, count = 1 | 57 20 30 
head = 57, count = 18 | 57 30 
head = 30, count = 19 | 30 37 
head = 37, count = 6 | 37 58 
head = 57, count = 30 | 57 58 
head = 27, count = 7 | 27 58 
head = 27, count = 65 | 27 57 58 
head = 58, count = 6 | 58 5 
head = 37, count = 13 | 37 5 
head = 58, count = 1 | 58 35 
head = 5, count = 20724671 | 5 35 
head = 58, count = 1 | 58 38 
head = 35, count = 1036207 | 5 35 38 
head = 35, count = 18652641 | 5 35 
head = 38, count = 1 | 35 38 
head = 35, count = 1036206 | 35 38 
head = 57, count = 6 | 57 30 37 5 35 
head = 35, count = 1 | 1 35 38 49 
head = 35, count = 9 | 35 49 
head = 35, count = 1 | 35 38 48 
head = 5, count = 1 | 5 35 48 
head = 49, count = 9 | 49 48 
head = 58, count = 1 | 58 5 35 48 
head = 19, count = 35 | 19 27 57 58 
head = 19, count = 1 | 19 57 58 
head = 48, count = 1045 | 48 21 
head = 48, count = 1 | 48 25 
head = 21, count = 859 | 21 17 
head = 17, count = 1 | 17 33 
head = 17, count = 314 | 17 29 
head = 48, count = 1 | 1 48 
head = 29, count = 1 | 29 31 
head = 31, count = 1 | 31 34 
head = 29, count = 198 | 29 34 
head = 34, count = 2 | 34 8 
head = 19, count = 1 | 19 27 57 30 37 58 5 35 49 48 
head = 41, count = 1 | 41 27 57 30 37 58 5 35 49 48 
head = 27, count = 1 | 27 57 30 37 5 35 
head = 8, count = 1 | 8 24 
head = 24, count = 1 | 24 13 
head = 8, count = 1 | 8 15 
head = 8, count = 1 | 1 8 44 
head = 30, count = 2 | 30 37 5 35 
head = 57, count = 1 | 57 30 37 58 5 35 48 
head = 8, count = 4 | 8 44 
head = 41, count = 1 | 41 27 57 30 37 5 35 49 
head = 27, count = 1 | 27 57 5 35 49 
head = 44, count = 32 | 44 42 
head = 57, count = 6 | 57 30 37 5 35 49 
head = 8, count = 12 | 8 42 
head = 57, count = 1 | 57 5 35 
head = 8, count = 1 | 8 44 42 
head = 42, count = 2 | 68 42 
head = 68, count = 2 | 68 65 
head = 42, count = 139 | 65 42 
head = 15, count = 1 | 67 15 
head = 24, count = 54 | 62 69 24 
head = 24, count = 7 | 69 24 
head = 44, count = 29 | 65 44 42 
head = 64, count = 29 | 64 42 
head = 8, count = 1 | 61 8 
head = 42, count = 1 | 6 1 42 
head = 42, count = 13 | 6 42 
head = 27, count = 1 | 27 57 30 37 5 35 49 
head = 6, count = 8 | 6 12 
head = 65, count = 1 | 65 64 
head = 42, count = 12 | 12 42 
head = 42, count = 1 | 6 12 42 
head = 8, count = 3 | 65 8 42 
head = 68, count = 1 | 68 61 
head = 8, count = 1 | 66 61 8 
head = 24, count = 1 | 62 69 12 24 
head = 67, count = 1 | 67 12 
============================================================
ReuseSegment - Thread 1
head = 0, count = 2 | 0 68 
head = 68, count = 2 | 68 65 
head = 0, count = 33 | 0 65 
head = 69, count = 8 | 62 69 
head = 64, count = 1 | 0 64 
============================================================
ReuseSegment - Thread 2
head = 0, count = 2 | 0 68 
head = 68, count = 2 | 68 65 
head = 0, count = 14 | 0 65 
head = 69, count = 49 | 62 69 
head = 64, count = 1 | 0 64 
============================================================
ReuseSegment - Thread 3
head = 0, count = 2 | 0 68 
head = 68, count = 2 | 68 65 
head = 0, count = 15 | 0 65 
head = 69, count = 6 | 69 62 
head = 64, count = 1 | 0 64 
============================================================
BBLSwitchCount - Thread 0
from = 0 | 1:1 
from = 1 | 0:1 19:1 16:1 26:1 41:1 3:1 27:1 57:1 20:1 30:1 37:1 58:1 52:1 5:1036208 35:1036208 38:1036208 51:1 49:1 48:1 25:1 40:1 21:259052 4:1 54:1 32:1 28:1 17:7231 53:1 33:1 2:1 45:1 29:518104 50:1 47:1 23:1 14:1 36:1 43:1 31:3 18:1 39:1 34:7230 8:1 11:1 7:1 55:1 24:451 22:1 13:7 9:1 46:1 15:4 10:1 44:1 42:1 56:1 6:1 12:1 
from = 19 | 1:1 
from = 16 | 1:1 
from = 26 | 1:1 
from = 41 | 1:1 
from = 3 | 1:1 
from = 27 | 1:1 
from = 57 | 1:1 
from = 20 | 1:1 
from = 30 | 1:1 
from = 37 | 1:1 
from = 58 | 1:1 
from = 52 | 1:1 
from = 5 | 1:1036208 
from = 35 | 1:1036208 
from = 38 | 1:1036208 
from = 51 | 1:1 
from = 49 | 1:1 
from = 48 | 1:1 
from = 25 | 1:1 
from = 40 | 1:1 
from = 21 | 1:259052 
from = 4 | 1:1 
from = 54 | 1:1 
from = 32 | 1:1 
from = 28 | 1:1 
from = 17 | 1:7231 
from = 53 | 1:1 
from = 33 | 1:1 
from = 2 | 1:1 
from = 45 | 1:1 
from = 29 | 1:518104 
from = 50 | 1:1 
from = 47 | 1:1 
from = 23 | 1:1 
from = 14 | 1:1 
from = 36 | 1:1 
from = 43 | 1:1 
from = 31 | 1:3 
from = 18 | 1:1 
from = 39 | 1:1 
from = 34 | 1:7230 
from = 8 | 1:1 
from = 11 | 1:1 
from = 7 | 1:1 
from = 55 | 1:1 
from = 24 | 1:451 
from = 22 | 1:1 
from = 13 | 1:7 
from = 9 | 1:1 
from = 46 | 1:1 
from = 15 | 1:4 
from = 10 | 1:1 
from = 44 | 1:1 
from = 42 | 1:1 68:1 65:1 61:1 66:7231 63:7231 62:10881 59:7231 67:7231 69:56147 64:1 60:1 
from = 68 | 42:1 
from = 65 | 42:1 
from = 61 | 42:1 
from = 66 | 42:7231 
from = 63 | 42:7231 
from = 62 | 42:10881 
from = 59 | 42:7231 
from = 67 | 42:7231 
from = 69 | 42:56147 
from = 64 | 42:1 
from = 60 | 42:1 
from = 56 | 1:1 
from = 6 | 1:1 
from = 12 | 1:1 
============================================================
BBLSwitchCount - Thread 1
from = 0 | 68:1 65:1 61:1 66:7231 63:7231 62:10950 59:7231 69:56639 67:7231 64:1 60:1 
from = 68 | 0:1 
from = 65 | 0:1 
from = 61 | 0:1 
from = 66 | 0:7231 
from = 63 | 0:7231 
from = 62 | 0:10950 
from = 59 | 0:7231 
from = 69 | 0:56639 
from = 67 | 0:7231 
from = 64 | 0:1 
from = 60 | 0:1 
============================================================
BBLSwitchCount - Thread 2
from = 0 | 68:1 65:1 61:1 66:7231 63:7231 62:11043 59:7231 69:69519 67:7231 64:1 60:1 
from = 68 | 0:1 
from = 65 | 0:1 
from = 61 | 0:1 
from = 66 | 0:7231 
from = 63 | 0:7231 
from = 62 | 0:11043 
from = 59 | 0:7231 
from = 69 | 0:69519 
from = 67 | 0:7231 
from = 64 | 0:1 
from = 60 | 0:1 
============================================================
BBLSwitchCount - Thread 3
from = 0 | 68:1 65:1 61:1 66:7231 63:7231 59:7231 69:65787 67:7231 62:10966 64:1 60:1 
from = 68 | 0:1 
from = 65 | 0:1 
from = 61 | 0:1 
from = 66 | 0:7231 
from = 63 | 0:7231 
from = 59 | 0:7231 
from = 69 | 0:65787 
from = 67 | 0:7231 
from = 62 | 0:10966 
from = 64 | 0:1 
from = 60 | 0:1 
