============================================================
ReuseSegment - Thread 0
head = 0, count = 111 | 0 16 
head = 16, count = 1 | 0 16 
head = 16, count = 1 | 16 1 
head = 0, count = 3 | 0 1 
head = 1, count = 28 | 1 18 
head = 0, count = 4 | 0 18 
head = 18, count = 16 | 18 7 
head = 7, count = 30 | 7 11 
head = 18, count = 37 | 18 11 
head = 0, count = 4 | 0 11 
head = 16, count = 1 | 16 11 
head = 11, count = 64 | 11 17 
head = 0, count = 3 | 0 17 
head = 7, count = 5 | 7 11 17 
head = 17, count = 26 | 7 17 
head = 17, count = 2 | 7 11 17 
head = 16, count = 1 | 16 7 
head = 0, count = 7 | 0 7 
head = 11, count = 10 | 7 11 
head = 0, count = 1 | 0 1 18 7 11 17 
head = 1, count = 1 | 1 7 
head = 11, count = 25 | 11 24 
head = 17, count = 3 | 11 24 17 
head = 7, count = 16 | 7 24 
head = 17, count = 6 | 24 17 
head = 16, count = 2 | 16 24 
head = 24, count = 34 | 11 24 
head = 7, count = 5 | 7 11 24 
head = 17, count = 30 | 11 17 
head = 7, count = 3 | 7 17 
head = 7, count = 1 | 7 6 
head = 11, count = 21 | 11 6 
head = 17, count = 1 | 11 17 6 
head = 24, count = 15 | 24 6 
head = 18, count = 1 | 18 7 11 6 
head = 17, count = 3 | 17 6 
head = 7, count = 1 | 7 11 6 
head = 6, count = 1 | 7 6 
head = 6, count = 32 | 11 6 
head = 7, count = 1 | 7 24 6 
head = 6, count = 2 | 11 24 6 
head = 11, count = 4 | 18 7 11 
head = 7, count = 8 | 18 7 
head = 17, count = 1 | 18 7 11 17 
head = 11, count = 22 | 18 11 
head = 7, count = 3 | 18 7 11 
head = 6, count = 4 | 18 6 
head = 18, count = 2 | 18 24 
head = 18, count = 4 | 18 11 24 
head = 18, count = 2 | 18 6 
head = 1, count = 1 | 1 6 
head = 18, count = 1 | 18 11 6 
head = 6, count = 1 | 24 6 
head = 18, count = 2 | 18 11 17 
head = 17, count = 1 | 18 17 
head = 11, count = 1 | 1 18 11 
head = 18, count = 2 | 1 18 
head = 1, count = 1 | 1 8 
head = 11, count = 15 | 11 8 
head = 18, count = 3 | 18 11 8 
head = 18, count = 7 | 18 8 
head = 24, count = 1 | 18 11 24 8 
head = 11, count = 2 | 18 11 8 
head = 0, count = 3 | 0 8 
head = 8, count = 24 | 8 22 
head = 22, count = 1 | 22 10 
head = 8, count = 3 | 8 10 
head = 11, count = 1 | 18 11 10 
head = 11, count = 1 | 11 10 
head = 17, count = 1 | 11 17 10 
head = 22, count = 3 | 8 22 
head = 10, count = 1 | 8 22 10 
head = 10, count = 1 | 8 10 
head = 10, count = 2 | 22 10 
head = 0, count = 1 | 0 22 
head = 8, count = 1 | 1 8 
head = 8, count = 2 | 8 5 
head = 10, count = 5 | 10 5 
head = 22, count = 3 | 22 5 
head = 1, count = 2 | 1 5 
head = 1, count = 1 | 1 10 5 
head = 5, count = 4 | 5 3 
head = 22, count = 16 | 22 3 
head = 18, count = 5 | 18 3 
head = 0, count = 2 | 0 3 
head = 3, count = 23 | 5 3 
head = 0, count = 1 | 0 5 
head = 5, count = 28 | 5 2 
head = 2, count = 1 | 3 2 
head = 3, count = 4 | 3 2 
head = 18, count = 8 | 18 2 
head = 6, count = 29 | 6 2 
head = 11, count = 22 | 11 2 
head = 24, count = 1 | 11 24 2 
head = 22, count = 2 | 22 2 
head = 0, count = 63 | 0 2 
head = 11, count = 1 | 11 8 5 2 
head = 16, count = 14 | 16 2 
head = 0, count = 7 | 0 1 18 7 11 17 10 5 2 
head = 5, count = 1 | 5 3 2 
head = 16, count = 1 | 0 16 2 
head = 11, count = 1 | 11 6 2 
head = 8, count = 1 | 8 5 2 
head = 0, count = 1 | 0 16 1 18 7 11 24 17 6 8 22 3 2 
head = 17, count = 4 | 17 2 
head = 0, count = 2 | 0 16 11 8 2 
head = 0, count = 3 | 0 8 2 
head = 1, count = 1 | 1 2 
head = 0, count = 1 | 0 17 2 
head = 16, count = 1 | 16 11 6 22 2 
head = 7, count = 1 | 7 2 
head = 0, count = 1 | 0 1 18 7 17 2 
head = 2, count = 86 | 2 4 
head = 18, count = 1 | 18 7 11 24 17 6 8 22 3 2 4 
head = 1, count = 36 | 1 18 7 11 24 17 6 8 22 5 3 2 4 
head = 0, count = 22 | 0 16 1 18 7 11 24 17 6 8 22 5 3 2 4 
head = 0, count = 4 | 0 16 1 18 7 11 24 17 6 8 22 3 2 4 
head = 16, count = 2 | 16 1 18 7 11 24 17 6 8 22 3 2 4 
head = 0, count = 1 | 0 16 1 7 11 24 17 8 3 2 
head = 0, count = 1 | 0 16 7 11 17 6 8 22 2 4 
head = 0, count = 1 | 0 16 1 18 7 11 24 17 6 8 22 10 5 3 2 4 
head = 0, count = 5 | 0 16 18 7 11 24 6 8 22 5 2 4 
head = 0, count = 1 | 0 11 2 4 
head = 1, count = 1 | 1 18 7 11 24 17 6 5 3 2 4 
head = 0, count = 1 | 0 16 1 18 7 11 24 17 6 5 3 2 4 
head = 0, count = 1 | 0 16 18 11 6 8 22 2 4 
head = 0, count = 1 | 0 1 18 11 24 3 2 4 
head = 17, count = 9 | 1 18 7 17 5 2 4 
head = 0, count = 1 | 0 16 1 18 7 11 17 10 5 2 4 
head = 0, count = 1 | 0 1 18 7 17 5 2 4 
head = 0, count = 2 | 0 1 18 7 11 17 10 5 2 4 
head = 8, count = 1 | 8 2 
head = 4, count = 20 | 2 4 
head = 0, count = 1 | 0 16 1 18 2 
head = 0, count = 2 | 0 16 3 
head = 0, count = 2 | 0 16 1 7 17 2 
head = 11, count = 1 | 18 11 24 6 22 3 2 
head = 0, count = 1 | 0 16 1 18 7 11 24 17 3 2 
head = 0, count = 1 | 0 16 1 18 7 11 24 17 5 3 2 
head = 11, count = 1 | 18 7 11 24 5 2 
head = 0, count = 7 | 0 16 1 18 7 11 24 5 2 
head = 0, count = 18 | 0 16 2 
head = 0, count = 1 | 0 16 7 24 3 2 
head = 0, count = 2 | 0 7 2 
head = 0, count = 2 | 0 16 7 
head = 17, count = 3 | 1 18 7 17 5 
head = 7, count = 2 | 1 18 7 17 5 
head = 0, count = 3 | 0 16 22 2 
head = 16, count = 1 | 16 5 
head = 0, count = 2 | 0 16 7 11 5 2 
head = 0, count = 2 | 0 16 7 2 
head = 0, count = 18 | 0 16 18 7 11 24 6 8 22 5 2 
head = 0, count = 1 | 0 16 11 8 22 2 
head = 24, count = 2 | 24 2 
head = 0, count = 1 | 0 16 18 24 22 2 
head = 0, count = 2 | 0 18 24 2 
head = 0, count = 2 | 0 16 7 11 6 8 22 5 2 
head = 7, count = 3 | 7 24 5 2 
head = 0, count = 1 | 0 16 7 11 24 5 2 
head = 11, count = 50 | 11 6 2 4 
head = 2, count = 4 | 26 2 
head = 7, count = 1 | 7 11 6 10 5 3 
head = 6, count = 1 | 11 6 10 5 3 
head = 7, count = 1 | 18 7 11 24 6 10 5 3 2 4 
head = 7, count = 2 | 18 7 11 24 6 3 2 4 
head = 24, count = 1 | 11 24 10 
head = 11, count = 1 | 11 24 10 
head = 11, count = 1 | 11 24 8 10 5 2 4 
head = 11, count = 1 | 11 8 10 5 2 4 
head = 11, count = 1 | 18 11 24 8 5 2 
head = 24, count = 3 | 18 11 24 
head = 0, count = 1 | 0 16 18 11 6 8 22 
head = 0, count = 2 | 0 16 8 2 
head = 0, count = 1 | 0 16 11 6 5 2 
head = 26, count = 1 | 26 2 
head = 16, count = 1 | 16 11 6 2 4 
head = 0, count = 1 | 0 16 18 11 24 6 8 5 2 4 
head = 11, count = 11 | 11 2 4 
head = 11, count = 1 | 11 8 2 4 
head = 18, count = 2 | 18 7 11 17 10 5 2 4 
head = 1, count = 2 | 1 18 7 11 17 10 5 2 4 
head = 1, count = 3 | 1 18 7 11 17 10 5 2 
head = 18, count = 14 | 18 7 11 17 10 5 2 
head = 16, count = 1 | 16 11 2 4 
head = 11, count = 1 | 11 8 5 
head = 16, count = 1 | 16 8 
head = 11, count = 1 | 11 24 8 10 5 2 
head = 0, count = 1 | 0 16 1 11 24 6 22 3 2 4 
head = 0, count = 2 | 0 16 24 2 
head = 18, count = 1 | 18 7 11 17 2 
head = 0, count = 1 | 0 16 6 2 
head = 0, count = 1 | 0 24 
head = 3, count = 1 | 5 3 2 
head = 2, count = 5 | 5 2 
head = 22, count = 1 | 1 8 22 5 
head = 1, count = 1 | 14 1 
head = 2, count = 1 | 26 14 2 
head = 5, count = 3 | 14 5 
head = 26, count = 1 | 26 14 2 
head = 2, count = 84 | 14 2 
head = 0, count = 1 | 0 16 18 24 2 
head = 16, count = 1 | 16 24 2 
head = 2, count = 1 | 14 5 2 
head = 24, count = 1 | 18 11 24 6 10 5 3 2 
head = 0, count = 1 | 0 16 1 18 
head = 0, count = 1 | 0 16 11 2 
head = 0, count = 1 | 0 16 18 2 
head = 14, count = 2 | 14 1 
head = 1, count = 1 | 13 1 
head = 1, count = 78 | 19 1 
head = 1, count = 1 | 13 19 1 
head = 13, count = 1 | 13 1 
head = 1, count = 1 | 21 1 
head = 14, count = 28 | 14 21 
head = 1, count = 2 | 26 1 
head = 21, count = 2 | 26 21 
head = 14, count = 3 | 26 14 
head = 26, count = 3 | 26 21 
head = 2, count = 58 | 21 2 
head = 18, count = 1 | 18 7 11 10 5 2 
head = 1, count = 1 | 1 18 7 11 10 5 2 
head = 2, count = 1 | 21 1 2 
head = 7, count = 1 | 18 7 5 2 4 
head = 5, count = 1 | 21 5 
head = 8, count = 1 | 8 4 
head = 21, count = 29 | 21 12 
head = 14, count = 6 | 14 12 
head = 2, count = 13 | 12 2 
head = 4, count = 4 | 12 4 
head = 11, count = 1 | 11 4 
head = 2, count = 16 | 14 21 2 
head = 2, count = 37 | 21 12 2 
head = 2, count = 9 | 12 5 2 
head = 2, count = 5 | 21 12 5 2 
head = 4, count = 1 | 14 21 12 5 2 4 
head = 2, count = 1 | 14 21 12 1 2 
head = 4, count = 1 | 14 21 2 4 
head = 12, count = 2 | 21 12 
head = 4, count = 35 | 14 2 4 
head = 18, count = 3 | 18 7 24 6 22 2 
head = 0, count = 1 | 0 16 18 7 11 24 6 5 2 
head = 0, count = 1 | 0 16 18 11 24 5 2 
head = 18, count = 1 | 18 24 5 2 
head = 21, count = 97 | 21 25 
head = 0, count = 2 | 0 16 2 4 
head = 4, count = 1 | 14 4 
head = 2, count = 2 | 14 21 12 2 
head = 2, count = 3 | 26 14 21 12 2 
head = 2, count = 2 | 26 21 12 2 
head = 0, count = 1 | 0 16 1 18 24 17 5 2 
head = 0, count = 1 | 0 16 24 
head = 0, count = 1 | 0 2 4 
head = 25, count = 38 | 21 25 
head = 12, count = 1056 | 12 25 
head = 14, count = 1 | 26 14 21 
head = 21, count = 2051 | 21 9 
head = 25, count = 1 | 21 25 9 
head = 25, count = 49 | 25 9 
head = 9, count = 9 | 21 9 
head = 21, count = 412 | 21 20 
head = 9, count = 924 | 9 20 
head = 0, count = 1 | 0 11 24 
head = 25, count = 407 | 25 20 
head = 1, count = 3 | 1 11 24 3 2 
head = 21, count = 19 | 21 25 9 20 
head = 21, count = 2 | 21 25 9 
head = 25, count = 87 | 25 9 20 
head = 25, count = 14 | 21 25 9 20 
head = 21, count = 45 | 21 25 20 
head = 17, count = 1 | 17 6 3 2 
head = 20, count = 2950 | 21 20 
head = 9, count = 1135 | 21 9 20 
head = 21, count = 12 | 21 23 
head = 20, count = 23 | 20 23 
head = 11, count = 1 | 11 10 5 2 
head = 23, count = 10 | 21 23 
head = 23, count = 29 | 25 23 
head = 20, count = 79 | 25 20 
head = 20, count = 1 | 21 25 20 
head = 21, count = 12 | 21 15 
head = 25, count = 1 | 21 25 15 
head = 25, count = 18 | 25 15 
head = 23, count = 3 | 23 15 
head = 21, count = 13 | 21 25 23 15 
head = 20, count = 11 | 21 25 20 23 15 
head = 20, count = 2 | 21 25 20 23 
head = 21, count = 7 | 21 25 23 
head = 15, count = 1 | 21 15 
head = 21, count = 7 | 21 1 
head = 20, count = 34 | 25 20 23 15 
head = 26, count = 2 | 26 1 
head = 23, count = 10 | 25 23 15 
============================================================
BBLSwitchCount - Thread 0
from = 0 | 16:1 
from = 16 | 1:1 
from = 1 | 18:1 
from = 18 | 7:1 
from = 7 | 11:1 
from = 11 | 17:1 24:9 
from = 17 | 11:4 6:1 
from = 24 | 11:3 17:4 24:3 6:1 8:1 
from = 6 | 11:2 
from = 8 | 22:1 
from = 22 | 10:1 5:1 
from = 10 | 22:1 
from = 5 | 3:1 
from = 3 | 2:1 4:1 
from = 2 | 3:1 
from = 4 | 26:1 
from = 26 | 14:1 12:1 
from = 14 | 13:1 
from = 13 | 19:1 
from = 19 | 21:1 
from = 21 | 26:1 
from = 12 | 25:1 
from = 25 | 25:2 9:1 15:1 
from = 9 | 20:1 
from = 20 | 20:2 23:1 
from = 23 | 25:1 
from = 15 | 26:1 
