============================================================
ReuseSegment - Thread 0
head = 0, count = 89 | 0 179 
head = 179, count = 2 | 179 281 
head = 179, count = 7 | 179 1 
head = 0, count = 1 | 0 338 
head = 338, count = 1 | 338 329 
head = 329, count = 1 | 329 346 
head = 179, count = 21 | 179 346 
head = 346, count = 2 | 346 328 
head = 328, count = 1 | 1 328 
head = 346, count = 9 | 1 346 
head = 346, count = 1 | 346 86 
head = 346, count = 1 | 346 82 
head = 82, count = 1 | 82 80 
head = 86, count = 1 | 86 80 
head = 80, count = 1 | 80 99 
head = 80, count = 1 | 1 80 99 
head = 179, count = 1 | 179 40 
head = 346, count = 1 | 346 61 
head = 61, count = 1 | 61 46 
head = 40, count = 1 | 40 46 
head = 46, count = 2 | 46 59 
head = 1, count = 2 | 1 59 
head = 179, count = 1 | 179 59 
head = 179, count = 1 | 0 179 59 
head = 346, count = 2 | 346 59 
head = 59, count = 1 | 1 59 
head = 0, count = 32 | 0 1 
head = 59, count = 2 | 59 53 
head = 1, count = 2 | 1 53 
head = 1, count = 22 | 1 301 
head = 346, count = 1 | 346 301 
head = 0, count = 2 | 0 301 
head = 301, count = 8 | 301 286 
head = 286, count = 5 | 286 318 
head = 301, count = 21 | 301 318 
head = 179, count = 1 | 179 318 
head = 1, count = 35 | 1 318 
head = 0, count = 2 | 0 318 
head = 318, count = 55 | 1 318 
head = 53, count = 1 | 1 53 318 
head = 1, count = 8 | 1 309 
head = 309, count = 8 | 309 302 
head = 1, count = 14 | 1 302 
head = 302, count = 20 | 302 311 
head = 311, count = 9 | 1 311 
head = 1, count = 5 | 1 228 
head = 228, count = 5 | 228 224 
head = 1, count = 19 | 1 221 
head = 318, count = 25 | 318 221 
head = 0, count = 1 | 0 221 
head = 311, count = 5 | 311 221 
head = 221, count = 1 | 221 231 
head = 231, count = 1 | 223 231 
head = 223, count = 5 | 223 222 
head = 1, count = 4 | 1 223 222 231 
head = 59, count = 1 | 59 232 311 228 
head = 1, count = 2 | 1 65 
head = 221, count = 21 | 221 65 
head = 318, count = 1 | 318 65 
head = 0, count = 2 | 0 65 
head = 53, count = 1 | 53 318 65 
head = 0, count = 1 | 0 1 221 65 
head = 346, count = 3 | 346 54 
head = 65, count = 1 | 65 54 
head = 54, count = 1 | 1 54 
head = 65, count = 4 | 1 65 
head = 54, count = 1 | 54 27 
head = 1, count = 2 | 1 27 
head = 302, count = 1 | 302 27 
head = 346, count = 1 | 346 27 
head = 53, count = 1 | 53 286 318 31 42 27 
head = 318, count = 6 | 1 318 309 302 311 
head = 222, count = 3 | 1 222 295 301 
head = 224, count = 3 | 1 232 301 224 
head = 301, count = 16 | 301 299 
head = 299, count = 8 | 299 71 
head = 1, count = 8 | 1 71 
head = 71, count = 8 | 299 71 
head = 65, count = 17 | 65 299 
head = 221, count = 5 | 221 299 
head = 318, count = 1 | 318 299 
head = 301, count = 1 | 301 286 299 
head = 71, count = 8 | 299 71 70 
head = 179, count = 1 | 179 299 
head = 299, count = 23 | 1 299 
head = 1, count = 8 | 1 292 
head = 292, count = 6 | 292 285 
head = 285, count = 8 | 285 303 
head = 1, count = 4 | 1 292 285 303 
head = 303, count = 6 | 303 287 288 
head = 54, count = 1 | 301 54 299 71 69 288 
head = 288, count = 8 | 288 289 
head = 288, count = 6 | 288 289 297 
head = 297, count = 6 | 286 297 
head = 1, count = 4 | 1 286 
head = 65, count = 4 | 318 65 
head = 299, count = 6 | 318 299 
head = 303, count = 3 | 318 303 316 
head = 318, count = 5 | 318 302 
head = 286, count = 3 | 1 286 
head = 221, count = 5 | 1 221 
head = 223, count = 2 | 1 223 
head = 222, count = 1 | 222 225 
head = 225, count = 9 | 225 230 
head = 230, count = 15 | 227 230 
head = 222, count = 1 | 222 227 225 
head = 302, count = 1 | 302 227 230 
head = 221, count = 8 | 221 226 
head = 227, count = 4 | 227 226 
head = 1, count = 3 | 1 226 
head = 1, count = 3 | 1 221 226 
head = 232, count = 2 | 232 311 228 
head = 1, count = 2 | 1 38 
head = 27, count = 1 | 318 27 38 
head = 226, count = 2 | 226 38 
head = 27, count = 1 | 318 27 52 50 
head = 27, count = 1 | 318 27 48 50 
head = 38, count = 1 | 38 50 
head = 50, count = 1 | 1 50 
head = 38, count = 4 | 1 38 
head = 226, count = 4 | 1 226 
head = 50, count = 1 | 50 49 
head = 1, count = 2 | 1 49 
head = 227, count = 1 | 227 49 
head = 54, count = 1 | 318 54 69 290 289 25 49 
head = 286, count = 16 | 286 314 
head = 314, count = 8 | 71 314 
head = 71, count = 8 | 71 314 
head = 226, count = 1 | 226 314 
head = 71, count = 8 | 71 70 314 
head = 314, count = 26 | 1 314 
head = 1, count = 8 | 1 298 
head = 298, count = 6 | 298 313 
head = 313, count = 8 | 313 308 
head = 1, count = 2 | 1 298 313 308 
head = 308, count = 4 | 308 315 291 
head = 49, count = 1 | 286 71 69 49 314 307 291 
head = 291, count = 8 | 291 294 
head = 291, count = 4 | 291 294 305 
head = 305, count = 4 | 318 305 
head = 226, count = 3 | 318 226 
head = 221, count = 6 | 318 221 
head = 308, count = 2 | 318 308 306 
head = 221, count = 1 | 221 225 
head = 222, count = 1 | 222 230 
head = 227, count = 10 | 227 225 230 
head = 230, count = 1 | 225 230 
head = 1, count = 2 | 1 45 
head = 49, count = 1 | 318 49 45 
head = 226, count = 2 | 226 45 
head = 59, count = 1 | 59 33 
head = 294, count = 1 | 318 294 51 33 
head = 45, count = 1 | 45 33 
head = 33, count = 1 | 1 33 
head = 45, count = 4 | 1 45 
head = 1, count = 2 | 1 55 
head = 49, count = 1 | 318 49 55 
head = 289, count = 1 | 318 289 55 
head = 50, count = 1 | 301 318 50 28 55 
head = 55, count = 1 | 1 55 
head = 226, count = 1 | 299 226 
head = 33, count = 1 | 301 299 71 69 288 33 
head = 1, count = 1 | 1 320 
head = 320, count = 5 | 320 319 
head = 319, count = 7 | 319 312 
head = 311, count = 5 | 311 320 319 312 
head = 232, count = 2 | 232 311 312 
head = 1, count = 1 | 1 318 35 30 
head = 1, count = 3 | 1 30 
head = 55, count = 1 | 318 55 30 
head = 33, count = 1 | 318 69 290 289 33 58 37 
head = 346, count = 1 | 346 37 
head = 30, count = 1 | 30 37 
head = 37, count = 1 | 1 37 
head = 30, count = 4 | 1 30 
head = 37, count = 1 | 37 64 
head = 55, count = 1 | 318 55 64 
head = 1, count = 2 | 1 64 
head = 55, count = 1 | 318 55 43 64 
head = 312, count = 2 | 301 312 
head = 1, count = 2 | 1 299 
head = 37, count = 1 | 301 299 71 69 290 288 37 
head = 227, count = 8 | 227 225 
head = 227, count = 1 | 227 230 
head = 312, count = 1 | 227 230 312 
head = 0, count = 2 | 0 226 
head = 312, count = 2 | 232 311 228 312 
head = 1, count = 3 | 1 39 
head = 64, count = 1 | 318 64 39 
head = 226, count = 1 | 226 39 
head = 64, count = 1 | 318 64 26 66 
head = 53, count = 1 | 53 318 44 66 
head = 39, count = 1 | 39 66 
head = 66, count = 1 | 1 66 
head = 39, count = 4 | 1 39 
head = 66, count = 1 | 66 36 
head = 64, count = 1 | 318 64 36 
head = 1, count = 2 | 1 36 
head = 222, count = 1 | 1 222 295 
head = 1, count = 16 | 1 168 
head = 224, count = 1 | 1 232 224 168 
head = 299, count = 15 | 299 168 
head = 318, count = 36 | 318 168 
head = 0, count = 1 | 0 168 
head = 226, count = 2 | 226 168 
head = 221, count = 3 | 221 168 
head = 59, count = 1 | 59 301 318 168 
head = 168, count = 7 | 168 169 
head = 169, count = 4 | 169 171 
head = 168, count = 4 | 1 168 171 
head = 168, count = 1 | 301 168 169 
head = 169, count = 3 | 301 169 
head = 168, count = 1 | 299 168 
head = 66, count = 1 | 301 299 71 69 290 288 66 
head = 303, count = 1 | 71 303 316 
head = 299, count = 3 | 299 314 
head = 171, count = 3 | 286 71 69 314 307 291 171 
head = 168, count = 51 | 318 168 
head = 222, count = 2 | 222 320 
head = 232, count = 1 | 232 311 312 36 
head = 1, count = 4 | 1 63 
head = 36, count = 1 | 318 36 63 
head = 59, count = 2 | 59 76 
head = 294, count = 1 | 1 318 294 29 
head = 289, count = 1 | 1 318 289 32 
head = 312, count = 3 | 1 312 
head = 318, count = 2 | 1 318 302 
head = 63, count = 5 | 1 63 
head = 49, count = 1 | 1 318 49 56 
head = 36, count = 1 | 1 318 36 60 
head = 289, count = 1 | 1 318 289 57 
head = 168, count = 36 | 1 168 
head = 27, count = 1 | 1 286 318 27 
head = 312, count = 1 | 1 312 76 
head = 36, count = 1 | 1 318 36 
head = 179, count = 1 | 179 100 
head = 346, count = 1 | 346 100 
head = 1, count = 1 | 1 100 
head = 100, count = 1 | 1 100 
head = 55, count = 1 | 1 286 318 55 
head = 100, count = 1 | 100 87 
head = 1, count = 2 | 1 87 
head = 179, count = 1 | 179 87 
head = 64, count = 1 | 301 286 318 64 62 
head = 289, count = 1 | 301 318 289 
head = 1, count = 4 | 1 291 
head = 87, count = 1 | 286 71 69 314 307 291 87 
head = 308, count = 4 | 308 315 291 294 305 
head = 291, count = 4 | 318 291 
head = 305, count = 6 | 318 305 306 
head = 87, count = 1 | 1 318 87 
head = 318, count = 6 | 1 318 309 
head = 309, count = 4 | 309 311 
head = 1, count = 2 | 1 311 312 
head = 1, count = 3 | 1 90 
head = 318, count = 1 | 1 318 302 90 
head = 87, count = 1 | 318 87 90 
head = 100, count = 1 | 301 318 100 79 103 
head = 87, count = 1 | 318 87 74 103 
head = 90, count = 1 | 90 103 
head = 103, count = 1 | 1 103 
head = 90, count = 3 | 1 90 
head = 103, count = 1 | 103 104 
head = 1, count = 2 | 1 104 
head = 27, count = 1 | 318 27 104 
head = 90, count = 1 | 168 90 
head = 302, count = 2 | 302 168 
head = 318, count = 3 | 1 318 302 311 
head = 168, count = 2 | 301 168 
head = 1, count = 1 | 1 71 168 
head = 1, count = 2 | 1 288 
head = 103, count = 1 | 301 299 71 69 290 288 103 
head = 303, count = 2 | 303 287 288 289 297 
head = 288, count = 2 | 286 288 
head = 299, count = 4 | 286 299 
head = 297, count = 4 | 71 297 316 
head = 312, count = 2 | 320 312 
head = 312, count = 2 | 311 312 
head = 1, count = 3 | 1 85 
head = 318, count = 1 | 1 318 302 85 
head = 104, count = 1 | 318 104 85 
head = 179, count = 1 | 179 84 
head = 1, count = 1 | 1 84 
head = 85, count = 1 | 85 84 
head = 84, count = 1 | 1 84 
head = 85, count = 4 | 1 85 
head = 84, count = 2 | 84 83 
head = 1, count = 2 | 1 83 
head = 104, count = 1 | 318 104 83 
head = 302, count = 1 | 301 302 
head = 312, count = 1 | 71 312 
head = 83, count = 1 | 301 299 71 69 290 288 83 
head = 289, count = 1 | 286 71 69 289 314 307 291 
head = 302, count = 2 | 1 302 
head = 224, count = 1 | 224 221 
head = 168, count = 1 | 221 168 
head = 311, count = 1 | 223 222 311 231 
head = 312, count = 2 | 227 225 230 312 
head = 221, count = 1 | 1 221 226 
head = 1, count = 2 | 1 96 
head = 318, count = 1 | 1 318 302 96 
head = 83, count = 1 | 318 83 96 
head = 226, count = 1 | 226 96 
head = 294, count = 1 | 318 294 77 81 
head = 83, count = 1 | 318 83 102 81 
head = 96, count = 1 | 96 81 
head = 81, count = 1 | 1 81 
head = 96, count = 4 | 1 96 
head = 81, count = 1 | 81 97 
head = 1, count = 2 | 1 97 
head = 302, count = 1 | 302 97 
head = 99, count = 1 | 99 40 46 73 97 
head = 226, count = 1 | 1 232 301 226 
head = 222, count = 1 | 222 295 71 
head = 97, count = 1 | 286 71 69 314 307 291 97 
head = 1, count = 3 | 1 95 
head = 318, count = 1 | 1 318 302 95 
head = 97, count = 1 | 318 97 95 
head = 76, count = 1 | 76 330 
head = 76, count = 1 | 76 104 330 
head = 1, count = 1 | 1 86 348 
head = 294, count = 1 | 1 318 294 92 
head = 312, count = 1 | 1 312 330 
head = 1, count = 1 | 1 330 340 
head = 179, count = 1 | 179 340 
head = 328, count = 1 | 328 80 340 
head = 1, count = 1 | 1 340 
head = 340, count = 1 | 1 340 
head = 95, count = 3 | 1 95 
head = 340, count = 1 | 340 343 
head = 1, count = 2 | 1 343 
head = 97, count = 1 | 318 97 343 
head = 81, count = 1 | 1 301 318 81 93 
head = 294, count = 1 | 318 294 168 94 105 
head = 294, count = 1 | 318 294 168 75 
head = 95, count = 2 | 168 95 
head = 318, count = 1 | 318 302 311 168 
head = 312, count = 1 | 312 168 
head = 97, count = 1 | 318 168 97 98 
head = 340, count = 1 | 168 340 
head = 1, count = 1 | 1 169 
head = 104, count = 1 | 318 299 104 91 
head = 1, count = 2 | 1 292 285 
head = 292, count = 2 | 292 303 
head = 168, count = 1 | 301 299 71 69 288 168 171 
head = 303, count = 2 | 303 288 297 
head = 1, count = 2 | 1 298 313 
head = 298, count = 2 | 298 308 
head = 171, count = 1 | 286 71 69 314 291 171 
head = 308, count = 2 | 308 291 305 
head = 314, count = 2 | 318 314 
head = 289, count = 1 | 318 289 78 
head = 311, count = 2 | 311 320 312 
head = 309, count = 2 | 309 311 319 312 
head = 1, count = 3 | 1 334 
head = 318, count = 1 | 1 318 302 334 
head = 343, count = 1 | 318 343 334 
head = 340, count = 1 | 318 69 290 289 340 344 333 
head = 343, count = 1 | 318 343 337 333 
head = 334, count = 3 | 1 334 
head = 289, count = 1 | 318 69 289 307 294 168 342 
head = 333, count = 1 | 301 299 71 69 290 288 333 
head = 169, count = 1 | 318 169 
head = 294, count = 1 | 1 318 294 
head = 1, count = 7 | 1 181 
head = 318, count = 10 | 318 181 
head = 318, count = 1 | 1 318 302 181 
head = 312, count = 2 | 312 181 
head = 318, count = 1 | 318 302 181 
head = 168, count = 2 | 168 181 
head = 299, count = 1 | 1 301 286 299 314 181 
head = 294, count = 1 | 318 294 341 181 
head = 289, count = 1 | 318 289 345 181 
head = 333, count = 1 | 318 333 332 181 
head = 0, count = 2 | 0 181 
head = 181, count = 6 | 181 185 
head = 185, count = 3 | 185 24 
head = 181, count = 1 | 181 24 
head = 24, count = 1 | 24 115 
head = 181, count = 1 | 181 9 
head = 9, count = 1 | 9 12 
head = 12, count = 1 | 115 12 
head = 181, count = 4 | 181 115 
head = 1, count = 1 | 1 115 
head = 311, count = 1 | 311 115 
head = 115, count = 1 | 115 17 
head = 17, count = 1 | 17 14 
head = 115, count = 1 | 115 14 
head = 14, count = 2 | 14 19 
head = 330, count = 1 | 330 343 333 13 10 
head = 19, count = 1 | 19 10 21 
head = 21, count = 1 | 21 16 
head = 24, count = 2 | 185 24 
head = 115, count = 1 | 185 24 115 
head = 16, count = 1 | 185 16 
head = 24, count = 1 | 24 114 
head = 181, count = 18 | 181 114 
head = 115, count = 1 | 115 114 
head = 318, count = 2 | 318 114 
head = 0, count = 1 | 0 114 
head = 185, count = 1 | 185 114 
head = 10, count = 1 | 10 114 
head = 114, count = 1 | 185 24 114 
head = 185, count = 2 | 185 184 
head = 281, count = 1 | 281 346 266 
head = 184, count = 1 | 1 184 
head = 185, count = 1 | 185 132 
head = 184, count = 1 | 184 132 
head = 114, count = 1 | 114 132 
head = 115, count = 1 | 115 148 
head = 148, count = 1 | 1 148 
head = 115, count = 3 | 1 115 
head = 114, count = 2 | 1 114 
head = 132, count = 1 | 132 155 
head = 1, count = 1 | 1 155 159 
head = 1, count = 1 | 1 159 
head = 155, count = 1 | 155 138 
head = 159, count = 2 | 159 138 
head = 1, count = 1 | 1 138 
head = 138, count = 2 | 138 145 
head = 159, count = 1 | 159 145 
head = 334, count = 1 | 334 145 
head = 334, count = 1 | 1 334 115 145 
head = 132, count = 1 | 132 135 
head = 145, count = 1 | 145 153 
head = 153, count = 1 | 1 153 
head = 145, count = 4 | 1 145 
head = 135, count = 1 | 135 126 
head = 1, count = 1 | 1 126 157 
head = 1, count = 1 | 1 157 
head = 138, count = 1 | 138 157 
head = 126, count = 1 | 126 129 
head = 157, count = 1 | 157 129 
head = 138, count = 1 | 138 129 
head = 157, count = 1 | 157 129 144 
head = 144, count = 1 | 1 144 
head = 129, count = 1 | 1 129 
head = 129, count = 1 | 129 123 
head = 1, count = 1 | 1 123 139 
head = 1, count = 1 | 1 139 
head = 123, count = 1 | 123 130 
head = 139, count = 1 | 139 130 
head = 139, count = 1 | 139 130 134 
head = 1, count = 3 | 1 134 
head = 157, count = 1 | 157 139 134 
head = 134, count = 3 | 1 134 
head = 134, count = 1 | 134 108 
head = 114, count = 18 | 114 108 
head = 318, count = 1 | 318 108 
head = 1, count = 2 | 1 108 
head = 1, count = 1 | 1 115 108 
head = 1, count = 1 | 1 110 
head = 108, count = 2 | 108 109 
head = 109, count = 2 | 109 107 
head = 130, count = 1 | 130 108 112 110 107 
head = 110, count = 2 | 110 111 
head = 107, count = 2 | 107 111 
head = 111, count = 1 | 1 111 156 
head = 107, count = 1 | 107 111 156 
head = 108, count = 21 | 108 156 
head = 0, count = 1 | 0 156 
head = 156, count = 1 | 1 156 124 
head = 156, count = 2 | 1 156 
head = 156, count = 2 | 156 199 
head = 199, count = 1 | 108 199 
head = 156, count = 1 | 110 156 
head = 156, count = 1 | 107 156 
head = 107, count = 1 | 107 111 199 
head = 199, count = 2 | 199 198 
head = 1, count = 7 | 1 198 
head = 156, count = 16 | 156 198 
head = 168, count = 3 | 168 198 
head = 318, count = 7 | 318 198 
head = 0, count = 8 | 0 198 
head = 114, count = 2 | 114 198 
head = 111, count = 2 | 111 199 198 
head = 301, count = 1 | 301 286 184 138 156 199 198 
head = 179, count = 1 | 179 198 
head = 0, count = 3 | 0 1 221 115 198 
head = 179, count = 1 | 0 179 198 
head = 318, count = 1 | 318 168 198 
head = 181, count = 1 | 181 185 184 138 156 199 198 
head = 198, count = 25 | 198 203 
head = 179, count = 1 | 179 203 
head = 203, count = 25 | 1 203 
head = 198, count = 20 | 1 198 
head = 179, count = 1 | 179 1 198 
head = 0, count = 1 | 0 179 1 346 301 318 221 65 299 168 181 114 108 198 203 
head = 0, count = 1 | 0 1 221 65 226 38 45 30 39 63 90 85 96 95 334 115 145 134 198 
head = 1, count = 1 | 1 197 213 
head = 1, count = 2 | 1 207 
head = 207, count = 1 | 1 207 
head = 1, count = 1 | 1 204 
head = 207, count = 1 | 207 204 
head = 204, count = 1 | 1 204 
head = 108, count = 1 | 1 108 
head = 0, count = 1 | 0 1 198 
head = 0, count = 1 | 0 179 1 318 168 181 185 198 
head = 0, count = 1 | 0 1 181 
head = 83, count = 1 | 1 318 83 
head = 343, count = 1 | 1 318 343 
head = 0, count = 1 | 0 1 221 198 
head = 179, count = 1 | 179 1 318 168 114 
head = 0, count = 1 | 0 1 221 
head = 1, count = 2 | 1 5 
head = 5, count = 2 | 5 4 
head = 1, count = 40 | 1 4 
head = 299, count = 1 | 318 299 314 4 
head = 1, count = 1 | 1 7 
head = 4, count = 24 | 4 6 
head = 1, count = 1 | 1 4 6 
head = 1, count = 1 | 1 5 7 215 
head = 6, count = 9 | 1 6 
head = 4, count = 5 | 1 4 
head = 198, count = 1 | 1 198 4 
head = 1, count = 2 | 1 202 
head = 213, count = 1 | 213 7 202 
head = 202, count = 2 | 1 202 
head = 204, count = 1 | 1 204 174 
head = 1, count = 2 | 1 175 
head = 175, count = 2 | 175 173 
head = 174, count = 2 | 174 173 
head = 173, count = 4 | 173 172 
head = 172, count = 5 | 1 172 
head = 1, count = 1 | 1 174 214 
head = 1, count = 47 | 1 214 
head = 6, count = 1 | 1 6 214 
head = 6, count = 10 | 6 214 
head = 0, count = 1 | 0 198 214 
head = 1, count = 1 | 1 208 
head = 281, count = 1 | 281 338 271 208 
head = 208, count = 1 | 208 201 
head = 214, count = 1 | 214 217 211 208 205 
head = 214, count = 22 | 214 205 
head = 1, count = 7 | 1 205 
head = 1, count = 1 | 1 214 216 
head = 1, count = 2 | 1 216 
head = 205, count = 23 | 205 216 
head = 346, count = 1 | 346 80 46 302 288 291 169 14 159 157 139 107 173 216 
head = 0, count = 2 | 0 216 
head = 179, count = 1 | 179 198 216 
head = 1, count = 1 | 1 202 216 
head = 179, count = 1 | 179 216 
head = 198, count = 1 | 1 198 216 
head = 1, count = 3 | 1 136 
head = 198, count = 1 | 1 198 216 136 
head = 139, count = 1 | 139 136 
head = 208, count = 1 | 1 208 
head = 1, count = 4 | 1 323 
head = 202, count = 1 | 202 174 173 211 201 323 
head = 136, count = 2 | 136 323 
head = 216, count = 13 | 216 323 
head = 1, count = 1 | 1 216 323 
head = 198, count = 2 | 198 323 
head = 198, count = 1 | 198 216 323 
head = 214, count = 7 | 214 323 
head = 65, count = 1 | 221 65 226 38 45 30 39 63 90 85 96 95 334 145 134 136 323 
head = 129, count = 1 | 129 130 151 323 
head = 132, count = 1 | 132 140 133 128 323 
head = 179, count = 2 | 179 198 323 
head = 179, count = 7 | 179 323 
head = 111, count = 1 | 108 112 110 111 156 198 131 323 
head = 323, count = 9 | 323 324 
head = 324, count = 9 | 324 326 
head = 1, count = 1 | 1 326 
head = 323, count = 2 | 323 326 
head = 326, count = 9 | 326 327 
head = 323, count = 20 | 323 327 
head = 214, count = 1 | 214 205 216 323 327 
head = 179, count = 2 | 179 327 
head = 168, count = 1 | 168 327 
head = 214, count = 3 | 214 323 324 326 327 
head = 327, count = 11 | 1 327 
head = 1, count = 3 | 1 164 
head = 327, count = 7 | 327 164 
head = 326, count = 1 | 326 164 
head = 214, count = 3 | 214 164 
head = 1, count = 1 | 1 214 164 
head = 0, count = 2 | 0 1 221 115 198 214 164 
head = 266, count = 1 | 266 132 135 164 
head = 164, count = 10 | 1 164 
head = 323, count = 1 | 1 323 
head = 216, count = 1 | 1 216 
head = 136, count = 1 | 1 136 
head = 327, count = 1 | 327 191 
head = 191, count = 1 | 191 194 
head = 1, count = 12 | 1 194 
head = 327, count = 6 | 327 194 
head = 216, count = 13 | 216 194 
head = 214, count = 3 | 214 194 
head = 318, count = 1 | 318 71 12 172 194 
head = 4, count = 4 | 4 194 
head = 6, count = 4 | 6 194 
head = 164, count = 1 | 164 186 
head = 194, count = 2 | 194 190 
head = 186, count = 1 | 1 186 
head = 1, count = 1 | 1 195 165 
head = 165, count = 1 | 1 165 167 
head = 164, count = 2 | 164 167 
head = 1, count = 172 | 1 167 
head = 1, count = 1 | 1 194 167 
head = 194, count = 3 | 194 167 
head = 194, count = 1 | 1 194 167 
head = 190, count = 1 | 190 121 
head = 121, count = 8 | 121 117 
head = 190, count = 1 | 190 117 
head = 194, count = 24 | 194 117 
head = 167, count = 118 | 167 117 
head = 1, count = 1 | 1 118 
head = 117, count = 16 | 117 122 
head = 117, count = 24 | 167 117 
head = 167, count = 8 | 167 119 
head = 122, count = 8 | 167 122 
head = 167, count = 8 | 167 245 
head = 122, count = 8 | 122 234 
head = 245, count = 8 | 245 234 
head = 117, count = 310 | 117 234 
head = 194, count = 10 | 194 234 
head = 167, count = 158 | 167 234 
head = 4, count = 2 | 4 117 234 
head = 6, count = 2 | 6 234 
head = 214, count = 2 | 214 234 
head = 1, count = 6 | 1 234 
head = 205, count = 1 | 205 234 
head = 234, count = 8 | 167 234 
head = 186, count = 877 | 186 118 242 
head = 186, count = 1171 | 186 118 
head = 118, count = 13463 | 118 248 249 
head = 118, count = 367 | 118 249 
head = 7, count = 2168 | 7 118 
head = 167, count = 8 | 167 119 237 242 
head = 249, count = 62776 | 248 249 
head = 248, count = 30760 | 248 249 
head = 248, count = 8 | 248 242 
head = 7, count = 1 | 7 208 118 
head = 234, count = 8 | 234 236 237 
head = 167, count = 8 | 167 237 
head = 1, count = 9 | 1 4 194 167 117 234 
head = 1, count = 2 | 1 4 6 194 190 167 117 122 234 
head = 1, count = 2 | 1 4 6 194 190 167 117 122 
head = 1, count = 12 | 1 4 194 117 234 
head = 1, count = 3 | 1 221 115 198 4 214 164 194 167 117 234 
head = 0, count = 1 | 0 179 1 221 65 226 38 45 30 39 63 90 85 96 95 334 115 145 134 198 4 214 205 136 164 194 167 117 234 
head = 1, count = 1 | 1 4 214 164 194 167 117 234 
head = 0, count = 2 | 0 1 221 65 226 38 45 30 39 63 90 85 96 95 334 115 145 134 198 4 214 136 164 194 167 117 234 
head = 1, count = 1 | 1 4 214 136 164 194 167 117 234 
head = 1, count = 1 | 1 221 115 198 4 194 167 117 234 
head = 318, count = 10 | 1 318 168 4 194 117 234 
head = 0, count = 1 | 0 179 1 346 301 318 221 65 299 226 38 45 30 39 168 63 90 85 96 95 334 181 115 114 145 134 108 156 198 203 4 6 202 214 205 216 136 323 324 326 327 164 194 167 117 234 
head = 318, count = 5 | 1 318 168 198 4 194 117 234 
head = 1, count = 1 | 1 194 117 234 
head = 318, count = 36 | 1 318 168 4 214 194 117 234 
head = 0, count = 1 | 0 179 1 346 301 318 299 168 181 185 156 4 214 205 164 194 117 234 
head = 1, count = 2 | 1 4 214 194 117 234 
head = 4, count = 3 | 4 194 117 234 
head = 318, count = 2 | 1 318 4 194 117 234 
head = 318, count = 1 | 1 318 168 4 214 323 324 326 194 117 234 
head = 179, count = 1 | 179 1 318 168 4 214 323 324 326 194 117 234 
head = 80, count = 1 | 1 80 46 318 302 299 288 314 291 168 169 14 159 157 139 107 4 173 214 323 324 326 194 117 234 
head = 80, count = 2 | 1 80 46 318 299 288 314 291 168 169 107 4 173 214 323 324 326 194 117 234 
head = 179, count = 1 | 179 1 318 168 4 214 194 117 234 
head = 318, count = 5 | 1 318 4 214 194 117 234 
head = 318, count = 1 | 1 318 168 181 185 198 4 214 194 117 234 
head = 286, count = 1 | 1 301 286 318 71 168 181 12 184 138 156 199 4 172 214 194 117 234 
head = 286, count = 1 | 1 301 286 318 181 12 184 138 4 172 214 194 117 234 
head = 226, count = 2 | 1 226 38 45 30 39 63 90 85 96 95 334 145 134 4 205 136 194 167 117 234 
head = 0, count = 1 | 0 1 65 226 38 45 30 39 63 90 85 96 95 334 145 134 4 205 136 164 194 167 117 234 
head = 226, count = 7 | 1 226 38 45 30 39 63 90 85 96 95 334 145 134 4 136 194 167 117 234 
head = 244, count = 60 | 244 239 
head = 71, count = 1 | 318 71 12 172 
head = 1, count = 1 | 1 301 318 221 65 299 168 181 114 108 198 203 4 6 214 205 216 323 327 164 194 234 
head = 327, count = 1 | 1 327 164 194 190 122 234 
head = 1, count = 19 | 1 301 318 221 65 299 168 181 114 108 156 198 203 4 6 214 205 216 323 327 194 234 
head = 0, count = 21 | 0 179 1 346 301 318 221 65 299 168 181 114 108 156 198 203 4 6 214 205 216 323 327 194 234 
head = 346, count = 18 | 1 346 301 318 221 65 299 168 181 114 108 156 198 203 4 6 214 205 216 323 327 194 234 
head = 0, count = 4 | 0 179 1 346 301 318 221 65 299 168 181 114 108 198 203 4 6 214 205 216 323 327 194 234 
head = 179, count = 2 | 179 1 346 301 318 221 65 299 168 181 114 108 198 203 4 6 214 205 216 323 327 194 234 
head = 0, count = 1 | 0 179 1 346 301 318 221 65 299 181 198 203 6 214 205 216 327 194 
head = 0, count = 1 | 0 179 1 221 65 198 4 6 205 216 327 194 234 
head = 0, count = 1 | 0 179 1 346 301 318 221 65 299 168 181 114 108 156 198 203 4 6 214 205 216 323 327 164 194 234 
head = 0, count = 1 | 0 179 1 198 216 323 
head = 0, count = 5 | 0 179 1 346 301 318 65 299 168 181 114 156 198 203 4 6 214 323 327 194 234 
head = 0, count = 2 | 0 179 1 
head = 1, count = 1 | 1 327 
head = 1, count = 4 | 1 4 6 194 234 
head = 0, count = 1 | 0 179 1 346 318 168 181 114 4 6 214 323 194 234 
head = 1, count = 5 | 1 167 234 
head = 242, count = 8 | 246 242 
head = 239, count = 46 | 246 239 
head = 0, count = 1 | 0 179 1 234 
head = 0, count = 1 | 0 179 1 301 318 221 65 299 168 181 114 108 156 198 203 4 6 214 205 216 323 327 194 234 
head = 168, count = 1 | 1 168 181 198 216 
head = 246, count = 36 | 246 167 
head = 244, count = 8 | 246 167 244 239 
head = 214, count = 1 | 214 327 190 122 
head = 0, count = 1 | 0 181 185 214 
head = 0, count = 2 | 0 1 198 214 
head = 214, count = 4 | 214 323 324 326 
head = 318, count = 4 | 1 318 214 
head = 318, count = 1 | 1 318 168 
head = 318, count = 22 | 318 214 
head = 299, count = 1 | 1 302 299 288 314 291 169 14 159 157 139 107 323 324 326 
head = 168, count = 34 | 168 214 
head = 0, count = 1 | 0 179 1 168 114 214 164 
head = 168, count = 4 | 1 168 214 
head = 179, count = 1 | 179 168 181 185 214 
head = 318, count = 1 | 1 318 71 168 181 12 156 199 214 
head = 246, count = 7 | 1 246 167 
head = 1, count = 1 | 1 115 167 
head = 0, count = 3 | 0 1 167 
head = 5, count = 1 | 5 323 326 164 191 121 245 
head = 239, count = 7 | 121 239 
head = 201, count = 1 | 201 323 326 164 160 121 119 245 237 
head = 246, count = 14 | 246 117 
head = 299, count = 1 | 318 299 314 4 117 234 
head = 239, count = 14 | 117 239 
head = 4, count = 3 | 4 117 
head = 244, count = 63 | 117 244 
head = 4, count = 4 | 4 194 117 
head = 318, count = 1 | 318 4 194 117 234 
head = 164, count = 1 | 164 191 119 237 
head = 7, count = 1 | 7 208 118 119 237 240 
head = 242, count = 6657 | 118 242 
head = 167, count = 7 | 167 122 
head = 7, count = 1927 | 7 118 240 
head = 249, count = 7594 | 118 248 249 
head = 248, count = 899 | 118 248 249 
head = 249, count = 1275 | 118 249 
head = 190, count = 4 | 190 122 
head = 185, count = 1 | 185 207 164 245 
head = 244, count = 49 | 234 244 
head = 246, count = 4 | 246 234 
head = 1, count = 1 | 1 248 249 
head = 118, count = 6167 | 118 242 
head = 240, count = 13617 | 118 240 
head = 239, count = 7 | 246 167 117 234 239 
head = 244, count = 7 | 246 167 117 122 234 244 239 
head = 244, count = 8 | 246 167 117 234 244 239 
head = 244, count = 251 | 167 117 234 244 
head = 244, count = 7 | 167 117 122 234 244 
head = 239, count = 7 | 246 167 117 122 239 
head = 244, count = 217 | 117 234 244 
head = 167, count = 203 | 167 117 234 
head = 244, count = 91 | 167 244 
head = 239, count = 14 | 246 167 239 
head = 167, count = 7 | 167 117 122 
head = 239, count = 1 | 246 167 122 239 
head = 121, count = 6 | 121 245 
head = 119, count = 7 | 119 245 237 
head = 118, count = 7 | 118 237 240 
head = 118, count = 11586 | 118 240 
head = 167, count = 2 | 167 166 
head = 226, count = 2 | 1 226 38 45 30 39 63 90 85 96 95 334 145 134 205 136 
head = 65, count = 1 | 1 65 226 38 45 30 39 63 90 85 96 95 334 145 134 205 136 
head = 0, count = 1 | 0 1 221 115 198 214 205 164 
head = 242, count = 1 | 166 242 
head = 205, count = 1 | 205 164 
head = 1, count = 2 | 1 257 
head = 246, count = 1 | 1 246 167 161 257 
head = 166, count = 1 | 166 257 
head = 114, count = 1 | 114 184 266 132 135 270 259 
head = 257, count = 1 | 283 257 
head = 283, count = 1 | 1 283 
head = 257, count = 2 | 1 257 
head = 80, count = 1 | 80 46 302 288 291 169 14 159 157 139 107 173 216 
head = 330, count = 1 | 330 181 185 
head = 1, count = 1 | 1 343 172 
head = 286, count = 1 | 1 301 286 299 314 184 138 156 199 216 
head = 299, count = 3 | 1 299 314 
head = 1, count = 1 | 1 174 173 265 
head = 166, count = 2 | 166 265 
head = 1, count = 2 | 1 265 
head = 167, count = 18 | 167 265 
head = 239, count = 2 | 239 265 
head = 318, count = 1 | 1 318 181 12 
head = 265, count = 1 | 265 262 268 
head = 257, count = 1 | 257 268 
head = 268, count = 2 | 268 251 
head = 1, count = 1 | 1 265 277 
head = 251, count = 1 | 251 261 258 
head = 65, count = 1 | 221 65 226 38 45 30 39 63 90 85 96 95 334 145 134 136 323 326 
head = 323, count = 1 | 323 324 326 
head = 14, count = 1 | 14 159 157 
head = 265, count = 1 | 265 258 
head = 167, count = 1 | 167 258 
head = 312, count = 1 | 312 181 185 184 
head = 258, count = 4 | 258 252 
head = 166, count = 1 | 166 257 252 
head = 252, count = 2 | 252 253 
head = 260, count = 1 | 260 253 
head = 244, count = 2 | 244 253 
head = 253, count = 2 | 253 272 
head = 1, count = 1 | 1 181 185 
head = 252, count = 2 | 252 272 
============================================================
BBLSwitchCount - Thread 0
from = 0 | 179:1 1:1 
from = 179 | 0:1 
from = 1 | 0:1 281:1 338:1 329:1 336:1 346:1 328:1 86:1 82:1 89:1 80:1 99:1 40:1 61:1 47:1 46:1 59:1 53:1 301:12 286:12 318:12 321:12 309:12 300:12 302:12 311:12 296:5 228:5 224:5 221:5 231:5 223:5 222:5 220:5 229:5 232:5 295:5 293:12 31:1 44:1 65:1 42:1 54:1 27:1 299:8 317:8 292:8 285:8 303:8 287:8 290:8 288:8 289:8 297:8 316:8 284:8 225:15 230:15 227:15 226:4 52:1 48:1 38:1 25:1 50:1 49:1 314:8 310:8 298:8 313:8 308:8 315:8 307:8 291:8 294:8 305:8 306:8 304:8 51:1 56:1 45:1 28:1 33:1 55:1 320:7 319:7 312:7 43:1 35:1 30:1 58:1 37:1 64:1 62:1 26:1 39:1 32:1 66:1 36:1 168:4 170:4 169:4 171:4 41:1 29:1 60:1 63:1 57:1 34:1 73:1 76:1 72:1 100:1 87:1 77:1 74:1 90:1 79:1 103:1 104:1 88:1 92:1 91:1 85:1 78:1 84:1 83:1 94:1 102:1 96:1 105:1 81:1 97:1 75:1 98:1 95:1 93:1 101:1 348:1 330:1 331:1 340:1 343:1 339:1 342:1 337:1 334:1 344:1 333:1 335:1 341:1 332:1 345:1 347:1 271:1 279:1 181:1 182:1 185:2 184:1 183:1 180:1 250:1 266:1 132:1 148:1 146:1 155:1 152:1 159:1 138:1 145:1 137:1 135:1 153:1 158:1 126:1 125:1 157:1 129:1 144:1 150:1 123:1 147:1 139:1 130:1 134:1 143:1 108:1 112:1 110:1 109:1 106:1 107:1 111:1 156:1 124:1 154:1 141:1 199:1 210:1 198:1 203:1 206:1 219:1 197:1 213:1 200:1 209:1 207:1 204:1 5:1 4:1 2:1 7:32769 6:1 3:1 215:1 212:1 218:1 202:1 174:2 175:2 178:2 173:2 172:2 176:2 177:2 214:1 217:1 211:1 208:1 201:1 205:1 216:1 131:1 136:1 142:1 151:1 149:1 140:1 133:1 128:1 127:1 255:1 323:1 324:1 326:1 325:1 322:1 327:1 270:1 273:1 259:1 164:1 191:1 194:1 189:1 187:1 193:1 195:1 186:2048 192:1 196:1 190:1 188:1 160:1 165:1 162:1 167:8 161:1 166:1 163:1 267:1 257:1 275:1 283:1 265:1 262:1 278:1 268:1 269:1 251:1 261:1 276:1 277:1 258:1 256:1 260:12 252:12 264:12 254:1 263:1 253:1 274:1 272:1 280:1 282:1 
from = 281 | 1:1 
from = 338 | 1:1 
from = 329 | 1:1 
from = 336 | 1:1 
from = 346 | 1:1 
from = 328 | 1:1 
from = 86 | 1:1 
from = 82 | 1:1 
from = 89 | 1:1 
from = 80 | 1:1 
from = 99 | 1:1 
from = 40 | 1:1 
from = 61 | 1:1 
from = 47 | 1:1 
from = 46 | 1:1 
from = 59 | 1:1 
from = 53 | 1:1 
from = 301 | 1:12 
from = 286 | 1:12 
from = 318 | 1:12 
from = 321 | 1:12 
from = 309 | 1:12 
from = 300 | 1:12 
from = 302 | 1:12 
from = 311 | 1:12 
from = 296 | 1:5 
from = 228 | 1:5 
from = 224 | 1:5 
from = 221 | 1:5 
from = 231 | 1:5 
from = 223 | 1:5 
from = 222 | 1:5 
from = 220 | 1:5 
from = 229 | 1:5 
from = 232 | 1:5 
from = 295 | 1:5 
from = 293 | 1:12 
from = 31 | 1:1 
from = 44 | 1:1 
from = 65 | 1:1 
from = 42 | 1:1 
from = 54 | 1:1 
from = 27 | 1:1 
from = 299 | 1:8 71:8 70:8 67:8 69:8 68:8 
from = 71 | 299:8 314:8 
from = 70 | 299:8 314:8 
from = 67 | 299:8 314:8 
from = 69 | 299:8 314:8 
from = 68 | 299:8 314:8 
from = 317 | 1:8 
from = 292 | 1:8 
from = 285 | 1:8 
from = 303 | 1:8 
from = 287 | 1:8 
from = 290 | 1:8 
from = 288 | 1:8 
from = 289 | 1:8 
from = 297 | 1:8 
from = 316 | 1:8 
from = 284 | 1:8 
from = 225 | 1:15 
from = 230 | 1:15 
from = 227 | 1:15 
from = 226 | 1:4 
from = 52 | 1:1 
from = 48 | 1:1 
from = 38 | 1:1 
from = 25 | 1:1 
from = 50 | 1:1 
from = 49 | 1:1 
from = 314 | 1:8 71:8 70:8 67:8 69:8 68:8 
from = 310 | 1:8 
from = 298 | 1:8 
from = 313 | 1:8 
from = 308 | 1:8 
from = 315 | 1:8 
from = 307 | 1:8 
from = 291 | 1:8 
from = 294 | 1:8 
from = 305 | 1:8 
from = 306 | 1:8 
from = 304 | 1:8 
from = 51 | 1:1 
from = 56 | 1:1 
from = 45 | 1:1 
from = 28 | 1:1 
from = 33 | 1:1 
from = 55 | 1:1 
from = 320 | 1:7 
from = 319 | 1:7 
from = 312 | 1:7 
from = 43 | 1:1 
from = 35 | 1:1 
from = 30 | 1:1 
from = 58 | 1:1 
from = 37 | 1:1 
from = 64 | 1:1 
from = 62 | 1:1 
from = 26 | 1:1 
from = 39 | 1:1 
from = 32 | 1:1 
from = 66 | 1:1 
from = 36 | 1:1 
from = 168 | 1:4 
from = 170 | 1:4 
from = 169 | 1:4 
from = 171 | 1:4 
from = 41 | 1:1 
from = 29 | 1:1 
from = 60 | 1:1 
from = 63 | 1:1 
from = 57 | 1:1 
from = 34 | 1:1 
from = 73 | 1:1 
from = 76 | 1:1 
from = 72 | 1:1 
from = 100 | 1:1 
from = 87 | 1:1 
from = 77 | 1:1 
from = 74 | 1:1 
from = 90 | 1:1 
from = 79 | 1:1 
from = 103 | 1:1 
from = 104 | 1:1 
from = 88 | 1:1 
from = 92 | 1:1 
from = 91 | 1:1 
from = 85 | 1:1 
from = 78 | 1:1 
from = 84 | 1:1 
from = 83 | 1:1 
from = 94 | 1:1 
from = 102 | 1:1 
from = 96 | 1:1 
from = 105 | 1:1 
from = 81 | 1:1 
from = 97 | 1:1 
from = 75 | 1:1 
from = 98 | 1:1 
from = 95 | 1:1 
from = 93 | 1:1 
from = 101 | 1:1 
from = 348 | 1:1 
from = 330 | 1:1 
from = 331 | 1:1 
from = 340 | 1:1 
from = 343 | 1:1 
from = 339 | 1:1 
from = 342 | 1:1 
from = 337 | 1:1 
from = 334 | 1:1 
from = 344 | 1:1 
from = 333 | 1:1 
from = 335 | 1:1 
from = 341 | 1:1 
from = 332 | 1:1 
from = 345 | 1:1 
from = 347 | 1:1 
from = 271 | 1:1 
from = 279 | 1:1 
from = 181 | 1:1 
from = 182 | 1:1 
from = 185 | 1:2 22:2 24:2 23:2 
from = 22 | 185:2 
from = 24 | 185:2 116:2 115:1 113:2 114:1 
from = 116 | 24:2 
from = 115 | 24:1 15:1 9:1 12:1 8:1 17:1 18:1 14:1 19:1 13:1 10:1 21:1 16:1 20:1 11:1 
from = 15 | 115:1 
from = 9 | 115:1 
from = 12 | 115:1 
from = 8 | 115:1 
from = 17 | 115:1 
from = 18 | 115:1 
from = 14 | 115:1 
from = 19 | 115:1 
from = 13 | 115:1 
from = 10 | 115:1 
from = 21 | 115:1 
from = 16 | 115:1 
from = 20 | 115:1 
from = 11 | 115:1 
from = 113 | 24:2 
from = 23 | 185:2 
from = 114 | 24:1 
from = 184 | 1:1 
from = 183 | 1:1 
from = 180 | 1:1 
from = 250 | 1:1 
from = 266 | 1:1 
from = 132 | 1:1 
from = 148 | 1:1 
from = 146 | 1:1 
from = 155 | 1:1 
from = 152 | 1:1 
from = 159 | 1:1 
from = 138 | 1:1 
from = 145 | 1:1 
from = 137 | 1:1 
from = 135 | 1:1 
from = 153 | 1:1 
from = 158 | 1:1 
from = 126 | 1:1 
from = 125 | 1:1 
from = 157 | 1:1 
from = 129 | 1:1 
from = 144 | 1:1 
from = 150 | 1:1 
from = 123 | 1:1 
from = 147 | 1:1 
from = 139 | 1:1 
from = 130 | 1:1 
from = 134 | 1:1 
from = 143 | 1:1 
from = 108 | 1:1 199:1 
from = 112 | 1:1 199:1 
from = 110 | 1:1 199:1 
from = 109 | 1:1 199:1 
from = 106 | 1:1 199:1 
from = 107 | 1:1 199:1 
from = 111 | 1:1 199:1 
from = 156 | 1:1 
from = 124 | 1:1 
from = 154 | 1:1 
from = 141 | 1:1 
from = 199 | 1:1 108:1 112:1 110:1 109:1 106:1 107:1 111:1 
from = 210 | 1:1 
from = 198 | 1:1 
from = 203 | 1:1 
from = 206 | 1:1 
from = 219 | 1:1 
from = 197 | 1:1 
from = 213 | 1:1 
from = 200 | 1:1 
from = 209 | 1:1 
from = 207 | 1:1 
from = 204 | 1:1 
from = 5 | 1:1 
from = 4 | 1:1 
from = 2 | 1:1 
from = 7 | 1:32769 
from = 6 | 1:1 
from = 3 | 1:1 
from = 215 | 1:1 
from = 212 | 1:1 
from = 218 | 1:1 
from = 202 | 1:1 
from = 174 | 1:2 
from = 175 | 1:2 
from = 178 | 1:2 
from = 173 | 1:2 
from = 172 | 1:2 
from = 176 | 1:2 
from = 177 | 1:2 
from = 214 | 1:1 
from = 217 | 1:1 
from = 211 | 1:1 
from = 208 | 1:1 
from = 201 | 1:1 
from = 205 | 1:1 
from = 216 | 1:1 
from = 131 | 1:1 
from = 136 | 1:1 
from = 142 | 1:1 
from = 151 | 1:1 
from = 149 | 1:1 
from = 140 | 1:1 
from = 133 | 1:1 
from = 128 | 1:1 
from = 127 | 1:1 
from = 255 | 1:1 
from = 323 | 1:1 
from = 324 | 1:1 
from = 326 | 1:1 
from = 325 | 1:1 
from = 322 | 1:1 
from = 327 | 1:1 
from = 270 | 1:1 
from = 273 | 1:1 
from = 259 | 1:1 
from = 164 | 1:1 
from = 191 | 1:1 
from = 194 | 1:1 
from = 189 | 1:1 
from = 187 | 1:1 
from = 193 | 1:1 
from = 195 | 1:1 
from = 186 | 1:2048 
from = 192 | 1:1 
from = 196 | 1:1 
from = 190 | 1:1 
from = 188 | 1:1 
from = 160 | 1:1 
from = 165 | 1:1 
from = 162 | 1:1 
from = 167 | 1:8 121:8 117:8 119:8 118:262144 122:8 120:8 245:8 234:8 235:8 236:8 237:8 240:262144 241:193696 248:595232 233:193696 242:262144 249:808472 238:8 244:8 239:8 246:8 247:8 243:8 
from = 121 | 167:8 
from = 117 | 167:8 
from = 119 | 167:8 
from = 118 | 167:262144 
from = 122 | 167:8 
from = 120 | 167:8 
from = 245 | 167:8 
from = 234 | 167:8 
from = 235 | 167:8 
from = 236 | 167:8 
from = 237 | 167:8 
from = 240 | 167:262144 
from = 241 | 167:193696 
from = 248 | 167:595232 
from = 233 | 167:193696 
from = 242 | 167:262144 
from = 249 | 167:808472 
from = 238 | 167:8 
from = 244 | 167:8 
from = 239 | 167:8 
from = 246 | 167:8 
from = 247 | 167:8 
from = 243 | 167:8 
from = 161 | 1:1 
from = 166 | 1:1 
from = 163 | 1:1 
from = 267 | 1:1 
from = 257 | 1:1 
from = 275 | 1:1 
from = 283 | 1:1 
from = 265 | 1:1 
from = 262 | 1:1 
from = 278 | 1:1 
from = 268 | 1:1 
from = 269 | 1:1 
from = 251 | 1:1 
from = 261 | 1:1 
from = 276 | 1:1 
from = 277 | 1:1 
from = 258 | 1:1 
from = 256 | 1:1 
from = 260 | 1:12 
from = 252 | 1:12 
from = 264 | 1:12 
from = 254 | 1:1 
from = 263 | 1:1 
from = 253 | 1:1 
from = 274 | 1:1 
from = 272 | 1:1 
from = 280 | 1:1 
from = 282 | 1:1 
