============================================================
Thread 0
  BBLID       Time(ns)    Instruction  Memory Access          Hash(hi)          Hash(lo)
      0        10803.3              2           7557  0000000000000000  0000000000000000
      1    1.34287e+09     7435205412         566266  0000000000000001  0000000000000001
      2              3             29              0  0661e7e6a3b08935  12a3659f298ae93c
      3        1386.67            862              9  0661e7e6a3b08935  149c682817c0469b
      4        1657.67            465              2  0661e7e6a3b08935  167f20731ee389f6
      5        28744.3          57173            349  0661e7e6a3b08935  280610f8d104ec6e
      6        680.666           1213             10  0661e7e6a3b08935  4676aeeb49569876
      7              4             27              5  0661e7e6a3b08935  52f076a1459aa809
      8        96.3332             30              0  0661e7e6a3b08935  98ac64c135bcde78
      9        8.99999             18              0  0661e7e6a3b08935  9ff0dabb08290233
     10        301.666             33              0  0661e7e6a3b08935  c6476219bb0f0626
     11        145.667             26              5  0661e7e6a3b08935  e425ecd49b64c5ff
     12       0.333333              4              0  14c44ece7e21cf1e  0304eebf6cc99bcf
     13              2             21              3  14c44ece7e21cf1e  08a770aa567e8d70
     14       0.999999              5              1  14c44ece7e21cf1e  0a664dcc2e48744b
     15        1.66667             17              0  14c44ece7e21cf1e  0de8d2206939a67f
     16        77.9999              4              0  14c44ece7e21cf1e  0ec50d291a7f055d
     17       0.333333              4              0  14c44ece7e21cf1e  0f95457e773a9b72
     18        19864.3          58715            140  14c44ece7e21cf1e  0fa7f69fe82e8bd3
     19             21             10              4  14c44ece7e21cf1e  0fc78dc5beab6474
     20       0.999999              6              1  14c44ece7e21cf1e  140c52bf2129a4ee
     21        41412.6         428773           4967  14c44ece7e21cf1e  1ebdd7450fe64178
     22        1.33333             14              0  14c44ece7e21cf1e  266b04e53f3c1971
     23       0.666666              7              6  14c44ece7e21cf1e  2bb01ad816a97f0e
     24       0.333333              4              3  14c44ece7e21cf1e  2d38202b29fcd24d
     25        37.3333             10              4  14c44ece7e21cf1e  3095590609a9cbbb
     26        10109.3         106068              1  14c44ece7e21cf1e  31166831a39f18ec
     27        10.6667            110              1  14c44ece7e21cf1e  314191aba4ecf188
     28        625.666           1537              4  14c44ece7e21cf1e  338c6103173a4f0e
     29        5.99999             32              8  14c44ece7e21cf1e  3397bee700a2b48d
     30        189.333             19              0  14c44ece7e21cf1e  3a37ba8c2436b357
     31        1.33333             12              0  14c44ece7e21cf1e  3e3b61ebc38be11f
     32       0.999999              6              1  14c44ece7e21cf1e  4397b873dbfef837
     33              3             17              0  14c44ece7e21cf1e  4cb51b60850f0acb
     34       0.333333              4              1  14c44ece7e21cf1e  5c81c03dfcc66fc9
     35        66133.9         463608              4  14c44ece7e21cf1e  6233613a6eb32d0a
     36        20972.3         240206              0  14c44ece7e21cf1e  63f1c4b819d7a95f
     37        3.33333             24              4  14c44ece7e21cf1e  653598afe8baa3d4
     38       0.666666              2              1  14c44ece7e21cf1e  67f93688fcad3361
     39        89.9999            106              8  14c44ece7e21cf1e  739544fd26e1f85a
     40         182158         581157              5  14c44ece7e21cf1e  753b709df28acd93
     41        9.33332             35              4  14c44ece7e21cf1e  7a1f801462fbb68e
     42        5.33333             51              4  14c44ece7e21cf1e  7a44402a3fd33dde
     43       0.999999              7              1  14c44ece7e21cf1e  7c16b39f69df7489
     44       0.999999             10              1  14c44ece7e21cf1e  838eb3cf968dd812
     45        208.333             22              4  14c44ece7e21cf1e  83bef1e1970b84b3
     46       0.333333              3              0  14c44ece7e21cf1e  86478dc54af0d0f4
     47              2             20              3  14c44ece7e21cf1e  8f435a997900555a
     48              3             26              3  14c44ece7e21cf1e  9dfba72360287390
     49              2             13              0  14c44ece7e21cf1e  a24eaa2cf2782901
     50          34019           7906            888  14c44ece7e21cf1e  a7722c7642122e6e
     51        13.6667             16              4  14c44ece7e21cf1e  ab9963bdac4c7ec9
     52        1.33333             15              4  14c44ece7e21cf1e  ad278eae83788fbf
     53       0.999999              3              2  14c44ece7e21cf1e  ae3e7ca33b978784
     54       0.999999              5              0  14c44ece7e21cf1e  af5f41cfbcb91d9a
     55       0.333333              4              0  14c44ece7e21cf1e  b2f51dc8577d1cdf
     56        2.66666             28              8  14c44ece7e21cf1e  bba545f90d5d1b02
     57       0.666666              4              0  14c44ece7e21cf1e  bbd453c51e0664a5
     58       0.666666              7              1  14c44ece7e21cf1e  bdd02d9b17cc59dc
     59        74.3333             17              0  14c44ece7e21cf1e  beab52d4be71a912
     60              2             16              4  14c44ece7e21cf1e  c3087c6306865a56
     61        282.666             24              4  14c44ece7e21cf1e  c3ee637a42772553
     62        1.66667             18              4  14c44ece7e21cf1e  c577f12ab71f2c9f
     63        3.66666             21              0  14c44ece7e21cf1e  c9216e58338f388a
     64              2             20              0  14c44ece7e21cf1e  c9367a21b3cabeb7
     65        5.66666             48              1  14c44ece7e21cf1e  c9d075a1c5fd3b01
     66        1.66667             15              0  14c44ece7e21cf1e  cdf5276b23d99590
     67       0.999999              4              2  14c44ece7e21cf1e  cf5a484705a8936c
     68        566.333            216              0  14c44ece7e21cf1e  d2d2c402fa5810ad
     69        179.666             15              5  14c44ece7e21cf1e  d5bfd0a0852b3b00
     70        12.6667             61              0  14c44ece7e21cf1e  db0e10b341f79c64
     71        2.33333             23              0  14c44ece7e21cf1e  df2ff492f95139e3
     72        1.66667             18              4  14c44ece7e21cf1e  e016753ef6d33c55
     73        12.6667             53              1  14c44ece7e21cf1e  e0e7a0b6fdd5d308
     74       0.666666              6              2  14c44ece7e21cf1e  e2cb45327847b94f
     75              4             36              0  14c44ece7e21cf1e  e49c82165bb227d6
     76       0.666666              6              1  14c44ece7e21cf1e  e58eec6f3e74b675
     77        12.3333             64              1  14c44ece7e21cf1e  e6d58dd05df95c0a
     78             45            165              1  14c44ece7e21cf1e  e92b051072d1c11d
     79       0.666666              2              0  14c44ece7e21cf1e  eb6851e7147817f2
     80        62.3333              4              0  14c44ece7e21cf1e  ee897645bed74551
     81       0.333333              3              0  14c44ece7e21cf1e  f5091e0448b4c812
     82        15838.3         115868              0  14c44ece7e21cf1e  f857a626026487a5
     83       0.666666              7              0  14c44ece7e21cf1e  f86151f60be2753b
     84        1.33333             13              0  14c44ece7e21cf1e  f9fd82302ab14f69
     85              2             16              4  14c44ece7e21cf1e  ff2f00aa501060d1
     86        2.33333             21              0  199c936240cd2982  2206384710407649
     87       0.666666              6              3  1a2d7d0dade06f00  167ed34003a29103
     88       0.333333              4              1  1a2d7d0dade06f00  3d2dd0143719c01a
     89       0.666666              8              1  1a2d7d0dade06f00  5a20e0411249200d
     90        691.666            764             33  1a2d7d0dade06f00  79edae693e4c3058
     91       0.666666              5              1  1a2d7d0dade06f00  8dd9e3fd293e7c28
     92       0.666666              6              0  1a2d7d0dade06f00  91d46825942a3859
     93       0.666666              5              0  1a2d7d0dade06f00  9616b235dedefa76
     94              3             32              2  1a2d7d0dade06f00  b545f5fadce202f3
     95    5.52776e+07       76341695        1342945  1a2d7d0dade06f00  baeef59be7ab2b04
     96        286.666            231              2  1a2d7d0dade06f00  e3119cb61fbf1a03
     97        28.6666             48              8  1a2d7d0dade06f00  fe3d7d491e1ac61e
     98        61.6666              5              0  268ec1b4685ed13f  30b939cae52431ec
     99       0.999999              4              0  268ec1b4685ed13f  51d8f8245c4e5d89
    100              0              0              0  268ec1b4685ed13f  bc2825cbc2a92f61
    101        9118.99           7579            181  268ec1b4685ed13f  f61936d4a17298df
    102            337           1516              0  320db2e0a8bf59b1  066d30bea94fde2e
    103        21932.3          63183             57  320db2e0a8bf59b1  0cf1d0d379548855
    104          23798         126054             74  320db2e0a8bf59b1  0fb096ae8242c62c
    105    8.80776e+06       33294811        3775366  320db2e0a8bf59b1  112556204d61c9bb
    106          45457          48259             15  320db2e0a8bf59b1  19ecb6d8e2858db5
    107            111            868              0  320db2e0a8bf59b1  1a7c1b7f8dd24b4d
    108       0.666666              7              1  320db2e0a8bf59b1  2482bbbf5087fdcd
    109    2.56092e+06       22532164              2  320db2e0a8bf59b1  27778d5bfb9d9cda
    110        235.333           1665              1  320db2e0a8bf59b1  32a5440a9f07775d
    111            180            827              1  320db2e0a8bf59b1  346b45df3c2e9251
    112    4.78588e+08      398529798        7621503  320db2e0a8bf59b1  3f33b931d6782ac3
    113       0.333333              3              0  320db2e0a8bf59b1  441f3a593d3f7b70
    114         342250         162536          15254  320db2e0a8bf59b1  48f0aaa67d45a4ab
    115        505.999           3542              2  320db2e0a8bf59b1  4c4551d82602cc2b
    116       0.666666              6              2  320db2e0a8bf59b1  52dbd8a0f1672645
    117        10042.7          64884             15  320db2e0a8bf59b1  624e06f39d454412
    118    4.90779e+07       14539086        5308667  320db2e0a8bf59b1  66663bc2404e2824
    119        312.666           2182              2  320db2e0a8bf59b1  683d809c61d939c5
    120        12283.7          74944             57  320db2e0a8bf59b1  6d8c8d1000cef996
    121    2.52533e+06       10263396        1007837  320db2e0a8bf59b1  777ff2fd223536c6
    122        601.666           2311              1  320db2e0a8bf59b1  895e51afbc7af0a6
    123        5253.99          46078             15  320db2e0a8bf59b1  8af0e2cfb24a4929
    124    1.35238e+06         138398          30406  320db2e0a8bf59b1  964f0ea83c03badb
    125          19940         129659            166  320db2e0a8bf59b1  993f474288c8734d
    126        241.666            506              2  320db2e0a8bf59b1  9a9f10e6041cd228
    127        126.667           1299              1  320db2e0a8bf59b1  9c30907c3e9bed62
    128        22908.6         107554            145  320db2e0a8bf59b1  9e934f5e912c0c98
    129    2.99174e+06       19917816              2  320db2e0a8bf59b1  9f11b804091dd06a
    130        13117.3          95746            149  320db2e0a8bf59b1  a3a0d7910bcee7a1
    131       0.333333              3              2  320db2e0a8bf59b1  a42d78f7e2f998b3
    132    4.24086e+07       33926873        5608302  320db2e0a8bf59b1  acc08a4b6fbc7253
    133        634.999           4384              1  320db2e0a8bf59b1  af5b168a1c3eb9bb
    134         555028         112842          15168  320db2e0a8bf59b1  b62ba008d450f1c3
    135            133            863              2  320db2e0a8bf59b1  ba3799c6c31f3673
    136        13946.3          47503             71  320db2e0a8bf59b1  baf59cf30a634390
    137        152.333           1355              1  320db2e0a8bf59b1  bb99965659b6c88d
    138        5451.33          49744              0  320db2e0a8bf59b1  beb3585cde00e9b7
    139        247.666           1893             39  320db2e0a8bf59b1  c30090476f46db43
    140        142.333           1130              1  320db2e0a8bf59b1  c3a969c5ea463524
    141            464           3575              1  320db2e0a8bf59b1  d0732b0b6387faa2
    142        14740.7          49696            159  320db2e0a8bf59b1  d10f3561c59231a5
    143          32994          90612            179  320db2e0a8bf59b1  db3fca1005bc42c4
    144         189448          81891             58  320db2e0a8bf59b1  df43e95a942c56a5
    145        14705.3          92828             14  320db2e0a8bf59b1  e0e73e03a23d544d
    146        252.666           1013              0  320db2e0a8bf59b1  e269030869907310
    147        7363.99          61779             51  320db2e0a8bf59b1  e3f5cf543b611d5f
    148       0.333333              3              1  320db2e0a8bf59b1  e9d4fedf8b318854
    149        12479.3          58269             56  320db2e0a8bf59b1  fb660a461807cc9e
    150        2.33333             23              8  3733b80c73b65f3a  f1a27af0efaec611
    151        19531.6         108595            350  4d9e1fc80c427726  0377fa2be1bee472
    152    3.64912e+08     1517597768         173995  4d9e1fc80c427726  20080f64b51b0361
    153         340307        1282656           2962  4d9e1fc80c427726  e343951bff801961
    154        3.33333             35              5  52c4504b0f89db11  1e0517322b1db180
    155        3524.33           7572              5  52c4504b0f89db11  26194fba251ca251
    156        718.999            233              0  52c4504b0f89db11  46fa63a547da10fb
    157        1.66667             15              5  52c4504b0f89db11  4ff84c12f008f781
    158        3.33333             30              5  52c4504b0f89db11  51978268c32a1c32
    159        3.33333             30              5  52c4504b0f89db11  57994c18bc9b1d96
    160        406.333           2371              5  52c4504b0f89db11  833098db879b40ca
    161        638.666           4820              0  52c4504b0f89db11  85738851987fe4db
    162        724.333            572              5  52c4504b0f89db11  8c4bb8437d86b349
    163           3714           6470              0  52c4504b0f89db11  930e0b2d2498adb7
    164        643.333            446              0  52c4504b0f89db11  949c55db456150f1
    165        65.9999            421              5  52c4504b0f89db11  b44fde70697ade0e
    166        6.66666             65              5  52c4504b0f89db11  bb8128ef4271f276
    167            113            710              0  52c4504b0f89db11  c0983736fd588f9b
    168        41.6666            155              0  52c4504b0f89db11  d7cb55234e04d320
    169        1.66667             20              5  52c4504b0f89db11  d8a1299daee0aad5
    170        1.66667             15              0  52c4504b0f89db11  ed7da63023701323
    171        627.999           1868              0  52c4504b0f89db11  f877d8c191bd4506
    172        408.333           2670              0  52c4504b0f89db11  fd9a32e96a121493
    173        4348.33            201             37  543843be14b9e080  05b18d663df53eb8
    174        105.333            302             53  543843be14b9e080  2942f146e3a64f59
    175        25525.6          43687           1020  543843be14b9e080  bbfaed43f930387b
    176        12.6667             15              4  58f35fc52181319d  64fe6add657842ae
    177        1.33333             12              0  58f35fc52181319d  95d4a5b02fe4ba8b
    178        1136.33            391             12  58f35fc52181319d  c13685efcb2c1a6d
    179        770.666           2220             30  58f35fc52181319d  de08b697de54cc70
    180        2.33333             21              0  58f35fc52181319d  f0611c540326c434
    181        2.66666             20              0  5f01e814899c5d2d  012e888703915f59
    182        3.66666             40              5  5f01e814899c5d2d  0208994aa1701307
    183        94.3332             27              5  5f01e814899c5d2d  021841f23469331c
    184        6.66666             34              1  5f01e814899c5d2d  049307af79e340d9
    185        80.6666             42              5  5f01e814899c5d2d  04b0bf52a56d962f
    186              5             37              6  5f01e814899c5d2d  05c99f0ddbb66c33
    187        379.666             40              5  5f01e814899c5d2d  096b4089776f42bf
    188        79.9999             21              0  5f01e814899c5d2d  0bee0852e2a3ee07
    189        15.6667             14              0  5f01e814899c5d2d  0e7553496faf34e6
    190        41.3333             48              1  5f01e814899c5d2d  10a227564e797b69
    191        9.33332             83             10  5f01e814899c5d2d  116b5c4988397f6a
    192        181.333            524              9  5f01e814899c5d2d  1513d2e7b7231b7f
    193        349.666             46              6  5f01e814899c5d2d  15d40ed9a929b9c6
    194           1045           2017              5  5f01e814899c5d2d  15d9cda480665037
    195        3140.33          10674            192  5f01e814899c5d2d  1641259d0f267570
    196        4.33333             36              5  5f01e814899c5d2d  16c05a6abbc92f5c
    197        837.999             48              5  5f01e814899c5d2d  16c2eba0905d6b81
    198        28.3333             33              5  5f01e814899c5d2d  1ceb3f8a6a940adb
    199           1036           6836             83  5f01e814899c5d2d  1cf8be2950404cef
    200        695.999           1890              5  5f01e814899c5d2d  1d83f19b6e53eb9c
    201        786.666           2013              0  5f01e814899c5d2d  1f6bfe335b78042c
    202        3.66666             18              5  5f01e814899c5d2d  22dfa129a0c16787
    203        23.3333             59              5  5f01e814899c5d2d  23e23641a1641bcb
    204        1887.33           1542             16  5f01e814899c5d2d  2890b99912b5a3e5
    205            154            531             13  5f01e814899c5d2d  294dda355980a85b
    206        249.333           1049              0  5f01e814899c5d2d  2e65bbf8750b8f43
    207        1.66667             19              6  5f01e814899c5d2d  2f22b9190b7c4070
    208        194.666             31              5  5f01e814899c5d2d  330485738316ab39
    209        435.333            698              0  5f01e814899c5d2d  37fc1dc8420e84c0
    210        19.6666             17              0  5f01e814899c5d2d  394f4a8538e1fcad
    211        58.6666            254              5  5f01e814899c5d2d  3a1473d7b231ec24
    212              5             35              6  5f01e814899c5d2d  3fe7f1aa36e78f1e
    213           1650            231             42  5f01e814899c5d2d  415de430b71bf0bd
    214              5             22              0  5f01e814899c5d2d  42f9dec8c274085e
    215        2837.66           3756             10  5f01e814899c5d2d  4326949f5995bd55
    216        1.66667             15              5  5f01e814899c5d2d  49ec80b28249a87a
    217        1621.33           2051              0  5f01e814899c5d2d  4a138de767e1cf7c
    218              5             38              5  5f01e814899c5d2d  502401d0f161d126
    219        2.33333             23              0  5f01e814899c5d2d  512ab32daea9ab6d
    220        6268.99           3528             94  5f01e814899c5d2d  533bab11bb095205
    221        458.333            444             10  5f01e814899c5d2d  5381538b9213b837
    222        1331.33           3352            111  5f01e814899c5d2d  53e61299bfbde29a
    223        3986.33           1830             10  5f01e814899c5d2d  54e021b503a269f1
    224        1.66667             15              5  5f01e814899c5d2d  55e2b3c42270bdc7
    225        203.666           1156              0  5f01e814899c5d2d  5786e707fa0ce24c
    226        4463.66           1727            102  5f01e814899c5d2d  5791e8261ed884f8
    227        877.332           2019              0  5f01e814899c5d2d  5985f52aa3481535
    228        279.666           1152              0  5f01e814899c5d2d  5cc82b3a7396ff8f
    229        286.666             44              5  5f01e814899c5d2d  5e3e3c4e3745bd46
    230        64.9999             24              5  5f01e814899c5d2d  5e8850f2463cc065
    231        1.66667             19              5  5f01e814899c5d2d  5eb86fdabef5d4c0
    232        610.666            412              9  5f01e814899c5d2d  5f0d7be7f6823f4a
    233        1.66667             15              5  5f01e814899c5d2d  5f5a59d776a11751
    234        7.99999             33             10  5f01e814899c5d2d  6853fdf0f9c36834
    235        687.333           2072              5  5f01e814899c5d2d  6caea5bb705ca4bd
    236        211.333           1159              0  5f01e814899c5d2d  6d5d39032e16e50e
    237        127.667             19              6  5f01e814899c5d2d  6d8df40d4ccd252b
    238        2307.66            560            136  5f01e814899c5d2d  72b4764557e5d0f6
    239        6594.99           2764              1  5f01e814899c5d2d  7347b168e8801613
    240        6.66666             45              5  5f01e814899c5d2d  752a2524297d047b
    241        2057.33           1098              0  5f01e814899c5d2d  775726e3840e431d
    242        984.999            478             12  5f01e814899c5d2d  8147b134299af797
    243        2294.66           3267              5  5f01e814899c5d2d  841da9839e5b6c12
    244        3.33333             27              0  5f01e814899c5d2d  8649c80516b91971
    245        3.33333             20              5  5f01e814899c5d2d  864e3670332d0085
    246        1.66667             15              5  5f01e814899c5d2d  8780182221ceafab
    247        1.66667             15              5  5f01e814899c5d2d  88c71b36599ed9b0
    248        1.66667             20              0  5f01e814899c5d2d  8cba870198584e0e
    249        6.66666             67              0  5f01e814899c5d2d  8cfcb211774e0408
    250              5             50              0  5f01e814899c5d2d  8ea94baeb5df8bf6
    251        3.33333             32              0  5f01e814899c5d2d  9707c20b1dce4ece
    252        441.666           2038              0  5f01e814899c5d2d  99e21d367ee9e547
    253        6.66666             56              6  5f01e814899c5d2d  9b22cffd2e025757
    254            332           1050             19  5f01e814899c5d2d  9b6debe19041a1f9
    255              5             45              5  5f01e814899c5d2d  9cb66436bb8d9766
    256        3.33333             25              0  5f01e814899c5d2d  9d3ec7f007a15131
    257        28.6666            266              0  5f01e814899c5d2d  9e1aba181c718303
    258        1.66667             19              1  5f01e814899c5d2d  a4d0c860123f6079
    259        1261.67           9922              0  5f01e814899c5d2d  a960b5083caca4db
    260        3.33333             20              0  5f01e814899c5d2d  ab201e15811e7f0b
    261        3.66666             34              5  5f01e814899c5d2d  ac4e9941f065bdd5
    262        1646.67           9638              1  5f01e814899c5d2d  ace6df7e5255b0e1
    263        16.6666            166              5  5f01e814899c5d2d  ad865328d4ac4f04
    264        566.999             34              5  5f01e814899c5d2d  ae7446f61315de35
    265        1411.33            747             12  5f01e814899c5d2d  b21e584bd5f25701
    266        33.3333             20              5  5f01e814899c5d2d  b2ec6a12e6747551
    267        992.999            423              9  5f01e814899c5d2d  b2fc79c2a23cea0d
    268        4.33333             36              5  5f01e814899c5d2d  b55abce67a128f28
    269        82.3333             16              5  5f01e814899c5d2d  b8a68fe67f9a01f5
    270        66.3333            317              0  5f01e814899c5d2d  b8d1a893ba098896
    271            188            563              4  5f01e814899c5d2d  b9a268f1449f50a9
    272        1197.33           7559            166  5f01e814899c5d2d  bae6f11f66af7fed
    273        920.666           3064              5  5f01e814899c5d2d  baf1a5c83790cc26
    274            181             19              6  5f01e814899c5d2d  bde59f40b5867196
    275        91.6666            288              0  5f01e814899c5d2d  bed42777a88e2bb8
    276        1.66667             20              0  5f01e814899c5d2d  c0426fb0ea2e69b1
    277        738.999           1143              5  5f01e814899c5d2d  ca2ddf5bc657e941
    278        2.66666             17              6  5f01e814899c5d2d  cc11075d81ffb5c4
    279        91.3332            804             66  5f01e814899c5d2d  cc9a077dd9e53e46
    280              5             45              0  5f01e814899c5d2d  cd8cb54e73cdc609
    281        2783.33           3172              0  5f01e814899c5d2d  cdaacf0486cd1d8a
    282           4661           2687             51  5f01e814899c5d2d  cdbd896643c776de
    283        3.33333             30              0  5f01e814899c5d2d  cde0ceb5abebf4be
    284              5             20              0  5f01e814899c5d2d  cdf9dd21a8ff50d5
    285        3.33333             26              5  5f01e814899c5d2d  ce3b5ce7e5d24732
    286        1234.33            857              6  5f01e814899c5d2d  cf5b901451175c22
    287        9.99999             47              5  5f01e814899c5d2d  cf8ba63e80c885d0
    288         822010        5208319           8578  5f01e814899c5d2d  d267efe6c3868af3
    289        2.33333             21              0  5f01e814899c5d2d  d287b47585024938
    290        392.333           1959             15  5f01e814899c5d2d  d3c013b0b225e03f
    291        3.33333             29              0  5f01e814899c5d2d  d3f1fcea5f8f5a6a
    292        4103.66           5391              0  5f01e814899c5d2d  d62e6388a59a64e2
    293        24.6666             19              1  5f01e814899c5d2d  d647c6ee78aedf73
    294        1.66667             15              0  5f01e814899c5d2d  d961f8f4a976db07
    295        7502.33           7723            192  5f01e814899c5d2d  dccf6761086494aa
    296            406            124              5  5f01e814899c5d2d  ddebf12d756040f9
    297        6.99999             66              6  5f01e814899c5d2d  de55749135c2d046
    298        28.3333             20              5  5f01e814899c5d2d  dfcf0dd28b27b9a2
    299        7.33333             41              5  5f01e814899c5d2d  e07a60a11aa0d75a
    300        2331.66           1317             49  5f01e814899c5d2d  e1ff6987fd3ed75e
    301        1.66667             19              1  5f01e814899c5d2d  e3888b923679135e
    302        7255.33           2724            114  5f01e814899c5d2d  e48d08bac0d69c79
    303        659.333           1275              5  5f01e814899c5d2d  e4d4141a1f97d9a7
    304        3.33333             29              5  5f01e814899c5d2d  e522d1e1b7d8f186
    305        306.333            668             10  5f01e814899c5d2d  e599a4cf11f8599d
    306        1.66667             15              0  5f01e814899c5d2d  e6b8b2423216bfd6
    307              3             15              0  5f01e814899c5d2d  e9212cd69901bae6
    308           2190            872             19  5f01e814899c5d2d  e9fe42b95fb8691f
    309        2527.66            562              3  5f01e814899c5d2d  ea578b85055e97f6
    310              4             28              5  5f01e814899c5d2d  ef1a302ca3a6a82d
    311        310.333             16              0  5f01e814899c5d2d  f12c6eea1e11c544
    312        3.33333             27              5  5f01e814899c5d2d  f38e177a7c05a775
    313            200           1134              0  5f01e814899c5d2d  f4ebc92870f3684b
    314        740.999           5632              1  5f01e814899c5d2d  f64abd596fef53a2
    315        18.3333            181              5  5f01e814899c5d2d  f73b2010b16f9530
    316        575.333            908             60  5f01e814899c5d2d  f75aed5bbfed26df
    317        93.9999             19              6  5f01e814899c5d2d  f93c9478b24483e0
    318             20             41              8  5f01e814899c5d2d  f9942ecdd138bfae
    319           1165            421             12  5f01e814899c5d2d  fa47842e0496e922
    320        7.33333             44              6  5f01e814899c5d2d  fb118420fd1f4880
    321        186.666             19              0  5f01e814899c5d2d  fb78d7456c6fe50c
    322        6.66666             54              5  5f01e814899c5d2d  fcac53b8953a35e4
    323        395.333             64             10  5f01e814899c5d2d  fdd81118ac5409f0
    324        3.33333             34              1  5f01e814899c5d2d  fdfdd947b4c24458
    325        465.666             13              5  5f01e814899c5d2d  febdd36f99ee73eb
    326        14186.3          71949           7579  75dc269b88a65b88  0dbb5efed80828d0
    327       0.333333              4              1  75dc269b88a65b88  1a96d198253e105e
    328        332.333             12              2  75dc269b88a65b88  1c45de905bc24e23
    329        2.66666             16              1  75dc269b88a65b88  25b757892971c306
    330       0.999999              5              1  75dc269b88a65b88  2726190bd10e1d68
    331        1.66667              9              0  75dc269b88a65b88  286759792e07d39a
    332        335.666             87              1  75dc269b88a65b88  2b532d90b428b147
    333       0.333333              4              1  75dc269b88a65b88  3a63e1a2811fcdf2
    334       0.666666              2              1  75dc269b88a65b88  3ee08aa0a9891236
    335       0.666666              4              0  75dc269b88a65b88  4149626c62a24c39
    336        32.6666             85              1  75dc269b88a65b88  4fc67f9f25baa8a4
    337       0.999999              5              0  75dc269b88a65b88  5378a0e410a6e0b5
    338       0.999999             10              1  75dc269b88a65b88  540ae99d722f7a71
    339        13.6667              8              1  75dc269b88a65b88  544aca2926cf9e0d
    340        12.3333             24              5  75dc269b88a65b88  5967a4ad284489b1
    341              2             18              1  75dc269b88a65b88  5fd5151e09dfba6b
    342       0.999999              6              1  75dc269b88a65b88  60149e8277101c42
    343        1.66667             16              2  75dc269b88a65b88  68dce6989af5ec0f
    344       0.333333              4              1  75dc269b88a65b88  6cb63458bd59c4f0
    345        90.9999             10              0  75dc269b88a65b88  6ef314f46b4d2587
    346       0.666666              4              1  75dc269b88a65b88  7160fd253245817b
    347            277            211              4  75dc269b88a65b88  719788435c68aeef
    348        5059.33          45483              0  75dc269b88a65b88  74f4aaf24629a96f
    349       0.333333              3              1  75dc269b88a65b88  75181e2c02482307
    350       0.666666              6              0  75dc269b88a65b88  779c1e9cf9c896d2
    351        1.66667              6              0  75dc269b88a65b88  78aaae99597b8b2e
    352       0.666666              7              1  75dc269b88a65b88  7df33b82785e624e
    353        1.33333             10              0  75dc269b88a65b88  89f5ecd3a57e696f
    354        853.332            969              2  75dc269b88a65b88  8a7bb24aa4cf5a58
    355       0.333333              4              1  75dc269b88a65b88  8b61c02f64ddb444
    356          37962         394011              0  75dc269b88a65b88  98e81a33db4ac0d8
    357       0.666666              4              1  75dc269b88a65b88  abc9557a98427d36
    358        1006.67            306             40  75dc269b88a65b88  af7d91428f33bb6b
    359       0.333333              2              0  75dc269b88a65b88  b14d2ac13c6e5f59
    360        5.33333              4              1  75dc269b88a65b88  b389fe4a0ee2e1a7
    361              4             22              8  75dc269b88a65b88  b465998c37a61977
    362        2.33333             18              0  75dc269b88a65b88  b591bfaf39e3fc4b
    363        1.66667             13              1  75dc269b88a65b88  b9b19b6a53a2591b
    364       0.333333              3              1  75dc269b88a65b88  c7190e5b1b3bb91e
    365        123.333            111              4  75dc269b88a65b88  ca27ed863c309e6a
    366       0.999999              9              1  75dc269b88a65b88  d091a8bb69cf197a
    367        5065.99          45519              1  75dc269b88a65b88  d45bbfd3a712fbeb
    368       0.666666              8              1  75dc269b88a65b88  d5f3c7fc4ffbeda2
    369       0.333333              4              0  75dc269b88a65b88  d9f00a4a21dc5e72
    370        2.66666              4              0  75dc269b88a65b88  df9a41722008cbc7
    371       0.333333              4              1  75dc269b88a65b88  e8cc2dd3cae078d6
    372              3             25              0  75dc269b88a65b88  f6e9025ebec44741
    373        8.99999              6              1  75dc269b88a65b88  ff4000a085925a00
    374              0              0            295  7669b1ba2e4eccf1  a9a1e46de699a5ff
    375        75.3333             63              6  7f5a4f49c31b6ab8  645c7dede2e8b352
    376        7.66666             23              5  8a568edd1695b3f2  0910870b81b09255
    377        18.3333             95              5  8a568edd1695b3f2  0ae0f5ba1d8bb49a
    378        1.66667             20              0  8a568edd1695b3f2  0d295050b84a89de
    379        2.33333             26              0  8a568edd1695b3f2  10f670adc1afc257
    380        9.99999             30              0  8a568edd1695b3f2  1187561b08064f92
    381        2.33333             21              5  8a568edd1695b3f2  1857d6144c2054cb
    382        1.66667             20              5  8a568edd1695b3f2  1a13ed82babb752c
    383        3.33333             26              0  8a568edd1695b3f2  28bfc348e91bab27
    384             12             36              0  8a568edd1695b3f2  2c853bc444467989
    385        3.33333             10              5  8a568edd1695b3f2  2f80b8c658fdfbe7
    386        5.66666             32              0  8a568edd1695b3f2  3cd9a59fe7df2fbf
    387        64.3333             19              5  8a568edd1695b3f2  42e670bfaa6bcdd7
    388           1384            150             10  8a568edd1695b3f2  4b5e8728357b011a
    389        10.6667             82              5  8a568edd1695b3f2  4b694d034d4abf70
    390    4.46058e+06       27524038          34844  8a568edd1695b3f2  4ef53bb799b0e4d1
    391        979.332             30              5  8a568edd1695b3f2  50903d528938db26
    392        1.66667             20              5  8a568edd1695b3f2  5b3c2424f55a69ab
    393            439            950              5  8a568edd1695b3f2  5e6ca452a74b5514
    394        388.333             30              0  8a568edd1695b3f2  656571e3e967a889
    395        3.33333             25              5  8a568edd1695b3f2  65794aad45318158
    396        36.6666             63              5  8a568edd1695b3f2  6cc8cc33af37d263
    397        4.33333             24              5  8a568edd1695b3f2  772306bf432d6aab
    398            171            481              5  8a568edd1695b3f2  780f32c987354efc
    399        2.66666             12              0  8a568edd1695b3f2  79513b7623e8d978
    400        77.3333             37              0  8a568edd1695b3f2  7a8a989c4fa0854f
    401        6.66666             45              5  8a568edd1695b3f2  7a9dc14d11e0794a
    402        3.33333             36              0  8a568edd1695b3f2  869499b180924b7d
    403        84.9999             45             10  8a568edd1695b3f2  86d78d43f2ade996
    404              3             26              0  8a568edd1695b3f2  87ba9232ad5ee19a
    405        13.3333             43              5  8a568edd1695b3f2  90f97d08185a32f6
    406        17.3333             97              5  8a568edd1695b3f2  972d3ba8eebee684
    407             31             24              0  8a568edd1695b3f2  99254de3bfbdf48e
    408        94.9999             79              0  8a568edd1695b3f2  9fcdeb4107677a5b
    409        203.333             37              0  8a568edd1695b3f2  a0bd691fe7f93017
    410        3.33333             30              0  8a568edd1695b3f2  a10737f6362304b3
    411        3.33333             20              0  8a568edd1695b3f2  a1ecc48a65f87d70
    412        8.66666             26              0  8a568edd1695b3f2  a7a30ed31a1e59ba
    413            135             50             10  8a568edd1695b3f2  aa58bee8b100f2c4
    414        65.9999             31              5  8a568edd1695b3f2  afa18add6e828327
    415        4.33333             16              0  8a568edd1695b3f2  afb3d5bf2a781674
    416        2.33333             18              2  8a568edd1695b3f2  b2997d029d6f2685
    417         338634         429992          35146  8a568edd1695b3f2  b2edf0ee1a08687a
    418        2.66666             20              0  8a568edd1695b3f2  b60be167ebf2be23
    419        5.99999             31              5  8a568edd1695b3f2  b67b37b51ae1412b
    420        160.333             59              0  8a568edd1695b3f2  bb11d886d46d9308
    421        6.33333              4              1  8a568edd1695b3f2  bb325a375bfb81d2
    422              5             20              5  8a568edd1695b3f2  c49c62ae444149d8
    423            151             32              5  8a568edd1695b3f2  c5518133a719405e
    424        257.333             78              0  8a568edd1695b3f2  ca96b9eaf23c0047
    425        6.66666             45             10  8a568edd1695b3f2  ce59389bfbcda1ae
    426        285.333             33              5  8a568edd1695b3f2  d67d9d2b41303f1b
    427        6.33333             69             10  8a568edd1695b3f2  e25214f88b3e75a8
    428        4909.66           1674            123  8a568edd1695b3f2  e8a48da666eb02e8
    429              5             25              5  8a568edd1695b3f2  eb68a8fbab44d8d8
    430        5.33333             44             10  8a568edd1695b3f2  ec0737c92bcd649e
    431        8.33332             35             10  8a568edd1695b3f2  f20ddfaaf5f453cb
    432        3089.33            466             32  8a568edd1695b3f2  f4f757b96603b19a
    433        2.66666             17              0  8a568edd1695b3f2  f62fef8e41157df3
    434        3.33333             33              0  9006b839df615060  01b0b3f8ff6a44d9
    435        5.66666             56              5  9006b839df615060  1272f291da91e687
    436        2383.66           7760            154  9006b839df615060  15d719184206cea6
    437           1903           1291              9  9006b839df615060  163aba2f0e4f2289
    438        2623.66           8816             46  9006b839df615060  27a3371a1ff857df
    439        1972.33           6233              1  9006b839df615060  28ab5419de311ab4
    440        2.66666             12              5  9006b839df615060  32427b9c010d6e2e
    441           1197           2238             55  9006b839df615060  36c408c4903b5ee7
    442        6.66666             20              6  9006b839df615060  4348bb3dbf602b80
    443        9.66666             25              0  9006b839df615060  440fbab9bbe7f1a5
    444        6931.33           1409             30  9006b839df615060  4c2aa2b0a8cf5bb0
    445              4             29              5  9006b839df615060  4d72d6655afc5458
    446        3959.66          10910             29  9006b839df615060  65005c67fd0a539a
    447        1.66667             15              1  9006b839df615060  6a51b15f5462c642
    448        599.333           5387              0  9006b839df615060  701a0bf8a2b7925d
    449        673.666           1412             23  9006b839df615060  8255ed8371e04b6e
    450              5             50              6  9006b839df615060  8c60b00de4af9d73
    451        2.66666             25              1  9006b839df615060  8ced9c38a06b4eae
    452        159.333             58              6  9006b839df615060  936e4cee9f9afdd0
    453              2             22              1  9006b839df615060  9cb8647530424ec9
    454        2.66666             27              5  9006b839df615060  9df204f747500481
    455        2.66666             25              0  9006b839df615060  a2177e85350b7a06
    456        3.66666             25              1  9006b839df615060  a501fb41524d8a62
    457        811.999            549             43  9006b839df615060  c31e5efeb14bccee
    458        705.333            661            185  9006b839df615060  cc227220f7e70dcc
    459        2.33333             24              5  9006b839df615060  d04808ea7542f221
    460              2             11              5  9006b839df615060  d25939eb8fc947c9
    461           1329           3205              0  9006b839df615060  e87fab12ff3e73d7
    462        1.66667             18              0  9006b839df615060  fb72b1b9268c1526
    463        16.6666            168             12  9006b839df615060  fc80c01b3877a291
    464        431.666             83              9  901fb34d2adc10de  1c762d9c7eeb2cee
    465             23             65             12  901fb34d2adc10de  663b8609478512d7
    466       0.333333              3              1  901fb34d2adc10de  9162016e7885ca12
    467            122             39              0  9142c2000ab10a4d  1fb3cb0dab7af719
    468        6.66666             20              0  9142c2000ab10a4d  2e92d7a51ea3a78f
    469          11692           6242            154  9142c2000ab10a4d  7de4b027b07bb7b2
    470            198             80              0  9142c2000ab10a4d  85c26834b23d2810
    471        6.99999             66              5  9142c2000ab10a4d  9500f4a664764313
    472        3.66666             37              5  9142c2000ab10a4d  9b61fb44de3e573f
    473        6.66666             20              5  9142c2000ab10a4d  a8bf70d7e931a700
    474         406308        1212957          18466  9142c2000ab10a4d  affb6f0820e84512
    475        8.66666             26              5  9142c2000ab10a4d  cef5d713a48f669a
    476             18             54              5  9142c2000ab10a4d  dc2390fcc7142b9d
    477        36.6666            354             20  9412735169951e5b  0db87a082d8370bc
    478        306.666             16              5  9412735169951e5b  0e0f2cb4616000a3
    479        6.66666             50              5  9412735169951e5b  230e605575342dc8
    480        74.6666             20              0  9412735169951e5b  32954365c5153024
    481        879.332             25              0  9412735169951e5b  785dcb755ed2ba0b
    482        3.33333             20              5  9412735169951e5b  85a501247b4da896
    483        3.66666             15              0  9412735169951e5b  8c0322f76e091418
    484        733.666             50              5  9412735169951e5b  9275d02d079523fc
    485        13.3333            155             20  9412735169951e5b  ae5c81dcbe963da0
    486        1.66667             20              0  9412735169951e5b  dfc0387d0596dc9b
    487       0.666666              8              0  9422b1bc05ed932d  0c1ddab147e0700b
    488       0.666666              6              2  986ac2200f0ef8dd  23d9d1e987e62760
    489       0.666666              6              2  986ac2200f0ef8dd  24e2b194ecd3092c
    490        22182.6          61547           1936  986ac2200f0ef8dd  2591b5d9187a7816
    491        1.66667              5              2  986ac2200f0ef8dd  6f8d3edcb77e22d7
    492       0.666666              2              1  986ac2200f0ef8dd  7b476be1e004b38f
    493       0.999999              8              3  986ac2200f0ef8dd  889c092bec089217
    494       0.999999              3              1  986ac2200f0ef8dd  abab535ef9b9dd1c
    495       0.333333              3              0  986ac2200f0ef8dd  c1e8bcea2ce2937c
    496       0.666666              2              1  986ac2200f0ef8dd  d09baa2aa7956276
    497        644.666            475             32  986ac2200f0ef8dd  d5e6397a5293700e
    498              0              0              0  98f112b843bcb073  979c8a4365db399c
    499        2.66666             24              1  9d7e1a96144af3cd  05971e5d2172bcbf
    500             11             55              8  9d7e1a96144af3cd  9a45711454b97816
    501        14851.3           2840            248  9d7e1a96144af3cd  9cd66552d7399c4f
    502        6.66666             32              1  9d7e1a96144af3cd  a7190ad640a44eb8
    503        2.33333             21              6  9d7e1a96144af3cd  dd2ed94b8bf528f3
    504        79564.6         346290              5  b224967deabe4480  0999ddd1acc496aa
    505        5.99999             18              5  b224967deabe4480  18c9979e923a0aad
    506        45523.3         301525              0  b224967deabe4480  252f202525cf8879
    507             49             39              0  b224967deabe4480  3d0134dd5fb514d4
    508        12569.3          29122            190  b224967deabe4480  3e751b0865e1eeda
    509              5             40              9  b224967deabe4480  5d5108a292ef5018
    510         198717        1417891              5  b224967deabe4480  66a92236f512ac83
    511         136467         907094              0  b224967deabe4480  6e40f23b2a4d7299
    512        3.33333             27              0  b224967deabe4480  77dd6b2a0c1e4fcc
    513           3789            992            172  b224967deabe4480  7d1b531f60c6cee8
    514         848560        1228282          15198  b224967deabe4480  805b87a1f0dc8bf6
    515         139425         402971              0  b224967deabe4480  9e5758997460e09a
    516    1.44644e+07       37489958         851399  b224967deabe4480  a03da5e668b0c549
    517        62552.3         548177              1  b224967deabe4480  a4b9d6bc859b15f6
    518        69931.6         586279              5  b224967deabe4480  af0615cd799c9e0c
    519    1.15602e+06         468491              0  b224967deabe4480  f6c45f8281564e2a
    520       0.666666              6              0  b78570b8e06e8ff1  04bc932b6fbcee4b
    521        70.9999              2              0  b78570b8e06e8ff1  0d493f128cb772cd
    522        2.33333              4              1  b78570b8e06e8ff1  0f3769318f7ffef8
    523            164              3              1  b78570b8e06e8ff1  11633b896df948a6
    524        216.666           1294              0  b78570b8e06e8ff1  12e8120905c346e0
    525        2.33333              3              2  b78570b8e06e8ff1  386f2f23997db57f
    526        889.666            430             14  b78570b8e06e8ff1  396a5811ab48667e
    527        636.666            727              0  b78570b8e06e8ff1  450ffd78a256ae84
    528       0.666666              6              1  b78570b8e06e8ff1  4f3b6f7117390346
    529        534.666           1257              2  b78570b8e06e8ff1  7522fc812e28deac
    530        415.333           2066              1  b78570b8e06e8ff1  7d288020e90d9a06
    531       0.666666              3              2  b78570b8e06e8ff1  7ef4b3f6685a6014
    532       0.333333              2              2  b78570b8e06e8ff1  7f193b9de189d644
    533        1.66667              9              2  b78570b8e06e8ff1  815d1ba46ae40532
    534       0.333333              3              1  b78570b8e06e8ff1  83d4c49dff278cbe
    535       0.999999              5              0  b78570b8e06e8ff1  86e7a5d4dbad5076
    536              3             16              2  b78570b8e06e8ff1  a3d4601e5b24b0c1
    537        9.33332              4              1  b78570b8e06e8ff1  a58a9dfc157080e2
    538            342           1681             31  b78570b8e06e8ff1  bc7c595c2b30bfd5
    539       0.666666              6              1  b78570b8e06e8ff1  bd3f7f7375c35d6e
    540        80.9999              5              0  b78570b8e06e8ff1  be2b7845c19eb638
    541        2.33333              6              2  b78570b8e06e8ff1  c7ee2b26ac6678e9
    542        236.666           1003              2  b78570b8e06e8ff1  cdeaca05ab1a0414
    543        1.33333             13              1  b78570b8e06e8ff1  cebcefa2860cea93
    544            348           1733              0  b78570b8e06e8ff1  d0ed6a2e4a708cf0
    545        1.33333              4              1  b78570b8e06e8ff1  d1222c42fe6771f1
    546        1.33333             11              3  b78570b8e06e8ff1  d3ff0e01e997449d
    547       0.666666              6              1  b78570b8e06e8ff1  ee441626f39617d0
    548        59130.3         318754              5  b84f7d54b6a73fd2  6a569d88ab41cd54
    549         195578         992222              1  b84f7d54b6a73fd2  7120d89aaf306594
    550         182619         936735          11182  b84f7d54b6a73fd2  749a8bc6681b7609
    551        64607.9         266739              1  b84f7d54b6a73fd2  7e7ff5a18d682b06
    552    2.27894e+09     6541133726      335378131  b84f7d54b6a73fd2  bf27078d518d43c2
    553        99562.9         407876              3  b84f7d54b6a73fd2  c6cb19cd6117932b
    554          47062         250494              6  b84f7d54b6a73fd2  de2080aff287756e
    555            235           1055              5  bc09bb70890a9917  011258fac43e2b50
    556        233.333           1400            350  bc09bb70890a9917  0acb0d47089fc02a
    557        81800.3         284242              5  bc09bb70890a9917  14e76b69963fb392
    558            487           2860            351  bc09bb70890a9917  7c8a595b5f92d530
    559         129540         619051           5586  bc09bb70890a9917  7e3f9d8efa28701c
    560            350           2095            351  bc09bb70890a9917  80c5e4bf063fdafe
    561        64593.9         267323              7  bc09bb70890a9917  97e12e16eafd1819
    562          38705            700            350  bc09bb70890a9917  9a2f9ca5f4039dcb
    563        239.666           1050              6  bc09bb70890a9917  9e7e3ac2ff2b60f6
    564         217541         834020           1467  bc09bb70890a9917  a1348578312f3f46
    565    8.07319e+08         921060          58098  bc09bb70890a9917  cf4b9f445d7ddbcb
    566    2.44731e+06        5250317          25972  bc09bb70890a9917  f4bad6f1ce781e17
    567        5165.66           1626            350  c995dad296f48266  02345890622e3ac7
    568        64408.6         243392            774  c995dad296f48266  18bf2916793fdf35
    569          36277         237022           2192  c995dad296f48266  1f5f40a1d879786c
    570        14495.3         107845              1  c995dad296f48266  38a4744e12159b46
    571         244683         141851          15517  c995dad296f48266  a316be42ad7c558c
    572          18982         185390           2453  c995dad296f48266  a3929977973d01e1
    573        21917.6          79757              0  c995dad296f48266  d0dcf3e324615509
    574        2710.33           4521             34  d04af9750c8876f9  310e34544776523f
    575    8.10827e+06       38981894        1328442  d04af9750c8876f9  33d821553d5f0998
    576        1.66667              5              0  d04af9750c8876f9  351ad1966d426527
    577          37968          74228            531  d04af9750c8876f9  3b40db1ca3faeb5c
    578        298.333           2821              1  d04af9750c8876f9  3e138a69df68497d
    579    1.30095e+06        7811251              1  d04af9750c8876f9  43315fbb4aee427a
    580    1.31071e+06       11806140              9  d04af9750c8876f9  870b66bc1fff6aee
    581        16452.7           9923            679  d04af9750c8876f9  97c23b37db7a8c77
    582        749.999           1311              5  d04af9750c8876f9  9c1b4125542c5ac5
    583        162.667           1465              1  d04af9750c8876f9  a14ecb3f66fa6f4e
    584       0.333333              4              0  d04af9750c8876f9  ac1ab1e04831aa2c
    585        337.666           2842             33  d04af9750c8876f9  c0d994eaad5c0d5c
    586    2.46042e+06       17630886             51  d04af9750c8876f9  dfa70fdb24f91c85
    587        1939.66            289              5  d264c5e6e648bb2e  32a34a874fc45030
    588        429.333             95              5  d264c5e6e648bb2e  333bed99d28c298b
    589        6522.66           1564             17  d264c5e6e648bb2e  3f1d63700b0f73fe
    590            490             40              0  d264c5e6e648bb2e  a907a05a3439e66a
    591        312.666             34              5  d264c5e6e648bb2e  d165498334187764
    592        303.666            114              5  d264c5e6e648bb2e  d86b1caa2bbf900c
    593             15             40              0  d264c5e6e648bb2e  dd8f5395d58eb205
    594        354.333             35              0  d264c5e6e648bb2e  e0de00c093aed025
    595        250.666             37              5  d264c5e6e648bb2e  e6030aa233100d21
    596        52.3333             42              0  d264c5e6e648bb2e  fb511ecdb6dfc5a6
    597       0.333333              4              0  d764277e654ba17d  8c7e9ebeba2b8b34
    598          11040         109553            225  e0c352210cdd7475  162b2b5bb2035265
    599        7849.33          39188            225  e0c352210cdd7475  1826bed7865be6b4
    600           3744          33772              0  e0c352210cdd7475  33301b89ee70527c
    601         162091         856571            225  e0c352210cdd7475  53344b2bfd320ff6
    602    1.68887e+06       15657461              0  e0c352210cdd7475  541e4ba816f301b9
    603         600136        3844533            225  e0c352210cdd7475  713f0910bdf00491
    604        29097.6         150138              0  e0c352210cdd7475  8b8d3d67941e863c
    605        10261.3          74672            225  e0c352210cdd7475  9027fa618380a59e
    606         107777         850595              0  e0c352210cdd7475  bda2a3ba3bfc1ea6
    607          10862          98346            225  e0c352210cdd7475  c02ee56cd613b118
    608          42369         159441            225  e0c352210cdd7475  cca0bfeac0b3feb5
    609         767114        6816829              0  e0c352210cdd7475  df9faf1de486d950
    610    2.05959e+06       13740555              0  e0c352210cdd7475  fb524527e909638a
    611    1.01136e+06        8118617            135  e0c352210cdd7475  fd4a4301c4fcddee
    612    3.27147e+06       19020750           1665  e0c352210cdd7475  ff674f83dc9241df
    613        32571.3         291003              0  e9c092743f55a0e4  04ae6c371cbd704c
    614        3.66666             34              4  e9c092743f55a0e4  0a0c9847a0245a6f
    615        1.66667             15              0  e9c092743f55a0e4  4a25951f3f523444
    616              2             20              0  e9c092743f55a0e4  78b1848ed11b0561
    617        15.3333            138              4  e9c092743f55a0e4  acc60a158dfeb74f
    618          39116         363668              4  e9c092743f55a0e4  b5f19926754cc332
    619        32669.3         303165              4  e9c092743f55a0e4  b886be3dd92c530e
    620              3             29              0  e9c092743f55a0e4  bb3fae2483ab4343
    621              2             18              4  e9c092743f55a0e4  bfd4b8f8adb23bc2
    622        2.33333             21              4  e9c092743f55a0e4  cd531eba53988a1e
    623        1.33333             12              4  e9c092743f55a0e4  d0891b5c0ae56ed1
    624        3.66666             32              0  e9c092743f55a0e4  d19ced76a1ea9234
    625        33434.3         303085              0  e9c092743f55a0e4  f13768dfa99d0d41
    626              5             42              4  e9c092743f55a0e4  f47a1e77bc702eca
    627       0.333333              4              1  e9c7b376d548aa9d  1f98516802e5724c
    628       0.666666              6              1  e9c7b376d548aa9d  277e1c8d293690f5
    629        792.333            384              2  e9c7b376d548aa9d  2a40019798c5b4be
    630        1.33333             10              1  e9c7b376d548aa9d  3ba39d4b6c4377fe
    631       0.333333              4              1  e9c7b376d548aa9d  573011345d692bf0
    632       0.999999              4              0  e9c7b376d548aa9d  854de27ed85ca4ff
    633       0.999999              8              1  e9c7b376d548aa9d  9f4813d8073d6b37
    634       0.666666              8              1  e9c7b376d548aa9d  aaaf9dd562105e9f
    635        4317.33          45452           3787  e9c7b376d548aa9d  b90c16a0ced6f4c3
    636       0.333333              2              0  e9c7b376d548aa9d  bd781a5da6fa5fc6
    637       0.999999             12              1  e9c7b376d548aa9d  cb53ab2ed30cbacf
    638        3.66666             13              1  e9c7b376d548aa9d  d925ed83158ef2cf
    639       0.333333              4              0  e9c7b376d548aa9d  e2f51d2aef2c9c40
    640              2             21              3  efd5ed7ed3ae4d67  01361a83db3db567
    641        53640.9         497216             68  efd5ed7ed3ae4d67  07e3ca9d926b6ebd
    642       0.333333              4              1  efd5ed7ed3ae4d67  09b698442913a93d
    643              2             13              0  efd5ed7ed3ae4d67  152163e3fd2d3166
    644        1.66667             15              0  efd5ed7ed3ae4d67  1ab4bbbd97135eff
    645              3             34              4  efd5ed7ed3ae4d67  20920f68b596dcce
    646         212985         113104           1868  efd5ed7ed3ae4d67  24e4659819b62313
    647        78.9999             25              0  efd5ed7ed3ae4d67  4001c24df70d67d4
    648        5.66666              9              0  efd5ed7ed3ae4d67  4d6301617f698203
    649       0.333333              4              0  efd5ed7ed3ae4d67  5d7b5db0be7f8c79
    650        3.66666             35              0  efd5ed7ed3ae4d67  6a6e5cb29de6f087
    651        18.6666             24              8  efd5ed7ed3ae4d67  6cb2d137571f3566
    652        981.999             40             12  efd5ed7ed3ae4d67  723ca48811d43e7a
    653        2.66666             20              0  efd5ed7ed3ae4d67  774b0d116ef2f440
    654       0.999999              7              0  efd5ed7ed3ae4d67  8eb5faa0dbc7482e
    655        24439.6          11430           2437  efd5ed7ed3ae4d67  9dce15b6de76f25e
    656        2610.33           2992             28  efd5ed7ed3ae4d67  cf63aa9440d5c408
    657        6.99999             73             10  efd5ed7ed3ae4d67  d673484c965c2c31
    658       0.666666              7              0  efd5ed7ed3ae4d67  d7b95917f4b9c0c4
    659        48584.3         293004              4  efd5ed7ed3ae4d67  ecf783265dd82e7c
    660          27788         261386              4  efd5ed7ed3ae4d67  f404fd41b1309094
    661       0.666666              7              0  efd5ed7ed3ae4d67  f8938602fe14373d
    662        1.33333             13              4  efd5ed7ed3ae4d67  ffda1ae30b5017fa
    663        160.333             66             14  f90a6bf76ef82ae5  5cedc7a4552be9d3
    664            318            117             30  f90a6bf76ef82ae5  8a7e53f97d69d4d9
    665              2             17              1  ffce260d33380779  02483db5d36c100e
    666             40            355              0  ffce260d33380779  04c22ed82af082a4
    667        8400.99           4773           1169  ffce260d33380779  0653cb502db0242e
    668        465.666           1886            130  ffce260d33380779  0a8026be0c274079
    669        43.3333            390              0  ffce260d33380779  0ce75f272ff80e6b
    670        1232.67          14653              0  ffce260d33380779  0df0f2195e47af8d
    671        906.666            776             13  ffce260d33380779  1175ffe75064c515
    672         161648         908081           4252  ffce260d33380779  13a2003143bc22fb
    673        787.666           5585              5  ffce260d33380779  13aa557c6baaa76a
    674    2.49623e+06       14882797          34493  ffce260d33380779  1a73ce0cda663a1d
    675        29838.3         281788            829  ffce260d33380779  1ca4b113ef06e13e
    676        849.999            877             17  ffce260d33380779  1d36a328586675bc
    677        112.667            520            110  ffce260d33380779  20f086e90f3757b9
    678          49352          55291           1292  ffce260d33380779  20ffe766709b24a3
    679        1371.33           7474            156  ffce260d33380779  2137b3db5f11cfd9
    680        1030.33            743              7  ffce260d33380779  2264268bf8f1a428
    681        4193.33           5396            249  ffce260d33380779  22e6a8878347ff85
    682        1.66667             15              0  ffce260d33380779  26f867f1dff5abd0
    683        81.3333            896             46  ffce260d33380779  2c4fa05e354051ba
    684        1220.33          14383            127  ffce260d33380779  2e9141d268b29f76
    685        1.66667             16              6  ffce260d33380779  2ec61733cb649cd0
    686        4370.66          49785              0  ffce260d33380779  30f3eb33791c9452
    687        1.66667             20              0  ffce260d33380779  347d3e2c2b963935
    688        3.33333             34              6  ffce260d33380779  3539b8432fb6288c
    689        41.3333            461             47  ffce260d33380779  37ec796a7328731f
    690        718.999           2189             57  ffce260d33380779  3a94499a923a5523
    691        9.66666             56              6  ffce260d33380779  3b415361e429cd7e
    692        48.6666            584            120  ffce260d33380779  3bcef4d74634fc38
    693        43.3333            520              0  ffce260d33380779  3ede11d671c1bc14
    694              3             26              6  ffce260d33380779  3eef131a46632fb4
    695           2509          29878              0  ffce260d33380779  3f2a86183c53431c
    696        2.33333             21              0  ffce260d33380779  439193ff802e540a
    697        173.333           1820            140  ffce260d33380779  45464e26c93e0048
    698        766.666           5749             16  ffce260d33380779  4a8a2da9e5c444b9
    699        5.33333             31              5  ffce260d33380779  4d7b135c89dd2823
    700        2.66666             26              5  ffce260d33380779  4e98bd69ec85491a
    701          33120          99278           6368  ffce260d33380779  5046185f67e3e3d6
    702        5437.66           5111            336  ffce260d33380779  515339b2f790bba4
    703           1448           5981              1  ffce260d33380779  541ea2f7a38ec12b
    704              3             31              5  ffce260d33380779  55a1477f6547445e
    705             38            354             57  ffce260d33380779  5a14e92a90ed86bc
    706        185.666             23              0  ffce260d33380779  5e8c494c595a938f
    707        85.6666            743            110  ffce260d33380779  5f1557820cfd465c
    708            105            391              0  ffce260d33380779  5f4265d99f60c950
    709        6.66666             65              5  ffce260d33380779  5f4e8b54e3b7410f
    710        4539.66           1354            172  ffce260d33380779  5fa295839aeb0de8
    711        6.33333             66              5  ffce260d33380779  6211b6f230fb7878
    712        1.66667             20             10  ffce260d33380779  632c1dad5f2e20d6
    713        2109.33           8842              1  ffce260d33380779  636983fc98c822c5
    714        43.6666            237            130  ffce260d33380779  672d8d75fadcc447
    715        821.999           1013             96  ffce260d33380779  67393f8c26c51182
    716        9.99999             84              6  ffce260d33380779  6b5b022e898d101f
    717              3             23              5  ffce260d33380779  6c5b5f5c7ac3243f
    718        39.3333            297              0  ffce260d33380779  716c086f2c8077fa
    719        12049.7          41728            220  ffce260d33380779  742c09a59cea5906
    720        5025.33          59606              0  ffce260d33380779  74f6ee1e5ec62ccc
    721              5             41              6  ffce260d33380779  76d76132efe92baf
    722          13262          56265            225  ffce260d33380779  7f822a8ad212afaa
    723              2             14              5  ffce260d33380779  80a9fe6b01ef995c
    724        309.666            484             10  ffce260d33380779  82de882ef672d260
    725        5.66666             54              6  ffce260d33380779  84addd4b47960471
    726    1.13071e+07       76400562           3475  ffce260d33380779  86c5d83baa48eea0
    727        160.667           1566            120  ffce260d33380779  8c53ef0c409ece61
    728        8614.99          30802             85  ffce260d33380779  8ca4831c10fbb7ea
    729        60.6666            364             46  ffce260d33380779  8d5c21c6b8d45eac
    730        16706.3          29978            220  ffce260d33380779  8e9293a07bead8d8
    731        44.3333            428            130  ffce260d33380779  915b4a0738ddee90
    732           4687           3568             32  ffce260d33380779  94ac6775f162fce3
    733              4             20              5  ffce260d33380779  95e69950a0cc681f
    734        199.333           1348            110  ffce260d33380779  963020acbbb6d2b2
    735        2348.66          13698              1  ffce260d33380779  99466a190374a763
    736        2460.33          29366            220  ffce260d33380779  99a73811e8ef4f36
    737        8436.32          97658              0  ffce260d33380779  9aa0a53b9ca4b1fb
    738        57.9999            541              0  ffce260d33380779  a0821fe6d637e443
    739              5             53              0  ffce260d33380779  a180a6df72a6a5df
    740        5.33333             41              5  ffce260d33380779  a31857288b0524b5
    741             17             20              0  ffce260d33380779  a6bca88e90bacd64
    742        1.66667             20              6  ffce260d33380779  a70466cbfa0d4220
    743        1.66667             15              0  ffce260d33380779  a88cf48be292b45e
    744        23.3333            280             57  ffce260d33380779  aa17e7df205ef181
    745        43.3333            310            110  ffce260d33380779  ab38fc440a001e7b
    746        140.333            546             11  ffce260d33380779  afd0583abc14f1fe
    747        118.667           1099            208  ffce260d33380779  affc9778459f5c2e
    748        5577.33          35726              0  ffce260d33380779  b0e50dc922da1d40
    749        770.333            720              1  ffce260d33380779  b29734f83faf44a7
    750        3504.66           2631            297  ffce260d33380779  b6894332e3779982
    751        104.333             82              8  ffce260d33380779  b960ff57ad589479
    752        68.6666             28              1  ffce260d33380779  bb171d65ab8e66fc
    753        3686.33          43724            220  ffce260d33380779  bc10b0cdad346336
    754        7647.66           5789            436  ffce260d33380779  bc1a086b23ca89f8
    755        3.33333             35              0  ffce260d33380779  bd1b8430af16f3ad
    756        11.6667            110             10  ffce260d33380779  bd90182bcf58a743
    757        13842.3          88113            220  ffce260d33380779  c0ce510efeee584e
    758        16.6666            164             10  ffce260d33380779  c239cfc5bbf04ed7
    759        11065.7         116998            220  ffce260d33380779  c3d46f3c38584b04
    760            131            290             57  ffce260d33380779  c83692ff3c66750d
    761          17924         171034           1501  ffce260d33380779  c8f530fd3c5c3acf
    762        10508.3          33483            220  ffce260d33380779  cb1f15ab29fe5dbe
    763        77.9999            389            130  ffce260d33380779  cb925c6cb6584e17
    764        89369.2         102159           2700  ffce260d33380779  ccb329348594fe6e
    765        3.33333             30              0  ffce260d33380779  ccf0d54c41c03d6e
    766        23.3333            147             57  ffce260d33380779  cec4e7a4e301c12b
    767          11967           8861            226  ffce260d33380779  cfc3e3c8d67c32c4
    768        752.666            468              0  ffce260d33380779  d21022459163a498
    769        1.66667             11              5  ffce260d33380779  d309dab6688c151e
    770        83.3333            524              0  ffce260d33380779  d3be280217c336e4
    771         333394         330463           4127  ffce260d33380779  d411fa2108e50e79
    772             27            137              8  ffce260d33380779  d483c096589cd638
    773            102            658              0  ffce260d33380779  d4d0287c79d2fdc1
    774        8.66666             38              6  ffce260d33380779  d5d9fbfd174319ca
    775        2.33333             19              5  ffce260d33380779  d846ae1668d87b30
    776        6.99999             44              5  ffce260d33380779  daff89ff3c6f27c1
    777              5             35              6  ffce260d33380779  dba666fc05aeef22
    778        8630.32           7432            130  ffce260d33380779  ddf6228949f54a07
    779        1172.33            474              5  ffce260d33380779  e5a614a4ad289c33
    780        11.6667            125              7  ffce260d33380779  e5b4ca8bb7cda365
    781        2.66666             27              0  ffce260d33380779  eb6ce7cfb9a07111
    782        8.33332             24              5  ffce260d33380779  eff9754dc617d91d
    783        308.333             25              0  ffce260d33380779  f345ed0a5bdb40ef
    784        55.6666            280             57  ffce260d33380779  f3f4ea0cd82ddb9b
    785           3619          43428            220  ffce260d33380779  f78ec9146cb8d737
    786        93.3332            980             72  ffce260d33380779  f80c1355e9cf68b0
    787        8361.66           3811            110  ffce260d33380779  f9ca5a0d04dae72b
    788        88937.2         261568           3597  ffce260d33380779  fb8d9f8ad038eff2
    789        5022.66          35751            220  ffce260d33380779  fdb4e7da2ccebd09
    790        1.66667             20              1  ffce260d33380779  fdf3bfae6cdf8648
    791        3630.33          23756              0  ffce260d33380779  fe28eefdfa1c7c6b
    792        43.3333            292              0  ffce260d33380779  ff85009cd192a13d
