============================================================
Thread 0
  BBLID       Time(ns)    Instruction  Memory Access          Hash(hi)          Hash(lo)
      0          33062              3          13158  0000000000000000  0000000000000000
      1          15577           4948             16  0000000000000001  0000000000000001
      2         967084         302702          12379  088f2dd79f2b6b3b  004693ccd5153e21
      3           1488            331             26  0d7c702adeba68b0  0ca07d2ef4b7896c
      4            373             50              6  0ee541192f5e1fac  bac04b62a4e1a502
      5          18093           5082            220  24625a002a73f09a  1703089551e4db37
      6          13788           6053             73  2b9620fa6d7ced34  8b8d30d8d3c98769
      7           9400           3718             78  2ffb6bf2c0b05f55  5cb1f6e3cf0b15d9
      8           3991           1430             35  58ec2efa4130e1e4  5b1320b63da2556c
      9           4369           1031             55  6a383e2c9a861969  412dfc75f95d7d8f
     10    1.24443e+07        3456408          83517  6ac1ca4e11a5dfc8  477fde60b58e4524
     11           7892           2000             78  83a6cf791a413035  56ecdec7a500b0ad
     12         787046         105059           5077  8d4073c2ec89499d  e856bd06d1a58289
     13          18333           4932            229  94e9088d31c55e2b  d1a1a9b7df86d214
     14           1999            198              0  956a14055c3755fc  9581cae376e0be7e
     15              0              0            956  9b1bbce6343b2b13  8f613bb95e4bc330
     16          11197           1957            170  a680d4defa9fb1eb  4e10002ef116e1b2
     17          73730          21422            419  a70f3db9ea1ed503  6da3075b6e7dce12
     18    3.40856e+06        1426242           8531  be4164d9352c097e  abf5161babc65450
     19           5806           2642             46  becce515d969c14c  79c313133b6ae51e
     20    7.26903e+08       61708696        7810503  c715cc4af0a09a81  9d1b025580fe2134
     21          74493          36062            323  ed8779112a4c4236  26ef98170f8e76cc
     22          40929          13923              1  ef966cef255cd38c  fd92c3c76f8145f1
     23           6335            360             17  f527ee13c73f1c50  08e93c3c61f809bc
     24           7609           1400            120  fee3024c270d88c4  b829e31f72f7482c
============================================================
Thread 1
  BBLID       Time(ns)    Instruction  Memory Access          Hash(hi)          Hash(lo)
      0    1.07095e+06         385720           7583  0000000000000000  0000000000000000
      2         961292         301996          12158  088f2dd79f2b6b3b  004693ccd5153e21
     10    1.23933e+07        3456432          82141  6ac1ca4e11a5dfc8  477fde60b58e4524
     17          73448          21425            433  a70f3db9ea1ed503  6da3075b6e7dce12
     20    7.26892e+08       61910455        7721015  c715cc4af0a09a81  9d1b025580fe2134
============================================================
Thread 2
  BBLID       Time(ns)    Instruction  Memory Access          Hash(hi)          Hash(lo)
      0         945070         367749           4032  0000000000000000  0000000000000000
      2         961037         302016          12166  088f2dd79f2b6b3b  004693ccd5153e21
     10    1.24077e+07        3456432          82255  6ac1ca4e11a5dfc8  477fde60b58e4524
     17         157748          21425           3652  a70f3db9ea1ed503  6da3075b6e7dce12
     20    7.26889e+08       61332581        7678530  c715cc4af0a09a81  9d1b025580fe2134
     23           1550             72              3  f527ee13c73f1c50  08e93c3c61f809bc
============================================================
Thread 3
  BBLID       Time(ns)    Instruction  Memory Access          Hash(hi)          Hash(lo)
      0         944671         367032           2894  0000000000000000  0000000000000000
      2         961719         302016          12103  088f2dd79f2b6b3b  004693ccd5153e21
     10    1.24156e+07        3456432          83729  6ac1ca4e11a5dfc8  477fde60b58e4524
     17         157395          21425           3638  a70f3db9ea1ed503  6da3075b6e7dce12
     20    7.26886e+08       60401084        7733404  c715cc4af0a09a81  9d1b025580fe2134
============================================================
Thread 4
  BBLID       Time(ns)    Instruction  Memory Access          Hash(hi)          Hash(lo)
      0    1.08729e+06         388855           4102  0000000000000000  0000000000000000
      2         960921         301996          12208  088f2dd79f2b6b3b  004693ccd5153e21
     10    1.23597e+07        3456432          82382  6ac1ca4e11a5dfc8  477fde60b58e4524
     17          72959          21425           3716  a70f3db9ea1ed503  6da3075b6e7dce12
     20    7.26881e+08       62348004        7780930  c715cc4af0a09a81  9d1b025580fe2134
     23           2592            144              8  f527ee13c73f1c50  08e93c3c61f809bc
============================================================
Thread 5
  BBLID       Time(ns)    Instruction  Memory Access          Hash(hi)          Hash(lo)
      0    1.01713e+06         400932           2954  0000000000000000  0000000000000000
      2         951641         301142          12013  088f2dd79f2b6b3b  004693ccd5153e21
     10     1.2347e+07        3456432          83623  6ac1ca4e11a5dfc8  477fde60b58e4524
     17         162138          21425           3889  a70f3db9ea1ed503  6da3075b6e7dce12
     20    7.26879e+08       62171810        7719824  c715cc4af0a09a81  9d1b025580fe2134
============================================================
Thread 6
  BBLID       Time(ns)    Instruction  Memory Access          Hash(hi)          Hash(lo)
      0     1.0325e+06         364949           7071  0000000000000000  0000000000000000
      2         953098         301142          12025  088f2dd79f2b6b3b  004693ccd5153e21
     10     1.2414e+07        3456432          82524  6ac1ca4e11a5dfc8  477fde60b58e4524
     17          74153          21425            433  a70f3db9ea1ed503  6da3075b6e7dce12
     20    7.26884e+08       62051585        7724685  c715cc4af0a09a81  9d1b025580fe2134
     23           1611             72              3  f527ee13c73f1c50  08e93c3c61f809bc
============================================================
Thread 7
  BBLID       Time(ns)    Instruction  Memory Access          Hash(hi)          Hash(lo)
      0    1.01228e+06         360843           6849  0000000000000000  0000000000000000
      2         961641         301996          12160  088f2dd79f2b6b3b  004693ccd5153e21
     10    1.24327e+07        3456432          82856  6ac1ca4e11a5dfc8  477fde60b58e4524
     17          73361          21425            437  a70f3db9ea1ed503  6da3075b6e7dce12
     20    7.26882e+08       61884921        7716753  c715cc4af0a09a81  9d1b025580fe2134
============================================================
Thread 8
  BBLID       Time(ns)    Instruction  Memory Access          Hash(hi)          Hash(lo)
      0         936355         356511           2702  0000000000000000  0000000000000000
      2         953634         301142          12018  088f2dd79f2b6b3b  004693ccd5153e21
     10     1.2426e+07        3456432          83683  6ac1ca4e11a5dfc8  477fde60b58e4524
     17         162375          21425           3886  a70f3db9ea1ed503  6da3075b6e7dce12
     20    7.26885e+08       61587123        7794482  c715cc4af0a09a81  9d1b025580fe2134
     23           3943            216              0  f527ee13c73f1c50  08e93c3c61f809bc
============================================================
Thread 9
  BBLID       Time(ns)    Instruction  Memory Access          Hash(hi)          Hash(lo)
      0         958517         372538           3785  0000000000000000  0000000000000000
      2         953824         301142          12045  088f2dd79f2b6b3b  004693ccd5153e21
     10    1.23957e+07        3456432          82199  6ac1ca4e11a5dfc8  477fde60b58e4524
     17         167725          21425           4020  a70f3db9ea1ed503  6da3075b6e7dce12
     20    7.26883e+08       60985996        7707239  c715cc4af0a09a81  9d1b025580fe2134
============================================================
Thread 10
  BBLID       Time(ns)    Instruction  Memory Access          Hash(hi)          Hash(lo)
      0    1.02376e+06         365069           3627  0000000000000000  0000000000000000
      2         961827         301996          12189  088f2dd79f2b6b3b  004693ccd5153e21
     10    1.24137e+07        3456432          82490  6ac1ca4e11a5dfc8  477fde60b58e4524
     17          73081          21425           3706  a70f3db9ea1ed503  6da3075b6e7dce12
     20    7.26887e+08       61349258        7683210  c715cc4af0a09a81  9d1b025580fe2134
     23           1576             72             13  f527ee13c73f1c50  08e93c3c61f809bc
============================================================
Thread 11
  BBLID       Time(ns)    Instruction  Memory Access          Hash(hi)          Hash(lo)
      0         947808         366980           3762  0000000000000000  0000000000000000
      2         961775         302016          12149  088f2dd79f2b6b3b  004693ccd5153e21
     10    1.24074e+07        3456432          82391  6ac1ca4e11a5dfc8  477fde60b58e4524
     17         160191          21425           3891  a70f3db9ea1ed503  6da3075b6e7dce12
     20    7.26886e+08       61575088        7684980  c715cc4af0a09a81  9d1b025580fe2134
============================================================
Thread 12
  BBLID       Time(ns)    Instruction  Memory Access          Hash(hi)          Hash(lo)
      0         936927         356506           2590  0000000000000000  0000000000000000
      2         959175         302016          12090  088f2dd79f2b6b3b  004693ccd5153e21
     10    1.24249e+07        3456432          83387  6ac1ca4e11a5dfc8  477fde60b58e4524
     17         161187          21425           3878  a70f3db9ea1ed503  6da3075b6e7dce12
     20    7.26884e+08       60532919        7768335  c715cc4af0a09a81  9d1b025580fe2134
     23           3230            144              6  f527ee13c73f1c50  08e93c3c61f809bc
============================================================
Thread 13
  BBLID       Time(ns)    Instruction  Memory Access          Hash(hi)          Hash(lo)
      0    1.08315e+06         393649           4345  0000000000000000  0000000000000000
      2         958942         301996          12162  088f2dd79f2b6b3b  004693ccd5153e21
     10    1.23607e+07        3456432          81787  6ac1ca4e11a5dfc8  477fde60b58e4524
     17          73211          21425           3630  a70f3db9ea1ed503  6da3075b6e7dce12
     20    7.26886e+08       62025194        7655416  c715cc4af0a09a81  9d1b025580fe2134
============================================================
Thread 14
  BBLID       Time(ns)    Instruction  Memory Access          Hash(hi)          Hash(lo)
      0     1.0332e+06         368587           3163  0000000000000000  0000000000000000
      2         960803         301996          12179  088f2dd79f2b6b3b  004693ccd5153e21
     10    1.24087e+07        3456432          82590  6ac1ca4e11a5dfc8  477fde60b58e4524
     17          73278          21425           3628  a70f3db9ea1ed503  6da3075b6e7dce12
     20    7.26886e+08       61949761        7660940  c715cc4af0a09a81  9d1b025580fe2134
     23           1649             72              6  f527ee13c73f1c50  08e93c3c61f809bc
============================================================
Thread 15
  BBLID       Time(ns)    Instruction  Memory Access          Hash(hi)          Hash(lo)
      0         937421         362420           2418  0000000000000000  0000000000000000
      2         962565         302016          12182  088f2dd79f2b6b3b  004693ccd5153e21
     10    1.24155e+07        3456432          83651  6ac1ca4e11a5dfc8  477fde60b58e4524
     17         161073          21425           3888  a70f3db9ea1ed503  6da3075b6e7dce12
     20     7.2689e+08       60791703        7689893  c715cc4af0a09a81  9d1b025580fe2134
============================================================
Thread 16
  BBLID       Time(ns)    Instruction  Memory Access          Hash(hi)          Hash(lo)
      0    1.02943e+06         400055           3837  0000000000000000  0000000000000000
      2         953219         301142          12106  088f2dd79f2b6b3b  004693ccd5153e21
     10    1.23336e+07        3456432          82177  6ac1ca4e11a5dfc8  477fde60b58e4524
     17         162527          21425           3932  a70f3db9ea1ed503  6da3075b6e7dce12
     20    7.26885e+08       61891342        7766615  c715cc4af0a09a81  9d1b025580fe2134
     23           5079            288              6  f527ee13c73f1c50  08e93c3c61f809bc
============================================================
Thread 17
  BBLID       Time(ns)    Instruction  Memory Access          Hash(hi)          Hash(lo)
      0    1.09167e+06         435118           4853  0000000000000000  0000000000000000
      2         953538         301142          12101  088f2dd79f2b6b3b  004693ccd5153e21
     10    1.22599e+07        3456432          81209  6ac1ca4e11a5dfc8  477fde60b58e4524
     17         162209          21425           3936  a70f3db9ea1ed503  6da3075b6e7dce12
     20    7.26891e+08       62261697        7692129  c715cc4af0a09a81  9d1b025580fe2134
============================================================
Thread 18
  BBLID       Time(ns)    Instruction  Memory Access          Hash(hi)          Hash(lo)
      0    1.36732e+06         526093           3847  0000000000000000  0000000000000000
      2         961617         301996          12251  088f2dd79f2b6b3b  004693ccd5153e21
     10    1.20631e+07        3456432          82404  6ac1ca4e11a5dfc8  477fde60b58e4524
     17          73569          21425           3718  a70f3db9ea1ed503  6da3075b6e7dce12
     20    7.26893e+08       60975830        7717749  c715cc4af0a09a81  9d1b025580fe2134
     23           1649             72             11  f527ee13c73f1c50  08e93c3c61f809bc
============================================================
Thread 19
  BBLID       Time(ns)    Instruction  Memory Access          Hash(hi)          Hash(lo)
      0    1.42393e+06         554066           6477  0000000000000000  0000000000000000
      2         960650         301996          12208  088f2dd79f2b6b3b  004693ccd5153e21
     10    1.20102e+07        3456432          79639  6ac1ca4e11a5dfc8  477fde60b58e4524
     17          73481          21425           3715  a70f3db9ea1ed503  6da3075b6e7dce12
     20    7.26895e+08       62168537        7662604  c715cc4af0a09a81  9d1b025580fe2134
============================================================
Thread 20
  BBLID       Time(ns)    Instruction  Memory Access          Hash(hi)          Hash(lo)
      0    1.37752e+06         561406           3790  0000000000000000  0000000000000000
      2         952949         301142          12113  088f2dd79f2b6b3b  004693ccd5153e21
     10    1.19784e+07        3456432          82230  6ac1ca4e11a5dfc8  477fde60b58e4524
     17         162610          21425           3911  a70f3db9ea1ed503  6da3075b6e7dce12
     20    7.26888e+08       62102552        7804244  c715cc4af0a09a81  9d1b025580fe2134
     23           2721            144              6  f527ee13c73f1c50  08e93c3c61f809bc
============================================================
Thread 21
  BBLID       Time(ns)    Instruction  Memory Access          Hash(hi)          Hash(lo)
      0    1.31823e+06         537624           3754  0000000000000000  0000000000000000
      2         953021         301142          12120  088f2dd79f2b6b3b  004693ccd5153e21
     10    1.20345e+07        3456432          82510  6ac1ca4e11a5dfc8  477fde60b58e4524
     17         161770          21425           3880  a70f3db9ea1ed503  6da3075b6e7dce12
     20    7.26886e+08       61901007        7692062  c715cc4af0a09a81  9d1b025580fe2134
============================================================
Thread 22
  BBLID       Time(ns)    Instruction  Memory Access          Hash(hi)          Hash(lo)
      0    1.36735e+06         563712           6650  0000000000000000  0000000000000000
      2         952261         301142          12075  088f2dd79f2b6b3b  004693ccd5153e21
     10    1.19831e+07        3456432          79429  6ac1ca4e11a5dfc8  477fde60b58e4524
     17         162037          21425           3892  a70f3db9ea1ed503  6da3075b6e7dce12
     20     7.2689e+08       62087890        7702686  c715cc4af0a09a81  9d1b025580fe2134
     23           1598             72              6  f527ee13c73f1c50  08e93c3c61f809bc
============================================================
Thread 23
  BBLID       Time(ns)    Instruction  Memory Access          Hash(hi)          Hash(lo)
      0    1.30642e+06         532317           5453  0000000000000000  0000000000000000
      2         953365         301142          12094  088f2dd79f2b6b3b  004693ccd5153e21
     10    1.20481e+07        3456432          80860  6ac1ca4e11a5dfc8  477fde60b58e4524
     17         162625          21425           3917  a70f3db9ea1ed503  6da3075b6e7dce12
     20    7.26888e+08       60720715        7668064  c715cc4af0a09a81  9d1b025580fe2134
============================================================
Thread 24
  BBLID       Time(ns)    Instruction  Memory Access          Hash(hi)          Hash(lo)
      0    1.32783e+06         537319           5742  0000000000000000  0000000000000000
      2         953719         301142          12124  088f2dd79f2b6b3b  004693ccd5153e21
     10    1.20282e+07        3456432          80202  6ac1ca4e11a5dfc8  477fde60b58e4524
     17         162371          21425           3891  a70f3db9ea1ed503  6da3075b6e7dce12
     20    7.26888e+08       61395246        7783374  c715cc4af0a09a81  9d1b025580fe2134
     23           3996            216             10  f527ee13c73f1c50  08e93c3c61f809bc
============================================================
Thread 25
  BBLID       Time(ns)    Instruction  Memory Access          Hash(hi)          Hash(lo)
      0    1.30818e+06         532847           3883  0000000000000000  0000000000000000
      2         952882         301142          12093  088f2dd79f2b6b3b  004693ccd5153e21
     10    1.20468e+07        3456432          82477  6ac1ca4e11a5dfc8  477fde60b58e4524
     17         161929          21425           3884  a70f3db9ea1ed503  6da3075b6e7dce12
     20    7.26887e+08       61923583        7709328  c715cc4af0a09a81  9d1b025580fe2134
============================================================
Thread 26
  BBLID       Time(ns)    Instruction  Memory Access          Hash(hi)          Hash(lo)
      0    1.31504e+06         536618           3927  0000000000000000  0000000000000000
      2         953518         301142          12097  088f2dd79f2b6b3b  004693ccd5153e21
     10    1.20377e+07        3456432          82376  6ac1ca4e11a5dfc8  477fde60b58e4524
     17         161672          21425           3907  a70f3db9ea1ed503  6da3075b6e7dce12
     20     7.2689e+08       61310737        7695714  c715cc4af0a09a81  9d1b025580fe2134
     23           1565             72             10  f527ee13c73f1c50  08e93c3c61f809bc
============================================================
Thread 27
  BBLID       Time(ns)    Instruction  Memory Access          Hash(hi)          Hash(lo)
      0    1.44233e+06         559949           7642  0000000000000000  0000000000000000
      2         960791         301996          12229  088f2dd79f2b6b3b  004693ccd5153e21
     10    1.19964e+07        3456432          82006  6ac1ca4e11a5dfc8  477fde60b58e4524
     17          73013          21425            405  a70f3db9ea1ed503  6da3075b6e7dce12
     20    7.26889e+08       62237157        7706744  c715cc4af0a09a81  9d1b025580fe2134
============================================================
Thread 28
  BBLID       Time(ns)    Instruction  Memory Access          Hash(hi)          Hash(lo)
      0     1.3107e+06         528662           2661  0000000000000000  0000000000000000
      2         953268         301142          12094  088f2dd79f2b6b3b  004693ccd5153e21
     10    1.20506e+07        3456432          83389  6ac1ca4e11a5dfc8  477fde60b58e4524
     17         162525          21425           3927  a70f3db9ea1ed503  6da3075b6e7dce12
     20    7.26887e+08       60894949        7792315  c715cc4af0a09a81  9d1b025580fe2134
     23           2782            144              8  f527ee13c73f1c50  08e93c3c61f809bc
============================================================
Thread 29
  BBLID       Time(ns)    Instruction  Memory Access          Hash(hi)          Hash(lo)
      0    1.31824e+06         537912           4010  0000000000000000  0000000000000000
      2         953286         301142          12082  088f2dd79f2b6b3b  004693ccd5153e21
     10    1.20376e+07        3456432          82351  6ac1ca4e11a5dfc8  477fde60b58e4524
     17         162095          21425           3901  a70f3db9ea1ed503  6da3075b6e7dce12
     20    7.26888e+08       61184662        7676440  c715cc4af0a09a81  9d1b025580fe2134
============================================================
Thread 30
  BBLID       Time(ns)    Instruction  Memory Access          Hash(hi)          Hash(lo)
      0    1.31579e+06         538016           3565  0000000000000000  0000000000000000
      2         953059         301142          12065  088f2dd79f2b6b3b  004693ccd5153e21
     10    1.20379e+07        3456432          82632  6ac1ca4e11a5dfc8  477fde60b58e4524
     17         162586          21425           3929  a70f3db9ea1ed503  6da3075b6e7dce12
     20     7.2689e+08       61850665        7686558  c715cc4af0a09a81  9d1b025580fe2134
     23           1592             72              6  f527ee13c73f1c50  08e93c3c61f809bc
============================================================
Thread 31
  BBLID       Time(ns)    Instruction  Memory Access          Hash(hi)          Hash(lo)
      0    1.38776e+06         536619          32475  0000000000000000  0000000000000000
      2         961824         301996          12527  088f2dd79f2b6b3b  004693ccd5153e21
     10    1.20406e+07        3456328          79559  6ac1ca4e11a5dfc8  477fde60b58e4524
     17          73844          21461           3454  a70f3db9ea1ed503  6da3075b6e7dce12
     20    7.26891e+08       61214729        7696472  c715cc4af0a09a81  9d1b025580fe2134
