============================================================
ReuseSegment - Thread 0
head = 1, count = 238 | 1 5 
head = 5, count = 3 | 1 5 
head = 5, count = 55 | 3 5 
head = 1, count = 21 | 3 1 
head = 5, count = 1 | 3 1 5 
head = 3, count = 10 | 3 1 
head = 3, count = 1145 | 3 2 
head = 1, count = 11 | 2 1 
head = 3, count = 19 | 3 2 1 
head = 1, count = 15 | 3 2 1 
head = 5, count = 1 | 3 2 1 5 
head = 2, count = 1 | 2 1 
head = 1, count = 46 | 4 1 
head = 4, count = 27 | 4 1 
============================================================
BBLSwitchCount - Thread 0
from = 0 | 1:1 
from = 1 | 5:1 
from = 5 | 3:1 
from = 3 | 2:1 
from = 2 | 4:1 
from = 4 | 4:1 
