============================================================
Thread 0
  BBLID       Time(ns)    Instruction  Memory Access          Hash(hi)          Hash(lo)
      0           4857              3              0  0000000000000000  0000000000000000
      1    2.57072e+07       25165868          82529  0000000000000001  0000000000000001
      2              4              4              0  1866de6262030b62  03886e78081eb251
      3    3.48733e+07       33455736         248598  1866de6262030b62  09ecce19f53e1556
      4    1.34651e+08      134217728        8321556  1866de6262030b62  5fd01cd91143e222
      5         218440          78579           1682  1866de6262030b62  76d152a085c7cf07
      6             59              8              1  1866de6262030b62  e83e4df8b17d24ae
      7             49              5              1  1866de6262030b62  e94213bae3341c66
      8              9              6              0  1866de6262030b62  ea784faa8ccb6ee3
      9             61             10              1  48684ec8bfd97ded  34112a0ea8b5f30b
     10          13088           1259            209  48684ec8bfd97ded  ccb6b37c252d44a1
     11          20893           6846            198  e2b6fe18141c73c2  2e2d57f1c5ea3765
     12    8.93585e+07        7340032         605774  e2b6fe18141c73c2  3f2d0d95ae638372
     13             55              4              0  e2b6fe18141c73c2  4f95f60c907e73e8
     14            161              7              0  e2b6fe18141c73c2  51afbe1632166904
     15    3.51488e+07       12582912         187727  e2b6fe18141c73c2  a4d3544d5ed43005
     16            781             27              0  e2b6fe18141c73c2  cd6a62d0bfbf6ae3
     17            231              9              0  e2b6fe18141c73c2  f061d403e9857552
     18    8.38861e+06        8388608          66260  e2b6fe18141c73c2  f55247acbf9b46fd
============================================================
Thread 1
  BBLID       Time(ns)    Instruction  Memory Access          Hash(hi)          Hash(lo)
      0    3.28718e+07       32635026         243269  0000000000000000  0000000000000000
     11          14516           6192             89  e2b6fe18141c73c2  2e2d57f1c5ea3765
     12    8.91501e+07        7340032         604274  e2b6fe18141c73c2  3f2d0d95ae638372
     13             55              4              0  e2b6fe18141c73c2  4f95f60c907e73e8
     14            143              7              0  e2b6fe18141c73c2  51afbe1632166904
     15    3.51498e+07       12582912         188404  e2b6fe18141c73c2  a4d3544d5ed43005
     16            791             27              0  e2b6fe18141c73c2  cd6a62d0bfbf6ae3
     17            246              9              2  e2b6fe18141c73c2  f061d403e9857552
     18    8.38861e+06        8388608          66881  e2b6fe18141c73c2  f55247acbf9b46fd
============================================================
Thread 2
  BBLID       Time(ns)    Instruction  Memory Access          Hash(hi)          Hash(lo)
      0    3.29037e+07       32656471           6710  0000000000000000  0000000000000000
     11          14590           6192             72  e2b6fe18141c73c2  2e2d57f1c5ea3765
     12    8.90924e+07        7340032         818226  e2b6fe18141c73c2  3f2d0d95ae638372
     13             71              4              1  e2b6fe18141c73c2  4f95f60c907e73e8
     14            123              7              2  e2b6fe18141c73c2  51afbe1632166904
     15      3.515e+07       12582912         275906  e2b6fe18141c73c2  a4d3544d5ed43005
     16            793             27             17  e2b6fe18141c73c2  cd6a62d0bfbf6ae3
     17            246              9              4  e2b6fe18141c73c2  f061d403e9857552
     18    8.38861e+06        8388608             83  e2b6fe18141c73c2  f55247acbf9b46fd
============================================================
Thread 3
  BBLID       Time(ns)    Instruction  Memory Access          Hash(hi)          Hash(lo)
      0     3.2989e+07       32695659         244790  0000000000000000  0000000000000000
     11          19720           7014             92  e2b6fe18141c73c2  2e2d57f1c5ea3765
     12    8.90033e+07        7340032         601097  e2b6fe18141c73c2  3f2d0d95ae638372
     13             55              4              0  e2b6fe18141c73c2  4f95f60c907e73e8
     14            159              7              0  e2b6fe18141c73c2  51afbe1632166904
     15    3.51517e+07       12582912         188161  e2b6fe18141c73c2  a4d3544d5ed43005
     16            775             27              6  e2b6fe18141c73c2  cd6a62d0bfbf6ae3
     17            250              9              3  e2b6fe18141c73c2  f061d403e9857552
     18    8.38861e+06        8388608          67085  e2b6fe18141c73c2  f55247acbf9b46fd
============================================================
Thread 4
  BBLID       Time(ns)    Instruction  Memory Access          Hash(hi)          Hash(lo)
      0    3.32843e+07       32831958         243658  0000000000000000  0000000000000000
     11          16018           6192             87  e2b6fe18141c73c2  2e2d57f1c5ea3765
     12    8.89409e+07        7340032         603502  e2b6fe18141c73c2  3f2d0d95ae638372
     13             49              4              0  e2b6fe18141c73c2  4f95f60c907e73e8
     14            161              7              2  e2b6fe18141c73c2  51afbe1632166904
     15    3.49222e+07       12582912         187010  e2b6fe18141c73c2  a4d3544d5ed43005
     16            733             27              0  e2b6fe18141c73c2  cd6a62d0bfbf6ae3
     17            168              9              0  e2b6fe18141c73c2  f061d403e9857552
     18    8.38861e+06        8388608          67360  e2b6fe18141c73c2  f55247acbf9b46fd
============================================================
Thread 5
  BBLID       Time(ns)    Instruction  Memory Access          Hash(hi)          Hash(lo)
      0    3.28629e+07       32636190         244477  0000000000000000  0000000000000000
     11          14697           6192             71  e2b6fe18141c73c2  2e2d57f1c5ea3765
     12    8.91261e+07        7340032         603390  e2b6fe18141c73c2  3f2d0d95ae638372
     13             55              4              0  e2b6fe18141c73c2  4f95f60c907e73e8
     14            184              7              1  e2b6fe18141c73c2  51afbe1632166904
     15     3.5151e+07       12582912         188147  e2b6fe18141c73c2  a4d3544d5ed43005
     16            776             27              0  e2b6fe18141c73c2  cd6a62d0bfbf6ae3
     17            246              9              5  e2b6fe18141c73c2  f061d403e9857552
     18    8.38861e+06        8388608          66908  e2b6fe18141c73c2  f55247acbf9b46fd
============================================================
Thread 6
  BBLID       Time(ns)    Instruction  Memory Access          Hash(hi)          Hash(lo)
      0    3.29385e+07       32671414         245862  0000000000000000  0000000000000000
     11          14765           6192            101  e2b6fe18141c73c2  2e2d57f1c5ea3765
     12    8.90518e+07        7340032         603342  e2b6fe18141c73c2  3f2d0d95ae638372
     13             55              4              0  e2b6fe18141c73c2  4f95f60c907e73e8
     14            139              7              0  e2b6fe18141c73c2  51afbe1632166904
     15    3.51517e+07       12582912         190234  e2b6fe18141c73c2  a4d3544d5ed43005
     16            792             27              6  e2b6fe18141c73c2  cd6a62d0bfbf6ae3
     17            246              9              1  e2b6fe18141c73c2  f061d403e9857552
     18    8.38861e+06        8388608          67145  e2b6fe18141c73c2  f55247acbf9b46fd
============================================================
Thread 7
  BBLID       Time(ns)    Instruction  Memory Access          Hash(hi)          Hash(lo)
      0    3.37838e+07       33066134            560  0000000000000000  0000000000000000
     11          14841           6192              0  e2b6fe18141c73c2  2e2d57f1c5ea3765
     12      8.908e+07        7340032              0  e2b6fe18141c73c2  3f2d0d95ae638372
     13             65              4              0  e2b6fe18141c73c2  4f95f60c907e73e8
     14            145              7              0  e2b6fe18141c73c2  51afbe1632166904
     15    3.42728e+07       12582906              0  e2b6fe18141c73c2  a4d3544d5ed43005
     16           8623            814              0  e2b6fe18141c73c2  cd6a62d0bfbf6ae3
     17            248              9              0  e2b6fe18141c73c2  f061d403e9857552
     18     8.3886e+06        8388604              0  e2b6fe18141c73c2  f55247acbf9b46fd
============================================================
Thread 8
  BBLID       Time(ns)    Instruction  Memory Access          Hash(hi)          Hash(lo)
      0              0              0             97  0000000000000000  0000000000000000
============================================================
Thread 9
  BBLID       Time(ns)    Instruction  Memory Access          Hash(hi)          Hash(lo)
      0              0              0             97  0000000000000000  0000000000000000
============================================================
Thread 10
  BBLID       Time(ns)    Instruction  Memory Access          Hash(hi)          Hash(lo)
      0              0              0             97  0000000000000000  0000000000000000
============================================================
Thread 11
  BBLID       Time(ns)    Instruction  Memory Access          Hash(hi)          Hash(lo)
      0              0              0             97  0000000000000000  0000000000000000
============================================================
Thread 12
  BBLID       Time(ns)    Instruction  Memory Access          Hash(hi)          Hash(lo)
      0              0              0             97  0000000000000000  0000000000000000
============================================================
Thread 13
  BBLID       Time(ns)    Instruction  Memory Access          Hash(hi)          Hash(lo)
      0              0              0             97  0000000000000000  0000000000000000
============================================================
Thread 14
  BBLID       Time(ns)    Instruction  Memory Access          Hash(hi)          Hash(lo)
      0              0              0             97  0000000000000000  0000000000000000
============================================================
Thread 15
  BBLID       Time(ns)    Instruction  Memory Access          Hash(hi)          Hash(lo)
      0              0              0             97  0000000000000000  0000000000000000
============================================================
Thread 16
  BBLID       Time(ns)    Instruction  Memory Access          Hash(hi)          Hash(lo)
      0              0              0             97  0000000000000000  0000000000000000
============================================================
Thread 17
  BBLID       Time(ns)    Instruction  Memory Access          Hash(hi)          Hash(lo)
      0              0              0             97  0000000000000000  0000000000000000
============================================================
Thread 18
  BBLID       Time(ns)    Instruction  Memory Access          Hash(hi)          Hash(lo)
      0              0              0             97  0000000000000000  0000000000000000
============================================================
Thread 19
  BBLID       Time(ns)    Instruction  Memory Access          Hash(hi)          Hash(lo)
      0              0              0             97  0000000000000000  0000000000000000
============================================================
Thread 20
  BBLID       Time(ns)    Instruction  Memory Access          Hash(hi)          Hash(lo)
      0              0              0             97  0000000000000000  0000000000000000
============================================================
Thread 21
  BBLID       Time(ns)    Instruction  Memory Access          Hash(hi)          Hash(lo)
      0              0              0             97  0000000000000000  0000000000000000
============================================================
Thread 22
  BBLID       Time(ns)    Instruction  Memory Access          Hash(hi)          Hash(lo)
      0              0              0             97  0000000000000000  0000000000000000
============================================================
Thread 23
  BBLID       Time(ns)    Instruction  Memory Access          Hash(hi)          Hash(lo)
      0              0              0             97  0000000000000000  0000000000000000
============================================================
Thread 24
  BBLID       Time(ns)    Instruction  Memory Access          Hash(hi)          Hash(lo)
      0              0              0             97  0000000000000000  0000000000000000
============================================================
Thread 25
  BBLID       Time(ns)    Instruction  Memory Access          Hash(hi)          Hash(lo)
      0              0              0             97  0000000000000000  0000000000000000
============================================================
Thread 26
  BBLID       Time(ns)    Instruction  Memory Access          Hash(hi)          Hash(lo)
      0              0              0             97  0000000000000000  0000000000000000
============================================================
Thread 27
  BBLID       Time(ns)    Instruction  Memory Access          Hash(hi)          Hash(lo)
      0              0              0             97  0000000000000000  0000000000000000
============================================================
Thread 28
  BBLID       Time(ns)    Instruction  Memory Access          Hash(hi)          Hash(lo)
      0              0              0             97  0000000000000000  0000000000000000
============================================================
Thread 29
  BBLID       Time(ns)    Instruction  Memory Access          Hash(hi)          Hash(lo)
      0              0              0             97  0000000000000000  0000000000000000
============================================================
Thread 30
  BBLID       Time(ns)    Instruction  Memory Access          Hash(hi)          Hash(lo)
      0              0              0             97  0000000000000000  0000000000000000
============================================================
Thread 31
  BBLID       Time(ns)    Instruction  Memory Access          Hash(hi)          Hash(lo)
      0              0              0        1110169  0000000000000000  0000000000000000
