============================================================
ReuseSegment - Thread 0
head = 5, count = 1 | 5 10 
head = 10, count = 67 | 5 10 
head = 5, count = 2 | 5 4 
head = 5, count = 1 | 5 8 
head = 3, count = 1 | 3 17 
head = 3, count = 67 | 3 11 
head = 17, count = 1 | 11 17 
head = 16, count = 1 | 3 16 
============================================================
ReuseSegment - Thread 1
head = 0, count = 1 | 17 0 
head = 0, count = 18 | 11 0 
head = 17, count = 1 | 17 11 
head = 16, count = 1 | 16 0 
============================================================
ReuseSegment - Thread 2
head = 0, count = 1 | 17 0 
head = 0, count = 37 | 11 0 
head = 17, count = 1 | 17 11 
head = 14, count = 1 | 14 12 
head = 16, count = 1 | 16 0 
============================================================
ReuseSegment - Thread 3
head = 0, count = 1 | 17 0 
head = 0, count = 18 | 11 0 
head = 17, count = 1 | 17 11 
head = 16, count = 1 | 16 0 
============================================================
ReuseSegment - Thread 4
head = 0, count = 1 | 17 0 
head = 0, count = 20 | 11 0 
head = 17, count = 1 | 17 11 
head = 16, count = 1 | 16 0 
============================================================
ReuseSegment - Thread 5
head = 0, count = 1 | 17 0 
head = 0, count = 17 | 11 0 
head = 17, count = 1 | 17 11 
head = 16, count = 1 | 16 0 
============================================================
ReuseSegment - Thread 6
head = 0, count = 1 | 17 0 
head = 17, count = 1 | 17 11 
head = 0, count = 16 | 11 0 
head = 16, count = 1 | 16 0 
============================================================
ReuseSegment - Thread 7
head = 0, count = 1 | 17 0 
head = 0, count = 17 | 11 0 
head = 17, count = 1 | 17 11 
head = 16, count = 22 | 16 0 
============================================================
ReuseSegment - Thread 8
============================================================
ReuseSegment - Thread 9
============================================================
ReuseSegment - Thread 10
============================================================
ReuseSegment - Thread 11
============================================================
ReuseSegment - Thread 12
============================================================
ReuseSegment - Thread 13
============================================================
ReuseSegment - Thread 14
============================================================
ReuseSegment - Thread 15
============================================================
ReuseSegment - Thread 16
============================================================
ReuseSegment - Thread 17
============================================================
ReuseSegment - Thread 18
============================================================
ReuseSegment - Thread 19
============================================================
ReuseSegment - Thread 20
============================================================
ReuseSegment - Thread 21
============================================================
ReuseSegment - Thread 22
============================================================
ReuseSegment - Thread 23
============================================================
ReuseSegment - Thread 24
============================================================
ReuseSegment - Thread 25
============================================================
ReuseSegment - Thread 26
============================================================
ReuseSegment - Thread 27
============================================================
ReuseSegment - Thread 28
============================================================
ReuseSegment - Thread 29
============================================================
ReuseSegment - Thread 30
============================================================
ReuseSegment - Thread 31
============================================================
BBLSwitchCount - Thread 0
from = 0 | 1:1 
from = 1 | 0:1 5:1 8:1 7:1 6:1 4:4194304 2:1 3:1 
from = 5 | 1:1 10:1 9:1 
from = 10 | 5:1 
from = 9 | 5:1 
from = 8 | 1:1 
from = 7 | 1:1 
from = 6 | 1:1 
from = 4 | 1:4194304 
from = 2 | 1:1 
from = 3 | 1:1 17:1 11:1 14:1 15:2097152 12:1048576 18:2097152 16:1 13:1 
from = 17 | 3:1 
from = 11 | 3:1 
from = 14 | 3:1 
from = 15 | 3:2097152 
from = 12 | 3:1048576 
from = 18 | 3:2097152 
from = 16 | 3:1 
from = 13 | 3:1 
============================================================
BBLSwitchCount - Thread 1
from = 0 | 17:1 11:1 14:1 15:2097152 12:1048576 18:2097152 16:1 13:1 
from = 17 | 0:1 
from = 11 | 0:1 
from = 14 | 0:1 
from = 15 | 0:2097152 
from = 12 | 0:1048576 
from = 18 | 0:2097152 
from = 16 | 0:1 
from = 13 | 0:1 
============================================================
BBLSwitchCount - Thread 2
from = 0 | 17:1 11:1 14:1 15:2097152 12:1048576 18:2097152 16:1 13:1 
from = 17 | 0:1 
from = 11 | 0:1 
from = 14 | 0:1 
from = 15 | 0:2097152 
from = 12 | 0:1048576 
from = 18 | 0:2097152 
from = 16 | 0:1 
from = 13 | 0:1 
============================================================
BBLSwitchCount - Thread 3
from = 0 | 17:1 11:1 14:1 15:2097152 12:1048576 18:2097152 16:1 13:1 
from = 17 | 0:1 
from = 11 | 0:1 
from = 14 | 0:1 
from = 15 | 0:2097152 
from = 12 | 0:1048576 
from = 18 | 0:2097152 
from = 16 | 0:1 
from = 13 | 0:1 
============================================================
BBLSwitchCount - Thread 4
from = 0 | 17:1 11:1 14:1 15:2097152 12:1048576 18:2097152 16:1 13:1 
from = 17 | 0:1 
from = 11 | 0:1 
from = 14 | 0:1 
from = 15 | 0:2097152 
from = 12 | 0:1048576 
from = 18 | 0:2097152 
from = 16 | 0:1 
from = 13 | 0:1 
============================================================
BBLSwitchCount - Thread 5
from = 0 | 17:1 11:1 14:1 15:2097152 12:1048576 18:2097152 16:1 13:1 
from = 17 | 0:1 
from = 11 | 0:1 
from = 14 | 0:1 
from = 15 | 0:2097152 
from = 12 | 0:1048576 
from = 18 | 0:2097152 
from = 16 | 0:1 
from = 13 | 0:1 
============================================================
BBLSwitchCount - Thread 6
from = 0 | 17:1 11:1 14:1 15:2097152 12:1048576 18:2097152 16:1 13:1 
from = 17 | 0:1 
from = 11 | 0:1 
from = 14 | 0:1 
from = 15 | 0:2097152 
from = 12 | 0:1048576 
from = 18 | 0:2097152 
from = 16 | 0:1 
from = 13 | 0:1 
============================================================
BBLSwitchCount - Thread 7
from = 0 | 17:1 11:1 14:1 15:2097151 12:1048576 18:2097151 16:1 13:1 
from = 17 | 0:1 
from = 11 | 0:1 
from = 14 | 0:1 
from = 15 | 0:2097151 
from = 12 | 0:1048576 
from = 18 | 0:2097151 
from = 16 | 0:1 
from = 13 | 0:1 
============================================================
BBLSwitchCount - Thread 8
============================================================
BBLSwitchCount - Thread 9
============================================================
BBLSwitchCount - Thread 10
============================================================
BBLSwitchCount - Thread 11
============================================================
BBLSwitchCount - Thread 12
============================================================
BBLSwitchCount - Thread 13
============================================================
BBLSwitchCount - Thread 14
============================================================
BBLSwitchCount - Thread 15
============================================================
BBLSwitchCount - Thread 16
============================================================
BBLSwitchCount - Thread 17
============================================================
BBLSwitchCount - Thread 18
============================================================
BBLSwitchCount - Thread 19
============================================================
BBLSwitchCount - Thread 20
============================================================
BBLSwitchCount - Thread 21
============================================================
BBLSwitchCount - Thread 22
============================================================
BBLSwitchCount - Thread 23
============================================================
BBLSwitchCount - Thread 24
============================================================
BBLSwitchCount - Thread 25
============================================================
BBLSwitchCount - Thread 26
============================================================
BBLSwitchCount - Thread 27
============================================================
BBLSwitchCount - Thread 28
============================================================
BBLSwitchCount - Thread 29
============================================================
BBLSwitchCount - Thread 30
============================================================
BBLSwitchCount - Thread 31
