============================================================
ReuseSegment - Thread 0
head = 0, count = 108 | 0 179 
head = 179, count = 1 | 179 284 
head = 179, count = 5 | 179 1 
head = 0, count = 1 | 0 341 
head = 341, count = 1 | 341 332 
head = 179, count = 21 | 179 349 
head = 332, count = 1 | 332 349 
head = 349, count = 1 | 349 331 
head = 349, count = 10 | 1 349 
head = 349, count = 1 | 349 86 
head = 1, count = 1 | 1 82 
head = 82, count = 1 | 82 80 
head = 86, count = 1 | 86 80 
head = 80, count = 1 | 80 99 
head = 179, count = 1 | 179 99 
head = 80, count = 1 | 1 80 99 
head = 179, count = 2 | 179 40 
head = 349, count = 1 | 349 61 
head = 61, count = 1 | 61 46 
head = 40, count = 1 | 40 46 
head = 46, count = 2 | 46 59 
head = 1, count = 1 | 1 59 
head = 179, count = 1 | 179 59 
head = 0, count = 1 | 0 59 
head = 349, count = 2 | 349 59 
head = 59, count = 1 | 1 59 
head = 0, count = 46 | 0 1 
head = 59, count = 2 | 59 53 
head = 1, count = 2 | 1 53 
head = 349, count = 1 | 349 53 
head = 349, count = 1 | 349 304 
head = 1, count = 24 | 1 304 
head = 0, count = 2 | 0 304 
head = 304, count = 8 | 304 289 
head = 289, count = 4 | 289 321 
head = 304, count = 21 | 304 321 
head = 179, count = 1 | 179 321 
head = 1, count = 37 | 1 321 
head = 0, count = 2 | 0 321 
head = 321, count = 56 | 1 321 
head = 289, count = 4 | 1 289 
head = 53, count = 1 | 1 53 321 
head = 321, count = 8 | 1 321 312 
head = 1, count = 18 | 1 305 
head = 312, count = 8 | 312 314 
head = 305, count = 16 | 305 314 
head = 305, count = 6 | 1 305 
head = 1, count = 5 | 1 231 
head = 231, count = 5 | 231 227 
head = 227, count = 4 | 227 224 
head = 321, count = 26 | 321 224 
head = 304, count = 1 | 304 224 
head = 0, count = 1 | 0 224 
head = 1, count = 16 | 1 224 
head = 314, count = 5 | 314 224 
head = 224, count = 1 | 224 234 
head = 234, count = 1 | 226 234 
head = 226, count = 5 | 226 225 
head = 314, count = 4 | 226 225 314 234 
head = 59, count = 1 | 59 235 314 231 
head = 1, count = 1 | 1 65 
head = 224, count = 21 | 224 65 
head = 224, count = 1 | 1 235 224 65 
head = 0, count = 6 | 0 65 
head = 321, count = 1 | 1 321 305 65 
head = 53, count = 1 | 53 321 65 
head = 0, count = 1 | 0 1 224 65 
head = 349, count = 1 | 349 54 
head = 53, count = 1 | 53 321 44 54 
head = 65, count = 1 | 65 54 
head = 54, count = 1 | 1 54 
head = 65, count = 4 | 1 65 
head = 54, count = 1 | 54 27 
head = 1, count = 2 | 1 27 
head = 305, count = 1 | 305 27 
head = 53, count = 1 | 53 321 31 27 
head = 321, count = 7 | 1 321 305 314 
head = 65, count = 1 | 304 65 
head = 304, count = 14 | 304 302 
head = 302, count = 8 | 302 71 
head = 225, count = 3 | 225 298 71 
head = 71, count = 10 | 302 71 
head = 65, count = 17 | 65 302 
head = 224, count = 5 | 224 302 
head = 321, count = 2 | 321 302 
head = 304, count = 1 | 304 289 302 
head = 71, count = 8 | 302 71 70 
head = 179, count = 1 | 179 302 
head = 302, count = 23 | 1 302 
head = 1, count = 8 | 1 295 
head = 295, count = 8 | 295 288 
head = 288, count = 8 | 288 306 
head = 1, count = 6 | 1 291 
head = 54, count = 1 | 304 54 302 71 69 293 291 
head = 291, count = 8 | 291 292 
head = 306, count = 6 | 306 290 291 292 300 
head = 291, count = 6 | 289 291 
head = 302, count = 4 | 289 302 
head = 302, count = 7 | 321 302 
head = 65, count = 2 | 321 65 
head = 300, count = 3 | 321 300 319 
head = 224, count = 5 | 1 224 
head = 226, count = 2 | 1 226 
head = 65, count = 1 | 224 65 
head = 225, count = 1 | 225 228 
head = 228, count = 9 | 228 233 
head = 233, count = 15 | 230 233 
head = 225, count = 1 | 230 225 228 
head = 305, count = 1 | 230 305 233 
head = 224, count = 3 | 1 224 229 
head = 224, count = 6 | 224 229 
head = 230, count = 4 | 230 229 
head = 1, count = 3 | 1 229 
head = 1, count = 3 | 1 224 229 
head = 235, count = 2 | 235 314 231 
head = 1, count = 1 | 1 38 
head = 321, count = 1 | 1 321 305 38 
head = 27, count = 1 | 321 27 38 
head = 229, count = 2 | 229 38 
head = 349, count = 2 | 349 50 
head = 27, count = 1 | 289 321 27 52 50 
head = 38, count = 1 | 38 50 
head = 50, count = 1 | 1 50 
head = 38, count = 4 | 1 38 
head = 229, count = 3 | 1 229 
head = 50, count = 1 | 50 49 
head = 1, count = 2 | 1 49 
head = 230, count = 1 | 230 49 
head = 349, count = 1 | 349 49 
head = 292, count = 1 | 321 292 25 49 
head = 229, count = 2 | 1 304 235 229 
head = 289, count = 14 | 289 317 
head = 317, count = 6 | 71 317 
head = 71, count = 10 | 71 317 
head = 71, count = 8 | 71 70 317 
head = 317, count = 30 | 1 317 
head = 1, count = 8 | 1 301 
head = 301, count = 8 | 301 316 
head = 316, count = 8 | 316 311 
head = 1, count = 4 | 1 294 
head = 49, count = 1 | 289 71 69 49 317 294 
head = 294, count = 8 | 294 297 
head = 311, count = 4 | 311 318 294 297 308 
head = 294, count = 4 | 321 294 
head = 229, count = 3 | 321 229 
head = 224, count = 6 | 321 224 
head = 308, count = 4 | 321 308 309 
head = 224, count = 1 | 224 228 
head = 225, count = 1 | 225 233 
head = 230, count = 10 | 230 228 233 
head = 233, count = 1 | 228 233 
head = 1, count = 1 | 1 45 
head = 321, count = 1 | 1 321 305 45 
head = 49, count = 1 | 321 49 45 
head = 229, count = 2 | 229 45 
head = 49, count = 1 | 321 69 49 310 297 51 33 
head = 49, count = 1 | 321 49 56 33 
head = 45, count = 1 | 45 33 
head = 33, count = 1 | 1 33 
head = 45, count = 4 | 1 45 
head = 33, count = 1 | 33 55 
head = 49, count = 1 | 321 49 55 
head = 1, count = 2 | 1 55 
head = 50, count = 1 | 321 50 28 55 
head = 33, count = 1 | 304 302 71 69 293 291 33 
head = 1, count = 1 | 1 323 
head = 323, count = 5 | 323 322 
head = 322, count = 7 | 322 315 
head = 314, count = 7 | 314 323 322 315 
head = 235, count = 2 | 235 314 315 
head = 1, count = 3 | 1 30 
head = 321, count = 1 | 1 321 305 30 
head = 55, count = 1 | 321 55 30 
head = 59, count = 1 | 59 37 
head = 292, count = 1 | 321 292 58 37 
head = 30, count = 1 | 30 37 
head = 37, count = 1 | 1 37 
head = 30, count = 4 | 1 30 
head = 37, count = 1 | 37 64 
head = 55, count = 1 | 321 55 64 
head = 1, count = 2 | 1 64 
head = 297, count = 1 | 321 297 64 
head = 55, count = 1 | 289 321 55 43 64 
head = 305, count = 2 | 304 305 
head = 315, count = 1 | 71 315 
head = 37, count = 1 | 304 302 71 69 291 37 
head = 314, count = 6 | 1 314 
head = 230, count = 8 | 230 228 
head = 230, count = 1 | 230 233 
head = 315, count = 1 | 230 233 315 
head = 0, count = 2 | 0 229 
head = 315, count = 2 | 235 314 231 315 
head = 1, count = 2 | 1 39 
head = 321, count = 1 | 1 321 305 39 
head = 64, count = 1 | 321 64 39 
head = 229, count = 1 | 229 39 
head = 349, count = 1 | 349 66 
head = 39, count = 1 | 39 66 
head = 66, count = 1 | 1 66 
head = 39, count = 3 | 1 39 
head = 66, count = 1 | 66 36 
head = 64, count = 1 | 321 64 36 
head = 1, count = 2 | 1 36 
head = 225, count = 1 | 1 225 298 
head = 39, count = 1 | 39 168 
head = 1, count = 18 | 1 168 
head = 302, count = 16 | 302 168 
head = 224, count = 3 | 224 168 
head = 321, count = 38 | 321 168 
head = 0, count = 1 | 0 168 
head = 229, count = 1 | 1 235 229 168 
head = 229, count = 1 | 229 168 
head = 53, count = 1 | 304 53 289 321 42 168 
head = 168, count = 6 | 168 169 
head = 1, count = 1 | 1 169 
head = 169, count = 4 | 169 171 
head = 168, count = 4 | 1 168 171 
head = 169, count = 3 | 304 169 
head = 168, count = 1 | 304 168 
head = 1, count = 3 | 1 71 168 
head = 36, count = 1 | 304 302 71 69 293 291 36 
head = 300, count = 3 | 71 300 319 
head = 171, count = 2 | 289 71 69 317 294 171 
head = 168, count = 57 | 321 168 
head = 225, count = 2 | 225 323 
head = 235, count = 1 | 235 314 315 36 
head = 1, count = 3 | 1 63 
head = 321, count = 1 | 1 321 305 63 
head = 36, count = 1 | 321 36 63 
head = 40, count = 1 | 40 76 
head = 59, count = 1 | 59 76 
head = 297, count = 1 | 1 321 297 
head = 292, count = 1 | 1 321 292 
head = 315, count = 3 | 1 315 
head = 63, count = 5 | 1 63 
head = 55, count = 1 | 1 321 55 35 
head = 27, count = 1 | 1 321 27 48 
head = 292, count = 1 | 1 321 292 60 57 
head = 64, count = 1 | 1 321 69 293 292 64 26 32 
head = 168, count = 42 | 1 168 
head = 168, count = 1 | 1 321 69 310 297 168 171 29 
head = 50, count = 1 | 1 304 321 50 
head = 59, count = 1 | 1 59 76 
head = 36, count = 1 | 1 321 36 
head = 179, count = 1 | 179 100 
head = 99, count = 1 | 99 40 46 73 100 
head = 1, count = 1 | 1 100 
head = 100, count = 1 | 1 100 
head = 64, count = 1 | 1 289 321 64 
head = 100, count = 1 | 100 87 
head = 1, count = 2 | 1 87 
head = 179, count = 1 | 179 87 
head = 64, count = 1 | 304 321 64 62 
head = 1, count = 7 | 1 71 
head = 1, count = 1 | 1 317 
head = 1, count = 4 | 1 301 316 311 
head = 311, count = 4 | 311 318 294 
head = 87, count = 1 | 289 71 69 317 310 294 87 
head = 294, count = 4 | 294 297 308 
head = 308, count = 4 | 321 308 
head = 311, count = 4 | 321 311 309 
head = 87, count = 1 | 1 321 87 
head = 1, count = 4 | 1 312 
head = 312, count = 4 | 312 305 
head = 315, count = 4 | 314 315 
head = 1, count = 4 | 1 90 
head = 87, count = 1 | 321 87 90 
head = 179, count = 1 | 179 103 
head = 349, count = 1 | 349 103 
head = 90, count = 1 | 90 103 
head = 103, count = 1 | 1 103 
head = 90, count = 4 | 1 90 
head = 103, count = 1 | 103 104 
head = 1, count = 2 | 1 104 
head = 27, count = 1 | 321 27 104 
head = 100, count = 1 | 304 321 168 100 79 
head = 321, count = 3 | 1 321 312 305 314 
head = 168, count = 1 | 304 168 169 
head = 168, count = 1 | 302 168 
head = 1, count = 2 | 1 295 288 306 
head = 306, count = 2 | 306 290 291 
head = 103, count = 1 | 304 302 71 69 293 291 103 
head = 291, count = 2 | 291 292 300 
head = 300, count = 2 | 289 300 
head = 1, count = 2 | 1 289 
head = 306, count = 2 | 71 306 319 
head = 302, count = 2 | 302 317 
head = 171, count = 2 | 289 71 69 317 310 294 171 
head = 321, count = 3 | 321 305 
head = 315, count = 2 | 323 315 
head = 1, count = 4 | 1 85 
head = 104, count = 1 | 321 104 85 
head = 297, count = 1 | 321 297 77 84 
head = 104, count = 1 | 321 104 91 84 
head = 85, count = 1 | 85 84 
head = 84, count = 1 | 1 84 
head = 85, count = 4 | 1 85 
head = 84, count = 1 | 84 83 
head = 1, count = 2 | 1 83 
head = 104, count = 1 | 321 104 83 
head = 99, count = 1 | 99 83 
head = 315, count = 1 | 304 315 
head = 1, count = 1 | 1 302 
head = 84, count = 1 | 304 302 71 69 293 291 84 
head = 83, count = 1 | 289 71 69 317 310 294 83 
head = 1, count = 1 | 1 226 225 234 
head = 315, count = 2 | 230 228 233 315 
head = 1, count = 3 | 1 96 
head = 83, count = 1 | 321 83 96 
head = 229, count = 1 | 229 96 
head = 292, count = 1 | 321 292 78 81 
head = 96, count = 1 | 96 81 
head = 81, count = 1 | 1 81 
head = 96, count = 4 | 1 96 
head = 1, count = 2 | 1 97 
head = 305, count = 1 | 305 97 
head = 297, count = 1 | 321 297 94 97 
head = 97, count = 1 | 1 97 
head = 225, count = 1 | 1 304 225 298 
head = 227, count = 1 | 1 304 235 227 
head = 229, count = 1 | 229 317 
head = 97, count = 1 | 289 71 69 317 310 294 97 
head = 1, count = 1 | 1 321 98 95 
head = 1, count = 3 | 1 95 
head = 97, count = 1 | 321 97 95 
head = 76, count = 1 | 76 333 
head = 76, count = 1 | 76 104 333 
head = 1, count = 1 | 1 333 
head = 179, count = 1 | 179 343 
head = 331, count = 1 | 331 86 80 351 343 
head = 95, count = 3 | 1 95 
head = 343, count = 1 | 1 343 346 
head = 1, count = 1 | 1 333 346 
head = 1, count = 2 | 1 346 
head = 97, count = 1 | 321 97 346 
head = 292, count = 1 | 1 321 292 105 
head = 297, count = 1 | 321 297 168 92 
head = 297, count = 1 | 321 297 168 75 
head = 87, count = 1 | 321 168 87 74 
head = 95, count = 2 | 168 95 
head = 321, count = 1 | 1 321 312 305 314 168 
head = 315, count = 1 | 315 168 
head = 321, count = 1 | 321 305 168 
head = 83, count = 1 | 321 168 83 102 
head = 81, count = 1 | 1 304 321 81 93 
head = 168, count = 1 | 71 168 
head = 1, count = 2 | 1 288 306 
head = 343, count = 1 | 304 302 71 69 293 291 343 
head = 306, count = 2 | 71 306 
head = 1, count = 2 | 1 316 311 
head = 311, count = 2 | 321 311 
head = 1, count = 3 | 1 337 
head = 321, count = 1 | 321 305 337 
head = 346, count = 1 | 321 346 337 
head = 346, count = 1 | 346 336 
head = 292, count = 1 | 321 292 347 336 
head = 337, count = 3 | 1 337 
head = 336, count = 1 | 168 336 
head = 297, count = 1 | 321 297 169 345 
head = 168, count = 1 | 304 302 71 69 291 168 171 
head = 169, count = 1 | 321 169 
head = 1, count = 5 | 1 181 
head = 297, count = 1 | 1 321 297 181 
head = 321, count = 11 | 321 181 
head = 321, count = 1 | 321 305 181 
head = 305, count = 1 | 305 181 
head = 315, count = 1 | 315 181 
head = 321, count = 1 | 321 305 314 181 
head = 168, count = 2 | 168 181 
head = 302, count = 1 | 1 304 289 302 317 181 
head = 292, count = 1 | 321 69 292 310 297 344 181 
head = 336, count = 1 | 321 69 293 292 336 335 348 181 
head = 346, count = 1 | 321 346 340 181 
head = 0, count = 2 | 0 181 
head = 181, count = 6 | 181 185 
head = 181, count = 1 | 181 24 
head = 24, count = 1 | 24 115 
head = 181, count = 3 | 181 115 
head = 181, count = 1 | 181 9 
head = 9, count = 1 | 9 12 
head = 115, count = 1 | 115 12 
head = 12, count = 1 | 115 12 
head = 1, count = 3 | 1 115 
head = 314, count = 1 | 314 115 
head = 115, count = 1 | 115 17 
head = 12, count = 1 | 115 12 17 
head = 17, count = 1 | 17 14 
head = 115, count = 1 | 115 14 
head = 17, count = 1 | 17 19 
head = 14, count = 1 | 14 19 
head = 315, count = 1 | 315 13 10 
head = 14, count = 1 | 14 19 21 
head = 19, count = 1 | 19 10 16 
head = 115, count = 1 | 185 24 115 
head = 16, count = 1 | 185 115 16 
head = 185, count = 1 | 185 24 
head = 24, count = 1 | 24 114 
head = 185, count = 1 | 185 114 
head = 181, count = 19 | 181 114 
head = 321, count = 2 | 321 114 
head = 0, count = 2 | 0 114 
head = 21, count = 1 | 21 16 114 
head = 333, count = 1 | 333 346 336 114 
head = 114, count = 1 | 185 24 114 
head = 114, count = 1 | 185 114 
head = 185, count = 2 | 185 184 
head = 284, count = 1 | 284 341 349 274 269 
head = 333, count = 1 | 333 181 185 269 
head = 184, count = 2 | 1 184 
head = 185, count = 2 | 185 132 
head = 114, count = 1 | 114 132 
head = 132, count = 1 | 132 148 
head = 148, count = 1 | 1 148 
head = 115, count = 4 | 1 115 
head = 114, count = 2 | 1 114 
head = 1, count = 1 | 1 155 
head = 132, count = 1 | 132 155 
head = 155, count = 1 | 155 159 
head = 1, count = 1 | 1 159 
head = 159, count = 2 | 159 138 
head = 1, count = 1 | 1 138 
head = 138, count = 2 | 138 145 
head = 159, count = 1 | 159 145 
head = 337, count = 1 | 337 145 
head = 337, count = 1 | 1 337 115 145 
head = 132, count = 1 | 132 135 
head = 145, count = 1 | 145 153 
head = 153, count = 1 | 1 153 
head = 145, count = 4 | 1 145 
head = 135, count = 1 | 135 126 
head = 1, count = 1 | 1 126 
head = 1, count = 1 | 1 126 157 
head = 1, count = 1 | 1 157 
head = 138, count = 1 | 138 157 
head = 126, count = 1 | 126 129 
head = 157, count = 2 | 157 129 
head = 129, count = 1 | 129 144 
head = 144, count = 1 | 1 144 
head = 129, count = 1 | 1 129 
head = 1, count = 1 | 1 123 
head = 155, count = 1 | 155 123 
head = 123, count = 1 | 123 139 
head = 1, count = 1 | 1 139 
head = 139, count = 2 | 139 130 
head = 130, count = 1 | 130 134 
head = 1, count = 3 | 1 134 
head = 157, count = 1 | 157 139 134 
head = 134, count = 4 | 1 134 
head = 1, count = 4 | 1 108 
head = 114, count = 18 | 114 108 
head = 321, count = 1 | 321 108 
head = 1, count = 1 | 1 115 108 
head = 1, count = 1 | 1 108 112 110 
head = 108, count = 2 | 108 109 
head = 109, count = 2 | 109 107 
head = 110, count = 2 | 110 107 
head = 107, count = 2 | 107 111 
head = 111, count = 1 | 1 111 156 
head = 107, count = 1 | 1 107 111 156 
head = 108, count = 20 | 108 156 
head = 114, count = 1 | 114 156 
head = 0, count = 1 | 0 156 
head = 156, count = 1 | 1 156 124 
head = 156, count = 2 | 1 156 
head = 156, count = 2 | 156 202 
head = 156, count = 1 | 108 156 
head = 156, count = 1 | 110 156 
head = 107, count = 1 | 107 111 202 
head = 202, count = 2 | 202 201 
head = 108, count = 2 | 108 201 
head = 156, count = 16 | 156 201 
head = 1, count = 6 | 1 201 
head = 168, count = 2 | 168 201 
head = 321, count = 8 | 321 201 
head = 0, count = 13 | 0 201 
head = 114, count = 1 | 114 201 
head = 111, count = 1 | 111 202 201 
head = 304, count = 1 | 304 289 184 138 156 202 201 
head = 179, count = 9 | 179 201 
head = 0, count = 6 | 0 1 224 115 201 
head = 179, count = 1 | 0 179 201 
head = 321, count = 1 | 321 168 201 
head = 181, count = 1 | 181 185 184 138 156 202 201 
head = 201, count = 26 | 201 206 
head = 179, count = 1 | 179 206 
head = 206, count = 25 | 1 206 
head = 201, count = 15 | 1 201 
head = 179, count = 2 | 179 1 201 
head = 0, count = 1 | 0 179 1 349 304 321 224 65 302 168 181 114 108 201 206 
head = 0, count = 1 | 0 1 224 65 229 38 45 30 39 63 90 85 96 95 337 115 145 134 201 
head = 156, count = 1 | 156 216 
head = 1, count = 1 | 1 200 216 
head = 216, count = 1 | 1 216 
head = 216, count = 1 | 216 210 
head = 1, count = 2 | 1 210 
head = 210, count = 1 | 1 210 
head = 210, count = 2 | 210 207 
head = 108, count = 2 | 1 108 
head = 0, count = 4 | 0 1 201 
head = 0, count = 1 | 0 179 1 321 168 181 185 201 
head = 0, count = 2 | 0 1 181 
head = 83, count = 1 | 1 321 83 
head = 346, count = 1 | 1 321 346 
head = 0, count = 1 | 0 1 224 201 
head = 179, count = 1 | 179 1 321 168 114 
head = 0, count = 1 | 0 1 224 
head = 1, count = 3 | 1 5 
head = 5, count = 2 | 5 4 
head = 1, count = 74 | 1 4 
head = 302, count = 2 | 321 302 317 4 
head = 1, count = 2 | 1 7 
head = 1, count = 1 | 1 304 321 224 65 302 168 181 114 108 201 206 4 
head = 1, count = 19 | 1 304 321 224 65 302 168 181 114 108 156 201 206 4 
head = 0, count = 22 | 0 179 1 349 304 321 224 65 302 168 181 114 108 156 201 206 4 
head = 349, count = 18 | 1 349 304 321 224 65 302 168 181 114 108 156 201 206 4 
head = 0, count = 4 | 0 179 1 349 304 321 224 65 302 168 181 114 108 201 206 4 
head = 179, count = 2 | 179 1 349 304 321 224 65 302 168 181 114 108 201 206 4 
head = 0, count = 1 | 0 179 1 349 304 321 224 65 302 181 201 206 
head = 0, count = 1 | 0 179 1 224 65 201 4 
head = 0, count = 1 | 0 179 1 349 304 321 224 65 302 229 38 45 30 39 168 63 90 85 96 95 337 181 115 114 145 134 108 156 201 206 4 
head = 0, count = 1 | 0 179 1 321 181 
head = 0, count = 5 | 0 179 1 349 304 321 65 302 168 181 114 156 201 206 4 
head = 0, count = 1 | 0 1 321 4 
head = 0, count = 1 | 0 179 1 304 321 224 65 302 168 181 114 108 156 201 206 4 
head = 224, count = 3 | 1 224 65 156 201 4 
head = 0, count = 1 | 0 179 1 349 321 168 181 114 4 
head = 207, count = 1 | 1 207 
head = 229, count = 9 | 1 229 38 45 30 39 63 90 85 96 95 337 145 134 4 
head = 0, count = 1 | 0 179 1 224 65 229 38 45 30 39 63 90 85 96 95 337 115 145 134 201 4 
head = 0, count = 1 | 0 1 65 229 38 45 30 39 63 90 85 96 95 337 145 134 4 
head = 0, count = 2 | 0 1 224 65 229 38 45 30 39 63 90 85 96 95 337 115 145 134 201 4 
head = 207, count = 1 | 218 1 207 7 
head = 1, count = 1 | 218 1 
head = 185, count = 1 | 185 201 206 
head = 6, count = 8 | 6 1 
head = 0, count = 1 | 0 181 206 
head = 0, count = 9 | 0 179 1 
head = 0, count = 2 | 0 179 108 
head = 0, count = 1 | 0 108 
head = 168, count = 3 | 168 181 201 
head = 0, count = 2 | 0 179 1 224 65 201 
head = 0, count = 2 | 0 179 1 304 224 65 302 108 201 206 
head = 304, count = 1 | 1 304 321 302 168 114 108 201 
head = 0, count = 1 | 0 179 1 304 224 65 302 108 156 201 206 
head = 304, count = 1 | 1 304 65 302 156 201 206 
head = 0, count = 7 | 0 179 1 304 65 302 156 201 206 
head = 0, count = 8 | 0 179 201 
head = 304, count = 1 | 304 65 
head = 0, count = 1 | 0 179 1 65 302 108 201 206 
head = 0, count = 1 | 0 1 65 
head = 0, count = 2 | 0 179 65 
head = 229, count = 2 | 229 38 45 30 39 63 90 85 96 95 337 145 134 
head = 65, count = 1 | 65 229 38 45 30 39 63 90 85 96 95 337 145 134 
head = 0, count = 2 | 0 179 1 114 
head = 179, count = 1 | 179 156 
head = 0, count = 2 | 0 179 1 304 65 156 201 
head = 0, count = 1 | 0 179 1 65 201 
head = 0, count = 18 | 0 179 1 349 304 321 65 302 168 181 114 156 201 206 
head = 0, count = 1 | 0 179 1 304 321 181 114 
head = 0, count = 1 | 0 179 1 349 302 114 201 
head = 0, count = 2 | 0 1 349 302 
head = 0, count = 1 | 0 179 1 304 321 65 168 181 114 156 201 206 
head = 0, count = 1 | 0 179 1 304 321 65 168 181 114 156 201 
head = 0, count = 1 | 0 179 1 304 65 302 156 201 
head = 201, count = 1 | 1 201 4 
head = 321, count = 47 | 1 321 168 4 
head = 1, count = 3 | 205 1 
head = 205, count = 2 | 205 1 
head = 1, count = 2 | 175 1 
head = 175, count = 2 | 175 173 
head = 80, count = 1 | 80 46 305 291 294 169 14 159 157 139 107 
head = 349, count = 1 | 349 80 46 305 291 294 169 14 159 157 139 107 
head = 80, count = 1 | 1 80 46 321 305 302 291 317 294 168 169 14 159 157 139 107 4 
head = 80, count = 2 | 1 80 46 321 302 291 317 294 168 169 107 4 
head = 174, count = 2 | 174 173 
head = 173, count = 4 | 173 172 
head = 71, count = 1 | 321 71 12 
head = 321, count = 1 | 321 71 12 
head = 289, count = 1 | 1 304 289 321 71 168 181 12 184 138 156 202 4 
head = 289, count = 1 | 1 304 289 321 181 12 184 138 4 
head = 172, count = 4 | 1 172 
head = 289, count = 1 | 1 304 289 302 317 184 138 156 202 
head = 302, count = 3 | 1 302 317 
head = 1, count = 33 | 217 1 
head = 0, count = 1 | 0 179 1 304 321 302 168 181 114 108 201 206 
head = 0, count = 1 | 0 179 349 321 168 181 114 
head = 0, count = 2 | 0 179 1 181 
head = 0, count = 1 | 0 179 1 304 321 168 156 206 
head = 304, count = 1 | 1 304 321 302 168 181 114 108 201 206 
head = 304, count = 2 | 304 321 302 168 181 114 108 201 206 
head = 6, count = 1 | 6 217 1 
head = 0, count = 1 | 0 181 185 
head = 179, count = 2 | 179 1 321 168 4 
head = 0, count = 1 | 0 179 1 349 304 321 302 168 181 185 156 4 
head = 6, count = 10 | 6 217 
head = 321, count = 7 | 1 321 4 
head = 321, count = 1 | 1 321 168 181 185 201 4 
head = 321, count = 1 | 1 321 71 168 181 12 156 202 
head = 1, count = 4 | 1 224 115 201 4 
head = 1, count = 15 | 1 224 115 201 
head = 0, count = 1 | 0 179 1 168 114 
head = 179, count = 1 | 179 168 181 185 
head = 269, count = 1 | 269 132 135 
head = 211, count = 1 | 211 204 
head = 217, count = 1 | 217 214 208 
head = 217, count = 21 | 217 208 
head = 179, count = 1 | 179 1 321 224 65 302 114 201 4 
head = 0, count = 1 | 0 179 302 201 
head = 1, count = 2 | 219 1 
head = 208, count = 22 | 208 219 
head = 217, count = 1 | 217 219 
head = 0, count = 1 | 0 179 1 168 201 
head = 0, count = 1 | 0 304 302 
head = 1, count = 1 | 205 219 1 
head = 0, count = 2 | 0 179 1 201 
head = 1, count = 1 | 1 108 112 110 201 
head = 1, count = 1 | 131 136 1 
head = 65, count = 2 | 224 65 229 38 45 30 39 63 90 85 96 95 337 145 134 
head = 1, count = 2 | 136 1 
head = 126, count = 1 | 126 129 130 
head = 1, count = 2 | 326 1 
head = 205, count = 1 | 205 174 173 220 211 204 326 
head = 219, count = 13 | 219 326 
head = 1, count = 1 | 217 214 326 1 
head = 1, count = 2 | 219 326 1 
head = 217, count = 6 | 217 326 
head = 140, count = 1 | 140 133 326 
head = 0, count = 1 | 0 179 1 349 302 
head = 179, count = 1 | 179 302 201 
head = 136, count = 2 | 136 326 
head = 302, count = 1 | 1 305 302 291 317 294 169 14 159 157 139 107 
head = 326, count = 10 | 326 327 
head = 27, count = 1 | 27 97 
head = 327, count = 11 | 327 329 
head = 326, count = 3 | 326 329 
head = 329, count = 10 | 329 330 
head = 326, count = 20 | 326 330 
head = 217, count = 1 | 217 208 219 326 330 
head = 0, count = 1 | 0 179 1 304 321 201 
head = 304, count = 1 | 1 304 321 
head = 0, count = 1 | 0 179 1 302 
head = 217, count = 3 | 217 326 327 329 330 
head = 114, count = 1 | 114 269 
head = 330, count = 9 | 330 1 
head = 185, count = 1 | 185 210 
head = 1, count = 2 | 164 1 
head = 330, count = 7 | 330 164 
head = 1, count = 2 | 1 115 201 
head = 329, count = 1 | 329 164 
head = 217, count = 6 | 217 164 
head = 164, count = 7 | 164 1 
head = 326, count = 1 | 326 1 
head = 136, count = 1 | 136 1 
head = 330, count = 1 | 330 193 
head = 193, count = 1 | 193 196 
head = 1, count = 20 | 196 1 
head = 330, count = 7 | 330 196 
head = 219, count = 13 | 219 196 
head = 0, count = 1 | 0 179 1 201 4 
head = 0, count = 1 | 0 179 1 4 
head = 217, count = 37 | 217 196 
head = 321, count = 5 | 1 321 168 201 4 
head = 6, count = 7 | 6 196 
head = 321, count = 1 | 321 4 
head = 164, count = 1 | 164 186 
head = 1, count = 1 | 198 1 
head = 188, count = 1 | 188 197 
head = 217, count = 1 | 217 330 
head = 330, count = 1 | 330 164 196 
head = 1, count = 2 | 208 136 196 1 
head = 1, count = 1 | 217 208 136 164 196 1 
head = 1, count = 1 | 208 136 164 196 1 
head = 1, count = 3 | 217 136 164 196 1 
head = 1, count = 7 | 136 196 1 
head = 6, count = 1 | 6 205 217 208 219 136 326 327 329 330 164 196 1 
head = 204, count = 1 | 204 326 329 164 
head = 197, count = 2 | 197 1 
head = 1, count = 1 | 217 208 219 326 330 164 196 1 
head = 164, count = 2 | 164 196 1 
head = 217, count = 2 | 217 164 196 1 
head = 1, count = 1 | 217 208 164 1 
head = 208, count = 1 | 208 164 196 
head = 6, count = 1 | 6 217 208 219 326 330 164 196 1 
head = 208, count = 1 | 208 164 
head = 1, count = 38 | 167 1 
head = 165, count = 1 | 165 167 
head = 326, count = 1 | 326 329 164 193 
head = 121, count = 8 | 117 121 
head = 192, count = 1 | 192 117 
head = 167, count = 325 | 167 117 
head = 217, count = 5 | 217 326 327 329 196 
head = 164, count = 1 | 164 193 
head = 1, count = 1 | 118 1 
head = 7, count = 1 | 211 7 
head = 1, count = 15 | 167 117 1 
head = 167, count = 16 | 167 119 
head = 1, count = 1 | 117 1 
head = 122, count = 8 | 167 122 
head = 167, count = 8 | 167 248 
head = 121, count = 1 | 121 119 
head = 122, count = 8 | 122 237 
head = 248, count = 8 | 248 237 
head = 1, count = 38 | 217 208 219 326 330 196 1 
head = 6, count = 27 | 6 217 208 219 326 330 196 1 
head = 167, count = 248 | 167 237 
head = 0, count = 1 | 0 321 4 
head = 6, count = 1 | 6 208 219 330 196 1 
head = 0, count = 1 | 0 1 65 201 
head = 6, count = 5 | 6 217 326 330 196 1 
head = 0, count = 1 | 0 179 1 349 
head = 6, count = 1 | 6 217 326 196 
head = 1, count = 3 | 208 219 326 330 196 1 
head = 237, count = 8 | 167 237 
head = 118, count = 10300 | 118 252 
head = 252, count = 4373277 | 251 252 
head = 118, count = 2973 | 118 251 252 
head = 118, count = 136 | 118 251 
head = 251, count = 1702325 | 251 252 
head = 167, count = 8 | 167 245 
head = 237, count = 8 | 237 239 240 
head = 167, count = 16 | 167 240 
head = 247, count = 60 | 247 242 
head = 1, count = 1 | 217 208 219 330 196 1 
head = 245, count = 8 | 249 245 
head = 242, count = 46 | 242 249 
head = 249, count = 45 | 249 167 
head = 247, count = 8 | 247 242 249 167 
head = 217, count = 4 | 217 326 327 329 
head = 321, count = 1 | 1 321 168 
head = 167, count = 7 | 167 1 
head = 242, count = 7 | 242 121 
head = 249, count = 14 | 249 117 
head = 242, count = 14 | 242 117 
head = 247, count = 280 | 247 117 
head = 245, count = 7 | 118 245 
head = 167, count = 7 | 167 122 
head = 251, count = 301 | 118 251 
head = 251, count = 964 | 118 251 252 
head = 252, count = 2194 | 118 251 252 
head = 252, count = 2341 | 118 252 
head = 242, count = 15 | 242 249 167 
head = 247, count = 258 | 247 167 117 
head = 247, count = 15 | 247 242 249 167 117 
head = 242, count = 14 | 242 249 167 117 
head = 252, count = 7 | 167 252 
head = 247, count = 84 | 247 167 
head = 167, count = 3 | 166 167 
head = 1, count = 1 | 208 1 
head = 208, count = 3 | 208 136 
head = 245, count = 1 | 166 245 
head = 1, count = 1 | 260 1 
head = 1, count = 1 | 260 161 1 
head = 166, count = 1 | 166 260 
head = 260, count = 1 | 260 286 
head = 286, count = 1 | 286 1 
head = 260, count = 1 | 260 1 
head = 1, count = 1 | 268 174 1 
head = 166, count = 2 | 166 268 
head = 166, count = 1 | 166 268 1 
head = 1, count = 1 | 268 1 
head = 167, count = 16 | 268 167 
head = 242, count = 2 | 242 268 
head = 268, count = 1 | 265 268 271 
head = 260, count = 1 | 260 271 
head = 271, count = 2 | 271 254 
head = 1, count = 1 | 268 280 1 
head = 10, count = 1 | 10 184 132 135 
head = 254, count = 1 | 261 254 
head = 326, count = 1 | 326 327 329 
head = 14, count = 1 | 14 159 157 
head = 268, count = 1 | 268 261 
head = 167, count = 1 | 261 167 
head = 261, count = 4 | 255 261 
head = 166, count = 1 | 166 255 260 
head = 255, count = 2 | 255 256 
head = 263, count = 1 | 256 263 
head = 247, count = 2 | 247 256 
head = 1, count = 2 | 1 181 185 
head = 256, count = 2 | 256 275 
head = 255, count = 2 | 255 275 
============================================================
BBLSwitchCount - Thread 0
from = 0 | 179:1 1:1 
from = 179 | 0:1 
from = 1 | 0:1 284:1 341:1 332:1 339:1 349:1 331:1 86:1 82:1 89:1 80:1 99:1 40:1 61:1 47:1 46:1 59:1 53:1 304:12 289:12 321:12 324:12 312:12 303:12 305:12 314:12 299:5 231:5 227:5 224:5 234:5 226:5 225:5 223:5 232:5 235:5 298:5 296:12 31:1 44:1 65:1 42:1 54:1 27:1 302:8 320:8 295:8 288:8 306:8 290:8 293:8 291:8 292:8 300:8 319:8 287:8 228:15 233:15 230:15 229:4 52:1 48:1 38:1 25:1 50:1 49:1 317:8 313:8 301:8 316:8 311:8 318:8 310:8 294:8 297:8 308:8 309:8 307:8 51:1 56:1 45:1 28:1 33:1 55:1 323:7 322:7 315:7 43:1 35:1 30:1 58:1 37:1 64:1 62:1 26:1 39:1 32:1 66:1 36:1 168:4 170:4 169:4 171:4 41:1 29:1 60:1 63:1 57:1 34:1 73:1 76:1 72:1 100:1 87:1 77:1 74:1 90:1 79:1 103:1 104:1 88:1 92:1 91:1 85:1 78:1 84:1 83:1 94:1 102:1 96:1 105:1 81:1 97:1 75:1 98:1 95:1 93:1 101:1 351:1 333:1 334:1 343:1 346:1 342:1 345:1 340:1 337:1 347:1 336:1 338:1 344:1 335:1 348:1 350:1 274:1 282:1 181:1 182:1 185:2 184:1 183:1 180:1 253:1 269:1 132:1 148:1 146:1 155:1 152:1 159:1 138:1 145:1 137:1 135:1 153:1 158:1 126:1 125:1 157:1 129:1 144:1 150:1 123:1 147:1 139:1 130:1 134:1 143:1 108:1 112:1 110:1 109:1 106:1 107:1 111:1 156:1 124:1 154:1 141:1 202:1 213:1 201:1 206:1 209:1 222:1 200:1 216:1 203:1 212:1 210:1 207:1 5:1 4:1 2:1 7:1048576 6:1 3:1 218:1 215:1 221:1 205:1 174:2 175:2 178:2 173:2 172:2 176:2 177:2 217:1 220:1 214:1 211:1 204:1 208:1 219:1 131:1 136:1 142:1 151:1 149:1 140:1 133:1 128:1 127:1 258:1 326:1 327:1 329:1 328:1 325:1 330:1 273:1 276:1 262:1 164:1 193:1 196:1 191:1 187:1 195:1 198:1 186:65535 194:1 188:1 199:1 189:1 197:7 192:1 190:1 160:1 165:1 162:1 167:8 161:1 166:1 163:1 270:1 260:1 278:1 286:1 268:1 265:1 281:1 271:1 272:1 254:1 264:1 279:1 280:1 261:1 259:1 263:12 255:12 267:12 257:1 266:1 256:1 277:1 275:1 283:1 285:1 
from = 284 | 1:1 
from = 341 | 1:1 
from = 332 | 1:1 
from = 339 | 1:1 
from = 349 | 1:1 
from = 331 | 1:1 
from = 86 | 1:1 
from = 82 | 1:1 
from = 89 | 1:1 
from = 80 | 1:1 
from = 99 | 1:1 
from = 40 | 1:1 
from = 61 | 1:1 
from = 47 | 1:1 
from = 46 | 1:1 
from = 59 | 1:1 
from = 53 | 1:1 
from = 304 | 1:12 
from = 289 | 1:12 
from = 321 | 1:12 
from = 324 | 1:12 
from = 312 | 1:12 
from = 303 | 1:12 
from = 305 | 1:12 
from = 314 | 1:12 
from = 299 | 1:5 
from = 231 | 1:5 
from = 227 | 1:5 
from = 224 | 1:5 
from = 234 | 1:5 
from = 226 | 1:5 
from = 225 | 1:5 
from = 223 | 1:5 
from = 232 | 1:5 
from = 235 | 1:5 
from = 298 | 1:5 
from = 296 | 1:12 
from = 31 | 1:1 
from = 44 | 1:1 
from = 65 | 1:1 
from = 42 | 1:1 
from = 54 | 1:1 
from = 27 | 1:1 
from = 302 | 1:8 71:8 70:8 67:8 69:8 68:8 
from = 71 | 302:8 317:8 
from = 70 | 302:8 317:8 
from = 67 | 302:8 317:8 
from = 69 | 302:8 317:8 
from = 68 | 302:8 317:8 
from = 320 | 1:8 
from = 295 | 1:8 
from = 288 | 1:8 
from = 306 | 1:8 
from = 290 | 1:8 
from = 293 | 1:8 
from = 291 | 1:8 
from = 292 | 1:8 
from = 300 | 1:8 
from = 319 | 1:8 
from = 287 | 1:8 
from = 228 | 1:15 
from = 233 | 1:15 
from = 230 | 1:15 
from = 229 | 1:4 
from = 52 | 1:1 
from = 48 | 1:1 
from = 38 | 1:1 
from = 25 | 1:1 
from = 50 | 1:1 
from = 49 | 1:1 
from = 317 | 1:8 71:8 70:8 67:8 69:8 68:8 
from = 313 | 1:8 
from = 301 | 1:8 
from = 316 | 1:8 
from = 311 | 1:8 
from = 318 | 1:8 
from = 310 | 1:8 
from = 294 | 1:8 
from = 297 | 1:8 
from = 308 | 1:8 
from = 309 | 1:8 
from = 307 | 1:8 
from = 51 | 1:1 
from = 56 | 1:1 
from = 45 | 1:1 
from = 28 | 1:1 
from = 33 | 1:1 
from = 55 | 1:1 
from = 323 | 1:7 
from = 322 | 1:7 
from = 315 | 1:7 
from = 43 | 1:1 
from = 35 | 1:1 
from = 30 | 1:1 
from = 58 | 1:1 
from = 37 | 1:1 
from = 64 | 1:1 
from = 62 | 1:1 
from = 26 | 1:1 
from = 39 | 1:1 
from = 32 | 1:1 
from = 66 | 1:1 
from = 36 | 1:1 
from = 168 | 1:4 
from = 170 | 1:4 
from = 169 | 1:4 
from = 171 | 1:4 
from = 41 | 1:1 
from = 29 | 1:1 
from = 60 | 1:1 
from = 63 | 1:1 
from = 57 | 1:1 
from = 34 | 1:1 
from = 73 | 1:1 
from = 76 | 1:1 
from = 72 | 1:1 
from = 100 | 1:1 
from = 87 | 1:1 
from = 77 | 1:1 
from = 74 | 1:1 
from = 90 | 1:1 
from = 79 | 1:1 
from = 103 | 1:1 
from = 104 | 1:1 
from = 88 | 1:1 
from = 92 | 1:1 
from = 91 | 1:1 
from = 85 | 1:1 
from = 78 | 1:1 
from = 84 | 1:1 
from = 83 | 1:1 
from = 94 | 1:1 
from = 102 | 1:1 
from = 96 | 1:1 
from = 105 | 1:1 
from = 81 | 1:1 
from = 97 | 1:1 
from = 75 | 1:1 
from = 98 | 1:1 
from = 95 | 1:1 
from = 93 | 1:1 
from = 101 | 1:1 
from = 351 | 1:1 
from = 333 | 1:1 
from = 334 | 1:1 
from = 343 | 1:1 
from = 346 | 1:1 
from = 342 | 1:1 
from = 345 | 1:1 
from = 340 | 1:1 
from = 337 | 1:1 
from = 347 | 1:1 
from = 336 | 1:1 
from = 338 | 1:1 
from = 344 | 1:1 
from = 335 | 1:1 
from = 348 | 1:1 
from = 350 | 1:1 
from = 274 | 1:1 
from = 282 | 1:1 
from = 181 | 1:1 
from = 182 | 1:1 
from = 185 | 1:2 22:2 24:2 23:2 
from = 22 | 185:2 
from = 24 | 185:2 116:2 115:1 113:2 114:1 
from = 116 | 24:2 
from = 115 | 24:1 15:1 9:1 12:1 8:1 17:1 18:1 14:1 19:1 13:1 10:1 21:1 16:1 20:1 11:1 
from = 15 | 115:1 
from = 9 | 115:1 
from = 12 | 115:1 
from = 8 | 115:1 
from = 17 | 115:1 
from = 18 | 115:1 
from = 14 | 115:1 
from = 19 | 115:1 
from = 13 | 115:1 
from = 10 | 115:1 
from = 21 | 115:1 
from = 16 | 115:1 
from = 20 | 115:1 
from = 11 | 115:1 
from = 113 | 24:2 
from = 23 | 185:2 
from = 114 | 24:1 
from = 184 | 1:1 
from = 183 | 1:1 
from = 180 | 1:1 
from = 253 | 1:1 
from = 269 | 1:1 
from = 132 | 1:1 
from = 148 | 1:1 
from = 146 | 1:1 
from = 155 | 1:1 
from = 152 | 1:1 
from = 159 | 1:1 
from = 138 | 1:1 
from = 145 | 1:1 
from = 137 | 1:1 
from = 135 | 1:1 
from = 153 | 1:1 
from = 158 | 1:1 
from = 126 | 1:1 
from = 125 | 1:1 
from = 157 | 1:1 
from = 129 | 1:1 
from = 144 | 1:1 
from = 150 | 1:1 
from = 123 | 1:1 
from = 147 | 1:1 
from = 139 | 1:1 
from = 130 | 1:1 
from = 134 | 1:1 
from = 143 | 1:1 
from = 108 | 1:1 202:1 
from = 112 | 1:1 202:1 
from = 110 | 1:1 202:1 
from = 109 | 1:1 202:1 
from = 106 | 1:1 202:1 
from = 107 | 1:1 202:1 
from = 111 | 1:1 202:1 
from = 156 | 1:1 
from = 124 | 1:1 
from = 154 | 1:1 
from = 141 | 1:1 
from = 202 | 1:1 108:1 112:1 110:1 109:1 106:1 107:1 111:1 
from = 213 | 1:1 
from = 201 | 1:1 
from = 206 | 1:1 
from = 209 | 1:1 
from = 222 | 1:1 
from = 200 | 1:1 
from = 216 | 1:1 
from = 203 | 1:1 
from = 212 | 1:1 
from = 210 | 1:1 
from = 207 | 1:1 
from = 5 | 1:1 
from = 4 | 1:1 
from = 2 | 1:1 
from = 7 | 1:1048576 
from = 6 | 1:1 
from = 3 | 1:1 
from = 218 | 1:1 
from = 215 | 1:1 
from = 221 | 1:1 
from = 205 | 1:1 
from = 174 | 1:2 
from = 175 | 1:2 
from = 178 | 1:2 
from = 173 | 1:2 
from = 172 | 1:2 
from = 176 | 1:2 
from = 177 | 1:2 
from = 217 | 1:1 
from = 220 | 1:1 
from = 214 | 1:1 
from = 211 | 1:1 
from = 204 | 1:1 
from = 208 | 1:1 
from = 219 | 1:1 
from = 131 | 1:1 
from = 136 | 1:1 
from = 142 | 1:1 
from = 151 | 1:1 
from = 149 | 1:1 
from = 140 | 1:1 
from = 133 | 1:1 
from = 128 | 1:1 
from = 127 | 1:1 
from = 258 | 1:1 
from = 326 | 1:1 
from = 327 | 1:1 
from = 329 | 1:1 
from = 328 | 1:1 
from = 325 | 1:1 
from = 330 | 1:1 
from = 273 | 1:1 
from = 276 | 1:1 
from = 262 | 1:1 
from = 164 | 1:1 
from = 193 | 1:1 
from = 196 | 1:1 
from = 191 | 1:1 
from = 187 | 1:1 
from = 195 | 1:1 
from = 198 | 1:1 
from = 186 | 1:65535 
from = 194 | 1:1 
from = 188 | 1:1 
from = 199 | 1:1 
from = 189 | 1:1 
from = 197 | 1:7 
from = 192 | 1:1 
from = 190 | 1:1 
from = 160 | 1:1 
from = 165 | 1:1 
from = 162 | 1:1 
from = 167 | 1:8 121:8 117:8 119:8 118:8388600 122:8 120:8 248:8 237:8 238:8 239:8 240:8 243:8388600 244:5165200 251:15213104 236:5165200 245:8388600 252:29497736 241:8 247:8 242:8 249:8 250:8 246:8 
from = 121 | 167:8 
from = 117 | 167:8 
from = 119 | 167:8 
from = 118 | 167:8388600 
from = 122 | 167:8 
from = 120 | 167:8 
from = 248 | 167:8 
from = 237 | 167:8 
from = 238 | 167:8 
from = 239 | 167:8 
from = 240 | 167:8 
from = 243 | 167:8388600 
from = 244 | 167:5165200 
from = 251 | 167:15213104 
from = 236 | 167:5165200 
from = 245 | 167:8388600 
from = 252 | 167:29497736 
from = 241 | 167:8 
from = 247 | 167:8 
from = 242 | 167:8 
from = 249 | 167:8 
from = 250 | 167:8 
from = 246 | 167:8 
from = 161 | 1:1 
from = 166 | 1:1 
from = 163 | 1:1 
from = 270 | 1:1 
from = 260 | 1:1 
from = 278 | 1:1 
from = 286 | 1:1 
from = 268 | 1:1 
from = 265 | 1:1 
from = 281 | 1:1 
from = 271 | 1:1 
from = 272 | 1:1 
from = 254 | 1:1 
from = 264 | 1:1 
from = 279 | 1:1 
from = 280 | 1:1 
from = 261 | 1:1 
from = 259 | 1:1 
from = 263 | 1:12 
from = 255 | 1:12 
from = 267 | 1:12 
from = 257 | 1:1 
from = 266 | 1:1 
from = 256 | 1:1 
from = 277 | 1:1 
from = 275 | 1:1 
from = 283 | 1:1 
from = 285 | 1:1 
