============================================================
ReuseSegment - Thread 0
head = 0, count = 89 | 0 324 
head = 324, count = 1 | 0 324 
head = 324, count = 4 | 324 1 
head = 0, count = 34 | 0 1 
head = 1, count = 2 | 1 47 
head = 47, count = 1 | 1 47 
head = 1, count = 1 | 1 235 
head = 235, count = 1 | 235 234 
head = 234, count = 1 | 234 237 
head = 1, count = 4 | 1 237 
head = 47, count = 1 | 47 237 
head = 237, count = 2 | 237 243 
head = 1, count = 18 | 1 243 
head = 0, count = 1 | 0 243 
head = 237, count = 1 | 237 239 
head = 243, count = 1 | 243 239 
head = 243, count = 1 | 1 243 239 
head = 237, count = 1 | 1 237 
head = 243, count = 2 | 1 243 
head = 243, count = 1 | 243 92 
head = 1, count = 1 | 1 78 
head = 243, count = 4 | 243 76 
head = 237, count = 1 | 237 76 
head = 92, count = 1 | 92 76 
head = 76, count = 2 | 76 88 
head = 76, count = 1 | 76 79 
head = 88, count = 1 | 88 79 
head = 88, count = 1 | 1 88 
head = 243, count = 1 | 243 125 
head = 125, count = 1 | 125 141 
head = 243, count = 4 | 243 141 
head = 76, count = 1 | 76 141 
head = 79, count = 1 | 79 141 
head = 141, count = 1 | 141 128 
head = 141, count = 1 | 141 103 
head = 128, count = 2 | 128 103 
head = 1, count = 1 | 1 103 
head = 1, count = 1 | 1 47 103 
head = 76, count = 1 | 76 103 
head = 243, count = 1 | 243 103 
head = 103, count = 2 | 1 103 
head = 141, count = 5 | 1 141 
head = 103, count = 1 | 103 108 
head = 1, count = 2 | 1 108 
head = 76, count = 1 | 76 108 
head = 1, count = 2 | 1 318 
head = 243, count = 2 | 243 318 
head = 0, count = 2 | 0 318 
head = 318, count = 6 | 318 303 
head = 303, count = 4 | 303 308 
head = 318, count = 21 | 318 308 
head = 324, count = 1 | 324 308 
head = 243, count = 1 | 243 308 
head = 1, count = 29 | 1 308 
head = 0, count = 1 | 0 308 
head = 308, count = 60 | 1 308 
head = 303, count = 4 | 1 303 
head = 108, count = 1 | 1 108 308 
head = 1, count = 6 | 1 287 
head = 308, count = 11 | 1 308 287 
head = 287, count = 6 | 287 296 
head = 1, count = 14 | 1 296 
head = 296, count = 17 | 296 286 
head = 286, count = 8 | 1 286 
head = 1, count = 5 | 1 152 
head = 152, count = 4 | 152 146 
head = 146, count = 5 | 146 144 
head = 1, count = 19 | 1 144 
head = 308, count = 24 | 308 144 
head = 318, count = 1 | 318 144 
head = 324, count = 1 | 324 144 
head = 286, count = 4 | 286 144 
head = 144, count = 1 | 144 143 
head = 143, count = 1 | 143 155 
head = 155, count = 5 | 155 149 
head = 1, count = 4 | 1 143 149 
head = 287, count = 4 | 287 286 155 149 
head = 103, count = 1 | 152 103 286 147 
head = 1, count = 1 | 1 131 
head = 144, count = 20 | 144 131 
head = 144, count = 1 | 1 144 147 131 
head = 308, count = 1 | 308 131 
head = 0, count = 2 | 0 131 
head = 308, count = 1 | 1 308 296 131 
head = 108, count = 1 | 108 308 131 
head = 0, count = 1 | 0 1 237 76 141 144 131 
head = 243, count = 2 | 243 109 
head = 131, count = 1 | 131 109 
head = 109, count = 1 | 1 109 
head = 131, count = 7 | 1 131 
head = 109, count = 1 | 109 100 
head = 108, count = 1 | 108 308 112 100 
head = 1, count = 2 | 1 100 
head = 296, count = 1 | 296 100 
head = 108, count = 1 | 108 303 308 137 100 
head = 149, count = 4 | 1 149 
head = 149, count = 3 | 1 318 149 317 
head = 131, count = 1 | 318 131 
head = 318, count = 12 | 318 314 
head = 314, count = 7 | 314 351 
head = 1, count = 11 | 1 351 
head = 351, count = 9 | 314 351 
head = 131, count = 17 | 131 314 
head = 144, count = 6 | 144 314 
head = 308, count = 1 | 308 314 
head = 318, count = 1 | 318 303 314 
head = 351, count = 7 | 314 351 350 
head = 324, count = 1 | 324 314 
head = 314, count = 17 | 1 314 
head = 1, count = 7 | 1 306 
head = 1, count = 4 | 1 306 315 
head = 306, count = 4 | 306 284 
head = 315, count = 7 | 315 284 
head = 284, count = 4 | 284 282 288 
head = 109, count = 1 | 318 109 314 351 352 301 288 
head = 288, count = 7 | 288 302 
head = 288, count = 4 | 288 302 294 
head = 284, count = 4 | 284 288 294 
head = 294, count = 4 | 303 294 
head = 314, count = 5 | 303 314 
head = 131, count = 3 | 308 131 
head = 314, count = 9 | 308 314 
head = 308, count = 5 | 308 296 
head = 294, count = 3 | 308 294 304 
head = 144, count = 5 | 1 144 
head = 155, count = 2 | 1 155 
head = 149, count = 1 | 150 149 
head = 150, count = 13 | 150 148 
head = 148, count = 15 | 148 145 
head = 149, count = 1 | 150 149 145 
head = 296, count = 1 | 296 148 145 
head = 144, count = 4 | 1 144 154 
head = 144, count = 4 | 144 154 
head = 145, count = 4 | 145 154 
head = 1, count = 3 | 1 154 
head = 1, count = 3 | 1 144 154 
head = 147, count = 2 | 152 286 147 
head = 1, count = 1 | 1 139 
head = 308, count = 1 | 1 308 296 139 
head = 100, count = 1 | 308 100 139 
head = 154, count = 2 | 154 139 
head = 76, count = 1 | 76 104 
head = 100, count = 1 | 308 100 142 104 
head = 139, count = 1 | 139 104 
head = 104, count = 1 | 1 104 
head = 139, count = 4 | 1 139 
head = 154, count = 4 | 1 154 
head = 104, count = 1 | 104 140 
head = 1, count = 2 | 1 140 
head = 145, count = 1 | 145 140 
head = 243, count = 1 | 243 140 
head = 154, count = 2 | 1 318 147 154 
head = 303, count = 10 | 303 281 
head = 281, count = 3 | 351 281 
head = 351, count = 11 | 351 281 
head = 154, count = 1 | 154 281 
head = 351, count = 7 | 351 350 281 
head = 281, count = 25 | 1 281 
head = 1, count = 7 | 1 285 
head = 1, count = 2 | 1 285 291 
head = 285, count = 2 | 285 310 
head = 291, count = 7 | 291 310 
head = 310, count = 2 | 310 316 313 
head = 140, count = 1 | 303 351 352 140 281 297 313 
head = 313, count = 7 | 313 305 
head = 313, count = 2 | 313 305 293 
head = 310, count = 2 | 310 313 293 
head = 293, count = 2 | 308 293 
head = 144, count = 8 | 308 144 
head = 281, count = 2 | 308 281 
head = 293, count = 7 | 308 293 283 
head = 144, count = 2 | 144 150 
head = 149, count = 2 | 149 148 
head = 145, count = 10 | 150 148 145 
head = 148, count = 1 | 150 148 
head = 1, count = 1 | 1 117 
head = 308, count = 1 | 1 308 296 117 
head = 140, count = 1 | 308 140 117 
head = 154, count = 2 | 154 117 
head = 305, count = 1 | 308 305 126 119 
head = 117, count = 1 | 117 119 
head = 119, count = 1 | 1 119 
head = 117, count = 4 | 1 117 
head = 1, count = 2 | 1 113 
head = 140, count = 1 | 308 140 138 113 
head = 140, count = 1 | 308 140 113 
head = 104, count = 1 | 318 308 104 130 113 
head = 113, count = 2 | 1 113 
head = 154, count = 2 | 314 154 
head = 119, count = 1 | 318 314 351 352 301 288 119 
head = 1, count = 1 | 1 289 
head = 289, count = 5 | 289 307 
head = 307, count = 6 | 307 299 
head = 286, count = 2 | 286 289 299 
head = 287, count = 2 | 287 286 307 299 
head = 147, count = 2 | 286 147 299 
head = 1, count = 1 | 1 308 111 134 
head = 308, count = 1 | 1 308 296 134 
head = 113, count = 1 | 308 113 134 
head = 1, count = 2 | 1 134 
head = 103, count = 1 | 103 101 
head = 243, count = 1 | 243 101 
head = 134, count = 1 | 134 101 
head = 101, count = 1 | 1 101 
head = 134, count = 4 | 1 134 
head = 101, count = 2 | 101 106 
head = 113, count = 1 | 308 113 106 
head = 1, count = 2 | 1 106 
head = 302, count = 1 | 308 302 120 106 
head = 299, count = 4 | 1 299 
head = 299, count = 1 | 318 299 
head = 1, count = 1 | 1 314 
head = 106, count = 1 | 318 314 351 352 301 288 106 
head = 145, count = 8 | 150 145 
head = 145, count = 1 | 148 145 
head = 299, count = 1 | 148 145 299 
head = 0, count = 2 | 0 154 
head = 299, count = 2 | 152 286 147 299 
head = 1, count = 2 | 1 132 
head = 308, count = 1 | 1 308 296 132 
head = 106, count = 1 | 308 106 132 
head = 154, count = 1 | 154 132 
head = 106, count = 1 | 308 106 122 124 
head = 100, count = 1 | 100 124 
head = 132, count = 1 | 132 124 
head = 124, count = 1 | 1 124 
head = 132, count = 4 | 1 132 
head = 124, count = 2 | 124 116 
head = 106, count = 1 | 308 106 116 
head = 1, count = 2 | 1 116 
head = 1, count = 13 | 1 323 
head = 149, count = 1 | 1 149 317 323 
head = 154, count = 1 | 1 147 154 323 
head = 314, count = 16 | 314 323 
head = 308, count = 17 | 308 323 
head = 0, count = 2 | 0 323 
head = 144, count = 3 | 144 323 
head = 103, count = 1 | 103 318 308 114 323 
head = 323, count = 4 | 323 322 
head = 322, count = 2 | 322 319 
head = 323, count = 3 | 1 323 319 
head = 322, count = 2 | 318 322 
head = 323, count = 2 | 318 323 
head = 116, count = 1 | 318 314 351 352 301 288 116 
head = 294, count = 4 | 351 294 304 
head = 314, count = 1 | 314 281 
head = 319, count = 2 | 303 351 352 281 297 313 319 
head = 323, count = 43 | 308 323 
head = 149, count = 1 | 149 289 
head = 147, count = 1 | 286 147 299 116 
head = 1, count = 3 | 1 102 
head = 308, count = 1 | 1 308 296 102 
head = 116, count = 1 | 308 116 102 
head = 1, count = 1 | 1 80 
head = 305, count = 1 | 308 305 133 80 
head = 141, count = 1 | 141 128 80 
head = 102, count = 2 | 102 80 
head = 105, count = 1 | 105 87 
head = 103, count = 1 | 103 87 
head = 80, count = 5 | 1 80 
head = 302, count = 1 | 1 308 302 127 
head = 308, count = 1 | 1 308 296 
head = 102, count = 3 | 1 102 
head = 116, count = 1 | 1 308 116 136 
head = 302, count = 1 | 1 308 302 129 
head = 302, count = 1 | 1 308 302 107 
head = 323, count = 5 | 1 323 
head = 100, count = 1 | 1 303 308 100 110 
head = 103, count = 1 | 1 103 87 
head = 237, count = 1 | 237 98 
head = 1, count = 1 | 1 98 
head = 243, count = 1 | 243 98 
head = 78, count = 1 | 1 78 76 79 98 
head = 98, count = 1 | 98 82 
head = 79, count = 1 | 79 105 81 82 
head = 1, count = 1 | 1 82 
head = 116, count = 1 | 308 116 82 
head = 237, count = 1 | 237 82 
head = 106, count = 1 | 318 303 308 106 123 
head = 113, count = 1 | 303 308 351 113 115 
head = 285, count = 5 | 285 291 
head = 1, count = 4 | 1 291 310 
head = 1, count = 5 | 1 313 
head = 82, count = 1 | 303 351 352 281 297 313 82 
head = 310, count = 5 | 310 316 313 305 293 
head = 313, count = 5 | 308 313 
head = 310, count = 4 | 308 310 
head = 287, count = 5 | 287 286 
head = 286, count = 4 | 286 289 307 299 
head = 299, count = 3 | 286 299 
head = 1, count = 3 | 1 89 
head = 308, count = 1 | 308 296 89 
head = 82, count = 1 | 308 82 89 
head = 98, count = 1 | 308 99 98 69 
head = 82, count = 1 | 308 82 84 69 
head = 98, count = 1 | 1 98 82 69 
head = 89, count = 4 | 1 89 
head = 69, count = 1 | 69 64 
head = 1, count = 1 | 1 64 
head = 100, count = 1 | 308 100 64 
head = 89, count = 1 | 323 89 
head = 296, count = 2 | 296 323 
head = 98, count = 1 | 318 308 323 98 
head = 308, count = 3 | 1 308 296 286 
head = 323, count = 1 | 351 323 
head = 1, count = 2 | 1 351 323 
head = 306, count = 3 | 306 315 
head = 1, count = 2 | 1 315 284 
head = 1, count = 3 | 1 288 
head = 69, count = 1 | 318 314 351 352 301 288 69 
head = 284, count = 3 | 284 282 288 302 294 
head = 288, count = 3 | 303 288 
head = 284, count = 2 | 351 284 
head = 299, count = 1 | 289 299 
head = 1, count = 3 | 1 85 
head = 308, count = 1 | 308 296 85 
head = 64, count = 1 | 308 64 85 
head = 1, count = 1 | 1 73 
head = 305, count = 1 | 308 305 75 73 
head = 69, count = 1 | 1 69 64 73 
head = 85, count = 4 | 1 85 
head = 73, count = 1 | 1 73 95 
head = 64, count = 1 | 308 64 83 95 
head = 1, count = 1 | 1 95 
head = 64, count = 1 | 308 64 95 
head = 73, count = 1 | 73 95 
head = 296, count = 1 | 318 296 
head = 299, count = 1 | 351 299 
head = 73, count = 1 | 318 314 351 352 288 73 
head = 95, count = 1 | 303 351 352 301 302 281 297 313 95 
head = 85, count = 1 | 308 85 
head = 296, count = 2 | 1 296 
head = 1, count = 1 | 1 146 
head = 286, count = 1 | 286 143 155 149 
head = 299, count = 2 | 150 148 145 299 
head = 1, count = 2 | 1 94 
head = 308, count = 1 | 308 296 94 
head = 95, count = 1 | 308 95 94 
head = 154, count = 1 | 154 94 
head = 302, count = 1 | 308 302 68 
head = 302, count = 1 | 308 302 77 68 
head = 95, count = 1 | 308 95 86 68 
head = 94, count = 4 | 1 94 
head = 68, count = 1 | 1 68 65 
head = 1, count = 1 | 1 65 
head = 82, count = 1 | 308 82 65 
head = 82, count = 1 | 82 65 
head = 305, count = 1 | 308 305 93 97 65 
head = 152, count = 1 | 1 152 318 147 
head = 154, count = 1 | 351 154 
head = 149, count = 1 | 149 317 351 
head = 65, count = 1 | 303 351 352 281 313 65 
head = 154, count = 1 | 308 154 
head = 94, count = 1 | 308 94 
head = 148, count = 1 | 148 289 
head = 1, count = 3 | 1 66 
head = 308, count = 1 | 308 296 66 
head = 65, count = 1 | 308 65 66 
head = 1, count = 1 | 1 92 231 229 
head = 305, count = 1 | 1 308 305 96 229 
head = 239, count = 1 | 239 88 229 
head = 66, count = 2 | 66 229 
head = 87, count = 1 | 87 242 
head = 87, count = 1 | 87 64 242 
head = 229, count = 2 | 1 229 
head = 1, count = 1 | 1 242 
head = 239, count = 1 | 239 92 236 
head = 1, count = 1 | 1 236 
head = 68, count = 1 | 1 308 68 67 
head = 229, count = 1 | 323 229 
head = 305, count = 1 | 308 305 323 
head = 65, count = 1 | 308 352 297 305 323 65 71 
head = 66, count = 2 | 323 66 
head = 308, count = 1 | 308 296 286 323 
head = 299, count = 1 | 299 323 
head = 65, count = 1 | 308 323 65 90 
head = 95, count = 1 | 323 95 
head = 236, count = 1 | 323 236 
head = 323, count = 1 | 323 321 
head = 321, count = 1 | 319 321 
head = 68, count = 1 | 1 318 308 68 
head = 323, count = 1 | 318 323 321 
head = 319, count = 1 | 318 314 351 352 288 319 
head = 302, count = 1 | 303 351 352 302 281 297 313 
head = 1, count = 1 | 1 235 41 16 
head = 305, count = 1 | 1 308 305 240 16 
head = 47, count = 1 | 47 243 16 
head = 229, count = 1 | 229 16 
head = 229, count = 1 | 1 229 16 
head = 16, count = 2 | 1 16 
head = 1, count = 6 | 1 263 
head = 16, count = 1 | 16 263 
head = 308, count = 14 | 308 263 
head = 299, count = 1 | 299 263 
head = 323, count = 1 | 323 263 
head = 296, count = 1 | 296 263 
head = 314, count = 1 | 1 318 303 314 281 263 
head = 236, count = 1 | 308 352 301 302 236 228 230 263 
head = 308, count = 1 | 1 308 296 263 
head = 0, count = 2 | 0 263 
head = 263, count = 6 | 265 263 
head = 265, count = 2 | 265 246 
head = 246, count = 1 | 246 227 
head = 263, count = 3 | 227 263 
head = 263, count = 1 | 254 263 
head = 254, count = 1 | 254 250 
head = 227, count = 1 | 227 250 
head = 250, count = 1 | 227 250 
head = 308, count = 1 | 308 296 286 227 
head = 1, count = 1 | 1 227 
head = 286, count = 1 | 286 227 
head = 227, count = 1 | 227 248 
head = 250, count = 1 | 227 250 248 
head = 248, count = 1 | 248 258 
head = 227, count = 1 | 227 258 
head = 248, count = 1 | 248 257 
head = 258, count = 1 | 258 257 
head = 299, count = 1 | 299 256 255 
head = 258, count = 1 | 258 257 259 
head = 257, count = 1 | 257 255 251 
head = 227, count = 1 | 265 246 227 
head = 251, count = 1 | 265 227 251 
head = 259, count = 1 | 265 259 251 
head = 246, count = 1 | 246 225 
head = 265, count = 2 | 265 225 
head = 263, count = 20 | 263 225 
head = 308, count = 1 | 308 225 
head = 314, count = 1 | 308 314 281 225 
head = 242, count = 1 | 242 236 225 
head = 225, count = 1 | 265 246 225 
head = 225, count = 2 | 265 225 
head = 265, count = 2 | 265 264 
head = 242, count = 1 | 265 242 263 28 
head = 264, count = 2 | 1 264 
head = 265, count = 2 | 265 183 
head = 227, count = 1 | 227 183 
head = 183, count = 1 | 183 168 
head = 168, count = 1 | 1 168 
head = 227, count = 3 | 1 227 
head = 225, count = 2 | 1 225 
head = 257, count = 1 | 1 257 
head = 1, count = 1 | 1 177 
head = 183, count = 1 | 183 177 
head = 177, count = 1 | 177 184 
head = 184, count = 2 | 184 188 
head = 1, count = 1 | 1 188 
head = 188, count = 2 | 188 202 
head = 184, count = 1 | 184 202 
head = 16, count = 1 | 16 202 
head = 16, count = 1 | 1 227 16 202 
head = 183, count = 1 | 183 203 
head = 202, count = 1 | 202 187 
head = 187, count = 1 | 1 187 
head = 202, count = 4 | 1 202 
head = 203, count = 1 | 203 198 
head = 1, count = 1 | 1 198 
head = 1, count = 1 | 1 198 196 
head = 1, count = 1 | 1 196 
head = 188, count = 1 | 188 196 
head = 198, count = 1 | 198 169 
head = 196, count = 2 | 196 169 
head = 169, count = 1 | 169 181 
head = 181, count = 1 | 1 181 
head = 169, count = 1 | 1 169 
head = 1, count = 1 | 1 176 
head = 177, count = 1 | 177 176 
head = 176, count = 1 | 176 190 
head = 1, count = 1 | 1 190 
head = 190, count = 2 | 190 207 
head = 207, count = 1 | 207 174 
head = 1, count = 3 | 1 174 
head = 196, count = 1 | 196 190 174 
head = 174, count = 4 | 1 174 
head = 1, count = 6 | 1 7 
head = 225, count = 17 | 225 7 
head = 323, count = 1 | 323 7 
head = 0, count = 1 | 0 7 
head = 1, count = 1 | 1 7 6 5 
head = 7, count = 3 | 7 2 
head = 2, count = 3 | 2 3 
head = 5, count = 3 | 5 3 
head = 3, count = 3 | 3 4 
head = 4, count = 1 | 1 4 197 
head = 3, count = 1 | 1 3 4 197 
head = 7, count = 20 | 7 197 
head = 225, count = 1 | 225 197 
head = 0, count = 1 | 0 197 
head = 197, count = 5 | 1 197 
head = 169, count = 1 | 169 5 
head = 1, count = 1 | 1 7 6 5 179 
head = 3, count = 1 | 1 3 4 179 
head = 179, count = 1 | 1 179 204 
head = 179, count = 1 | 1 179 
head = 197, count = 1 | 197 343 
head = 197, count = 1 | 7 197 
head = 1, count = 1 | 1 5 
head = 3, count = 1 | 3 4 343 
head = 343, count = 2 | 343 333 
head = 7, count = 2 | 7 333 
head = 197, count = 16 | 197 333 
head = 323, count = 4 | 323 333 
head = 308, count = 8 | 308 333 
head = 1, count = 1 | 1 237 76 141 227 333 
head = 225, count = 1 | 225 333 
head = 1, count = 4 | 1 333 
head = 4, count = 1 | 4 343 333 
head = 0, count = 8 | 0 333 
head = 318, count = 1 | 318 303 264 188 197 179 343 333 
head = 324, count = 1 | 324 333 
head = 0, count = 3 | 0 1 237 76 141 227 144 333 
head = 207, count = 1 | 207 7 3 333 
head = 324, count = 1 | 0 324 333 
head = 308, count = 1 | 308 323 333 
head = 263, count = 1 | 265 263 264 188 197 179 343 333 
head = 333, count = 24 | 333 335 
head = 0, count = 1 | 0 324 1 243 318 308 144 131 314 323 263 225 7 333 335 
head = 324, count = 1 | 324 335 
head = 335, count = 25 | 1 335 
head = 333, count = 20 | 1 333 
head = 324, count = 1 | 324 1 333 
head = 0, count = 1 | 0 1 237 76 141 227 144 131 154 139 117 134 132 102 80 89 85 94 66 229 16 202 174 333 
head = 1, count = 1 | 1 332 
head = 1, count = 1 | 1 326 332 330 
head = 332, count = 1 | 332 330 
head = 330, count = 2 | 330 331 
head = 7, count = 1 | 1 7 
head = 0, count = 1 | 0 1 333 
head = 0, count = 1 | 0 324 1 308 265 263 333 
head = 0, count = 1 | 0 1 263 
head = 95, count = 1 | 1 308 95 
head = 0, count = 1 | 0 1 144 333 
head = 324, count = 1 | 324 1 308 323 225 
head = 0, count = 1 | 0 1 237 76 141 144 
head = 1, count = 2 | 1 161 
head = 161, count = 2 | 161 160 
head = 1, count = 40 | 1 160 
head = 225, count = 1 | 225 160 
head = 1, count = 1 | 1 157 
head = 160, count = 24 | 160 158 
head = 1, count = 1 | 1 160 158 
head = 331, count = 1 | 1 331 161 157 346 
head = 158, count = 8 | 1 158 
head = 160, count = 5 | 1 160 
head = 333, count = 1 | 1 333 160 
head = 1, count = 3 | 1 328 
head = 331, count = 1 | 1 331 328 
head = 328, count = 2 | 1 328 
head = 328, count = 1 | 328 58 
head = 1, count = 2 | 1 55 
head = 55, count = 2 | 55 57 
head = 58, count = 2 | 58 57 
head = 57, count = 4 | 54 57 
head = 54, count = 4 | 1 54 
head = 1, count = 46 | 1 338 
head = 158, count = 1 | 1 158 328 338 
head = 158, count = 10 | 158 338 
head = 0, count = 1 | 0 333 338 
head = 47, count = 1 | 47 235 327 
head = 28, count = 1 | 28 183 203 327 
head = 327, count = 1 | 327 334 
head = 338, count = 22 | 338 340 
head = 1, count = 6 | 1 340 
head = 1, count = 3 | 1 337 
head = 340, count = 22 | 340 337 
head = 243, count = 1 | 243 88 128 296 288 313 322 258 184 196 190 3 57 337 
head = 0, count = 2 | 0 337 
head = 338, count = 1 | 338 337 
head = 324, count = 1 | 324 333 337 
head = 324, count = 1 | 324 337 
head = 1, count = 1 | 1 7 6 5 333 193 173 
head = 333, count = 1 | 1 333 173 
head = 190, count = 1 | 190 173 
head = 1, count = 2 | 1 173 
head = 225, count = 1 | 225 28 50 
head = 50, count = 1 | 50 49 
head = 49, count = 233 | 49 37 
head = 37, count = 266 | 49 37 
head = 324, count = 31 | 324 37 
head = 0, count = 2 | 0 37 
head = 49, count = 1 | 49 27 
head = 1, count = 4 | 1 165 
head = 4, count = 1 | 1 4 179 165 
head = 328, count = 1 | 328 58 345 336 334 165 
head = 333, count = 1 | 1 333 337 165 
head = 1, count = 1 | 1 338 336 165 
head = 337, count = 12 | 337 165 
head = 1, count = 2 | 1 337 165 
head = 333, count = 3 | 333 165 
head = 338, count = 6 | 338 165 
head = 131, count = 1 | 144 131 154 139 117 134 132 102 80 89 85 94 66 229 16 202 174 173 165 
head = 198, count = 1 | 198 169 207 195 178 185 165 
head = 176, count = 1 | 176 201 165 
head = 324, count = 2 | 324 333 165 
head = 324, count = 7 | 324 165 
head = 173, count = 2 | 173 165 
head = 165, count = 10 | 165 162 
head = 162, count = 10 | 162 164 
head = 165, count = 6 | 165 164 
head = 164, count = 11 | 164 167 
head = 165, count = 20 | 165 167 
head = 338, count = 1 | 338 340 337 165 167 
head = 324, count = 2 | 324 167 
head = 323, count = 2 | 323 167 
head = 338, count = 3 | 338 165 162 164 167 
head = 167, count = 12 | 1 167 
head = 1, count = 1 | 1 62 
head = 62, count = 1 | 62 60 
head = 49, count = 1 | 49 21 9 419 418 
head = 49, count = 28 | 49 418 
head = 418, count = 1 | 418 417 
head = 417, count = 1 | 417 416 
head = 49, count = 21 | 49 416 
head = 49, count = 28 | 49 418 416 
head = 27, count = 1 | 27 62 414 418 417 416 
head = 416, count = 1 | 416 413 
head = 413, count = 1 | 413 415 
head = 60, count = 1 | 1 60 59 
head = 1, count = 3 | 1 212 
head = 167, count = 7 | 167 212 
head = 164, count = 1 | 164 212 
head = 338, count = 4 | 338 212 
head = 1, count = 1 | 1 338 212 
head = 0, count = 1 | 0 1 237 76 141 227 144 333 338 212 
head = 28, count = 1 | 28 212 
head = 212, count = 8 | 1 212 
head = 165, count = 1 | 1 165 
head = 337, count = 1 | 1 337 
head = 173, count = 1 | 1 173 
head = 167, count = 1 | 167 214 
head = 214, count = 1 | 222 214 
head = 1, count = 11 | 1 222 
head = 167, count = 6 | 167 222 
head = 337, count = 12 | 337 222 
head = 338, count = 3 | 338 222 
head = 308, count = 1 | 308 351 54 250 222 
head = 160, count = 3 | 160 222 
head = 158, count = 5 | 158 222 
head = 222, count = 2 | 222 221 
head = 212, count = 1 | 1 212 218 208 
head = 223, count = 1 | 223 208 
head = 340, count = 1 | 1 340 212 
head = 1, count = 1 | 1 160 338 173 212 222 
head = 208, count = 1 | 208 211 
head = 212, count = 5 | 212 211 
head = 1, count = 91 | 1 211 
head = 1, count = 1 | 1 222 211 
head = 222, count = 5 | 222 211 
head = 222, count = 1 | 1 222 211 
head = 221, count = 2 | 221 211 
head = 222, count = 2 | 222 409 
head = 211, count = 1 | 211 409 
head = 409, count = 2 | 211 409 
head = 211, count = 1 | 211 390 
head = 390, count = 306 | 211 390 
head = 211, count = 317 | 211 385 
head = 211, count = 1 | 211 390 385 
head = 409, count = 1 | 409 385 
head = 222, count = 29 | 222 385 
head = 338, count = 2 | 338 385 
head = 337, count = 1 | 337 385 
head = 158, count = 1 | 158 385 
head = 1, count = 7 | 1 385 
head = 167, count = 1 | 167 385 
head = 385, count = 306 | 385 361 
head = 385, count = 612 | 211 385 392 
head = 223, count = 2047 | 223 382 380 
head = 361, count = 23903 | 211 361 
head = 385, count = 231 | 211 385 
head = 211, count = 21 | 211 278 
head = 385, count = 10 | 385 278 
head = 212, count = 3 | 212 278 
head = 1, count = 3 | 1 278 
head = 212, count = 1 | 1 212 278 
head = 338, count = 1 | 338 212 278 
head = 278, count = 8 | 278 276 
head = 385, count = 20 | 385 276 
head = 338, count = 2 | 338 276 
head = 1, count = 17 | 1 276 
head = 385, count = 1 | 385 411 267 278 279 
head = 211, count = 2 | 211 267 274 
head = 211, count = 2408 | 211 386 
head = 279, count = 4 | 211 279 407 
head = 386, count = 2407 | 211 386 
head = 274, count = 4 | 211 274 
head = 276, count = 1 | 211 276 279 
head = 276, count = 1 | 211 276 
head = 278, count = 18 | 211 278 
head = 212, count = 1 | 1 212 211 278 
head = 0, count = 9 | 0 1 211 
head = 211, count = 3565 | 211 365 
head = 276, count = 1 | 211 276 407 386 387 
head = 278, count = 2 | 278 269 
head = 276, count = 73 | 276 269 
head = 387, count = 32 | 387 269 
head = 276, count = 3 | 276 273 
head = 278, count = 9 | 278 273 
head = 211, count = 3 | 211 273 
head = 269, count = 4 | 269 273 
head = 278, count = 1 | 211 278 273 
head = 211, count = 2 | 211 411 267 278 279 277 
head = 365, count = 2 | 211 267 274 365 376 
head = 386, count = 2405 | 386 387 
head = 273, count = 3 | 211 279 273 
head = 273, count = 18 | 211 273 
head = 276, count = 1 | 276 407 386 387 273 
head = 211, count = 1 | 211 400 
head = 211, count = 22 | 211 400 408 
head = 400, count = 306 | 400 408 
head = 211, count = 498 | 211 408 
head = 385, count = 9212 | 385 408 
head = 365, count = 5 | 211 365 376 366 408 
head = 278, count = 4 | 278 408 
head = 276, count = 10 | 276 408 
head = 408, count = 321 | 211 408 
head = 408, count = 305 | 408 410 396 
head = 408, count = 1538 | 408 396 
head = 276, count = 9 | 276 396 
head = 340, count = 1 | 340 396 
head = 1, count = 5 | 1 396 
head = 211, count = 3 | 211 396 
head = 269, count = 3 | 269 396 
head = 385, count = 304 | 385 396 
head = 211, count = 1 | 211 409 363 411 398 396 
head = 222, count = 1 | 222 396 
head = 396, count = 1852 | 396 401 
head = 160, count = 1 | 160 401 
head = 385, count = 2 | 385 401 
head = 396, count = 305 | 396 377 
head = 211, count = 1 | 211 390 377 
head = 401, count = 633 | 401 377 
head = 1, count = 1 | 1 211 377 
head = 377, count = 305 | 377 391 
head = 377, count = 326 | 377 379 
head = 333, count = 1 | 333 379 
head = 211, count = 1 | 211 363 379 
head = 269, count = 44 | 269 403 391 379 360 378 
head = 401, count = 305 | 401 384 391 379 397 
head = 379, count = 305 | 379 397 
head = 377, count = 307 | 377 397 
head = 401, count = 1227 | 401 397 
head = 408, count = 305 | 211 390 408 377 
head = 211, count = 305 | 211 390 385 377 391 
head = 397, count = 2135 | 385 397 
head = 379, count = 18 | 385 379 
head = 408, count = 7611 | 385 408 
head = 396, count = 305 | 385 396 
head = 385, count = 49 | 211 385 411 407 
head = 396, count = 4 | 211 396 
head = 276, count = 28 | 276 407 386 387 
head = 211, count = 264 | 211 411 407 
head = 365, count = 2037 | 211 365 376 
head = 269, count = 96 | 211 269 
head = 365, count = 191 | 211 365 
head = 378, count = 2 | 407 386 387 378 
head = 276, count = 3 | 276 386 387 
head = 276, count = 6 | 276 407 387 
head = 380, count = 53555 | 382 380 
head = 387, count = 1 | 278 387 
head = 269, count = 19 | 269 403 
head = 365, count = 1 | 211 278 365 
head = 407, count = 4 | 407 386 387 
head = 211, count = 30 | 211 280 
head = 387, count = 19 | 387 280 
head = 211, count = 2 | 211 411 267 274 
head = 274, count = 30 | 211 274 407 
head = 365, count = 7 | 211 267 365 376 
head = 280, count = 30 | 211 280 
head = 280, count = 36 | 407 386 387 280 
head = 407, count = 6 | 407 387 
head = 387, count = 726 | 407 386 387 
head = 269, count = 10 | 386 387 269 
head = 269, count = 11 | 407 387 269 
head = 269, count = 48 | 407 386 387 269 
head = 211, count = 3317 | 211 371 
head = 365, count = 1280 | 365 371 
head = 371, count = 2909 | 371 404 
head = 211, count = 5206 | 211 404 
head = 211, count = 120 | 211 371 404 
head = 173, count = 1 | 173 404 
head = 211, count = 1 | 211 396 404 
head = 211, count = 2060 | 211 411 407 371 404 
head = 404, count = 9203 | 211 404 
head = 371, count = 196 | 211 371 
head = 365, count = 167 | 365 371 404 
head = 269, count = 1 | 211 269 273 
head = 387, count = 204 | 407 387 
head = 211, count = 341 | 211 364 
head = 387, count = 1915 | 407 387 364 
head = 387, count = 98 | 386 387 
head = 280, count = 8 | 407 387 280 
head = 1, count = 1 | 1 365 
head = 364, count = 1140 | 371 404 364 
head = 364, count = 1333 | 407 386 387 364 
head = 371, count = 1 | 211 371 404 364 
head = 211, count = 31 | 211 404 364 
head = 371, count = 1688 | 371 364 
head = 371, count = 87 | 371 404 364 
head = 365, count = 189 | 365 364 
head = 364, count = 114 | 386 387 364 
head = 66, count = 1 | 66 211 
head = 65, count = 1 | 308 65 365 
head = 364, count = 367 | 407 387 364 
head = 364, count = 56130 | 407 364 
head = 365, count = 3 | 365 404 364 
head = 404, count = 4 | 211 400 404 
head = 211, count = 6 | 211 400 408 371 404 
head = 404, count = 53 | 408 404 
head = 377, count = 123 | 363 411 398 396 377 384 391 379 397 
head = 408, count = 309 | 408 401 
head = 391, count = 305 | 390 377 391 
head = 379, count = 3932 | 363 379 
head = 387, count = 1 | 387 403 391 379 378 
head = 404, count = 119 | 371 404 
head = 371, count = 2 | 379 371 404 
head = 387, count = 2 | 407 387 280 
head = 211, count = 2 | 211 411 267 274 371 404 
head = 404, count = 312 | 211 361 404 
head = 365, count = 356 | 211 365 376 366 
head = 364, count = 53 | 211 364 
head = 364, count = 180 | 404 364 
head = 0, count = 1 | 0 1 237 76 141 227 144 333 338 212 211 278 273 404 
head = 404, count = 196 | 404 364 
head = 371, count = 1 | 211 371 364 
head = 364, count = 403 | 365 371 364 
head = 208, count = 1 | 208 363 382 380 381 
head = 371, count = 67 | 365 371 
head = 154, count = 2 | 154 211 
head = 145, count = 2 | 145 365 
head = 364, count = 1073 | 371 364 
head = 404, count = 4 | 365 371 404 
head = 364, count = 2 | 365 364 
head = 371, count = 2 | 365 371 404 
head = 404, count = 78 | 211 371 404 
head = 145, count = 2 | 145 364 
head = 380, count = 4614 | 363 382 380 381 
head = 364, count = 23 | 365 371 404 364 
head = 364, count = 57 | 403 391 379 360 378 364 
head = 378, count = 20 | 407 378 364 
head = 364, count = 1 | 379 364 
head = 211, count = 12 | 211 411 267 274 407 371 404 
head = 280, count = 3 | 386 387 280 
head = 211, count = 23542 | 211 366 
head = 145, count = 1 | 145 371 
head = 380, count = 18 | 382 380 381 
head = 385, count = 12 | 385 371 
head = 0, count = 1 | 0 1 227 144 211 
head = 404, count = 29 | 211 365 371 404 
head = 404, count = 40 | 211 404 364 
head = 404, count = 5 | 365 404 
head = 211, count = 10 | 211 365 404 
head = 1, count = 3 | 1 211 396 
head = 364, count = 44 | 211 371 364 
head = 404, count = 17 | 211 365 404 
head = 211, count = 2 | 211 365 371 404 
head = 364, count = 89 | 211 371 404 364 
head = 1, count = 1 | 1 364 
head = 361, count = 301 | 211 361 400 
head = 211, count = 22 | 211 411 407 400 408 371 404 
head = 211, count = 301 | 211 366 408 
head = 385, count = 11 | 385 404 
head = 408, count = 1 | 408 404 
head = 404, count = 1 | 211 408 404 
head = 396, count = 1 | 211 396 404 
head = 371, count = 3 | 211 371 404 
head = 0, count = 1 | 0 1 144 211 
head = 0, count = 6 | 0 211 
head = 0, count = 1 | 0 1 211 278 
head = 364, count = 4 | 280 364 
head = 364, count = 1 | 211 379 404 364 
head = 211, count = 2 | 211 371 404 364 
head = 380, count = 582 | 363 382 380 
head = 212, count = 1 | 1 212 211 278 273 408 396 404 
head = 404, count = 12 | 211 371 404 364 
head = 371, count = 2 | 379 371 364 
head = 296, count = 3 | 296 404 
head = 144, count = 1 | 144 154 404 
head = 1, count = 2 | 1 404 
head = 371, count = 5 | 408 371 
head = 371, count = 4 | 385 371 
head = 364, count = 1 | 385 408 404 364 
head = 0, count = 1 | 0 1 144 333 211 408 
head = 211, count = 23 | 211 267 
head = 382, count = 1350 | 382 380 
head = 364, count = 2 | 211 404 364 
head = 1, count = 1 | 1 212 211 278 
head = 382, count = 488 | 363 382 380 381 
head = 0, count = 1 | 0 1 333 338 379 371 
head = 157, count = 426 | 157 361 
head = 379, count = 1 | 379 371 
head = 165, count = 1 | 165 162 164 211 278 273 404 
head = 131, count = 1 | 1 131 154 139 117 134 132 102 80 89 85 94 66 229 16 202 174 340 173 273 404 
head = 276, count = 1 | 385 276 408 280 
head = 1, count = 4 | 1 160 222 385 408 
head = 324, count = 1 | 324 1 308 323 160 338 222 385 408 
head = 308, count = 1 | 1 308 160 222 385 408 
head = 1, count = 1 | 1 211 401 397 
head = 401, count = 1 | 385 401 
head = 363, count = 4 | 363 379 
head = 308, count = 1 | 308 160 222 385 
head = 1, count = 4 | 1 212 211 
head = 1, count = 1 | 1 160 338 212 222 211 385 278 408 396 
head = 0, count = 1 | 0 324 1 237 76 141 227 144 131 154 139 117 134 132 102 80 89 85 94 66 229 16 202 174 333 160 338 340 173 212 222 211 385 278 273 408 396 404 
head = 0, count = 1 | 0 1 131 154 139 117 134 132 102 80 89 85 94 66 229 16 202 174 160 340 173 212 222 211 385 273 408 404 
head = 382, count = 109 | 363 382 380 
head = 0, count = 1 | 0 1 237 76 141 227 144 131 154 139 117 134 132 102 80 89 85 94 66 229 16 202 174 333 160 338 173 212 222 211 385 278 273 408 396 404 
head = 1, count = 1 | 1 211 385 278 273 408 396 404 
head = 407, count = 54 | 407 364 
head = 363, count = 4 | 363 382 380 
head = 334, count = 1 | 334 27 165 164 26 212 208 361 
head = 363, count = 24 | 363 382 380 381 
head = 380, count = 1 | 363 380 381 
head = 381, count = 9 | 382 380 381 
head = 211, count = 1 | 211 385 408 401 397 
head = 308, count = 9 | 1 308 323 160 222 385 408 
head = 0, count = 1 | 0 324 1 243 318 308 265 314 323 263 197 160 338 340 212 222 211 385 276 408 379 
head = 308, count = 14 | 1 308 323 160 338 222 385 408 
head = 324, count = 1 | 324 1 308 160 338 165 162 164 222 385 408 
head = 1, count = 1 | 1 160 338 222 385 408 
head = 397, count = 5 | 401 397 
head = 1, count = 2 | 1 211 385 401 397 
head = 377, count = 2 | 401 377 
head = 385, count = 1 | 211 385 404 
head = 211, count = 1 | 211 355 
head = 1, count = 1 | 1 211 276 280 
head = 1, count = 1 | 1 280 
head = 211, count = 44 | 211 361 
head = 404, count = 1 | 385 408 404 364 
head = 338, count = 1 | 338 278 
head = 211, count = 1 | 211 385 408 401 377 397 
head = 1, count = 1 | 1 160 222 211 385 408 
head = 1, count = 1 | 1 160 158 222 221 211 385 408 396 401 397 
head = 1, count = 1 | 1 211 396 401 397 
head = 211, count = 1 | 211 385 401 377 397 
head = 382, count = 107 | 363 382 381 
head = 371, count = 7 | 379 371 
head = 381, count = 7 | 363 382 380 381 
head = 157, count = 2 | 157 26 361 
head = 385, count = 7 | 385 408 404 
head = 364, count = 21 | 403 391 379 378 364 
head = 381, count = 1 | 363 382 381 
head = 157, count = 2 | 157 327 
head = 382, count = 7 | 363 382 
head = 0, count = 1 | 0 324 1 243 318 308 144 131 314 323 263 225 7 197 333 335 160 158 338 340 337 165 167 212 222 211 385 276 396 401 377 379 
head = 0, count = 1 | 0 324 1 225 338 212 211 
head = 0, count = 1 | 0 212 211 
head = 0, count = 1 | 0 1 263 212 211 
head = 1, count = 2 | 1 211 276 396 280 
head = 211, count = 15 | 211 411 407 400 408 
head = 385, count = 5 | 385 411 267 274 407 
head = 1, count = 1 | 1 237 76 141 227 144 333 211 408 396 
head = 237, count = 1 | 1 237 76 141 227 144 211 
head = 237, count = 2 | 1 237 76 141 227 144 333 211 408 396 
head = 385, count = 59 | 385 411 407 400 408 
head = 378, count = 154 | 403 391 379 360 378 
head = 211, count = 2 | 211 385 408 404 
head = 364, count = 3 | 407 403 391 379 360 378 364 
head = 1, count = 1 | 1 338 212 211 278 
head = 1, count = 1 | 1 338 212 211 278 408 396 
head = 363, count = 1 | 363 382 381 
head = 385, count = 9 | 385 411 267 274 
head = 385, count = 182 | 385 400 408 
head = 377, count = 181 | 363 398 396 377 384 391 379 397 
head = 404, count = 1 | 211 278 404 
head = 211, count = 1 | 211 278 404 
head = 365, count = 1 | 278 365 
head = 404, count = 1 | 278 404 
head = 387, count = 2 | 387 403 391 360 
head = 378, count = 3 | 403 378 
head = 378, count = 35 | 269 403 378 
head = 378, count = 18 | 269 403 391 360 378 
head = 378, count = 1 | 269 378 
head = 364, count = 36 | 269 364 
head = 364, count = 5 | 407 269 364 
head = 280, count = 27 | 269 280 
head = 1, count = 3 | 1 273 404 
head = 404, count = 1 | 273 404 
head = 379, count = 1 | 273 379 
head = 385, count = 1 | 385 411 267 278 279 277 
head = 0, count = 1 | 0 278 
head = 278, count = 1 | 211 278 365 
head = 269, count = 16 | 269 403 391 379 378 
head = 269, count = 3 | 407 269 364 
head = 308, count = 1 | 1 308 160 338 222 385 408 
head = 269, count = 1 | 407 269 403 391 379 360 378 
head = 365, count = 1 | 211 365 371 404 
head = 1, count = 1 | 1 371 
head = 296, count = 1 | 1 296 258 184 196 190 379 371 
head = 387, count = 7 | 387 403 391 379 360 378 
head = 280, count = 1 | 403 391 379 378 280 
head = 408, count = 1 | 408 410 401 
head = 377, count = 1 | 363 398 377 384 391 379 397 
head = 401, count = 1 | 401 384 397 
head = 397, count = 6 | 397 402 
head = 402, count = 4 | 211 402 
head = 165, count = 14 | 165 162 164 
head = 165, count = 5 | 165 162 164 167 
head = 0, count = 2 | 0 165 162 164 167 
head = 324, count = 2 | 324 165 162 164 167 
head = 338, count = 4 | 338 165 162 164 
head = 397, count = 1 | 211 397 
head = 243, count = 1 | 1 243 318 308 144 131 314 323 263 225 7 333 335 160 158 338 340 337 165 167 212 222 385 276 396 401 377 379 
head = 167, count = 1 | 1 167 212 222 221 385 276 396 401 377 379 
head = 1, count = 36 | 1 243 318 308 144 131 314 323 263 225 7 197 333 335 160 158 338 340 337 165 167 222 385 276 396 401 377 379 
head = 0, count = 21 | 0 324 1 243 318 308 144 131 314 323 263 225 7 197 333 335 160 158 338 340 337 165 167 222 385 276 396 401 377 379 
head = 0, count = 4 | 0 324 1 243 318 308 144 131 314 323 263 225 7 333 335 160 158 338 340 337 165 167 222 385 276 396 401 377 379 
head = 324, count = 2 | 324 1 243 318 308 144 131 314 323 263 225 7 333 335 160 158 338 340 337 165 167 222 385 276 396 401 377 379 
head = 243, count = 1 | 243 318 308 131 314 337 165 167 222 385 276 396 401 
head = 0, count = 3 | 0 165 
head = 0, count = 1 | 0 324 1 333 337 165 276 
head = 1, count = 1 | 1 243 318 308 131 314 323 7 197 333 335 160 158 338 337 165 167 222 385 396 377 
head = 0, count = 1 | 0 324 1 243 318 308 131 314 323 7 197 333 335 160 158 338 337 165 167 222 385 396 377 
head = 0, count = 1 | 0 1 243 160 158 165 222 385 396 401 377 
head = 318, count = 1 | 1 318 308 314 323 225 7 333 337 165 167 
head = 0, count = 1 | 0 324 1 318 144 131 314 7 333 335 340 337 165 167 
head = 0, count = 1 | 0 324 1 318 144 131 314 7 197 333 335 340 337 165 167 
head = 385, count = 1 | 211 385 276 408 280 
head = 324, count = 3 | 324 165 164 
head = 324, count = 3 | 324 333 165 164 
head = 0, count = 1 | 0 165 164 
head = 318, count = 1 | 1 318 131 314 197 333 335 337 165 167 
head = 0, count = 7 | 0 324 1 318 131 314 197 333 335 337 165 167 
head = 0, count = 2 | 0 324 1 144 131 333 340 337 165 167 
head = 0, count = 1 | 0 324 1 333 160 222 
head = 0, count = 1 | 0 324 1 165 
head = 0, count = 1 | 0 324 165 164 
head = 333, count = 2 | 333 165 164 
head = 337, count = 1 | 337 165 164 
head = 165, count = 1 | 165 166 
head = 165, count = 1 | 165 163 
head = 158, count = 1 | 158 328 338 167 221 
head = 0, count = 1 | 0 167 
head = 338, count = 1 | 338 167 
head = 211, count = 2 | 211 370 
head = 402, count = 2 | 402 405 
head = 370, count = 2 | 370 405 
head = 211, count = 3 | 211 405 
head = 405, count = 4 | 405 399 
head = 365, count = 1 | 365 379 
head = 278, count = 1 | 211 278 273 399 
head = 211, count = 20 | 211 399 
head = 404, count = 6 | 404 399 
head = 379, count = 121 | 379 399 
head = 371, count = 23 | 379 371 399 
head = 371, count = 1 | 379 371 404 399 
head = 364, count = 10 | 379 364 399 
head = 364, count = 2 | 379 371 364 399 
head = 278, count = 1 | 278 399 
head = 365, count = 15 | 365 379 399 
head = 408, count = 1 | 408 399 
head = 273, count = 2 | 273 399 
head = 211, count = 5 | 211 379 399 
head = 364, count = 1 | 371 364 399 
head = 404, count = 3 | 211 404 399 
head = 365, count = 1 | 211 365 379 399 
head = 399, count = 74 | 399 383 
head = 211, count = 5 | 211 399 383 
head = 144, count = 1 | 1 144 154 211 
head = 405, count = 1 | 211 405 
head = 211, count = 1 | 211 385 408 
head = 1, count = 1 | 1 160 158 222 221 211 396 
head = 385, count = 1 | 211 385 408 
head = 399, count = 1 | 211 399 
head = 401, count = 1 | 211 385 408 401 397 402 405 
head = 408, count = 1 | 211 385 408 401 377 397 402 370 405 
head = 401, count = 1 | 211 385 401 377 397 402 370 405 
head = 211, count = 1 | 211 209 
head = 399, count = 1 | 399 383 209 
head = 1, count = 1 | 1 34 
head = 377, count = 1 | 1 211 377 34 
head = 377, count = 1 | 211 377 384 397 34 
head = 383, count = 5 | 383 34 
head = 382, count = 1 | 363 382 381 34 
head = 211, count = 1 | 211 34 
head = 418, count = 1 | 418 416 413 415 43 
head = 327, count = 1 | 327 165 208 
head = 34, count = 2 | 1 34 
head = 212, count = 1 | 58 212 214 208 363 381 29 
head = 351, count = 1 | 308 351 54 250 
head = 308, count = 1 | 1 308 351 54 263 250 338 
head = 1, count = 1 | 1 54 82 
head = 303, count = 1 | 1 318 303 314 281 264 188 197 179 343 337 
head = 314, count = 3 | 1 314 281 
head = 1, count = 2 | 1 46 
head = 209, count = 1 | 209 46 
head = 34, count = 1 | 34 46 
head = 0, count = 1 | 0 265 263 338 
head = 211, count = 13 | 211 46 
head = 383, count = 4 | 383 46 
head = 405, count = 1 | 405 412 46 
head = 405, count = 1 | 405 46 
head = 303, count = 1 | 318 303 264 188 338 
head = 0, count = 1 | 0 1 333 338 
head = 308, count = 22 | 308 338 
head = 308, count = 4 | 1 308 338 
head = 324, count = 1 | 324 265 263 338 
head = 46, count = 1 | 46 24 
head = 209, count = 1 | 209 34 24 
head = 24, count = 2 | 24 39 
head = 1, count = 1 | 1 46 19 
head = 255, count = 1 | 255 264 183 203 
head = 39, count = 1 | 39 40 
head = 258, count = 1 | 258 184 196 
head = 46, count = 1 | 46 40 
head = 399, count = 1 | 399 40 
head = 211, count = 1 | 211 40 
head = 40, count = 4 | 40 17 
head = 383, count = 1 | 383 17 
head = 383, count = 1 | 383 34 17 
head = 17, count = 3 | 11 17 
head = 35, count = 1 | 11 17 35 
head = 34, count = 2 | 34 11 
head = 1, count = 1 | 1 265 263 
head = 11, count = 2 | 11 38 
head = 1, count = 1 | 1 265 263 211 404 
head = 17, count = 1 | 11 17 38 
head = 38, count = 3 | 38 15 
============================================================
BBLSwitchCount - Thread 0
from = 0 | 324:1 1:1 
from = 324 | 0:1 
from = 1 | 0:1 33:1 47:1 235:1 234:1 237:1 238:1 243:1 239:1 92:1 78:1 76:1 70:1 88:1 79:1 105:1 125:1 141:1 118:1 128:1 103:1 108:1 318:11 303:11 308:11 298:11 287:11 290:11 296:11 286:11 292:5 152:5 146:5 144:5 143:5 155:5 149:5 153:5 151:5 147:5 317:5 311:11 137:1 112:1 131:1 114:1 109:1 100:1 314:7 295:7 306:7 315:7 284:7 282:7 301:7 288:7 302:7 294:7 304:7 312:7 150:15 148:15 145:15 154:4 110:1 142:1 139:1 120:1 104:1 140:1 281:7 300:7 285:7 291:7 310:7 316:7 297:7 313:7 305:7 293:7 283:7 309:7 126:1 138:1 117:1 130:1 119:1 113:1 289:6 307:6 299:6 115:1 111:1 134:1 127:1 101:1 106:1 123:1 122:1 132:1 107:1 124:1 116:1 323:3 320:3 322:2 319:3 121:1 133:1 136:1 102:1 129:1 135:1 81:1 80:1 87:1 91:1 98:1 82:1 75:1 84:1 89:1 99:1 69:1 64:1 72:1 96:1 83:1 85:1 77:1 73:1 95:1 93:1 86:1 94:1 97:1 68:1 65:1 71:1 90:1 66:1 67:1 74:1 231:1 229:1 242:1 233:1 236:1 321:1 232:1 240:1 228:1 230:1 241:1 41:1 16:1 13:1 263:1 262:1 265:2 264:1 266:1 261:1 22:1 28:1 183:1 168:1 205:1 177:1 200:1 184:1 188:1 202:1 182:1 203:1 187:1 199:1 198:1 206:1 196:1 169:1 181:1 186:1 176:1 171:1 190:1 207:1 174:1 192:1 7:2 6:2 5:2 2:2 8:2 3:2 4:2 197:1 170:1 179:1 189:1 204:1 175:1 180:1 343:1 329:1 333:1 335:1 342:1 347:1 326:1 332:1 325:1 339:1 330:1 331:1 161:1 160:1 159:1 157:32769 158:1 156:1 346:1 344:1 341:1 328:1 58:2 55:2 53:2 57:2 54:2 56:2 52:2 338:1 345:1 336:1 327:1 334:1 340:1 337:1 193:1 173:1 172:1 195:1 194:1 178:1 185:1 201:1 191:1 50:1 49:312 37:311 27:1 165:1 162:1 164:1 166:1 163:1 167:1 21:1 18:1 9:1 44:1 62:1 61:1 60:1 63:1 59:1 26:1 43:1 212:1 214:1 222:1 217:1 219:1 216:1 218:1 223:2048 215:1 213:1 221:1 220:1 208:1 211:1 209:1 210:1 29:1 34:1 32:1 30:1 46:1 12:1 25:1 24:1 45:1 39:1 36:1 42:1 19:1 40:1 31:1 35:11 17:11 23:11 10:1 14:1 11:1 20:1 38:1 48:1 15:1 51:1 
from = 33 | 1:1 
from = 47 | 1:1 
from = 235 | 1:1 
from = 234 | 1:1 
from = 237 | 1:1 
from = 238 | 1:1 
from = 243 | 1:1 
from = 239 | 1:1 
from = 92 | 1:1 
from = 78 | 1:1 
from = 76 | 1:1 
from = 70 | 1:1 
from = 88 | 1:1 
from = 79 | 1:1 
from = 105 | 1:1 
from = 125 | 1:1 
from = 141 | 1:1 
from = 118 | 1:1 
from = 128 | 1:1 
from = 103 | 1:1 
from = 108 | 1:1 
from = 318 | 1:11 
from = 303 | 1:11 
from = 308 | 1:11 
from = 298 | 1:11 
from = 287 | 1:11 
from = 290 | 1:11 
from = 296 | 1:11 
from = 286 | 1:11 
from = 292 | 1:5 
from = 152 | 1:5 
from = 146 | 1:5 
from = 144 | 1:5 
from = 143 | 1:5 
from = 155 | 1:5 
from = 149 | 1:5 
from = 153 | 1:5 
from = 151 | 1:5 
from = 147 | 1:5 
from = 317 | 1:5 
from = 311 | 1:11 
from = 137 | 1:1 
from = 112 | 1:1 
from = 131 | 1:1 
from = 114 | 1:1 
from = 109 | 1:1 
from = 100 | 1:1 
from = 314 | 1:7 351:7 350:7 348:7 352:7 349:7 
from = 351 | 314:7 281:7 
from = 350 | 314:7 281:7 
from = 348 | 314:7 281:7 
from = 352 | 314:7 281:7 
from = 349 | 314:7 281:7 
from = 295 | 1:7 
from = 306 | 1:7 
from = 315 | 1:7 
from = 284 | 1:7 
from = 282 | 1:7 
from = 301 | 1:7 
from = 288 | 1:7 
from = 302 | 1:7 
from = 294 | 1:7 
from = 304 | 1:7 
from = 312 | 1:7 
from = 150 | 1:15 
from = 148 | 1:15 
from = 145 | 1:15 
from = 154 | 1:4 
from = 110 | 1:1 
from = 142 | 1:1 
from = 139 | 1:1 
from = 120 | 1:1 
from = 104 | 1:1 
from = 140 | 1:1 
from = 281 | 1:7 351:7 350:7 348:7 352:7 349:7 
from = 300 | 1:7 
from = 285 | 1:7 
from = 291 | 1:7 
from = 310 | 1:7 
from = 316 | 1:7 
from = 297 | 1:7 
from = 313 | 1:7 
from = 305 | 1:7 
from = 293 | 1:7 
from = 283 | 1:7 
from = 309 | 1:7 
from = 126 | 1:1 
from = 138 | 1:1 
from = 117 | 1:1 
from = 130 | 1:1 
from = 119 | 1:1 
from = 113 | 1:1 
from = 289 | 1:6 
from = 307 | 1:6 
from = 299 | 1:6 
from = 115 | 1:1 
from = 111 | 1:1 
from = 134 | 1:1 
from = 127 | 1:1 
from = 101 | 1:1 
from = 106 | 1:1 
from = 123 | 1:1 
from = 122 | 1:1 
from = 132 | 1:1 
from = 107 | 1:1 
from = 124 | 1:1 
from = 116 | 1:1 
from = 323 | 1:3 
from = 320 | 1:3 
from = 322 | 1:2 
from = 319 | 1:3 
from = 121 | 1:1 
from = 133 | 1:1 
from = 136 | 1:1 
from = 102 | 1:1 
from = 129 | 1:1 
from = 135 | 1:1 
from = 81 | 1:1 
from = 80 | 1:1 
from = 87 | 1:1 
from = 91 | 1:1 
from = 98 | 1:1 
from = 82 | 1:1 
from = 75 | 1:1 
from = 84 | 1:1 
from = 89 | 1:1 
from = 99 | 1:1 
from = 69 | 1:1 
from = 64 | 1:1 
from = 72 | 1:1 
from = 96 | 1:1 
from = 83 | 1:1 
from = 85 | 1:1 
from = 77 | 1:1 
from = 73 | 1:1 
from = 95 | 1:1 
from = 93 | 1:1 
from = 86 | 1:1 
from = 94 | 1:1 
from = 97 | 1:1 
from = 68 | 1:1 
from = 65 | 1:1 
from = 71 | 1:1 
from = 90 | 1:1 
from = 66 | 1:1 
from = 67 | 1:1 
from = 74 | 1:1 
from = 231 | 1:1 
from = 229 | 1:1 
from = 242 | 1:1 
from = 233 | 1:1 
from = 236 | 1:1 
from = 321 | 1:1 
from = 232 | 1:1 
from = 240 | 1:1 
from = 228 | 1:1 
from = 230 | 1:1 
from = 241 | 1:1 
from = 41 | 1:1 
from = 16 | 1:1 
from = 13 | 1:1 
from = 263 | 1:1 
from = 262 | 1:1 
from = 265 | 1:2 245:2 246:2 244:2 
from = 245 | 265:2 
from = 246 | 265:2 226:2 227:1 224:2 225:1 
from = 226 | 246:2 
from = 227 | 246:1 260:1 254:1 250:1 253:1 248:1 252:1 258:1 257:1 256:1 255:1 259:1 251:1 249:1 247:1 
from = 260 | 227:1 
from = 254 | 227:1 
from = 250 | 227:1 
from = 253 | 227:1 
from = 248 | 227:1 
from = 252 | 227:1 
from = 258 | 227:1 
from = 257 | 227:1 
from = 256 | 227:1 
from = 255 | 227:1 
from = 259 | 227:1 
from = 251 | 227:1 
from = 249 | 227:1 
from = 247 | 227:1 
from = 224 | 246:2 
from = 244 | 265:2 
from = 225 | 246:1 
from = 264 | 1:1 
from = 266 | 1:1 
from = 261 | 1:1 
from = 22 | 1:1 
from = 28 | 1:1 
from = 183 | 1:1 
from = 168 | 1:1 
from = 205 | 1:1 
from = 177 | 1:1 
from = 200 | 1:1 
from = 184 | 1:1 
from = 188 | 1:1 
from = 202 | 1:1 
from = 182 | 1:1 
from = 203 | 1:1 
from = 187 | 1:1 
from = 199 | 1:1 
from = 198 | 1:1 
from = 206 | 1:1 
from = 196 | 1:1 
from = 169 | 1:1 
from = 181 | 1:1 
from = 186 | 1:1 
from = 176 | 1:1 
from = 171 | 1:1 
from = 190 | 1:1 
from = 207 | 1:1 
from = 174 | 1:1 
from = 192 | 1:1 
from = 7 | 1:2 343:1 
from = 6 | 1:2 343:1 
from = 5 | 1:2 343:1 
from = 2 | 1:2 343:1 
from = 8 | 1:2 343:1 
from = 3 | 1:2 343:1 
from = 4 | 1:2 343:1 
from = 197 | 1:1 
from = 170 | 1:1 
from = 179 | 1:1 
from = 189 | 1:1 
from = 204 | 1:1 
from = 175 | 1:1 
from = 180 | 1:1 
from = 343 | 1:1 7:1 6:1 5:1 2:1 8:1 3:1 4:1 
from = 329 | 1:1 
from = 333 | 1:1 
from = 335 | 1:1 
from = 342 | 1:1 
from = 347 | 1:1 
from = 326 | 1:1 
from = 332 | 1:1 
from = 325 | 1:1 
from = 339 | 1:1 
from = 330 | 1:1 
from = 331 | 1:1 
from = 161 | 1:1 
from = 160 | 1:1 
from = 159 | 1:1 
from = 157 | 1:32769 
from = 158 | 1:1 
from = 156 | 1:1 
from = 346 | 1:1 
from = 344 | 1:1 
from = 341 | 1:1 
from = 328 | 1:1 
from = 58 | 1:2 
from = 55 | 1:2 
from = 53 | 1:2 
from = 57 | 1:2 
from = 54 | 1:2 
from = 56 | 1:2 
from = 52 | 1:2 
from = 338 | 1:1 
from = 345 | 1:1 
from = 336 | 1:1 
from = 327 | 1:1 
from = 334 | 1:1 
from = 340 | 1:1 
from = 337 | 1:1 
from = 193 | 1:1 
from = 173 | 1:1 
from = 172 | 1:1 
from = 195 | 1:1 
from = 194 | 1:1 
from = 178 | 1:1 
from = 185 | 1:1 
from = 201 | 1:1 
from = 191 | 1:1 
from = 50 | 1:1 
from = 49 | 1:312 
from = 37 | 1:311 
from = 27 | 1:1 
from = 165 | 1:1 
from = 162 | 1:1 
from = 164 | 1:1 
from = 166 | 1:1 
from = 163 | 1:1 
from = 167 | 1:1 
from = 21 | 1:1 
from = 18 | 1:1 
from = 9 | 1:1 
from = 44 | 1:1 
from = 62 | 1:1 
from = 61 | 1:1 
from = 60 | 1:1 414:1 419:1 418:113 417:1 416:198 413:1 415:1 
from = 414 | 60:1 
from = 419 | 60:1 
from = 418 | 60:113 
from = 417 | 60:1 
from = 416 | 60:198 
from = 413 | 60:1 
from = 415 | 60:1 
from = 63 | 1:1 
from = 59 | 1:1 
from = 26 | 1:1 
from = 43 | 1:1 
from = 212 | 1:1 
from = 214 | 1:1 
from = 222 | 1:1 
from = 217 | 1:1 
from = 219 | 1:1 
from = 216 | 1:1 
from = 218 | 1:1 
from = 223 | 1:2048 
from = 215 | 1:1 
from = 213 | 1:1 
from = 221 | 1:1 
from = 220 | 1:1 
from = 208 | 1:1 
from = 211 | 1:1 409:1 354:1 390:306 385:306 392:306 363:60537 361:24204 382:882868 380:60536 411:60536 394:34 355:34 275:34 267:34 272:4 270:4 278:4 276:4 268:4 279:4 274:34 271:34 407:60536 386:2407 353:2407 395:2407 375:2407 365:2407 376:2407 387:2407 368:882868 381:858664 269:712 277:3 273:3 366:24204 357:60537 400:306 408:306 398:306 410:306 403:802 372:497 396:305 401:306 377:306 384:306 391:305 379:305 360:305 378:305 397:306 280:30 371:2102 404:2102 364:58129 402:1 362:1 373:1 358:1 388:1 393:1 359:1 367:1 406:1 370:1 405:1 389:497 369:497 399:305 412:1 374:1 383:1 356:1 
from = 409 | 211:1 
from = 354 | 211:1 
from = 390 | 211:306 
from = 385 | 211:306 
from = 392 | 211:306 
from = 363 | 211:60537 
from = 361 | 211:24204 
from = 382 | 211:882868 
from = 380 | 211:60536 
from = 411 | 211:60536 
from = 394 | 211:34 
from = 355 | 211:34 
from = 275 | 211:34 
from = 267 | 211:34 
from = 272 | 211:4 
from = 270 | 211:4 
from = 278 | 211:4 
from = 276 | 211:4 
from = 268 | 211:4 
from = 279 | 211:4 
from = 274 | 211:34 
from = 271 | 211:34 
from = 407 | 211:60536 
from = 386 | 211:2407 
from = 353 | 211:2407 
from = 395 | 211:2407 
from = 375 | 211:2407 
from = 365 | 211:2407 
from = 376 | 211:2407 
from = 387 | 211:2407 
from = 368 | 211:882868 
from = 381 | 211:858664 
from = 269 | 211:712 
from = 277 | 211:3 
from = 273 | 211:3 
from = 366 | 211:24204 
from = 357 | 211:60537 
from = 400 | 211:306 
from = 408 | 211:306 
from = 398 | 211:306 
from = 410 | 211:306 
from = 403 | 211:802 
from = 372 | 211:497 
from = 396 | 211:305 
from = 401 | 211:306 
from = 377 | 211:306 
from = 384 | 211:306 
from = 391 | 211:305 
from = 379 | 211:305 
from = 360 | 211:305 
from = 378 | 211:305 
from = 397 | 211:306 
from = 280 | 211:30 
from = 371 | 211:2102 
from = 404 | 211:2102 
from = 364 | 211:58129 
from = 402 | 211:1 
from = 362 | 211:1 
from = 373 | 211:1 
from = 358 | 211:1 
from = 388 | 211:1 
from = 393 | 211:1 
from = 359 | 211:1 
from = 367 | 211:1 
from = 406 | 211:1 
from = 370 | 211:1 
from = 405 | 211:1 
from = 389 | 211:497 
from = 369 | 211:497 
from = 399 | 211:305 
from = 412 | 211:1 
from = 374 | 211:1 
from = 383 | 211:1 
from = 356 | 211:1 
from = 209 | 1:1 
from = 210 | 1:1 
from = 29 | 1:1 
from = 34 | 1:1 
from = 32 | 1:1 
from = 30 | 1:1 
from = 46 | 1:1 
from = 12 | 1:1 
from = 25 | 1:1 
from = 24 | 1:1 
from = 45 | 1:1 
from = 39 | 1:1 
from = 36 | 1:1 
from = 42 | 1:1 
from = 19 | 1:1 
from = 40 | 1:1 
from = 31 | 1:1 
from = 35 | 1:11 
from = 17 | 1:11 
from = 23 | 1:11 
from = 10 | 1:1 
from = 14 | 1:1 
from = 11 | 1:1 
from = 20 | 1:1 
from = 38 | 1:1 
from = 48 | 1:1 
from = 15 | 1:1 
from = 51 | 1:1 
