============================================================
Thread 0
  BBLID       Time(ns)    Instruction  Memory Access          Hash(hi)          Hash(lo)
      0           4862              3              0  0000000000000000  0000000000000000
      1     6.1012e+09     5037048780        3452726  0000000000000001  0000000000000001
      2    5.83728e+08      220200960        1416070  32bf58d955408e84  3eb1ea77df4714d9
      3           3244           3072             24  32bf58d955408e84  49db3f271bc172b7
      4          63466          18903            682  32bf58d955408e84  4ad3c69ebc193b2a
      5          49449           4608            134  32bf58d955408e84  734b7dbabbfd0e29
      6           2351             81              0  32bf58d955408e84  745d46c46e565807
      7          86596           7680            231  32bf58d955408e84  7c21fb734c91c1f5
      8            206             21              0  32bf58d955408e84  8a862b2919e6770c
      9            445             27              3  32bf58d955408e84  937ed986f85be7c9
     10            165             12              0  32bf58d955408e84  fbc9da8e89d53548
     11            120             15              0  809b947bec6b8603  0408ef32fbf7e4ee
     12    2.68488e+09     1677721600          19224  809b947bec6b8603  14779e62b896c2f7
     13         208133          77371           1530  809b947bec6b8603  1683f8ce3553bd83
     14    2.73658e+07       26843536          20470  809b947bec6b8603  1c9f773ff47572b8
     15             73             12              2  809b947bec6b8603  3104bd27b5448924
     16         245856         172032            957  809b947bec6b8603  3788c02fcab78333
     17    6.71611e+08      671088640          41114  809b947bec6b8603  41c24c85ed3e9620
     18            138             10              0  809b947bec6b8603  548356444ccccd2f
     19             65              4              2  809b947bec6b8603  67e110c805dafa2b
     20          39095          38912           1030  809b947bec6b8603  6d34abec61f50887
     21            393             18              0  809b947bec6b8603  7235baeda0eb4f1e
     22    9.78977e+07       95754318         570454  809b947bec6b8603  9786e1dcc73d2fcf
     23      9.865e+08      986500308       19292714  809b947bec6b8603  9f3a51f749290d47
     24    7.55651e+08      754974720       19939098  809b947bec6b8603  a6ccbca2c2af6f14
     25            301             20             12  809b947bec6b8603  bec88f08f71a48fd
     26            523             21              0  809b947bec6b8603  ce252d65360fc839
     27          57978          25600              0  809b947bec6b8603  cf425b999f12e495
     28          45262           7194              0  809b947bec6b8603  d4d314b5c016ef28
     29             30             21              0  809b947bec6b8603  dc678eccd7d6b1de
     30    7.55538e+08      754974720       20271243  809b947bec6b8603  e0bbfb494c2d5c2c
     31    1.08071e+06         491520              0  809b947bec6b8603  f256cd6ac3069e28
     32          13019           1243            209  e6f079db413586a2  6b71333b75674395
     33             55              4              1  e6f079db413586a2  7c255a8dde704632
============================================================
Thread 1
  BBLID       Time(ns)    Instruction  Memory Access          Hash(hi)          Hash(lo)
      0    9.69757e+07       95424120         729004  0000000000000000  0000000000000000
      2    5.83366e+08      220200960        1849462  32bf58d955408e84  3eb1ea77df4714d9
      3           3123           3072             33  32bf58d955408e84  49db3f271bc172b7
      4          62323          18255            581  32bf58d955408e84  4ad3c69ebc193b2a
      5          48823           4608            224  32bf58d955408e84  734b7dbabbfd0e29
      6           2357             81             14  32bf58d955408e84  745d46c46e565807
      7          86336           7680            333  32bf58d955408e84  7c21fb734c91c1f5
      8            183             21              2  32bf58d955408e84  8a862b2919e6770c
      9            635             27              9  32bf58d955408e84  937ed986f85be7c9
     10            177             12              3  32bf58d955408e84  fbc9da8e89d53548
============================================================
Thread 2
  BBLID       Time(ns)    Instruction  Memory Access          Hash(hi)          Hash(lo)
      0    9.77665e+07       95819575         789527  0000000000000000  0000000000000000
      2    5.82548e+08      220200960        1993037  32bf58d955408e84  3eb1ea77df4714d9
      3           3123           3072             27  32bf58d955408e84  49db3f271bc172b7
      4          63065          18255            688  32bf58d955408e84  4ad3c69ebc193b2a
      5          49824           4608            199  32bf58d955408e84  734b7dbabbfd0e29
      6           2545             81              8  32bf58d955408e84  745d46c46e565807
      7          86716           7680            330  32bf58d955408e84  7c21fb734c91c1f5
      8            256             21              4  32bf58d955408e84  8a862b2919e6770c
      9            640             27              6  32bf58d955408e84  937ed986f85be7c9
     10            185             12              0  32bf58d955408e84  fbc9da8e89d53548
============================================================
Thread 3
  BBLID       Time(ns)    Instruction  Memory Access          Hash(hi)          Hash(lo)
      0      9.695e+07       95418420         814813  0000000000000000  0000000000000000
      2    5.83363e+08      220200960        2065579  32bf58d955408e84  3eb1ea77df4714d9
      3           3123           3072             69  32bf58d955408e84  49db3f271bc172b7
      4          68945          19077            709  32bf58d955408e84  4ad3c69ebc193b2a
      5          48756           4608            336  32bf58d955408e84  734b7dbabbfd0e29
      6           2384             81             24  32bf58d955408e84  745d46c46e565807
      7          86293           7680            473  32bf58d955408e84  7c21fb734c91c1f5
      8            234             21              1  32bf58d955408e84  8a862b2919e6770c
      9            680             27              5  32bf58d955408e84  937ed986f85be7c9
     10            165             12              3  32bf58d955408e84  fbc9da8e89d53548
============================================================
Thread 4
  BBLID       Time(ns)    Instruction  Memory Access          Hash(hi)          Hash(lo)
      0    9.75637e+07       95729015           6390  0000000000000000  0000000000000000
      2    5.82753e+08      220200960        1975316  32bf58d955408e84  3eb1ea77df4714d9
      3           3139           3072              1  32bf58d955408e84  49db3f271bc172b7
      4          62623          18255            659  32bf58d955408e84  4ad3c69ebc193b2a
      5          50123           4608            827  32bf58d955408e84  734b7dbabbfd0e29
      6           2256             81             36  32bf58d955408e84  745d46c46e565807
      7          86961           7680           1569  32bf58d955408e84  7c21fb734c91c1f5
      8            360             21              3  32bf58d955408e84  8a862b2919e6770c
      9            674             27              9  32bf58d955408e84  937ed986f85be7c9
     10            178             12              3  32bf58d955408e84  fbc9da8e89d53548
============================================================
Thread 5
  BBLID       Time(ns)    Instruction  Memory Access          Hash(hi)          Hash(lo)
      0     9.6634e+07       95276019         766744  0000000000000000  0000000000000000
      2    5.83673e+08      220200960        1950605  32bf58d955408e84  3eb1ea77df4714d9
      3           3123           3072             39  32bf58d955408e84  49db3f271bc172b7
      4          63670          18255            659  32bf58d955408e84  4ad3c69ebc193b2a
      5          49830           4608            249  32bf58d955408e84  734b7dbabbfd0e29
      6           2292             81             22  32bf58d955408e84  745d46c46e565807
      7          88174           7680            416  32bf58d955408e84  7c21fb734c91c1f5
      8            370             21              2  32bf58d955408e84  8a862b2919e6770c
      9            685             27              7  32bf58d955408e84  937ed986f85be7c9
     10            165             12              2  32bf58d955408e84  fbc9da8e89d53548
============================================================
Thread 6
  BBLID       Time(ns)    Instruction  Memory Access          Hash(hi)          Hash(lo)
      0      9.666e+07       95278660         701587  0000000000000000  0000000000000000
      2    5.83648e+08      220200960        1772544  32bf58d955408e84  3eb1ea77df4714d9
      3           3123           3072             53  32bf58d955408e84  49db3f271bc172b7
      4          64775          18255            536  32bf58d955408e84  4ad3c69ebc193b2a
      5          49981           4608            251  32bf58d955408e84  734b7dbabbfd0e29
      6           2382             81             15  32bf58d955408e84  745d46c46e565807
      7          88121           7680            446  32bf58d955408e84  7c21fb734c91c1f5
      8            296             21              1  32bf58d955408e84  8a862b2919e6770c
      9            689             27              5  32bf58d955408e84  937ed986f85be7c9
     10            176             12              2  32bf58d955408e84  fbc9da8e89d53548
============================================================
Thread 7
  BBLID       Time(ns)    Instruction  Memory Access          Hash(hi)          Hash(lo)
      0    9.75903e+07       95736568         638799  0000000000000000  0000000000000000
      2    5.82722e+08      220200960        1608023  32bf58d955408e84  3eb1ea77df4714d9
      3           3123           3072             28  32bf58d955408e84  49db3f271bc172b7
      4          64025          18255            599  32bf58d955408e84  4ad3c69ebc193b2a
      5          49863           4608            156  32bf58d955408e84  734b7dbabbfd0e29
      6           2334             81              8  32bf58d955408e84  745d46c46e565807
      7          87006           7680            277  32bf58d955408e84  7c21fb734c91c1f5
      8            446             21              7  32bf58d955408e84  8a862b2919e6770c
      9            610             27              8  32bf58d955408e84  937ed986f85be7c9
     10            183             12              1  32bf58d955408e84  fbc9da8e89d53548
============================================================
Thread 8
  BBLID       Time(ns)    Instruction  Memory Access          Hash(hi)          Hash(lo)
      0    9.66649e+07       95277866         557709  0000000000000000  0000000000000000
      2    5.83655e+08      220200960        1395370  32bf58d955408e84  3eb1ea77df4714d9
      3           3131           3072             29  32bf58d955408e84  49db3f271bc172b7
      4          63269          18255            512  32bf58d955408e84  4ad3c69ebc193b2a
      5          49465           4608            145  32bf58d955408e84  734b7dbabbfd0e29
      6           2414             81              0  32bf58d955408e84  745d46c46e565807
      7          86251           7680            218  32bf58d955408e84  7c21fb734c91c1f5
      8            251             21              0  32bf58d955408e84  8a862b2919e6770c
      9            617             27              6  32bf58d955408e84  937ed986f85be7c9
     10            176             12              0  32bf58d955408e84  fbc9da8e89d53548
============================================================
Thread 9
  BBLID       Time(ns)    Instruction  Memory Access          Hash(hi)          Hash(lo)
      0    9.66767e+07       95306494         832272  0000000000000000  0000000000000000
      2    5.83634e+08      220200960        2136022  32bf58d955408e84  3eb1ea77df4714d9
      3           3123           3072             50  32bf58d955408e84  49db3f271bc172b7
      4          63980          18255            701  32bf58d955408e84  4ad3c69ebc193b2a
      5          49437           4608            211  32bf58d955408e84  734b7dbabbfd0e29
      6           2372             81             11  32bf58d955408e84  745d46c46e565807
      7          87230           7680            301  32bf58d955408e84  7c21fb734c91c1f5
      8            455             21              7  32bf58d955408e84  8a862b2919e6770c
      9            712             27              4  32bf58d955408e84  937ed986f85be7c9
     10            190             12              2  32bf58d955408e84  fbc9da8e89d53548
============================================================
Thread 10
  BBLID       Time(ns)    Instruction  Memory Access          Hash(hi)          Hash(lo)
      0    9.66616e+07       95274851         645224  0000000000000000  0000000000000000
      2     5.8365e+08      220200960        1624060  32bf58d955408e84  3eb1ea77df4714d9
      3           3123           3072             35  32bf58d955408e84  49db3f271bc172b7
      4          64542          18255            630  32bf58d955408e84  4ad3c69ebc193b2a
      5          49514           4608            203  32bf58d955408e84  734b7dbabbfd0e29
      6           2312             81             37  32bf58d955408e84  745d46c46e565807
      7          86986           7680            313  32bf58d955408e84  7c21fb734c91c1f5
      8            428             21              4  32bf58d955408e84  8a862b2919e6770c
      9            657             27              9  32bf58d955408e84  937ed986f85be7c9
     10            183             12              1  32bf58d955408e84  fbc9da8e89d53548
============================================================
Thread 11
  BBLID       Time(ns)    Instruction  Memory Access          Hash(hi)          Hash(lo)
      0    9.65957e+07       95280355         648432  0000000000000000  0000000000000000
      2    5.83719e+08      220200960        1639628  32bf58d955408e84  3eb1ea77df4714d9
      3           3177           3072             34  32bf58d955408e84  49db3f271bc172b7
      4          64202          18255            645  32bf58d955408e84  4ad3c69ebc193b2a
      5          49719           4608            237  32bf58d955408e84  734b7dbabbfd0e29
      6           2319             81             31  32bf58d955408e84  745d46c46e565807
      7          86719           7680            298  32bf58d955408e84  7c21fb734c91c1f5
      8            386             21              2  32bf58d955408e84  8a862b2919e6770c
      9            692             27              7  32bf58d955408e84  937ed986f85be7c9
     10            177             12              2  32bf58d955408e84  fbc9da8e89d53548
============================================================
Thread 12
  BBLID       Time(ns)    Instruction  Memory Access          Hash(hi)          Hash(lo)
      0    9.68798e+07       95379548         562518  0000000000000000  0000000000000000
      2    5.83443e+08      220200960        1415934  32bf58d955408e84  3eb1ea77df4714d9
      3           3125           3072             20  32bf58d955408e84  49db3f271bc172b7
      4          62776          18255            616  32bf58d955408e84  4ad3c69ebc193b2a
      5          48817           4608            133  32bf58d955408e84  734b7dbabbfd0e29
      6           2333             81              0  32bf58d955408e84  745d46c46e565807
      7          86298           7680            242  32bf58d955408e84  7c21fb734c91c1f5
      8            300             21              3  32bf58d955408e84  8a862b2919e6770c
      9            698             27              9  32bf58d955408e84  937ed986f85be7c9
     10            221             12              0  32bf58d955408e84  fbc9da8e89d53548
============================================================
Thread 13
  BBLID       Time(ns)    Instruction  Memory Access          Hash(hi)          Hash(lo)
      0    9.66142e+07       95286496         709744  0000000000000000  0000000000000000
      2    5.83698e+08      220200960        1820761  32bf58d955408e84  3eb1ea77df4714d9
      3           3139           3072             24  32bf58d955408e84  49db3f271bc172b7
      4          64305          18255            568  32bf58d955408e84  4ad3c69ebc193b2a
      5          49450           4608            178  32bf58d955408e84  734b7dbabbfd0e29
      6           2337             81              7  32bf58d955408e84  745d46c46e565807
      7          87810           7680            262  32bf58d955408e84  7c21fb734c91c1f5
      8            387             21              6  32bf58d955408e84  8a862b2919e6770c
      9            645             27              7  32bf58d955408e84  937ed986f85be7c9
     10            166             12              0  32bf58d955408e84  fbc9da8e89d53548
============================================================
Thread 14
  BBLID       Time(ns)    Instruction  Memory Access          Hash(hi)          Hash(lo)
      0    9.66119e+07       95286713         562823  0000000000000000  0000000000000000
      2    5.83703e+08      220200960        1415063  32bf58d955408e84  3eb1ea77df4714d9
      3           3123           3072             29  32bf58d955408e84  49db3f271bc172b7
      4          64110          18255            630  32bf58d955408e84  4ad3c69ebc193b2a
      5          49520           4608            186  32bf58d955408e84  734b7dbabbfd0e29
      6           2343             81             13  32bf58d955408e84  745d46c46e565807
      7          87618           7680            302  32bf58d955408e84  7c21fb734c91c1f5
      8            378             21              2  32bf58d955408e84  8a862b2919e6770c
      9            673             27              8  32bf58d955408e84  937ed986f85be7c9
     10            155             12              1  32bf58d955408e84  fbc9da8e89d53548
============================================================
Thread 15
  BBLID       Time(ns)    Instruction  Memory Access          Hash(hi)          Hash(lo)
      0    9.68724e+07       95400197         652798  0000000000000000  0000000000000000
      2    5.83446e+08      220200960        1656426  32bf58d955408e84  3eb1ea77df4714d9
      3           3133           3072             15  32bf58d955408e84  49db3f271bc172b7
      4          64447          18255            666  32bf58d955408e84  4ad3c69ebc193b2a
      5          49241           4608            159  32bf58d955408e84  734b7dbabbfd0e29
      6           2364             81              5  32bf58d955408e84  745d46c46e565807
      7          86014           7680            284  32bf58d955408e84  7c21fb734c91c1f5
      8            407             21              5  32bf58d955408e84  8a862b2919e6770c
      9            641             27              7  32bf58d955408e84  937ed986f85be7c9
     10            167             12              2  32bf58d955408e84  fbc9da8e89d53548
============================================================
Thread 16
  BBLID       Time(ns)    Instruction  Memory Access          Hash(hi)          Hash(lo)
      0     9.7642e+07       95763938         566407  0000000000000000  0000000000000000
      2    5.82672e+08      220200960        1414006  32bf58d955408e84  3eb1ea77df4714d9
      3           3145           3072             28  32bf58d955408e84  49db3f271bc172b7
      4          62639          18255            617  32bf58d955408e84  4ad3c69ebc193b2a
      5          49737           4608            161  32bf58d955408e84  734b7dbabbfd0e29
      6           9956            862             30  32bf58d955408e84  745d46c46e565807
      7          87134           7680            255  32bf58d955408e84  7c21fb734c91c1f5
      8            183             21              4  32bf58d955408e84  8a862b2919e6770c
      9            675             27             10  32bf58d955408e84  937ed986f85be7c9
     10            153             12              0  32bf58d955408e84  fbc9da8e89d53548
============================================================
Thread 17
  BBLID       Time(ns)    Instruction  Memory Access          Hash(hi)          Hash(lo)
      0     9.7699e+07       95784665         814861  0000000000000000  0000000000000000
      2    5.82617e+08      220200960        2071515  32bf58d955408e84  3eb1ea77df4714d9
      3           3123           3072             24  32bf58d955408e84  49db3f271bc172b7
      4          62911          18255            611  32bf58d955408e84  4ad3c69ebc193b2a
      5          49567           4608            215  32bf58d955408e84  734b7dbabbfd0e29
      6           2208             81             12  32bf58d955408e84  745d46c46e565807
      7          81588           7680            307  32bf58d955408e84  7c21fb734c91c1f5
      8            274             21              1  32bf58d955408e84  8a862b2919e6770c
      9            680             27              4  32bf58d955408e84  937ed986f85be7c9
     10            172             12              0  32bf58d955408e84  fbc9da8e89d53548
============================================================
Thread 18
  BBLID       Time(ns)    Instruction  Memory Access          Hash(hi)          Hash(lo)
      0    9.66193e+07       95280369         778631  0000000000000000  0000000000000000
      2    5.83692e+08      220200960        1994063  32bf58d955408e84  3eb1ea77df4714d9
      3           3123           3072             39  32bf58d955408e84  49db3f271bc172b7
      4          63950          18255            643  32bf58d955408e84  4ad3c69ebc193b2a
      5          49612           4608            251  32bf58d955408e84  734b7dbabbfd0e29
      6           2390             81             25  32bf58d955408e84  745d46c46e565807
      7          87001           7680            467  32bf58d955408e84  7c21fb734c91c1f5
      8            437             21              3  32bf58d955408e84  8a862b2919e6770c
      9            645             27             10  32bf58d955408e84  937ed986f85be7c9
     10            182             12              1  32bf58d955408e84  fbc9da8e89d53548
============================================================
Thread 19
  BBLID       Time(ns)    Instruction  Memory Access          Hash(hi)          Hash(lo)
      0    9.66168e+07       95307763         681328  0000000000000000  0000000000000000
      2    5.83696e+08      220200960        1744130  32bf58d955408e84  3eb1ea77df4714d9
      3           3123           3072             29  32bf58d955408e84  49db3f271bc172b7
      4          64217          18255            669  32bf58d955408e84  4ad3c69ebc193b2a
      5          50468           4608            197  32bf58d955408e84  734b7dbabbfd0e29
      6           2293             81             17  32bf58d955408e84  745d46c46e565807
      7          86741           7680            291  32bf58d955408e84  7c21fb734c91c1f5
      8            330             21              2  32bf58d955408e84  8a862b2919e6770c
      9            671             27              7  32bf58d955408e84  937ed986f85be7c9
     10            165             12              3  32bf58d955408e84  fbc9da8e89d53548
============================================================
Thread 20
  BBLID       Time(ns)    Instruction  Memory Access          Hash(hi)          Hash(lo)
      0     9.6683e+07       95274834         565906  0000000000000000  0000000000000000
      2    5.83631e+08      220200960        1422400  32bf58d955408e84  3eb1ea77df4714d9
      3           3182           3072             24  32bf58d955408e84  49db3f271bc172b7
      4          62667          18255            617  32bf58d955408e84  4ad3c69ebc193b2a
      5          49672           4608            137  32bf58d955408e84  734b7dbabbfd0e29
      6           2395             81              0  32bf58d955408e84  745d46c46e565807
      7          87154           7680            227  32bf58d955408e84  7c21fb734c91c1f5
      8            238             21              3  32bf58d955408e84  8a862b2919e6770c
      9            632             27              5  32bf58d955408e84  937ed986f85be7c9
     10            180             12              0  32bf58d955408e84  fbc9da8e89d53548
============================================================
Thread 21
  BBLID       Time(ns)    Instruction  Memory Access          Hash(hi)          Hash(lo)
      0    9.66693e+07       95272508         688005  0000000000000000  0000000000000000
      2    5.83635e+08      220200960        1746249  32bf58d955408e84  3eb1ea77df4714d9
      3           3123           3072             26  32bf58d955408e84  49db3f271bc172b7
      4          63722          18255            610  32bf58d955408e84  4ad3c69ebc193b2a
      5          49482           4608            164  32bf58d955408e84  734b7dbabbfd0e29
      6           2382             81             13  32bf58d955408e84  745d46c46e565807
      7          88084           7680            309  32bf58d955408e84  7c21fb734c91c1f5
      8            297             21              3  32bf58d955408e84  8a862b2919e6770c
      9            635             27              4  32bf58d955408e84  937ed986f85be7c9
     10            151             12              1  32bf58d955408e84  fbc9da8e89d53548
============================================================
Thread 22
  BBLID       Time(ns)    Instruction  Memory Access          Hash(hi)          Hash(lo)
      0    9.66678e+07       95274063         816190  0000000000000000  0000000000000000
      2    5.83638e+08      220200960        2092052  32bf58d955408e84  3eb1ea77df4714d9
      3           3132           3072             43  32bf58d955408e84  49db3f271bc172b7
      4          64167          18255            624  32bf58d955408e84  4ad3c69ebc193b2a
      5          49632           4608            270  32bf58d955408e84  734b7dbabbfd0e29
      6           2412             81             29  32bf58d955408e84  745d46c46e565807
      7          87642           7680            398  32bf58d955408e84  7c21fb734c91c1f5
      8            249             21              4  32bf58d955408e84  8a862b2919e6770c
      9            650             27              6  32bf58d955408e84  937ed986f85be7c9
     10            171             12              2  32bf58d955408e84  fbc9da8e89d53548
============================================================
Thread 23
  BBLID       Time(ns)    Instruction  Memory Access          Hash(hi)          Hash(lo)
      0    9.66727e+07       95276547         749072  0000000000000000  0000000000000000
      2    5.83636e+08      220200960        1890344  32bf58d955408e84  3eb1ea77df4714d9
      3           3125           3072             39  32bf58d955408e84  49db3f271bc172b7
      4          63648          18255            653  32bf58d955408e84  4ad3c69ebc193b2a
      5          51978           4608            241  32bf58d955408e84  734b7dbabbfd0e29
      6           2329             81             26  32bf58d955408e84  745d46c46e565807
      7          86237           7680            386  32bf58d955408e84  7c21fb734c91c1f5
      8            345             21              2  32bf58d955408e84  8a862b2919e6770c
      9            637             27              9  32bf58d955408e84  937ed986f85be7c9
     10            209             12              4  32bf58d955408e84  fbc9da8e89d53548
============================================================
Thread 24
  BBLID       Time(ns)    Instruction  Memory Access          Hash(hi)          Hash(lo)
      0    9.66958e+07       95295319         558541  0000000000000000  0000000000000000
      2    5.83621e+08      220200960        1400526  32bf58d955408e84  3eb1ea77df4714d9
      3           3131           3072             25  32bf58d955408e84  49db3f271bc172b7
      4          62885          18255            531  32bf58d955408e84  4ad3c69ebc193b2a
      5          49384           4608            146  32bf58d955408e84  734b7dbabbfd0e29
      6           2355             81              0  32bf58d955408e84  745d46c46e565807
      7          86440           7680            236  32bf58d955408e84  7c21fb734c91c1f5
      8            291             21              3  32bf58d955408e84  8a862b2919e6770c
      9            725             27              7  32bf58d955408e84  937ed986f85be7c9
     10            199             12              0  32bf58d955408e84  fbc9da8e89d53548
============================================================
Thread 25
  BBLID       Time(ns)    Instruction  Memory Access          Hash(hi)          Hash(lo)
      0    9.75669e+07       95729100         810101  0000000000000000  0000000000000000
      2    5.82746e+08      220200960        2043489  32bf58d955408e84  3eb1ea77df4714d9
      3           3123           3072             28  32bf58d955408e84  49db3f271bc172b7
      4          63992          18255            644  32bf58d955408e84  4ad3c69ebc193b2a
      5          44641           4608            186  32bf58d955408e84  734b7dbabbfd0e29
      6           2322             81             10  32bf58d955408e84  745d46c46e565807
      7          87176           7680            325  32bf58d955408e84  7c21fb734c91c1f5
      8            420             21              3  32bf58d955408e84  8a862b2919e6770c
      9            649             27              9  32bf58d955408e84  937ed986f85be7c9
     10            165             12              1  32bf58d955408e84  fbc9da8e89d53548
============================================================
Thread 26
  BBLID       Time(ns)    Instruction  Memory Access          Hash(hi)          Hash(lo)
      0    9.66619e+07       95275903         812206  0000000000000000  0000000000000000
      2    5.83648e+08      220200960        2100213  32bf58d955408e84  3eb1ea77df4714d9
      3           3123           3072             38  32bf58d955408e84  49db3f271bc172b7
      4          64158          18255            660  32bf58d955408e84  4ad3c69ebc193b2a
      5          49679           4608            238  32bf58d955408e84  734b7dbabbfd0e29
      6           2333             81             29  32bf58d955408e84  745d46c46e565807
      7          86947           7680            353  32bf58d955408e84  7c21fb734c91c1f5
      8            277             21              1  32bf58d955408e84  8a862b2919e6770c
      9            670             27              9  32bf58d955408e84  937ed986f85be7c9
     10            168             12              1  32bf58d955408e84  fbc9da8e89d53548
============================================================
Thread 27
  BBLID       Time(ns)    Instruction  Memory Access          Hash(hi)          Hash(lo)
      0    9.75181e+07       95709930         798800  0000000000000000  0000000000000000
      2    5.82794e+08      220200960        2032122  32bf58d955408e84  3eb1ea77df4714d9
      3           3123           3072             30  32bf58d955408e84  49db3f271bc172b7
      4          63991          18255            689  32bf58d955408e84  4ad3c69ebc193b2a
      5          49949           4608            212  32bf58d955408e84  734b7dbabbfd0e29
      6           2265             81              8  32bf58d955408e84  745d46c46e565807
      7          87179           7680            297  32bf58d955408e84  7c21fb734c91c1f5
      8            375             21              2  32bf58d955408e84  8a862b2919e6770c
      9            660             27              5  32bf58d955408e84  937ed986f85be7c9
     10            176             12              0  32bf58d955408e84  fbc9da8e89d53548
============================================================
Thread 28
  BBLID       Time(ns)    Instruction  Memory Access          Hash(hi)          Hash(lo)
      0    9.66856e+07       95278252         569312  0000000000000000  0000000000000000
      2    5.83634e+08      220200960        1424741  32bf58d955408e84  3eb1ea77df4714d9
      3           3516           3072             23  32bf58d955408e84  49db3f271bc172b7
      4          62428          18255            657  32bf58d955408e84  4ad3c69ebc193b2a
      5          49704           4608            140  32bf58d955408e84  734b7dbabbfd0e29
      6           2323             81              0  32bf58d955408e84  745d46c46e565807
      7          86992           7680            231  32bf58d955408e84  7c21fb734c91c1f5
      8            244             21              1  32bf58d955408e84  8a862b2919e6770c
      9            656             27              9  32bf58d955408e84  937ed986f85be7c9
     10            178             12              0  32bf58d955408e84  fbc9da8e89d53548
============================================================
Thread 29
  BBLID       Time(ns)    Instruction  Memory Access          Hash(hi)          Hash(lo)
      0    9.66611e+07       95274755         821935  0000000000000000  0000000000000000
      2    5.83649e+08      220200960        2079071  32bf58d955408e84  3eb1ea77df4714d9
      3           3123           3072             49  32bf58d955408e84  49db3f271bc172b7
      4          63519          18255            659  32bf58d955408e84  4ad3c69ebc193b2a
      5          49503           4608            279  32bf58d955408e84  734b7dbabbfd0e29
      6           2330             81             26  32bf58d955408e84  745d46c46e565807
      7          87982           7680            475  32bf58d955408e84  7c21fb734c91c1f5
      8            251             21              1  32bf58d955408e84  8a862b2919e6770c
      9            698             27              8  32bf58d955408e84  937ed986f85be7c9
     10            185             12              0  32bf58d955408e84  fbc9da8e89d53548
============================================================
Thread 30
  BBLID       Time(ns)    Instruction  Memory Access          Hash(hi)          Hash(lo)
      0    9.66708e+07       95276442         835834  0000000000000000  0000000000000000
      2     5.8364e+08      220200960        2133477  32bf58d955408e84  3eb1ea77df4714d9
      3           3319           3072             71  32bf58d955408e84  49db3f271bc172b7
      4          64634          18255            695  32bf58d955408e84  4ad3c69ebc193b2a
      5          49517           4608            278  32bf58d955408e84  734b7dbabbfd0e29
      6           2366             81             25  32bf58d955408e84  745d46c46e565807
      7          87787           7680            452  32bf58d955408e84  7c21fb734c91c1f5
      8            282             21              3  32bf58d955408e84  8a862b2919e6770c
      9            641             27              7  32bf58d955408e84  937ed986f85be7c9
     10            165             12              1  32bf58d955408e84  fbc9da8e89d53548
============================================================
Thread 31
  BBLID       Time(ns)    Instruction  Memory Access          Hash(hi)          Hash(lo)
      0    9.75313e+07       95717312         654812  0000000000000000  0000000000000000
      2    5.82774e+08      220200960        1562635  32bf58d955408e84  3eb1ea77df4714d9
      3           3139           3072             23  32bf58d955408e84  49db3f271bc172b7
      4          63473          18255            851  32bf58d955408e84  4ad3c69ebc193b2a
      5          49959           4608            157  32bf58d955408e84  734b7dbabbfd0e29
      6           2309             81              8  32bf58d955408e84  745d46c46e565807
      7          86926           7680            266  32bf58d955408e84  7c21fb734c91c1f5
      8            321             21              1  32bf58d955408e84  8a862b2919e6770c
      9            616             27             15  32bf58d955408e84  937ed986f85be7c9
     10            144             12              0  32bf58d955408e84  fbc9da8e89d53548
