============================================================
ReuseSegment - Thread 0
head = 1, count = 77 | 1 6 
head = 6, count = 2 | 1 6 
head = 1, count = 82 | 3 1 
head = 3, count = 45 | 3 1 
head = 1, count = 12 | 2 1 
head = 3, count = 118 | 3 2 
head = 3, count = 3 | 3 2 1 
head = 1, count = 9 | 3 2 1 
head = 2, count = 1 | 2 1 
head = 1, count = 104 | 5 1 
head = 5, count = 2 | 5 4 
head = 4, count = 2 | 5 4 
head = 5, count = 43 | 5 1 
head = 5, count = 2 | 5 4 1 
============================================================
ReuseSegment - Thread 1
head = 0, count = 65 | 6 0 
head = 6, count = 2 | 6 0 
head = 0, count = 44 | 3 0 
head = 3, count = 64 | 3 0 
head = 0, count = 9 | 2 0 
head = 3, count = 175 | 3 2 
head = 0, count = 10 | 3 2 0 
head = 3, count = 3 | 3 2 0 
head = 2, count = 1 | 2 0 
head = 0, count = 30 | 5 0 
head = 5, count = 22 | 5 0 
============================================================
ReuseSegment - Thread 2
head = 0, count = 64 | 6 0 
head = 6, count = 2 | 6 0 
head = 0, count = 43 | 3 0 
head = 3, count = 65 | 3 0 
head = 0, count = 8 | 2 0 
head = 3, count = 176 | 3 2 
head = 0, count = 10 | 3 2 0 
head = 3, count = 3 | 3 2 0 
head = 2, count = 1 | 2 0 
head = 0, count = 29 | 5 0 
head = 5, count = 2 | 4 5 
head = 5, count = 17 | 5 0 
head = 5, count = 2 | 4 5 0 
============================================================
ReuseSegment - Thread 3
head = 0, count = 66 | 6 0 
head = 6, count = 2 | 6 0 
head = 0, count = 41 | 3 0 
head = 3, count = 67 | 3 0 
head = 0, count = 9 | 2 0 
head = 3, count = 163 | 3 2 
head = 0, count = 10 | 3 2 0 
head = 3, count = 3 | 3 2 0 
head = 2, count = 1 | 2 0 
head = 0, count = 30 | 5 0 
head = 5, count = 21 | 5 0 
============================================================
ReuseSegment - Thread 4
head = 0, count = 68 | 6 0 
head = 6, count = 2 | 6 0 
head = 0, count = 78 | 3 0 
head = 3, count = 39 | 3 0 
head = 0, count = 8 | 2 0 
head = 3, count = 171 | 3 2 
head = 0, count = 12 | 3 2 0 
head = 3, count = 1 | 3 2 0 
head = 2, count = 1 | 2 0 
head = 0, count = 33 | 5 0 
head = 5, count = 2 | 4 5 
head = 5, count = 17 | 5 0 
head = 5, count = 2 | 4 5 0 
============================================================
ReuseSegment - Thread 5
head = 0, count = 63 | 6 0 
head = 6, count = 2 | 6 0 
head = 0, count = 45 | 3 0 
head = 3, count = 64 | 3 0 
head = 0, count = 9 | 2 0 
head = 3, count = 170 | 3 2 
head = 0, count = 10 | 3 2 0 
head = 3, count = 3 | 3 2 0 
head = 2, count = 1 | 2 0 
head = 0, count = 30 | 5 0 
head = 5, count = 21 | 5 0 
============================================================
ReuseSegment - Thread 6
head = 0, count = 63 | 6 0 
head = 6, count = 2 | 6 0 
head = 0, count = 44 | 3 0 
head = 3, count = 63 | 3 0 
head = 0, count = 8 | 2 0 
head = 3, count = 171 | 3 2 
head = 0, count = 10 | 3 2 0 
head = 3, count = 3 | 3 2 0 
head = 2, count = 1 | 2 0 
head = 0, count = 30 | 5 0 
head = 5, count = 2 | 5 4 
head = 5, count = 20 | 5 0 
head = 5, count = 2 | 5 4 0 
============================================================
ReuseSegment - Thread 7
head = 0, count = 66 | 6 0 
head = 6, count = 2 | 6 0 
head = 0, count = 44 | 3 0 
head = 3, count = 66 | 3 0 
head = 0, count = 9 | 2 0 
head = 3, count = 168 | 3 2 
head = 0, count = 10 | 3 2 0 
head = 3, count = 3 | 3 2 0 
head = 2, count = 1 | 2 0 
head = 0, count = 30 | 5 0 
head = 5, count = 21 | 5 0 
============================================================
ReuseSegment - Thread 8
head = 0, count = 66 | 6 0 
head = 6, count = 2 | 6 0 
head = 0, count = 90 | 3 0 
head = 3, count = 42 | 3 0 
head = 0, count = 8 | 2 0 
head = 3, count = 163 | 2 3 
head = 0, count = 11 | 2 3 0 
head = 3, count = 2 | 2 3 0 
head = 2, count = 1 | 2 0 
head = 0, count = 34 | 5 0 
head = 5, count = 2 | 5 4 
head = 5, count = 19 | 5 0 
head = 5, count = 2 | 5 4 0 
head = 4, count = 1 | 4 0 
============================================================
ReuseSegment - Thread 9
head = 0, count = 65 | 6 0 
head = 6, count = 2 | 6 0 
head = 0, count = 45 | 3 0 
head = 3, count = 64 | 3 0 
head = 0, count = 9 | 2 0 
head = 3, count = 170 | 3 2 
head = 0, count = 10 | 3 2 0 
head = 3, count = 3 | 3 2 0 
head = 2, count = 1 | 2 0 
head = 0, count = 31 | 5 0 
head = 5, count = 21 | 5 0 
============================================================
ReuseSegment - Thread 10
head = 0, count = 64 | 6 0 
head = 6, count = 2 | 6 0 
head = 0, count = 44 | 3 0 
head = 3, count = 63 | 3 0 
head = 0, count = 8 | 2 0 
head = 3, count = 170 | 3 2 
head = 0, count = 10 | 3 2 0 
head = 3, count = 3 | 3 2 0 
head = 2, count = 1 | 2 0 
head = 0, count = 29 | 5 0 
head = 5, count = 2 | 4 5 
head = 5, count = 13 | 5 0 
head = 5, count = 2 | 4 5 0 
============================================================
ReuseSegment - Thread 11
head = 0, count = 65 | 6 0 
head = 6, count = 2 | 6 0 
head = 0, count = 44 | 3 0 
head = 3, count = 66 | 3 0 
head = 0, count = 9 | 2 0 
head = 3, count = 168 | 3 2 
head = 0, count = 10 | 3 2 0 
head = 3, count = 3 | 3 2 0 
head = 2, count = 1 | 2 0 
head = 0, count = 32 | 5 0 
head = 5, count = 25 | 5 0 
============================================================
ReuseSegment - Thread 12
head = 0, count = 55 | 6 0 
head = 6, count = 2 | 6 0 
head = 0, count = 74 | 3 0 
head = 3, count = 39 | 3 0 
head = 0, count = 8 | 2 0 
head = 3, count = 154 | 3 2 
head = 0, count = 12 | 3 2 0 
head = 3, count = 1 | 3 2 0 
head = 2, count = 1 | 2 0 
head = 0, count = 36 | 5 0 
head = 5, count = 2 | 4 5 
head = 5, count = 16 | 5 0 
head = 5, count = 2 | 4 5 0 
============================================================
ReuseSegment - Thread 13
head = 0, count = 64 | 6 0 
head = 6, count = 2 | 6 0 
head = 0, count = 44 | 3 0 
head = 3, count = 63 | 3 0 
head = 0, count = 9 | 2 0 
head = 3, count = 132 | 3 2 
head = 0, count = 9 | 3 2 0 
head = 3, count = 4 | 3 2 0 
head = 2, count = 1 | 2 0 
head = 0, count = 30 | 5 0 
head = 5, count = 22 | 5 0 
============================================================
ReuseSegment - Thread 14
head = 0, count = 63 | 6 0 
head = 6, count = 2 | 6 0 
head = 0, count = 44 | 3 0 
head = 3, count = 63 | 3 0 
head = 0, count = 8 | 2 0 
head = 3, count = 171 | 3 2 
head = 0, count = 10 | 3 2 0 
head = 3, count = 3 | 3 2 0 
head = 2, count = 1 | 2 0 
head = 0, count = 29 | 5 0 
head = 5, count = 2 | 5 4 
head = 5, count = 16 | 5 0 
head = 5, count = 2 | 5 4 0 
============================================================
ReuseSegment - Thread 15
head = 0, count = 66 | 6 0 
head = 6, count = 2 | 6 0 
head = 0, count = 44 | 3 0 
head = 6, count = 14 | 3 6 
head = 3, count = 66 | 3 0 
head = 0, count = 9 | 2 0 
head = 3, count = 165 | 3 2 
head = 0, count = 10 | 3 2 0 
head = 3, count = 2 | 3 2 0 
head = 2, count = 1 | 2 0 
head = 6, count = 1 | 3 2 6 0 
head = 0, count = 30 | 5 0 
head = 5, count = 21 | 5 0 
============================================================
ReuseSegment - Thread 16
head = 0, count = 51 | 6 0 
head = 6, count = 2 | 6 0 
head = 0, count = 87 | 3 0 
head = 3, count = 39 | 3 0 
head = 0, count = 9 | 2 0 
head = 3, count = 137 | 3 2 
head = 0, count = 11 | 3 2 0 
head = 3, count = 2 | 3 2 0 
head = 2, count = 1 | 2 0 
head = 0, count = 32 | 5 0 
head = 5, count = 2 | 5 4 
head = 5, count = 20 | 5 0 
head = 5, count = 1 | 5 4 0 
head = 4, count = 1 | 4 0 
============================================================
ReuseSegment - Thread 17
head = 0, count = 65 | 6 0 
head = 6, count = 2 | 6 0 
head = 0, count = 45 | 3 0 
head = 3, count = 64 | 3 0 
head = 0, count = 9 | 2 0 
head = 3, count = 169 | 3 2 
head = 0, count = 10 | 3 2 0 
head = 3, count = 3 | 3 2 0 
head = 2, count = 1 | 2 0 
head = 0, count = 32 | 5 0 
head = 5, count = 21 | 5 0 
============================================================
ReuseSegment - Thread 18
head = 0, count = 78 | 6 0 
head = 6, count = 2 | 6 0 
head = 0, count = 44 | 3 0 
head = 3, count = 63 | 3 0 
head = 0, count = 8 | 2 0 
head = 3, count = 171 | 3 2 
head = 0, count = 10 | 3 2 0 
head = 3, count = 3 | 3 2 0 
head = 2, count = 1 | 2 0 
head = 0, count = 29 | 5 0 
head = 5, count = 2 | 5 4 
head = 5, count = 17 | 5 0 
head = 5, count = 2 | 5 4 0 
============================================================
ReuseSegment - Thread 19
head = 0, count = 66 | 6 0 
head = 6, count = 2 | 6 0 
head = 0, count = 44 | 3 0 
head = 3, count = 64 | 3 0 
head = 0, count = 9 | 2 0 
head = 3, count = 131 | 3 2 
head = 0, count = 10 | 3 2 0 
head = 3, count = 3 | 3 2 0 
head = 2, count = 1 | 2 0 
head = 0, count = 31 | 5 0 
head = 5, count = 23 | 5 0 
============================================================
ReuseSegment - Thread 20
head = 0, count = 66 | 6 0 
head = 6, count = 2 | 6 0 
head = 0, count = 79 | 3 0 
head = 3, count = 41 | 3 0 
head = 0, count = 8 | 2 0 
head = 3, count = 139 | 3 2 
head = 0, count = 12 | 3 2 0 
head = 3, count = 1 | 3 2 0 
head = 2, count = 1 | 2 0 
head = 0, count = 33 | 5 0 
head = 5, count = 2 | 4 5 
head = 5, count = 17 | 5 0 
head = 5, count = 2 | 4 5 0 
============================================================
ReuseSegment - Thread 21
head = 0, count = 65 | 6 0 
head = 6, count = 2 | 6 0 
head = 0, count = 46 | 3 0 
head = 3, count = 64 | 3 0 
head = 0, count = 9 | 2 0 
head = 3, count = 136 | 3 2 
head = 0, count = 9 | 3 2 0 
head = 3, count = 4 | 3 2 0 
head = 2, count = 1 | 2 0 
head = 0, count = 34 | 5 0 
head = 5, count = 22 | 5 0 
============================================================
ReuseSegment - Thread 22
head = 0, count = 63 | 6 0 
head = 6, count = 2 | 6 0 
head = 0, count = 44 | 3 0 
head = 3, count = 63 | 3 0 
head = 0, count = 8 | 2 0 
head = 3, count = 139 | 3 2 
head = 0, count = 10 | 3 2 0 
head = 3, count = 3 | 3 2 0 
head = 2, count = 1 | 2 0 
head = 0, count = 31 | 5 0 
head = 5, count = 2 | 5 4 
head = 5, count = 18 | 5 0 
head = 5, count = 2 | 5 4 0 
============================================================
ReuseSegment - Thread 23
head = 0, count = 65 | 6 0 
head = 6, count = 2 | 6 0 
head = 0, count = 43 | 3 0 
head = 3, count = 67 | 3 0 
head = 0, count = 9 | 2 0 
head = 3, count = 135 | 2 3 
head = 0, count = 10 | 2 3 0 
head = 3, count = 3 | 2 3 0 
head = 2, count = 1 | 2 0 
head = 0, count = 27 | 5 0 
head = 5, count = 21 | 5 0 
============================================================
ReuseSegment - Thread 24
head = 0, count = 66 | 6 0 
head = 6, count = 2 | 6 0 
head = 0, count = 79 | 3 0 
head = 3, count = 42 | 3 0 
head = 0, count = 8 | 2 0 
head = 3, count = 135 | 3 2 
head = 0, count = 12 | 3 2 0 
head = 3, count = 1 | 3 2 0 
head = 2, count = 1 | 2 0 
head = 0, count = 34 | 5 0 
head = 5, count = 2 | 4 5 
head = 5, count = 18 | 5 0 
head = 5, count = 2 | 4 5 0 
============================================================
ReuseSegment - Thread 25
head = 0, count = 65 | 6 0 
head = 6, count = 2 | 6 0 
head = 0, count = 45 | 3 0 
head = 3, count = 64 | 3 0 
head = 0, count = 9 | 2 0 
head = 3, count = 156 | 3 2 
head = 0, count = 10 | 3 2 0 
head = 3, count = 3 | 3 2 0 
head = 2, count = 1 | 2 0 
head = 0, count = 31 | 5 0 
head = 5, count = 21 | 5 0 
============================================================
ReuseSegment - Thread 26
head = 0, count = 75 | 6 0 
head = 6, count = 2 | 6 0 
head = 0, count = 44 | 3 0 
head = 3, count = 63 | 3 0 
head = 0, count = 8 | 2 0 
head = 3, count = 143 | 2 3 
head = 0, count = 10 | 2 3 0 
head = 3, count = 3 | 2 3 0 
head = 2, count = 1 | 2 0 
head = 0, count = 29 | 5 0 
head = 5, count = 2 | 5 4 
head = 5, count = 17 | 5 0 
head = 5, count = 2 | 5 4 0 
============================================================
ReuseSegment - Thread 27
head = 0, count = 64 | 6 0 
head = 6, count = 2 | 6 0 
head = 0, count = 44 | 3 0 
head = 3, count = 67 | 3 0 
head = 0, count = 9 | 2 0 
head = 3, count = 137 | 2 3 
head = 0, count = 10 | 2 3 0 
head = 3, count = 3 | 2 3 0 
head = 2, count = 1 | 2 0 
head = 0, count = 27 | 5 0 
head = 5, count = 22 | 5 0 
============================================================
ReuseSegment - Thread 28
head = 0, count = 69 | 6 0 
head = 6, count = 2 | 6 0 
head = 0, count = 80 | 3 0 
head = 3, count = 42 | 3 0 
head = 0, count = 8 | 2 0 
head = 3, count = 139 | 3 2 
head = 0, count = 12 | 3 2 0 
head = 3, count = 1 | 3 2 0 
head = 2, count = 1 | 2 0 
head = 0, count = 31 | 5 0 
head = 5, count = 2 | 5 4 
head = 5, count = 17 | 5 0 
head = 5, count = 2 | 5 4 0 
============================================================
ReuseSegment - Thread 29
head = 0, count = 65 | 6 0 
head = 6, count = 2 | 6 0 
head = 0, count = 45 | 3 0 
head = 3, count = 64 | 3 0 
head = 0, count = 9 | 2 0 
head = 3, count = 139 | 3 2 
head = 0, count = 10 | 3 2 0 
head = 3, count = 3 | 3 2 0 
head = 2, count = 1 | 2 0 
head = 0, count = 29 | 5 0 
head = 5, count = 21 | 5 0 
============================================================
ReuseSegment - Thread 30
head = 0, count = 63 | 6 0 
head = 6, count = 2 | 6 0 
head = 0, count = 44 | 3 0 
head = 3, count = 63 | 3 0 
head = 0, count = 8 | 2 0 
head = 3, count = 139 | 3 2 
head = 0, count = 10 | 3 2 0 
head = 3, count = 3 | 3 2 0 
head = 2, count = 1 | 2 0 
head = 0, count = 29 | 5 0 
head = 5, count = 2 | 5 4 
head = 5, count = 19 | 5 0 
head = 5, count = 2 | 5 4 0 
============================================================
ReuseSegment - Thread 31
head = 0, count = 84 | 6 0 
head = 6, count = 2 | 6 0 
head = 0, count = 44 | 3 0 
head = 3, count = 66 | 3 0 
head = 0, count = 9 | 2 0 
head = 3, count = 138 | 3 2 
head = 0, count = 10 | 3 2 0 
head = 3, count = 3 | 3 2 0 
head = 2, count = 1 | 2 0 
head = 0, count = 29 | 5 0 
head = 5, count = 21 | 5 0 
============================================================
BBLSwitchCount - Thread 0
from = 0 | 1:1 
from = 1 | 6:1 
from = 6 | 3:1 
from = 3 | 2:1 
from = 2 | 5:1 
from = 5 | 4:2 
from = 4 | 5:1 4:8 
============================================================
BBLSwitchCount - Thread 1
from = 0 | 6:1 
from = 6 | 3:1 
from = 3 | 2:1 
from = 2 | 5:1 
from = 5 | 5:1 
============================================================
BBLSwitchCount - Thread 2
from = 0 | 6:1 
from = 6 | 3:1 
from = 3 | 2:1 
from = 2 | 5:1 
from = 5 | 4:2 
from = 4 | 5:1 
============================================================
BBLSwitchCount - Thread 3
from = 0 | 6:1 
from = 6 | 3:1 
from = 3 | 2:1 
from = 2 | 5:1 
from = 5 | 5:1 
============================================================
BBLSwitchCount - Thread 4
from = 0 | 6:1 
from = 6 | 3:1 
from = 3 | 2:1 
from = 2 | 5:1 
from = 5 | 4:2 
from = 4 | 5:1 4:2 
============================================================
BBLSwitchCount - Thread 5
from = 0 | 6:1 
from = 6 | 3:1 
from = 3 | 2:1 
from = 2 | 5:1 
from = 5 | 5:1 
============================================================
BBLSwitchCount - Thread 6
from = 0 | 6:1 
from = 6 | 3:1 
from = 3 | 2:1 
from = 2 | 5:1 
from = 5 | 4:2 
from = 4 | 5:1 
============================================================
BBLSwitchCount - Thread 7
from = 0 | 6:1 
from = 6 | 3:1 
from = 3 | 2:1 
from = 2 | 5:1 
from = 5 | 5:1 
============================================================
BBLSwitchCount - Thread 8
from = 0 | 6:1 
from = 6 | 3:1 
from = 3 | 2:1 
from = 2 | 5:1 
from = 5 | 4:2 
from = 4 | 5:1 4:4 
============================================================
BBLSwitchCount - Thread 9
from = 0 | 6:1 
from = 6 | 3:1 
from = 3 | 2:1 
from = 2 | 5:1 
from = 5 | 5:1 
============================================================
BBLSwitchCount - Thread 10
from = 0 | 6:1 
from = 6 | 3:1 
from = 3 | 2:1 
from = 2 | 5:1 
from = 5 | 4:2 
from = 4 | 5:1 
============================================================
BBLSwitchCount - Thread 11
from = 0 | 6:1 
from = 6 | 3:1 
from = 3 | 2:1 
from = 2 | 5:1 
from = 5 | 5:1 
============================================================
BBLSwitchCount - Thread 12
from = 0 | 6:1 
from = 6 | 3:1 
from = 3 | 2:1 
from = 2 | 5:1 
from = 5 | 4:2 
from = 4 | 5:1 4:2 
============================================================
BBLSwitchCount - Thread 13
from = 0 | 6:1 
from = 6 | 3:1 
from = 3 | 2:1 
from = 2 | 5:1 
from = 5 | 5:1 
============================================================
BBLSwitchCount - Thread 14
from = 0 | 6:1 
from = 6 | 3:1 
from = 3 | 2:1 
from = 2 | 5:1 
from = 5 | 4:2 
from = 4 | 5:1 
============================================================
BBLSwitchCount - Thread 15
from = 0 | 6:1 
from = 6 | 3:1 
from = 3 | 2:1 
from = 2 | 5:1 
from = 5 | 5:1 
============================================================
BBLSwitchCount - Thread 16
from = 0 | 6:1 
from = 6 | 3:1 
from = 3 | 2:1 
from = 2 | 5:1 
from = 5 | 4:2 
from = 4 | 5:1 4:6 
============================================================
BBLSwitchCount - Thread 17
from = 0 | 6:1 
from = 6 | 3:1 
from = 3 | 2:1 
from = 2 | 5:1 
from = 5 | 5:1 
============================================================
BBLSwitchCount - Thread 18
from = 0 | 6:1 
from = 6 | 3:1 
from = 3 | 2:1 
from = 2 | 5:1 
from = 5 | 4:2 
from = 4 | 5:1 
============================================================
BBLSwitchCount - Thread 19
from = 0 | 6:1 
from = 6 | 3:1 
from = 3 | 2:1 
from = 2 | 5:1 
from = 5 | 5:1 
============================================================
BBLSwitchCount - Thread 20
from = 0 | 6:1 
from = 6 | 3:1 
from = 3 | 2:1 
from = 2 | 5:1 
from = 5 | 4:2 
from = 4 | 5:1 4:2 
============================================================
BBLSwitchCount - Thread 21
from = 0 | 6:1 
from = 6 | 3:1 
from = 3 | 2:1 
from = 2 | 5:1 
from = 5 | 5:1 
============================================================
BBLSwitchCount - Thread 22
from = 0 | 6:1 
from = 6 | 3:1 
from = 3 | 2:1 
from = 2 | 5:1 
from = 5 | 4:2 
from = 4 | 5:1 
============================================================
BBLSwitchCount - Thread 23
from = 0 | 6:1 
from = 6 | 3:1 
from = 3 | 2:1 
from = 2 | 5:1 
from = 5 | 5:1 
============================================================
BBLSwitchCount - Thread 24
from = 0 | 6:1 
from = 6 | 3:1 
from = 3 | 2:1 
from = 2 | 5:1 
from = 5 | 4:2 
from = 4 | 5:1 4:4 
============================================================
BBLSwitchCount - Thread 25
from = 0 | 6:1 
from = 6 | 3:1 
from = 3 | 2:1 
from = 2 | 5:1 
from = 5 | 5:1 
============================================================
BBLSwitchCount - Thread 26
from = 0 | 6:1 
from = 6 | 3:1 
from = 3 | 2:1 
from = 2 | 5:1 
from = 5 | 4:2 
from = 4 | 5:1 
============================================================
BBLSwitchCount - Thread 27
from = 0 | 6:1 
from = 6 | 3:1 
from = 3 | 2:1 
from = 2 | 5:1 
from = 5 | 5:1 
============================================================
BBLSwitchCount - Thread 28
from = 0 | 6:1 
from = 6 | 3:1 
from = 3 | 2:1 
from = 2 | 5:1 
from = 5 | 4:2 
from = 4 | 5:1 4:2 
============================================================
BBLSwitchCount - Thread 29
from = 0 | 6:1 
from = 6 | 3:1 
from = 3 | 2:1 
from = 2 | 5:1 
from = 5 | 5:1 
============================================================
BBLSwitchCount - Thread 30
from = 0 | 6:1 
from = 6 | 3:1 
from = 3 | 2:1 
from = 2 | 5:1 
from = 5 | 4:2 
from = 4 | 5:1 
============================================================
BBLSwitchCount - Thread 31
from = 0 | 6:1 
from = 6 | 3:1 
from = 3 | 2:1 
from = 2 | 5:1 
from = 5 | 5:1 
