============================================================
Thread 0
  BBLID       Time(ns)    Instruction  Memory Access          Hash(hi)          Hash(lo)
      0           4859              3              0  0000000000000000  0000000000000000
      1    3.95857e+06        1672353          17051  0000000000000001  0000000000000001
      2    1.83852e+08       28849058        1318876  33f1e2d68361ad13  4b9925fc18e84abd
      3          67846          24885            804  9436cc061af53ce0  1c00b4992b835cdc
      4           1300             90              2  a2bed2e870088931  1213070f15de22a5
      5          89766          24454            547  b3930038687f89d2  d1f6a67eb13860a6
      6    1.19409e+08       40655372        1958267  e5c42a98953734ee  a6ce2413ed27e204
============================================================
Thread 1
  BBLID       Time(ns)    Instruction  Memory Access          Hash(hi)          Hash(lo)
      0    1.29119e+06         576433           7973  0000000000000000  0000000000000000
      2    1.82965e+08       28849061        1568876  33f1e2d68361ad13  4b9925fc18e84abd
      3          68336          24829            492  9436cc061af53ce0  1c00b4992b835cdc
      5          87903          25752            619  b3930038687f89d2  d1f6a67eb13860a6
      6    1.19403e+08       40654677         666554  e5c42a98953734ee  a6ce2413ed27e204
============================================================
Thread 2
  BBLID       Time(ns)    Instruction  Memory Access          Hash(hi)          Hash(lo)
      0    1.25714e+06         567124          10507  0000000000000000  0000000000000000
      2    1.82975e+08       28849061        1718087  33f1e2d68361ad13  4b9925fc18e84abd
      3          69013          24882            486  9436cc061af53ce0  1c00b4992b835cdc
      4            260             18              3  a2bed2e870088931  1213070f15de22a5
      5          88895          25112            663  b3930038687f89d2  d1f6a67eb13860a6
      6    1.19402e+08       40654677         665151  e5c42a98953734ee  a6ce2413ed27e204
============================================================
Thread 3
  BBLID       Time(ns)    Instruction  Memory Access          Hash(hi)          Hash(lo)
      0         218110          79553            962  0000000000000000  0000000000000000
      2    1.83854e+08       28849061        1397151  33f1e2d68361ad13  4b9925fc18e84abd
      3          67235          23463            504  9436cc061af53ce0  1c00b4992b835cdc
      5          87790          25381            633  b3930038687f89d2  d1f6a67eb13860a6
      6    1.19569e+08       40655540         669921  e5c42a98953734ee  a6ce2413ed27e204
============================================================
Thread 4
  BBLID       Time(ns)    Instruction  Memory Access          Hash(hi)          Hash(lo)
      0         380759         152113            981  0000000000000000  0000000000000000
      2    1.83856e+08       28849061        1318084  33f1e2d68361ad13  4b9925fc18e84abd
      3          66088          23841            466  9436cc061af53ce0  1c00b4992b835cdc
      4            520             36              2  a2bed2e870088931  1213070f15de22a5
      5          87367          24967            589  b3930038687f89d2  d1f6a67eb13860a6
      6    1.19404e+08       40654677         665260  e5c42a98953734ee  a6ce2413ed27e204
============================================================
Thread 5
  BBLID       Time(ns)    Instruction  Memory Access          Hash(hi)          Hash(lo)
      0         216852          78750           1225  0000000000000000  0000000000000000
      2    1.83853e+08       28849061        1555316  33f1e2d68361ad13  4b9925fc18e84abd
      3          66307          24564            802  9436cc061af53ce0  1c00b4992b835cdc
      5          87893          25805            639  b3930038687f89d2  d1f6a67eb13860a6
      6    1.19562e+08       40654677        1959209  e5c42a98953734ee  a6ce2413ed27e204
============================================================
Thread 6
  BBLID       Time(ns)    Instruction  Memory Access          Hash(hi)          Hash(lo)
      0     1.0879e+06         486960           8589  0000000000000000  0000000000000000
      2    1.82993e+08       28849061        1663478  33f1e2d68361ad13  4b9925fc18e84abd
      3          66443          24723            836  9436cc061af53ce0  1c00b4992b835cdc
      4            263             18              1  a2bed2e870088931  1213070f15de22a5
      5          88654          25006            608  b3930038687f89d2  d1f6a67eb13860a6
      6    1.19553e+08       40654677        1961110  e5c42a98953734ee  a6ce2413ed27e204
============================================================
Thread 7
  BBLID       Time(ns)    Instruction  Memory Access          Hash(hi)          Hash(lo)
      0         380522         154163           1066  0000000000000000  0000000000000000
      2    1.83853e+08       28849061        1538481  33f1e2d68361ad13  4b9925fc18e84abd
      3          66068          24087            450  9436cc061af53ce0  1c00b4992b835cdc
      5          88071          25487            640  b3930038687f89d2  d1f6a67eb13860a6
      6    1.19404e+08       40654677         664067  e5c42a98953734ee  a6ce2413ed27e204
============================================================
Thread 8
  BBLID       Time(ns)    Instruction  Memory Access          Hash(hi)          Hash(lo)
      0         380610         149105            915  0000000000000000  0000000000000000
      2    1.83859e+08       28849061        1311220  33f1e2d68361ad13  4b9925fc18e84abd
      3          66160          23841            416  9436cc061af53ce0  1c00b4992b835cdc
      4            820             54              1  a2bed2e870088931  1213070f15de22a5
      5          87746          24688            617  b3930038687f89d2  d1f6a67eb13860a6
      6    1.19403e+08       40654677         667518  e5c42a98953734ee  a6ce2413ed27e204
============================================================
Thread 9
  BBLID       Time(ns)    Instruction  Memory Access          Hash(hi)          Hash(lo)
      0         220650          80115           1338  0000000000000000  0000000000000000
      2    1.83854e+08       28849061        1784115  33f1e2d68361ad13  4b9925fc18e84abd
      3          66188          24511            836  9436cc061af53ce0  1c00b4992b835cdc
      5          87892          25540            632  b3930038687f89d2  d1f6a67eb13860a6
      6    1.19561e+08       40654677        1960683  e5c42a98953734ee  a6ce2413ed27e204
============================================================
Thread 10
  BBLID       Time(ns)    Instruction  Memory Access          Hash(hi)          Hash(lo)
      0    1.22493e+06         550755          10188  0000000000000000  0000000000000000
      2    1.83006e+08       28849061        1560137  33f1e2d68361ad13  4b9925fc18e84abd
      3          67357          27267            472  9436cc061af53ce0  1c00b4992b835cdc
      4            260             18              1  a2bed2e870088931  1213070f15de22a5
      5          89070          27066            637  b3930038687f89d2  d1f6a67eb13860a6
      6    1.19404e+08       40654677         665225  e5c42a98953734ee  a6ce2413ed27e204
============================================================
Thread 11
  BBLID       Time(ns)    Instruction  Memory Access          Hash(hi)          Hash(lo)
      0         381612         154464           1071  0000000000000000  0000000000000000
      2    1.83855e+08       28849061        1675182  33f1e2d68361ad13  4b9925fc18e84abd
      3          66126          24352            413  9436cc061af53ce0  1c00b4992b835cdc
      5          88263          25540            646  b3930038687f89d2  d1f6a67eb13860a6
      6    1.19403e+08       40654677         665975  e5c42a98953734ee  a6ce2413ed27e204
============================================================
Thread 12
  BBLID       Time(ns)    Instruction  Memory Access          Hash(hi)          Hash(lo)
      0         388382         155145            969  0000000000000000  0000000000000000
      2    1.83854e+08       28849061        1312707  33f1e2d68361ad13  4b9925fc18e84abd
      3          67201          24032            440  9436cc061af53ce0  1c00b4992b835cdc
      4            520             36              0  a2bed2e870088931  1213070f15de22a5
      5          87333          24831            624  b3930038687f89d2  d1f6a67eb13860a6
      6    1.19403e+08       40654677         665074  e5c42a98953734ee  a6ce2413ed27e204
============================================================
Thread 13
  BBLID       Time(ns)    Instruction  Memory Access          Hash(hi)          Hash(lo)
      0         378783         153202            932  0000000000000000  0000000000000000
      2    1.83854e+08       28849061        1697360  33f1e2d68361ad13  4b9925fc18e84abd
      3          67729          21908            502  9436cc061af53ce0  1c00b4992b835cdc
      5          88437          25487            626  b3930038687f89d2  d1f6a67eb13860a6
      6    1.19403e+08       40654677         664973  e5c42a98953734ee  a6ce2413ed27e204
============================================================
Thread 14
  BBLID       Time(ns)    Instruction  Memory Access          Hash(hi)          Hash(lo)
      0         379464         153762           1067  0000000000000000  0000000000000000
      2    1.83853e+08       28849061        1566047  33f1e2d68361ad13  4b9925fc18e84abd
      3          67828          26048            482  9436cc061af53ce0  1c00b4992b835cdc
      4            260             18              1  a2bed2e870088931  1213070f15de22a5
      5          89172          25379            636  b3930038687f89d2  d1f6a67eb13860a6
      6    1.19404e+08       40654677         664897  e5c42a98953734ee  a6ce2413ed27e204
============================================================
Thread 15
  BBLID       Time(ns)    Instruction  Memory Access          Hash(hi)          Hash(lo)
      0         381802         155122           1055  0000000000000000  0000000000000000
      2    1.83855e+08       28849061        1417375  33f1e2d68361ad13  4b9925fc18e84abd
      3          66784          24935            491  9436cc061af53ce0  1c00b4992b835cdc
      5          87904          25646            603  b3930038687f89d2  d1f6a67eb13860a6
      6    1.19405e+08       40655488         665211  e5c42a98953734ee  a6ce2413ed27e204
============================================================
Thread 16
  BBLID       Time(ns)    Instruction  Memory Access          Hash(hi)          Hash(lo)
      0    1.06342e+06         471669            831  0000000000000000  0000000000000000
      2    1.83019e+08       28849061        1316155  33f1e2d68361ad13  4b9925fc18e84abd
      3          66827          23440            319  9436cc061af53ce0  1c00b4992b835cdc
      4           1088             72              0  a2bed2e870088931  1213070f15de22a5
      5          85117          23492            355  b3930038687f89d2  d1f6a67eb13860a6
      6    1.19565e+08       40654677         664610  e5c42a98953734ee  a6ce2413ed27e204
============================================================
Thread 17
  BBLID       Time(ns)    Instruction  Memory Access          Hash(hi)          Hash(lo)
      0         215140          77255            997  0000000000000000  0000000000000000
      2    1.83856e+08       28849061        1719672  33f1e2d68361ad13  4b9925fc18e84abd
      3          65725          23981            542  9436cc061af53ce0  1c00b4992b835cdc
      5          87953          25434            633  b3930038687f89d2  d1f6a67eb13860a6
      6    1.19563e+08       40654677         664587  e5c42a98953734ee  a6ce2413ed27e204
============================================================
Thread 18
  BBLID       Time(ns)    Instruction  Memory Access          Hash(hi)          Hash(lo)
      0         375668         151583           1124  0000000000000000  0000000000000000
      2    1.83856e+08       28849061        1492287  33f1e2d68361ad13  4b9925fc18e84abd
      3          65772          24034            476  9436cc061af53ce0  1c00b4992b835cdc
      4            260             18              0  a2bed2e870088931  1213070f15de22a5
      5          88790          25345            653  b3930038687f89d2  d1f6a67eb13860a6
      6    1.19405e+08       40654677         664199  e5c42a98953734ee  a6ce2413ed27e204
============================================================
Thread 19
  BBLID       Time(ns)    Instruction  Memory Access          Hash(hi)          Hash(lo)
      0         416088         170204           4039  0000000000000000  0000000000000000
      2    1.83821e+08       28849061        1490245  33f1e2d68361ad13  4b9925fc18e84abd
      3          66049          24193            808  9436cc061af53ce0  1c00b4992b835cdc
      5          88100          25911            633  b3930038687f89d2  d1f6a67eb13860a6
      6    1.19402e+08       40654677        1957887  e5c42a98953734ee  a6ce2413ed27e204
============================================================
Thread 20
  BBLID       Time(ns)    Instruction  Memory Access          Hash(hi)          Hash(lo)
      0         223973          78903           1011  0000000000000000  0000000000000000
      2    1.83853e+08       28849061        1316651  33f1e2d68361ad13  4b9925fc18e84abd
      3          66133          23663            759  9436cc061af53ce0  1c00b4992b835cdc
      4            521             36              4  a2bed2e870088931  1213070f15de22a5
      5          86297          24598            640  b3930038687f89d2  d1f6a67eb13860a6
      6    1.19562e+08       40654677        1956983  e5c42a98953734ee  a6ce2413ed27e204
============================================================
Thread 21
  BBLID       Time(ns)    Instruction  Memory Access          Hash(hi)          Hash(lo)
      0         216764          77794           1249  0000000000000000  0000000000000000
      2    1.83854e+08       28849061        1616341  33f1e2d68361ad13  4b9925fc18e84abd
      3          66060          24511            837  9436cc061af53ce0  1c00b4992b835cdc
      5          87132          25222            627  b3930038687f89d2  d1f6a67eb13860a6
      6     1.1956e+08       40654677        1960628  e5c42a98953734ee  a6ce2413ed27e204
============================================================
Thread 22
  BBLID       Time(ns)    Instruction  Memory Access          Hash(hi)          Hash(lo)
      0         215815          77341           1262  0000000000000000  0000000000000000
      2    1.83854e+08       28849061        1863364  33f1e2d68361ad13  4b9925fc18e84abd
      3          65858          23928            826  9436cc061af53ce0  1c00b4992b835cdc
      4            262             18              2  a2bed2e870088931  1213070f15de22a5
      5          87762          24584            619  b3930038687f89d2  d1f6a67eb13860a6
      6    1.19562e+08       40654677        1961468  e5c42a98953734ee  a6ce2413ed27e204
============================================================
Thread 23
  BBLID       Time(ns)    Instruction  Memory Access          Hash(hi)          Hash(lo)
      0         220537          78823           1340  0000000000000000  0000000000000000
      2    1.83853e+08       28849061        1615885  33f1e2d68361ad13  4b9925fc18e84abd
      3          65669          23663            821  9436cc061af53ce0  1c00b4992b835cdc
      5          86972          25222            623  b3930038687f89d2  d1f6a67eb13860a6
      6    1.19562e+08       40654677        1960573  e5c42a98953734ee  a6ce2413ed27e204
============================================================
Thread 24
  BBLID       Time(ns)    Instruction  Memory Access          Hash(hi)          Hash(lo)
      0         225635          79359           1201  0000000000000000  0000000000000000
      2    1.83854e+08       28849061        1316701  33f1e2d68361ad13  4b9925fc18e84abd
      3          66312          23504            836  9436cc061af53ce0  1c00b4992b835cdc
      4            784             54              0  a2bed2e870088931  1213070f15de22a5
      5          86178          23970            594  b3930038687f89d2  d1f6a67eb13860a6
      6    1.19561e+08       40654677        1964382  e5c42a98953734ee  a6ce2413ed27e204
============================================================
Thread 25
  BBLID       Time(ns)    Instruction  Memory Access          Hash(hi)          Hash(lo)
      0    1.04077e+06         464056           7227  0000000000000000  0000000000000000
      2    1.83033e+08       28849061        1448786  33f1e2d68361ad13  4b9925fc18e84abd
      3          65913          24352            789  9436cc061af53ce0  1c00b4992b835cdc
      5          87016          25964            611  b3930038687f89d2  d1f6a67eb13860a6
      6     1.1956e+08       40654677        1961566  e5c42a98953734ee  a6ce2413ed27e204
============================================================
Thread 26
  BBLID       Time(ns)    Instruction  Memory Access          Hash(hi)          Hash(lo)
      0         252152          94427           1265  0000000000000000  0000000000000000
      2    1.83822e+08       28849061        1468008  33f1e2d68361ad13  4b9925fc18e84abd
      3          65727          23822            826  9436cc061af53ce0  1c00b4992b835cdc
      4            260             18              0  a2bed2e870088931  1213070f15de22a5
      5          87725          25199            630  b3930038687f89d2  d1f6a67eb13860a6
      6    1.19561e+08       40654677        1960628  e5c42a98953734ee  a6ce2413ed27e204
============================================================
Thread 27
  BBLID       Time(ns)    Instruction  Memory Access          Hash(hi)          Hash(lo)
      0         218242          78024           1230  0000000000000000  0000000000000000
      2    1.83859e+08       28849061        1563121  33f1e2d68361ad13  4b9925fc18e84abd
      3          65613          23928            841  9436cc061af53ce0  1c00b4992b835cdc
      5          86577          25275            581  b3930038687f89d2  d1f6a67eb13860a6
      6    1.19562e+08       40654677        1961046  e5c42a98953734ee  a6ce2413ed27e204
============================================================
Thread 28
  BBLID       Time(ns)    Instruction  Memory Access          Hash(hi)          Hash(lo)
      0    1.22099e+06         545224           4007  0000000000000000  0000000000000000
      2     1.8302e+08       28849061        1316449  33f1e2d68361ad13  4b9925fc18e84abd
      3          66177          23435            802  9436cc061af53ce0  1c00b4992b835cdc
      4            492             36              1  a2bed2e870088931  1213070f15de22a5
      5          86559          25546            604  b3930038687f89d2  d1f6a67eb13860a6
      6    1.19403e+08       40654677        1957860  e5c42a98953734ee  a6ce2413ed27e204
============================================================
Thread 29
  BBLID       Time(ns)    Instruction  Memory Access          Hash(hi)          Hash(lo)
      0    1.05951e+06         472660           8164  0000000000000000  0000000000000000
      2    1.83015e+08       28849061        1530911  33f1e2d68361ad13  4b9925fc18e84abd
      3          65644          24140            824  9436cc061af53ce0  1c00b4992b835cdc
      5          87003          25964            649  b3930038687f89d2  d1f6a67eb13860a6
      6    1.19562e+08       40654677        1962529  e5c42a98953734ee  a6ce2413ed27e204
============================================================
Thread 30
  BBLID       Time(ns)    Instruction  Memory Access          Hash(hi)          Hash(lo)
      0         220802          79179           1294  0000000000000000  0000000000000000
      2    1.83854e+08       28849061        1482137  33f1e2d68361ad13  4b9925fc18e84abd
      3          65507          23769            793  9436cc061af53ce0  1c00b4992b835cdc
      4            260             18              0  a2bed2e870088931  1213070f15de22a5
      5          88013          25552            642  b3930038687f89d2  d1f6a67eb13860a6
      6    1.19563e+08       40654677        1962013  e5c42a98953734ee  a6ce2413ed27e204
============================================================
Thread 31
  BBLID       Time(ns)    Instruction  Memory Access          Hash(hi)          Hash(lo)
      0         373616         154005          19968  0000000000000000  0000000000000000
      2    1.83855e+08       28849061        1444253  33f1e2d68361ad13  4b9925fc18e84abd
      3          65701          23822            385  9436cc061af53ce0  1c00b4992b835cdc
      5          87164          26017            529  b3930038687f89d2  d1f6a67eb13860a6
      6    1.19403e+08       40654677         665750  e5c42a98953734ee  a6ce2413ed27e204
