============================================================
ReuseSegment - Thread 0
head = 0, count = 114 | 0 141 
head = 141, count = 2 | 141 164 
head = 164, count = 1 | 1 164 
head = 141, count = 26 | 141 1 
head = 0, count = 51 | 0 1 
head = 1, count = 2 | 1 176 
head = 176, count = 1 | 1 176 
head = 1, count = 1 | 1 58 
head = 1, count = 1 | 1 62 
head = 62, count = 1 | 62 72 
head = 1, count = 4 | 1 72 
head = 176, count = 1 | 176 72 
head = 58, count = 1 | 58 72 
head = 72, count = 2 | 72 45 
head = 1, count = 13 | 1 45 
head = 141, count = 4 | 141 45 
head = 72, count = 1 | 72 55 
head = 45, count = 1 | 45 55 
head = 45, count = 1 | 1 45 55 
head = 72, count = 1 | 1 72 
head = 141, count = 1 | 141 348 
head = 45, count = 1 | 45 337 
head = 45, count = 2 | 1 45 
head = 337, count = 1 | 337 339 
head = 45, count = 4 | 45 339 
head = 72, count = 1 | 72 339 
head = 348, count = 1 | 348 339 
head = 339, count = 2 | 339 322 
head = 339, count = 1 | 339 358 
head = 322, count = 2 | 322 358 
head = 1, count = 2 | 1 358 
head = 141, count = 1 | 141 358 
head = 141, count = 1 | 0 141 358 
head = 72, count = 1 | 72 358 
head = 45, count = 1 | 45 358 
head = 358, count = 2 | 1 358 
head = 339, count = 5 | 1 339 
head = 358, count = 2 | 321 358 
head = 1, count = 1 | 1 321 
head = 1, count = 4 | 1 18 
head = 45, count = 7 | 45 18 
head = 0, count = 2 | 0 18 
head = 18, count = 8 | 18 39 
head = 39, count = 5 | 39 20 
head = 18, count = 21 | 18 20 
head = 141, count = 1 | 141 20 
head = 45, count = 3 | 45 20 
head = 1, count = 25 | 1 20 
head = 0, count = 1 | 0 20 
head = 20, count = 56 | 1 20 
head = 321, count = 1 | 1 321 20 
head = 1, count = 6 | 1 19 
head = 19, count = 6 | 19 6 
head = 1, count = 12 | 1 6 
head = 6, count = 16 | 6 28 
head = 28, count = 8 | 1 28 
head = 1, count = 5 | 1 152 
head = 152, count = 5 | 152 143 
head = 1, count = 19 | 1 154 
head = 20, count = 25 | 20 154 
head = 0, count = 3 | 0 154 
head = 28, count = 3 | 28 154 
head = 148, count = 2 | 149 148 
head = 149, count = 5 | 149 145 
head = 1, count = 4 | 1 149 145 148 
head = 358, count = 1 | 358 153 28 152 
head = 1, count = 2 | 1 327 
head = 154, count = 21 | 154 327 
head = 20, count = 1 | 20 327 
head = 0, count = 5 | 0 327 
head = 6, count = 1 | 6 327 
head = 0, count = 1 | 0 1 72 339 154 327 
head = 45, count = 2 | 45 328 
head = 1, count = 1 | 1 328 
head = 327, count = 1 | 328 327 
head = 328, count = 1 | 1 328 
head = 327, count = 4 | 1 327 
head = 328, count = 1 | 328 317 
head = 1, count = 2 | 1 317 
head = 72, count = 1 | 72 317 
head = 321, count = 1 | 321 39 20 343 325 317 
head = 20, count = 6 | 1 20 19 6 28 
head = 145, count = 3 | 1 145 18 27 
head = 143, count = 3 | 1 153 18 143 
head = 18, count = 12 | 18 37 
head = 37, count = 6 | 37 368 
head = 1, count = 5 | 1 368 
head = 368, count = 6 | 37 368 
head = 327, count = 17 | 327 37 
head = 154, count = 5 | 154 37 
head = 20, count = 1 | 20 37 
head = 18, count = 1 | 18 39 37 
head = 368, count = 6 | 37 368 367 
head = 141, count = 2 | 141 37 
head = 37, count = 20 | 1 37 
head = 1, count = 6 | 1 32 
head = 32, count = 6 | 32 26 
head = 26, count = 6 | 26 35 
head = 1, count = 4 | 1 32 26 35 
head = 35, count = 4 | 35 4 24 
head = 328, count = 1 | 18 328 37 368 366 24 
head = 24, count = 6 | 24 36 
head = 24, count = 4 | 24 36 23 
head = 23, count = 4 | 39 23 
head = 1, count = 4 | 1 39 
head = 327, count = 4 | 20 327 
head = 37, count = 6 | 20 37 
head = 35, count = 3 | 20 35 10 
head = 20, count = 5 | 20 6 
head = 39, count = 3 | 1 39 
head = 154, count = 5 | 1 154 
head = 145, count = 1 | 1 145 
head = 154, count = 1 | 154 148 
head = 145, count = 2 | 145 144 
head = 144, count = 11 | 144 147 
head = 147, count = 15 | 147 142 
head = 6, count = 1 | 6 144 147 142 
head = 154, count = 7 | 154 151 
head = 142, count = 4 | 142 151 
head = 1, count = 3 | 1 151 
head = 1, count = 3 | 1 154 151 
head = 153, count = 2 | 153 28 152 
head = 1, count = 2 | 1 319 
head = 317, count = 1 | 20 317 319 
head = 151, count = 2 | 151 319 
head = 317, count = 1 | 20 317 336 323 
head = 317, count = 1 | 20 317 326 323 
head = 319, count = 1 | 319 323 
head = 323, count = 1 | 1 323 
head = 319, count = 4 | 1 319 
head = 151, count = 3 | 1 151 
head = 323, count = 1 | 323 316 
head = 1, count = 2 | 1 316 
head = 328, count = 1 | 20 328 366 355 16 36 316 
head = 39, count = 12 | 39 25 
head = 25, count = 6 | 368 25 
head = 368, count = 6 | 368 25 
head = 151, count = 1 | 151 25 
head = 368, count = 6 | 368 367 25 
head = 25, count = 20 | 1 25 
head = 1, count = 6 | 1 38 
head = 38, count = 6 | 38 7 
head = 7, count = 6 | 7 12 
head = 1, count = 2 | 1 38 7 12 
head = 12, count = 2 | 12 2 33 
head = 316, count = 1 | 39 368 366 316 25 29 33 
head = 33, count = 6 | 33 9 
head = 33, count = 2 | 33 9 14 
head = 14, count = 2 | 20 14 
head = 151, count = 3 | 20 151 
head = 154, count = 6 | 20 154 
head = 12, count = 2 | 20 12 21 
head = 149, count = 1 | 1 149 
head = 142, count = 8 | 144 147 142 
head = 142, count = 11 | 144 142 
head = 6, count = 1 | 6 147 142 
head = 1, count = 2 | 1 356 
head = 316, count = 1 | 20 316 356 
head = 151, count = 2 | 151 356 
head = 358, count = 1 | 358 320 
head = 9, count = 1 | 20 9 341 320 
head = 356, count = 1 | 356 320 
head = 320, count = 1 | 1 320 
head = 356, count = 4 | 1 356 
head = 1, count = 2 | 1 349 
head = 36, count = 1 | 20 36 349 
head = 323, count = 1 | 18 20 323 354 349 
head = 349, count = 1 | 1 349 
head = 151, count = 1 | 37 151 
head = 320, count = 1 | 18 37 368 366 24 320 
head = 145, count = 1 | 145 22 
head = 22, count = 4 | 22 17 
head = 17, count = 5 | 17 8 
head = 28, count = 5 | 28 22 17 8 
head = 153, count = 3 | 153 28 8 
head = 1, count = 1 | 1 20 334 333 
head = 1, count = 3 | 1 333 
head = 349, count = 1 | 20 349 333 
head = 320, count = 1 | 20 366 16 36 320 318 329 
head = 45, count = 1 | 45 329 
head = 333, count = 1 | 333 329 
head = 329, count = 1 | 1 329 
head = 333, count = 4 | 1 333 
head = 329, count = 1 | 329 351 
head = 1, count = 2 | 1 351 
head = 349, count = 1 | 20 349 350 351 
head = 8, count = 1 | 18 8 
head = 1, count = 1 | 1 37 
head = 329, count = 1 | 18 37 368 366 16 24 329 
head = 154, count = 2 | 154 144 
head = 8, count = 1 | 144 147 142 8 
head = 145, count = 1 | 145 147 
head = 0, count = 2 | 0 151 
head = 8, count = 2 | 153 28 152 8 
head = 1, count = 3 | 1 338 
head = 351, count = 1 | 20 351 338 
head = 151, count = 1 | 151 338 
head = 351, count = 1 | 20 351 330 352 
head = 321, count = 1 | 321 335 20 352 
head = 338, count = 1 | 338 352 
head = 352, count = 1 | 1 352 
head = 338, count = 4 | 1 338 
head = 352, count = 1 | 352 344 
head = 1, count = 2 | 1 344 
head = 145, count = 1 | 1 145 27 
head = 1, count = 7 | 1 315 
head = 143, count = 1 | 1 153 143 315 
head = 37, count = 15 | 37 315 
head = 20, count = 16 | 20 315 
head = 0, count = 2 | 0 315 
head = 151, count = 2 | 151 315 
head = 154, count = 2 | 154 315 
head = 358, count = 1 | 358 18 20 315 
head = 315, count = 4 | 315 313 
head = 313, count = 2 | 313 312 
head = 315, count = 2 | 1 315 312 
head = 315, count = 1 | 18 315 313 
head = 313, count = 2 | 18 313 
head = 315, count = 1 | 37 315 
head = 352, count = 1 | 18 37 368 366 16 24 352 
head = 35, count = 1 | 368 35 10 
head = 37, count = 1 | 37 25 
head = 312, count = 2 | 39 368 366 25 29 33 312 
head = 315, count = 28 | 20 315 
head = 147, count = 1 | 147 22 
head = 1, count = 4 | 1 357 
head = 344, count = 1 | 20 344 357 
head = 1, count = 1 | 1 50 
head = 9, count = 1 | 1 20 9 342 50 
head = 55, count = 1 | 55 322 50 
head = 357, count = 2 | 357 50 
head = 358, count = 1 | 358 68 
head = 358, count = 1 | 358 344 68 
head = 50, count = 5 | 1 50 
head = 36, count = 1 | 1 20 36 340 
head = 8, count = 2 | 1 8 
head = 20, count = 1 | 1 20 6 
head = 357, count = 3 | 1 357 
head = 316, count = 1 | 1 20 316 353 
head = 344, count = 1 | 1 20 344 331 
head = 36, count = 1 | 1 20 36 346 
head = 315, count = 4 | 1 315 
head = 317, count = 1 | 1 39 20 317 
head = 8, count = 1 | 1 8 68 
head = 1, count = 3 | 1 48 
head = 48, count = 1 | 1 48 
head = 48, count = 1 | 48 77 
head = 1, count = 3 | 1 77 
head = 351, count = 1 | 18 39 20 351 332 
head = 36, count = 1 | 18 20 36 
head = 349, count = 1 | 39 20 368 349 
head = 1, count = 4 | 1 33 
head = 77, count = 1 | 39 368 366 25 29 33 77 
head = 12, count = 4 | 12 2 33 9 14 
head = 33, count = 4 | 20 33 
head = 14, count = 4 | 20 14 21 
head = 20, count = 4 | 1 20 19 
head = 19, count = 4 | 19 28 
head = 1, count = 1 | 1 28 8 
head = 1, count = 3 | 1 59 
head = 20, count = 1 | 1 20 6 59 
head = 77, count = 1 | 20 77 59 
head = 48, count = 1 | 18 20 48 49 60 
head = 77, count = 1 | 20 77 79 49 
head = 59, count = 1 | 59 49 
head = 49, count = 1 | 1 49 
head = 59, count = 3 | 1 59 
head = 49, count = 1 | 49 56 
head = 1, count = 2 | 1 56 
head = 59, count = 1 | 315 59 
head = 6, count = 1 | 6 315 
head = 20, count = 3 | 1 20 6 28 
head = 315, count = 1 | 18 315 
head = 1, count = 1 | 1 368 315 
head = 1, count = 2 | 1 24 
head = 49, count = 1 | 18 37 368 366 16 24 49 
head = 35, count = 2 | 35 4 24 36 23 
head = 24, count = 2 | 39 24 
head = 37, count = 2 | 39 37 
head = 23, count = 2 | 368 23 10 
head = 8, count = 1 | 22 8 
head = 6, count = 1 | 6 17 
head = 8, count = 1 | 28 8 
head = 1, count = 3 | 1 67 
head = 20, count = 1 | 1 20 6 67 
head = 56, count = 1 | 20 56 67 
head = 1, count = 2 | 1 63 
head = 67, count = 1 | 67 63 
head = 63, count = 1 | 1 63 
head = 67, count = 4 | 1 67 
head = 63, count = 2 | 63 75 
head = 1, count = 2 | 1 75 
head = 6, count = 1 | 18 6 
head = 8, count = 1 | 368 8 
head = 75, count = 1 | 18 37 368 366 16 24 75 
head = 36, count = 1 | 39 368 366 36 25 29 33 
head = 6, count = 1 | 1 6 
head = 143, count = 1 | 143 154 
head = 315, count = 1 | 154 315 
head = 28, count = 1 | 149 145 28 148 
head = 142, count = 1 | 147 142 
head = 8, count = 2 | 147 142 8 
head = 17, count = 1 | 147 142 17 
head = 154, count = 1 | 1 154 151 
head = 1, count = 2 | 1 54 
head = 20, count = 1 | 1 20 6 54 
head = 75, count = 1 | 20 75 54 
head = 151, count = 1 | 151 54 
head = 9, count = 1 | 20 9 69 80 
head = 75, count = 1 | 20 75 53 80 
head = 54, count = 1 | 54 80 
head = 80, count = 1 | 1 80 
head = 54, count = 4 | 1 54 
head = 80, count = 1 | 80 70 
head = 1, count = 2 | 1 70 
head = 55, count = 1 | 55 348 46 70 
head = 151, count = 1 | 1 153 18 151 
head = 145, count = 1 | 145 27 368 
head = 70, count = 1 | 39 368 366 25 29 33 70 
head = 1, count = 3 | 1 78 
head = 20, count = 1 | 1 20 6 78 
head = 70, count = 1 | 20 70 78 
head = 1, count = 1 | 1 58 174 179 
head = 9, count = 1 | 1 20 9 64 179 
head = 176, count = 1 | 176 45 179 
head = 78, count = 2 | 78 179 
head = 179, count = 2 | 1 179 
head = 179, count = 1 | 179 307 
head = 1, count = 6 | 1 307 
head = 56, count = 1 | 20 56 71 307 
head = 6, count = 1 | 6 307 
head = 8, count = 1 | 8 307 
head = 20, count = 1 | 20 6 28 307 
head = 78, count = 2 | 78 307 
head = 70, count = 1 | 20 70 66 307 
head = 20, count = 7 | 20 307 
head = 154, count = 1 | 154 307 
head = 37, count = 1 | 1 18 39 37 25 307 
head = 36, count = 1 | 20 36 57 307 
head = 80, count = 1 | 18 20 80 47 307 
head = 9, count = 1 | 20 9 65 61 307 
head = 0, count = 2 | 0 307 
head = 307, count = 5 | 307 306 
head = 306, count = 1 | 306 115 
head = 307, count = 3 | 307 115 
head = 115, count = 1 | 115 230 
head = 307, count = 1 | 307 227 
head = 230, count = 1 | 230 227 
head = 227, count = 1 | 115 227 
head = 9, count = 1 | 20 9 52 115 
head = 1, count = 1 | 1 115 
head = 227, count = 1 | 115 227 225 
head = 115, count = 2 | 115 233 
head = 225, count = 1 | 225 223 
head = 233, count = 1 | 233 223 
head = 68, count = 1 | 68 56 222 226 
head = 223, count = 1 | 223 226 228 
head = 228, count = 1 | 228 234 
head = 115, count = 1 | 306 115 
head = 234, count = 1 | 306 115 234 
head = 233, count = 1 | 306 233 
head = 306, count = 2 | 118 306 
head = 307, count = 20 | 118 307 
head = 115, count = 1 | 118 115 
head = 0, count = 2 | 0 118 
head = 226, count = 1 | 118 226 
head = 118, count = 2 | 118 306 
head = 306, count = 1 | 306 311 
head = 141, count = 1 | 141 190 
head = 311, count = 1 | 1 311 
head = 306, count = 2 | 306 291 
head = 115, count = 1 | 115 291 
head = 291, count = 1 | 291 286 
head = 115, count = 2 | 1 115 
head = 118, count = 4 | 1 118 
head = 223, count = 1 | 1 223 
head = 286, count = 1 | 1 286 287 
head = 1, count = 2 | 1 267 
head = 287, count = 1 | 287 274 
head = 267, count = 2 | 267 274 
head = 274, count = 1 | 274 269 
head = 1, count = 1 | 1 269 
head = 267, count = 1 | 267 269 
head = 179, count = 1 | 179 269 
head = 179, count = 1 | 1 179 115 269 
head = 291, count = 1 | 291 280 
head = 274, count = 1 | 274 265 
head = 269, count = 5 | 1 269 
head = 280, count = 1 | 280 292 
head = 1, count = 2 | 1 289 
head = 274, count = 1 | 274 289 
head = 292, count = 1 | 292 284 
head = 289, count = 1 | 289 284 
head = 265, count = 1 | 1 265 292 284 
head = 284, count = 1 | 284 270 
head = 289, count = 1 | 1 289 
head = 270, count = 1 | 1 270 273 
head = 1, count = 2 | 1 277 
head = 273, count = 1 | 273 293 
head = 277, count = 1 | 277 293 
head = 277, count = 1 | 277 266 
head = 1, count = 3 | 1 266 
head = 289, count = 1 | 289 277 266 
head = 266, count = 3 | 1 266 
head = 266, count = 1 | 266 305 
head = 118, count = 16 | 118 305 
head = 1, count = 5 | 1 305 
head = 1, count = 1 | 1 72 339 115 305 
head = 293, count = 1 | 293 305 300 299 
head = 1, count = 1 | 1 304 
head = 305, count = 1 | 305 303 
head = 299, count = 2 | 299 303 
head = 303, count = 2 | 303 302 
head = 304, count = 1 | 1 304 302 272 
head = 303, count = 1 | 303 272 
head = 305, count = 21 | 305 272 
head = 0, count = 1 | 0 272 
head = 272, count = 1 | 1 272 
head = 272, count = 3 | 272 201 
head = 201, count = 1 | 305 201 
head = 272, count = 1 | 299 272 
head = 305, count = 1 | 305 304 
head = 304, count = 1 | 304 303 
head = 303, count = 1 | 303 302 201 
head = 201, count = 2 | 201 219 
head = 272, count = 17 | 272 219 
head = 1, count = 8 | 1 219 
head = 315, count = 5 | 315 219 
head = 20, count = 4 | 20 219 
head = 0, count = 13 | 0 219 
head = 118, count = 2 | 118 219 
head = 302, count = 1 | 302 201 219 
head = 18, count = 1 | 18 39 311 274 272 201 219 
head = 141, count = 9 | 141 219 
head = 0, count = 6 | 0 1 72 339 154 115 219 
head = 293, count = 1 | 293 305 303 219 
head = 141, count = 1 | 0 141 219 
head = 20, count = 1 | 20 315 219 
head = 307, count = 1 | 307 306 311 274 272 201 219 
head = 219, count = 24 | 219 202 
head = 0, count = 1 | 0 141 1 45 18 20 154 118 327 37 315 307 305 219 202 
head = 141, count = 1 | 141 202 
head = 272, count = 1 | 272 202 
head = 202, count = 26 | 1 202 
head = 219, count = 18 | 1 219 
head = 141, count = 2 | 141 1 219 
head = 0, count = 1 | 0 1 72 339 154 327 151 319 356 333 338 357 50 59 67 54 78 179 115 269 266 219 
head = 272, count = 1 | 272 208 
head = 208, count = 1 | 1 208 
head = 1, count = 1 | 1 218 208 216 
head = 1, count = 2 | 1 216 
head = 216, count = 1 | 1 216 
head = 1, count = 1 | 1 198 
head = 216, count = 1 | 216 198 
head = 198, count = 2 | 1 198 
head = 305, count = 3 | 1 305 
head = 0, count = 4 | 0 1 219 
head = 142, count = 1 | 1 142 
head = 0, count = 1 | 0 141 1 20 307 306 219 
head = 0, count = 2 | 0 1 307 
head = 1, count = 1 | 1 307 306 
head = 0, count = 1 | 0 1 154 219 
head = 141, count = 1 | 141 1 20 118 315 
head = 0, count = 1 | 0 1 72 339 154 
head = 1, count = 2 | 1 405 
head = 405, count = 2 | 405 407 
head = 1, count = 75 | 1 407 
head = 219, count = 1 | 219 407 
head = 1, count = 2 | 1 406 
head = 45, count = 1 | 1 45 18 20 154 118 327 37 315 307 305 219 202 407 
head = 1, count = 36 | 1 45 18 20 154 118 327 37 315 307 305 272 219 202 407 
head = 0, count = 22 | 0 141 1 45 18 20 154 118 327 37 315 307 305 272 219 202 407 
head = 0, count = 4 | 0 141 1 45 18 20 154 118 327 37 315 307 305 219 202 407 
head = 141, count = 2 | 141 1 45 18 20 154 118 327 37 315 307 305 219 202 407 
head = 0, count = 2 | 0 141 1 18 154 327 37 305 219 202 
head = 0, count = 1 | 0 141 1 20 154 118 327 315 307 219 407 
head = 0, count = 1 | 0 141 1 72 45 339 18 20 154 118 327 37 151 319 356 333 338 315 357 50 59 67 54 78 179 307 115 269 266 305 272 219 202 407 
head = 0, count = 1 | 0 141 1 20 307 
head = 0, count = 5 | 0 141 1 45 18 20 118 327 37 315 307 272 219 202 407 
head = 0, count = 1 | 0 1 20 407 
head = 1, count = 1 | 1 45 18 20 154 327 37 315 305 272 219 202 407 
head = 0, count = 1 | 0 141 1 45 18 20 154 327 37 315 305 272 219 202 407 
head = 327, count = 3 | 1 327 37 272 219 407 
head = 0, count = 1 | 0 141 1 45 20 118 315 307 407 
head = 0, count = 1 | 0 1 45 407 
head = 151, count = 9 | 1 151 319 356 333 338 357 50 59 67 54 78 179 269 266 407 
head = 0, count = 1 | 0 141 1 72 339 154 327 151 319 356 333 338 357 50 59 67 54 78 179 115 269 266 219 407 
head = 0, count = 1 | 0 1 327 151 319 356 333 338 357 50 59 67 54 78 179 269 266 407 
head = 0, count = 2 | 0 1 72 339 154 327 151 319 356 333 338 357 50 59 67 54 78 179 115 269 266 219 407 
head = 1, count = 1 | 204 1 405 406 
head = 306, count = 1 | 306 219 
head = 0, count = 3 | 0 202 
head = 45, count = 1 | 45 18 20 327 37 307 219 
head = 404, count = 7 | 404 1 
head = 0, count = 9 | 0 141 1 
head = 0, count = 2 | 0 141 305 
head = 0, count = 1 | 0 305 
head = 0, count = 2 | 0 141 1 154 327 219 
head = 18, count = 1 | 1 18 20 118 37 315 305 219 
head = 0, count = 1 | 0 141 1 18 154 327 37 305 272 219 202 
head = 18, count = 1 | 1 18 327 37 272 219 202 
head = 0, count = 7 | 0 141 1 18 327 37 272 219 202 
head = 0, count = 8 | 0 141 219 
head = 18, count = 1 | 18 327 
head = 0, count = 1 | 0 141 1 327 37 305 219 202 
head = 0, count = 1 | 0 1 327 
head = 0, count = 2 | 0 141 327 
head = 151, count = 2 | 151 319 356 333 338 357 50 59 67 54 78 179 269 266 
head = 327, count = 1 | 327 151 319 356 333 338 357 50 59 67 54 78 179 269 266 
head = 0, count = 3 | 0 141 1 118 
head = 141, count = 1 | 141 272 
head = 0, count = 2 | 0 141 1 18 327 272 219 
head = 0, count = 1 | 0 141 1 327 219 
head = 0, count = 18 | 0 141 1 45 18 20 118 327 37 315 307 272 219 202 
head = 0, count = 1 | 0 141 1 18 20 118 307 
head = 0, count = 1 | 0 141 1 45 118 37 219 
head = 0, count = 2 | 0 1 45 37 
head = 45, count = 1 | 1 45 18 154 37 315 305 219 
head = 0, count = 1 | 0 141 1 18 20 118 327 315 307 272 219 202 
head = 0, count = 1 | 0 141 1 18 20 118 327 315 307 272 219 
head = 0, count = 1 | 0 141 1 18 327 37 272 219 
head = 219, count = 1 | 1 219 407 
head = 20, count = 45 | 1 20 315 407 
head = 1, count = 2 | 210 1 
head = 216, count = 1 | 210 216 406 
head = 210, count = 2 | 210 1 
head = 1, count = 2 | 416 1 
head = 416, count = 2 | 416 414 
head = 322, count = 1 | 322 6 24 33 313 233 267 289 277 303 
head = 45, count = 1 | 45 322 6 24 33 313 233 267 289 277 303 
head = 322, count = 1 | 1 322 20 6 37 24 25 33 313 233 267 289 277 303 407 
head = 322, count = 2 | 1 322 20 37 24 25 33 313 303 407 
head = 411, count = 1 | 411 414 
head = 414, count = 4 | 414 412 
head = 368, count = 1 | 20 368 227 
head = 20, count = 1 | 20 368 227 
head = 39, count = 1 | 1 18 39 20 368 307 227 311 274 272 201 407 
head = 39, count = 1 | 1 18 39 20 307 227 311 274 407 
head = 412, count = 5 | 1 412 
head = 39, count = 1 | 1 18 39 37 25 311 274 272 201 
head = 37, count = 3 | 1 37 25 
head = 1, count = 32 | 199 1 
head = 0, count = 1 | 0 141 45 20 118 315 307 
head = 0, count = 2 | 0 141 1 307 
head = 0, count = 1 | 0 141 1 18 20 315 272 202 
head = 404, count = 1 | 404 210 199 1 
head = 0, count = 1 | 0 307 306 
head = 141, count = 1 | 141 1 20 315 407 
head = 0, count = 1 | 0 141 1 45 18 20 37 315 307 306 272 407 
head = 404, count = 11 | 404 199 
head = 39, count = 1 | 18 39 311 274 
head = 20, count = 10 | 1 20 407 
head = 20, count = 1 | 1 20 307 306 219 407 
head = 72, count = 2 | 1 72 339 154 115 219 407 
head = 1, count = 2 | 1 72 339 154 115 219 407 
head = 1, count = 4 | 1 72 339 154 115 219 
head = 72, count = 16 | 1 72 339 154 115 219 
head = 141, count = 1 | 141 1 20 407 
head = 141, count = 1 | 141 307 306 
head = 20, count = 1 | 1 20 368 307 227 272 201 
head = 164, count = 1 | 1 164 176 
head = 205, count = 1 | 205 214 
head = 199, count = 1 | 199 207 217 
head = 199, count = 21 | 199 217 
head = 1, count = 1 | 1 20 154 118 37 219 407 
head = 0, count = 1 | 0 141 37 219 
head = 1, count = 2 | 215 1 
head = 217, count = 22 | 217 215 
head = 0, count = 1 | 0 45 
head = 199, count = 2 | 199 215 
head = 0, count = 1 | 0 141 1 315 219 
head = 0, count = 2 | 0 141 1 219 
head = 302, count = 1 | 305 300 299 302 272 268 219 
head = 1, count = 2 | 285 1 
head = 327, count = 2 | 154 327 151 319 356 333 338 357 50 59 67 54 78 179 269 266 
head = 215, count = 1 | 215 285 
head = 284, count = 1 | 284 293 
head = 1, count = 3 | 419 1 
head = 210, count = 1 | 210 411 414 205 206 214 419 
head = 285, count = 2 | 285 419 
head = 1, count = 1 | 199 207 419 1 
head = 215, count = 13 | 215 419 
head = 1, count = 1 | 215 419 1 
head = 199, count = 6 | 199 419 
head = 305, count = 2 | 1 305 219 
head = 305, count = 1 | 305 219 
head = 262, count = 1 | 262 298 419 
head = 0, count = 1 | 0 141 1 45 37 
head = 141, count = 1 | 141 37 219 
head = 37, count = 1 | 1 6 37 24 25 33 313 233 267 289 277 303 
head = 419, count = 9 | 419 421 
head = 421, count = 10 | 421 418 
head = 419, count = 32 | 419 418 
head = 418, count = 10 | 418 420 
head = 419, count = 20 | 419 420 
head = 199, count = 1 | 199 217 215 419 420 
head = 0, count = 1 | 0 141 1 18 20 219 
head = 18, count = 2 | 1 18 20 
head = 0, count = 1 | 0 141 1 37 
head = 199, count = 3 | 199 419 421 418 420 
head = 118, count = 1 | 118 311 190 291 280 
head = 420, count = 1 | 420 1 
head = 306, count = 1 | 306 216 405 
head = 420, count = 16 | 420 401 
head = 72, count = 1 | 1 72 339 115 219 
head = 1, count = 1 | 1 72 339 115 219 
head = 418, count = 1 | 418 401 
head = 199, count = 8 | 199 401 
head = 1, count = 20 | 401 1 
head = 190, count = 1 | 190 291 280 
head = 68, count = 1 | 68 307 306 
head = 419, count = 1 | 419 401 
head = 285, count = 1 | 285 401 
head = 401, count = 1 | 401 194 
head = 420, count = 1 | 420 194 
head = 194, count = 2 | 194 197 
head = 420, count = 5 | 420 197 
head = 401, count = 11 | 401 197 
head = 215, count = 9 | 215 197 
head = 1, count = 2 | 197 1 
head = 20, count = 5 | 1 20 315 219 407 
head = 404, count = 5 | 404 197 
head = 199, count = 37 | 199 197 
head = 20, count = 1 | 20 407 
head = 401, count = 1 | 401 196 
head = 197, count = 1 | 197 196 192 
head = 210, count = 1 | 210 199 420 
head = 1, count = 8 | 401 197 1 
head = 1, count = 2 | 217 285 197 1 
head = 1, count = 1 | 199 217 285 401 197 1 
head = 1, count = 1 | 217 285 401 197 1 
head = 1, count = 3 | 199 285 401 197 1 
head = 1, count = 7 | 285 197 1 
head = 404, count = 1 | 404 210 199 217 215 285 419 421 418 420 401 197 1 
head = 401, count = 27 | 401 398 
head = 199, count = 2 | 199 401 197 
head = 192, count = 1 | 192 256 
head = 419, count = 1 | 419 418 194 
head = 214, count = 1 | 214 419 418 401 194 
head = 256, count = 2 | 256 260 
head = 398, count = 24 | 398 260 
head = 217, count = 1 | 217 401 197 
head = 199, count = 5 | 199 419 421 418 197 
head = 401, count = 1 | 401 193 
head = 251, count = 98007 | 251 257 
head = 196, count = 1582 | 196 259 251 257 
head = 259, count = 19185 | 259 251 257 
head = 257, count = 490718 | 259 251 257 
head = 257, count = 5989 | 251 257 
head = 257, count = 33668 | 259 257 
head = 398, count = 1 | 398 259 
head = 406, count = 1 | 205 406 
head = 260, count = 2 | 260 252 249 
head = 401, count = 12 | 401 398 260 
head = 259, count = 1 | 398 259 
head = 398, count = 2 | 398 253 1 
head = 398, count = 58 | 398 1 
head = 1, count = 3 | 244 1 
head = 249, count = 2 | 249 244 
head = 244, count = 6 | 244 237 
head = 249, count = 2 | 249 237 
head = 1, count = 33 | 237 1 
head = 259, count = 5618 | 259 241 243 
head = 257, count = 1094 | 259 257 241 243 
head = 243, count = 60700 | 241 243 
head = 241, count = 1047514 | 241 243 
head = 257, count = 724 | 257 241 243 
head = 257, count = 4 | 259 257 243 
head = 259, count = 6 | 259 243 
head = 237, count = 2 | 237 245 240 242 
head = 242, count = 3 | 238 242 
head = 398, count = 24 | 398 237 1 
head = 1, count = 3 | 241 243 1 
head = 1, count = 2 | 397 1 
head = 397, count = 1 | 398 397 
head = 1, count = 27 | 398 1 
head = 238, count = 1 | 256 238 
head = 253, count = 2 | 253 244 
head = 259, count = 2 | 259 235 239 
head = 252, count = 1 | 398 252 
head = 259, count = 16 | 259 251 257 241 243 
head = 241, count = 1049 | 259 251 257 241 243 
head = 243, count = 143 | 259 251 257 241 243 
head = 257, count = 105 | 259 251 257 241 243 
head = 257, count = 171 | 251 257 250 
head = 259, count = 1 | 259 251 257 241 243 250 
head = 257, count = 357 | 259 251 257 250 
head = 243, count = 123 | 259 251 257 243 
head = 241, count = 1 | 259 251 257 241 243 250 
head = 257, count = 1 | 259 251 257 243 
head = 398, count = 1 | 398 259 251 257 250 
head = 243, count = 580 | 259 243 
head = 243, count = 18 | 259 241 243 
head = 243, count = 1 | 259 251 257 241 243 250 
head = 241, count = 2430 | 259 241 243 
head = 259, count = 1 | 259 251 257 243 
head = 250, count = 10 | 251 257 250 
head = 251, count = 17 | 251 257 250 
head = 251, count = 29 | 259 251 257 
head = 250, count = 9 | 259 251 257 250 
head = 243, count = 1 | 259 251 257 243 250 
head = 251, count = 49 | 259 251 257 250 
head = 259, count = 12 | 259 251 257 250 
head = 241, count = 293 | 259 241 
head = 251, count = 698 | 259 251 250 
head = 250, count = 158 | 259 251 250 
head = 251, count = 105 | 251 250 
head = 257, count = 4 | 259 257 250 
head = 257, count = 1 | 257 243 
head = 259, count = 86 | 259 251 250 
head = 259, count = 874 | 259 251 
head = 251, count = 688 | 259 251 
head = 250, count = 26 | 251 250 
head = 250, count = 2 | 259 250 
head = 259, count = 3 | 259 250 
head = 1, count = 12 | 398 260 1 
head = 257, count = 1 | 398 251 257 250 
head = 257, count = 124 | 259 251 257 241 243 250 
head = 250, count = 3 | 251 241 243 250 
head = 251, count = 22 | 251 241 243 250 
head = 251, count = 92 | 259 251 241 243 250 
head = 259, count = 21 | 259 251 241 243 250 
head = 250, count = 15 | 259 251 241 243 250 
head = 251, count = 108 | 259 251 241 243 
head = 259, count = 177 | 259 251 241 243 
head = 257, count = 2 | 251 257 241 243 250 
head = 251, count = 62 | 251 241 243 
head = 250, count = 2 | 241 243 250 
head = 257, count = 3 | 251 257 241 243 
head = 259, count = 1 | 259 241 243 250 
head = 397, count = 1 | 397 1 
head = 1, count = 2 | 389 1 
head = 389, count = 2 | 389 1 
head = 1, count = 1 | 199 217 215 419 420 401 1 
head = 1, count = 36 | 199 217 215 419 420 1 
head = 404, count = 27 | 404 199 217 215 419 420 1 
head = 215, count = 1 | 215 420 
head = 404, count = 1 | 404 199 217 215 419 420 401 1 
head = 0, count = 1 | 0 141 1 18 219 
head = 404, count = 2 | 404 215 419 420 1 
head = 0, count = 1 | 0 141 1 18 37 305 219 202 
head = 404, count = 1 | 404 419 
head = 1, count = 4 | 217 215 419 420 1 
head = 419, count = 16 | 419 421 418 
head = 1, count = 29 | 396 1 
head = 404, count = 1 | 404 199 217 215 420 1 
head = 45, count = 3 | 1 45 118 327 37 315 
head = 404, count = 5 | 404 199 419 420 1 
head = 199, count = 12 | 199 419 420 
head = 1, count = 8 | 199 419 420 1 
head = 0, count = 1 | 0 141 1 45 20 327 37 315 272 219 202 
head = 0, count = 1 | 0 141 1 327 
head = 0, count = 1 | 0 141 1 45 18 20 37 272 
head = 45, count = 1 | 1 45 37 272 
head = 389, count = 1 | 389 394 392 
head = 1, count = 1 | 85 1 
head = 85, count = 1 | 85 106 
head = 106, count = 233 | 86 106 
head = 86, count = 243 | 86 106 
head = 238, count = 1 | 86 238 
head = 1, count = 9 | 86 1 
head = 106, count = 1 | 82 106 
head = 394, count = 1 | 82 394 
head = 82, count = 1 | 82 1 
head = 396, count = 2 | 396 1 
head = 1, count = 1024 | 44 1 
head = 44, count = 1024 | 44 42 
head = 106, count = 1 | 365 364 106 
head = 106, count = 28 | 364 106 
head = 364, count = 2 | 364 363 
head = 363, count = 2 | 360 363 
head = 106, count = 21 | 360 106 
head = 106, count = 28 | 360 364 106 
head = 82, count = 1 | 360 82 364 359 363 
head = 360, count = 2 | 360 362 
head = 362, count = 2 | 361 362 
head = 42, count = 1024 | 41 42 1 
head = 1, count = 1 | 199 217 401 1 
head = 72, count = 1 | 1 72 339 154 115 
head = 1, count = 376 | 108 1 
head = 1, count = 411 | 127 1 
head = 396, count = 21 | 396 127 
head = 108, count = 211 | 124 108 
head = 1, count = 211 | 94 124 44 41 128 127 1 
head = 396, count = 5 | 94 129 138 396 
head = 364, count = 2 | 360 361 119 364 362 127 
head = 124, count = 157 | 124 83 
head = 124, count = 1 | 124 83 1 
head = 127, count = 430 | 127 1 
head = 361, count = 1022 | 361 359 
head = 129, count = 9 | 94 129 126 138 
head = 126, count = 10 | 129 126 
head = 119, count = 2 | 361 119 127 
head = 124, count = 212 | 124 83 126 1 
head = 83, count = 332 | 84 83 
head = 1, count = 3 | 84 94 83 44 41 1 
head = 83, count = 331 | 83 1 
head = 129, count = 5 | 94 129 126 
head = 129, count = 181 | 129 126 
head = 119, count = 402 | 119 127 
head = 124, count = 56 | 124 83 126 
head = 126, count = 78 | 94 129 126 138 
head = 1, count = 1 | 84 83 126 1 
head = 1, count = 614 | 94 83 44 41 1 
head = 108, count = 191 | 108 137 
head = 83, count = 4 | 84 83 137 
head = 137, count = 193 | 83 137 
head = 1, count = 189 | 94 83 44 41 128 127 1 
head = 1, count = 10 | 84 113 126 137 1 
head = 137, count = 1 | 84 83 137 100 
head = 126, count = 25 | 94 129 126 138 137 
head = 129, count = 13 | 94 129 126 138 137 
head = 137, count = 6 | 84 113 137 100 
head = 83, count = 1 | 84 83 137 100 
head = 137, count = 3 | 84 83 137 
head = 83, count = 2 | 83 100 1 
head = 137, count = 33 | 84 137 
head = 83, count = 1 | 84 113 83 100 
head = 83, count = 274 | 83 100 
head = 1, count = 12 | 215 419 420 1 
head = 108, count = 3 | 108 1 
head = 1, count = 7 | 132 1 
head = 1, count = 4 | 131 94 44 41 127 1 
head = 1, count = 11 | 134 121 1 
head = 131, count = 4 | 131 134 
head = 132, count = 159 | 134 121 132 
head = 1, count = 20 | 134 121 126 1 
head = 134, count = 479 | 134 133 
head = 137, count = 47 | 134 121 137 
head = 134, count = 189 | 134 121 
head = 1, count = 8 | 84 134 121 113 126 100 1 
head = 133, count = 273 | 134 121 133 
head = 134, count = 54 | 134 130 121 
head = 134, count = 96 | 134 130 
head = 137, count = 1 | 84 134 121 137 
head = 133, count = 54 | 134 130 121 133 
head = 1, count = 2 | 84 130 121 113 126 100 1 
head = 130, count = 67 | 134 130 121 
head = 137, count = 15 | 130 121 137 
head = 137, count = 1 | 130 121 137 100 
head = 137, count = 1 | 84 130 121 137 
head = 1, count = 7 | 84 134 121 113 1 
head = 130, count = 20 | 130 121 
head = 83, count = 15 | 134 121 83 
head = 83, count = 4 | 84 134 121 113 83 126 100 
head = 132, count = 4 | 132 122 
head = 217, count = 3 | 217 285 
head = 1, count = 12 | 122 1 
head = 126, count = 3 | 94 126 138 137 122 
head = 134, count = 4 | 134 135 120 
head = 134, count = 2 | 134 137 
head = 127, count = 4 | 119 127 
head = 135, count = 2 | 135 83 1 
head = 122, count = 4 | 135 122 1 
head = 122, count = 14 | 122 1 
head = 134, count = 1 | 134 1 
head = 1, count = 1 | 126 1 
head = 133, count = 17 | 94 129 138 137 133 
head = 134, count = 2 | 84 134 83 
head = 133, count = 16 | 94 130 121 129 138 133 
head = 133, count = 47 | 94 129 138 133 
head = 130, count = 22 | 84 130 137 
head = 134, count = 24 | 84 134 137 
head = 1, count = 12 | 84 126 137 1 
head = 137, count = 4 | 84 137 100 
head = 83, count = 1 | 84 113 83 137 
head = 1, count = 8 | 84 113 126 137 100 1 
head = 134, count = 1 | 84 134 126 137 
head = 83, count = 1 | 84 83 100 
head = 134, count = 6 | 84 134 113 137 100 
head = 130, count = 5 | 84 130 137 100 
head = 1, count = 2 | 84 94 44 41 137 128 127 1 
head = 137, count = 2 | 83 137 1 
head = 241, count = 1 | 241 1 
head = 108, count = 1 | 134 121 108 1 
head = 1, count = 6 | 134 121 126 100 1 
head = 1, count = 6 | 84 134 121 113 126 1 
head = 130, count = 3 | 134 130 
head = 134, count = 3 | 134 130 121 133 
head = 137, count = 7 | 134 121 113 137 100 
head = 1, count = 1 | 130 121 126 1 
head = 137, count = 12 | 134 121 137 100 
head = 134, count = 9 | 84 134 121 113 
head = 137, count = 3 | 84 130 121 113 137 
head = 1, count = 1 | 84 130 121 113 100 1 
head = 134, count = 7 | 84 134 121 113 100 
head = 134, count = 3 | 134 121 100 
head = 130, count = 6 | 84 134 130 121 113 
head = 130, count = 7 | 134 130 121 100 
head = 137, count = 6 | 84 134 121 113 137 100 
head = 130, count = 4 | 84 130 121 113 100 
head = 137, count = 1 | 130 121 113 137 100 
head = 126, count = 1 | 94 126 122 
head = 134, count = 1 | 134 124 
head = 135, count = 2 | 135 124 
head = 134, count = 3 | 134 126 
head = 133, count = 2 | 129 138 133 
head = 134, count = 11 | 84 134 113 137 
head = 133, count = 9 | 94 130 121 129 138 137 133 
head = 83, count = 1 | 84 113 83 100 1 
head = 133, count = 2 | 94 138 137 133 1 
head = 134, count = 9 | 84 134 137 100 
head = 1, count = 1 | 94 129 138 137 1 
head = 130, count = 8 | 84 130 113 137 100 
head = 134, count = 1 | 84 134 137 122 
head = 130, count = 5 | 84 130 113 137 
head = 134, count = 2 | 84 134 126 137 100 
head = 83, count = 3 | 84 113 83 126 137 
head = 137, count = 14 | 84 134 121 113 137 
head = 1, count = 2 | 130 121 100 1 
head = 83, count = 1 | 84 130 121 113 83 126 100 1 
head = 1, count = 4 | 84 134 121 113 100 1 
head = 1, count = 4 | 134 121 100 1 
head = 130, count = 1 | 130 121 113 100 
head = 134, count = 2 | 134 121 113 100 
head = 130, count = 4 | 84 134 130 121 113 100 
head = 134, count = 1 | 84 134 121 100 
head = 130, count = 1 | 84 130 121 113 
head = 133, count = 1 | 130 121 124 133 
head = 130, count = 1 | 130 83 100 
head = 126, count = 30 | 94 126 138 137 1 
head = 126, count = 17 | 126 1 
head = 133, count = 2 | 133 1 
head = 129, count = 2 | 129 1 
head = 137, count = 1 | 83 137 100 
head = 132, count = 2 | 94 132 129 138 
head = 132, count = 1 | 132 122 1 
head = 83, count = 5 | 84 83 126 137 
head = 137, count = 1 | 94 129 138 137 
head = 137, count = 4 | 84 113 137 
head = 119, count = 1 | 119 365 364 
head = 364, count = 27 | 360 361 364 
head = 360, count = 28 | 360 361 364 
head = 360, count = 21 | 360 361 
head = 360, count = 1 | 360 361 364 362 
head = 361, count = 1 | 360 361 364 359 363 
head = 1, count = 1 | 84 126 137 100 1 
head = 83, count = 1 | 84 83 126 137 100 
head = 134, count = 1 | 84 134 137 100 122 
head = 83, count = 1 | 84 113 83 126 137 100 
head = 83, count = 22 | 134 121 83 126 
head = 83, count = 5 | 134 121 83 126 100 
head = 83, count = 1 | 130 121 83 126 100 
head = 83, count = 2 | 134 121 83 100 
head = 83, count = 1 | 130 121 83 126 
head = 83, count = 3 | 84 134 121 113 83 126 
head = 83, count = 2 | 84 130 121 113 83 126 
head = 126, count = 1 | 134 94 121 126 138 137 
head = 1, count = 1 | 130 121 126 100 1 
head = 83, count = 1 | 84 134 94 121 113 83 126 
head = 83, count = 1 | 84 134 121 113 83 100 
head = 137, count = 2 | 84 130 121 113 137 100 
head = 83, count = 1 | 84 134 121 113 83 
head = 83, count = 2 | 84 130 121 113 83 
head = 134, count = 2 | 84 134 130 121 113 100 
head = 83, count = 1 | 130 121 83 100 
head = 83, count = 1 | 130 121 83 
head = 134, count = 2 | 134 130 121 100 
head = 134, count = 1 | 84 134 130 121 113 
head = 130, count = 1 | 134 130 121 113 100 
head = 134, count = 1 | 134 130 121 113 100 
head = 134, count = 2 | 134 122 
head = 133, count = 1 | 137 133 
head = 130, count = 1 | 130 137 
head = 130, count = 1 | 84 130 83 
head = 133, count = 1 | 94 130 121 138 137 133 1 
head = 1, count = 1 | 90 94 83 44 41 91 1 
head = 419, count = 9 | 419 421 418 420 
head = 199, count = 4 | 199 419 421 418 
head = 1, count = 1 | 199 215 419 420 1 
head = 1, count = 1 | 199 217 215 420 1 
head = 215, count = 1 | 215 419 418 
head = 419, count = 1 | 419 422 
head = 419, count = 1 | 419 417 
head = 199, count = 1 | 199 420 
head = 1, count = 4 | 95 1 
head = 1, count = 1 | 90 112 95 1 
head = 1, count = 19 | 112 126 95 1 
head = 1, count = 1 | 95 122 1 
head = 1, count = 3 | 84 112 113 126 95 1 
head = 1, count = 4 | 112 126 100 95 1 
head = 137, count = 25 | 112 137 95 
head = 1, count = 4 | 112 95 1 
head = 83, count = 1 | 112 83 95 
head = 134, count = 1 | 84 112 134 113 126 95 
head = 134, count = 63 | 112 134 95 
head = 134, count = 4 | 84 112 134 113 95 
head = 130, count = 45 | 112 130 95 
head = 134, count = 6 | 112 134 100 95 
head = 134, count = 3 | 112 134 113 100 95 
head = 137, count = 1 | 112 137 100 95 
head = 130, count = 3 | 84 112 130 113 100 95 
head = 1, count = 1 | 112 100 95 1 
head = 130, count = 6 | 84 112 130 113 95 
head = 130, count = 7 | 112 130 100 95 
head = 134, count = 2 | 84 112 134 113 100 95 
head = 134, count = 1 | 112 134 95 122 
head = 137, count = 2 | 84 112 113 137 95 
head = 130, count = 1 | 112 130 113 100 95 
head = 83, count = 1 | 112 94 83 95 
head = 130, count = 1 | 84 112 130 95 
head = 83, count = 1 | 112 103 89 83 91 95 
head = 95, count = 2 | 93 95 
head = 132, count = 2 | 132 93 
head = 126, count = 25 | 126 93 
head = 133, count = 11 | 130 121 93 133 
head = 133, count = 28 | 93 133 
head = 133, count = 7 | 94 130 121 138 137 93 133 
head = 133, count = 8 | 94 138 137 93 133 
head = 126, count = 5 | 94 126 138 137 93 
head = 129, count = 1 | 129 93 
head = 133, count = 1 | 130 121 138 137 93 133 
head = 133, count = 1 | 93 133 122 
head = 91, count = 1 | 103 93 91 1 
head = 119, count = 1 | 119 93 
head = 93, count = 2 | 88 93 
head = 95, count = 205 | 88 95 
head = 1, count = 6 | 88 1 
head = 1, count = 1 | 88 95 1 
head = 126, count = 1 | 126 88 95 
head = 217, count = 1 | 217 401 
head = 1, count = 16 | 402 1 
head = 361, count = 1 | 402 361 1 
head = 360, count = 13 | 402 360 
head = 122, count = 2 | 402 122 
head = 95, count = 1 | 402 95 
head = 126, count = 2 | 402 94 126 138 137 
head = 126, count = 1 | 402 126 
head = 129, count = 1 | 402 94 129 138 137 
head = 360, count = 1 | 360 382 
head = 382, count = 1 | 382 371 
head = 360, count = 8 | 360 371 
head = 37, count = 2 | 20 37 25 
head = 360, count = 16 | 360 361 371 
head = 402, count = 20 | 402 371 
head = 360, count = 1 | 360 361 371 362 
head = 0, count = 1 | 0 20 407 
head = 1, count = 6 | 371 1 
head = 0, count = 1 | 0 1 327 219 
head = 122, count = 1 | 371 122 
head = 364, count = 9 | 360 361 364 371 
head = 127, count = 2 | 371 127 
head = 241, count = 103 | 94 241 243 
head = 94, count = 3 | 94 108 
head = 241, count = 79 | 94 108 241 243 
head = 241, count = 77 | 94 108 241 
head = 241, count = 182 | 94 241 
head = 108, count = 1 | 94 108 
head = 371, count = 1 | 380 377 371 376 
head = 1, count = 11 | 402 371 1 
head = 1, count = 4 | 402 88 371 95 122 1 
head = 1, count = 1 | 402 396 88 371 95 127 122 1 
head = 122, count = 9 | 88 371 95 122 
head = 122, count = 1 | 371 95 122 
head = 396, count = 2 | 402 132 396 93 
head = 396, count = 2 | 402 132 396 
head = 402, count = 1 | 378 402 
head = 376, count = 1 | 402 376 
head = 402, count = 1 | 378 402 384 1 
head = 402, count = 27 | 402 1 
head = 376, count = 4 | 376 1 
head = 376, count = 1 | 402 376 1 
head = 402, count = 1 | 402 384 1 
head = 376, count = 1 | 244 376 
head = 376, count = 52 | 237 376 
head = 241, count = 801 | 378 241 243 
head = 243, count = 277 | 378 243 
head = 243, count = 3 | 378 94 243 
head = 241, count = 11 | 378 94 241 243 
head = 241, count = 3 | 378 94 108 241 243 
head = 94, count = 4 | 378 94 108 
head = 108, count = 53 | 378 108 
head = 94, count = 3 | 378 94 
head = 243, count = 1 | 378 94 108 243 
head = 378, count = 3 | 378 387 
head = 378, count = 1 | 378 388 
head = 379, count = 1 | 374 243 379 
head = 237, count = 1 | 237 245 
head = 240, count = 1 | 240 242 
head = 1, count = 2 | 396 371 127 1 
head = 376, count = 9 | 402 237 376 1 
head = 402, count = 4 | 402 237 1 
head = 402, count = 10 | 402 237 
head = 82, count = 1 | 378 94 82 388 235 239 
head = 1, count = 4 | 183 1 
head = 1, count = 1 | 217 1 
head = 122, count = 3 | 88 95 122 
head = 1, count = 4 | 88 95 122 1 
head = 122, count = 5 | 88 122 
head = 382, count = 1 | 384 382 244 
head = 183, count = 2 | 183 1 
head = 163, count = 1 | 411 163 
head = 411, count = 1 | 411 414 412 
head = 1, count = 3 | 159 1 
head = 183, count = 1 | 159 183 
head = 159, count = 1 | 178 159 
head = 178, count = 2 | 178 182 
head = 1, count = 1 | 158 159 1 
head = 182, count = 1 | 191 182 
head = 233, count = 1 | 233 267 289 
head = 159, count = 1 | 159 191 
head = 1, count = 1 | 191 1 
head = 8, count = 1 | 8 307 306 
head = 191, count = 4 | 191 168 
head = 183, count = 1 | 183 168 
head = 168, count = 3 | 165 168 
head = 165, count = 2 | 165 161 
head = 168, count = 2 | 161 168 
head = 161, count = 4 | 161 162 
head = 1, count = 1 | 1 327 319 67 54 
============================================================
BBLSwitchCount - Thread 0
from = 0 | 141:1 1:1 
from = 141 | 0:1 
from = 1 | 0:1 164:1 176:1 58:1 62:1 72:1 76:1 45:1 55:1 348:1 337:1 339:1 347:1 322:1 358:1 321:1 18:10 39:10 20:10 34:10 19:10 15:10 6:10 28:10 3:5 152:5 143:5 154:5 148:5 149:5 145:5 146:5 150:5 153:5 27:5 13:10 343:1 335:1 327:1 325:1 328:1 317:1 37:6 5:6 32:6 26:6 35:6 4:6 16:6 24:6 36:6 23:6 10:6 11:6 144:15 147:15 142:15 151:4 336:1 326:1 319:1 355:1 323:1 316:1 25:6 31:6 38:6 7:6 12:6 2:6 29:6 33:6 9:6 14:6 21:6 30:6 341:1 353:1 356:1 354:1 320:1 349:1 22:5 17:5 8:5 350:1 334:1 333:1 318:1 329:1 351:1 332:1 330:1 338:1 340:1 352:1 344:1 315:2 314:2 313:2 312:2 345:1 342:1 331:1 357:1 346:1 324:1 46:1 50:1 68:1 73:1 48:1 77:1 69:1 79:1 59:1 60:1 49:1 56:1 74:1 64:1 71:1 67:1 57:1 63:1 75:1 65:1 53:1 54:1 61:1 80:1 70:1 52:1 66:1 78:1 47:1 51:1 174:1 179:1 177:1 307:1 308:1 306:2 311:1 310:1 309:1 188:1 190:1 291:1 286:1 294:1 287:1 288:1 267:1 274:1 269:1 276:1 280:1 265:1 281:1 292:1 296:1 289:1 284:1 270:1 275:1 273:1 282:1 277:1 293:1 266:1 263:1 305:1 300:1 299:1 304:1 301:1 303:1 302:1 272:1 268:1 278:1 295:1 201:1 220:1 219:1 202:1 213:1 203:1 218:1 208:1 209:1 211:1 216:1 198:1 405:1 407:1 409:1 406:1048576 404:1 408:1 204:1 212:1 200:1 210:1 411:2 416:2 413:2 414:2 412:2 415:2 410:2 199:1 206:1 207:1 205:1 214:1 217:1 215:1 297:1 285:1 290:1 271:1 283:1 264:1 262:1 298:1 279:1 175:1 419:1 421:1 418:1 422:1 417:1 420:1 184:1 187:1 185:1 401:1 400:1 398:2 244:3 237:3 235:3 246:3 239:3 243:3145725 236:3145725 241:1109568 245:1109568 240:3 242:3 238:3 247:3 397:2 399:1 87:1 389:1 392:1 393:1 395:1 391:1 396:1 394:1 390:1 85:1 106:312 86:311 82:1 114:1 81:1024 44:1024 43:1024 42:1024 40:1024 41:1024 94:1024 111:406 108:406 127:406 128:402 138:406 124:213 129:213 119:406 83:1024 126:212 84:812 110:341 113:532 137:193 100:528 98:338 96:277 140:4 125:4 123:4 132:4 131:4 136:4 121:620 134:496 139:620 133:492 130:124 120:4 122:4 135:4 90:1 112:405 91:1 89:1 107:1 104:1 101:1 99:1 109:1 102:1 97:1 92:1 103:1 95:406 93:1 88:1 105:1 402:1 403:1 170:1 183:1 166:1 163:1 159:1 180:1 155:1 178:1 157:1 182:1 189:1 186:1 158:1 191:1 181:1 169:10 168:10 160:10 167:1 172:1 165:1 156:1 161:1 171:1 162:1 173:1 
from = 164 | 1:1 
from = 176 | 1:1 
from = 58 | 1:1 
from = 62 | 1:1 
from = 72 | 1:1 
from = 76 | 1:1 
from = 45 | 1:1 
from = 55 | 1:1 
from = 348 | 1:1 
from = 337 | 1:1 
from = 339 | 1:1 
from = 347 | 1:1 
from = 322 | 1:1 
from = 358 | 1:1 
from = 321 | 1:1 
from = 18 | 1:10 
from = 39 | 1:10 
from = 20 | 1:10 
from = 34 | 1:10 
from = 19 | 1:10 
from = 15 | 1:10 
from = 6 | 1:10 
from = 28 | 1:10 
from = 3 | 1:5 
from = 152 | 1:5 
from = 143 | 1:5 
from = 154 | 1:5 
from = 148 | 1:5 
from = 149 | 1:5 
from = 145 | 1:5 
from = 146 | 1:5 
from = 150 | 1:5 
from = 153 | 1:5 
from = 27 | 1:5 
from = 13 | 1:10 
from = 343 | 1:1 
from = 335 | 1:1 
from = 327 | 1:1 
from = 325 | 1:1 
from = 328 | 1:1 
from = 317 | 1:1 
from = 37 | 1:6 368:6 367:6 370:6 366:6 369:6 
from = 368 | 37:6 25:6 
from = 367 | 37:6 25:6 
from = 370 | 37:6 25:6 
from = 366 | 37:6 25:6 
from = 369 | 37:6 25:6 
from = 5 | 1:6 
from = 32 | 1:6 
from = 26 | 1:6 
from = 35 | 1:6 
from = 4 | 1:6 
from = 16 | 1:6 
from = 24 | 1:6 
from = 36 | 1:6 
from = 23 | 1:6 
from = 10 | 1:6 
from = 11 | 1:6 
from = 144 | 1:15 
from = 147 | 1:15 
from = 142 | 1:15 
from = 151 | 1:4 
from = 336 | 1:1 
from = 326 | 1:1 
from = 319 | 1:1 
from = 355 | 1:1 
from = 323 | 1:1 
from = 316 | 1:1 
from = 25 | 1:6 368:6 367:6 370:6 366:6 369:6 
from = 31 | 1:6 
from = 38 | 1:6 
from = 7 | 1:6 
from = 12 | 1:6 
from = 2 | 1:6 
from = 29 | 1:6 
from = 33 | 1:6 
from = 9 | 1:6 
from = 14 | 1:6 
from = 21 | 1:6 
from = 30 | 1:6 
from = 341 | 1:1 
from = 353 | 1:1 
from = 356 | 1:1 
from = 354 | 1:1 
from = 320 | 1:1 
from = 349 | 1:1 
from = 22 | 1:5 
from = 17 | 1:5 
from = 8 | 1:5 
from = 350 | 1:1 
from = 334 | 1:1 
from = 333 | 1:1 
from = 318 | 1:1 
from = 329 | 1:1 
from = 351 | 1:1 
from = 332 | 1:1 
from = 330 | 1:1 
from = 338 | 1:1 
from = 340 | 1:1 
from = 352 | 1:1 
from = 344 | 1:1 
from = 315 | 1:2 
from = 314 | 1:2 
from = 313 | 1:2 
from = 312 | 1:2 
from = 345 | 1:1 
from = 342 | 1:1 
from = 331 | 1:1 
from = 357 | 1:1 
from = 346 | 1:1 
from = 324 | 1:1 
from = 46 | 1:1 
from = 50 | 1:1 
from = 68 | 1:1 
from = 73 | 1:1 
from = 48 | 1:1 
from = 77 | 1:1 
from = 69 | 1:1 
from = 79 | 1:1 
from = 59 | 1:1 
from = 60 | 1:1 
from = 49 | 1:1 
from = 56 | 1:1 
from = 74 | 1:1 
from = 64 | 1:1 
from = 71 | 1:1 
from = 67 | 1:1 
from = 57 | 1:1 
from = 63 | 1:1 
from = 75 | 1:1 
from = 65 | 1:1 
from = 53 | 1:1 
from = 54 | 1:1 
from = 61 | 1:1 
from = 80 | 1:1 
from = 70 | 1:1 
from = 52 | 1:1 
from = 66 | 1:1 
from = 78 | 1:1 
from = 47 | 1:1 
from = 51 | 1:1 
from = 174 | 1:1 
from = 179 | 1:1 
from = 177 | 1:1 
from = 307 | 1:1 
from = 308 | 1:1 
from = 306 | 1:2 116:2 115:1 117:2 118:1 
from = 116 | 306:2 
from = 115 | 306:1 229:1 230:1 227:1 231:1 225:1 224:1 233:1 223:1 222:1 226:1 228:1 234:1 221:1 232:1 
from = 229 | 115:1 
from = 230 | 115:1 
from = 227 | 115:1 
from = 231 | 115:1 
from = 225 | 115:1 
from = 224 | 115:1 
from = 233 | 115:1 
from = 223 | 115:1 
from = 222 | 115:1 
from = 226 | 115:1 
from = 228 | 115:1 
from = 234 | 115:1 
from = 221 | 115:1 
from = 232 | 115:1 
from = 117 | 306:2 
from = 118 | 306:1 
from = 311 | 1:1 
from = 310 | 1:1 
from = 309 | 1:1 
from = 188 | 1:1 
from = 190 | 1:1 
from = 291 | 1:1 
from = 286 | 1:1 
from = 294 | 1:1 
from = 287 | 1:1 
from = 288 | 1:1 
from = 267 | 1:1 
from = 274 | 1:1 
from = 269 | 1:1 
from = 276 | 1:1 
from = 280 | 1:1 
from = 265 | 1:1 
from = 281 | 1:1 
from = 292 | 1:1 
from = 296 | 1:1 
from = 289 | 1:1 
from = 284 | 1:1 
from = 270 | 1:1 
from = 275 | 1:1 
from = 273 | 1:1 
from = 282 | 1:1 
from = 277 | 1:1 
from = 293 | 1:1 
from = 266 | 1:1 
from = 263 | 1:1 
from = 305 | 1:1 201:1 
from = 300 | 1:1 201:1 
from = 299 | 1:1 201:1 
from = 304 | 1:1 201:1 
from = 301 | 1:1 201:1 
from = 303 | 1:1 201:1 
from = 302 | 1:1 201:1 
from = 272 | 1:1 
from = 268 | 1:1 
from = 278 | 1:1 
from = 295 | 1:1 
from = 201 | 1:1 305:1 300:1 299:1 304:1 301:1 303:1 302:1 
from = 220 | 1:1 
from = 219 | 1:1 
from = 202 | 1:1 
from = 213 | 1:1 
from = 203 | 1:1 
from = 218 | 1:1 
from = 208 | 1:1 
from = 209 | 1:1 
from = 211 | 1:1 
from = 216 | 1:1 
from = 198 | 1:1 
from = 405 | 1:1 
from = 407 | 1:1 
from = 409 | 1:1 
from = 406 | 1:1048576 
from = 404 | 1:1 
from = 408 | 1:1 
from = 204 | 1:1 
from = 212 | 1:1 
from = 200 | 1:1 
from = 210 | 1:1 
from = 411 | 1:2 
from = 416 | 1:2 
from = 413 | 1:2 
from = 414 | 1:2 
from = 412 | 1:2 
from = 415 | 1:2 
from = 410 | 1:2 
from = 199 | 1:1 
from = 206 | 1:1 
from = 207 | 1:1 
from = 205 | 1:1 
from = 214 | 1:1 
from = 217 | 1:1 
from = 215 | 1:1 
from = 297 | 1:1 
from = 285 | 1:1 
from = 290 | 1:1 
from = 271 | 1:1 
from = 283 | 1:1 
from = 264 | 1:1 
from = 262 | 1:1 
from = 298 | 1:1 
from = 279 | 1:1 
from = 175 | 1:1 
from = 419 | 1:1 
from = 421 | 1:1 
from = 418 | 1:1 
from = 422 | 1:1 
from = 417 | 1:1 
from = 420 | 1:1 
from = 184 | 1:1 
from = 187 | 1:1 
from = 185 | 1:1 
from = 401 | 1:1 194:1 197:1 193:1 196:1048575 192:1 195:1 
from = 194 | 401:1 
from = 197 | 401:1 
from = 193 | 401:1 
from = 196 | 401:1048575 
from = 192 | 401:1 
from = 195 | 401:1 
from = 400 | 1:1 
from = 398 | 1:2 256:2 260:2 255:2 253:2097150 259:1151919 251:1454878 261:1132242 257:645458 252:1068770 248:2097150 254:2 249:2 258:2 250:486784 
from = 256 | 398:2 
from = 260 | 398:2 
from = 255 | 398:2 
from = 253 | 398:2097150 
from = 259 | 398:1151919 
from = 251 | 398:1454878 
from = 261 | 398:1132242 
from = 257 | 398:645458 
from = 252 | 398:1068770 
from = 248 | 398:2097150 
from = 254 | 398:2 
from = 249 | 398:2 
from = 258 | 398:2 
from = 244 | 1:3 
from = 237 | 1:3 
from = 235 | 1:3 
from = 246 | 1:3 
from = 239 | 1:3 
from = 243 | 1:3145725 
from = 236 | 1:3145725 
from = 241 | 1:1109568 
from = 245 | 1:1109568 
from = 240 | 1:3 
from = 242 | 1:3 
from = 238 | 1:3 
from = 247 | 1:3 
from = 397 | 1:2 
from = 250 | 398:486784 
from = 399 | 1:1 
from = 87 | 1:1 
from = 389 | 1:1 
from = 392 | 1:1 
from = 393 | 1:1 
from = 395 | 1:1 
from = 391 | 1:1 
from = 396 | 1:1 
from = 394 | 1:1 
from = 390 | 1:1 
from = 85 | 1:1 
from = 106 | 1:312 
from = 86 | 1:311 
from = 82 | 1:1 
from = 114 | 1:1 
from = 81 | 1:1024 
from = 44 | 1:1024 
from = 43 | 1:1024 
from = 42 | 1:1024 359:1024 365:2 364:226 363:2 360:396 362:2 361:1024 
from = 359 | 42:1024 
from = 365 | 42:2 
from = 364 | 42:226 
from = 363 | 42:2 
from = 360 | 42:396 
from = 362 | 42:2 
from = 361 | 42:1024 
from = 40 | 1:1024 
from = 41 | 1:1024 
from = 94 | 1:1024 
from = 111 | 1:406 
from = 108 | 1:406 
from = 127 | 1:406 
from = 128 | 1:402 
from = 138 | 1:406 
from = 124 | 1:213 
from = 129 | 1:213 
from = 119 | 1:406 
from = 83 | 1:1024 
from = 126 | 1:212 
from = 84 | 1:812 
from = 110 | 1:341 
from = 113 | 1:532 
from = 137 | 1:193 
from = 100 | 1:528 
from = 98 | 1:338 
from = 96 | 1:277 
from = 140 | 1:4 
from = 125 | 1:4 
from = 123 | 1:4 
from = 132 | 1:4 
from = 131 | 1:4 
from = 136 | 1:4 
from = 121 | 1:620 
from = 134 | 1:496 
from = 139 | 1:620 
from = 133 | 1:492 
from = 130 | 1:124 
from = 120 | 1:4 
from = 122 | 1:4 
from = 135 | 1:4 
from = 90 | 1:1 
from = 112 | 1:405 
from = 91 | 1:1 
from = 89 | 1:1 
from = 107 | 1:1 
from = 104 | 1:1 
from = 101 | 1:1 
from = 99 | 1:1 
from = 109 | 1:1 
from = 102 | 1:1 
from = 97 | 1:1 
from = 92 | 1:1 
from = 103 | 1:1 
from = 95 | 1:406 
from = 93 | 1:1 
from = 88 | 1:1 
from = 105 | 1:1 
from = 402 | 1:1 382:1 371:1 385:1 380:1 383:1 378:1048575 381:645266 377:1048575 384:403309 387:7 374:7 386:1 379:1 372:7 388:6 376:1 375:1 373:1 
from = 382 | 402:1 
from = 371 | 402:1 
from = 385 | 402:1 
from = 380 | 402:1 
from = 383 | 402:1 
from = 378 | 402:1048575 
from = 381 | 402:645266 
from = 377 | 402:1048575 
from = 384 | 402:403309 
from = 387 | 402:7 
from = 374 | 402:7 
from = 386 | 402:1 
from = 379 | 402:1 
from = 372 | 402:7 
from = 388 | 402:6 
from = 376 | 402:1 
from = 375 | 402:1 
from = 373 | 402:1 
from = 403 | 1:1 
from = 170 | 1:1 
from = 183 | 1:1 
from = 166 | 1:1 
from = 163 | 1:1 
from = 159 | 1:1 
from = 180 | 1:1 
from = 155 | 1:1 
from = 178 | 1:1 
from = 157 | 1:1 
from = 182 | 1:1 
from = 189 | 1:1 
from = 186 | 1:1 
from = 158 | 1:1 
from = 191 | 1:1 
from = 181 | 1:1 
from = 169 | 1:10 
from = 168 | 1:10 
from = 160 | 1:10 
from = 167 | 1:1 
from = 172 | 1:1 
from = 165 | 1:1 
from = 156 | 1:1 
from = 161 | 1:1 
from = 171 | 1:1 
from = 162 | 1:1 
from = 173 | 1:1 
