============================================================
ReuseSegment - Thread 0
head = 13, count = 1 | 13 32 
head = 32, count = 64 | 13 32 
head = 13, count = 1 | 13 30 
head = 23, count = 1677721 | 14 23 
head = 14, count = 1258291 | 14 23 
head = 25, count = 1 | 25 22 
head = 25, count = 1 | 25 11 16 22 
head = 22, count = 4 | 22 9 
head = 9, count = 6 | 9 4 
head = 22, count = 268 | 22 4 
head = 16, count = 6 | 16 5 2 
head = 2, count = 24576 | 2 7 
head = 7, count = 23037 | 5 2 7 
head = 20, count = 512 | 20 2 
head = 4, count = 3 | 4 7 
head = 7, count = 3 | 7 6 
head = 2, count = 1572 | 2 31 
head = 22, count = 3 | 22 9 8 5 2 21 31 29 
head = 31, count = 1020 | 16 31 
head = 7, count = 6 | 16 7 31 
head = 29, count = 2 | 11 16 22 29 18 
head = 6, count = 5 | 22 6 
head = 25, count = 1 | 25 9 
head = 6, count = 2 | 9 6 
head = 6, count = 11 | 4 6 
head = 31, count = 2445 | 2 31 
head = 6, count = 1 | 22 4 6 
head = 29, count = 1 | 29 26 
head = 26, count = 1 | 28 26 
head = 22, count = 11 | 22 28 
head = 6, count = 1 | 6 28 
head = 22, count = 1 | 22 2 28 
head = 31, count = 2 | 31 28 
head = 31, count = 1 | 31 28 27 
============================================================
BBLSwitchCount - Thread 0
from = 0 | 1:1 
from = 1 | 0:1 13:1 30:83886080 19:1 12:167772160 23:164416718 17:167772160 14:3355442 24:83886080 20:1024 25:1 15:3 11:3 16:24576 22:3 21:3 31:61440 29:3 18:2 26:1 27:1024 28:1 
from = 13 | 1:1 32:1 33:1 
from = 32 | 13:1 
from = 33 | 13:1 
from = 30 | 1:83886080 
from = 19 | 1:1 
from = 12 | 1:167772160 
from = 23 | 1:164416718 
from = 17 | 1:167772160 
from = 14 | 1:3355442 
from = 24 | 1:83886080 
from = 20 | 1:1024 
from = 25 | 1:1 
from = 15 | 1:3 
from = 11 | 1:3 
from = 16 | 1:24576 
from = 22 | 1:3 9:3 4:3 8:3 5:24576 3:24576 2:503316480 7:24576 6:3 10:3 
from = 9 | 22:3 
from = 4 | 22:3 
from = 8 | 22:3 
from = 5 | 22:24576 
from = 3 | 22:24576 
from = 2 | 22:503316480 
from = 7 | 22:24576 
from = 6 | 22:3 
from = 10 | 22:3 
from = 21 | 1:3 
from = 31 | 1:61440 
from = 29 | 1:3 
from = 18 | 1:2 
from = 26 | 1:1 
from = 27 | 1:1024 
from = 28 | 1:1 
