============================================================
Thread 0
  BBLID       Time(ns)    Instruction  Memory Access          Hash(hi)          Hash(lo)
      0          33022              3          13150  0000000000000000  0000000000000000
      1          53170          17880            186  0000000000000001  0000000000000001
      2    1.40479e+08       24349040        1323328  00cd149a786f0aab  e0f8256cdabd41d8
      3          41171          13822              0  02b7cdad78333092  52b3245ee1a5e65d
      4            782             45              3  0425062c4766f5d3  395804ae5fcacedb
      5           3780           1425             30  1804b8d6265366b4  0afb04eae20ec7f1
      6           5923           1622             72  1f6192f89ea2f2f3  8b109651a2bc5397
      7          70135          33322            324  2317c109d66f141e  cc446c1a69ffb956
      8           9679           4028             64  240bb41aee18aede  2eb0c953ad611781
      9          10948           3412            111  28b203d8bf5c526d  9445efab81af16c5
     10            169             42              4  2dc8bf9cfdb6e5d0  8c9f4a39cae4445c
     11    7.14298e+07       16201552         548642  36740401140d08e9  a206482a224c413f
     12           8108           2990             68  407c4b1c74a7b015  c29ea77d1302efc5
     13           2397            206              0  4c6d888353cd4f1a  029eb3ae0eca5870
     14            417             37              0  694d6a98abbbd0a8  09c22af95a59f7de
     15          13273           6089              0  6c0a66f034d4b8f8  23ddbe97b3fa5d9c
     16          87222           9922            593  716f72321636e615  83d95680ec5e9fd0
     17           1299            331             19  74b443d410639770  a1077afe0e245142
     18           5280           1013             75  767a936fca45ed6f  fecaf0751f92b7a1
     19          12548           5725             52  89c0c06294b919fd  139366a6fa26b4c2
     20         965150         302696          12457  9509ecc5496d49e4  2916ed17087c196e
     21         678056         238628           2443  9586b18ab238fe68  758f057e3f26810a
     22    1.77337e+07        8377086          39106  998bc36ea72a76cf  04faf9c4b0080654
     23           5674           2587             47  9a5e158ef10e4fb4  fa64ef74bb1c1d98
     24           7713           2000             73  9aa7f9d20b7922a2  e1022008636c1ba0
     25         335997          41078           8285  a63cf45bb7179d20  efd5a90f00db476b
     26           9412           1865            130  b3de4fc1369a0dea  e85db7e2dde0bc43
     27    3.40628e+06        1426003           8562  cad9d1c2aea38d10  e2579c757db7114e
     28              0              0            964  ccf441349af0b0a2  291a2909beb6f587
     29         225145          41078           7121  e6b707080b6fbdfc  77d0b4152fb14501
     30         284256          42965           3412  f9be6cd5b366ff05  15dc21507649ac63
============================================================
Thread 1
  BBLID       Time(ns)    Instruction  Memory Access          Hash(hi)          Hash(lo)
      0    1.84868e+07        8526953          14200  0000000000000000  0000000000000000
      2    1.40483e+08       21767951        1260646  00cd149a786f0aab  e0f8256cdabd41d8
     11    7.10849e+07       15977714         537061  36740401140d08e9  a206482a224c413f
     20         959726         301990          12157  9509ecc5496d49e4  2916ed17087c196e
     21         673619         241817           2570  9586b18ab238fe68  758f057e3f26810a
     25         276843          41084           1028  a63cf45bb7179d20  efd5a90f00db476b
     29         219597          41968           3981  e6b707080b6fbdfc  77d0b4152fb14501
     30         287399          42968           3428  f9be6cd5b366ff05  15dc21507649ac63
============================================================
Thread 2
  BBLID       Time(ns)    Instruction  Memory Access          Hash(hi)          Hash(lo)
      0    1.97937e+07        9155991          41113  0000000000000000  0000000000000000
      2    1.40482e+08       21649713        1298392  00cd149a786f0aab  e0f8256cdabd41d8
      4            220              9              2  0425062c4766f5d3  395804ae5fcacedb
     11    6.97141e+07       15771960         558117  36740401140d08e9  a206482a224c413f
     20         960341         302016          12172  9509ecc5496d49e4  2916ed17087c196e
     21         673996         241163           2455  9586b18ab238fe68  758f057e3f26810a
     25         225968          41084           4660  a63cf45bb7179d20  efd5a90f00db476b
     29         305600          41968           7367  e6b707080b6fbdfc  77d0b4152fb14501
     30         286411          42968           3414  f9be6cd5b366ff05  15dc21507649ac63
============================================================
Thread 3
  BBLID       Time(ns)    Instruction  Memory Access          Hash(hi)          Hash(lo)
      0    1.44929e+07        6621250          10860  0000000000000000  0000000000000000
      2     1.4048e+08       24176298        1339300  00cd149a786f0aab  e0f8256cdabd41d8
     11    7.51239e+07       16906318         587728  36740401140d08e9  a206482a224c413f
     20         958833         302016          12045  9509ecc5496d49e4  2916ed17087c196e
     21         673630         241817           2355  9586b18ab238fe68  758f057e3f26810a
     25         117624          41084            864  a63cf45bb7179d20  efd5a90f00db476b
     29         310714          41968           7505  e6b707080b6fbdfc  77d0b4152fb14501
     30         287594          42968           3447  f9be6cd5b366ff05  15dc21507649ac63
============================================================
Thread 4
  BBLID       Time(ns)    Instruction  Memory Access          Hash(hi)          Hash(lo)
      0    1.71498e+07        7953728           3904  0000000000000000  0000000000000000
      2    1.40478e+08       23639440        1330797  00cd149a786f0aab  e0f8256cdabd41d8
      4            327             18              1  0425062c4766f5d3  395804ae5fcacedb
     11    7.22943e+07       16029554         579955  36740401140d08e9  a206482a224c413f
     20         950314         301142          12008  9509ecc5496d49e4  2916ed17087c196e
     21         668789         240144           2425  9586b18ab238fe68  758f057e3f26810a
     25         336241          41084           8370  a63cf45bb7179d20  efd5a90f00db476b
     29         282435          41968           7111  e6b707080b6fbdfc  77d0b4152fb14501
     30         284240          42968           3419  f9be6cd5b366ff05  15dc21507649ac63
============================================================
Thread 5
  BBLID       Time(ns)    Instruction  Memory Access          Hash(hi)          Hash(lo)
      0    1.11678e+07        5080935          11110  0000000000000000  0000000000000000
      2    1.40478e+08       23027705        1343803  00cd149a786f0aab  e0f8256cdabd41d8
     11     7.8439e+07       16833501         629975  36740401140d08e9  a206482a224c413f
     20         950271         301142          11994  9509ecc5496d49e4  2916ed17087c196e
     21         669094         238218           2394  9586b18ab238fe68  758f057e3f26810a
     25         231789          41084           4599  a63cf45bb7179d20  efd5a90f00db476b
     29         215623          41968           3831  e6b707080b6fbdfc  77d0b4152fb14501
     30         284995          42968           3385  f9be6cd5b366ff05  15dc21507649ac63
============================================================
Thread 6
  BBLID       Time(ns)    Instruction  Memory Access          Hash(hi)          Hash(lo)
      0    2.00967e+07        9292637          51872  0000000000000000  0000000000000000
      2    1.40478e+08       23320135        1280015  00cd149a786f0aab  e0f8256cdabd41d8
      4            200              9              3  0425062c4766f5d3  395804ae5fcacedb
     11     6.9446e+07       15951421         530640  36740401140d08e9  a206482a224c413f
     20         951945         301142          12026  9509ecc5496d49e4  2916ed17087c196e
     21         669427         239149           2365  9586b18ab238fe68  758f057e3f26810a
     25         221562          41084           8213  a63cf45bb7179d20  efd5a90f00db476b
     29         289062          41968           7134  e6b707080b6fbdfc  77d0b4152fb14501
     30         285995          42968           3383  f9be6cd5b366ff05  15dc21507649ac63
============================================================
Thread 7
  BBLID       Time(ns)    Instruction  Memory Access          Hash(hi)          Hash(lo)
      0    2.00094e+07        9262538          18545  0000000000000000  0000000000000000
      2    1.40479e+08       25042269        1274473  00cd149a786f0aab  e0f8256cdabd41d8
     11    6.94871e+07       15942084         545036  36740401140d08e9  a206482a224c413f
     20         959040         301990          12126  9509ecc5496d49e4  2916ed17087c196e
     21         669168         237900           2383  9586b18ab238fe68  758f057e3f26810a
     25         328626          41084           8390  a63cf45bb7179d20  efd5a90f00db476b
     29         225092          41968           4554  e6b707080b6fbdfc  77d0b4152fb14501
     30         284253          42968           3363  f9be6cd5b366ff05  15dc21507649ac63
============================================================
Thread 8
  BBLID       Time(ns)    Instruction  Memory Access          Hash(hi)          Hash(lo)
      0    1.58992e+07        7361122           7251  0000000000000000  0000000000000000
      2    1.40478e+08       23686254        1311007  00cd149a786f0aab  e0f8256cdabd41d8
      4            497             27              3  0425062c4766f5d3  395804ae5fcacedb
     11    7.36193e+07       16423376         548656  36740401140d08e9  a206482a224c413f
     20         960624         301990          12131  9509ecc5496d49e4  2916ed17087c196e
     21         670255         239568           2405  9586b18ab238fe68  758f057e3f26810a
     25         320945          41084           8359  a63cf45bb7179d20  efd5a90f00db476b
     29         211468          41968           3639  e6b707080b6fbdfc  77d0b4152fb14501
     30         286124          42968           3448  f9be6cd5b366ff05  15dc21507649ac63
============================================================
Thread 9
  BBLID       Time(ns)    Instruction  Memory Access          Hash(hi)          Hash(lo)
      0    1.76586e+07        8195340           3722  0000000000000000  0000000000000000
      2    1.40476e+08       24369478        1394877  00cd149a786f0aab  e0f8256cdabd41d8
     11    7.17793e+07       15889174         547873  36740401140d08e9  a206482a224c413f
     20         952005         301142          12002  9509ecc5496d49e4  2916ed17087c196e
     21         670309         240757           2379  9586b18ab238fe68  758f057e3f26810a
     25         333488          41084           8238  a63cf45bb7179d20  efd5a90f00db476b
     29         282290          41968           7038  e6b707080b6fbdfc  77d0b4152fb14501
     30         286524          42968           3419  f9be6cd5b366ff05  15dc21507649ac63
============================================================
Thread 10
  BBLID       Time(ns)    Instruction  Memory Access          Hash(hi)          Hash(lo)
      0    1.94986e+07        9053963          48993  0000000000000000  0000000000000000
      2    1.40477e+08       23907093        1280853  00cd149a786f0aab  e0f8256cdabd41d8
      4            196              9              3  0425062c4766f5d3  395804ae5fcacedb
     11    6.99471e+07       15783661         554854  36740401140d08e9  a206482a224c413f
     20         960821         301990          12133  9509ecc5496d49e4  2916ed17087c196e
     21         670672         238306           2526  9586b18ab238fe68  758f057e3f26810a
     25         341254          41084           8339  a63cf45bb7179d20  efd5a90f00db476b
     29         258850          41968           6966  e6b707080b6fbdfc  77d0b4152fb14501
     30         286991          42968           3441  f9be6cd5b366ff05  15dc21507649ac63
============================================================
Thread 11
  BBLID       Time(ns)    Instruction  Memory Access          Hash(hi)          Hash(lo)
      0    1.88627e+07        8715686           3470  0000000000000000  0000000000000000
      2    1.40477e+08       24752972        1271058  00cd149a786f0aab  e0f8256cdabd41d8
     11    7.06811e+07       15888308         560012  36740401140d08e9  a206482a224c413f
     20         958573         301990          12140  9509ecc5496d49e4  2916ed17087c196e
     21         670299         238854           2511  9586b18ab238fe68  758f057e3f26810a
     25         291062          41084           8393  a63cf45bb7179d20  efd5a90f00db476b
     29         215267          41968           6961  e6b707080b6fbdfc  77d0b4152fb14501
     30         287551          42968           3421  f9be6cd5b366ff05  15dc21507649ac63
============================================================
Thread 12
  BBLID       Time(ns)    Instruction  Memory Access          Hash(hi)          Hash(lo)
      0    2.00681e+07        9323088           4611  0000000000000000  0000000000000000
      2    1.40479e+08       24836162        1285318  00cd149a786f0aab  e0f8256cdabd41d8
      4            341             18              5  0425062c4766f5d3  395804ae5fcacedb
     11    6.93618e+07       16199002         550306  36740401140d08e9  a206482a224c413f
     20         957079         302016          12134  9509ecc5496d49e4  2916ed17087c196e
     21         670144         238686           2501  9586b18ab238fe68  758f057e3f26810a
     25         339798          41084           8362  a63cf45bb7179d20  efd5a90f00db476b
     29         286857          41968           6912  e6b707080b6fbdfc  77d0b4152fb14501
     30         286580          42968           3474  f9be6cd5b366ff05  15dc21507649ac63
============================================================
Thread 13
  BBLID       Time(ns)    Instruction  Memory Access          Hash(hi)          Hash(lo)
      0     1.5906e+07        7351795           3917  0000000000000000  0000000000000000
      2    1.40476e+08       23190493        1371720  00cd149a786f0aab  e0f8256cdabd41d8
     11    7.35922e+07       16320498         559351  36740401140d08e9  a206482a224c413f
     20         958130         301990          12143  9509ecc5496d49e4  2916ed17087c196e
     21         670477         239861           2338  9586b18ab238fe68  758f057e3f26810a
     25         340334          41084           8405  a63cf45bb7179d20  efd5a90f00db476b
     29         213298          41968           6973  e6b707080b6fbdfc  77d0b4152fb14501
     30         284975          42968           3367  f9be6cd5b366ff05  15dc21507649ac63
============================================================
Thread 14
  BBLID       Time(ns)    Instruction  Memory Access          Hash(hi)          Hash(lo)
      0    1.42644e+07        6595032          29180  0000000000000000  0000000000000000
      2    1.40478e+08       25279074        1348104  00cd149a786f0aab  e0f8256cdabd41d8
      4            196              9              0  0425062c4766f5d3  395804ae5fcacedb
     11    7.51911e+07       16522515         605347  36740401140d08e9  a206482a224c413f
     20         958112         301990          12120  9509ecc5496d49e4  2916ed17087c196e
     21         670814         237649           2383  9586b18ab238fe68  758f057e3f26810a
     25         314794          41084           8417  a63cf45bb7179d20  efd5a90f00db476b
     29         280051          41968           7018  e6b707080b6fbdfc  77d0b4152fb14501
     30         286279          42968           3375  f9be6cd5b366ff05  15dc21507649ac63
============================================================
Thread 15
  BBLID       Time(ns)    Instruction  Memory Access          Hash(hi)          Hash(lo)
      0    1.84613e+07        8557458           2722  0000000000000000  0000000000000000
      2    1.40477e+08       25386330        1333942  00cd149a786f0aab  e0f8256cdabd41d8
     11    7.09956e+07       16043578         556235  36740401140d08e9  a206482a224c413f
     20         960384         302016          12161  9509ecc5496d49e4  2916ed17087c196e
     21         670554         240916           2496  9586b18ab238fe68  758f057e3f26810a
     25         291196          41084           8417  a63cf45bb7179d20  efd5a90f00db476b
     29         302214          41968           7378  e6b707080b6fbdfc  77d0b4152fb14501
     30         287573          42968           3429  f9be6cd5b366ff05  15dc21507649ac63
============================================================
Thread 16
  BBLID       Time(ns)    Instruction  Memory Access          Hash(hi)          Hash(lo)
      0    1.59327e+07        7386863           3780  0000000000000000  0000000000000000
      2    1.40479e+08       23687981        1327238  00cd149a786f0aab  e0f8256cdabd41d8
      4            624             36              4  0425062c4766f5d3  395804ae5fcacedb
     11    7.35732e+07       16031566         588907  36740401140d08e9  a206482a224c413f
     20         959642         301990          12252  9509ecc5496d49e4  2916ed17087c196e
     21         669945         238547           2490  9586b18ab238fe68  758f057e3f26810a
     25         340739          41084           8366  a63cf45bb7179d20  efd5a90f00db476b
     29         209748          41084           6892  e6b707080b6fbdfc  77d0b4152fb14501
     30         283517          42968           3394  f9be6cd5b366ff05  15dc21507649ac63
============================================================
Thread 17
  BBLID       Time(ns)    Instruction  Memory Access          Hash(hi)          Hash(lo)
      0    1.49309e+07        6912858           6949  0000000000000000  0000000000000000
      2     1.4048e+08       24455574        1302748  00cd149a786f0aab  e0f8256cdabd41d8
     11     7.4514e+07       16385693         544504  36740401140d08e9  a206482a224c413f
     20         950825         301142          12057  9509ecc5496d49e4  2916ed17087c196e
     21         672302         239962           2555  9586b18ab238fe68  758f057e3f26810a
     25         320373          41084           4713  a63cf45bb7179d20  efd5a90f00db476b
     29         283468          41968           7102  e6b707080b6fbdfc  77d0b4152fb14501
     30         286701          42968           3413  f9be6cd5b366ff05  15dc21507649ac63
============================================================
Thread 18
  BBLID       Time(ns)    Instruction  Memory Access          Hash(hi)          Hash(lo)
      0    1.13848e+07        5227443           3550  0000000000000000  0000000000000000
      2     1.4048e+08       21558552        1412761  00cd149a786f0aab  e0f8256cdabd41d8
      4            196              9              1  0425062c4766f5d3  395804ae5fcacedb
     11    7.81023e+07       16996688         619985  36740401140d08e9  a206482a224c413f
     20         961239         301990          12221  9509ecc5496d49e4  2916ed17087c196e
     21         672772         238656           2532  9586b18ab238fe68  758f057e3f26810a
     25         272024          41084           8369  a63cf45bb7179d20  efd5a90f00db476b
     29         280024          41968           7005  e6b707080b6fbdfc  77d0b4152fb14501
     30         286986          42968           3286  f9be6cd5b366ff05  15dc21507649ac63
============================================================
Thread 19
  BBLID       Time(ns)    Instruction  Memory Access          Hash(hi)          Hash(lo)
      0    1.16908e+07        5371148           6838  0000000000000000  0000000000000000
      2     1.4048e+08       22509274        1321042  00cd149a786f0aab  e0f8256cdabd41d8
     11    7.77998e+07       16754878         541987  36740401140d08e9  a206482a224c413f
     20         961612         301990          12222  9509ecc5496d49e4  2916ed17087c196e
     21         672501         240757           2450  9586b18ab238fe68  758f057e3f26810a
     25         331765          41084           8252  a63cf45bb7179d20  efd5a90f00db476b
     29         218682          41968           3777  e6b707080b6fbdfc  77d0b4152fb14501
     30         287300          42968           3451  f9be6cd5b366ff05  15dc21507649ac63
============================================================
Thread 20
  BBLID       Time(ns)    Instruction  Memory Access          Hash(hi)          Hash(lo)
      0    1.96552e+07        9121936           7220  0000000000000000  0000000000000000
      2    1.40479e+08       24325516        1307618  00cd149a786f0aab  e0f8256cdabd41d8
      4            388             18              4  0425062c4766f5d3  395804ae5fcacedb
     11     6.9793e+07       15995652         558428  36740401140d08e9  a206482a224c413f
     20         950352         301142          12070  9509ecc5496d49e4  2916ed17087c196e
     21         671922         240992           2452  9586b18ab238fe68  758f057e3f26810a
     25         317766          41084           8346  a63cf45bb7179d20  efd5a90f00db476b
     29         288812          41968           7146  e6b707080b6fbdfc  77d0b4152fb14501
     30         284880          42968           3432  f9be6cd5b366ff05  15dc21507649ac63
============================================================
Thread 21
  BBLID       Time(ns)    Instruction  Memory Access          Hash(hi)          Hash(lo)
      0    2.00055e+07        9300165           3297  0000000000000000  0000000000000000
      2     1.4048e+08       23961181        1272255  00cd149a786f0aab  e0f8256cdabd41d8
     11    6.94137e+07       15843386         545819  36740401140d08e9  a206482a224c413f
     20         951306         301142          12096  9509ecc5496d49e4  2916ed17087c196e
     21         672339         239967           2533  9586b18ab238fe68  758f057e3f26810a
     25         334676          41084           8382  a63cf45bb7179d20  efd5a90f00db476b
     29         289854          41968           7240  e6b707080b6fbdfc  77d0b4152fb14501
     30         286031          42968           3419  f9be6cd5b366ff05  15dc21507649ac63
============================================================
Thread 22
  BBLID       Time(ns)    Instruction  Memory Access          Hash(hi)          Hash(lo)
      0    1.73909e+07        8076992           3058  0000000000000000  0000000000000000
      2    1.40481e+08       24882269        1284407  00cd149a786f0aab  e0f8256cdabd41d8
      4            200              9              0  0425062c4766f5d3  395804ae5fcacedb
     11    7.20247e+07       16325770         567589  36740401140d08e9  a206482a224c413f
     20         949260         301142          12029  9509ecc5496d49e4  2916ed17087c196e
     21         672503         240089           2399  9586b18ab238fe68  758f057e3f26810a
     25         335268          41084           8413  a63cf45bb7179d20  efd5a90f00db476b
     29         298984          41968           7423  e6b707080b6fbdfc  77d0b4152fb14501
     30         283187          42968           3339  f9be6cd5b366ff05  15dc21507649ac63
============================================================
Thread 23
  BBLID       Time(ns)    Instruction  Memory Access          Hash(hi)          Hash(lo)
      0    1.40576e+07        6504934           3352  0000000000000000  0000000000000000
      2     1.4048e+08       24850164        1291123  00cd149a786f0aab  e0f8256cdabd41d8
     11    7.53744e+07       16660465         601896  36740401140d08e9  a206482a224c413f
     20         952049         301142          12093  9509ecc5496d49e4  2916ed17087c196e
     21         672300         239326           2395  9586b18ab238fe68  758f057e3f26810a
     25         325863          41084           8390  a63cf45bb7179d20  efd5a90f00db476b
     29         288010          41968           7261  e6b707080b6fbdfc  77d0b4152fb14501
     30         287634          42968           3433  f9be6cd5b366ff05  15dc21507649ac63
============================================================
Thread 24
  BBLID       Time(ns)    Instruction  Memory Access          Hash(hi)          Hash(lo)
      0    1.18323e+07        5461216          11611  0000000000000000  0000000000000000
      2    1.40479e+08       22637284        1412100  00cd149a786f0aab  e0f8256cdabd41d8
      4            486             27             10  0425062c4766f5d3  395804ae5fcacedb
     11    7.76021e+07       17216830         622673  36740401140d08e9  a206482a224c413f
     20         951501         301142          12087  9509ecc5496d49e4  2916ed17087c196e
     21         670742         239496           2497  9586b18ab238fe68  758f057e3f26810a
     25         342940          41084           8397  a63cf45bb7179d20  efd5a90f00db476b
     29         278256          41968           7166  e6b707080b6fbdfc  77d0b4152fb14501
     30         286827          42968           3456  f9be6cd5b366ff05  15dc21507649ac63
============================================================
Thread 25
  BBLID       Time(ns)    Instruction  Memory Access          Hash(hi)          Hash(lo)
      0    1.40055e+07        6436703           6984  0000000000000000  0000000000000000
      2    1.40478e+08       22689953        1267667  00cd149a786f0aab  e0f8256cdabd41d8
     11      7.551e+07       16842057         604627  36740401140d08e9  a206482a224c413f
     20         952829         301142          12094  9509ecc5496d49e4  2916ed17087c196e
     21         670781         239119           2372  9586b18ab238fe68  758f057e3f26810a
     25         225292          41084           4628  a63cf45bb7179d20  efd5a90f00db476b
     29         305949          41968           7359  e6b707080b6fbdfc  77d0b4152fb14501
     30         287784          42968           3425  f9be6cd5b366ff05  15dc21507649ac63
============================================================
Thread 26
  BBLID       Time(ns)    Instruction  Memory Access          Hash(hi)          Hash(lo)
      0    1.15317e+07        5301547           6911  0000000000000000  0000000000000000
      2    1.40479e+08       22265323        1276557  00cd149a786f0aab  e0f8256cdabd41d8
      4            196              9              2  0425062c4766f5d3  395804ae5fcacedb
     11    7.79486e+07       17003661         556401  36740401140d08e9  a206482a224c413f
     20         951638         301142          12069  9509ecc5496d49e4  2916ed17087c196e
     21         671041         240103           2499  9586b18ab238fe68  758f057e3f26810a
     25         290012          41084           4638  a63cf45bb7179d20  efd5a90f00db476b
     29         279724          41968           7161  e6b707080b6fbdfc  77d0b4152fb14501
     30         286652          42968           3437  f9be6cd5b366ff05  15dc21507649ac63
============================================================
Thread 27
  BBLID       Time(ns)    Instruction  Memory Access          Hash(hi)          Hash(lo)
      0    1.92346e+07        8910086          74207  0000000000000000  0000000000000000
      2    1.40478e+08       24230249        1381002  00cd149a786f0aab  e0f8256cdabd41d8
     11    7.02515e+07       16124959         555941  36740401140d08e9  a206482a224c413f
     20         959826         301990          12220  9509ecc5496d49e4  2916ed17087c196e
     21         670870         240285           2403  9586b18ab238fe68  758f057e3f26810a
     25         278913          41084           8381  a63cf45bb7179d20  efd5a90f00db476b
     29         281752          41968           7220  e6b707080b6fbdfc  77d0b4152fb14501
     30         284744          42968           3384  f9be6cd5b366ff05  15dc21507649ac63
============================================================
Thread 28
  BBLID       Time(ns)    Instruction  Memory Access          Hash(hi)          Hash(lo)
      0    1.50007e+07        6946095           3613  0000000000000000  0000000000000000
      2    1.40479e+08       22742347        1293320  00cd149a786f0aab  e0f8256cdabd41d8
      4            335             18              4  0425062c4766f5d3  395804ae5fcacedb
     11    7.44431e+07       16360851         584042  36740401140d08e9  a206482a224c413f
     20         951363         301142          12076  9509ecc5496d49e4  2916ed17087c196e
     21         670416         240931           2462  9586b18ab238fe68  758f057e3f26810a
     25         338408          41084           8413  a63cf45bb7179d20  efd5a90f00db476b
     29         277745          41968           7081  e6b707080b6fbdfc  77d0b4152fb14501
     30         285797          42968           3406  f9be6cd5b366ff05  15dc21507649ac63
============================================================
Thread 29
  BBLID       Time(ns)    Instruction  Memory Access          Hash(hi)          Hash(lo)
      0     1.8601e+07        8634932          49092  0000000000000000  0000000000000000
      2    1.40478e+08       24630112        1344705  00cd149a786f0aab  e0f8256cdabd41d8
     11    7.08391e+07       15923324         563196  36740401140d08e9  a206482a224c413f
     20         951710         301142          12036  9509ecc5496d49e4  2916ed17087c196e
     21         671048         239384           2507  9586b18ab238fe68  758f057e3f26810a
     25         330785          41084           8419  a63cf45bb7179d20  efd5a90f00db476b
     29         281120          41968           3676  e6b707080b6fbdfc  77d0b4152fb14501
     30         285731          42968           3390  f9be6cd5b366ff05  15dc21507649ac63
============================================================
Thread 30
  BBLID       Time(ns)    Instruction  Memory Access          Hash(hi)          Hash(lo)
      0    2.02743e+07        9419725           5417  0000000000000000  0000000000000000
      2    1.40478e+08       24992187        1302979  00cd149a786f0aab  e0f8256cdabd41d8
      4            196              9              4  0425062c4766f5d3  395804ae5fcacedb
     11    6.91624e+07       15576870         546669  36740401140d08e9  a206482a224c413f
     20         952308         301142          12053  9509ecc5496d49e4  2916ed17087c196e
     21         671313         238860           2486  9586b18ab238fe68  758f057e3f26810a
     25         330894          41084           8409  a63cf45bb7179d20  efd5a90f00db476b
     29         284795          41968           7163  e6b707080b6fbdfc  77d0b4152fb14501
     30         286580          42968           3422  f9be6cd5b366ff05  15dc21507649ac63
============================================================
Thread 31
  BBLID       Time(ns)    Instruction  Memory Access          Hash(hi)          Hash(lo)
      0     1.9013e+07        8795508         179924  0000000000000000  0000000000000000
      2    1.40478e+08       22932888        1277061  00cd149a786f0aab  e0f8256cdabd41d8
     11    7.04979e+07       15927570         545199  36740401140d08e9  a206482a224c413f
     20         959843         301990          12478  9509ecc5496d49e4  2916ed17087c196e
     21         670807         238529           2444  9586b18ab238fe68  758f057e3f26810a
     25         319527          41156           7460  a63cf45bb7179d20  efd5a90f00db476b
     29         207191          42040           3740  e6b707080b6fbdfc  77d0b4152fb14501
     30         287139          42986           3408  f9be6cd5b366ff05  15dc21507649ac63
