============================================================
ReuseSegment - Thread 0
head = 0, count = 43 | 0 28 
head = 28, count = 8 | 28 1 
head = 0, count = 3 | 0 28 1 
head = 1, count = 26 | 1 6 
head = 28, count = 1 | 0 28 1 
head = 6, count = 10 | 6 8 
head = 1, count = 2 | 1 8 
head = 6, count = 11 | 6 9 
head = 8, count = 8 | 8 9 
head = 1, count = 1 | 1 9 
head = 9, count = 30 | 9 7 
head = 6, count = 8 | 6 7 
head = 28, count = 1 | 28 6 
head = 0, count = 3 | 0 28 6 
head = 28, count = 3 | 28 1 6 7 
head = 28, count = 3 | 28 6 7 
head = 0, count = 2 | 0 28 6 7 
head = 6, count = 1 | 6 8 9 
head = 7, count = 70 | 7 23 
head = 1, count = 1 | 1 6 7 
head = 28, count = 3 | 28 1 7 
head = 9, count = 4 | 9 7 23 
head = 23, count = 27 | 9 23 
head = 7, count = 7 | 9 7 
head = 28, count = 3 | 28 9 
head = 28, count = 3 | 28 1 6 9 7 23 
head = 28, count = 5 | 28 7 
head = 6, count = 8 | 6 8 9 7 23 
head = 1, count = 1 | 1 6 8 9 7 
head = 23, count = 32 | 7 23 
head = 7, count = 32 | 7 19 
head = 23, count = 10 | 19 23 
head = 9, count = 18 | 9 19 
head = 28, count = 1 | 28 1 9 7 23 
head = 28, count = 3 | 28 1 6 9 7 19 23 
head = 19, count = 47 | 7 19 
head = 9, count = 7 | 9 7 19 
head = 9, count = 2 | 9 23 
head = 23, count = 2 | 9 7 23 
head = 9, count = 2 | 9 12 
head = 23, count = 1 | 7 23 12 
head = 6, count = 2 | 6 9 7 19 23 
head = 19, count = 16 | 19 12 
head = 7, count = 74 | 7 12 
head = 28, count = 5 | 28 6 9 7 19 
head = 6, count = 1 | 6 9 7 19 
head = 28, count = 1 | 28 9 7 
head = 7, count = 1 | 9 7 19 12 
head = 6, count = 1 | 6 8 9 7 12 
head = 23, count = 4 | 23 12 
head = 0, count = 1 | 0 28 6 7 19 
head = 9, count = 1 | 9 7 12 
head = 12, count = 1 | 9 12 
head = 12, count = 54 | 7 12 
head = 12, count = 5 | 7 19 12 
head = 7, count = 3 | 8 9 7 
head = 9, count = 8 | 8 9 
head = 7, count = 1 | 9 7 19 
head = 7, count = 24 | 8 7 
head = 9, count = 5 | 8 9 7 
head = 12, count = 5 | 8 12 
head = 23, count = 1 | 9 19 23 12 
head = 1, count = 3 | 1 6 8 9 7 23 
head = 8, count = 2 | 8 19 
head = 8, count = 6 | 8 7 19 
head = 8, count = 32 | 8 7 
head = 8, count = 13 | 8 12 
head = 6, count = 4 | 6 12 
head = 8, count = 1 | 8 19 12 
head = 12, count = 1 | 19 12 
head = 19, count = 1 | 8 19 
head = 19, count = 2 | 8 7 19 
head = 8, count = 1 | 8 7 23 
head = 9, count = 1 | 8 9 23 
head = 23, count = 1 | 8 23 
head = 23, count = 1 | 7 19 23 
head = 7, count = 2 | 6 7 
head = 8, count = 7 | 6 8 
head = 7, count = 1 | 6 8 7 
head = 7, count = 1 | 8 7 12 
head = 1, count = 1 | 1 12 
head = 12, count = 1 | 6 12 
head = 7, count = 1 | 8 7 19 
head = 7, count = 1 | 1 7 
head = 6, count = 2 | 1 6 
head = 1, count = 1 | 1 26 
head = 7, count = 22 | 7 26 
head = 1, count = 1 | 1 6 9 7 19 23 12 
head = 8, count = 2 | 8 26 
head = 1, count = 5 | 1 6 8 9 7 19 23 12 
head = 28, count = 1 | 28 1 6 8 9 7 19 23 12 
head = 19, count = 1 | 6 8 7 19 26 
head = 7, count = 1 | 6 7 19 26 
head = 6, count = 3 | 6 26 
head = 26, count = 4 | 26 10 
head = 10, count = 2 | 10 18 
head = 26, count = 5 | 26 17 
head = 18, count = 1 | 18 17 
head = 8, count = 1 | 6 8 7 
head = 6, count = 1 | 1 6 8 9 7 23 
head = 7, count = 4 | 7 17 
head = 6, count = 1 | 6 17 
head = 10, count = 2 | 26 10 
head = 17, count = 1 | 26 10 18 17 
head = 17, count = 2 | 26 17 
head = 7, count = 2 | 8 9 7 19 23 12 26 
head = 26, count = 16 | 26 18 
head = 17, count = 2 | 18 17 
head = 6, count = 1 | 6 9 23 
head = 1, count = 5 | 1 6 8 9 7 19 23 12 26 
head = 6, count = 1 | 6 8 9 7 19 23 12 26 
head = 28, count = 2 | 28 1 6 8 9 7 19 23 12 26 
head = 12, count = 1 | 8 12 26 
head = 6, count = 1 | 6 9 7 19 12 26 
head = 7, count = 1 | 7 18 
head = 18, count = 1 | 26 10 18 
head = 18, count = 1 | 26 18 
head = 7, count = 1 | 7 12 26 
head = 7, count = 2 | 7 19 26 17 
head = 26, count = 1 | 1 26 
head = 26, count = 3 | 26 24 
head = 17, count = 5 | 17 24 
head = 8, count = 1 | 6 8 7 17 
head = 1, count = 1 | 1 6 8 9 7 23 17 
head = 6, count = 3 | 6 8 9 7 23 17 
head = 18, count = 2 | 18 24 
head = 7, count = 1 | 7 23 17 
head = 8, count = 1 | 8 9 7 12 17 
head = 23, count = 1 | 1 6 8 9 23 
head = 1, count = 2 | 1 24 
head = 1, count = 1 | 1 17 24 
head = 17, count = 1 | 26 17 24 
head = 24, count = 4 | 24 5 
head = 18, count = 17 | 18 5 
head = 12, count = 1 | 8 12 26 18 
head = 7, count = 1 | 7 19 12 
head = 8, count = 4 | 8 5 
head = 1, count = 1 | 1 6 9 7 19 12 
head = 1, count = 1 | 1 8 7 19 
head = 9, count = 2 | 8 9 19 
head = 5, count = 22 | 24 5 
head = 28, count = 2 | 28 1 8 9 7 19 
head = 28, count = 1 | 28 1 6 19 23 
head = 6, count = 1 | 6 9 7 19 12 
head = 6, count = 1 | 6 7 19 
head = 24, count = 40 | 24 27 
head = 27, count = 1 | 5 27 
head = 5, count = 4 | 5 27 
head = 12, count = 5 | 12 27 
head = 8, count = 1 | 8 27 
head = 28, count = 3 | 28 1 6 8 9 7 19 23 12 26 18 24 5 27 
head = 26, count = 1 | 26 18 24 5 
head = 7, count = 8 | 7 27 
head = 8, count = 1 | 8 26 18 24 5 
head = 18, count = 1 | 18 27 
head = 1, count = 27 | 1 6 8 9 7 19 23 12 26 18 24 5 27 
head = 7, count = 1 | 8 9 7 19 24 
head = 1, count = 1 | 1 9 23 
head = 19, count = 1 | 8 19 5 27 
head = 19, count = 1 | 19 5 
head = 23, count = 1 | 9 23 27 
head = 7, count = 1 | 7 26 24 27 
head = 8, count = 1 | 6 8 7 23 17 24 
head = 0, count = 1 | 0 28 6 9 7 19 12 26 18 24 
head = 6, count = 1 | 6 9 7 19 12 26 18 24 
head = 7, count = 5 | 9 7 19 12 26 18 24 
head = 7, count = 1 | 9 7 12 26 18 24 
head = 1, count = 1 | 1 6 8 9 7 19 12 18 24 5 27 
head = 9, count = 1 | 9 24 
head = 26, count = 1 | 26 18 24 
head = 28, count = 1 | 28 6 9 7 19 12 26 18 24 
head = 1, count = 3 | 1 6 8 9 7 23 17 24 
head = 0, count = 1 | 0 1 6 8 9 7 23 17 24 
head = 8, count = 1 | 1 6 8 7 23 17 24 
head = 8, count = 1 | 8 7 23 17 24 
head = 24, count = 1 | 24 5 27 
head = 6, count = 2 | 6 8 9 7 23 17 24 
head = 6, count = 1 | 1 6 8 9 7 19 23 12 26 18 17 24 5 27 
head = 28, count = 2 | 0 28 
head = 7, count = 5 | 7 12 27 
head = 0, count = 1 | 0 28 7 26 
head = 5, count = 10 | 24 5 27 
head = 6, count = 3 | 6 8 9 7 19 23 12 26 18 24 5 27 
head = 12, count = 1 | 8 12 26 18 24 5 27 
head = 6, count = 1 | 6 8 9 7 17 24 
head = 6, count = 9 | 6 8 9 7 23 17 24 27 
head = 1, count = 3 | 1 6 8 9 7 23 17 24 27 
head = 26, count = 1 | 26 18 5 27 
head = 28, count = 5 | 28 1 6 9 7 19 23 12 26 18 5 27 
head = 1, count = 1 | 1 6 9 7 19 23 12 26 18 5 27 
head = 7, count = 1 | 9 7 19 23 26 
head = 28, count = 1 | 28 9 7 23 12 26 18 
head = 26, count = 2 | 26 18 24 5 27 
head = 7, count = 2 | 7 19 5 27 
head = 19, count = 1 | 19 27 
head = 26, count = 1 | 26 24 27 
head = 18, count = 8 | 18 24 5 27 
head = 1, count = 3 | 1 7 19 
head = 1, count = 1 | 1 7 19 5 27 
head = 28, count = 3 | 28 6 9 7 19 12 26 18 24 27 
head = 19, count = 4 | 19 24 
head = 0, count = 1 | 0 28 6 9 7 19 12 26 18 24 27 
head = 6, count = 6 | 6 19 
head = 23, count = 1 | 8 9 19 23 12 26 18 24 5 27 
head = 23, count = 2 | 23 27 
head = 19, count = 2 | 8 19 12 26 18 24 5 27 
head = 9, count = 1 | 9 18 
head = 28, count = 1 | 28 9 7 19 24 27 
head = 19, count = 1 | 6 8 19 
head = 19, count = 1 | 6 19 
head = 8, count = 1 | 6 8 9 7 19 12 17 24 5 
head = 8, count = 2 | 6 8 9 7 19 12 5 
head = 18, count = 1 | 18 5 27 
head = 1, count = 1 | 1 23 
head = 0, count = 2 | 0 1 6 8 9 7 23 17 24 27 
head = 19, count = 1 | 6 8 7 19 12 17 24 5 
head = 7, count = 3 | 9 7 19 12 26 18 24 27 
head = 28, count = 1 | 28 6 7 12 26 18 
head = 6, count = 3 | 6 9 19 12 18 
head = 26, count = 5 | 26 18 24 27 
head = 7, count = 1 | 8 7 19 12 18 5 27 
head = 6, count = 1 | 6 8 9 23 
head = 9, count = 1 | 8 9 19 12 26 18 24 5 27 
head = 28, count = 1 | 28 26 
head = 9, count = 1 | 6 8 9 24 
head = 7, count = 1 | 7 26 17 
head = 7, count = 1 | 7 26 17 24 27 
head = 23, count = 11 | 1 6 8 9 23 24 
head = 17, count = 1 | 17 24 27 
head = 23, count = 1 | 1 6 8 9 23 24 27 
head = 9, count = 1 | 9 24 27 
head = 28, count = 1 | 28 7 12 24 27 
head = 28, count = 1 | 28 7 12 18 
head = 28, count = 1 | 28 7 12 
head = 28, count = 1 | 28 8 27 
head = 0, count = 1 | 0 26 27 
head = 26, count = 2 | 26 27 
head = 28, count = 1 | 28 7 27 
head = 28, count = 3 | 28 27 
head = 26, count = 1 | 26 18 17 27 
head = 7, count = 1 | 7 23 17 24 
head = 27, count = 81 | 27 20 
head = 20, count = 2 | 27 20 
head = 28, count = 1 | 28 5 
head = 8, count = 1 | 8 24 27 
head = 9, count = 2 | 8 9 19 24 27 
head = 19, count = 1 | 8 19 24 27 
head = 9, count = 1 | 1 6 8 9 23 24 
head = 28, count = 1 | 28 9 7 24 27 
head = 27, count = 4 | 27 13 
head = 12, count = 1 | 7 12 17 24 5 
head = 19, count = 1 | 7 19 17 
head = 7, count = 1 | 7 19 17 
head = 7, count = 1 | 6 8 7 19 26 24 27 
head = 19, count = 2 | 6 8 7 19 
head = 13, count = 3 | 27 13 
head = 28, count = 1 | 28 6 7 12 26 
head = 8, count = 1 | 1 6 8 24 
head = 18, count = 1 | 1 26 18 24 
head = 1, count = 1 | 1 3 
head = 27, count = 1 | 27 13 3 
head = 24, count = 3 | 24 3 
head = 27, count = 144 | 27 3 
head = 27, count = 2 | 24 27 3 
head = 3, count = 2 | 1 3 
head = 3, count = 20 | 3 22 
head = 27, count = 10 | 24 27 
head = 27, count = 10 | 27 22 
head = 22, count = 55 | 22 29 
head = 3, count = 3 | 3 29 
head = 27, count = 10 | 27 29 
head = 27, count = 1 | 1 27 3 22 
head = 27, count = 1 | 27 3 22 
head = 27, count = 1 | 27 22 29 
head = 24, count = 1 | 24 22 29 
head = 3, count = 2 | 3 22 29 
head = 27, count = 2 | 27 3 29 
head = 22, count = 2 | 22 14 
head = 14, count = 2 | 22 14 
head = 1, count = 1 | 1 6 8 9 7 17 24 
head = 29, count = 4 | 22 29 
head = 22, count = 59 | 25 22 
head = 27, count = 3 | 24 27 29 
head = 24, count = 1 | 24 29 
head = 25, count = 2 | 25 22 
head = 22, count = 1 | 22 16 
head = 16, count = 26 | 25 16 
head = 25, count = 2 | 25 16 
head = 16, count = 85 | 16 2 
head = 2, count = 70 | 16 2 
head = 16, count = 30 | 22 16 
head = 2, count = 65 | 22 2 
head = 2, count = 20 | 22 16 2 
head = 2, count = 12 | 29 2 
head = 2, count = 7 | 22 29 16 2 
head = 2, count = 14 | 22 29 2 
head = 22, count = 129 | 11 22 
head = 16, count = 1 | 22 29 16 
head = 2, count = 5 | 29 16 2 
head = 11, count = 101 | 11 22 
head = 22, count = 26 | 21 22 
head = 11, count = 29 | 21 11 
head = 11, count = 45 | 21 11 22 
head = 22, count = 2 | 21 11 22 
head = 21, count = 1 | 4 21 
head = 4, count = 1 | 4 21 
head = 21, count = 43 | 21 22 
head = 21, count = 1 | 4 21 22 
head = 22, count = 10 | 30 22 
head = 21, count = 16 | 30 21 
head = 21, count = 8 | 30 21 22 
head = 22, count = 8 | 1 22 
head = 1, count = 3 | 1 13 
head = 13, count = 2 | 1 13 
head = 30, count = 1 | 30 1 
============================================================
ReuseSegment - Thread 1
head = 0, count = 84 | 20 0 
head = 20, count = 2 | 20 0 
head = 0, count = 26 | 29 0 
head = 20, count = 57 | 20 29 
head = 20, count = 1 | 20 29 0 
head = 29, count = 4 | 29 0 
head = 0, count = 36 | 25 0 
head = 25, count = 4 | 25 0 
head = 0, count = 51 | 2 0 
head = 2, count = 97 | 2 0 
head = 2, count = 116 | 29 2 
head = 2, count = 13 | 29 2 0 
head = 0, count = 110 | 11 0 
head = 11, count = 96 | 11 0 
head = 29, count = 1 | 29 11 
head = 0, count = 8 | 21 0 
head = 11, count = 129 | 11 21 
head = 11, count = 9 | 11 21 0 
head = 0, count = 3 | 11 21 0 
head = 21, count = 36 | 21 0 
head = 0, count = 12 | 30 0 
head = 21, count = 8 | 21 30 
head = 21, count = 8 | 21 30 0 
head = 30, count = 1 | 30 0 
============================================================
ReuseSegment - Thread 2
head = 0, count = 80 | 20 0 
head = 20, count = 1 | 20 0 
head = 0, count = 24 | 29 0 
head = 29, count = 4 | 29 0 
head = 0, count = 34 | 25 0 
head = 25, count = 4 | 25 0 
head = 0, count = 52 | 2 0 
head = 25, count = 5 | 25 2 
head = 2, count = 97 | 2 0 
head = 2, count = 117 | 29 2 
head = 2, count = 12 | 29 2 0 
head = 0, count = 108 | 11 0 
head = 11, count = 96 | 11 0 
head = 0, count = 7 | 21 0 
head = 11, count = 134 | 11 21 
head = 11, count = 9 | 11 21 0 
head = 0, count = 3 | 11 21 0 
head = 21, count = 1 | 4 21 
head = 21, count = 54 | 21 0 
head = 21, count = 1 | 4 21 0 
head = 0, count = 8 | 30 0 
head = 21, count = 15 | 30 21 
head = 21, count = 11 | 30 21 0 
head = 30, count = 1 | 30 0 
============================================================
ReuseSegment - Thread 3
head = 0, count = 83 | 20 0 
head = 20, count = 1 | 20 0 
head = 0, count = 26 | 29 0 
head = 29, count = 4 | 29 0 
head = 0, count = 36 | 25 0 
head = 25, count = 4 | 25 0 
head = 0, count = 53 | 2 0 
head = 2, count = 95 | 2 0 
head = 2, count = 115 | 29 2 
head = 2, count = 12 | 29 2 0 
head = 0, count = 111 | 11 0 
head = 11, count = 94 | 11 0 
head = 0, count = 8 | 21 0 
head = 11, count = 129 | 11 21 
head = 11, count = 9 | 11 21 0 
head = 0, count = 3 | 11 21 0 
head = 21, count = 37 | 21 0 
head = 0, count = 12 | 30 0 
head = 21, count = 8 | 21 30 
head = 21, count = 8 | 21 30 0 
head = 30, count = 1 | 30 0 
============================================================
ReuseSegment - Thread 4
head = 0, count = 97 | 20 0 
head = 20, count = 1 | 20 0 
head = 0, count = 27 | 29 0 
head = 20, count = 58 | 20 29 
head = 20, count = 1 | 20 29 0 
head = 29, count = 4 | 29 0 
head = 0, count = 40 | 25 0 
head = 25, count = 4 | 25 0 
head = 0, count = 94 | 2 0 
head = 2, count = 105 | 2 0 
head = 2, count = 115 | 29 2 
head = 2, count = 10 | 29 2 0 
head = 0, count = 117 | 11 0 
head = 11, count = 87 | 11 0 
head = 0, count = 8 | 21 0 
head = 11, count = 130 | 11 21 
head = 11, count = 8 | 11 21 0 
head = 0, count = 3 | 11 21 0 
head = 21, count = 1 | 4 21 
head = 21, count = 62 | 21 0 
head = 21, count = 1 | 4 21 0 
head = 0, count = 8 | 30 0 
head = 21, count = 10 | 30 21 
head = 21, count = 11 | 30 21 0 
head = 30, count = 1 | 30 0 
============================================================
ReuseSegment - Thread 5
head = 0, count = 83 | 20 0 
head = 20, count = 1 | 20 0 
head = 0, count = 26 | 29 0 
head = 29, count = 4 | 29 0 
head = 0, count = 36 | 25 0 
head = 25, count = 4 | 25 0 
head = 0, count = 51 | 2 0 
head = 25, count = 1 | 25 2 
head = 2, count = 97 | 2 0 
head = 2, count = 115 | 29 2 
head = 2, count = 13 | 29 2 0 
head = 0, count = 109 | 11 0 
head = 11, count = 94 | 11 0 
head = 29, count = 1 | 29 11 
head = 0, count = 8 | 21 0 
head = 11, count = 128 | 11 21 
head = 11, count = 9 | 11 21 0 
head = 0, count = 3 | 11 21 0 
head = 21, count = 37 | 21 0 
head = 0, count = 12 | 30 0 
head = 21, count = 8 | 21 30 
head = 21, count = 8 | 21 30 0 
head = 30, count = 1 | 30 0 
============================================================
ReuseSegment - Thread 6
head = 0, count = 83 | 20 0 
head = 20, count = 1 | 20 0 
head = 0, count = 25 | 29 0 
head = 29, count = 4 | 29 0 
head = 0, count = 34 | 25 0 
head = 25, count = 4 | 25 0 
head = 0, count = 52 | 2 0 
head = 2, count = 91 | 2 0 
head = 2, count = 114 | 29 2 
head = 2, count = 12 | 29 2 0 
head = 0, count = 101 | 11 0 
head = 11, count = 91 | 11 0 
head = 29, count = 2 | 29 11 
head = 0, count = 7 | 21 0 
head = 11, count = 130 | 21 11 
head = 11, count = 9 | 21 11 0 
head = 0, count = 3 | 21 11 0 
head = 21, count = 1 | 21 4 
head = 21, count = 53 | 21 0 
head = 21, count = 1 | 21 4 0 
head = 0, count = 8 | 30 0 
head = 21, count = 9 | 21 30 
head = 21, count = 11 | 21 30 0 
head = 30, count = 1 | 30 0 
============================================================
ReuseSegment - Thread 7
head = 0, count = 85 | 20 0 
head = 20, count = 2 | 20 0 
head = 0, count = 27 | 29 0 
head = 20, count = 57 | 20 29 
head = 20, count = 1 | 20 29 0 
head = 29, count = 4 | 29 0 
head = 0, count = 36 | 25 0 
head = 25, count = 4 | 25 0 
head = 0, count = 53 | 2 0 
head = 2, count = 97 | 2 0 
head = 2, count = 112 | 29 2 
head = 2, count = 12 | 29 2 0 
head = 0, count = 107 | 11 0 
head = 11, count = 93 | 11 0 
head = 0, count = 8 | 21 0 
head = 11, count = 134 | 21 11 
head = 11, count = 9 | 21 11 0 
head = 0, count = 3 | 21 11 0 
head = 21, count = 37 | 21 0 
head = 0, count = 12 | 30 0 
head = 21, count = 8 | 30 21 
head = 21, count = 8 | 30 21 0 
head = 30, count = 1 | 30 0 
============================================================
ReuseSegment - Thread 8
head = 0, count = 90 | 20 0 
head = 20, count = 1 | 20 0 
head = 0, count = 28 | 29 0 
head = 29, count = 4 | 29 0 
head = 0, count = 39 | 25 0 
head = 25, count = 4 | 25 0 
head = 0, count = 91 | 2 0 
head = 2, count = 107 | 2 0 
head = 2, count = 115 | 29 2 
head = 2, count = 12 | 29 2 0 
head = 0, count = 108 | 11 0 
head = 11, count = 86 | 11 0 
head = 29, count = 3 | 29 11 
head = 0, count = 8 | 21 0 
head = 11, count = 128 | 11 21 
head = 11, count = 8 | 11 21 0 
head = 0, count = 3 | 11 21 0 
head = 21, count = 1 | 4 21 
head = 21, count = 62 | 21 0 
head = 21, count = 1 | 4 21 0 
head = 0, count = 8 | 30 0 
head = 21, count = 10 | 30 21 
head = 21, count = 11 | 30 21 0 
head = 30, count = 1 | 30 0 
============================================================
ReuseSegment - Thread 9
head = 0, count = 87 | 20 0 
head = 20, count = 1 | 20 0 
head = 0, count = 26 | 29 0 
head = 29, count = 4 | 29 0 
head = 0, count = 36 | 25 0 
head = 25, count = 4 | 25 0 
head = 0, count = 49 | 2 0 
head = 2, count = 94 | 2 0 
head = 2, count = 123 | 29 2 
head = 2, count = 13 | 29 2 0 
head = 0, count = 115 | 11 0 
head = 11, count = 92 | 11 0 
head = 29, count = 1 | 29 11 
head = 0, count = 8 | 21 0 
head = 11, count = 130 | 11 21 
head = 11, count = 9 | 11 21 0 
head = 0, count = 3 | 11 21 0 
head = 21, count = 38 | 21 0 
head = 0, count = 11 | 30 0 
head = 21, count = 14 | 21 30 
head = 21, count = 9 | 21 30 0 
head = 30, count = 1 | 30 0 
============================================================
ReuseSegment - Thread 10
head = 0, count = 81 | 20 0 
head = 20, count = 1 | 20 0 
head = 0, count = 25 | 29 0 
head = 20, count = 58 | 20 29 
head = 20, count = 1 | 20 29 0 
head = 29, count = 4 | 29 0 
head = 0, count = 34 | 25 0 
head = 25, count = 4 | 25 0 
head = 0, count = 51 | 2 0 
head = 25, count = 1 | 25 2 
head = 2, count = 92 | 2 0 
head = 2, count = 116 | 29 2 
head = 2, count = 12 | 29 2 0 
head = 0, count = 101 | 11 0 
head = 11, count = 86 | 11 0 
head = 0, count = 7 | 21 0 
head = 11, count = 136 | 11 21 
head = 11, count = 9 | 11 21 0 
head = 0, count = 3 | 11 21 0 
head = 21, count = 54 | 21 0 
head = 21, count = 1 | 21 4 0 
head = 0, count = 8 | 30 0 
head = 21, count = 10 | 21 30 
head = 21, count = 11 | 21 30 0 
head = 30, count = 1 | 30 0 
============================================================
ReuseSegment - Thread 11
head = 0, count = 93 | 20 0 
head = 20, count = 1 | 20 0 
head = 0, count = 23 | 29 0 
head = 29, count = 4 | 29 0 
head = 0, count = 36 | 25 0 
head = 25, count = 4 | 25 0 
head = 0, count = 52 | 2 0 
head = 2, count = 97 | 2 0 
head = 2, count = 114 | 29 2 
head = 2, count = 12 | 29 2 0 
head = 0, count = 107 | 11 0 
head = 11, count = 89 | 11 0 
head = 29, count = 2 | 29 11 
head = 0, count = 7 | 21 0 
head = 11, count = 130 | 11 21 
head = 11, count = 9 | 11 21 0 
head = 0, count = 3 | 11 21 0 
head = 21, count = 37 | 21 0 
head = 0, count = 12 | 30 0 
head = 21, count = 8 | 21 30 
head = 21, count = 8 | 21 30 0 
head = 30, count = 1 | 30 0 
============================================================
ReuseSegment - Thread 12
head = 0, count = 73 | 20 0 
head = 20, count = 1 | 20 0 
head = 0, count = 28 | 29 0 
head = 29, count = 4 | 29 0 
head = 0, count = 40 | 25 0 
head = 25, count = 4 | 25 0 
head = 0, count = 96 | 2 0 
head = 2, count = 109 | 2 0 
head = 2, count = 120 | 29 2 
head = 2, count = 11 | 29 2 0 
head = 0, count = 122 | 11 0 
head = 11, count = 80 | 11 0 
head = 29, count = 1 | 29 11 
head = 0, count = 7 | 21 0 
head = 11, count = 131 | 11 21 
head = 11, count = 9 | 11 21 0 
head = 0, count = 3 | 11 21 0 
head = 21, count = 1 | 21 4 
head = 21, count = 62 | 21 0 
head = 21, count = 1 | 21 4 0 
head = 0, count = 8 | 30 0 
head = 21, count = 10 | 21 30 
head = 21, count = 11 | 21 30 0 
head = 30, count = 1 | 30 0 
============================================================
ReuseSegment - Thread 13
head = 0, count = 86 | 20 0 
head = 20, count = 2 | 20 0 
head = 0, count = 26 | 29 0 
head = 20, count = 57 | 20 29 
head = 20, count = 1 | 20 29 0 
head = 29, count = 4 | 29 0 
head = 0, count = 36 | 25 0 
head = 25, count = 4 | 25 0 
head = 0, count = 52 | 2 0 
head = 25, count = 1 | 25 2 
head = 2, count = 95 | 2 0 
head = 2, count = 113 | 29 2 
head = 2, count = 11 | 29 2 0 
head = 0, count = 107 | 11 0 
head = 11, count = 89 | 11 0 
head = 0, count = 8 | 21 0 
head = 11, count = 130 | 11 21 
head = 11, count = 9 | 11 21 0 
head = 0, count = 3 | 11 21 0 
head = 21, count = 38 | 21 0 
head = 0, count = 11 | 30 0 
head = 21, count = 14 | 30 21 
head = 21, count = 9 | 30 21 0 
head = 30, count = 1 | 30 0 
============================================================
ReuseSegment - Thread 14
head = 0, count = 83 | 20 0 
head = 20, count = 1 | 20 0 
head = 0, count = 24 | 29 0 
head = 20, count = 58 | 20 29 
head = 20, count = 1 | 20 29 0 
head = 29, count = 4 | 29 0 
head = 0, count = 34 | 25 0 
head = 25, count = 4 | 25 0 
head = 0, count = 51 | 2 0 
head = 25, count = 1 | 25 2 
head = 2, count = 96 | 2 0 
head = 2, count = 123 | 29 2 
head = 2, count = 11 | 29 2 0 
head = 0, count = 104 | 11 0 
head = 11, count = 89 | 11 0 
head = 29, count = 1 | 29 11 
head = 0, count = 7 | 21 0 
head = 11, count = 131 | 11 21 
head = 11, count = 9 | 11 21 0 
head = 0, count = 3 | 11 21 0 
head = 21, count = 1 | 21 4 
head = 21, count = 53 | 21 0 
head = 21, count = 1 | 21 4 0 
head = 0, count = 8 | 30 0 
head = 21, count = 9 | 21 30 
head = 21, count = 11 | 21 30 0 
head = 30, count = 1 | 30 0 
============================================================
ReuseSegment - Thread 15
head = 0, count = 81 | 20 0 
head = 20, count = 1 | 20 0 
head = 0, count = 25 | 29 0 
head = 29, count = 4 | 29 0 
head = 0, count = 36 | 25 0 
head = 25, count = 4 | 25 0 
head = 0, count = 52 | 2 0 
head = 2, count = 97 | 2 0 
head = 2, count = 123 | 29 2 
head = 2, count = 12 | 29 2 0 
head = 0, count = 109 | 11 0 
head = 11, count = 89 | 11 0 
head = 29, count = 4 | 29 11 
head = 0, count = 8 | 21 0 
head = 11, count = 129 | 11 21 
head = 11, count = 9 | 11 21 0 
head = 0, count = 3 | 11 21 0 
head = 21, count = 38 | 21 0 
head = 0, count = 11 | 30 0 
head = 21, count = 14 | 21 30 
head = 21, count = 9 | 21 30 0 
head = 30, count = 1 | 30 0 
============================================================
ReuseSegment - Thread 16
head = 0, count = 69 | 20 0 
head = 20, count = 1 | 20 0 
head = 0, count = 28 | 29 0 
head = 29, count = 4 | 29 0 
head = 0, count = 40 | 25 0 
head = 25, count = 4 | 25 0 
head = 0, count = 93 | 2 0 
head = 2, count = 111 | 2 0 
head = 2, count = 115 | 29 2 
head = 2, count = 11 | 29 2 0 
head = 0, count = 116 | 11 0 
head = 11, count = 87 | 11 0 
head = 29, count = 1 | 11 29 
head = 0, count = 8 | 21 0 
head = 11, count = 130 | 11 21 
head = 11, count = 9 | 11 21 0 
head = 0, count = 3 | 11 21 0 
head = 21, count = 1 | 4 21 
head = 21, count = 59 | 21 0 
head = 21, count = 1 | 4 21 0 
head = 0, count = 9 | 30 0 
head = 21, count = 9 | 30 21 
head = 21, count = 11 | 30 21 0 
head = 30, count = 1 | 30 0 
============================================================
ReuseSegment - Thread 17
head = 0, count = 83 | 20 0 
head = 20, count = 1 | 20 0 
head = 0, count = 26 | 29 0 
head = 29, count = 4 | 29 0 
head = 0, count = 36 | 25 0 
head = 25, count = 4 | 25 0 
head = 0, count = 52 | 2 0 
head = 2, count = 94 | 2 0 
head = 2, count = 119 | 29 2 
head = 2, count = 13 | 29 2 0 
head = 0, count = 111 | 11 0 
head = 11, count = 87 | 11 0 
head = 29, count = 1 | 29 11 
head = 0, count = 8 | 21 0 
head = 11, count = 129 | 11 21 
head = 11, count = 9 | 11 21 0 
head = 0, count = 3 | 11 21 0 
head = 21, count = 38 | 21 0 
head = 0, count = 11 | 30 0 
head = 21, count = 14 | 30 21 
head = 21, count = 9 | 30 21 0 
head = 30, count = 1 | 30 0 
============================================================
ReuseSegment - Thread 18
head = 0, count = 83 | 20 0 
head = 20, count = 1 | 20 0 
head = 0, count = 25 | 29 0 
head = 29, count = 4 | 29 0 
head = 0, count = 34 | 25 0 
head = 25, count = 4 | 25 0 
head = 0, count = 51 | 2 0 
head = 2, count = 94 | 2 0 
head = 2, count = 122 | 29 2 
head = 2, count = 12 | 29 2 0 
head = 0, count = 100 | 11 0 
head = 11, count = 87 | 11 0 
head = 29, count = 1 | 29 11 
head = 0, count = 7 | 21 0 
head = 11, count = 131 | 11 21 
head = 11, count = 9 | 11 21 0 
head = 0, count = 3 | 11 21 0 
head = 21, count = 1 | 4 21 
head = 21, count = 53 | 21 0 
head = 21, count = 1 | 4 21 0 
head = 0, count = 8 | 30 0 
head = 21, count = 15 | 21 30 
head = 21, count = 11 | 21 30 0 
head = 30, count = 1 | 30 0 
============================================================
ReuseSegment - Thread 19
head = 0, count = 84 | 20 0 
head = 20, count = 2 | 20 0 
head = 0, count = 27 | 29 0 
head = 20, count = 57 | 20 29 
head = 20, count = 1 | 20 29 0 
head = 29, count = 4 | 29 0 
head = 0, count = 36 | 25 0 
head = 25, count = 4 | 25 0 
head = 0, count = 54 | 2 0 
head = 2, count = 98 | 2 0 
head = 2, count = 117 | 29 2 
head = 2, count = 12 | 29 2 0 
head = 0, count = 109 | 11 0 
head = 11, count = 91 | 11 0 
head = 29, count = 3 | 29 11 
head = 0, count = 8 | 21 0 
head = 11, count = 136 | 11 21 
head = 11, count = 9 | 11 21 0 
head = 0, count = 3 | 11 21 0 
head = 21, count = 37 | 21 0 
head = 0, count = 11 | 30 0 
head = 21, count = 14 | 21 30 
head = 21, count = 9 | 21 30 0 
head = 30, count = 1 | 30 0 
============================================================
ReuseSegment - Thread 20
head = 0, count = 84 | 20 0 
head = 20, count = 1 | 20 0 
head = 0, count = 28 | 29 0 
head = 29, count = 4 | 29 0 
head = 0, count = 40 | 25 0 
head = 25, count = 4 | 25 0 
head = 0, count = 89 | 2 0 
head = 25, count = 1 | 25 2 
head = 2, count = 106 | 2 0 
head = 2, count = 110 | 29 2 
head = 2, count = 12 | 29 2 0 
head = 0, count = 113 | 11 0 
head = 11, count = 80 | 11 0 
head = 0, count = 7 | 21 0 
head = 11, count = 126 | 11 21 
head = 11, count = 9 | 11 21 0 
head = 0, count = 3 | 11 21 0 
head = 21, count = 1 | 4 21 
head = 21, count = 62 | 21 0 
head = 21, count = 1 | 4 21 0 
head = 0, count = 8 | 30 0 
head = 21, count = 10 | 21 30 
head = 21, count = 11 | 21 30 0 
head = 30, count = 1 | 30 0 
============================================================
ReuseSegment - Thread 21
head = 0, count = 84 | 20 0 
head = 20, count = 1 | 20 0 
head = 0, count = 26 | 29 0 
head = 29, count = 4 | 29 0 
head = 0, count = 36 | 25 0 
head = 25, count = 4 | 25 0 
head = 0, count = 47 | 2 0 
head = 2, count = 95 | 2 0 
head = 2, count = 117 | 29 2 
head = 2, count = 13 | 29 2 0 
head = 0, count = 101 | 11 0 
head = 11, count = 88 | 11 0 
head = 0, count = 8 | 21 0 
head = 11, count = 130 | 11 21 
head = 11, count = 9 | 11 21 0 
head = 0, count = 3 | 11 21 0 
head = 21, count = 38 | 21 0 
head = 0, count = 11 | 30 0 
head = 21, count = 14 | 30 21 
head = 21, count = 9 | 30 21 0 
head = 30, count = 1 | 30 0 
============================================================
ReuseSegment - Thread 22
head = 0, count = 82 | 20 0 
head = 20, count = 1 | 20 0 
head = 0, count = 25 | 29 0 
head = 29, count = 4 | 29 0 
head = 0, count = 34 | 25 0 
head = 25, count = 4 | 25 0 
head = 0, count = 50 | 2 0 
head = 25, count = 1 | 25 2 
head = 2, count = 96 | 2 0 
head = 2, count = 120 | 29 2 
head = 2, count = 11 | 29 2 0 
head = 0, count = 94 | 11 0 
head = 11, count = 84 | 11 0 
head = 0, count = 7 | 21 0 
head = 11, count = 131 | 11 21 
head = 11, count = 9 | 11 21 0 
head = 0, count = 3 | 11 21 0 
head = 21, count = 1 | 4 21 
head = 21, count = 54 | 21 0 
head = 21, count = 1 | 4 21 0 
head = 0, count = 8 | 30 0 
head = 21, count = 15 | 21 30 
head = 21, count = 11 | 21 30 0 
head = 30, count = 1 | 30 0 
============================================================
ReuseSegment - Thread 23
head = 0, count = 84 | 20 0 
head = 20, count = 1 | 20 0 
head = 0, count = 27 | 29 0 
head = 29, count = 4 | 29 0 
head = 0, count = 36 | 25 0 
head = 25, count = 4 | 25 0 
head = 0, count = 52 | 2 0 
head = 2, count = 97 | 2 0 
head = 2, count = 127 | 29 2 
head = 2, count = 11 | 29 2 0 
head = 0, count = 108 | 11 0 
head = 11, count = 89 | 11 0 
head = 0, count = 8 | 21 0 
head = 11, count = 126 | 11 21 
head = 11, count = 8 | 11 21 0 
head = 0, count = 3 | 11 21 0 
head = 21, count = 37 | 21 0 
head = 0, count = 12 | 30 0 
head = 21, count = 8 | 21 30 
head = 21, count = 8 | 21 30 0 
head = 30, count = 1 | 30 0 
============================================================
ReuseSegment - Thread 24
head = 0, count = 83 | 20 0 
head = 20, count = 1 | 20 0 
head = 0, count = 28 | 29 0 
head = 29, count = 4 | 29 0 
head = 0, count = 40 | 25 0 
head = 25, count = 4 | 25 0 
head = 0, count = 88 | 2 0 
head = 2, count = 106 | 2 0 
head = 2, count = 117 | 29 2 
head = 2, count = 12 | 29 2 0 
head = 0, count = 114 | 11 0 
head = 11, count = 81 | 11 0 
head = 29, count = 1 | 29 11 
head = 0, count = 9 | 21 0 
head = 11, count = 128 | 21 11 
head = 11, count = 8 | 21 11 0 
head = 0, count = 3 | 21 11 0 
head = 21, count = 62 | 21 0 
head = 21, count = 1 | 21 4 0 
head = 0, count = 8 | 30 0 
head = 21, count = 15 | 21 30 
head = 21, count = 11 | 21 30 0 
head = 30, count = 1 | 30 0 
============================================================
ReuseSegment - Thread 25
head = 0, count = 83 | 20 0 
head = 20, count = 1 | 20 0 
head = 0, count = 25 | 29 0 
head = 29, count = 4 | 29 0 
head = 0, count = 36 | 25 0 
head = 25, count = 4 | 25 0 
head = 0, count = 49 | 2 0 
head = 25, count = 1 | 25 2 
head = 2, count = 95 | 2 0 
head = 2, count = 115 | 29 2 
head = 2, count = 13 | 29 2 0 
head = 0, count = 107 | 11 0 
head = 11, count = 90 | 11 0 
head = 29, count = 1 | 29 11 
head = 0, count = 9 | 21 0 
head = 11, count = 128 | 21 11 
head = 11, count = 8 | 21 11 0 
head = 0, count = 3 | 21 11 0 
head = 21, count = 37 | 21 0 
head = 0, count = 11 | 30 0 
head = 21, count = 14 | 21 30 
head = 21, count = 9 | 21 30 0 
head = 30, count = 1 | 30 0 
============================================================
ReuseSegment - Thread 26
head = 0, count = 80 | 20 0 
head = 20, count = 1 | 20 0 
head = 0, count = 25 | 29 0 
head = 29, count = 4 | 29 0 
head = 0, count = 34 | 25 0 
head = 25, count = 4 | 25 0 
head = 0, count = 53 | 2 0 
head = 2, count = 96 | 2 0 
head = 2, count = 117 | 29 2 
head = 2, count = 12 | 29 2 0 
head = 0, count = 100 | 11 0 
head = 11, count = 92 | 11 0 
head = 0, count = 8 | 21 0 
head = 11, count = 133 | 11 21 
head = 11, count = 8 | 11 21 0 
head = 0, count = 3 | 11 21 0 
head = 21, count = 1 | 21 4 
head = 21, count = 54 | 21 0 
head = 21, count = 1 | 21 4 0 
head = 0, count = 8 | 30 0 
head = 21, count = 15 | 30 21 
head = 21, count = 11 | 30 21 0 
head = 30, count = 1 | 30 0 
============================================================
ReuseSegment - Thread 27
head = 0, count = 82 | 20 0 
head = 20, count = 1 | 20 0 
head = 0, count = 27 | 29 0 
head = 29, count = 4 | 29 0 
head = 0, count = 36 | 25 0 
head = 25, count = 4 | 25 0 
head = 0, count = 50 | 2 0 
head = 2, count = 96 | 2 0 
head = 2, count = 116 | 29 2 
head = 2, count = 12 | 29 2 0 
head = 0, count = 106 | 11 0 
head = 11, count = 93 | 11 0 
head = 29, count = 2 | 29 11 
head = 0, count = 9 | 21 0 
head = 11, count = 126 | 11 21 
head = 11, count = 8 | 11 21 0 
head = 0, count = 3 | 11 21 0 
head = 21, count = 37 | 21 0 
head = 0, count = 11 | 30 0 
head = 21, count = 8 | 21 30 
head = 21, count = 8 | 21 30 0 
head = 30, count = 1 | 30 0 
============================================================
ReuseSegment - Thread 28
head = 0, count = 89 | 20 0 
head = 20, count = 1 | 20 0 
head = 0, count = 29 | 29 0 
head = 29, count = 4 | 29 0 
head = 0, count = 40 | 25 0 
head = 25, count = 4 | 25 0 
head = 0, count = 84 | 2 0 
head = 2, count = 111 | 2 0 
head = 2, count = 110 | 29 2 
head = 2, count = 9 | 29 2 0 
head = 0, count = 125 | 11 0 
head = 11, count = 90 | 11 0 
head = 0, count = 8 | 21 0 
head = 11, count = 129 | 21 11 
head = 11, count = 8 | 21 11 0 
head = 0, count = 3 | 21 11 0 
head = 21, count = 1 | 21 4 
head = 21, count = 62 | 21 0 
head = 21, count = 1 | 21 4 0 
head = 0, count = 8 | 30 0 
head = 21, count = 10 | 21 30 
head = 21, count = 11 | 21 30 0 
head = 30, count = 1 | 30 0 
============================================================
ReuseSegment - Thread 29
head = 0, count = 81 | 20 0 
head = 20, count = 1 | 20 0 
head = 0, count = 26 | 29 0 
head = 29, count = 4 | 29 0 
head = 0, count = 36 | 25 0 
head = 25, count = 4 | 25 0 
head = 0, count = 49 | 2 0 
head = 25, count = 1 | 25 2 
head = 2, count = 96 | 2 0 
head = 2, count = 113 | 29 2 
head = 2, count = 13 | 29 2 0 
head = 0, count = 105 | 11 0 
head = 11, count = 94 | 11 0 
head = 29, count = 1 | 29 11 
head = 0, count = 9 | 21 0 
head = 11, count = 124 | 11 21 
head = 11, count = 8 | 11 21 0 
head = 0, count = 3 | 11 21 0 
head = 21, count = 38 | 21 0 
head = 0, count = 10 | 30 0 
head = 21, count = 12 | 30 21 
head = 21, count = 9 | 30 21 0 
head = 30, count = 1 | 30 0 
============================================================
ReuseSegment - Thread 30
head = 0, count = 83 | 20 0 
head = 20, count = 1 | 20 0 
head = 0, count = 80 | 29 0 
head = 29, count = 4 | 29 0 
head = 0, count = 34 | 25 0 
head = 25, count = 4 | 25 0 
head = 0, count = 49 | 2 0 
head = 2, count = 95 | 2 0 
head = 2, count = 122 | 29 2 
head = 2, count = 12 | 29 2 0 
head = 0, count = 102 | 11 0 
head = 11, count = 92 | 11 0 
head = 29, count = 1 | 29 11 
head = 0, count = 8 | 21 0 
head = 11, count = 129 | 11 21 
head = 11, count = 8 | 11 21 0 
head = 0, count = 3 | 11 21 0 
head = 21, count = 1 | 4 21 
head = 21, count = 54 | 21 0 
head = 21, count = 1 | 4 21 0 
head = 0, count = 9 | 30 0 
head = 21, count = 15 | 30 21 
head = 21, count = 10 | 30 21 0 
head = 30, count = 1 | 30 0 
============================================================
ReuseSegment - Thread 31
head = 0, count = 104 | 20 0 
head = 20, count = 2 | 20 0 
head = 0, count = 25 | 29 0 
head = 20, count = 57 | 20 29 
head = 20, count = 1 | 20 29 0 
head = 29, count = 4 | 29 0 
head = 0, count = 36 | 25 0 
head = 25, count = 4 | 25 0 
head = 0, count = 49 | 2 0 
head = 2, count = 97 | 2 0 
head = 2, count = 110 | 29 2 
head = 2, count = 12 | 29 2 0 
head = 0, count = 107 | 11 0 
head = 11, count = 94 | 11 0 
head = 29, count = 2 | 29 11 
head = 0, count = 9 | 21 0 
head = 11, count = 127 | 21 11 
head = 11, count = 8 | 21 11 0 
head = 0, count = 3 | 21 11 0 
head = 21, count = 38 | 21 0 
head = 0, count = 11 | 30 0 
head = 21, count = 12 | 30 21 
head = 21, count = 9 | 30 21 0 
head = 30, count = 1 | 30 0 
============================================================
BBLSwitchCount - Thread 0
from = 0 | 28:1 
from = 28 | 1:1 
from = 1 | 6:1 
from = 6 | 8:1 
from = 8 | 9:1 
from = 9 | 7:1 
from = 7 | 23:1 19:10 
from = 23 | 7:4 12:1 
from = 19 | 7:3 23:4 19:4 12:2 26:1 
from = 12 | 7:3 
from = 26 | 10:1 
from = 10 | 18:2 
from = 18 | 17:1 24:1 
from = 17 | 10:1 
from = 24 | 5:1 
from = 5 | 27:1 20:1 
from = 27 | 5:1 
from = 20 | 13:1 
from = 13 | 3:1 
from = 3 | 22:1 
from = 22 | 29:1 
from = 29 | 14:1 11:1 
from = 14 | 15:1 
from = 15 | 25:1 
from = 25 | 16:1 2:1 
from = 16 | 25:1 
from = 2 | 29:1 
from = 11 | 11:7 21:1 
from = 21 | 4:1 
from = 4 | 4:4 30:1 
from = 30 | 13:1 
============================================================
BBLSwitchCount - Thread 1
from = 0 | 20:1 
from = 20 | 29:1 
from = 29 | 25:1 11:1 
from = 25 | 25:1 2:1 
from = 2 | 29:1 
from = 11 | 11:7 21:1 
from = 21 | 30:1 
============================================================
BBLSwitchCount - Thread 2
from = 0 | 20:1 
from = 20 | 29:1 
from = 29 | 25:1 11:1 
from = 25 | 25:1 2:1 
from = 2 | 29:1 
from = 11 | 11:7 21:1 
from = 21 | 4:1 
from = 4 | 30:1 
============================================================
BBLSwitchCount - Thread 3
from = 0 | 20:1 
from = 20 | 29:1 
from = 29 | 25:1 11:1 
from = 25 | 25:1 2:1 
from = 2 | 29:1 
from = 11 | 11:7 21:1 
from = 21 | 30:1 
============================================================
BBLSwitchCount - Thread 4
from = 0 | 20:1 
from = 20 | 29:1 
from = 29 | 25:1 11:1 
from = 25 | 25:1 2:1 
from = 2 | 29:1 
from = 11 | 11:7 21:1 
from = 21 | 4:1 
from = 4 | 4:1 30:1 
============================================================
BBLSwitchCount - Thread 5
from = 0 | 20:1 
from = 20 | 29:1 
from = 29 | 25:1 11:1 
from = 25 | 25:1 2:1 
from = 2 | 29:1 
from = 11 | 11:7 21:1 
from = 21 | 30:1 
============================================================
BBLSwitchCount - Thread 6
from = 0 | 20:1 
from = 20 | 29:1 
from = 29 | 25:1 11:1 
from = 25 | 25:1 2:1 
from = 2 | 29:1 
from = 11 | 11:7 21:1 
from = 21 | 4:1 
from = 4 | 30:1 
============================================================
BBLSwitchCount - Thread 7
from = 0 | 20:1 
from = 20 | 29:1 
from = 29 | 25:1 11:1 
from = 25 | 25:1 2:1 
from = 2 | 29:1 
from = 11 | 11:7 21:1 
from = 21 | 30:1 
============================================================
BBLSwitchCount - Thread 8
from = 0 | 20:1 
from = 20 | 29:1 
from = 29 | 25:1 11:1 
from = 25 | 25:1 2:1 
from = 2 | 29:1 
from = 11 | 11:7 21:1 
from = 21 | 4:1 
from = 4 | 4:2 30:1 
============================================================
BBLSwitchCount - Thread 9
from = 0 | 20:1 
from = 20 | 29:1 
from = 29 | 25:1 11:1 
from = 25 | 25:1 2:1 
from = 2 | 29:1 
from = 11 | 11:7 21:1 
from = 21 | 30:1 
============================================================
BBLSwitchCount - Thread 10
from = 0 | 20:1 
from = 20 | 29:1 
from = 29 | 25:1 11:1 
from = 25 | 25:1 2:1 
from = 2 | 29:1 
from = 11 | 11:7 21:1 
from = 21 | 4:1 
from = 4 | 30:1 
============================================================
BBLSwitchCount - Thread 11
from = 0 | 20:1 
from = 20 | 29:1 
from = 29 | 25:1 11:1 
from = 25 | 25:1 2:1 
from = 2 | 29:1 
from = 11 | 11:7 21:1 
from = 21 | 30:1 
============================================================
BBLSwitchCount - Thread 12
from = 0 | 20:1 
from = 20 | 29:1 
from = 29 | 25:1 11:1 
from = 25 | 25:1 2:1 
from = 2 | 29:1 
from = 11 | 11:7 21:1 
from = 21 | 4:1 
from = 4 | 4:1 30:1 
============================================================
BBLSwitchCount - Thread 13
from = 0 | 20:1 
from = 20 | 29:1 
from = 29 | 25:1 11:1 
from = 25 | 25:1 2:1 
from = 2 | 29:1 
from = 11 | 11:7 21:1 
from = 21 | 30:1 
============================================================
BBLSwitchCount - Thread 14
from = 0 | 20:1 
from = 20 | 29:1 
from = 29 | 25:1 11:1 
from = 25 | 25:1 2:1 
from = 2 | 29:1 
from = 11 | 11:7 21:1 
from = 21 | 4:1 
from = 4 | 30:1 
============================================================
BBLSwitchCount - Thread 15
from = 0 | 20:1 
from = 20 | 29:1 
from = 29 | 25:1 11:1 
from = 25 | 25:1 2:1 
from = 2 | 29:1 
from = 11 | 11:7 21:1 
from = 21 | 30:1 
============================================================
BBLSwitchCount - Thread 16
from = 0 | 20:1 
from = 20 | 29:1 
from = 29 | 25:1 11:1 
from = 25 | 25:1 2:1 
from = 2 | 29:1 
from = 11 | 11:7 21:1 
from = 21 | 4:1 
from = 4 | 4:3 30:1 
============================================================
BBLSwitchCount - Thread 17
from = 0 | 20:1 
from = 20 | 29:1 
from = 29 | 25:1 11:1 
from = 25 | 25:1 2:1 
from = 2 | 29:1 
from = 11 | 11:7 21:1 
from = 21 | 30:1 
============================================================
BBLSwitchCount - Thread 18
from = 0 | 20:1 
from = 20 | 29:1 
from = 29 | 25:1 11:1 
from = 25 | 25:1 2:1 
from = 2 | 29:1 
from = 11 | 11:7 21:1 
from = 21 | 4:1 
from = 4 | 30:1 
============================================================
BBLSwitchCount - Thread 19
from = 0 | 20:1 
from = 20 | 29:1 
from = 29 | 25:1 11:1 
from = 25 | 25:1 2:1 
from = 2 | 29:1 
from = 11 | 11:7 21:1 
from = 21 | 30:1 
============================================================
BBLSwitchCount - Thread 20
from = 0 | 20:1 
from = 20 | 29:1 
from = 29 | 25:1 11:1 
from = 25 | 25:1 2:1 
from = 2 | 29:1 
from = 11 | 11:7 21:1 
from = 21 | 4:1 
from = 4 | 4:1 30:1 
============================================================
BBLSwitchCount - Thread 21
from = 0 | 20:1 
from = 20 | 29:1 
from = 29 | 25:1 11:1 
from = 25 | 25:1 2:1 
from = 2 | 29:1 
from = 11 | 11:7 21:1 
from = 21 | 30:1 
============================================================
BBLSwitchCount - Thread 22
from = 0 | 20:1 
from = 20 | 29:1 
from = 29 | 25:1 11:1 
from = 25 | 25:1 2:1 
from = 2 | 29:1 
from = 11 | 11:7 21:1 
from = 21 | 4:1 
from = 4 | 30:1 
============================================================
BBLSwitchCount - Thread 23
from = 0 | 20:1 
from = 20 | 29:1 
from = 29 | 25:1 11:1 
from = 25 | 25:1 2:1 
from = 2 | 29:1 
from = 11 | 11:7 21:1 
from = 21 | 30:1 
============================================================
BBLSwitchCount - Thread 24
from = 0 | 20:1 
from = 20 | 29:1 
from = 29 | 25:1 11:1 
from = 25 | 25:1 2:1 
from = 2 | 29:1 
from = 11 | 11:7 21:1 
from = 21 | 4:1 
from = 4 | 4:2 30:1 
============================================================
BBLSwitchCount - Thread 25
from = 0 | 20:1 
from = 20 | 29:1 
from = 29 | 25:1 11:1 
from = 25 | 25:1 2:1 
from = 2 | 29:1 
from = 11 | 11:7 21:1 
from = 21 | 30:1 
============================================================
BBLSwitchCount - Thread 26
from = 0 | 20:1 
from = 20 | 29:1 
from = 29 | 25:1 11:1 
from = 25 | 25:1 2:1 
from = 2 | 29:1 
from = 11 | 11:7 21:1 
from = 21 | 4:1 
from = 4 | 30:1 
============================================================
BBLSwitchCount - Thread 27
from = 0 | 20:1 
from = 20 | 29:1 
from = 29 | 25:1 11:1 
from = 25 | 25:1 2:1 
from = 2 | 29:1 
from = 11 | 11:7 21:1 
from = 21 | 30:1 
============================================================
BBLSwitchCount - Thread 28
from = 0 | 20:1 
from = 20 | 29:1 
from = 29 | 25:1 11:1 
from = 25 | 25:1 2:1 
from = 2 | 29:1 
from = 11 | 11:7 21:1 
from = 21 | 4:1 
from = 4 | 4:1 30:1 
============================================================
BBLSwitchCount - Thread 29
from = 0 | 20:1 
from = 20 | 29:1 
from = 29 | 25:1 11:1 
from = 25 | 25:1 2:1 
from = 2 | 29:1 
from = 11 | 11:7 21:1 
from = 21 | 30:1 
============================================================
BBLSwitchCount - Thread 30
from = 0 | 20:1 
from = 20 | 29:1 
from = 29 | 25:1 11:1 
from = 25 | 25:1 2:1 
from = 2 | 29:1 
from = 11 | 11:7 21:1 
from = 21 | 4:1 
from = 4 | 30:1 
============================================================
BBLSwitchCount - Thread 31
from = 0 | 20:1 
from = 20 | 29:1 
from = 29 | 25:1 11:1 
from = 25 | 25:1 2:1 
from = 2 | 29:1 
from = 11 | 11:7 21:1 
from = 21 | 30:1 
