============================================================
ReuseSegment - Thread 0
head = 0, count = 91 | 0 141 
head = 141, count = 2 | 141 164 
head = 164, count = 1 | 1 164 
head = 141, count = 26 | 141 1 
head = 0, count = 35 | 0 1 
head = 1, count = 2 | 1 176 
head = 164, count = 1 | 1 164 176 
head = 176, count = 1 | 1 176 
head = 1, count = 1 | 1 58 
head = 1, count = 1 | 1 62 
head = 1, count = 5 | 1 72 
head = 176, count = 1 | 176 72 
head = 58, count = 1 | 58 72 
head = 72, count = 2 | 72 45 
head = 1, count = 13 | 1 45 
head = 141, count = 4 | 141 45 
head = 72, count = 1 | 72 55 
head = 45, count = 1 | 45 55 
head = 45, count = 2 | 1 45 
head = 141, count = 1 | 141 348 
head = 45, count = 1 | 45 337 
head = 337, count = 1 | 337 339 
head = 45, count = 4 | 45 339 
head = 72, count = 1 | 72 339 
head = 348, count = 1 | 348 339 
head = 141, count = 1 | 141 339 
head = 339, count = 2 | 339 322 
head = 339, count = 1 | 339 358 
head = 322, count = 2 | 322 358 
head = 1, count = 1 | 1 358 
head = 141, count = 1 | 0 141 358 
head = 72, count = 1 | 72 358 
head = 45, count = 1 | 45 358 
head = 358, count = 2 | 1 358 
head = 339, count = 5 | 1 339 
head = 358, count = 1 | 321 358 
head = 72, count = 1 | 321 72 
head = 1, count = 1 | 1 321 
head = 1, count = 2 | 1 18 
head = 45, count = 8 | 45 18 
head = 0, count = 2 | 0 18 
head = 18, count = 6 | 18 39 
head = 39, count = 4 | 39 20 
head = 18, count = 21 | 18 20 
head = 141, count = 1 | 141 20 
head = 45, count = 3 | 45 20 
head = 1, count = 23 | 1 20 
head = 0, count = 1 | 0 20 
head = 20, count = 54 | 1 20 
head = 39, count = 4 | 1 39 
head = 321, count = 1 | 1 321 20 
head = 1, count = 6 | 1 19 
head = 20, count = 10 | 1 20 19 
head = 19, count = 6 | 19 6 
head = 1, count = 12 | 1 6 
head = 6, count = 16 | 6 28 
head = 28, count = 8 | 1 28 
head = 1, count = 5 | 1 152 
head = 152, count = 4 | 152 143 
head = 143, count = 5 | 143 154 
head = 1, count = 19 | 1 154 
head = 20, count = 24 | 20 154 
head = 18, count = 1 | 18 154 
head = 0, count = 1 | 0 154 
head = 28, count = 3 | 28 154 
head = 148, count = 2 | 149 148 
head = 149, count = 5 | 149 145 
head = 1, count = 4 | 1 145 148 
head = 19, count = 4 | 149 145 19 28 
head = 358, count = 1 | 358 153 152 
head = 358, count = 1 | 358 153 28 152 
head = 1, count = 1 | 1 327 
head = 154, count = 20 | 154 327 
head = 154, count = 1 | 1 153 154 327 
head = 20, count = 1 | 20 327 
head = 0, count = 2 | 0 327 
head = 20, count = 1 | 1 20 6 327 
head = 6, count = 1 | 6 327 
head = 0, count = 1 | 0 1 72 339 154 327 
head = 1, count = 1 | 1 328 
head = 45, count = 1 | 45 328 
head = 327, count = 1 | 327 328 
head = 328, count = 1 | 1 328 
head = 327, count = 4 | 1 327 
head = 328, count = 1 | 328 317 
head = 321, count = 1 | 321 20 335 317 
head = 1, count = 2 | 1 317 
head = 321, count = 1 | 321 39 20 343 317 
head = 145, count = 5 | 1 145 
head = 145, count = 3 | 1 145 18 27 
head = 327, count = 1 | 18 327 
head = 18, count = 10 | 18 37 
head = 37, count = 6 | 37 368 
head = 1, count = 11 | 1 368 
head = 368, count = 8 | 37 368 
head = 327, count = 17 | 327 37 
head = 154, count = 6 | 154 37 
head = 20, count = 1 | 20 37 
head = 18, count = 1 | 18 39 37 
head = 368, count = 6 | 37 368 367 
head = 141, count = 2 | 141 37 
head = 37, count = 14 | 1 37 
head = 1, count = 6 | 1 32 
head = 1, count = 4 | 1 32 26 
head = 32, count = 4 | 32 35 
head = 26, count = 6 | 26 35 
head = 35, count = 4 | 35 4 24 
head = 328, count = 1 | 18 328 37 368 366 16 24 
head = 24, count = 6 | 24 36 
head = 24, count = 4 | 24 36 23 
head = 35, count = 4 | 35 24 23 
head = 23, count = 4 | 39 23 
head = 37, count = 4 | 39 37 
head = 327, count = 3 | 20 327 
head = 37, count = 9 | 20 37 
head = 20, count = 5 | 20 6 
head = 23, count = 3 | 20 23 10 
head = 154, count = 5 | 1 154 
head = 154, count = 1 | 154 148 
head = 145, count = 2 | 145 144 
head = 144, count = 11 | 144 147 
head = 147, count = 15 | 147 142 
head = 6, count = 1 | 6 144 147 142 
head = 154, count = 4 | 1 154 151 
head = 154, count = 4 | 154 151 
head = 142, count = 4 | 142 151 
head = 1, count = 3 | 1 151 
head = 1, count = 3 | 1 154 151 
head = 153, count = 3 | 153 152 
head = 153, count = 2 | 153 28 152 
head = 1, count = 1 | 1 319 
head = 20, count = 1 | 1 20 6 319 
head = 317, count = 1 | 20 317 319 
head = 151, count = 2 | 151 319 
head = 72, count = 1 | 72 323 
head = 317, count = 1 | 20 317 326 323 
head = 319, count = 1 | 319 323 
head = 323, count = 1 | 1 323 
head = 319, count = 4 | 1 319 
head = 151, count = 4 | 1 151 
head = 323, count = 1 | 323 316 
head = 1, count = 2 | 1 316 
head = 45, count = 1 | 45 316 
head = 151, count = 2 | 1 153 18 151 
head = 39, count = 8 | 39 25 
head = 25, count = 2 | 368 25 
head = 368, count = 10 | 368 25 
head = 151, count = 1 | 151 25 
head = 368, count = 6 | 368 367 25 
head = 25, count = 22 | 1 25 
head = 1, count = 6 | 1 38 
head = 1, count = 2 | 1 38 7 
head = 38, count = 2 | 38 12 
head = 7, count = 6 | 7 12 
head = 12, count = 2 | 12 2 33 
head = 316, count = 1 | 39 368 366 316 25 29 33 
head = 33, count = 6 | 33 9 
head = 33, count = 2 | 33 9 14 
head = 12, count = 2 | 12 33 14 
head = 14, count = 2 | 20 14 
head = 154, count = 8 | 20 154 
head = 25, count = 2 | 20 25 
head = 14, count = 6 | 20 14 21 
head = 149, count = 1 | 1 149 
head = 142, count = 8 | 144 147 142 
head = 142, count = 11 | 144 142 
head = 6, count = 1 | 6 147 142 
head = 1, count = 1 | 1 356 
head = 20, count = 1 | 1 20 6 356 
head = 316, count = 1 | 20 316 356 
head = 151, count = 2 | 151 356 
head = 9, count = 1 | 20 9 341 320 
head = 356, count = 1 | 356 320 
head = 320, count = 1 | 1 320 
head = 356, count = 4 | 1 356 
head = 1, count = 2 | 1 349 
head = 316, count = 1 | 20 316 353 349 
head = 323, count = 1 | 18 20 323 354 349 
head = 349, count = 2 | 1 349 
head = 151, count = 2 | 37 151 
head = 320, count = 1 | 18 37 368 366 16 24 320 
head = 145, count = 1 | 145 22 
head = 22, count = 4 | 22 17 
head = 17, count = 5 | 17 8 
head = 28, count = 2 | 28 22 8 
head = 19, count = 2 | 19 28 17 8 
head = 153, count = 2 | 153 28 8 
head = 1, count = 1 | 1 20 334 333 
head = 20, count = 1 | 1 20 6 333 
head = 349, count = 1 | 20 349 333 
head = 1, count = 2 | 1 333 
head = 358, count = 1 | 358 329 
head = 45, count = 1 | 45 329 
head = 333, count = 1 | 333 329 
head = 329, count = 1 | 1 329 
head = 333, count = 4 | 1 333 
head = 329, count = 2 | 329 351 
head = 1, count = 2 | 1 351 
head = 36, count = 1 | 20 36 355 351 
head = 8, count = 4 | 1 8 
head = 8, count = 1 | 18 8 
head = 1, count = 1 | 1 37 
head = 351, count = 1 | 18 37 368 366 16 24 351 
head = 154, count = 2 | 154 144 
head = 8, count = 1 | 144 147 142 8 
head = 145, count = 1 | 145 147 
head = 0, count = 2 | 0 151 
head = 8, count = 2 | 153 28 152 8 
head = 1, count = 2 | 1 338 
head = 20, count = 1 | 1 20 6 338 
head = 351, count = 1 | 20 351 338 
head = 151, count = 1 | 151 338 
head = 351, count = 1 | 20 351 330 352 
head = 317, count = 1 | 317 352 
head = 338, count = 1 | 338 352 
head = 352, count = 1 | 1 352 
head = 338, count = 4 | 1 338 
head = 352, count = 2 | 352 344 
head = 1, count = 2 | 1 344 
head = 1, count = 6 | 1 315 
head = 145, count = 1 | 1 145 27 315 
head = 151, count = 1 | 1 153 151 315 
head = 37, count = 16 | 37 315 
head = 20, count = 17 | 20 315 
head = 0, count = 1 | 0 315 
head = 154, count = 3 | 154 315 
head = 358, count = 1 | 358 18 20 325 315 
head = 315, count = 4 | 315 313 
head = 313, count = 2 | 313 312 
head = 315, count = 2 | 1 315 312 
head = 313, count = 2 | 18 313 
head = 315, count = 1 | 18 315 
head = 344, count = 1 | 18 37 368 366 16 24 344 
head = 23, count = 3 | 368 23 10 
head = 37, count = 1 | 37 25 
head = 312, count = 2 | 39 368 366 25 29 33 312 
head = 315, count = 32 | 20 315 
head = 147, count = 1 | 147 22 
head = 153, count = 1 | 153 28 8 344 
head = 1, count = 3 | 1 357 
head = 20, count = 1 | 1 20 6 357 
head = 344, count = 1 | 20 344 357 
head = 1, count = 1 | 1 50 
head = 9, count = 1 | 20 9 342 50 
head = 55, count = 1 | 55 322 50 
head = 357, count = 2 | 357 50 
head = 339, count = 1 | 339 358 68 
head = 8, count = 1 | 8 68 
head = 0, count = 1 | 0 68 
head = 50, count = 5 | 1 50 
head = 36, count = 1 | 1 20 36 318 
head = 20, count = 1 | 1 20 6 
head = 357, count = 3 | 1 357 
head = 344, count = 1 | 1 20 344 331 
head = 36, count = 1 | 1 20 36 346 
head = 36, count = 1 | 1 20 36 340 
head = 315, count = 5 | 1 315 
head = 317, count = 1 | 1 39 20 317 336 
head = 153, count = 1 | 1 153 68 
head = 1, count = 3 | 1 48 
head = 62, count = 1 | 1 62 72 55 48 
head = 48, count = 1 | 48 77 
head = 55, count = 1 | 55 348 46 77 
head = 1, count = 2 | 1 77 
head = 351, count = 1 | 18 39 20 351 332 
head = 349, count = 1 | 39 20 368 349 350 
head = 38, count = 4 | 38 7 
head = 1, count = 4 | 1 7 12 
head = 1, count = 4 | 1 33 
head = 77, count = 1 | 39 368 366 25 29 33 77 
head = 12, count = 4 | 12 2 33 9 14 
head = 33, count = 4 | 20 33 
head = 12, count = 4 | 20 12 
head = 19, count = 4 | 19 28 
head = 28, count = 3 | 28 22 17 8 
head = 68, count = 1 | 28 8 68 
head = 1, count = 3 | 1 59 
head = 20, count = 1 | 20 6 59 
head = 77, count = 1 | 20 77 59 
head = 48, count = 1 | 20 48 60 49 
head = 77, count = 1 | 20 77 79 49 
head = 48, count = 1 | 1 48 77 49 
head = 59, count = 4 | 1 59 
head = 49, count = 1 | 49 56 
head = 1, count = 1 | 1 56 
head = 59, count = 1 | 315 59 
head = 6, count = 1 | 6 315 
head = 48, count = 1 | 18 20 315 48 
head = 20, count = 3 | 1 20 6 28 
head = 315, count = 1 | 368 315 
head = 1, count = 1 | 1 368 315 
head = 32, count = 2 | 32 26 
head = 1, count = 2 | 1 26 35 
head = 1, count = 2 | 1 24 
head = 49, count = 1 | 18 37 368 366 16 24 49 
head = 35, count = 2 | 35 4 24 36 23 
head = 24, count = 2 | 39 24 
head = 35, count = 2 | 368 35 
head = 8, count = 1 | 22 8 
head = 6, count = 1 | 6 17 
head = 8, count = 1 | 28 8 56 
head = 1, count = 3 | 1 67 
head = 20, count = 1 | 20 6 67 
head = 56, count = 1 | 20 56 67 
head = 141, count = 1 | 141 63 
head = 9, count = 1 | 20 9 69 63 
head = 49, count = 1 | 1 49 56 63 
head = 67, count = 4 | 1 67 
head = 63, count = 1 | 1 63 75 
head = 56, count = 1 | 20 56 71 75 
head = 1, count = 1 | 1 75 
head = 63, count = 1 | 63 75 
head = 6, count = 1 | 18 6 
head = 8, count = 1 | 368 8 
head = 63, count = 1 | 18 37 368 366 24 63 
head = 75, count = 1 | 39 368 366 16 36 25 29 33 75 
head = 67, count = 1 | 20 67 
head = 6, count = 1 | 1 6 
head = 1, count = 1 | 1 143 
head = 28, count = 1 | 149 145 28 148 
head = 142, count = 1 | 147 142 
head = 8, count = 2 | 147 142 8 
head = 17, count = 1 | 147 142 17 
head = 1, count = 1 | 1 153 152 
head = 1, count = 2 | 1 54 
head = 20, count = 1 | 20 6 54 
head = 75, count = 1 | 20 75 54 
head = 151, count = 1 | 151 54 
head = 36, count = 1 | 20 36 80 
head = 36, count = 1 | 20 36 57 80 
head = 75, count = 1 | 20 75 53 80 
head = 54, count = 4 | 1 54 
head = 80, count = 1 | 1 80 70 
head = 1, count = 1 | 1 70 
head = 77, count = 1 | 77 70 
head = 9, count = 1 | 20 9 65 61 70 
head = 152, count = 1 | 1 153 18 152 
head = 151, count = 1 | 368 151 
head = 145, count = 1 | 145 27 368 
head = 70, count = 1 | 39 368 366 25 33 70 
head = 151, count = 1 | 20 151 
head = 54, count = 1 | 20 54 
head = 1, count = 3 | 1 78 
head = 20, count = 1 | 20 6 78 
head = 70, count = 1 | 20 70 78 
head = 1, count = 1 | 1 58 174 179 
head = 9, count = 1 | 1 20 9 64 179 
head = 176, count = 1 | 176 45 179 
head = 78, count = 2 | 78 179 
head = 179, count = 2 | 1 179 
head = 1, count = 7 | 1 307 
head = 179, count = 1 | 179 307 
head = 75, count = 1 | 75 307 
head = 6, count = 1 | 6 307 
head = 8, count = 1 | 8 307 
head = 20, count = 1 | 20 6 28 307 
head = 78, count = 2 | 78 307 
head = 70, count = 1 | 20 70 66 307 
head = 20, count = 8 | 20 307 
head = 37, count = 1 | 1 18 39 37 25 307 
head = 80, count = 1 | 18 20 80 307 
head = 80, count = 1 | 20 80 47 307 
head = 9, count = 1 | 20 9 307 
head = 0, count = 2 | 0 307 
head = 307, count = 6 | 307 306 
head = 306, count = 1 | 306 115 
head = 307, count = 1 | 307 230 
head = 230, count = 1 | 230 227 
head = 227, count = 1 | 115 227 
head = 307, count = 3 | 307 115 
head = 70, count = 1 | 20 366 29 9 70 52 115 
head = 1, count = 1 | 1 115 
head = 115, count = 1 | 115 225 
head = 225, count = 1 | 225 233 
head = 115, count = 1 | 115 233 
head = 233, count = 2 | 233 223 
head = 8, count = 1 | 8 222 226 
head = 223, count = 1 | 223 226 228 
head = 228, count = 1 | 228 234 
head = 115, count = 2 | 306 115 
head = 234, count = 1 | 306 234 
head = 306, count = 2 | 118 306 
head = 307, count = 20 | 118 307 
head = 115, count = 1 | 118 115 
head = 0, count = 1 | 0 118 
head = 226, count = 1 | 118 226 
head = 118, count = 2 | 118 306 
head = 306, count = 2 | 306 311 
head = 141, count = 1 | 141 190 
head = 311, count = 2 | 1 311 
head = 306, count = 2 | 306 291 
head = 115, count = 1 | 115 291 
head = 291, count = 1 | 291 286 
head = 286, count = 1 | 1 286 
head = 115, count = 2 | 1 115 
head = 118, count = 4 | 1 118 
head = 223, count = 1 | 1 223 
head = 1, count = 1 | 1 287 
head = 291, count = 1 | 291 287 
head = 287, count = 1 | 287 267 
head = 1, count = 1 | 1 267 
head = 267, count = 2 | 267 274 
head = 1, count = 1 | 1 274 
head = 274, count = 2 | 274 269 
head = 267, count = 1 | 267 269 
head = 179, count = 1 | 179 269 
head = 179, count = 1 | 1 179 115 269 
head = 291, count = 1 | 291 280 
head = 269, count = 1 | 269 265 
head = 265, count = 1 | 1 265 
head = 269, count = 4 | 1 269 
head = 280, count = 1 | 280 292 
head = 1, count = 1 | 1 292 
head = 1, count = 1 | 1 292 289 
head = 1, count = 1 | 1 289 
head = 274, count = 1 | 274 289 
head = 292, count = 1 | 292 284 
head = 289, count = 2 | 289 284 
head = 284, count = 1 | 284 270 
head = 270, count = 1 | 1 270 
head = 1, count = 1 | 1 273 
head = 287, count = 1 | 287 273 
head = 273, count = 1 | 273 277 
head = 1, count = 1 | 1 277 
head = 277, count = 2 | 277 293 
head = 293, count = 1 | 293 266 
head = 1, count = 3 | 1 266 
head = 289, count = 1 | 289 277 266 
head = 266, count = 4 | 1 266 
head = 1, count = 7 | 1 305 
head = 118, count = 16 | 118 305 
head = 1, count = 1 | 1 72 339 115 305 
head = 1, count = 1 | 1 305 300 299 
head = 305, count = 2 | 305 304 
head = 304, count = 2 | 304 303 
head = 299, count = 2 | 299 303 
head = 303, count = 2 | 303 302 
head = 302, count = 1 | 1 302 272 
head = 303, count = 1 | 1 303 302 272 
head = 305, count = 20 | 305 272 
head = 118, count = 1 | 118 272 
head = 0, count = 1 | 0 272 
head = 272, count = 1 | 1 272 268 
head = 272, count = 2 | 1 272 
head = 272, count = 1 | 272 201 
head = 272, count = 1 | 305 272 
head = 272, count = 1 | 299 272 
head = 303, count = 1 | 303 302 201 
head = 201, count = 2 | 201 219 
head = 305, count = 2 | 305 219 
head = 272, count = 16 | 272 219 
head = 1, count = 8 | 1 219 
head = 315, count = 3 | 315 219 
head = 20, count = 5 | 20 219 
head = 0, count = 8 | 0 219 
head = 118, count = 1 | 118 219 
head = 302, count = 1 | 302 201 219 
head = 18, count = 1 | 18 39 311 274 272 201 219 
head = 141, count = 1 | 141 219 
head = 0, count = 3 | 0 1 72 339 154 115 219 
head = 293, count = 1 | 293 305 303 219 
head = 141, count = 1 | 0 141 219 
head = 20, count = 1 | 20 315 219 
head = 307, count = 1 | 307 306 311 274 272 201 219 
head = 219, count = 25 | 219 202 
head = 0, count = 1 | 0 141 1 45 18 20 154 118 327 37 315 307 305 219 202 
head = 141, count = 1 | 141 202 
head = 202, count = 26 | 1 202 
head = 219, count = 20 | 1 219 
head = 141, count = 1 | 141 1 219 
head = 0, count = 1 | 0 1 72 339 154 327 151 319 356 333 338 357 50 59 67 54 78 179 115 269 266 219 
head = 272, count = 1 | 272 208 
head = 1, count = 1 | 1 218 208 
head = 208, count = 1 | 1 208 
head = 208, count = 1 | 208 216 
head = 1, count = 2 | 1 216 
head = 216, count = 1 | 1 216 
head = 216, count = 2 | 216 198 
head = 305, count = 1 | 1 305 
head = 0, count = 1 | 0 1 219 
head = 142, count = 1 | 1 142 
head = 0, count = 1 | 0 141 1 20 307 306 219 
head = 0, count = 1 | 0 1 307 
head = 1, count = 1 | 1 307 306 
head = 0, count = 1 | 0 1 154 219 
head = 141, count = 1 | 141 1 20 118 315 
head = 0, count = 1 | 0 1 72 339 154 
head = 1, count = 2 | 1 404 
head = 404, count = 2 | 404 406 
head = 1, count = 40 | 1 406 
head = 219, count = 1 | 219 406 
head = 1, count = 1 | 1 405 
head = 406, count = 25 | 406 403 
head = 1, count = 1 | 1 406 403 
head = 198, count = 1 | 1 198 405 204 
head = 1, count = 1 | 1 404 204 
head = 403, count = 8 | 1 403 
head = 406, count = 5 | 1 406 
head = 219, count = 1 | 1 219 406 
head = 1, count = 3 | 1 210 
head = 210, count = 2 | 1 210 
head = 198, count = 1 | 1 198 410 
head = 1, count = 2 | 1 415 
head = 415, count = 2 | 415 413 
head = 410, count = 2 | 410 413 
head = 413, count = 4 | 413 411 
head = 411, count = 4 | 1 411 
head = 1, count = 34 | 1 199 
head = 403, count = 1 | 1 403 210 199 
head = 403, count = 10 | 403 199 
head = 0, count = 1 | 0 219 199 
head = 176, count = 1 | 176 205 
head = 190, count = 1 | 190 291 280 205 
head = 205, count = 1 | 205 214 
head = 199, count = 1 | 199 207 217 
head = 199, count = 21 | 199 217 
head = 1, count = 2 | 1 217 
head = 1, count = 3 | 1 215 
head = 217, count = 22 | 217 215 
head = 45, count = 1 | 45 322 6 24 33 313 233 267 289 277 303 413 215 
head = 0, count = 2 | 0 215 
head = 199, count = 1 | 199 215 
head = 141, count = 1 | 141 219 215 
head = 141, count = 1 | 141 215 
head = 1, count = 1 | 1 305 300 299 219 297 285 
head = 219, count = 1 | 1 219 285 
head = 277, count = 1 | 277 285 
head = 1, count = 2 | 1 285 
head = 1, count = 4 | 1 418 
head = 284, count = 1 | 1 284 418 
head = 210, count = 1 | 210 410 413 206 205 214 418 
head = 219, count = 1 | 1 219 215 418 
head = 1, count = 1 | 1 199 207 418 
head = 215, count = 12 | 215 418 
head = 1, count = 2 | 1 215 418 
head = 219, count = 3 | 219 418 
head = 199, count = 6 | 199 418 
head = 327, count = 1 | 154 327 151 319 356 333 338 357 50 59 67 54 78 179 269 266 285 418 
head = 292, count = 1 | 292 284 293 271 264 262 418 
head = 273, count = 1 | 273 298 418 
head = 141, count = 2 | 141 219 418 
head = 141, count = 7 | 141 418 
head = 285, count = 2 | 285 418 
head = 418, count = 10 | 418 420 
head = 420, count = 10 | 420 417 
head = 418, count = 2 | 418 417 
head = 417, count = 10 | 417 419 
head = 418, count = 20 | 418 419 
head = 199, count = 1 | 199 217 215 418 419 
head = 141, count = 2 | 141 419 
head = 315, count = 1 | 315 419 
head = 199, count = 2 | 199 418 420 417 419 
head = 419, count = 9 | 1 419 
head = 1, count = 22 | 1 400 
head = 419, count = 14 | 419 400 
head = 417, count = 1 | 417 400 
head = 199, count = 3 | 199 400 
head = 1, count = 1 | 1 199 400 
head = 0, count = 1 | 0 1 72 339 154 115 219 199 400 
head = 68, count = 1 | 68 307 306 400 
head = 418, count = 1 | 418 400 
head = 285, count = 1 | 285 400 
head = 400, count = 1 | 400 194 
head = 419, count = 1 | 419 194 
head = 194, count = 2 | 194 197 
head = 419, count = 8 | 419 197 
head = 400, count = 6 | 400 197 
head = 406, count = 3 | 406 197 
head = 1, count = 1 | 1 197 
head = 215, count = 7 | 215 197 
head = 199, count = 3 | 199 197 
head = 403, count = 5 | 403 197 
head = 400, count = 1 | 400 196 
head = 197, count = 1 | 197 192 
head = 197, count = 1 | 197 196 192 
head = 196, count = 1 | 400 196 
head = 400, count = 34 | 400 397 
head = 400, count = 1 | 400 197 397 
head = 192, count = 1 | 400 192 397 
head = 197, count = 5 | 197 397 
head = 192, count = 1 | 192 397 
head = 197, count = 1 | 197 256 
head = 256, count = 2 | 256 260 
head = 397, count = 14 | 397 260 
head = 197, count = 19 | 197 260 
head = 215, count = 2 | 215 260 
head = 403, count = 1 | 403 260 
head = 1, count = 1 | 1 260 
head = 196, count = 2048 | 196 259 251 257 
head = 257, count = 21282 | 259 251 257 
head = 257, count = 723 | 251 257 
head = 260, count = 2 | 260 252 249 
head = 260, count = 2 | 260 249 
head = 397, count = 1 | 397 259 
head = 0, count = 1 | 0 1 327 151 319 356 333 338 357 50 59 67 54 78 179 269 266 406 217 285 400 197 260 
head = 397, count = 2 | 1 397 253 
head = 397, count = 65 | 1 397 
head = 397, count = 2 | 1 397 260 254 
head = 260, count = 4 | 1 260 
head = 1, count = 3 | 1 244 
head = 397, count = 2 | 397 244 
head = 244, count = 6 | 244 237 
head = 260, count = 2 | 397 260 254 237 
head = 249, count = 4 | 249 237 
head = 260, count = 38 | 260 237 
head = 1, count = 18 | 1 237 
head = 197, count = 5 | 197 237 
head = 257, count = 1197 | 259 257 243 241 
head = 241, count = 38072 | 243 241 
head = 257, count = 878 | 257 243 241 
head = 237, count = 3 | 240 237 242 245 
head = 237, count = 3 | 237 238 
head = 242, count = 3 | 242 238 
head = 1, count = 3 | 1 243 241 
head = 1, count = 2 | 1 396 
head = 396, count = 1 | 397 396 
head = 1, count = 30 | 1 397 
head = 1, count = 1 | 1 397 237 
head = 238, count = 1 | 1 397 238 
head = 237, count = 5 | 397 237 
head = 238, count = 1 | 397 238 
head = 237, count = 1 | 256 237 
head = 237, count = 19 | 260 237 
head = 257, count = 81 | 259 251 257 243 241 
head = 241, count = 117 | 259 251 257 243 241 
head = 397, count = 1 | 397 259 251 257 250 
head = 257, count = 8 | 251 257 250 
head = 257, count = 20 | 259 251 257 250 
head = 241, count = 1 | 259 251 257 243 241 250 
head = 241, count = 1924 | 259 243 241 
head = 405, count = 5 | 405 253 
head = 257, count = 1 | 397 251 257 250 
head = 400, count = 1 | 1 400 397 
head = 20, count = 2 | 1 20 315 406 199 197 260 237 
head = 257, count = 16 | 259 251 257 243 241 250 
head = 259, count = 1 | 259 243 241 
head = 241, count = 1 | 1 243 241 
head = 396, count = 1 | 1 396 
head = 1, count = 3 | 1 388 
head = 388, count = 2 | 1 388 
head = 0, count = 1 | 0 141 1 18 219 
head = 0, count = 2 | 0 202 
head = 0, count = 1 | 0 141 1 18 37 305 219 202 
head = 1, count = 28 | 1 395 
head = 45, count = 1 | 1 45 118 327 37 315 
head = 0, count = 1 | 0 141 1 45 20 327 37 315 272 219 202 
head = 18, count = 1 | 1 18 20 
head = 0, count = 1 | 0 141 1 45 18 20 37 272 
head = 388, count = 1 | 393 388 
head = 1, count = 1 | 1 393 391 
head = 393, count = 1 | 85 393 
head = 85, count = 1 | 85 106 
head = 1, count = 21 | 1 86 
head = 86, count = 307 | 86 106 
head = 106, count = 233 | 86 106 
head = 406, count = 6 | 406 86 
head = 260, count = 4 | 260 86 
head = 237, count = 26 | 237 86 
head = 199, count = 8 | 199 86 
head = 215, count = 4 | 215 86 
head = 238, count = 1 | 238 86 
head = 238, count = 1 | 1 238 86 
head = 1, count = 1 | 1 237 86 
head = 419, count = 1 | 419 86 
head = 400, count = 1 | 400 86 
head = 106, count = 1 | 106 82 
head = 393, count = 1 | 393 82 
head = 82, count = 1 | 1 82 
head = 395, count = 1 | 1 395 
head = 1, count = 1024 | 1 44 
head = 44, count = 1024 | 44 42 
head = 106, count = 1 | 106 365 364 
head = 106, count = 28 | 106 364 
head = 106, count = 1 | 106 364 363 
head = 363, count = 2 | 363 360 
head = 106, count = 20 | 106 360 
head = 106, count = 28 | 106 364 360 
head = 82, count = 1 | 82 359 364 363 360 
head = 360, count = 2 | 360 362 
head = 362, count = 2 | 362 361 
head = 42, count = 1024 | 1 42 41 
head = 1, count = 215 | 1 108 
head = 1, count = 249 | 1 127 
head = 395, count = 21 | 395 127 
head = 217, count = 1 | 217 127 
head = 108, count = 127 | 108 124 
head = 364, count = 1 | 364 360 362 361 94 127 124 
head = 395, count = 5 | 395 94 138 129 
head = 124, count = 1 | 124 119 
head = 124, count = 91 | 124 83 
head = 1, count = 116 | 1 44 41 94 128 83 
head = 127, count = 268 | 1 127 
head = 361, count = 1022 | 359 361 
head = 83, count = 327 | 83 84 
head = 1, count = 778 | 1 44 41 94 83 
head = 400, count = 4 | 1 400 
head = 199, count = 1 | 1 199 400 
head = 119, count = 1 | 361 94 127 124 119 84 
head = 129, count = 4 | 94 129 126 
head = 124, count = 128 | 124 119 126 
head = 1, count = 126 | 1 44 41 94 128 83 126 
head = 83, count = 2 | 83 84 126 
head = 83, count = 2 | 1 83 84 
head = 119, count = 125 | 94 127 124 119 
head = 129, count = 108 | 129 126 
head = 83, count = 212 | 1 83 
head = 124, count = 38 | 124 83 126 
head = 126, count = 48 | 94 138 129 126 
head = 83, count = 7 | 1 83 84 113 
head = 108, count = 115 | 108 137 
head = 1, count = 3 | 1 137 
head = 119, count = 115 | 94 127 119 
head = 137, count = 116 | 83 137 
head = 1, count = 4 | 1 84 126 100 137 
head = 83, count = 2 | 83 84 100 
head = 126, count = 14 | 94 138 129 126 137 
head = 1, count = 5 | 1 84 126 113 137 
head = 129, count = 8 | 94 138 129 126 
head = 126, count = 10 | 129 126 
head = 1, count = 8 | 1 84 126 137 
head = 1, count = 3 | 1 84 126 113 100 137 
head = 137, count = 1 | 84 126 137 
head = 137, count = 10 | 84 113 100 137 
head = 137, count = 16 | 84 137 
head = 129, count = 5 | 94 138 129 126 137 
head = 108, count = 2 | 1 108 
head = 1, count = 13 | 1 132 
head = 127, count = 3 | 127 131 
head = 137, count = 20 | 137 121 134 
head = 131, count = 3 | 131 134 
head = 132, count = 73 | 132 121 134 
head = 1, count = 13 | 1 121 134 
head = 134, count = 208 | 134 133 
head = 134, count = 84 | 121 134 
head = 1, count = 5 | 1 126 100 121 134 
head = 1, count = 14 | 1 126 121 134 
head = 133, count = 122 | 121 134 133 
head = 1, count = 1 | 1 126 121 130 
head = 134, count = 45 | 134 130 
head = 130, count = 24 | 121 134 130 
head = 1, count = 10 | 1 84 126 113 121 134 
head = 137, count = 6 | 84 113 100 137 121 134 
head = 1, count = 4 | 1 100 121 134 
head = 137, count = 6 | 137 121 130 
head = 134, count = 3 | 121 134 133 130 
head = 137, count = 2 | 113 100 137 121 134 
head = 134, count = 34 | 121 134 130 
head = 133, count = 19 | 121 134 133 130 
head = 133, count = 1 | 121 133 130 
head = 130, count = 8 | 121 130 
head = 137, count = 9 | 100 137 121 134 
head = 83, count = 4 | 83 121 134 
head = 132, count = 3 | 132 122 
head = 1, count = 8 | 1 122 
head = 126, count = 1 | 94 138 126 137 122 
head = 134, count = 3 | 134 135 
head = 1, count = 3 | 1 44 41 94 120 135 
head = 130, count = 1 | 124 130 
head = 135, count = 2 | 124 135 
head = 134, count = 3 | 126 134 
head = 133, count = 2 | 138 129 133 
head = 135, count = 2 | 1 83 126 135 
head = 122, count = 3 | 1 122 135 
head = 134, count = 1 | 83 84 126 134 
head = 122, count = 9 | 1 122 
head = 133, count = 1 | 1 133 
head = 133, count = 24 | 94 138 129 133 
head = 134, count = 12 | 84 137 134 
head = 130, count = 17 | 84 137 130 
head = 1, count = 1 | 1 94 138 129 137 
head = 133, count = 2 | 94 138 129 137 121 133 130 
head = 130, count = 3 | 84 113 137 130 
head = 133, count = 12 | 94 138 129 121 133 130 
head = 132, count = 1 | 94 138 129 132 
head = 130, count = 4 | 84 100 137 130 
head = 137, count = 3 | 84 100 137 
head = 134, count = 2 | 84 100 137 134 
head = 130, count = 5 | 84 113 100 137 130 
head = 133, count = 9 | 94 138 129 137 133 
head = 134, count = 3 | 84 113 100 137 134 
head = 241, count = 1 | 1 241 
head = 108, count = 1 | 1 108 121 134 
head = 137, count = 2 | 126 137 121 134 
head = 1, count = 6 | 1 84 126 113 100 121 134 
head = 1, count = 2 | 1 121 130 
head = 137, count = 4 | 84 113 137 121 134 
head = 83, count = 1 | 83 84 126 113 121 134 
head = 1, count = 1 | 1 84 113 121 130 
head = 1, count = 3 | 1 84 113 100 121 134 
head = 134, count = 2 | 84 113 100 121 134 
head = 130, count = 2 | 84 113 100 121 130 
head = 1, count = 1 | 1 84 113 121 134 
head = 134, count = 3 | 113 100 121 134 
head = 130, count = 3 | 84 113 100 121 134 130 
head = 137, count = 2 | 84 137 121 134 
head = 130, count = 5 | 84 113 121 134 130 
head = 126, count = 2 | 94 126 122 
head = 0, count = 1 | 0 122 
head = 237, count = 1 | 1 237 122 
head = 134, count = 1 | 124 134 
head = 134, count = 1 | 83 100 134 
head = 83, count = 439 | 83 100 
head = 119, count = 2 | 94 127 119 84 137 
head = 137, count = 2 | 119 137 
head = 134, count = 1 | 84 126 137 134 122 
head = 134, count = 2 | 83 84 134 
head = 285, count = 1 | 1 285 
head = 126, count = 8 | 1 126 
head = 1, count = 1 | 1 94 138 129 
head = 83, count = 1 | 1 83 84 126 137 
head = 1, count = 1 | 1 84 137 
head = 134, count = 6 | 84 113 137 134 
head = 83, count = 2 | 83 113 100 
head = 137, count = 2 | 84 113 137 
head = 130, count = 1 | 83 100 130 
head = 119, count = 1 | 365 364 94 119 
head = 364, count = 28 | 364 360 361 
head = 360, count = 1 | 364 363 360 361 
head = 360, count = 20 | 360 361 
head = 360, count = 1 | 364 360 362 361 
head = 360, count = 27 | 364 360 361 
head = 361, count = 1 | 359 364 363 360 361 
head = 83, count = 1 | 83 84 100 137 
head = 364, count = 1 | 364 360 362 361 94 127 119 
head = 1, count = 1 | 1 84 113 137 
head = 83, count = 1 | 83 100 121 134 
head = 1, count = 1 | 1 126 100 121 130 
head = 134, count = 1 | 84 113 100 121 134 130 
head = 134, count = 2 | 84 113 121 134 
head = 134, count = 1 | 100 121 134 
head = 137, count = 1 | 100 137 121 130 
head = 134, count = 1 | 84 121 134 
head = 130, count = 1 | 84 121 130 
head = 137, count = 1 | 84 113 137 121 130 
head = 130, count = 1 | 84 113 121 130 
head = 133, count = 1 | 94 138 137 121 133 130 122 
head = 133, count = 1 | 137 133 
head = 134, count = 1 | 137 134 
head = 135, count = 1 | 119 135 
head = 135, count = 1 | 1 83 135 
head = 126, count = 9 | 1 94 138 126 137 
head = 133, count = 2 | 1 94 138 137 121 133 130 
head = 83, count = 1 | 83 84 113 100 
head = 129, count = 1 | 1 129 
head = 133, count = 1 | 1 94 138 137 133 122 
head = 130, count = 1 | 84 137 130 122 
head = 1, count = 1 | 1 83 84 126 
head = 1, count = 1 | 1 44 41 94 83 91 
head = 418, count = 1 | 1 418 
head = 417, count = 1 | 1 417 419 
head = 406, count = 1 | 1 406 197 260 237 
head = 1, count = 4 | 1 95 
head = 83, count = 1 | 83 90 112 95 
head = 83, count = 8 | 83 126 112 95 
head = 83, count = 8 | 83 112 95 
head = 0, count = 1 | 0 1 72 339 154 115 219 199 400 122 95 
head = 83, count = 1 | 83 126 100 112 95 
head = 83, count = 1 | 83 84 126 113 112 95 
head = 1, count = 9 | 1 126 112 95 
head = 137, count = 21 | 137 112 95 
head = 1, count = 1 | 1 84 126 100 112 95 
head = 1, count = 1 | 1 84 126 113 100 112 95 
head = 1, count = 1 | 1 126 100 112 95 
head = 134, count = 1 | 84 126 113 134 112 95 
head = 134, count = 6 | 100 134 112 95 
head = 134, count = 15 | 134 112 95 
head = 134, count = 5 | 84 113 134 112 95 
head = 130, count = 10 | 130 112 95 
head = 137, count = 4 | 100 137 112 95 
head = 1, count = 3 | 1 112 95 
head = 134, count = 3 | 84 113 100 134 112 95 
head = 130, count = 6 | 84 113 130 112 95 
head = 130, count = 4 | 100 130 112 95 
head = 137, count = 2 | 84 137 112 95 
head = 83, count = 1 | 83 112 91 89 103 95 
head = 134, count = 1 | 113 100 134 112 95 
head = 130, count = 3 | 84 113 100 130 112 95 
head = 137, count = 1 | 84 113 100 137 112 95 
head = 83, count = 1 | 83 84 113 112 95 
head = 137, count = 1 | 113 100 137 112 95 
head = 130, count = 5 | 113 100 130 112 95 
head = 83, count = 1 | 94 138 83 137 112 95 
head = 95, count = 3 | 93 95 
head = 126, count = 17 | 126 93 
head = 133, count = 3 | 94 138 137 133 93 
head = 126, count = 9 | 94 138 126 137 93 
head = 133, count = 6 | 94 138 137 121 133 130 93 
head = 129, count = 1 | 129 93 
head = 133, count = 5 | 133 93 
head = 119, count = 1 | 94 119 93 90 103 
head = 93, count = 3 | 93 88 
head = 95, count = 1 | 95 88 
head = 1, count = 1 | 1 88 
head = 1, count = 15 | 1 401 
head = 397, count = 1 | 1 397 401 
head = 361, count = 1 | 1 361 401 
head = 360, count = 16 | 360 401 
head = 122, count = 2 | 122 401 
head = 95, count = 1 | 95 401 
head = 126, count = 1 | 94 126 401 
head = 129, count = 1 | 129 401 
head = 126, count = 1 | 126 401 
head = 126, count = 1 | 94 138 126 137 401 
head = 360, count = 1 | 360 382 
head = 382, count = 1 | 382 371 
head = 360, count = 8 | 360 371 
head = 37, count = 2 | 20 37 25 
head = 360, count = 15 | 360 361 371 
head = 401, count = 9 | 401 371 
head = 360, count = 1 | 360 362 361 371 
head = 0, count = 1 | 0 20 406 
head = 1, count = 1 | 1 371 
head = 0, count = 1 | 0 1 327 219 
head = 237, count = 3 | 237 371 
head = 122, count = 1 | 122 371 
head = 364, count = 10 | 364 360 361 371 
head = 127, count = 1 | 127 371 
head = 241, count = 1 | 243 241 94 108 378 374 379 
head = 371, count = 1 | 371 380 377 376 
head = 371, count = 25 | 371 376 
head = 371, count = 2 | 401 371 
head = 401, count = 3 | 401 371 376 
head = 401, count = 1 | 401 378 
head = 371, count = 1 | 401 371 376 
head = 401, count = 1 | 1 401 378 384 
head = 401, count = 30 | 1 401 
head = 401, count = 1 | 1 401 371 376 
head = 376, count = 3 | 1 376 
head = 376, count = 1 | 1 401 376 
head = 401, count = 1 | 244 401 
head = 401, count = 1 | 237 401 384 
head = 376, count = 22 | 237 376 
head = 371, count = 3 | 237 371 
head = 360, count = 1 | 237 360 361 
head = 241, count = 2 | 243 241 378 
head = 1, count = 4 | 1 183 
head = 401, count = 1 | 1 401 183 
head = 1, count = 1 | 1 243 95 378 183 
head = 241, count = 1 | 243 241 378 183 
head = 88, count = 3 | 88 183 
head = 95, count = 2 | 95 88 183 
head = 95, count = 118 | 95 183 
head = 126, count = 1 | 94 138 126 137 95 183 
head = 205, count = 1 | 205 163 
head = 183, count = 2 | 1 183 
head = 400, count = 1 | 410 400 193 259 235 239 82 94 378 170 
head = 1, count = 5 | 1 159 
head = 183, count = 2 | 183 159 
head = 360, count = 1 | 360 159 
head = 237, count = 15 | 237 159 
head = 199, count = 1 | 199 159 
head = 159, count = 1 | 159 178 
head = 217, count = 1 | 217 400 183 178 
head = 178, count = 2 | 178 182 
head = 1, count = 1 | 1 159 158 
head = 182, count = 1 | 182 191 
head = 159, count = 1 | 159 191 
head = 233, count = 1 | 233 267 289 191 
head = 95, count = 1 | 95 191 
head = 1, count = 1 | 1 191 
head = 153, count = 1 | 153 307 306 
head = 191, count = 4 | 191 168 
head = 1, count = 2 | 1 168 
head = 78, count = 1 | 78 168 
head = 183, count = 1 | 183 168 
head = 6, count = 5 | 6 168 
head = 142, count = 1 | 142 168 
head = 168, count = 2 | 168 165 
head = 142, count = 1 | 142 169 168 165 
head = 237, count = 2 | 237 165 
head = 165, count = 2 | 165 161 
head = 168, count = 2 | 168 161 
head = 161, count = 4 | 161 162 
head = 1, count = 1 | 1 327 319 67 54 
============================================================
BBLSwitchCount - Thread 0
from = 0 | 141:1 1:1 
from = 141 | 0:1 
from = 1 | 0:1 164:1 176:1 58:1 62:1 72:1 76:1 45:1 55:1 348:1 337:1 339:1 347:1 322:1 358:1 321:1 18:10 39:10 20:10 34:10 19:10 15:10 6:10 28:10 3:5 152:5 143:5 154:5 148:5 149:5 145:5 146:5 150:5 153:5 27:5 13:10 343:1 335:1 327:1 325:1 328:1 317:1 37:6 5:6 32:6 26:6 35:6 4:6 16:6 24:6 36:6 23:6 10:6 11:6 144:15 147:15 142:15 151:4 336:1 326:1 319:1 355:1 323:1 316:1 25:6 31:6 38:6 7:6 12:6 2:6 29:6 33:6 9:6 14:6 21:6 30:6 341:1 353:1 356:1 354:1 320:1 349:1 22:5 17:5 8:5 350:1 334:1 333:1 318:1 329:1 351:1 332:1 330:1 338:1 340:1 352:1 344:1 315:2 314:2 313:2 312:2 345:1 342:1 331:1 357:1 346:1 324:1 46:1 50:1 68:1 73:1 48:1 77:1 69:1 79:1 59:1 60:1 49:1 56:1 74:1 64:1 71:1 67:1 57:1 63:1 75:1 65:1 53:1 54:1 61:1 80:1 70:1 52:1 66:1 78:1 47:1 51:1 174:1 179:1 177:1 307:1 308:1 306:2 311:1 310:1 309:1 188:1 190:1 291:1 286:1 294:1 287:1 288:1 267:1 274:1 269:1 276:1 280:1 265:1 281:1 292:1 296:1 289:1 284:1 270:1 275:1 273:1 282:1 277:1 293:1 266:1 263:1 305:1 300:1 299:1 304:1 301:1 303:1 302:1 272:1 268:1 278:1 295:1 201:1 220:1 219:1 202:1 213:1 203:1 218:1 208:1 209:1 211:1 216:1 198:1 404:1 406:1 408:1 405:32769 403:1 407:1 204:1 212:1 200:1 210:1 410:2 415:2 412:2 413:2 411:2 414:2 409:2 199:1 206:1 207:1 205:1 214:1 217:1 215:1 297:1 285:1 290:1 271:1 283:1 264:1 262:1 298:1 279:1 175:1 418:1 420:1 417:1 421:1 416:1 419:1 184:1 187:1 185:1 400:1 399:1 397:2 244:3 237:3 235:3 246:3 239:3 243:98304 236:98304 241:42165 245:42165 240:3 242:3 238:3 247:3 396:2 398:1 87:1 388:1 391:1 392:1 394:1 390:1 395:1 393:1 389:1 85:1 106:312 86:311 82:1 114:1 81:1024 44:1024 43:1024 42:1024 40:1024 41:1024 94:1024 111:245 108:245 127:245 128:242 138:245 124:129 129:129 119:245 83:1024 84:897 110:335 126:128 113:852 100:852 137:116 98:734 140:3 125:3 123:3 132:3 131:3 136:3 121:283 134:224 139:283 133:221 130:59 120:3 122:3 135:3 96:444 90:1 112:244 91:1 89:1 107:1 104:1 101:1 99:1 109:1 102:1 97:1 92:1 103:1 95:245 93:1 88:1 105:1 401:1 402:1 170:1 183:1 166:1 163:1 159:1 180:1 155:1 178:1 157:1 182:1 189:1 186:1 158:1 191:1 181:1 169:10 168:10 160:10 167:1 172:1 165:1 156:1 161:1 171:1 162:1 173:1 
from = 164 | 1:1 
from = 176 | 1:1 
from = 58 | 1:1 
from = 62 | 1:1 
from = 72 | 1:1 
from = 76 | 1:1 
from = 45 | 1:1 
from = 55 | 1:1 
from = 348 | 1:1 
from = 337 | 1:1 
from = 339 | 1:1 
from = 347 | 1:1 
from = 322 | 1:1 
from = 358 | 1:1 
from = 321 | 1:1 
from = 18 | 1:10 
from = 39 | 1:10 
from = 20 | 1:10 
from = 34 | 1:10 
from = 19 | 1:10 
from = 15 | 1:10 
from = 6 | 1:10 
from = 28 | 1:10 
from = 3 | 1:5 
from = 152 | 1:5 
from = 143 | 1:5 
from = 154 | 1:5 
from = 148 | 1:5 
from = 149 | 1:5 
from = 145 | 1:5 
from = 146 | 1:5 
from = 150 | 1:5 
from = 153 | 1:5 
from = 27 | 1:5 
from = 13 | 1:10 
from = 343 | 1:1 
from = 335 | 1:1 
from = 327 | 1:1 
from = 325 | 1:1 
from = 328 | 1:1 
from = 317 | 1:1 
from = 37 | 1:6 368:6 367:6 370:6 366:6 369:6 
from = 368 | 37:6 25:6 
from = 367 | 37:6 25:6 
from = 370 | 37:6 25:6 
from = 366 | 37:6 25:6 
from = 369 | 37:6 25:6 
from = 5 | 1:6 
from = 32 | 1:6 
from = 26 | 1:6 
from = 35 | 1:6 
from = 4 | 1:6 
from = 16 | 1:6 
from = 24 | 1:6 
from = 36 | 1:6 
from = 23 | 1:6 
from = 10 | 1:6 
from = 11 | 1:6 
from = 144 | 1:15 
from = 147 | 1:15 
from = 142 | 1:15 
from = 151 | 1:4 
from = 336 | 1:1 
from = 326 | 1:1 
from = 319 | 1:1 
from = 355 | 1:1 
from = 323 | 1:1 
from = 316 | 1:1 
from = 25 | 1:6 368:6 367:6 370:6 366:6 369:6 
from = 31 | 1:6 
from = 38 | 1:6 
from = 7 | 1:6 
from = 12 | 1:6 
from = 2 | 1:6 
from = 29 | 1:6 
from = 33 | 1:6 
from = 9 | 1:6 
from = 14 | 1:6 
from = 21 | 1:6 
from = 30 | 1:6 
from = 341 | 1:1 
from = 353 | 1:1 
from = 356 | 1:1 
from = 354 | 1:1 
from = 320 | 1:1 
from = 349 | 1:1 
from = 22 | 1:5 
from = 17 | 1:5 
from = 8 | 1:5 
from = 350 | 1:1 
from = 334 | 1:1 
from = 333 | 1:1 
from = 318 | 1:1 
from = 329 | 1:1 
from = 351 | 1:1 
from = 332 | 1:1 
from = 330 | 1:1 
from = 338 | 1:1 
from = 340 | 1:1 
from = 352 | 1:1 
from = 344 | 1:1 
from = 315 | 1:2 
from = 314 | 1:2 
from = 313 | 1:2 
from = 312 | 1:2 
from = 345 | 1:1 
from = 342 | 1:1 
from = 331 | 1:1 
from = 357 | 1:1 
from = 346 | 1:1 
from = 324 | 1:1 
from = 46 | 1:1 
from = 50 | 1:1 
from = 68 | 1:1 
from = 73 | 1:1 
from = 48 | 1:1 
from = 77 | 1:1 
from = 69 | 1:1 
from = 79 | 1:1 
from = 59 | 1:1 
from = 60 | 1:1 
from = 49 | 1:1 
from = 56 | 1:1 
from = 74 | 1:1 
from = 64 | 1:1 
from = 71 | 1:1 
from = 67 | 1:1 
from = 57 | 1:1 
from = 63 | 1:1 
from = 75 | 1:1 
from = 65 | 1:1 
from = 53 | 1:1 
from = 54 | 1:1 
from = 61 | 1:1 
from = 80 | 1:1 
from = 70 | 1:1 
from = 52 | 1:1 
from = 66 | 1:1 
from = 78 | 1:1 
from = 47 | 1:1 
from = 51 | 1:1 
from = 174 | 1:1 
from = 179 | 1:1 
from = 177 | 1:1 
from = 307 | 1:1 
from = 308 | 1:1 
from = 306 | 1:2 116:2 115:1 117:2 118:1 
from = 116 | 306:2 
from = 115 | 306:1 229:1 230:1 227:1 231:1 225:1 224:1 233:1 223:1 222:1 226:1 228:1 234:1 221:1 232:1 
from = 229 | 115:1 
from = 230 | 115:1 
from = 227 | 115:1 
from = 231 | 115:1 
from = 225 | 115:1 
from = 224 | 115:1 
from = 233 | 115:1 
from = 223 | 115:1 
from = 222 | 115:1 
from = 226 | 115:1 
from = 228 | 115:1 
from = 234 | 115:1 
from = 221 | 115:1 
from = 232 | 115:1 
from = 117 | 306:2 
from = 118 | 306:1 
from = 311 | 1:1 
from = 310 | 1:1 
from = 309 | 1:1 
from = 188 | 1:1 
from = 190 | 1:1 
from = 291 | 1:1 
from = 286 | 1:1 
from = 294 | 1:1 
from = 287 | 1:1 
from = 288 | 1:1 
from = 267 | 1:1 
from = 274 | 1:1 
from = 269 | 1:1 
from = 276 | 1:1 
from = 280 | 1:1 
from = 265 | 1:1 
from = 281 | 1:1 
from = 292 | 1:1 
from = 296 | 1:1 
from = 289 | 1:1 
from = 284 | 1:1 
from = 270 | 1:1 
from = 275 | 1:1 
from = 273 | 1:1 
from = 282 | 1:1 
from = 277 | 1:1 
from = 293 | 1:1 
from = 266 | 1:1 
from = 263 | 1:1 
from = 305 | 1:1 201:1 
from = 300 | 1:1 201:1 
from = 299 | 1:1 201:1 
from = 304 | 1:1 201:1 
from = 301 | 1:1 201:1 
from = 303 | 1:1 201:1 
from = 302 | 1:1 201:1 
from = 272 | 1:1 
from = 268 | 1:1 
from = 278 | 1:1 
from = 295 | 1:1 
from = 201 | 1:1 305:1 300:1 299:1 304:1 301:1 303:1 302:1 
from = 220 | 1:1 
from = 219 | 1:1 
from = 202 | 1:1 
from = 213 | 1:1 
from = 203 | 1:1 
from = 218 | 1:1 
from = 208 | 1:1 
from = 209 | 1:1 
from = 211 | 1:1 
from = 216 | 1:1 
from = 198 | 1:1 
from = 404 | 1:1 
from = 406 | 1:1 
from = 408 | 1:1 
from = 405 | 1:32769 
from = 403 | 1:1 
from = 407 | 1:1 
from = 204 | 1:1 
from = 212 | 1:1 
from = 200 | 1:1 
from = 210 | 1:1 
from = 410 | 1:2 
from = 415 | 1:2 
from = 412 | 1:2 
from = 413 | 1:2 
from = 411 | 1:2 
from = 414 | 1:2 
from = 409 | 1:2 
from = 199 | 1:1 
from = 206 | 1:1 
from = 207 | 1:1 
from = 205 | 1:1 
from = 214 | 1:1 
from = 217 | 1:1 
from = 215 | 1:1 
from = 297 | 1:1 
from = 285 | 1:1 
from = 290 | 1:1 
from = 271 | 1:1 
from = 283 | 1:1 
from = 264 | 1:1 
from = 262 | 1:1 
from = 298 | 1:1 
from = 279 | 1:1 
from = 175 | 1:1 
from = 418 | 1:1 
from = 420 | 1:1 
from = 417 | 1:1 
from = 421 | 1:1 
from = 416 | 1:1 
from = 419 | 1:1 
from = 184 | 1:1 
from = 187 | 1:1 
from = 185 | 1:1 
from = 400 | 1:1 194:1 197:1 193:1 196:32768 192:1 195:1 
from = 194 | 400:1 
from = 197 | 400:1 
from = 193 | 400:1 
from = 196 | 400:32768 
from = 192 | 400:1 
from = 195 | 400:1 
from = 399 | 1:1 
from = 397 | 1:2 256:2 260:2 255:2 253:65536 259:44161 251:50096 261:38653 257:24206 252:40253 248:65536 254:2 249:2 258:2 250:14447 
from = 256 | 397:2 
from = 260 | 397:2 
from = 255 | 397:2 
from = 253 | 397:65536 
from = 259 | 397:44161 
from = 251 | 397:50096 
from = 261 | 397:38653 
from = 257 | 397:24206 
from = 252 | 397:40253 
from = 248 | 397:65536 
from = 254 | 397:2 
from = 249 | 397:2 
from = 258 | 397:2 
from = 244 | 1:3 
from = 237 | 1:3 
from = 235 | 1:3 
from = 246 | 1:3 
from = 239 | 1:3 
from = 243 | 1:98304 
from = 236 | 1:98304 
from = 241 | 1:42165 
from = 245 | 1:42165 
from = 240 | 1:3 
from = 242 | 1:3 
from = 238 | 1:3 
from = 247 | 1:3 
from = 396 | 1:2 
from = 250 | 397:14447 
from = 398 | 1:1 
from = 87 | 1:1 
from = 388 | 1:1 
from = 391 | 1:1 
from = 392 | 1:1 
from = 394 | 1:1 
from = 390 | 1:1 
from = 395 | 1:1 
from = 393 | 1:1 
from = 389 | 1:1 
from = 85 | 1:1 
from = 106 | 1:312 
from = 86 | 1:311 
from = 82 | 1:1 
from = 114 | 1:1 
from = 81 | 1:1024 
from = 44 | 1:1024 
from = 43 | 1:1024 
from = 42 | 1:1024 359:1024 365:2 364:226 363:2 360:396 362:2 361:1024 
from = 359 | 42:1024 
from = 365 | 42:2 
from = 364 | 42:226 
from = 363 | 42:2 
from = 360 | 42:396 
from = 362 | 42:2 
from = 361 | 42:1024 
from = 40 | 1:1024 
from = 41 | 1:1024 
from = 94 | 1:1024 
from = 111 | 1:245 
from = 108 | 1:245 
from = 127 | 1:245 
from = 128 | 1:242 
from = 138 | 1:245 
from = 124 | 1:129 
from = 129 | 1:129 
from = 119 | 1:245 
from = 83 | 1:1024 
from = 84 | 1:897 
from = 110 | 1:335 
from = 126 | 1:128 
from = 113 | 1:852 
from = 100 | 1:852 
from = 137 | 1:116 
from = 98 | 1:734 
from = 140 | 1:3 
from = 125 | 1:3 
from = 123 | 1:3 
from = 132 | 1:3 
from = 131 | 1:3 
from = 136 | 1:3 
from = 121 | 1:283 
from = 134 | 1:224 
from = 139 | 1:283 
from = 133 | 1:221 
from = 130 | 1:59 
from = 120 | 1:3 
from = 122 | 1:3 
from = 135 | 1:3 
from = 96 | 1:444 
from = 90 | 1:1 
from = 112 | 1:244 
from = 91 | 1:1 
from = 89 | 1:1 
from = 107 | 1:1 
from = 104 | 1:1 
from = 101 | 1:1 
from = 99 | 1:1 
from = 109 | 1:1 
from = 102 | 1:1 
from = 97 | 1:1 
from = 92 | 1:1 
from = 103 | 1:1 
from = 95 | 1:245 
from = 93 | 1:1 
from = 88 | 1:1 
from = 105 | 1:1 
from = 401 | 1:1 382:1 371:1 385:1 380:1 383:1 378:32768 381:24201 377:32768 384:8567 387:1 374:1 386:1 379:1 372:1 376:1 375:1 373:1 
from = 382 | 401:1 
from = 371 | 401:1 
from = 385 | 401:1 
from = 380 | 401:1 
from = 383 | 401:1 
from = 378 | 401:32768 
from = 381 | 401:24201 
from = 377 | 401:32768 
from = 384 | 401:8567 
from = 387 | 401:1 
from = 374 | 401:1 
from = 386 | 401:1 
from = 379 | 401:1 
from = 372 | 401:1 
from = 376 | 401:1 
from = 375 | 401:1 
from = 373 | 401:1 
from = 402 | 1:1 
from = 170 | 1:1 
from = 183 | 1:1 
from = 166 | 1:1 
from = 163 | 1:1 
from = 159 | 1:1 
from = 180 | 1:1 
from = 155 | 1:1 
from = 178 | 1:1 
from = 157 | 1:1 
from = 182 | 1:1 
from = 189 | 1:1 
from = 186 | 1:1 
from = 158 | 1:1 
from = 191 | 1:1 
from = 181 | 1:1 
from = 169 | 1:10 
from = 168 | 1:10 
from = 160 | 1:10 
from = 167 | 1:1 
from = 172 | 1:1 
from = 165 | 1:1 
from = 156 | 1:1 
from = 161 | 1:1 
from = 171 | 1:1 
from = 162 | 1:1 
from = 173 | 1:1 
