============================================================
Thread 0
  BBLID       Time(ns)    Instruction  Memory Access          Hash(hi)          Hash(lo)
      0          33023              3          13124  0000000000000000  0000000000000000
      1          52117          17647            179  0000000000000001  0000000000000001
      2    3.39761e+06        1427056           8539  0220044f09c4e8a7  a7eeabe305a87a8a
      3           3861           1423             32  025f416eea54c4dd  743750a5d0441fd6
      4         966913         302778          12491  03e9127d97a76476  9cfea7aa6de62b69
      5           7388           2000             70  1b420bfda96e56cf  7f8892916d55d06e
      6           6907           2342             63  333668c2c7be375f  b5584423110024a3
      7          10759           3366            109  5025453f21414bd8  8b5757d1700d20a5
      8           9529           1853            135  56673ae352a79a23  255602be946f655d
      9          55200          12106            185  56c7a5b6155b0eca  670e4e2e439be8fe
     10           1442            331             21  86bf589defbd36e0  90f179f9ea3993b0
     11           1974            120             13  8e5caae85e5d2875  8c68ae296a183e89
     12          63875          30458            303  8ffe4e8d1d0b0b21  f783c975902d756f
     13         949302         530352           8496  93f65a416b8826f1  c0be7664709cce48
     14            399             37              0  a2047e352c122855  fb903b74a30648c9
     15          41145          13745              0  a6a3369af7cb2ed8  99afffecefa65f1e
     16         445198         202668           2248  b917032c13fa40f1  9fe8a512545ed866
     17              0              0            971  befa021a0e0ece74  b7f66480ce9b77f7
     18           5564           2610             43  c4005b517378bc57  dcaa2d26acdd9d50
     19          13872           4976            128  c8ac793e2d7b2f91  83821671edb04e37
     20           2367            160              4  cc095ae27bd5e16d  58676a8e0ace531e
     21           9451           6089              0  cd15c7345c0dbfcc  cb78b87a24b00cbe
     22    8.08914e+06        2189029          76288  d2298b47fa156626  3f680a932b42f3c7
     23    1.91527e+06         837708            802  daa89b9ddf774b82  087df67501a417da
     24           4843            990             69  e860256c2ee9cd1a  3341612429e1f9d4
     25         557789         336290            309  e9fe988455e06256  5b8e6b560a45f1c8
     26          12249           5449             52  ea50372e01617f2d  2349323fc72709ac
     27     1.1222e+06         477749           1223  ed7b50640adc3860  ebbc023b95755718
     28           2654            299              0  f2867f2d41d0c808  d427009a37cdc53f
============================================================
Thread 1
  BBLID       Time(ns)    Instruction  Memory Access          Hash(hi)          Hash(lo)
      0    2.13499e+06         958755           1614  0000000000000000  0000000000000000
      4         961268         302031          12182  03e9127d97a76476  9cfea7aa6de62b69
      9          54669          12109            183  56c7a5b6155b0eca  670e4e2e439be8fe
     13         952723         530355           8568  93f65a416b8826f1  c0be7664709cce48
     16         442332         202671           2168  b917032c13fa40f1  9fe8a512545ed866
     22    8.08459e+06        2175721          75975  d2298b47fa156626  3f680a932b42f3c7
     25         557742         337087            353  e9fe988455e06256  5b8e6b560a45f1c8
     27    1.16412e+06         469202           1272  ed7b50640adc3860  ebbc023b95755718
============================================================
Thread 2
  BBLID       Time(ns)    Instruction  Memory Access          Hash(hi)          Hash(lo)
      0    1.86212e+06         835616           1443  0000000000000000  0000000000000000
      4         961638         302057          12196  03e9127d97a76476  9cfea7aa6de62b69
      9          55918          12109            192  56c7a5b6155b0eca  670e4e2e439be8fe
     11            378             24              2  8e5caae85e5d2875  8c68ae296a183e89
     13         948021         530355           8506  93f65a416b8826f1  c0be7664709cce48
     16         442599         202671           2201  b917032c13fa40f1  9fe8a512545ed866
     20            484             32              3  cc095ae27bd5e16d  58676a8e0ace531e
     22    8.08603e+06        2157909          76287  d2298b47fa156626  3f680a932b42f3c7
     25         560255         337821            373  e9fe988455e06256  5b8e6b560a45f1c8
     27    1.40643e+06         281481           1332  ed7b50640adc3860  ebbc023b95755718
============================================================
Thread 3
  BBLID       Time(ns)    Instruction  Memory Access          Hash(hi)          Hash(lo)
      0    2.15335e+06         974426           1608  0000000000000000  0000000000000000
      4         961104         302057          12086  03e9127d97a76476  9cfea7aa6de62b69
      9          44826          12109            190  56c7a5b6155b0eca  670e4e2e439be8fe
     13         951025         530355           8522  93f65a416b8826f1  c0be7664709cce48
     16         443091         202671           2215  b917032c13fa40f1  9fe8a512545ed866
     22    8.08545e+06        2174856          75571  d2298b47fa156626  3f680a932b42f3c7
     25         559110         337144            347  e9fe988455e06256  5b8e6b560a45f1c8
     27    1.12906e+06         507311           1180  ed7b50640adc3860  ebbc023b95755718
============================================================
Thread 4
  BBLID       Time(ns)    Instruction  Memory Access          Hash(hi)          Hash(lo)
      0    2.17083e+06         979679           1779  0000000000000000  0000000000000000
      4         960916         302031          12216  03e9127d97a76476  9cfea7aa6de62b69
      9          35148          12109            227  56c7a5b6155b0eca  670e4e2e439be8fe
     11            714             48              0  8e5caae85e5d2875  8c68ae296a183e89
     13         948844         530355           8493  93f65a416b8826f1  c0be7664709cce48
     16         440486         202671           2209  b917032c13fa40f1  9fe8a512545ed866
     20            916             64              1  cc095ae27bd5e16d  58676a8e0ace531e
     22    8.08401e+06        2212843          74497  d2298b47fa156626  3f680a932b42f3c7
     25         559566         335941            357  e9fe988455e06256  5b8e6b560a45f1c8
     27    1.12473e+06         500293           1222  ed7b50640adc3860  ebbc023b95755718
============================================================
Thread 5
  BBLID       Time(ns)    Instruction  Memory Access          Hash(hi)          Hash(lo)
      0    2.17564e+06         985003           1886  0000000000000000  0000000000000000
      4         951796         301142          12020  03e9127d97a76476  9cfea7aa6de62b69
      9          31522          12109            161  56c7a5b6155b0eca  670e4e2e439be8fe
     13         949126         530355           8520  93f65a416b8826f1  c0be7664709cce48
     16         441473         202671           2183  b917032c13fa40f1  9fe8a512545ed866
     22    8.08414e+06        2206885          76636  d2298b47fa156626  3f680a932b42f3c7
     25         559795         335872            356  e9fe988455e06256  5b8e6b560a45f1c8
     27    1.12514e+06         502087           1210  ed7b50640adc3860  ebbc023b95755718
============================================================
Thread 6
  BBLID       Time(ns)    Instruction  Memory Access          Hash(hi)          Hash(lo)
      0    2.17025e+06         978005           1778  0000000000000000  0000000000000000
      4         953263         301142          12040  03e9127d97a76476  9cfea7aa6de62b69
      9          32383          12109            233  56c7a5b6155b0eca  670e4e2e439be8fe
     11            378             24              4  8e5caae85e5d2875  8c68ae296a183e89
     13         951158         530355           8571  93f65a416b8826f1  c0be7664709cce48
     16         443100         202671           2210  b917032c13fa40f1  9fe8a512545ed866
     20            456             32              0  cc095ae27bd5e16d  58676a8e0ace531e
     22     8.0859e+06        2162805          75802  d2298b47fa156626  3f680a932b42f3c7
     25         559814         335725            328  e9fe988455e06256  5b8e6b560a45f1c8
     27    1.12439e+06         500440            989  ed7b50640adc3860  ebbc023b95755718
============================================================
Thread 7
  BBLID       Time(ns)    Instruction  Memory Access          Hash(hi)          Hash(lo)
      0    2.16812e+06         981106           1613  0000000000000000  0000000000000000
      4         961703         302031          12203  03e9127d97a76476  9cfea7aa6de62b69
      9          30063          12109            197  56c7a5b6155b0eca  670e4e2e439be8fe
     13         951446         530355           8579  93f65a416b8826f1  c0be7664709cce48
     16         442979         202671           2230  b917032c13fa40f1  9fe8a512545ed866
     22    8.08422e+06        2171618          76305  d2298b47fa156626  3f680a932b42f3c7
     25         560494         337034            346  e9fe988455e06256  5b8e6b560a45f1c8
     27    1.12421e+06         502886           1176  ed7b50640adc3860  ebbc023b95755718
============================================================
Thread 8
  BBLID       Time(ns)    Instruction  Memory Access          Hash(hi)          Hash(lo)
      0    2.17974e+06         982186           1769  0000000000000000  0000000000000000
      4         953267         301142          12010  03e9127d97a76476  9cfea7aa6de62b69
      9          30106          12109            145  56c7a5b6155b0eca  670e4e2e439be8fe
     11           1141             72              2  8e5caae85e5d2875  8c68ae296a183e89
     13         951759         530355           8632  93f65a416b8826f1  c0be7664709cce48
     16         442999         202671           2194  b917032c13fa40f1  9fe8a512545ed866
     20           1465             96              8  cc095ae27bd5e16d  58676a8e0ace531e
     22    8.08505e+06        2164443          76052  d2298b47fa156626  3f680a932b42f3c7
     25         559540         335738            355  e9fe988455e06256  5b8e6b560a45f1c8
     27     1.1237e+06         498202           1181  ed7b50640adc3860  ebbc023b95755718
============================================================
Thread 9
  BBLID       Time(ns)    Instruction  Memory Access          Hash(hi)          Hash(lo)
      0     2.1768e+06         984271           4187  0000000000000000  0000000000000000
      4         952904         301142          12036  03e9127d97a76476  9cfea7aa6de62b69
      9          29826          12093            316  56c7a5b6155b0eca  670e4e2e439be8fe
     13         951662         530355           8525  93f65a416b8826f1  c0be7664709cce48
     16         442319         202671           2207  b917032c13fa40f1  9fe8a512545ed866
     22    8.08481e+06        2162265          76774  d2298b47fa156626  3f680a932b42f3c7
     25         559988         337719            280  e9fe988455e06256  5b8e6b560a45f1c8
     27    1.12237e+06         502303          21157  ed7b50640adc3860  ebbc023b95755718
============================================================
Thread 10
  BBLID       Time(ns)    Instruction  Memory Access          Hash(hi)          Hash(lo)
      0    2.16683e+06         980286           1629  0000000000000000  0000000000000000
      4         962476         302031          12193  03e9127d97a76476  9cfea7aa6de62b69
      9          29993          12093            201  56c7a5b6155b0eca  670e4e2e439be8fe
     11            408             24              0  8e5caae85e5d2875  8c68ae296a183e89
     13         950808         530355           8469  93f65a416b8826f1  c0be7664709cce48
     16         442760         202671           2216  b917032c13fa40f1  9fe8a512545ed866
     20            503             32              1  cc095ae27bd5e16d  58676a8e0ace531e
     22    8.08614e+06        2164464          76189  d2298b47fa156626  3f680a932b42f3c7
     25         558817         336231            330  e9fe988455e06256  5b8e6b560a45f1c8
     27    1.12446e+06         501712           1208  ed7b50640adc3860  ebbc023b95755718
============================================================
Thread 11
  BBLID       Time(ns)    Instruction  Memory Access          Hash(hi)          Hash(lo)
      0    2.16852e+06         981404           1644  0000000000000000  0000000000000000
      4         961638         302031          12175  03e9127d97a76476  9cfea7aa6de62b69
      9          30011          12093            191  56c7a5b6155b0eca  670e4e2e439be8fe
     13         951778         530355           8488  93f65a416b8826f1  c0be7664709cce48
     16         442553         202671           2208  b917032c13fa40f1  9fe8a512545ed866
     22    8.08536e+06        2171667          75887  d2298b47fa156626  3f680a932b42f3c7
     25         560262         336761            365  e9fe988455e06256  5b8e6b560a45f1c8
     27     1.1253e+06         502886           1201  ed7b50640adc3860  ebbc023b95755718
============================================================
Thread 12
  BBLID       Time(ns)    Instruction  Memory Access          Hash(hi)          Hash(lo)
      0    2.17575e+06         981093           1617  0000000000000000  0000000000000000
      4         959027         302057          12129  03e9127d97a76476  9cfea7aa6de62b69
      9          29510          12093            177  56c7a5b6155b0eca  670e4e2e439be8fe
     11            938             48              4  8e5caae85e5d2875  8c68ae296a183e89
     13         951957         530355           8588  93f65a416b8826f1  c0be7664709cce48
     16         443990         202671           2276  b917032c13fa40f1  9fe8a512545ed866
     20            968             64              4  cc095ae27bd5e16d  58676a8e0ace531e
     22    8.08412e+06        2165124          76970  d2298b47fa156626  3f680a932b42f3c7
     25         559793         336165            337  e9fe988455e06256  5b8e6b560a45f1c8
     27    1.12503e+06         498978           1145  ed7b50640adc3860  ebbc023b95755718
============================================================
Thread 13
  BBLID       Time(ns)    Instruction  Memory Access          Hash(hi)          Hash(lo)
      0    2.17622e+06         985540           1726  0000000000000000  0000000000000000
      4         960940         302031          12191  03e9127d97a76476  9cfea7aa6de62b69
      9          29343          12093            200  56c7a5b6155b0eca  670e4e2e439be8fe
     13         949223         530355           8461  93f65a416b8826f1  c0be7664709cce48
     16         440480         202671           2194  b917032c13fa40f1  9fe8a512545ed866
     22    8.08466e+06        2204205          76209  d2298b47fa156626  3f680a932b42f3c7
     25         559547         337224            345  e9fe988455e06256  5b8e6b560a45f1c8
     27    1.12292e+06         501879           1140  ed7b50640adc3860  ebbc023b95755718
============================================================
Thread 14
  BBLID       Time(ns)    Instruction  Memory Access          Hash(hi)          Hash(lo)
      0    2.16942e+06         980715           2020  0000000000000000  0000000000000000
      4         960281         302031          12183  03e9127d97a76476  9cfea7aa6de62b69
      9          29557          12093            339  56c7a5b6155b0eca  670e4e2e439be8fe
     11            386             24              0  8e5caae85e5d2875  8c68ae296a183e89
     13         952673         530355           8509  93f65a416b8826f1  c0be7664709cce48
     16         442582         202671           2222  b917032c13fa40f1  9fe8a512545ed866
     20            454             32              3  cc095ae27bd5e16d  58676a8e0ace531e
     22    8.08606e+06        2171148          75719  d2298b47fa156626  3f680a932b42f3c7
     25         559733         336190            318  e9fe988455e06256  5b8e6b560a45f1c8
     27    1.12437e+06         501693           3099  ed7b50640adc3860  ebbc023b95755718
============================================================
Thread 15
  BBLID       Time(ns)    Instruction  Memory Access          Hash(hi)          Hash(lo)
      0    2.17771e+06         983911           1725  0000000000000000  0000000000000000
      4         961493         302057          12180  03e9127d97a76476  9cfea7aa6de62b69
      9          29769          12093            154  56c7a5b6155b0eca  670e4e2e439be8fe
     13         951122         530355           8520  93f65a416b8826f1  c0be7664709cce48
     16         442063         202671           1932  b917032c13fa40f1  9fe8a512545ed866
     22    8.08457e+06        2171596          75914  d2298b47fa156626  3f680a932b42f3c7
     25         557490         336352            353  e9fe988455e06256  5b8e6b560a45f1c8
     27    1.12386e+06         502882           1231  ed7b50640adc3860  ebbc023b95755718
============================================================
Thread 16
  BBLID       Time(ns)    Instruction  Memory Access          Hash(hi)          Hash(lo)
      0    2.18035e+06         981424           1638  0000000000000000  0000000000000000
      4         960677         302031          12249  03e9127d97a76476  9cfea7aa6de62b69
      9          31945          12093            185  56c7a5b6155b0eca  670e4e2e439be8fe
     11           1549             96              0  8e5caae85e5d2875  8c68ae296a183e89
     13         948990         530355           8504  93f65a416b8826f1  c0be7664709cce48
     16         442180         202671           2204  b917032c13fa40f1  9fe8a512545ed866
     20           1851            128              1  cc095ae27bd5e16d  58676a8e0ace531e
     22    8.08267e+06        2182810          75058  d2298b47fa156626  3f680a932b42f3c7
     25         558613         336224            296  e9fe988455e06256  5b8e6b560a45f1c8
     27    1.12228e+06         498837           1121  ed7b50640adc3860  ebbc023b95755718
============================================================
Thread 17
  BBLID       Time(ns)    Instruction  Memory Access          Hash(hi)          Hash(lo)
      0    2.16849e+06         980526           1792  0000000000000000  0000000000000000
      4         953415         301142          12112  03e9127d97a76476  9cfea7aa6de62b69
      9          29268          12093            196  56c7a5b6155b0eca  670e4e2e439be8fe
     13         951835         530355           8520  93f65a416b8826f1  c0be7664709cce48
     16         443829         202671           2230  b917032c13fa40f1  9fe8a512545ed866
     22    8.08711e+06        2159662          76777  d2298b47fa156626  3f680a932b42f3c7
     25         559495         336724            347  e9fe988455e06256  5b8e6b560a45f1c8
     27    1.12695e+06         503363           1193  ed7b50640adc3860  ebbc023b95755718
============================================================
Thread 18
  BBLID       Time(ns)    Instruction  Memory Access          Hash(hi)          Hash(lo)
      0     2.1637e+06         980201           1656  0000000000000000  0000000000000000
      4         961736         302031          12254  03e9127d97a76476  9cfea7aa6de62b69
      9          31318          12093            184  56c7a5b6155b0eca  670e4e2e439be8fe
     11            480             24              4  8e5caae85e5d2875  8c68ae296a183e89
     13         948450         530355           8402  93f65a416b8826f1  c0be7664709cce48
     16         442520         202671           2206  b917032c13fa40f1  9fe8a512545ed866
     20            503             32              2  cc095ae27bd5e16d  58676a8e0ace531e
     22    8.08721e+06        2169345          76092  d2298b47fa156626  3f680a932b42f3c7
     25         559601         336198            369  e9fe988455e06256  5b8e6b560a45f1c8
     27    1.12704e+06         502053           1267  ed7b50640adc3860  ebbc023b95755718
============================================================
Thread 19
  BBLID       Time(ns)    Instruction  Memory Access          Hash(hi)          Hash(lo)
      0    2.17023e+06         982018           1808  0000000000000000  0000000000000000
      4         959065         302031          12177  03e9127d97a76476  9cfea7aa6de62b69
      9          31308          12093            194  56c7a5b6155b0eca  670e4e2e439be8fe
     13         948668         530355           8455  93f65a416b8826f1  c0be7664709cce48
     16         440991         202671           2201  b917032c13fa40f1  9fe8a512545ed866
     22    8.08624e+06        2180099          76401  d2298b47fa156626  3f680a932b42f3c7
     25         560509         336655            394  e9fe988455e06256  5b8e6b560a45f1c8
     27    1.12759e+06         503267           1267  ed7b50640adc3860  ebbc023b95755718
============================================================
Thread 20
  BBLID       Time(ns)    Instruction  Memory Access          Hash(hi)          Hash(lo)
      0    2.17639e+06         980589           1826  0000000000000000  0000000000000000
      4         952934         301142          12124  03e9127d97a76476  9cfea7aa6de62b69
      9          31661          12093            163  56c7a5b6155b0eca  670e4e2e439be8fe
     11            736             48              0  8e5caae85e5d2875  8c68ae296a183e89
     13         948612         530355           8505  93f65a416b8826f1  c0be7664709cce48
     16         442646         202671           2167  b917032c13fa40f1  9fe8a512545ed866
     20            989             64              3  cc095ae27bd5e16d  58676a8e0ace531e
     22     8.0854e+06        2195904          75619  d2298b47fa156626  3f680a932b42f3c7
     25         559792         336059            332  e9fe988455e06256  5b8e6b560a45f1c8
     27    1.12449e+06         500316           1168  ed7b50640adc3860  ebbc023b95755718
============================================================
Thread 21
  BBLID       Time(ns)    Instruction  Memory Access          Hash(hi)          Hash(lo)
      0    2.16617e+06         978737           1880  0000000000000000  0000000000000000
      4         952206         301142          12142  03e9127d97a76476  9cfea7aa6de62b69
      9          30519          12093            179  56c7a5b6155b0eca  670e4e2e439be8fe
     13         951641         530355           8487  93f65a416b8826f1  c0be7664709cce48
     16         443126         202674           2212  b917032c13fa40f1  9fe8a512545ed866
     22    8.08589e+06        2170577          76092  d2298b47fa156626  3f680a932b42f3c7
     25         559676         336535            389  e9fe988455e06256  5b8e6b560a45f1c8
     27    1.12629e+06         500130           1229  ed7b50640adc3860  ebbc023b95755718
============================================================
Thread 22
  BBLID       Time(ns)    Instruction  Memory Access          Hash(hi)          Hash(lo)
      0    2.17144e+06         981155           1726  0000000000000000  0000000000000000
      4         951797         301142          12085  03e9127d97a76476  9cfea7aa6de62b69
      9          32336          12093            224  56c7a5b6155b0eca  670e4e2e439be8fe
     11            391             24              8  8e5caae85e5d2875  8c68ae296a183e89
     13         949196         530355           8541  93f65a416b8826f1  c0be7664709cce48
     16         441296         202671           2196  b917032c13fa40f1  9fe8a512545ed866
     20            594             32              3  cc095ae27bd5e16d  58676a8e0ace531e
     22    8.08676e+06        2197471          76717  d2298b47fa156626  3f680a932b42f3c7
     25         560399         336732            296  e9fe988455e06256  5b8e6b560a45f1c8
     27    1.12376e+06         499401           1165  ed7b50640adc3860  ebbc023b95755718
============================================================
Thread 23
  BBLID       Time(ns)    Instruction  Memory Access          Hash(hi)          Hash(lo)
      0    2.16884e+06         979384           1773  0000000000000000  0000000000000000
      4         953331         301142          12103  03e9127d97a76476  9cfea7aa6de62b69
      9          32269          12093            182  56c7a5b6155b0eca  670e4e2e439be8fe
     13         951407         530355           8554  93f65a416b8826f1  c0be7664709cce48
     16         443454         202671           2197  b917032c13fa40f1  9fe8a512545ed866
     22    8.08578e+06        2163046          76861  d2298b47fa156626  3f680a932b42f3c7
     25         558428         336001            336  e9fe988455e06256  5b8e6b560a45f1c8
     27    1.12664e+06         502313           1188  ed7b50640adc3860  ebbc023b95755718
============================================================
Thread 24
  BBLID       Time(ns)    Instruction  Memory Access          Hash(hi)          Hash(lo)
      0    2.17496e+06         978783           1612  0000000000000000  0000000000000000
      4         953439         301142          12119  03e9127d97a76476  9cfea7aa6de62b69
      9          32017          12093            191  56c7a5b6155b0eca  670e4e2e439be8fe
     11           1165             72              0  8e5caae85e5d2875  8c68ae296a183e89
     13         951738         530355           8626  93f65a416b8826f1  c0be7664709cce48
     16         442812         202671           2241  b917032c13fa40f1  9fe8a512545ed866
     20           1365             96              0  cc095ae27bd5e16d  58676a8e0ace531e
     22     8.0853e+06        2160040          74661  d2298b47fa156626  3f680a932b42f3c7
     25         559723         336092            367  e9fe988455e06256  5b8e6b560a45f1c8
     27    1.12375e+06         498753           1159  ed7b50640adc3860  ebbc023b95755718
============================================================
Thread 25
  BBLID       Time(ns)    Instruction  Memory Access          Hash(hi)          Hash(lo)
      0    2.16723e+06         979157           1750  0000000000000000  0000000000000000
      4         953389         301142          12114  03e9127d97a76476  9cfea7aa6de62b69
      9          30367          12093            133  56c7a5b6155b0eca  670e4e2e439be8fe
     13         951956         530355           8560  93f65a416b8826f1  c0be7664709cce48
     16         443213         202671           2191  b917032c13fa40f1  9fe8a512545ed866
     22    8.08569e+06        2170567          76511  d2298b47fa156626  3f680a932b42f3c7
     25         560024         335823            352  e9fe988455e06256  5b8e6b560a45f1c8
     27    1.12642e+06         500978           1225  ed7b50640adc3860  ebbc023b95755718
============================================================
Thread 26
  BBLID       Time(ns)    Instruction  Memory Access          Hash(hi)          Hash(lo)
      0    2.16876e+06         980148           1717  0000000000000000  0000000000000000
      4         953422         301142          12101  03e9127d97a76476  9cfea7aa6de62b69
      9          29679          12093            143  56c7a5b6155b0eca  670e4e2e439be8fe
     11            386             24              4  8e5caae85e5d2875  8c68ae296a183e89
     13         951744         530355           8561  93f65a416b8826f1  c0be7664709cce48
     16         442045         202671           2169  b917032c13fa40f1  9fe8a512545ed866
     20            424             32              3  cc095ae27bd5e16d  58676a8e0ace531e
     22    8.08669e+06        2171422          76569  d2298b47fa156626  3f680a932b42f3c7
     25         560005         336149            358  e9fe988455e06256  5b8e6b560a45f1c8
     27    1.12716e+06         501468           1218  ed7b50640adc3860  ebbc023b95755718
============================================================
Thread 27
  BBLID       Time(ns)    Instruction  Memory Access          Hash(hi)          Hash(lo)
      0    2.17194e+06         978053           1726  0000000000000000  0000000000000000
      4         952630         301142          12082  03e9127d97a76476  9cfea7aa6de62b69
      9          31252          12093            195  56c7a5b6155b0eca  670e4e2e439be8fe
     13         952176         530355           8575  93f65a416b8826f1  c0be7664709cce48
     16         443048         202671           2226  b917032c13fa40f1  9fe8a512545ed866
     22    8.08654e+06        2171679          75866  d2298b47fa156626  3f680a932b42f3c7
     25         559852         335729            356  e9fe988455e06256  5b8e6b560a45f1c8
     27    1.12545e+06         502207           1164  ed7b50640adc3860  ebbc023b95755718
============================================================
Thread 28
  BBLID       Time(ns)    Instruction  Memory Access          Hash(hi)          Hash(lo)
      0    2.17853e+06         981976           1719  0000000000000000  0000000000000000
      4         953331         301142          12099  03e9127d97a76476  9cfea7aa6de62b69
      9          29661          12093            142  56c7a5b6155b0eca  670e4e2e439be8fe
     11            786             48              1  8e5caae85e5d2875  8c68ae296a183e89
     13         952299         530355           8636  93f65a416b8826f1  c0be7664709cce48
     16         442901         202671           2258  b917032c13fa40f1  9fe8a512545ed866
     20            918             64              1  cc095ae27bd5e16d  58676a8e0ace531e
     22    8.08527e+06        2172903          75417  d2298b47fa156626  3f680a932b42f3c7
     25         559599         335652            350  e9fe988455e06256  5b8e6b560a45f1c8
     27    1.12524e+06         498935           1309  ed7b50640adc3860  ebbc023b95755718
============================================================
Thread 29
  BBLID       Time(ns)    Instruction  Memory Access          Hash(hi)          Hash(lo)
      0     2.1678e+06         979588           1735  0000000000000000  0000000000000000
      4         953499         301142          12083  03e9127d97a76476  9cfea7aa6de62b69
      9          32827          12093            185  56c7a5b6155b0eca  670e4e2e439be8fe
     13         951845         530355           8569  93f65a416b8826f1  c0be7664709cce48
     16         442051         202671           2198  b917032c13fa40f1  9fe8a512545ed866
     22    8.08639e+06        2153796          76635  d2298b47fa156626  3f680a932b42f3c7
     25         560138         336610            393  e9fe988455e06256  5b8e6b560a45f1c8
     27    1.12646e+06         501306           1249  ed7b50640adc3860  ebbc023b95755718
============================================================
Thread 30
  BBLID       Time(ns)    Instruction  Memory Access          Hash(hi)          Hash(lo)
      0    2.16815e+06         980826           1636  0000000000000000  0000000000000000
      4         960639         302031          12189  03e9127d97a76476  9cfea7aa6de62b69
      9          30423          12093            142  56c7a5b6155b0eca  670e4e2e439be8fe
     11            418             24             10  8e5caae85e5d2875  8c68ae296a183e89
     13         948799         530355           8531  93f65a416b8826f1  c0be7664709cce48
     16         439442         202671           2189  b917032c13fa40f1  9fe8a512545ed866
     20            454             32              4  cc095ae27bd5e16d  58676a8e0ace531e
     22     8.0876e+06        2195873          76344  d2298b47fa156626  3f680a932b42f3c7
     25         559471         337114            350  e9fe988455e06256  5b8e6b560a45f1c8
     27    1.12766e+06         501767           1314  ed7b50640adc3860  ebbc023b95755718
============================================================
Thread 31
  BBLID       Time(ns)    Instruction  Memory Access          Hash(hi)          Hash(lo)
      0    2.15981e+06         979487          43021  0000000000000000  0000000000000000
      4         962218         302031          12525  03e9127d97a76476  9cfea7aa6de62b69
      9          32847          12093            242  56c7a5b6155b0eca  670e4e2e439be8fe
     13         951012         530339           8204  93f65a416b8826f1  c0be7664709cce48
     16         441364         202665           2169  b917032c13fa40f1  9fe8a512545ed866
     22    8.08607e+06        2174001          74446  d2298b47fa156626  3f680a932b42f3c7
     25         559852         336082            310  e9fe988455e06256  5b8e6b560a45f1c8
     27    1.12317e+06         501995           2274  ed7b50640adc3860  ebbc023b95755718
