============================================================
Thread 0
  BBLID       Time(ns)    Instruction  Memory Access          Hash(hi)          Hash(lo)
      0           4854              3              0  0000000000000000  0000000000000000
      1     6.6139e+09     4541944239       62966357  0000000000000001  0000000000000001
      2    5.52311e+08      188774994        1977094  32bf58d955408e84  2554566ce7817a2f
      3          13077           1256            210  e6f079db413586a2  c0f707fb46498876
============================================================
Thread 1
  BBLID       Time(ns)    Instruction  Memory Access          Hash(hi)          Hash(lo)
      0    1.42696e+06         637887           1494  0000000000000000  0000000000000000
      2     5.5227e+08      188774346        2615307  32bf58d955408e84  2554566ce7817a2f
============================================================
Thread 2
  BBLID       Time(ns)    Instruction  Memory Access          Hash(hi)          Hash(lo)
      0    1.73199e+06         787505           3232  0000000000000000  0000000000000000
      2    5.51939e+08      188774346        2636299  32bf58d955408e84  2554566ce7817a2f
============================================================
Thread 3
  BBLID       Time(ns)    Instruction  Memory Access          Hash(hi)          Hash(lo)
      0    1.80512e+06         820760           3541  0000000000000000  0000000000000000
      2    5.51869e+08      188775127        2561892  32bf58d955408e84  2554566ce7817a2f
============================================================
Thread 4
  BBLID       Time(ns)    Instruction  Memory Access          Hash(hi)          Hash(lo)
      0    1.48844e+06         670311           1211  0000000000000000  0000000000000000
      2    5.52184e+08      188774346        1973864  32bf58d955408e84  2554566ce7817a2f
============================================================
Thread 5
  BBLID       Time(ns)    Instruction  Memory Access          Hash(hi)          Hash(lo)
      0    1.32647e+06         596621            773  0000000000000000  0000000000000000
      2    5.52339e+08      188774346        1878900  32bf58d955408e84  2554566ce7817a2f
============================================================
Thread 6
  BBLID       Time(ns)    Instruction  Memory Access          Hash(hi)          Hash(lo)
      0    1.34294e+06         603972           1147  0000000000000000  0000000000000000
      2    5.52325e+08      188774346        2557535  32bf58d955408e84  2554566ce7817a2f
============================================================
Thread 7
  BBLID       Time(ns)    Instruction  Memory Access          Hash(hi)          Hash(lo)
      0    1.48228e+06         670106           1603  0000000000000000  0000000000000000
      2    5.52188e+08      188774346        2207689  32bf58d955408e84  2554566ce7817a2f
============================================================
Thread 8
  BBLID       Time(ns)    Instruction  Memory Access          Hash(hi)          Hash(lo)
      0    1.32706e+06         594362            810  0000000000000000  0000000000000000
      2    5.52349e+08      188774346        1946441  32bf58d955408e84  2554566ce7817a2f
============================================================
Thread 9
  BBLID       Time(ns)    Instruction  Memory Access          Hash(hi)          Hash(lo)
      0    1.39902e+06         630282           1595  0000000000000000  0000000000000000
      2    5.52269e+08      188774346        2939317  32bf58d955408e84  2554566ce7817a2f
============================================================
Thread 10
  BBLID       Time(ns)    Instruction  Memory Access          Hash(hi)          Hash(lo)
      0    1.57741e+06         714279           2287  0000000000000000  0000000000000000
      2    5.52092e+08      188774346        2206883  32bf58d955408e84  2554566ce7817a2f
============================================================
Thread 11
  BBLID       Time(ns)    Instruction  Memory Access          Hash(hi)          Hash(lo)
      0    1.33536e+06         600620           1154  0000000000000000  0000000000000000
      2    5.52337e+08      188774346        2568840  32bf58d955408e84  2554566ce7817a2f
============================================================
Thread 12
  BBLID       Time(ns)    Instruction  Memory Access          Hash(hi)          Hash(lo)
      0    1.34047e+06         601198            893  0000000000000000  0000000000000000
      2    5.52337e+08      188774346        1974229  32bf58d955408e84  2554566ce7817a2f
============================================================
Thread 13
  BBLID       Time(ns)    Instruction  Memory Access          Hash(hi)          Hash(lo)
      0    1.52418e+06         689143           1817  0000000000000000  0000000000000000
      2    5.52146e+08      188774346        2461602  32bf58d955408e84  2554566ce7817a2f
============================================================
Thread 14
  BBLID       Time(ns)    Instruction  Memory Access          Hash(hi)          Hash(lo)
      0     1.4002e+06         631046           1502  0000000000000000  0000000000000000
      2    5.52272e+08      188774346        2688602  32bf58d955408e84  2554566ce7817a2f
============================================================
Thread 15
  BBLID       Time(ns)    Instruction  Memory Access          Hash(hi)          Hash(lo)
      0    1.53475e+06         692709           2230  0000000000000000  0000000000000000
      2     5.5214e+08      188775127        2659188  32bf58d955408e84  2554566ce7817a2f
============================================================
Thread 16
  BBLID       Time(ns)    Instruction  Memory Access          Hash(hi)          Hash(lo)
      0    1.52676e+06         686482           1149  0000000000000000  0000000000000000
      2    5.52151e+08      188774346        1980066  32bf58d955408e84  2554566ce7817a2f
============================================================
Thread 17
  BBLID       Time(ns)    Instruction  Memory Access          Hash(hi)          Hash(lo)
      0    1.69447e+06         768978           1811  0000000000000000  0000000000000000
      2    5.51972e+08      188774346        2217729  32bf58d955408e84  2554566ce7817a2f
============================================================
Thread 18
  BBLID       Time(ns)    Instruction  Memory Access          Hash(hi)          Hash(lo)
      0    1.33368e+06         599045           1096  0000000000000000  0000000000000000
      2    5.52335e+08      188774346        2757389  32bf58d955408e84  2554566ce7817a2f
============================================================
Thread 19
  BBLID       Time(ns)    Instruction  Memory Access          Hash(hi)          Hash(lo)
      0     1.3327e+06         599005           1171  0000000000000000  0000000000000000
      2    5.52338e+08      188774346        2855837  32bf58d955408e84  2554566ce7817a2f
============================================================
Thread 20
  BBLID       Time(ns)    Instruction  Memory Access          Hash(hi)          Hash(lo)
      0    1.33306e+06         596722            918  0000000000000000  0000000000000000
      2    5.52337e+08      188774346        1975451  32bf58d955408e84  2554566ce7817a2f
============================================================
Thread 21
  BBLID       Time(ns)    Instruction  Memory Access          Hash(hi)          Hash(lo)
      0    1.32513e+06         595584           1038  0000000000000000  0000000000000000
      2    5.52337e+08      188774346        2580539  32bf58d955408e84  2554566ce7817a2f
============================================================
Thread 22
  BBLID       Time(ns)    Instruction  Memory Access          Hash(hi)          Hash(lo)
      0    1.32653e+06         595715           1088  0000000000000000  0000000000000000
      2    5.52338e+08      188774346        2483506  32bf58d955408e84  2554566ce7817a2f
============================================================
Thread 23
  BBLID       Time(ns)    Instruction  Memory Access          Hash(hi)          Hash(lo)
      0    1.33103e+06         597804           1260  0000000000000000  0000000000000000
      2    5.52336e+08      188774346        2895019  32bf58d955408e84  2554566ce7817a2f
============================================================
Thread 24
  BBLID       Time(ns)    Instruction  Memory Access          Hash(hi)          Hash(lo)
      0    1.37732e+06         616741            888  0000000000000000  0000000000000000
      2    5.52295e+08      188774346        2115750  32bf58d955408e84  2554566ce7817a2f
============================================================
Thread 25
  BBLID       Time(ns)    Instruction  Memory Access          Hash(hi)          Hash(lo)
      0    1.48886e+06         672141           1760  0000000000000000  0000000000000000
      2    5.52176e+08      188774346        2633514  32bf58d955408e84  2554566ce7817a2f
============================================================
Thread 26
  BBLID       Time(ns)    Instruction  Memory Access          Hash(hi)          Hash(lo)
      0     1.3282e+06         596946           1218  0000000000000000  0000000000000000
      2    5.52339e+08      188774346        2958055  32bf58d955408e84  2554566ce7817a2f
============================================================
Thread 27
  BBLID       Time(ns)    Instruction  Memory Access          Hash(hi)          Hash(lo)
      0     1.5194e+06         686405           2237  0000000000000000  0000000000000000
      2     5.5215e+08      188774346        2926037  32bf58d955408e84  2554566ce7817a2f
============================================================
Thread 28
  BBLID       Time(ns)    Instruction  Memory Access          Hash(hi)          Hash(lo)
      0      1.369e+06         613255            882  0000000000000000  0000000000000000
      2    5.52306e+08      188774346        2077877  32bf58d955408e84  2554566ce7817a2f
============================================================
Thread 29
  BBLID       Time(ns)    Instruction  Memory Access          Hash(hi)          Hash(lo)
      0    1.39215e+06         626434           1484  0000000000000000  0000000000000000
      2    5.52275e+08      188774346        2937675  32bf58d955408e84  2554566ce7817a2f
============================================================
Thread 30
  BBLID       Time(ns)    Instruction  Memory Access          Hash(hi)          Hash(lo)
      0    1.40529e+06         632539           1601  0000000000000000  0000000000000000
      2    5.52264e+08      188774346        2884358  32bf58d955408e84  2554566ce7817a2f
============================================================
Thread 31
  BBLID       Time(ns)    Instruction  Memory Access          Hash(hi)          Hash(lo)
      0    1.32122e+06         598061          32189  0000000000000000  0000000000000000
      2    5.52341e+08      188774346        2567162  32bf58d955408e84  2554566ce7817a2f
