============================================================
ReuseSegment - Thread 0
head = 1, count = 1 | 1 3 
head = 3, count = 66 | 1 3 
head = 1, count = 114 | 2 1 
head = 2, count = 5 | 2 1 
============================================================
ReuseSegment - Thread 1
head = 0, count = 101 | 2 0 
head = 2, count = 3 | 2 0 
============================================================
ReuseSegment - Thread 2
head = 0, count = 103 | 2 0 
head = 2, count = 3 | 2 0 
============================================================
ReuseSegment - Thread 3
head = 0, count = 119 | 2 0 
head = 2, count = 23 | 2 0 
============================================================
ReuseSegment - Thread 4
head = 0, count = 125 | 2 0 
head = 2, count = 3 | 2 0 
============================================================
ReuseSegment - Thread 5
head = 0, count = 106 | 2 0 
head = 2, count = 3 | 2 0 
============================================================
ReuseSegment - Thread 6
head = 0, count = 103 | 2 0 
head = 2, count = 3 | 2 0 
============================================================
ReuseSegment - Thread 7
head = 0, count = 106 | 2 0 
head = 2, count = 3 | 2 0 
============================================================
ReuseSegment - Thread 8
head = 0, count = 112 | 2 0 
head = 2, count = 3 | 2 0 
============================================================
ReuseSegment - Thread 9
head = 0, count = 105 | 2 0 
head = 2, count = 3 | 2 0 
============================================================
ReuseSegment - Thread 10
head = 0, count = 102 | 2 0 
head = 2, count = 3 | 2 0 
============================================================
ReuseSegment - Thread 11
head = 0, count = 115 | 2 0 
head = 2, count = 3 | 2 0 
============================================================
ReuseSegment - Thread 12
head = 0, count = 104 | 2 0 
head = 2, count = 3 | 2 0 
============================================================
ReuseSegment - Thread 13
head = 0, count = 106 | 2 0 
head = 2, count = 3 | 2 0 
============================================================
ReuseSegment - Thread 14
head = 0, count = 103 | 2 0 
head = 2, count = 3 | 2 0 
============================================================
ReuseSegment - Thread 15
head = 0, count = 119 | 2 0 
head = 2, count = 23 | 2 0 
============================================================
ReuseSegment - Thread 16
head = 0, count = 100 | 2 0 
head = 2, count = 3 | 2 0 
============================================================
ReuseSegment - Thread 17
head = 0, count = 106 | 2 0 
head = 2, count = 3 | 2 0 
============================================================
ReuseSegment - Thread 18
head = 0, count = 103 | 2 0 
head = 2, count = 3 | 2 0 
============================================================
ReuseSegment - Thread 19
head = 0, count = 106 | 2 0 
head = 2, count = 3 | 2 0 
============================================================
ReuseSegment - Thread 20
head = 0, count = 113 | 2 0 
head = 2, count = 3 | 2 0 
============================================================
ReuseSegment - Thread 21
head = 0, count = 105 | 2 0 
head = 2, count = 3 | 2 0 
============================================================
ReuseSegment - Thread 22
head = 0, count = 102 | 2 0 
head = 2, count = 3 | 2 0 
============================================================
ReuseSegment - Thread 23
head = 0, count = 106 | 2 0 
head = 2, count = 3 | 2 0 
============================================================
ReuseSegment - Thread 24
head = 0, count = 113 | 2 0 
head = 2, count = 3 | 2 0 
============================================================
ReuseSegment - Thread 25
head = 0, count = 106 | 2 0 
head = 2, count = 3 | 2 0 
============================================================
ReuseSegment - Thread 26
head = 0, count = 115 | 2 0 
head = 2, count = 3 | 2 0 
============================================================
ReuseSegment - Thread 27
head = 0, count = 106 | 2 0 
head = 2, count = 3 | 2 0 
============================================================
ReuseSegment - Thread 28
head = 0, count = 113 | 2 0 
head = 2, count = 3 | 2 0 
============================================================
ReuseSegment - Thread 29
head = 0, count = 106 | 2 0 
head = 2, count = 3 | 2 0 
============================================================
ReuseSegment - Thread 30
head = 0, count = 102 | 2 0 
head = 2, count = 3 | 2 0 
============================================================
ReuseSegment - Thread 31
head = 0, count = 133 | 2 0 
head = 2, count = 3 | 2 0 
============================================================
BBLSwitchCount - Thread 0
from = 0 | 1:1 
from = 1 | 0:1 3:1 2:3 
from = 3 | 1:1 
from = 2 | 1:3 
============================================================
BBLSwitchCount - Thread 1
from = 0 | 2:3 
from = 2 | 0:3 
============================================================
BBLSwitchCount - Thread 2
from = 0 | 2:3 
from = 2 | 0:3 
============================================================
BBLSwitchCount - Thread 3
from = 0 | 2:3 
from = 2 | 0:3 
============================================================
BBLSwitchCount - Thread 4
from = 0 | 2:3 
from = 2 | 0:3 
============================================================
BBLSwitchCount - Thread 5
from = 0 | 2:3 
from = 2 | 0:3 
============================================================
BBLSwitchCount - Thread 6
from = 0 | 2:3 
from = 2 | 0:3 
============================================================
BBLSwitchCount - Thread 7
from = 0 | 2:3 
from = 2 | 0:3 
============================================================
BBLSwitchCount - Thread 8
from = 0 | 2:3 
from = 2 | 0:3 
============================================================
BBLSwitchCount - Thread 9
from = 0 | 2:3 
from = 2 | 0:3 
============================================================
BBLSwitchCount - Thread 10
from = 0 | 2:3 
from = 2 | 0:3 
============================================================
BBLSwitchCount - Thread 11
from = 0 | 2:3 
from = 2 | 0:3 
============================================================
BBLSwitchCount - Thread 12
from = 0 | 2:3 
from = 2 | 0:3 
============================================================
BBLSwitchCount - Thread 13
from = 0 | 2:3 
from = 2 | 0:3 
============================================================
BBLSwitchCount - Thread 14
from = 0 | 2:3 
from = 2 | 0:3 
============================================================
BBLSwitchCount - Thread 15
from = 0 | 2:3 
from = 2 | 0:3 
============================================================
BBLSwitchCount - Thread 16
from = 0 | 2:3 
from = 2 | 0:3 
============================================================
BBLSwitchCount - Thread 17
from = 0 | 2:3 
from = 2 | 0:3 
============================================================
BBLSwitchCount - Thread 18
from = 0 | 2:3 
from = 2 | 0:3 
============================================================
BBLSwitchCount - Thread 19
from = 0 | 2:3 
from = 2 | 0:3 
============================================================
BBLSwitchCount - Thread 20
from = 0 | 2:3 
from = 2 | 0:3 
============================================================
BBLSwitchCount - Thread 21
from = 0 | 2:3 
from = 2 | 0:3 
============================================================
BBLSwitchCount - Thread 22
from = 0 | 2:3 
from = 2 | 0:3 
============================================================
BBLSwitchCount - Thread 23
from = 0 | 2:3 
from = 2 | 0:3 
============================================================
BBLSwitchCount - Thread 24
from = 0 | 2:3 
from = 2 | 0:3 
============================================================
BBLSwitchCount - Thread 25
from = 0 | 2:3 
from = 2 | 0:3 
============================================================
BBLSwitchCount - Thread 26
from = 0 | 2:3 
from = 2 | 0:3 
============================================================
BBLSwitchCount - Thread 27
from = 0 | 2:3 
from = 2 | 0:3 
============================================================
BBLSwitchCount - Thread 28
from = 0 | 2:3 
from = 2 | 0:3 
============================================================
BBLSwitchCount - Thread 29
from = 0 | 2:3 
from = 2 | 0:3 
============================================================
BBLSwitchCount - Thread 30
from = 0 | 2:3 
from = 2 | 0:3 
============================================================
BBLSwitchCount - Thread 31
from = 0 | 2:3 
from = 2 | 0:3 
