============================================================
Thread 0
  BBLID       Time(ns)    Instruction  Memory Access          Hash(hi)          Hash(lo)
      0          33021              3          13145  0000000000000000  0000000000000000
      1          37410           7019            165  0000000000000001  0000000000000001
      2          64519          30464            322  0445e6e4169bfc8f  3666226fcc0f36eb
      3         117356          37888              0  1601f5cbea11108a  149ae4c83a7afe6f
      4          14083           4831            132  17a27d9b3da1dc2e  ee0833915b3e9cbd
      5         606504         263485              6  209943c9217e5975  21c1bffa03c2b90d
      6           5150            990             82  36a8852be33d6213  9ceca75496ab2263
      7         111804          38767              0  46f04fdd0c5e76fe  0f996b79cfa70774
      8              0              0            943  4c1aac0c3b1bb23d  c8225a4713106fd2
      9           5872           2610             44  5999f5b201485785  635b0984a218cca2
     10         315885         202669           3714  62e03459d32f8b40  43779ab9bcbdddff
     11    3.41573e+06        1428902           8491  68f4d0a6d28757f9  cf74201ab31b30e9
     12           1354            331             18  6b0c4da997dad4ab  3233b1d02c2eaa38
     13    3.39018e+06        1020077          22276  71466816e2c73506  07c5274daf0d290a
     14    8.25798e+06        1967311          67619  854c199e84091dd2  c72d41a7d5a049e9
     15           7616           2000             75  86826d1eb5a292a7  7989b804fd9e3e0c
     16           3729           1424             29  8bc3098a89612f8a  fc9f7974ac9f5ef8
     17           9968           1853            146  90bd3749c152f3b8  886e1d1118d9684b
     18           7032           2342             68  9cab38ac2f4342f4  0c10391042f31a9c
     19          10952           3366            110  b61a81f9f450c265  a23f2493b55783a6
     20          52760          37728              0  c348301f7416695f  20c4cbd821b2a688
     21          12280           5452             57  d1470edcfcbbdff5  0033e493fa9c2e97
     22    1.61039e+06         582851           9388  d40d5a05c45484d3  2b7369e3cc63ed13
     23          17548           2498              0  d4106ff516ff8b61  9b0ed8ecf5bdec51
     24         490966         143891           3093  d5ae720e65ee268f  6238fbad8959b421
     25         959681         301900          12319  d9634f2585ecce47  cc1afe2224cc4ee9
     26           2273            198              0  e0b4b324dcf25ee6  f257892c2a8eb46b
     27          40843          13750              1  fab9d0843aa070d5  c32d950f215628ca
============================================================
Thread 1
  BBLID       Time(ns)    Instruction  Memory Access          Hash(hi)          Hash(lo)
      0    1.74875e+06         766983           2682  0000000000000000  0000000000000000
     10         316061         202672           3710  62e03459d32f8b40  43779ab9bcbdddff
     13     3.3556e+06        1020379          20386  71466816e2c73506  07c5274daf0d290a
     14    8.16139e+06        1997770          69046  854c199e84091dd2  c72d41a7d5a049e9
     22    1.61682e+06         581264           9420  d40d5a05c45484d3  2b7369e3cc63ed13
     25         962606         302037          12193  d9634f2585ecce47  cc1afe2224cc4ee9
============================================================
Thread 2
  BBLID       Time(ns)    Instruction  Memory Access          Hash(hi)          Hash(lo)
      0    1.75546e+06         771423           2002  0000000000000000  0000000000000000
     10         318964         202672           3713  62e03459d32f8b40  43779ab9bcbdddff
     13    3.33928e+06        1020133          20918  71466816e2c73506  07c5274daf0d290a
     14     8.1249e+06        1999115          70216  854c199e84091dd2  c72d41a7d5a049e9
     22    1.63178e+06         581108           9584  d40d5a05c45484d3  2b7369e3cc63ed13
     25         961988         302068          12192  d9634f2585ecce47  cc1afe2224cc4ee9
============================================================
Thread 3
  BBLID       Time(ns)    Instruction  Memory Access          Hash(hi)          Hash(lo)
      0    1.91378e+06         846018           2410  0000000000000000  0000000000000000
     10         318803         202672           3737  62e03459d32f8b40  43779ab9bcbdddff
     13    3.30445e+06        1017935          20780  71466816e2c73506  07c5274daf0d290a
     14     8.0056e+06        1991986          68027  854c199e84091dd2  c72d41a7d5a049e9
     22    1.63059e+06         580916           9548  d40d5a05c45484d3  2b7369e3cc63ed13
     25         962253         302068          12115  d9634f2585ecce47  cc1afe2224cc4ee9
============================================================
Thread 4
  BBLID       Time(ns)    Instruction  Memory Access          Hash(hi)          Hash(lo)
      0    2.09631e+06         926553           2667  0000000000000000  0000000000000000
     10         320344         202672           3783  62e03459d32f8b40  43779ab9bcbdddff
     13    3.27297e+06        1015532          21221  71466816e2c73506  07c5274daf0d290a
     14    7.85863e+06        1983737          71382  854c199e84091dd2  c72d41a7d5a049e9
     22    1.63466e+06         580700           9789  d40d5a05c45484d3  2b7369e3cc63ed13
     25         951720         301142          12024  d9634f2585ecce47  cc1afe2224cc4ee9
============================================================
Thread 5
  BBLID       Time(ns)    Instruction  Memory Access          Hash(hi)          Hash(lo)
      0    2.14161e+06         950145           3003  0000000000000000  0000000000000000
     10         319737         202672           3766  62e03459d32f8b40  43779ab9bcbdddff
     13    3.25384e+06        1014058          21105  71466816e2c73506  07c5274daf0d290a
     14      7.839e+06        1981242          67544  854c199e84091dd2  c72d41a7d5a049e9
     22    1.62122e+06         580004           9444  d40d5a05c45484d3  2b7369e3cc63ed13
     25         951857         301142          12000  d9634f2585ecce47  cc1afe2224cc4ee9
============================================================
Thread 6
  BBLID       Time(ns)    Instruction  Memory Access          Hash(hi)          Hash(lo)
      0    2.09674e+06         926552           4259  0000000000000000  0000000000000000
     10         318954         202672           3780  62e03459d32f8b40  43779ab9bcbdddff
     13    3.26935e+06        1014828          20886  71466816e2c73506  07c5274daf0d290a
     14    7.85112e+06        1973374          70767  854c199e84091dd2  c72d41a7d5a049e9
     22    1.63981e+06         583340           9438  d40d5a05c45484d3  2b7369e3cc63ed13
     25         953735         301142          12032  d9634f2585ecce47  cc1afe2224cc4ee9
============================================================
Thread 7
  BBLID       Time(ns)    Instruction  Memory Access          Hash(hi)          Hash(lo)
      0     2.2114e+06         985955           2037  0000000000000000  0000000000000000
     10         319427         202672           3791  62e03459d32f8b40  43779ab9bcbdddff
     13    3.23041e+06        1013302          19836  71466816e2c73506  07c5274daf0d290a
     14    7.77501e+06        1978573          68222  854c199e84091dd2  c72d41a7d5a049e9
     22     1.6339e+06         585068           9284  d40d5a05c45484d3  2b7369e3cc63ed13
     25         961852         302037          12157  d9634f2585ecce47  cc1afe2224cc4ee9
============================================================
Thread 8
  BBLID       Time(ns)    Instruction  Memory Access          Hash(hi)          Hash(lo)
      0    2.21153e+06         979426           3073  0000000000000000  0000000000000000
     10         319840         202672           3760  62e03459d32f8b40  43779ab9bcbdddff
     13    3.22673e+06        1011228          21039  71466816e2c73506  07c5274daf0d290a
     14    7.77502e+06        1970431          67828  854c199e84091dd2  c72d41a7d5a049e9
     22    1.64183e+06         583448           9742  d40d5a05c45484d3  2b7369e3cc63ed13
     25         962260         302037          12153  d9634f2585ecce47  cc1afe2224cc4ee9
============================================================
Thread 9
  BBLID       Time(ns)    Instruction  Memory Access          Hash(hi)          Hash(lo)
      0    2.20535e+06         980297           7023  0000000000000000  0000000000000000
     10         319213         202672           3783  62e03459d32f8b40  43779ab9bcbdddff
     13    3.22687e+06        1012845          20356  71466816e2c73506  07c5274daf0d290a
     14    7.78579e+06        1974447          70255  854c199e84091dd2  c72d41a7d5a049e9
     22    1.63779e+06         582488           9609  d40d5a05c45484d3  2b7369e3cc63ed13
     25         954125         301142          12030  d9634f2585ecce47  cc1afe2224cc4ee9
============================================================
Thread 10
  BBLID       Time(ns)    Instruction  Memory Access          Hash(hi)          Hash(lo)
      0    2.22906e+06         992057           2001  0000000000000000  0000000000000000
     10         319412         202672           3733  62e03459d32f8b40  43779ab9bcbdddff
     13    3.20307e+06        1010392          20109  71466816e2c73506  07c5274daf0d290a
     14    7.77532e+06        1975411          69012  854c199e84091dd2  c72d41a7d5a049e9
     22    1.64089e+06         584192           9573  d40d5a05c45484d3  2b7369e3cc63ed13
     25         963818         302037          12198  d9634f2585ecce47  cc1afe2224cc4ee9
============================================================
Thread 11
  BBLID       Time(ns)    Instruction  Memory Access          Hash(hi)          Hash(lo)
      0    2.28631e+06        1019073           2495  0000000000000000  0000000000000000
     10         320247         202672           3740  62e03459d32f8b40  43779ab9bcbdddff
     13    3.19992e+06        1010444          20185  71466816e2c73506  07c5274daf0d290a
     14     7.7264e+06        1970672          69436  854c199e84091dd2  c72d41a7d5a049e9
     22    1.63909e+06         584144           9519  d40d5a05c45484d3  2b7369e3cc63ed13
     25         961729         302037          12124  d9634f2585ecce47  cc1afe2224cc4ee9
============================================================
Thread 12
  BBLID       Time(ns)    Instruction  Memory Access          Hash(hi)          Hash(lo)
      0    2.32926e+06        1033556           3478  0000000000000000  0000000000000000
     10         320666         202672           3759  62e03459d32f8b40  43779ab9bcbdddff
     13    3.18637e+06        1009030          20305  71466816e2c73506  07c5274daf0d290a
     14    7.70836e+06        1966832          70050  854c199e84091dd2  c72d41a7d5a049e9
     22    1.63622e+06         582200           9492  d40d5a05c45484d3  2b7369e3cc63ed13
     25         959028         302068          12132  d9634f2585ecce47  cc1afe2224cc4ee9
============================================================
Thread 13
  BBLID       Time(ns)    Instruction  Memory Access          Hash(hi)          Hash(lo)
      0    2.48162e+06        1112676           4505  0000000000000000  0000000000000000
     10         317764         202672           3701  62e03459d32f8b40  43779ab9bcbdddff
     13    3.17056e+06        1009693          20127  71466816e2c73506  07c5274daf0d290a
     14    7.58347e+06        1956305          67421  854c199e84091dd2  c72d41a7d5a049e9
     22    1.61656e+06         580424           9500  d40d5a05c45484d3  2b7369e3cc63ed13
     25         962048         302037          12189  d9634f2585ecce47  cc1afe2224cc4ee9
============================================================
Thread 14
  BBLID       Time(ns)    Instruction  Memory Access          Hash(hi)          Hash(lo)
      0    2.35177e+06        1049985           8831  0000000000000000  0000000000000000
     10         318803         202672           3707  62e03459d32f8b40  43779ab9bcbdddff
     13    3.17647e+06        1010060          19898  71466816e2c73506  07c5274daf0d290a
     14    7.69065e+06        1967903          68743  854c199e84091dd2  c72d41a7d5a049e9
     22    1.63496e+06         581612           8734  d40d5a05c45484d3  2b7369e3cc63ed13
     25         961387         302037          12164  d9634f2585ecce47  cc1afe2224cc4ee9
============================================================
Thread 15
  BBLID       Time(ns)    Instruction  Memory Access          Hash(hi)          Hash(lo)
      0    2.45528e+06        1101381           3054  0000000000000000  0000000000000000
     10         316157         202672           3658  62e03459d32f8b40  43779ab9bcbdddff
     13    3.14788e+06        1006520          19876  71466816e2c73506  07c5274daf0d290a
     14    7.61617e+06        1956484          67783  854c199e84091dd2  c72d41a7d5a049e9
     22    1.63843e+06         586100           9569  d40d5a05c45484d3  2b7369e3cc63ed13
     25         962670         302068          12162  d9634f2585ecce47  cc1afe2224cc4ee9
============================================================
Thread 16
  BBLID       Time(ns)    Instruction  Memory Access          Hash(hi)          Hash(lo)
      0    2.22601e+06         985817           2586  0000000000000000  0000000000000000
     10         320078         202672           3770  62e03459d32f8b40  43779ab9bcbdddff
     13    3.44246e+06        1027592          20107  71466816e2c73506  07c5274daf0d290a
     14    7.56547e+06        1957431          68184  854c199e84091dd2  c72d41a7d5a049e9
     22    1.63175e+06         582512           9111  d40d5a05c45484d3  2b7369e3cc63ed13
     25         953625         301142          12099  d9634f2585ecce47  cc1afe2224cc4ee9
============================================================
Thread 17
  BBLID       Time(ns)    Instruction  Memory Access          Hash(hi)          Hash(lo)
      0    2.21436e+06         985010           4221  0000000000000000  0000000000000000
     10         319882         202672           3733  62e03459d32f8b40  43779ab9bcbdddff
     13    3.40959e+06        1023401          20623  71466816e2c73506  07c5274daf0d290a
     14    7.58901e+06        1951457          68093  854c199e84091dd2  c72d41a7d5a049e9
     22    1.64298e+06         584075           9583  d40d5a05c45484d3  2b7369e3cc63ed13
     25         952984         301142          12073  d9634f2585ecce47  cc1afe2224cc4ee9
============================================================
Thread 18
  BBLID       Time(ns)    Instruction  Memory Access          Hash(hi)          Hash(lo)
      0    2.21942e+06         988043           2535  0000000000000000  0000000000000000
     10         319937         202672           3742  62e03459d32f8b40  43779ab9bcbdddff
     13    3.35894e+06        1021409          21890  71466816e2c73506  07c5274daf0d290a
     14    7.63434e+06        1961436          68233  854c199e84091dd2  c72d41a7d5a049e9
     22    1.63527e+06         581756           9652  d40d5a05c45484d3  2b7369e3cc63ed13
     25         962933         302037          12249  d9634f2585ecce47  cc1afe2224cc4ee9
============================================================
Thread 19
  BBLID       Time(ns)    Instruction  Memory Access          Hash(hi)          Hash(lo)
      0    2.28689e+06        1018780           4831  0000000000000000  0000000000000000
     10         320155         202672           3739  62e03459d32f8b40  43779ab9bcbdddff
     13    3.33053e+06        1018212          21125  71466816e2c73506  07c5274daf0d290a
     14    7.59815e+06        1954529          68499  854c199e84091dd2  c72d41a7d5a049e9
     22    1.63492e+06         582152           9610  d40d5a05c45484d3  2b7369e3cc63ed13
     25         962754         302037          12231  d9634f2585ecce47  cc1afe2224cc4ee9
============================================================
Thread 20
  BBLID       Time(ns)    Instruction  Memory Access          Hash(hi)          Hash(lo)
      0     2.3892e+06        1061119           2876  0000000000000000  0000000000000000
     10         320683         202672           3802  62e03459d32f8b40  43779ab9bcbdddff
     13    3.31808e+06        1020180          20986  71466816e2c73506  07c5274daf0d290a
     14    7.52147e+06        1956568          67734  854c199e84091dd2  c72d41a7d5a049e9
     22     1.6311e+06         582776           9535  d40d5a05c45484d3  2b7369e3cc63ed13
     25         951664         301142          12058  d9634f2585ecce47  cc1afe2224cc4ee9
============================================================
Thread 21
  BBLID       Time(ns)    Instruction  Memory Access          Hash(hi)          Hash(lo)
      0    2.32139e+06        1034526           2239  0000000000000000  0000000000000000
     10         321172         202672           3820  62e03459d32f8b40  43779ab9bcbdddff
     13    3.31446e+06        1017694          20727  71466816e2c73506  07c5274daf0d290a
     14    7.58498e+06        1954935          67770  854c199e84091dd2  c72d41a7d5a049e9
     22    1.62797e+06         581048           9548  d40d5a05c45484d3  2b7369e3cc63ed13
     25         954118         301142          12115  d9634f2585ecce47  cc1afe2224cc4ee9
============================================================
Thread 22
  BBLID       Time(ns)    Instruction  Memory Access          Hash(hi)          Hash(lo)
      0    2.35647e+06        1050978           4567  0000000000000000  0000000000000000
     10         319653         202672           3798  62e03459d32f8b40  43779ab9bcbdddff
     13    3.29391e+06        1017955          20790  71466816e2c73506  07c5274daf0d290a
     14     7.5655e+06        1963522          68054  854c199e84091dd2  c72d41a7d5a049e9
     22    1.63808e+06         584480           9595  d40d5a05c45484d3  2b7369e3cc63ed13
     25         952937         301142          12076  d9634f2585ecce47  cc1afe2224cc4ee9
============================================================
Thread 23
  BBLID       Time(ns)    Instruction  Memory Access          Hash(hi)          Hash(lo)
      0     2.3566e+06        1050033           3819  0000000000000000  0000000000000000
     10         320398         202672           3807  62e03459d32f8b40  43779ab9bcbdddff
     13    3.27092e+06        1014001          20917  71466816e2c73506  07c5274daf0d290a
     14    7.58996e+06        1959035          68074  854c199e84091dd2  c72d41a7d5a049e9
     22     1.6364e+06         581240           9556  d40d5a05c45484d3  2b7369e3cc63ed13
     25         954455         301142          12115  d9634f2585ecce47  cc1afe2224cc4ee9
============================================================
Thread 24
  BBLID       Time(ns)    Instruction  Memory Access          Hash(hi)          Hash(lo)
      0    2.40247e+06        1065824           5190  0000000000000000  0000000000000000
     10         320817         202672           3753  62e03459d32f8b40  43779ab9bcbdddff
     13    3.25833e+06        1013492          21145  71466816e2c73506  07c5274daf0d290a
     14     7.5609e+06        1950344          68383  854c199e84091dd2  c72d41a7d5a049e9
     22    1.63774e+06         581852           9292  d40d5a05c45484d3  2b7369e3cc63ed13
     25         954467         301142          12136  d9634f2585ecce47  cc1afe2224cc4ee9
============================================================
Thread 25
  BBLID       Time(ns)    Instruction  Memory Access          Hash(hi)          Hash(lo)
      0    2.36448e+06        1054991           2550  0000000000000000  0000000000000000
     10         321538         202672           3818  62e03459d32f8b40  43779ab9bcbdddff
     13    3.27104e+06        1015955          21305  71466816e2c73506  07c5274daf0d290a
     14    7.58264e+06        1953382          67652  854c199e84091dd2  c72d41a7d5a049e9
     22    1.63292e+06         580088           9608  d40d5a05c45484d3  2b7369e3cc63ed13
     25         954003         301142          12088  d9634f2585ecce47  cc1afe2224cc4ee9
============================================================
Thread 26
  BBLID       Time(ns)    Instruction  Memory Access          Hash(hi)          Hash(lo)
      0    2.36363e+06        1053739           2563  0000000000000000  0000000000000000
     10         319107         202672           3793  62e03459d32f8b40  43779ab9bcbdddff
     13      3.244e+06        1013163          20922  71466816e2c73506  07c5274daf0d290a
     14    7.60573e+06        1960354          67917  854c199e84091dd2  c72d41a7d5a049e9
     22    1.64296e+06         582966           9569  d40d5a05c45484d3  2b7369e3cc63ed13
     25         953623         301142          12088  d9634f2585ecce47  cc1afe2224cc4ee9
============================================================
Thread 27
  BBLID       Time(ns)    Instruction  Memory Access          Hash(hi)          Hash(lo)
      0    2.43227e+06        1085908           2535  0000000000000000  0000000000000000
     10         319910         202672           3794  62e03459d32f8b40  43779ab9bcbdddff
     13    3.21665e+06        1012741          20733  71466816e2c73506  07c5274daf0d290a
     14    7.57685e+06        1969223          67605  854c199e84091dd2  c72d41a7d5a049e9
     22    1.63263e+06         582116           9523  d40d5a05c45484d3  2b7369e3cc63ed13
     25         953085         301142          12069  d9634f2585ecce47  cc1afe2224cc4ee9
============================================================
Thread 28
  BBLID       Time(ns)    Instruction  Memory Access          Hash(hi)          Hash(lo)
      0    2.41392e+06        1072780           3005  0000000000000000  0000000000000000
     10         321108         202672           3819  62e03459d32f8b40  43779ab9bcbdddff
     13    3.21494e+06        1012190          20898  71466816e2c73506  07c5274daf0d290a
     14    7.59682e+06        1955980          68351  854c199e84091dd2  c72d41a7d5a049e9
     22    1.63656e+06         581588           9620  d40d5a05c45484d3  2b7369e3cc63ed13
     25         953750         301142          12086  d9634f2585ecce47  cc1afe2224cc4ee9
============================================================
Thread 29
  BBLID       Time(ns)    Instruction  Memory Access          Hash(hi)          Hash(lo)
      0     2.4368e+06        1088291           3196  0000000000000000  0000000000000000
     10         319855         202672           3765  62e03459d32f8b40  43779ab9bcbdddff
     13    3.21662e+06        1010759          20635  71466816e2c73506  07c5274daf0d290a
     14    7.55936e+06        1949028          67686  854c199e84091dd2  c72d41a7d5a049e9
     22     1.6424e+06         583496           9768  d40d5a05c45484d3  2b7369e3cc63ed13
     25         954228         301142          12072  d9634f2585ecce47  cc1afe2224cc4ee9
============================================================
Thread 30
  BBLID       Time(ns)    Instruction  Memory Access          Hash(hi)          Hash(lo)
      0    2.43765e+06        1088202           3628  0000000000000000  0000000000000000
     10         319264         202672           3757  62e03459d32f8b40  43779ab9bcbdddff
     13    3.21188e+06        1011265          20711  71466816e2c73506  07c5274daf0d290a
     14     7.5749e+06        1957574          67807  854c199e84091dd2  c72d41a7d5a049e9
     22    1.63291e+06         580688           9472  d40d5a05c45484d3  2b7369e3cc63ed13
     25         954666         301142          12069  d9634f2585ecce47  cc1afe2224cc4ee9
============================================================
Thread 31
  BBLID       Time(ns)    Instruction  Memory Access          Hash(hi)          Hash(lo)
      0    2.41122e+06        1081333          36688  0000000000000000  0000000000000000
     10         321076         202666           3482  62e03459d32f8b40  43779ab9bcbdddff
     13    3.19612e+06        1010782          19877  71466816e2c73506  07c5274daf0d290a
     14    7.59501e+06        1958602          67004  854c199e84091dd2  c72d41a7d5a049e9
     22    1.63714e+06         582500           8242  d40d5a05c45484d3  2b7369e3cc63ed13
     25         964025         302037          12529  d9634f2585ecce47  cc1afe2224cc4ee9
