============================================================
ReuseSegment - Thread 0
head = 0, count = 113 | 0 21 
head = 21, count = 1 | 21 1 
head = 0, count = 3 | 0 1 
head = 1, count = 27 | 1 14 
head = 0, count = 2 | 0 14 
head = 14, count = 13 | 14 5 
head = 14, count = 10 | 14 6 
head = 5, count = 6 | 5 6 
head = 1, count = 1 | 1 6 
head = 6, count = 31 | 19 6 
head = 14, count = 4 | 19 14 
head = 0, count = 3 | 0 19 
head = 21, count = 1 | 21 19 
head = 19, count = 64 | 19 7 
head = 21, count = 1 | 21 7 
head = 6, count = 4 | 19 6 7 
head = 7, count = 28 | 6 7 
head = 19, count = 12 | 19 6 
head = 0, count = 6 | 0 6 
head = 0, count = 1 | 0 1 19 14 5 6 7 
head = 7, count = 29 | 19 7 
head = 19, count = 28 | 19 23 
head = 6, count = 18 | 6 23 
head = 7, count = 7 | 23 7 
head = 21, count = 1 | 21 23 
head = 23, count = 41 | 19 23 
head = 6, count = 5 | 19 6 23 
head = 6, count = 2 | 6 7 
head = 0, count = 2 | 0 7 
head = 7, count = 2 | 19 6 7 
head = 6, count = 2 | 6 20 
head = 7, count = 1 | 19 7 20 
head = 23, count = 15 | 23 20 
head = 19, count = 23 | 19 20 
head = 0, count = 3 | 0 20 
head = 7, count = 4 | 7 20 
head = 5, count = 11 | 5 20 
head = 20, count = 1 | 6 20 
head = 6, count = 1 | 19 6 20 
head = 20, count = 47 | 19 20 
head = 20, count = 2 | 23 20 
head = 20, count = 3 | 19 23 20 
head = 19, count = 2 | 19 5 6 
head = 6, count = 11 | 5 6 
head = 19, count = 24 | 19 5 
head = 6, count = 1 | 19 5 6 23 
head = 20, count = 2 | 5 20 
head = 0, count = 2 | 0 5 
head = 6, count = 4 | 19 5 6 
head = 5, count = 1 | 5 23 
head = 5, count = 6 | 19 5 23 
head = 5, count = 27 | 19 5 
head = 5, count = 3 | 19 5 20 
head = 5, count = 1 | 5 23 20 
head = 1, count = 1 | 1 5 
head = 20, count = 1 | 7 20 
head = 5, count = 1 | 19 5 7 
head = 7, count = 1 | 5 7 
head = 7, count = 1 | 19 23 7 
head = 19, count = 2 | 19 14 5 
head = 5, count = 7 | 14 5 
head = 14, count = 3 | 14 20 
head = 19, count = 1 | 19 5 20 
head = 20, count = 1 | 14 20 
head = 14, count = 1 | 19 14 20 
head = 19, count = 1 | 19 14 
head = 19, count = 1 | 1 19 14 
head = 14, count = 1 | 1 14 
head = 14, count = 1 | 1 19 14 
head = 1, count = 2 | 1 17 
head = 19, count = 20 | 19 17 
head = 5, count = 1 | 5 17 
head = 7, count = 1 | 7 17 
head = 23, count = 1 | 19 14 5 23 17 
head = 14, count = 1 | 19 14 17 
head = 14, count = 3 | 14 17 
head = 0, count = 3 | 0 17 
head = 17, count = 2 | 17 15 
head = 15, count = 2 | 15 13 
head = 17, count = 21 | 17 13 
head = 13, count = 1 | 13 16 
head = 17, count = 4 | 17 16 
head = 19, count = 3 | 19 16 
head = 14, count = 1 | 14 16 
head = 13, count = 2 | 17 15 13 
head = 16, count = 1 | 17 13 16 
head = 16, count = 1 | 17 16 
head = 16, count = 2 | 13 16 
head = 19, count = 1 | 19 13 
head = 23, count = 1 | 19 23 13 
head = 13, count = 1 | 17 13 
head = 14, count = 1 | 1 14 17 
head = 17, count = 1 | 1 17 
head = 17, count = 3 | 17 10 
head = 16, count = 5 | 16 10 
head = 13, count = 3 | 13 10 
head = 1, count = 2 | 1 10 
head = 1, count = 1 | 1 16 10 
head = 10, count = 5 | 10 2 
head = 13, count = 17 | 13 2 
head = 5, count = 4 | 5 2 
head = 0, count = 3 | 0 2 
head = 2, count = 25 | 10 2 
head = 0, count = 1 | 0 10 
head = 10, count = 30 | 10 22 
head = 22, count = 1 | 2 22 
head = 2, count = 6 | 2 22 
head = 20, count = 7 | 20 22 
head = 5, count = 2 | 5 22 
head = 19, count = 30 | 19 22 
head = 1, count = 2 | 1 19 14 5 6 16 10 22 
head = 13, count = 1 | 13 22 
head = 0, count = 71 | 0 22 
head = 19, count = 1 | 19 17 10 22 
head = 21, count = 14 | 21 22 
head = 0, count = 7 | 0 1 19 14 5 6 7 16 10 22 
head = 10, count = 2 | 10 2 22 
head = 21, count = 1 | 0 21 22 
head = 19, count = 1 | 19 20 22 
head = 17, count = 1 | 17 10 22 
head = 0, count = 1 | 0 21 1 19 14 6 23 7 20 17 13 2 22 
head = 7, count = 3 | 7 22 
head = 0, count = 2 | 0 21 19 17 22 
head = 0, count = 3 | 0 17 22 
head = 5, count = 1 | 19 5 22 
head = 1, count = 1 | 1 22 
head = 14, count = 1 | 14 22 
head = 0, count = 3 | 0 7 22 
head = 21, count = 1 | 21 19 20 13 22 
head = 0, count = 1 | 0 1 14 5 6 7 22 
head = 22, count = 83 | 22 8 
head = 13, count = 1 | 13 8 
head = 14, count = 1 | 19 14 6 23 7 20 17 13 2 22 8 
head = 1, count = 36 | 1 19 14 5 6 23 7 20 17 13 10 2 22 8 
head = 0, count = 22 | 0 21 1 19 14 5 6 23 7 20 17 13 10 2 22 8 
head = 0, count = 4 | 0 21 1 19 14 6 23 7 20 17 13 2 22 8 
head = 21, count = 2 | 21 1 19 14 6 23 7 20 17 13 2 22 8 
head = 0, count = 1 | 0 21 1 19 6 23 7 17 2 22 
head = 0, count = 1 | 0 21 19 6 7 20 17 13 22 8 
head = 0, count = 1 | 0 21 1 19 14 5 6 23 7 20 17 13 16 10 2 22 8 
head = 0, count = 5 | 0 21 19 14 6 23 20 17 13 10 22 8 
head = 0, count = 1 | 0 19 22 8 
head = 1, count = 1 | 1 19 14 5 6 23 20 10 2 22 8 
head = 0, count = 1 | 0 21 1 19 14 6 23 20 10 2 22 8 
head = 0, count = 1 | 0 14 22 8 
head = 7, count = 9 | 1 14 5 6 7 10 22 8 
head = 0, count = 1 | 0 21 1 19 14 5 6 7 16 10 22 8 
head = 0, count = 1 | 0 1 14 5 6 7 10 22 8 
head = 0, count = 2 | 0 1 19 14 5 6 7 16 10 22 8 
head = 17, count = 1 | 17 22 
head = 8, count = 20 | 22 8 
head = 0, count = 1 | 0 21 1 5 22 
head = 0, count = 2 | 0 21 2 
head = 6, count = 1 | 6 22 
head = 0, count = 2 | 0 21 1 6 7 22 
head = 19, count = 1 | 19 5 23 20 13 2 22 
head = 0, count = 1 | 0 21 1 19 5 6 23 7 2 22 
head = 0, count = 1 | 0 21 1 19 5 6 23 7 10 2 22 
head = 19, count = 1 | 19 5 6 23 10 22 
head = 0, count = 7 | 0 21 1 19 5 6 23 10 22 
head = 0, count = 17 | 0 21 22 
head = 0, count = 1 | 0 21 6 23 2 22 
head = 0, count = 1 | 0 6 22 
head = 0, count = 2 | 0 21 6 
head = 7, count = 3 | 1 14 5 6 7 10 
head = 6, count = 2 | 1 14 5 6 7 10 
head = 0, count = 3 | 0 21 13 22 
head = 21, count = 1 | 21 10 
head = 0, count = 2 | 0 21 19 6 10 22 
head = 0, count = 2 | 0 21 6 22 
head = 0, count = 18 | 0 21 19 14 6 23 20 17 13 10 22 
head = 0, count = 1 | 0 21 19 17 13 22 
head = 23, count = 3 | 23 22 
head = 0, count = 1 | 0 21 14 23 13 22 
head = 0, count = 2 | 0 14 23 22 
head = 0, count = 2 | 0 21 19 6 20 17 13 10 22 
head = 6, count = 3 | 6 20 10 22 8 
head = 0, count = 1 | 0 21 19 6 23 10 22 
head = 19, count = 50 | 19 20 22 8 
head = 22, count = 4 | 3 22 
head = 5, count = 1 | 19 5 6 20 16 10 2 
head = 14, count = 1 | 19 14 5 6 20 16 10 2 
head = 5, count = 1 | 19 14 5 6 23 20 16 10 2 22 8 
head = 5, count = 2 | 19 14 5 6 23 20 2 22 8 
head = 23, count = 1 | 19 23 16 
head = 19, count = 1 | 19 23 16 
head = 19, count = 1 | 19 23 17 16 10 22 8 
head = 19, count = 1 | 19 23 17 16 22 
head = 19, count = 1 | 19 14 5 23 17 10 22 
head = 23, count = 2 | 19 14 5 23 
head = 23, count = 1 | 19 5 23 
head = 3, count = 3 | 3 22 
head = 21, count = 1 | 21 19 14 20 17 13 
head = 0, count = 2 | 0 21 17 22 
head = 0, count = 1 | 0 21 19 20 10 22 
head = 0, count = 1 | 0 21 19 14 20 17 13 
head = 21, count = 1 | 21 19 20 22 8 
head = 0, count = 1 | 0 21 19 14 23 20 17 10 22 8 
head = 19, count = 1 | 19 17 10 
head = 19, count = 9 | 19 22 8 
head = 19, count = 1 | 19 17 22 8 
head = 19, count = 1 | 19 17 16 10 22 8 
head = 14, count = 2 | 19 14 5 6 7 16 10 22 8 
head = 1, count = 2 | 1 19 14 5 6 7 16 10 22 8 
head = 1, count = 4 | 1 19 14 5 6 7 16 10 22 
head = 14, count = 17 | 19 14 5 6 7 16 10 22 
head = 21, count = 1 | 21 19 22 8 
head = 21, count = 1 | 21 17 
head = 0, count = 1 | 0 21 1 19 23 7 13 22 8 
head = 0, count = 2 | 0 21 23 22 
head = 14, count = 1 | 19 14 6 23 
head = 0, count = 1 | 0 21 20 22 
head = 0, count = 1 | 0 19 23 
head = 22, count = 4 | 10 22 
head = 13, count = 1 | 1 13 
head = 21, count = 1 | 0 21 
head = 1, count = 1 | 9 1 
head = 3, count = 1 | 3 9 22 
head = 10, count = 4 | 9 10 
head = 22, count = 80 | 9 22 
head = 19, count = 1 | 19 23 22 
head = 1, count = 3 | 1 19 23 22 
head = 0, count = 1 | 0 21 14 23 22 
head = 21, count = 1 | 21 23 22 
head = 23, count = 1 | 19 14 5 23 20 16 10 2 22 
head = 0, count = 1 | 0 21 1 5 
head = 0, count = 2 | 0 21 19 22 
head = 0, count = 1 | 0 21 5 22 
head = 9, count = 1 | 9 1 
head = 1, count = 1 | 4 1 
head = 9, count = 1 | 9 4 
head = 1, count = 78 | 25 1 
head = 1, count = 1 | 4 25 1 
head = 4, count = 1 | 4 1 
head = 4, count = 1 | 4 11 
head = 9, count = 15 | 9 11 
head = 14, count = 1 | 19 14 5 6 16 10 22 
head = 22, count = 32 | 11 22 
head = 6, count = 1 | 5 6 10 22 8 
head = 10, count = 1 | 11 10 
head = 11, count = 15 | 11 12 
head = 9, count = 11 | 9 12 
head = 22, count = 50 | 12 22 
head = 0, count = 2 | 0 21 22 8 
head = 8, count = 5 | 12 8 
head = 19, count = 1 | 19 8 
head = 9, count = 2 | 9 11 12 
head = 22, count = 11 | 11 12 22 
head = 22, count = 9 | 12 10 22 
head = 22, count = 5 | 11 12 10 22 
head = 8, count = 1 | 9 11 12 10 22 8 
head = 22, count = 1 | 9 11 1 22 
head = 22, count = 1 | 9 11 12 22 
head = 8, count = 1 | 9 11 12 22 8 
head = 12, count = 3 | 11 12 
head = 22, count = 44 | 9 12 22 
head = 11, count = 42 | 11 24 
head = 8, count = 33 | 9 12 22 8 
head = 19, count = 3 | 19 23 2 22 
head = 8, count = 1 | 9 12 8 
head = 24, count = 434 | 24 18 
head = 11, count = 2 | 11 18 
head = 14, count = 3 | 14 6 23 20 13 22 
head = 0, count = 1 | 0 21 19 14 6 23 20 10 22 
head = 0, count = 1 | 0 21 19 14 23 10 22 
head = 14, count = 1 | 14 23 10 22 
head = 18, count = 803 | 24 18 
head = 12, count = 5503 | 12 24 
head = 0, count = 1 | 0 13 
head = 0, count = 1 | 0 2 22 
head = 0, count = 1 | 0 21 19 
head = 21, count = 1 | 21 20 22 
head = 0, count = 1 | 0 22 8 
head = 11, count = 19 | 11 24 18 
head = 0, count = 1 | 0 19 7 16 10 22 
head = 19, count = 2 | 19 16 10 22 
head = 24, count = 11 | 11 24 
head = 24, count = 1 | 11 24 1 
head = 24, count = 27 | 24 1 
head = 11, count = 5 | 11 1 
head = 25, count = 1 | 25 1 
head = 24, count = 1 | 3 24 1 
head = 1, count = 2 | 3 1 
head = 3, count = 3 | 3 1 
head = 16, count = 1 | 17 16 10 
============================================================
BBLSwitchCount - Thread 0
from = 0 | 21:1 1:1 
from = 21 | 0:1 
from = 1 | 0:1 14:1 17:1 10:1 3:1 9:1 4:1 11:1 
from = 14 | 1:1 5:1 19:1 20:1 
from = 5 | 14:1 6:1 19:4 20:1 
from = 6 | 5:1 19:6 20:1 
from = 19 | 14:1 5:4 6:6 7:5 23:14 
from = 7 | 19:5 
from = 23 | 19:14 
from = 20 | 14:1 5:1 6:1 
from = 17 | 1:1 15:2 
from = 15 | 17:2 13:2 
from = 13 | 15:2 16:1 
from = 16 | 13:1 
from = 10 | 1:1 2:2 22:1 
from = 2 | 10:2 22:1 
from = 22 | 10:1 2:1 8:1 3:1 
from = 8 | 22:1 
from = 3 | 1:1 22:1 
from = 9 | 1:1 
from = 4 | 1:1 25:1 
from = 25 | 4:1 
from = 11 | 1:1 12:1 24:1 
from = 12 | 11:1 
from = 24 | 11:1 18:92 
from = 18 | 24:92 
